

================================================================
== Vivado HLS Report for 'attention'
================================================================
* Date:           Sun Dec  8 18:17:01 2024

* Version:        2019.2 (Build 2704478 on Wed Nov 06 22:10:23 MST 2019)
* Project:        attention_16th.prj
* Solution:       solution1
* Product family: zynq
* Target device:  xc7z020-clg484-1


================================================================
== Performance Estimates
================================================================
+ Timing: 
    * Summary: 
    +--------+----------+----------+------------+
    |  Clock |  Target  | Estimated| Uncertainty|
    +--------+----------+----------+------------+
    |ap_clk  | 10.00 ns | 8.750 ns |   1.25 ns  |
    +--------+----------+----------+------------+

+ Latency: 
    * Summary: 
    +---------+---------+----------+----------+-------+-------+---------+
    |  Latency (cycles) |  Latency (absolute) |    Interval   | Pipeline|
    |   min   |   max   |    min   |    max   |  min  |  max  |   Type  |
    +---------+---------+----------+----------+-------+-------+---------+
    |    19318|    19318| 0.193 ms | 0.193 ms |  19318|  19318|   none  |
    +---------+---------+----------+----------+-------+-------+---------+

    + Detail: 
        * Instance: 
        +---------------------------------+----------------------+---------+---------+-----------+-----------+------+------+---------+
        |                                 |                      |  Latency (cycles) |   Latency (absolute)  |   Interval  | Pipeline|
        |             Instance            |        Module        |   min   |   max   |    min    |    max    |  min |  max |   Type  |
        +---------------------------------+----------------------+---------+---------+-----------+-----------+------+------+---------+
        |grp_linear_forward_no_mu_fu_457  |linear_forward_no_mu  |     1813|     1813| 18.130 us | 18.130 us |  1813|  1813|   none  |
        |grp_rms_norm_96_s_fu_505         |rms_norm_96_s         |     1319|     1319| 13.190 us | 13.190 us |  1319|  1319|   none  |
        |grp_softmax_1_4_6_s_fu_514       |softmax_1_4_6_s       |     1933|     1933| 19.330 us | 19.330 us |  1933|  1933|   none  |
        |grp_quantize_activation_fu_531   |quantize_activation   |      495|      495|  4.950 us |  4.950 us |   495|   495|   none  |
        |grp_apply_rotary_pos_emb_fu_553  |apply_rotary_pos_emb  |      834|      834|  8.340 us |  8.340 us |   834|   834|   none  |
        |grp_GEMM_3D_float_fu_568         |GEMM_3D_float         |     1737|     1737| 17.370 us | 17.370 us |  1737|  1737|   none  |
        |grp_GEMM_3D_float_1_fu_575       |GEMM_3D_float_1       |     1065|     1065| 10.650 us | 10.650 us |  1065|  1065|   none  |
        |grp_cache_update_1_fu_588        |cache_update_1        |     1209|     1209| 12.090 us | 12.090 us |  1209|  1209|   none  |
        |grp_cache_update_fu_596          |cache_update          |     1209|     1209| 12.090 us | 12.090 us |  1209|  1209|   none  |
        |grp_transpose_last_two_d_fu_604  |transpose_last_two_d  |     1209|     1209| 12.090 us | 12.090 us |  1209|  1209|   none  |
        |grp_reshape_2D_to_3D_fu_613      |reshape_2D_to_3D      |      201|      201|  2.010 us |  2.010 us |   201|   201|   none  |
        |grp_init_2d_mem_fu_619           |init_2d_mem           |       97|       97|  0.970 us |  0.970 us |    97|    97|   none  |
        |grp_init_2d_mem_fu_625           |init_2d_mem           |       97|       97|  0.970 us |  0.970 us |    97|    97|   none  |
        |grp_init_2d_mem_fu_631           |init_2d_mem           |       97|       97|  0.970 us |  0.970 us |    97|    97|   none  |
        +---------------------------------+----------------------+---------+---------+-----------+-----------+------+------+---------+

        * Loop: 
        +-------------------+---------+---------+----------+-----------+-----------+------+----------+
        |                   |  Latency (cycles) | Iteration|  Initiation Interval  | Trip |          |
        |     Loop Name     |   min   |   max   |  Latency |  achieved |   target  | Count| Pipelined|
        +-------------------+---------+---------+----------+-----------+-----------+------+----------+
        |- SF_LOOP_1        |      224|      224|        56|          -|          -|     4|    no    |
        | + SF_LOOP_3       |       54|       54|         9|          -|          -|     6|    no    |
        |- ATTN_2D_LOOP_2   |      200|      200|        50|          -|          -|     4|    no    |
        | + ATTN_2D_LOOP_3  |       48|       48|         2|          -|          -|    24|    no    |
        +-------------------+---------+---------+----------+-----------+-----------+------+----------+



================================================================
== Utilization Estimates
================================================================
* Summary: 
+-----------------+---------+-------+--------+-------+-----+
|       Name      | BRAM_18K| DSP48E|   FF   |  LUT  | URAM|
+-----------------+---------+-------+--------+-------+-----+
|DSP              |        -|      -|       -|      -|    -|
|Expression       |        -|      -|       0|    432|    -|
|FIFO             |        -|      -|       -|      -|    -|
|Instance         |       24|    137|   20514|  24635|    0|
|Memory           |       58|      -|     892|    107|    0|
|Multiplexer      |        -|      -|       -|   3306|    -|
|Register         |        -|      -|     375|      -|    -|
+-----------------+---------+-------+--------+-------+-----+
|Total            |       82|    137|   21781|  28480|    0|
+-----------------+---------+-------+--------+-------+-----+
|Available        |      280|    220|  106400|  53200|    0|
+-----------------+---------+-------+--------+-------+-----+
|Utilization (%)  |       29|     62|      20|     53|    0|
+-----------------+---------+-------+--------+-------+-----+

+ Detail: 
    * Instance: 
    +---------------------------------+----------------------+---------+-------+------+------+-----+
    |             Instance            |        Module        | BRAM_18K| DSP48E|  FF  |  LUT | URAM|
    +---------------------------------+----------------------+---------+-------+------+------+-----+
    |grp_GEMM_3D_float_fu_568         |GEMM_3D_float         |        0|     20|   624|   798|    0|
    |grp_GEMM_3D_float_1_fu_575       |GEMM_3D_float_1       |        0|     20|   719|   610|    0|
    |grp_apply_rotary_pos_emb_fu_553  |apply_rotary_pos_emb  |        6|     12|   757|   735|    0|
    |grp_cache_update_fu_596          |cache_update          |        1|      0|    72|   319|    0|
    |grp_cache_update_1_fu_588        |cache_update_1        |        6|      0|    75|   325|    0|
    |dut_mul_60ns_58s_bEo_U106        |dut_mul_60ns_58s_bEo  |        0|     12|   471|   320|    0|
    |grp_init_2d_mem_fu_619           |init_2d_mem           |        0|      0|     9|    50|    0|
    |grp_init_2d_mem_fu_625           |init_2d_mem           |        0|      0|     9|    50|    0|
    |grp_init_2d_mem_fu_631           |init_2d_mem           |        0|      0|     9|    50|    0|
    |grp_linear_forward_no_mu_fu_457  |linear_forward_no_mu  |        0|      4|  9312|  8263|    0|
    |grp_quantize_activation_fu_531   |quantize_activation   |        0|     20|  1247|  1992|    0|
    |grp_reshape_2D_to_3D_fu_613      |reshape_2D_to_3D      |        0|      0|    38|   152|    0|
    |grp_rms_norm_96_s_fu_505         |rms_norm_96_s         |        0|     24|  4298|  8459|    0|
    |grp_softmax_1_4_6_s_fu_514       |softmax_1_4_6_s       |       11|     25|  2818|  2291|    0|
    |grp_transpose_last_two_d_fu_604  |transpose_last_two_d  |        0|      0|    56|   221|    0|
    +---------------------------------+----------------------+---------+-------+------+------+-----+
    |Total                            |                      |       24|    137| 20514| 24635|    0|
    +---------------------------------+----------------------+---------+-------+------+------+-----+

    * DSP48E: 
    N/A

    * Memory: 
    +---------------------------+----------------------+---------+----+----+-----+------+-----+------+-------------+
    |           Memory          |        Module        | BRAM_18K| FF | LUT| URAM| Words| Bits| Banks| W*Bits*Banks|
    +---------------------------+----------------------+---------+----+----+-----+------+-----+------+-------------+
    |v_proj_0_V_U               |apply_rotary_pos_hbi  |        2|   0|   0|    0|    96|   38|     1|         3648|
    |k_embed_0_V_U              |apply_rotary_pos_hbi  |        2|   0|   0|    0|    96|   38|     1|         3648|
    |attn_output_0_U            |apply_rotary_pos_hbi  |        2|   0|   0|    0|    96|   38|     1|         3648|
    |attn_weights_0_V_U         |attention_attn_webll  |        0|  76|  15|    0|    24|   38|     1|          912|
    |k_cache_upd_V_U            |attention_k_cachebfk  |        3|   0|   0|    0|   576|   38|     1|        21888|
    |k_proj_transposed_0_U      |attention_k_proj_bhl  |        2|   0|   0|    0|   144|   38|     1|         5472|
    |k_proj_transposed_1_U      |attention_k_proj_bhl  |        2|   0|   0|    0|   144|   38|     1|         5472|
    |k_proj_transposed_2_U      |attention_k_proj_bhl  |        2|   0|   0|    0|   144|   38|     1|         5472|
    |k_proj_transposed_3_U      |attention_k_proj_bhl  |        2|   0|   0|    0|   144|   38|     1|         5472|
    |k_weights_0_U              |attention_k_weighBew  |        1|   0|   0|    0|   576|    8|     1|         4608|
    |k_weights_1_U              |attention_k_weighCeG  |        1|   0|   0|    0|   576|    8|     1|         4608|
    |k_weights_2_U              |attention_k_weighDeQ  |        1|   0|   0|    0|   576|    8|     1|         4608|
    |k_weights_3_U              |attention_k_weighEe0  |        1|   0|   0|    0|   576|    8|     1|         4608|
    |ln_weight_V_U              |attention_ln_weigJfO  |        2|   0|   0|    0|    96|   38|     1|         3648|
    |ln_weight_in_V_U           |attention_ln_weigwdI  |        2|   0|   0|    0|    96|   38|     1|         3648|
    |o_weights_0_U              |attention_o_weighKfY  |        1|   0|   0|    0|   576|    8|     1|         4608|
    |o_weights_1_U              |attention_o_weighLf8  |        1|   0|   0|    0|   576|    8|     1|         4608|
    |o_weights_2_U              |attention_o_weighMgi  |        1|   0|   0|    0|   576|    8|     1|         4608|
    |o_weights_3_U              |attention_o_weighNgs  |        1|   0|   0|    0|   576|    8|     1|         4608|
    |q_embed_0_0_V_U            |attention_q_embedbak  |        0|  76|  15|    0|    24|   38|     1|          912|
    |q_embed_1_0_V_U            |attention_q_embedbak  |        0|  76|  15|    0|    24|   38|     1|          912|
    |q_embed_2_0_V_U            |attention_q_embedbak  |        0|  76|  15|    0|    24|   38|     1|          912|
    |q_embed_3_0_V_U            |attention_q_embedbak  |        0|  76|  15|    0|    24|   38|     1|          912|
    |q_proj_re_0_V_U            |attention_q_proj_4jc  |        3|   0|   0|    0|    96|   38|     1|         3648|
    |k_proj_re_0_V_U            |attention_q_proj_4jc  |        3|   0|   0|    0|    96|   38|     1|         3648|
    |v_proj_re_0_V_U            |attention_q_proj_4jc  |        3|   0|   0|    0|    96|   38|     1|         3648|
    |q_proj_0_V_U               |attention_q_proj_7jG  |        3|   0|   0|    0|    96|   38|     1|         3648|
    |k_proj_0_V_U               |attention_q_proj_7jG  |        3|   0|   0|    0|    96|   38|     1|         3648|
    |attn_output_2D_0_V_U       |attention_q_proj_7jG  |        3|   0|   0|    0|    96|   38|     1|         3648|
    |q_weights_3_U              |attention_q_weighAem  |        1|   0|   0|    0|   576|    8|     1|         4608|
    |q_weights_0_U              |attention_q_weighxdS  |        1|   0|   0|    0|   576|    8|     1|         4608|
    |q_weights_1_U              |attention_q_weighyd2  |        1|   0|   0|    0|   576|    8|     1|         4608|
    |q_weights_2_U              |attention_q_weighzec  |        1|   0|   0|    0|   576|    8|     1|         4608|
    |quantized_hidden_sta_U     |attention_quantizOgC  |        0|  16|   1|    0|     6|    8|     1|           48|
    |quantized_hidden_sta_1_U   |attention_quantizOgC  |        0|  16|   1|    0|     6|    8|     1|           48|
    |quantized_hidden_sta_2_U   |attention_quantizOgC  |        0|  16|   1|    0|     6|    8|     1|           48|
    |quantized_hidden_sta_3_U   |attention_quantizOgC  |        0|  16|   1|    0|     6|    8|     1|           48|
    |quantized_hidden_sta_4_U   |attention_quantizOgC  |        0|  16|   1|    0|     6|    8|     1|           48|
    |quantized_hidden_sta_5_U   |attention_quantizOgC  |        0|  16|   1|    0|     6|    8|     1|           48|
    |quantized_hidden_sta_6_U   |attention_quantizOgC  |        0|  16|   1|    0|     6|    8|     1|           48|
    |quantized_hidden_sta_7_U   |attention_quantizOgC  |        0|  16|   1|    0|     6|    8|     1|           48|
    |quantized_hidden_sta_8_U   |attention_quantizOgC  |        0|  16|   1|    0|     6|    8|     1|           48|
    |quantized_hidden_sta_9_U   |attention_quantizOgC  |        0|  16|   1|    0|     6|    8|     1|           48|
    |quantized_hidden_sta_10_U  |attention_quantizOgC  |        0|  16|   1|    0|     6|    8|     1|           48|
    |quantized_hidden_sta_11_U  |attention_quantizOgC  |        0|  16|   1|    0|     6|    8|     1|           48|
    |quantized_hidden_sta_12_U  |attention_quantizOgC  |        0|  16|   1|    0|     6|    8|     1|           48|
    |quantized_hidden_sta_13_U  |attention_quantizOgC  |        0|  16|   1|    0|     6|    8|     1|           48|
    |quantized_hidden_sta_14_U  |attention_quantizOgC  |        0|  16|   1|    0|     6|    8|     1|           48|
    |quantized_hidden_sta_15_U  |attention_quantizOgC  |        0|  16|   1|    0|     6|    8|     1|           48|
    |quantized_final_outp_U     |attention_quantizOgC  |        0|  16|   1|    0|     6|    8|     1|           48|
    |quantized_final_outp_1_U   |attention_quantizOgC  |        0|  16|   1|    0|     6|    8|     1|           48|
    |quantized_final_outp_2_U   |attention_quantizOgC  |        0|  16|   1|    0|     6|    8|     1|           48|
    |quantized_final_outp_3_U   |attention_quantizOgC  |        0|  16|   1|    0|     6|    8|     1|           48|
    |quantized_final_outp_4_U   |attention_quantizOgC  |        0|  16|   1|    0|     6|    8|     1|           48|
    |quantized_final_outp_5_U   |attention_quantizOgC  |        0|  16|   1|    0|     6|    8|     1|           48|
    |quantized_final_outp_6_U   |attention_quantizOgC  |        0|  16|   1|    0|     6|    8|     1|           48|
    |quantized_final_outp_7_U   |attention_quantizOgC  |        0|  16|   1|    0|     6|    8|     1|           48|
    |quantized_final_outp_8_U   |attention_quantizOgC  |        0|  16|   1|    0|     6|    8|     1|           48|
    |quantized_final_outp_9_U   |attention_quantizOgC  |        0|  16|   1|    0|     6|    8|     1|           48|
    |quantized_final_outp_10_U  |attention_quantizOgC  |        0|  16|   1|    0|     6|    8|     1|           48|
    |quantized_final_outp_11_U  |attention_quantizOgC  |        0|  16|   1|    0|     6|    8|     1|           48|
    |quantized_final_outp_12_U  |attention_quantizOgC  |        0|  16|   1|    0|     6|    8|     1|           48|
    |quantized_final_outp_13_U  |attention_quantizOgC  |        0|  16|   1|    0|     6|    8|     1|           48|
    |quantized_final_outp_14_U  |attention_quantizOgC  |        0|  16|   1|    0|     6|    8|     1|           48|
    |quantized_final_outp_15_U  |attention_quantizOgC  |        0|  16|   1|    0|     6|    8|     1|           48|
    |v_cache_upd_V_U            |attention_v_cachebgk  |        3|   0|   0|    0|   576|   38|     1|        21888|
    |v_weights_0_U              |attention_v_weighFfa  |        1|   0|   0|    0|   576|    8|     1|         4608|
    |v_weights_1_U              |attention_v_weighGfk  |        1|   0|   0|    0|   576|    8|     1|         4608|
    |v_weights_2_U              |attention_v_weighHfu  |        1|   0|   0|    0|   576|    8|     1|         4608|
    |v_weights_3_U              |attention_v_weighIfE  |        1|   0|   0|    0|   576|    8|     1|         4608|
    +---------------------------+----------------------+---------+----+----+-----+------+-----+------+-------------+
    |Total                      |                      |       58| 892| 107|    0| 12312| 1220|    70|       185616|
    +---------------------------+----------------------+---------+----+----+-----+------+-----+------+-------------+

    * FIFO: 
    N/A

    * Expression: 
    +----------------------------------+----------+-------+---+-----+------------+------------+
    |           Variable Name          | Operation| DSP48E| FF| LUT | Bitwidth P0| Bitwidth P1|
    +----------------------------------+----------+-------+---+-----+------------+------------+
    |add_ln1265_fu_697_p2              |     +    |      0|  0|   15|           6|           6|
    |add_ln178_fu_687_p2               |     +    |      0|  0|   12|           3|           1|
    |add_ln203_fu_876_p2               |     +    |      0|  0|   15|           8|           8|
    |add_ln208_fu_789_p2               |     +    |      0|  0|   12|           3|           1|
    |add_ln209_fu_865_p2               |     +    |      0|  0|   15|           5|           1|
    |add_ln210_fu_871_p2               |     +    |      0|  0|   15|           8|           8|
    |h_fu_649_p2                       |     +    |      0|  0|   12|           3|           1|
    |sub_ln1148_fu_742_p2              |     -    |      0|  0|  124|           1|         117|
    |sub_ln1265_fu_675_p2              |     -    |      0|  0|   15|           6|           6|
    |sub_ln203_fu_849_p2               |     -    |      0|  0|   15|           8|           8|
    |sub_ln210_fu_823_p2               |     -    |      0|  0|   15|           8|           8|
    |sub_ln703_fu_766_p2               |     -    |      0|  0|   45|           1|          38|
    |icmp_ln176_fu_643_p2              |   icmp   |      0|  0|    9|           3|           4|
    |icmp_ln178_fu_681_p2              |   icmp   |      0|  0|    9|           3|           3|
    |icmp_ln208_fu_783_p2              |   icmp   |      0|  0|    9|           3|           4|
    |icmp_ln209_fu_859_p2              |   icmp   |      0|  0|   11|           5|           5|
    |ap_block_state10_on_subcall_done  |    or    |      0|  0|    2|           1|           1|
    |ap_block_state12_on_subcall_done  |    or    |      0|  0|    2|           1|           1|
    |ap_block_state14_on_subcall_done  |    or    |      0|  0|    2|           1|           1|
    |ap_block_state2_on_subcall_done   |    or    |      0|  0|    2|           1|           1|
    |ap_block_state35_on_subcall_done  |    or    |      0|  0|    2|           1|           1|
    |select_ln1148_2_fu_775_p3         |  select  |      0|  0|   38|           1|          38|
    |select_ln1148_fu_757_p3           |  select  |      0|  0|   36|           1|          36|
    +----------------------------------+----------+-------+---+-----+------------+------------+
    |Total                             |          |      0|  0|  432|          81|         298|
    +----------------------------------+----------+-------+---+-----+------------+------------+

    * Multiplexer: 
    +-----------------------------------------------------+-----+-----------+-----+-----------+
    |                         Name                        | LUT | Input Size| Bits| Total Bits|
    +-----------------------------------------------------+-----+-----------+-----+-----------+
    |ap_NS_fsm                                            |  177|         40|    1|         40|
    |attn_output_0_address0                               |   15|          3|    7|         21|
    |attn_output_0_ce0                                    |   15|          3|    1|          3|
    |attn_output_0_we0                                    |    9|          2|    1|          2|
    |attn_output_2D_0_V_address0                          |   21|          4|    7|         28|
    |attn_output_2D_0_V_ce0                               |   21|          4|    1|          4|
    |attn_output_2D_0_V_ce1                               |    9|          2|    1|          2|
    |attn_output_2D_0_V_d0                                |   15|          3|   38|        114|
    |attn_output_2D_0_V_we0                               |   15|          3|    1|          3|
    |attn_weights_0_V_address0                            |   33|          6|    5|         30|
    |attn_weights_0_V_ce0                                 |   27|          5|    1|          5|
    |attn_weights_0_V_ce1                                 |    9|          2|    1|          2|
    |attn_weights_0_V_d0                                  |   21|          4|   38|        152|
    |attn_weights_0_V_we0                                 |   21|          4|    1|          4|
    |d107_0_0_reg_446                                     |    9|          2|    5|         10|
    |d_0_0_reg_424                                        |    9|          2|    3|          6|
    |final_output_0_V_address0                            |   15|          3|    7|         21|
    |final_output_0_V_ce0                                 |   15|          3|    1|          3|
    |final_output_0_V_ce1                                 |    9|          2|    1|          2|
    |final_output_0_V_d0                                  |   15|          3|   38|        114|
    |final_output_0_V_we0                                 |   15|          3|    1|          3|
    |final_output_0_V_we1                                 |    9|          2|    1|          2|
    |grp_linear_forward_no_mu_fu_457_input_0_0_0_V_q0     |   15|          3|    8|         24|
    |grp_linear_forward_no_mu_fu_457_input_0_1_0_V_q0     |   15|          3|    8|         24|
    |grp_linear_forward_no_mu_fu_457_input_0_2_0_V_q0     |   15|          3|    8|         24|
    |grp_linear_forward_no_mu_fu_457_input_0_3_0_V_q0     |   15|          3|    8|         24|
    |grp_linear_forward_no_mu_fu_457_input_1_0_0_V_q0     |   15|          3|    8|         24|
    |grp_linear_forward_no_mu_fu_457_input_1_1_0_V_q0     |   15|          3|    8|         24|
    |grp_linear_forward_no_mu_fu_457_input_1_2_0_V_q0     |   15|          3|    8|         24|
    |grp_linear_forward_no_mu_fu_457_input_1_3_0_V_q0     |   15|          3|    8|         24|
    |grp_linear_forward_no_mu_fu_457_input_2_0_0_V_q0     |   15|          3|    8|         24|
    |grp_linear_forward_no_mu_fu_457_input_2_1_0_V_q0     |   15|          3|    8|         24|
    |grp_linear_forward_no_mu_fu_457_input_2_2_0_V_q0     |   15|          3|    8|         24|
    |grp_linear_forward_no_mu_fu_457_input_2_3_0_V_q0     |   15|          3|    8|         24|
    |grp_linear_forward_no_mu_fu_457_input_3_0_0_V_q0     |   15|          3|    8|         24|
    |grp_linear_forward_no_mu_fu_457_input_3_1_0_V_q0     |   15|          3|    8|         24|
    |grp_linear_forward_no_mu_fu_457_input_3_2_0_V_q0     |   15|          3|    8|         24|
    |grp_linear_forward_no_mu_fu_457_input_3_3_0_V_q0     |   15|          3|    8|         24|
    |grp_linear_forward_no_mu_fu_457_output_0_V_q0        |   27|          5|   38|        190|
    |grp_linear_forward_no_mu_fu_457_packed_weights_0_q0  |   27|          5|    8|         40|
    |grp_linear_forward_no_mu_fu_457_packed_weights_1_q0  |   27|          5|    8|         40|
    |grp_linear_forward_no_mu_fu_457_packed_weights_2_q0  |   27|          5|    8|         40|
    |grp_linear_forward_no_mu_fu_457_packed_weights_3_q0  |   27|          5|    8|         40|
    |grp_linear_forward_no_mu_fu_457_w_scale_V            |   27|          5|   26|        130|
    |grp_quantize_activation_fu_531_input_0_V_q0          |   15|          3|   38|        114|
    |grp_quantize_activation_fu_531_input_0_V_q1          |   15|          3|   38|        114|
    |grp_reshape_2D_to_3D_fu_613_input_0_V_q0             |   21|          4|   38|        152|
    |grp_rms_norm_96_s_fu_505_input_0_V_q0                |   15|          3|   38|        114|
    |grp_rms_norm_96_s_fu_505_weight_V_q0                 |   15|          3|   38|        114|
    |h106_0_0_reg_435                                     |    9|          2|    3|          6|
    |h_0_reg_413                                          |    9|          2|    3|          6|
    |hidden_states_0_V_address0                           |   15|          3|    7|         21|
    |hidden_states_0_V_ce0                                |   15|          3|    1|          3|
    |hidden_states_0_V_ce1                                |    9|          2|    1|          2|
    |hidden_states_0_V_we0                                |    9|          2|    1|          2|
    |k_cache_upd_V_address0                               |   15|          3|   10|         30|
    |k_cache_upd_V_ce0                                    |   15|          3|    1|          3|
    |k_cache_upd_V_we0                                    |    9|          2|    1|          2|
    |k_embed_0_V_address0                                 |   15|          3|    7|         21|
    |k_embed_0_V_ce0                                      |   15|          3|    1|          3|
    |k_embed_0_V_we0                                      |    9|          2|    1|          2|
    |k_proj_0_V_address0                                  |   15|          3|    7|         21|
    |k_proj_0_V_ce0                                       |   15|          3|    1|          3|
    |k_proj_0_V_ce1                                       |    9|          2|    1|          2|
    |k_proj_0_V_we0                                       |    9|          2|    1|          2|
    |k_proj_re_0_V_address0                               |   21|          4|    7|         28|
    |k_proj_re_0_V_ce0                                    |   21|          4|    1|          4|
    |k_proj_re_0_V_ce1                                    |    9|          2|    1|          2|
    |k_proj_re_0_V_d0                                     |   15|          3|   38|        114|
    |k_proj_re_0_V_we0                                    |   15|          3|    1|          3|
    |k_proj_re_0_V_we1                                    |    9|          2|    1|          2|
    |k_proj_transposed_0_address0                         |   15|          3|    8|         24|
    |k_proj_transposed_0_ce0                              |   15|          3|    1|          3|
    |k_proj_transposed_0_we0                              |    9|          2|    1|          2|
    |k_proj_transposed_1_address0                         |   15|          3|    8|         24|
    |k_proj_transposed_1_ce0                              |   15|          3|    1|          3|
    |k_proj_transposed_1_we0                              |    9|          2|    1|          2|
    |k_proj_transposed_2_address0                         |   15|          3|    8|         24|
    |k_proj_transposed_2_ce0                              |   15|          3|    1|          3|
    |k_proj_transposed_2_we0                              |    9|          2|    1|          2|
    |k_proj_transposed_3_address0                         |   15|          3|    8|         24|
    |k_proj_transposed_3_ce0                              |   15|          3|    1|          3|
    |k_proj_transposed_3_we0                              |    9|          2|    1|          2|
    |k_weights_0_ce0                                      |    9|          2|    1|          2|
    |k_weights_1_ce0                                      |    9|          2|    1|          2|
    |k_weights_2_ce0                                      |    9|          2|    1|          2|
    |k_weights_3_ce0                                      |    9|          2|    1|          2|
    |ln_weight_V_ce0                                      |    9|          2|    1|          2|
    |ln_weight_in_V_ce0                                   |    9|          2|    1|          2|
    |o_weights_0_ce0                                      |    9|          2|    1|          2|
    |o_weights_1_ce0                                      |    9|          2|    1|          2|
    |o_weights_2_ce0                                      |    9|          2|    1|          2|
    |o_weights_3_ce0                                      |    9|          2|    1|          2|
    |q_embed_0_0_V_address0                               |   15|          3|    5|         15|
    |q_embed_0_0_V_ce0                                    |   15|          3|    1|          3|
    |q_embed_0_0_V_we0                                    |    9|          2|    1|          2|
    |q_embed_1_0_V_address0                               |   15|          3|    5|         15|
    |q_embed_1_0_V_ce0                                    |   15|          3|    1|          3|
    |q_embed_1_0_V_we0                                    |    9|          2|    1|          2|
    |q_embed_2_0_V_address0                               |   15|          3|    5|         15|
    |q_embed_2_0_V_ce0                                    |   15|          3|    1|          3|
    |q_embed_2_0_V_we0                                    |    9|          2|    1|          2|
    |q_embed_3_0_V_address0                               |   15|          3|    5|         15|
    |q_embed_3_0_V_ce0                                    |   15|          3|    1|          3|
    |q_embed_3_0_V_we0                                    |    9|          2|    1|          2|
    |q_proj_0_V_address0                                  |   15|          3|    7|         21|
    |q_proj_0_V_ce0                                       |   15|          3|    1|          3|
    |q_proj_0_V_ce1                                       |    9|          2|    1|          2|
    |q_proj_0_V_we0                                       |    9|          2|    1|          2|
    |q_proj_re_0_V_address0                               |   21|          4|    7|         28|
    |q_proj_re_0_V_ce0                                    |   21|          4|    1|          4|
    |q_proj_re_0_V_ce1                                    |    9|          2|    1|          2|
    |q_proj_re_0_V_d0                                     |   15|          3|   38|        114|
    |q_proj_re_0_V_we0                                    |   15|          3|    1|          3|
    |q_proj_re_0_V_we1                                    |    9|          2|    1|          2|
    |q_weights_0_ce0                                      |    9|          2|    1|          2|
    |q_weights_1_ce0                                      |    9|          2|    1|          2|
    |q_weights_2_ce0                                      |    9|          2|    1|          2|
    |q_weights_3_ce0                                      |    9|          2|    1|          2|
    |quantized_final_outp_10_address0                     |   15|          3|    3|          9|
    |quantized_final_outp_10_ce0                          |   15|          3|    1|          3|
    |quantized_final_outp_10_we0                          |    9|          2|    1|          2|
    |quantized_final_outp_11_address0                     |   15|          3|    3|          9|
    |quantized_final_outp_11_ce0                          |   15|          3|    1|          3|
    |quantized_final_outp_11_we0                          |    9|          2|    1|          2|
    |quantized_final_outp_12_address0                     |   15|          3|    3|          9|
    |quantized_final_outp_12_ce0                          |   15|          3|    1|          3|
    |quantized_final_outp_12_we0                          |    9|          2|    1|          2|
    |quantized_final_outp_13_address0                     |   15|          3|    3|          9|
    |quantized_final_outp_13_ce0                          |   15|          3|    1|          3|
    |quantized_final_outp_13_we0                          |    9|          2|    1|          2|
    |quantized_final_outp_14_address0                     |   15|          3|    3|          9|
    |quantized_final_outp_14_ce0                          |   15|          3|    1|          3|
    |quantized_final_outp_14_we0                          |    9|          2|    1|          2|
    |quantized_final_outp_15_address0                     |   15|          3|    3|          9|
    |quantized_final_outp_15_ce0                          |   15|          3|    1|          3|
    |quantized_final_outp_15_we0                          |    9|          2|    1|          2|
    |quantized_final_outp_1_address0                      |   15|          3|    3|          9|
    |quantized_final_outp_1_ce0                           |   15|          3|    1|          3|
    |quantized_final_outp_1_we0                           |    9|          2|    1|          2|
    |quantized_final_outp_2_address0                      |   15|          3|    3|          9|
    |quantized_final_outp_2_ce0                           |   15|          3|    1|          3|
    |quantized_final_outp_2_we0                           |    9|          2|    1|          2|
    |quantized_final_outp_3_address0                      |   15|          3|    3|          9|
    |quantized_final_outp_3_ce0                           |   15|          3|    1|          3|
    |quantized_final_outp_3_we0                           |    9|          2|    1|          2|
    |quantized_final_outp_4_address0                      |   15|          3|    3|          9|
    |quantized_final_outp_4_ce0                           |   15|          3|    1|          3|
    |quantized_final_outp_4_we0                           |    9|          2|    1|          2|
    |quantized_final_outp_5_address0                      |   15|          3|    3|          9|
    |quantized_final_outp_5_ce0                           |   15|          3|    1|          3|
    |quantized_final_outp_5_we0                           |    9|          2|    1|          2|
    |quantized_final_outp_6_address0                      |   15|          3|    3|          9|
    |quantized_final_outp_6_ce0                           |   15|          3|    1|          3|
    |quantized_final_outp_6_we0                           |    9|          2|    1|          2|
    |quantized_final_outp_7_address0                      |   15|          3|    3|          9|
    |quantized_final_outp_7_ce0                           |   15|          3|    1|          3|
    |quantized_final_outp_7_we0                           |    9|          2|    1|          2|
    |quantized_final_outp_8_address0                      |   15|          3|    3|          9|
    |quantized_final_outp_8_ce0                           |   15|          3|    1|          3|
    |quantized_final_outp_8_we0                           |    9|          2|    1|          2|
    |quantized_final_outp_9_address0                      |   15|          3|    3|          9|
    |quantized_final_outp_9_ce0                           |   15|          3|    1|          3|
    |quantized_final_outp_9_we0                           |    9|          2|    1|          2|
    |quantized_final_outp_address0                        |   15|          3|    3|          9|
    |quantized_final_outp_ce0                             |   15|          3|    1|          3|
    |quantized_final_outp_we0                             |    9|          2|    1|          2|
    |quantized_hidden_sta_10_address0                     |   15|          3|    3|          9|
    |quantized_hidden_sta_10_ce0                          |   15|          3|    1|          3|
    |quantized_hidden_sta_10_we0                          |    9|          2|    1|          2|
    |quantized_hidden_sta_11_address0                     |   15|          3|    3|          9|
    |quantized_hidden_sta_11_ce0                          |   15|          3|    1|          3|
    |quantized_hidden_sta_11_we0                          |    9|          2|    1|          2|
    |quantized_hidden_sta_12_address0                     |   15|          3|    3|          9|
    |quantized_hidden_sta_12_ce0                          |   15|          3|    1|          3|
    |quantized_hidden_sta_12_we0                          |    9|          2|    1|          2|
    |quantized_hidden_sta_13_address0                     |   15|          3|    3|          9|
    |quantized_hidden_sta_13_ce0                          |   15|          3|    1|          3|
    |quantized_hidden_sta_13_we0                          |    9|          2|    1|          2|
    |quantized_hidden_sta_14_address0                     |   15|          3|    3|          9|
    |quantized_hidden_sta_14_ce0                          |   15|          3|    1|          3|
    |quantized_hidden_sta_14_we0                          |    9|          2|    1|          2|
    |quantized_hidden_sta_15_address0                     |   15|          3|    3|          9|
    |quantized_hidden_sta_15_ce0                          |   15|          3|    1|          3|
    |quantized_hidden_sta_15_we0                          |    9|          2|    1|          2|
    |quantized_hidden_sta_1_address0                      |   15|          3|    3|          9|
    |quantized_hidden_sta_1_ce0                           |   15|          3|    1|          3|
    |quantized_hidden_sta_1_we0                           |    9|          2|    1|          2|
    |quantized_hidden_sta_2_address0                      |   15|          3|    3|          9|
    |quantized_hidden_sta_2_ce0                           |   15|          3|    1|          3|
    |quantized_hidden_sta_2_we0                           |    9|          2|    1|          2|
    |quantized_hidden_sta_3_address0                      |   15|          3|    3|          9|
    |quantized_hidden_sta_3_ce0                           |   15|          3|    1|          3|
    |quantized_hidden_sta_3_we0                           |    9|          2|    1|          2|
    |quantized_hidden_sta_4_address0                      |   15|          3|    3|          9|
    |quantized_hidden_sta_4_ce0                           |   15|          3|    1|          3|
    |quantized_hidden_sta_4_we0                           |    9|          2|    1|          2|
    |quantized_hidden_sta_5_address0                      |   15|          3|    3|          9|
    |quantized_hidden_sta_5_ce0                           |   15|          3|    1|          3|
    |quantized_hidden_sta_5_we0                           |    9|          2|    1|          2|
    |quantized_hidden_sta_6_address0                      |   15|          3|    3|          9|
    |quantized_hidden_sta_6_ce0                           |   15|          3|    1|          3|
    |quantized_hidden_sta_6_we0                           |    9|          2|    1|          2|
    |quantized_hidden_sta_7_address0                      |   15|          3|    3|          9|
    |quantized_hidden_sta_7_ce0                           |   15|          3|    1|          3|
    |quantized_hidden_sta_7_we0                           |    9|          2|    1|          2|
    |quantized_hidden_sta_8_address0                      |   15|          3|    3|          9|
    |quantized_hidden_sta_8_ce0                           |   15|          3|    1|          3|
    |quantized_hidden_sta_8_we0                           |    9|          2|    1|          2|
    |quantized_hidden_sta_9_address0                      |   15|          3|    3|          9|
    |quantized_hidden_sta_9_ce0                           |   15|          3|    1|          3|
    |quantized_hidden_sta_9_we0                           |    9|          2|    1|          2|
    |quantized_hidden_sta_address0                        |   15|          3|    3|          9|
    |quantized_hidden_sta_ce0                             |   15|          3|    1|          3|
    |quantized_hidden_sta_we0                             |    9|          2|    1|          2|
    |v_cache_upd_V_address0                               |   15|          3|   10|         30|
    |v_cache_upd_V_ce0                                    |   15|          3|    1|          3|
    |v_cache_upd_V_ce1                                    |    9|          2|    1|          2|
    |v_cache_upd_V_we0                                    |    9|          2|    1|          2|
    |v_proj_0_V_address0                                  |   15|          3|    7|         21|
    |v_proj_0_V_ce0                                       |   15|          3|    1|          3|
    |v_proj_0_V_we0                                       |    9|          2|    1|          2|
    |v_proj_re_0_V_address0                               |   21|          4|    7|         28|
    |v_proj_re_0_V_ce0                                    |   21|          4|    1|          4|
    |v_proj_re_0_V_ce1                                    |    9|          2|    1|          2|
    |v_proj_re_0_V_d0                                     |   15|          3|   38|        114|
    |v_proj_re_0_V_we0                                    |   15|          3|    1|          3|
    |v_proj_re_0_V_we1                                    |    9|          2|    1|          2|
    |v_weights_0_ce0                                      |    9|          2|    1|          2|
    |v_weights_1_ce0                                      |    9|          2|    1|          2|
    |v_weights_2_ce0                                      |    9|          2|    1|          2|
    |v_weights_3_ce0                                      |    9|          2|    1|          2|
    +-----------------------------------------------------+-----+-----------+-----+-----------+
    |Total                                                | 3306|        677| 1047|       3402|
    +-----------------------------------------------------+-----+-----------+-----+-----------+

    * Register: 
    +----------------------------------------------+-----+----+-----+-----------+
    |                     Name                     |  FF | LUT| Bits| Const Bits|
    +----------------------------------------------+-----+----+-----+-----------+
    |add_ln178_reg_910                             |    3|   0|    3|          0|
    |add_ln208_reg_955                             |    3|   0|    3|          0|
    |add_ln209_reg_973                             |    5|   0|    5|          0|
    |add_ln210_reg_978                             |    8|   0|    8|          0|
    |ap_CS_fsm                                     |   39|   0|   39|          0|
    |attn_weights_0_V_ad_reg_915                   |    5|   0|    5|          0|
    |attn_weights_0_V_lo_reg_920                   |   38|   0|   38|          0|
    |d107_0_0_reg_446                              |    5|   0|    5|          0|
    |d_0_0_reg_424                                 |    3|   0|    3|          0|
    |grp_GEMM_3D_float_1_fu_575_ap_start_reg       |    1|   0|    1|          0|
    |grp_GEMM_3D_float_fu_568_ap_start_reg         |    1|   0|    1|          0|
    |grp_apply_rotary_pos_emb_fu_553_ap_start_reg  |    1|   0|    1|          0|
    |grp_cache_update_1_fu_588_ap_start_reg        |    1|   0|    1|          0|
    |grp_cache_update_fu_596_ap_start_reg          |    1|   0|    1|          0|
    |grp_init_2d_mem_fu_619_ap_start_reg           |    1|   0|    1|          0|
    |grp_init_2d_mem_fu_625_ap_start_reg           |    1|   0|    1|          0|
    |grp_init_2d_mem_fu_631_ap_start_reg           |    1|   0|    1|          0|
    |grp_linear_forward_no_mu_fu_457_ap_start_reg  |    1|   0|    1|          0|
    |grp_quantize_activation_fu_531_ap_start_reg   |    1|   0|    1|          0|
    |grp_reshape_2D_to_3D_fu_613_ap_start_reg      |    1|   0|    1|          0|
    |grp_rms_norm_96_s_fu_505_ap_start_reg         |    1|   0|    1|          0|
    |grp_softmax_1_4_6_s_fu_514_ap_start_reg       |    1|   0|    1|          0|
    |grp_transpose_last_two_d_fu_604_ap_start_reg  |    1|   0|    1|          0|
    |h106_0_0_reg_435                              |    3|   0|    3|          0|
    |h_0_reg_413                                   |    3|   0|    3|          0|
    |h_reg_897                                     |    3|   0|    3|          0|
    |mul_ln1148_reg_936                            |  117|   0|  117|          0|
    |reg_638                                       |   38|   0|   38|          0|
    |select_ln1148_reg_946                         |   36|   0|   36|          0|
    |sub_ln1265_reg_902                            |    5|   0|    6|          1|
    |sub_ln203_reg_965                             |    5|   0|    8|          3|
    |sub_ln210_reg_960                             |    5|   0|    8|          3|
    |tmp_89_reg_925                                |    1|   0|    1|          0|
    |tmp_91_reg_941                                |   36|   0|   36|          0|
    +----------------------------------------------+-----+----+-----+-----------+
    |Total                                         |  375|   0|  382|          7|
    +----------------------------------------------+-----+----+-----+-----------+



================================================================
== Interface
================================================================
* Summary: 
+----------------------------+-----+-----+------------+-------------------+--------------+
|          RTL Ports         | Dir | Bits|  Protocol  |   Source Object   |    C Type    |
+----------------------------+-----+-----+------------+-------------------+--------------+
|ap_clk                      |  in |    1| ap_ctrl_hs |     attention     | return value |
|ap_rst                      |  in |    1| ap_ctrl_hs |     attention     | return value |
|ap_start                    |  in |    1| ap_ctrl_hs |     attention     | return value |
|ap_done                     | out |    1| ap_ctrl_hs |     attention     | return value |
|ap_idle                     | out |    1| ap_ctrl_hs |     attention     | return value |
|ap_ready                    | out |    1| ap_ctrl_hs |     attention     | return value |
|hidden_states_0_V_address0  | out |    7|  ap_memory | hidden_states_0_V |     array    |
|hidden_states_0_V_ce0       | out |    1|  ap_memory | hidden_states_0_V |     array    |
|hidden_states_0_V_we0       | out |    1|  ap_memory | hidden_states_0_V |     array    |
|hidden_states_0_V_d0        | out |   38|  ap_memory | hidden_states_0_V |     array    |
|hidden_states_0_V_q0        |  in |   38|  ap_memory | hidden_states_0_V |     array    |
|hidden_states_0_V_address1  | out |    7|  ap_memory | hidden_states_0_V |     array    |
|hidden_states_0_V_ce1       | out |    1|  ap_memory | hidden_states_0_V |     array    |
|hidden_states_0_V_q1        |  in |   38|  ap_memory | hidden_states_0_V |     array    |
|final_output_0_V_address0   | out |    7|  ap_memory |  final_output_0_V |     array    |
|final_output_0_V_ce0        | out |    1|  ap_memory |  final_output_0_V |     array    |
|final_output_0_V_we0        | out |    1|  ap_memory |  final_output_0_V |     array    |
|final_output_0_V_d0         | out |   38|  ap_memory |  final_output_0_V |     array    |
|final_output_0_V_q0         |  in |   38|  ap_memory |  final_output_0_V |     array    |
|final_output_0_V_address1   | out |    7|  ap_memory |  final_output_0_V |     array    |
|final_output_0_V_ce1        | out |    1|  ap_memory |  final_output_0_V |     array    |
|final_output_0_V_we1        | out |    1|  ap_memory |  final_output_0_V |     array    |
|final_output_0_V_d1         | out |   38|  ap_memory |  final_output_0_V |     array    |
+----------------------------+-----+-----+------------+-------------------+--------------+

