

================================================================
== Vivado HLS Report for 'softmax_1_4_6_s'
================================================================
* Date:           Sun Dec  8 18:16:59 2024

* Version:        2019.2 (Build 2704478 on Wed Nov 06 22:10:23 MST 2019)
* Project:        attention_16th.prj
* Solution:       solution1
* Product family: zynq
* Target device:  xc7z020-clg484-1


================================================================
== Performance Estimates
================================================================
+ Timing: 
    * Summary: 
    +--------+----------+----------+------------+
    |  Clock |  Target  | Estimated| Uncertainty|
    +--------+----------+----------+------------+
    |ap_clk  | 10.00 ns | 8.625 ns |   1.25 ns  |
    +--------+----------+----------+------------+

+ Latency: 
    * Summary: 
    +---------+---------+-----------+-----------+------+------+---------+
    |  Latency (cycles) |   Latency (absolute)  |   Interval  | Pipeline|
    |   min   |   max   |    min    |    max    |  min |  max |   Type  |
    +---------+---------+-----------+-----------+------+------+---------+
    |     1933|     1933| 19.330 us | 19.330 us |  1933|  1933|   none  |
    +---------+---------+-----------+-----------+------+------+---------+

    + Detail: 
        * Instance: 
        +------------------------+-------------+---------+---------+----------+----------+-----+-----+----------+
        |                        |             |  Latency (cycles) |  Latency (absolute) |  Interval | Pipeline |
        |        Instance        |    Module   |   min   |   max   |    min   |    max   | min | max |   Type   |
        +------------------------+-------------+---------+---------+----------+----------+-----+-----+----------+
        |grp_exp_38_18_s_fu_165  |exp_38_18_s  |       11|       11| 0.110 us | 0.110 us |    1|    1| function |
        +------------------------+-------------+---------+---------+----------+----------+-----+-----+----------+

        * Loop: 
        +-------------------+---------+---------+----------+-----------+-----------+------+----------+
        |                   |  Latency (cycles) | Iteration|  Initiation Interval  | Trip |          |
        |     Loop Name     |   min   |   max   |  Latency |  achieved |   target  | Count| Pipelined|
        +-------------------+---------+---------+----------+-----------+-----------+------+----------+
        |- SOFTMAX_LOOP_1   |     1932|     1932|       483|          -|          -|     4|    no    |
        | + SOFTMAX_LOOP_3  |       10|       10|         2|          -|          -|     5|    no    |
        | + SOFTMAX_LOOP_4  |       90|       90|        15|          -|          -|     6|    no    |
        | + SOFTMAX_LOOP_5  |      378|      378|        63|          -|          -|     6|    no    |
        +-------------------+---------+---------+----------+-----------+-----------+------+----------+



================================================================
== Utilization Estimates
================================================================
* Summary: 
+-----------------+---------+-------+--------+-------+-----+
|       Name      | BRAM_18K| DSP48E|   FF   |  LUT  | URAM|
+-----------------+---------+-------+--------+-------+-----+
|DSP              |        -|      -|       -|      -|    -|
|Expression       |        -|      -|       0|    293|    -|
|FIFO             |        -|      -|       -|      -|    -|
|Instance         |       11|     25|    2485|   1522|    -|
|Memory           |        -|      -|       -|      -|    -|
|Multiplexer      |        -|      -|       -|    476|    -|
|Register         |        -|      -|     333|      -|    -|
+-----------------+---------+-------+--------+-------+-----+
|Total            |       11|     25|    2818|   2291|    0|
+-----------------+---------+-------+--------+-------+-----+
|Available        |      280|    220|  106400|  53200|    0|
+-----------------+---------+-------+--------+-------+-----+
|Utilization (%)  |        3|     11|       2|      4|    0|
+-----------------+---------+-------+--------+-------+-----+

+ Detail: 
    * Instance: 
    +---------------------------+----------------------+---------+-------+------+------+-----+
    |          Instance         |        Module        | BRAM_18K| DSP48E|  FF  |  LUT | URAM|
    +---------------------------+----------------------+---------+-------+------+------+-----+
    |dut_sdiv_58ns_38svdy_U100  |dut_sdiv_58ns_38svdy  |        0|      0|   707|   427|    0|
    |grp_exp_38_18_s_fu_165     |exp_38_18_s           |       11|     25|  1778|  1095|    0|
    +---------------------------+----------------------+---------+-------+------+------+-----+
    |Total                      |                      |       11|     25|  2485|  1522|    0|
    +---------------------------+----------------------+---------+-------+------+------+-----+

    * DSP48E: 
    N/A

    * Memory: 
    N/A

    * FIFO: 
    N/A

    * Expression: 
    +------------------------+----------+-------+---+----+------------+------------+
    |      Variable Name     | Operation| DSP48E| FF| LUT| Bitwidth P0| Bitwidth P1|
    +------------------------+----------+-------+---+----+------------+------------+
    |add_ln1265_1_fu_322_p2  |     +    |      0|  0|  15|           6|           6|
    |add_ln1265_fu_281_p2    |     +    |      0|  0|  15|           6|           6|
    |add_ln1494_fu_235_p2    |     +    |      0|  0|  15|           6|           6|
    |add_ln270_fu_245_p2     |     +    |      0|  0|  12|           3|           1|
    |add_ln273_fu_271_p2     |     +    |      0|  0|  12|           3|           1|
    |add_ln278_fu_312_p2     |     +    |      0|  0|  12|           3|           1|
    |add_ln703_fu_301_p2     |     +    |      0|  0|  45|          38|          38|
    |i_fu_188_p2             |     +    |      0|  0|  12|           3|           1|
    |sub_ln203_fu_214_p2     |     -    |      0|  0|  15|           6|           6|
    |sub_ln703_fu_295_p2     |     -    |      0|  0|  45|          38|          38|
    |icmp_ln1494_fu_251_p2   |   icmp   |      0|  0|  21|          38|          38|
    |icmp_ln267_fu_182_p2    |   icmp   |      0|  0|   9|           3|           4|
    |icmp_ln270_fu_225_p2    |   icmp   |      0|  0|   9|           3|           3|
    |icmp_ln273_fu_265_p2    |   icmp   |      0|  0|   9|           3|           3|
    |icmp_ln278_fu_306_p2    |   icmp   |      0|  0|   9|           3|           3|
    |select_ln271_fu_257_p3  |  select  |      0|  0|  38|           1|          38|
    +------------------------+----------+-------+---+----+------------+------------+
    |Total                   |          |      0|  0| 293|         163|         193|
    +------------------------+----------+-------+---+----+------------+------------+

    * Multiplexer: 
    +---------------------+-----+-----------+-----+-----------+
    |         Name        | LUT | Input Size| Bits| Total Bits|
    +---------------------+-----+-----------+-----+-----------+
    |ap_NS_fsm            |  369|         84|    1|         84|
    |i_0_reg_99           |    9|          2|    3|          6|
    |input_0_V_address0   |   38|          7|    5|         35|
    |input_0_V_d0         |   15|          3|   38|        114|
    |k1_0_0_reg_143       |    9|          2|    3|          6|
    |k2_0_0_reg_154       |    9|          2|    3|          6|
    |k_0_0_reg_120        |    9|          2|    3|          6|
    |p_Val2_33_0_reg_110  |    9|          2|   38|         76|
    |p_Val2_34_0_reg_131  |    9|          2|   38|         76|
    +---------------------+-----+-----------+-----+-----------+
    |Total                |  476|        106|  132|        409|
    +---------------------+-----+-----------+-----+-----------+

    * Register: 
    +-------------------------------------+----+----+-----+-----------+
    |                 Name                | FF | LUT| Bits| Const Bits|
    +-------------------------------------+----+----+-----+-----------+
    |add_ln270_reg_383                    |   3|   0|    3|          0|
    |add_ln273_reg_396                    |   3|   0|    3|          0|
    |add_ln278_reg_430                    |   3|   0|    3|          0|
    |agg_result_V_i_reg_416               |  38|   0|   38|          0|
    |ap_CS_fsm                            |  83|   0|   83|          0|
    |grp_exp_38_18_s_fu_165_ap_start_reg  |   1|   0|    1|          0|
    |i_0_reg_99                           |   3|   0|    3|          0|
    |i_reg_353                            |   3|   0|    3|          0|
    |input_0_V_addr_2_reg_401             |   5|   0|    5|          0|
    |input_0_V_addr_3_reg_435             |   5|   0|    5|          0|
    |k1_0_0_reg_143                       |   3|   0|    3|          0|
    |k2_0_0_reg_154                       |   3|   0|    3|          0|
    |k_0_0_reg_120                        |   3|   0|    3|          0|
    |p_Val2_33_0_reg_110                  |  38|   0|   38|          0|
    |p_Val2_34_0_reg_131                  |  38|   0|   38|          0|
    |sext_ln1148_reg_406                  |  58|   0|   58|          0|
    |sub_ln203_reg_358                    |   5|   0|    6|          1|
    |sub_ln703_reg_411                    |  38|   0|   38|          0|
    +-------------------------------------+----+----+-----+-----------+
    |Total                                | 333|   0|  334|          1|
    +-------------------------------------+----+----+-----+-----------+



================================================================
== Interface
================================================================
* Summary: 
+--------------------+-----+-----+------------+------------------+--------------+
|      RTL Ports     | Dir | Bits|  Protocol  |   Source Object  |    C Type    |
+--------------------+-----+-----+------------+------------------+--------------+
|ap_clk              |  in |    1| ap_ctrl_hs | softmax<1, 4, 6> | return value |
|ap_rst              |  in |    1| ap_ctrl_hs | softmax<1, 4, 6> | return value |
|ap_start            |  in |    1| ap_ctrl_hs | softmax<1, 4, 6> | return value |
|ap_done             | out |    1| ap_ctrl_hs | softmax<1, 4, 6> | return value |
|ap_idle             | out |    1| ap_ctrl_hs | softmax<1, 4, 6> | return value |
|ap_ready            | out |    1| ap_ctrl_hs | softmax<1, 4, 6> | return value |
|input_0_V_address0  | out |    5|  ap_memory |     input_0_V    |     array    |
|input_0_V_ce0       | out |    1|  ap_memory |     input_0_V    |     array    |
|input_0_V_we0       | out |    1|  ap_memory |     input_0_V    |     array    |
|input_0_V_d0        | out |   38|  ap_memory |     input_0_V    |     array    |
|input_0_V_q0        |  in |   38|  ap_memory |     input_0_V    |     array    |
+--------------------+-----+-----+------------+------------------+--------------+

