

================================================================
== Vivado HLS Report for 'dut'
================================================================
* Date:           Thu Nov 28 07:55:53 2024

* Version:        2019.2 (Build 2704478 on Wed Nov 06 22:10:23 MST 2019)
* Project:        attention.prj
* Solution:       solution1
* Product family: zynq
* Target device:  xc7z020-clg484-1


================================================================
== Performance Estimates
================================================================
+ Timing: 
    * Summary: 
    +--------+----------+----------+------------+
    |  Clock |  Target  | Estimated| Uncertainty|
    +--------+----------+----------+------------+
    |ap_clk  | 10.00 ns | 8.750 ns |   1.25 ns  |
    +--------+----------+----------+------------+

+ Latency: 
    * Summary: 
    +---------+---------+-----------+-----------+------+------+---------+
    |  Latency (cycles) |   Latency (absolute)  |   Interval  | Pipeline|
    |   min   |   max   |    min    |    max    |  min |  max |   Type  |
    +---------+---------+-----------+-----------+------+------+---------+
    |     1280|     1280| 12.800 us | 12.800 us |  1280|  1280|   none  |
    +---------+---------+-----------+-----------+------+------+---------+

    + Detail: 
        * Instance: 
        +----------------------+-----------+---------+---------+-----------+-----------+------+------+---------+
        |                      |           |  Latency (cycles) |   Latency (absolute)  |   Interval  | Pipeline|
        |       Instance       |   Module  |   min   |   max   |    min    |    max    |  min |  max |   Type  |
        +----------------------+-----------+---------+---------+-----------+-----------+------+------+---------+
        |grp_attention_fu_173  |attention  |     1229|     1229| 12.290 us | 12.290 us |  1229|  1229|   none  |
        +----------------------+-----------+---------+---------+-----------+-----------+------+------+---------+

        * Loop: 
        +----------+---------+---------+----------+-----------+-----------+------+----------+
        |          |  Latency (cycles) | Iteration|  Initiation Interval  | Trip |          |
        | Loop Name|   min   |   max   |  Latency |  achieved |   target  | Count| Pipelined|
        +----------+---------+---------+----------+-----------+-----------+------+----------+
        |- Loop 1  |       16|       16|         1|          -|          -|    16|    no    |
        |- Loop 2  |       32|       32|         2|          -|          -|    16|    no    |
        +----------+---------+---------+----------+-----------+-----------+------+----------+



================================================================
== Utilization Estimates
================================================================
* Summary: 
+-----------------+---------+-------+--------+-------+-----+
|       Name      | BRAM_18K| DSP48E|   FF   |  LUT  | URAM|
+-----------------+---------+-------+--------+-------+-----+
|DSP              |        -|      -|       -|      -|    -|
|Expression       |        -|      -|       0|     54|    -|
|FIFO             |        -|      -|       -|      -|    -|
|Instance         |       16|    160|   43371|  42908|    0|
|Memory           |        3|      -|      80|     10|    0|
|Multiplexer      |        -|      -|       -|    156|    -|
|Register         |        -|      -|      21|      -|    -|
+-----------------+---------+-------+--------+-------+-----+
|Total            |       19|    160|   43472|  43128|    0|
+-----------------+---------+-------+--------+-------+-----+
|Available        |      280|    220|  106400|  53200|    0|
+-----------------+---------+-------+--------+-------+-----+
|Utilization (%)  |        6|     72|      40|     81|    0|
+-----------------+---------+-------+--------+-------+-----+

+ Detail: 
    * Instance: 
    +----------------------+-----------+---------+-------+-------+-------+-----+
    |       Instance       |   Module  | BRAM_18K| DSP48E|   FF  |  LUT  | URAM|
    +----------------------+-----------+---------+-------+-------+-------+-----+
    |grp_attention_fu_173  |attention  |       16|    160|  43371|  42908|    0|
    +----------------------+-----------+---------+-------+-------+-------+-----+
    |Total                 |           |       16|    160|  43371|  42908|    0|
    +----------------------+-----------+---------+-------+-------+-------+-----+

    * DSP48E: 
    N/A

    * Memory: 
    +-------------+---------------+---------+----+----+-----+------+-----+------+-------------+
    |    Memory   |     Module    | BRAM_18K| FF | LUT| URAM| Words| Bits| Banks| W*Bits*Banks|
    +-------------+---------------+---------+----+----+-----+------+-----+------+-------------+
    |input_0_V_U  |dut_input_0_V  |        3|   0|   0|    0|    16|   40|     1|          640|
    |output_0_U   |dut_output_0   |        0|  80|  10|    0|    16|   40|     1|          640|
    +-------------+---------------+---------+----+----+-----+------+-----+------+-------------+
    |Total        |               |        3|  80|  10|    0|    32|   80|     2|         1280|
    +-------------+---------------+---------+----+----+-----+------+-----+------+-------------+

    * FIFO: 
    N/A

    * Expression: 
    +---------------------+----------+-------+---+----+------------+------------+
    |    Variable Name    | Operation| DSP48E| FF| LUT| Bitwidth P0| Bitwidth P1|
    +---------------------+----------+-------+---+----+------------+------------+
    |add_ln26_fu_241_p2   |     +    |      0|  0|  15|           5|           1|
    |add_ln58_fu_273_p2   |     +    |      0|  0|  15|           5|           1|
    |ap_block_state2      |    and   |      0|  0|   2|           1|           1|
    |icmp_ln26_fu_235_p2  |   icmp   |      0|  0|  11|           5|           6|
    |icmp_ln58_fu_267_p2  |   icmp   |      0|  0|  11|           5|           6|
    +---------------------+----------+-------+---+----+------------+------------+
    |Total                |          |      0|  0|  54|          21|          15|
    +---------------------+----------+-------+---+----+------------+------------+

    * Multiplexer: 
    +--------------------+----+-----------+-----+-----------+
    |        Name        | LUT| Input Size| Bits| Total Bits|
    +--------------------+----+-----------+-----+-----------+
    |ap_NS_fsm           |  33|          6|    1|          6|
    |input_0_V_address0  |  15|          3|    4|         12|
    |input_0_V_ce0       |  15|          3|    1|          3|
    |input_0_V_ce1       |   9|          2|    1|          2|
    |input_0_V_we1       |   9|          2|    1|          2|
    |j9_0_0_reg_162      |   9|          2|    5|         10|
    |j_0_0_reg_151       |   9|          2|    5|         10|
    |output_0_address0   |  15|          3|    4|         12|
    |output_0_ce0        |  15|          3|    1|          3|
    |output_0_we0        |   9|          2|    1|          2|
    |strm_in_V_V_blk_n   |   9|          2|    1|          2|
    |strm_out_V_V_blk_n  |   9|          2|    1|          2|
    +--------------------+----+-----------+-----+-----------+
    |Total               | 156|         32|   26|         66|
    +--------------------+----+-----------+-----+-----------+

    * Register: 
    +-----------------------------------+---+----+-----+-----------+
    |                Name               | FF| LUT| Bits| Const Bits|
    +-----------------------------------+---+----+-----+-----------+
    |add_ln58_reg_308                   |  5|   0|    5|          0|
    |ap_CS_fsm                          |  5|   0|    5|          0|
    |grp_attention_fu_173_ap_start_reg  |  1|   0|    1|          0|
    |j9_0_0_reg_162                     |  5|   0|    5|          0|
    |j_0_0_reg_151                      |  5|   0|    5|          0|
    +-----------------------------------+---+----+-----+-----------+
    |Total                              | 21|   0|   21|          0|
    +-----------------------------------+---+----+-----+-----------+



================================================================
== Interface
================================================================
* Summary: 
+---------------------+-----+-----+------------+--------------+--------------+
|      RTL Ports      | Dir | Bits|  Protocol  | Source Object|    C Type    |
+---------------------+-----+-----+------------+--------------+--------------+
|ap_clk               |  in |    1| ap_ctrl_hs |      dut     | return value |
|ap_rst               |  in |    1| ap_ctrl_hs |      dut     | return value |
|ap_start             |  in |    1| ap_ctrl_hs |      dut     | return value |
|ap_done              | out |    1| ap_ctrl_hs |      dut     | return value |
|ap_idle              | out |    1| ap_ctrl_hs |      dut     | return value |
|ap_ready             | out |    1| ap_ctrl_hs |      dut     | return value |
|strm_in_V_V_dout     |  in |   32|   ap_fifo  |  strm_in_V_V |    pointer   |
|strm_in_V_V_empty_n  |  in |    1|   ap_fifo  |  strm_in_V_V |    pointer   |
|strm_in_V_V_read     | out |    1|   ap_fifo  |  strm_in_V_V |    pointer   |
|strm_out_V_V_din     | out |   32|   ap_fifo  | strm_out_V_V |    pointer   |
|strm_out_V_V_full_n  |  in |    1|   ap_fifo  | strm_out_V_V |    pointer   |
|strm_out_V_V_write   | out |    1|   ap_fifo  | strm_out_V_V |    pointer   |
+---------------------+-----+-----+------------+--------------+--------------+

============================================================
+ Verbose Summary: Synthesis Manager
============================================================
InlineROM: 1
ExposeGlobal: 0
============================================================
+ Verbose Summary: CDFG Model
============================================================
IsTopModel: 1
ResetActiveHigh: 1
IsCombinational: 2
IsDatapathOnly: 2
HasWiredReturn: 1
HasMFsm: 0
HasVarLatency: 1
IsPipeline: 0
IsRtlPipelined: 0
IsInstanceOverlapped: 0
IsDontTouch: 0
HasImplIP: 0
IsGatedGlobalClock: 0


============================================================
+ Verbose Summary: Schedule
============================================================
* Number of FSM states : 5
* Pipeline : 0
* Dataflow Pipeline: 0

* FSM state transitions: 
1 --> 2 
2 --> 3 2 
3 --> 4 
4 --> 5 
5 --> 4 

* FSM state operations: 

State 1 <SV = 0> <Delay = 2.32>
ST_1 : Operation 6 [1/1] (0.00ns)   --->   "%empty = call i32 (...)* @_ssdm_op_SpecInterface(i32* %strm_out_V_V, [8 x i8]* @ap_fifo_str, i32 0, i32 0, [1 x i8]* @p_str, i32 0, i32 0, [1 x i8]* @p_str, [1 x i8]* @p_str, [1 x i8]* @p_str, i32 2, i32 2, i32 16, i32 16, [1 x i8]* @p_str, [1 x i8]* @p_str)"   --->   Operation 6 'specinterface' 'empty' <Predicate = true> <Delay = 0.00>
ST_1 : Operation 7 [1/1] (0.00ns)   --->   "%empty_80 = call i32 (...)* @_ssdm_op_SpecInterface(i32* %strm_in_V_V, [8 x i8]* @ap_fifo_str, i32 0, i32 0, [1 x i8]* @p_str, i32 0, i32 0, [1 x i8]* @p_str, [1 x i8]* @p_str, [1 x i8]* @p_str, i32 2, i32 2, i32 16, i32 16, [1 x i8]* @p_str, [1 x i8]* @p_str)"   --->   Operation 7 'specinterface' 'empty_80' <Predicate = true> <Delay = 0.00>
ST_1 : Operation 8 [1/1] (0.00ns)   --->   "call void (...)* @_ssdm_op_SpecBitsMap(i32* %strm_in_V_V), !map !280"   --->   Operation 8 'specbitsmap' <Predicate = true> <Delay = 0.00>
ST_1 : Operation 9 [1/1] (0.00ns)   --->   "call void (...)* @_ssdm_op_SpecBitsMap(i32* %strm_out_V_V), !map !284"   --->   Operation 9 'specbitsmap' <Predicate = true> <Delay = 0.00>
ST_1 : Operation 10 [1/1] (0.00ns)   --->   "call void (...)* @_ssdm_op_SpecTopModule([4 x i8]* @dut_str) nounwind"   --->   Operation 10 'spectopmodule' <Predicate = true> <Delay = 0.00>
ST_1 : Operation 11 [1/1] (2.32ns)   --->   "%input_0_V = alloca [16 x i40], align 8" [attention.cpp:21]   --->   Operation 11 'alloca' 'input_0_V' <Predicate = true> <Delay = 2.32> <Core = "RAM">   --->   Core 37 'RAM' <Latency = 1> <II = 1> <Delay = 2.32> <Storage> <Opcode : 'load' 'store'> <Ports = 2> <Width = 40> <Depth = 16> <RAM>
ST_1 : Operation 12 [1/1] (2.32ns)   --->   "%output_0 = alloca [16 x i40], align 8"   --->   Operation 12 'alloca' 'output_0' <Predicate = true> <Delay = 2.32> <Core = "RAM">   --->   Core 37 'RAM' <Latency = 1> <II = 1> <Delay = 2.32> <Storage> <Opcode : 'load' 'store'> <Ports = 2> <Width = 40> <Depth = 16> <RAM>
ST_1 : Operation 13 [1/1] (1.76ns)   --->   "br label %.preheader75.0" [attention.cpp:26]   --->   Operation 13 'br' <Predicate = true> <Delay = 1.76>

State 2 <SV = 1> <Delay = 5.95>
ST_2 : Operation 14 [1/1] (0.00ns)   --->   "%j_0_0 = phi i5 [ %add_ln26, %_ZN8ap_fixedILi40ELi24EL9ap_q_mode5EL9ap_o_mode3ELi0EEC1ILi32ELi14ELb1ELS0_5ELS1_3ELi0EEERK13ap_fixed_baseIXT_EXT0_EXT1_EXT2_EXT3_EXT4_EE.exit.0 ], [ 0, %arrayctor.loop4.preheader ]" [attention.cpp:26]   --->   Operation 14 'phi' 'j_0_0' <Predicate = true> <Delay = 0.00>
ST_2 : Operation 15 [1/1] (1.36ns)   --->   "%icmp_ln26 = icmp eq i5 %j_0_0, -16" [attention.cpp:26]   --->   Operation 15 'icmp' 'icmp_ln26' <Predicate = true> <Delay = 1.36> <Core = "Cmp">   --->   Core 25 'Cmp' <Latency = 0> <II = 1> <Delay = 1.42> <FuncUnit> <Opcode : 'icmp'> <InPorts = 2> <OutPorts = 1>
ST_2 : Operation 16 [1/1] (0.00ns)   --->   "%empty_81 = call i32 (...)* @_ssdm_op_SpecLoopTripCount(i64 16, i64 16, i64 16)"   --->   Operation 16 'speclooptripcount' 'empty_81' <Predicate = true> <Delay = 0.00>
ST_2 : Operation 17 [1/1] (1.78ns)   --->   "%add_ln26 = add i5 %j_0_0, 1" [attention.cpp:26]   --->   Operation 17 'add' 'add_ln26' <Predicate = true> <Delay = 1.78> <Core = "AddSub">   --->   Core 14 'AddSub' <Latency = 0> <II = 1> <Delay = 1.78> <FuncUnit> <Opcode : 'add' 'sub'> <InPorts = 2> <OutPorts = 1>
ST_2 : Operation 18 [1/1] (0.00ns)   --->   "br i1 %icmp_ln26, label %_ZN8ap_fixedILi40ELi24EL9ap_q_mode5EL9ap_o_mode3ELi0EEC1Ei.exit, label %_ZN8ap_fixedILi40ELi24EL9ap_q_mode5EL9ap_o_mode3ELi0EEC1ILi32ELi14ELb1ELS0_5ELS1_3ELi0EEERK13ap_fixed_baseIXT_EXT0_EXT1_EXT2_EXT3_EXT4_EE.exit.0" [attention.cpp:26]   --->   Operation 18 'br' <Predicate = true> <Delay = 0.00>
ST_2 : Operation 19 [1/1] (0.00ns)   --->   "%zext_ln27 = zext i5 %j_0_0 to i64" [attention.cpp:27]   --->   Operation 19 'zext' 'zext_ln27' <Predicate = (!icmp_ln26)> <Delay = 0.00>
ST_2 : Operation 20 [1/1] (3.63ns)   --->   "%tmp_V = call i32 @_ssdm_op_Read.ap_fifo.volatile.i32P(i32* %strm_in_V_V)" [attention.cpp:27]   --->   Operation 20 'read' 'tmp_V' <Predicate = (!icmp_ln26)> <Delay = 3.63> <Core = "FIFO">   --->   Core 32 'FIFO' <Latency = 0> <II = 1> <Delay = 3.63> <Storage> <Opcode : 'read' 'write' 'nbread' 'nbwrite'> <Ports = 0> <Width = 32> <Depth = 0> <FIFO>
ST_2 : Operation 21 [1/1] (0.00ns)   --->   "%trunc_ln = call i30 @_ssdm_op_PartSelect.i30.i32.i32.i32(i32 %tmp_V, i32 2, i32 31)" [attention.cpp:27]   --->   Operation 21 'partselect' 'trunc_ln' <Predicate = (!icmp_ln26)> <Delay = 0.00>
ST_2 : Operation 22 [1/1] (0.00ns)   --->   "%sext_ln708 = sext i30 %trunc_ln to i40" [attention.cpp:27]   --->   Operation 22 'sext' 'sext_ln708' <Predicate = (!icmp_ln26)> <Delay = 0.00>
ST_2 : Operation 23 [1/1] (0.00ns)   --->   "%input_0_V_addr = getelementptr [16 x i40]* %input_0_V, i64 0, i64 %zext_ln27" [attention.cpp:27]   --->   Operation 23 'getelementptr' 'input_0_V_addr' <Predicate = (!icmp_ln26)> <Delay = 0.00>
ST_2 : Operation 24 [1/1] (2.32ns)   --->   "store i40 %sext_ln708, i40* %input_0_V_addr, align 8" [attention.cpp:27]   --->   Operation 24 'store' <Predicate = (!icmp_ln26)> <Delay = 2.32> <Core = "RAM">   --->   Core 37 'RAM' <Latency = 1> <II = 1> <Delay = 2.32> <Storage> <Opcode : 'load' 'store'> <Ports = 2> <Width = 40> <Depth = 16> <RAM>
ST_2 : Operation 25 [1/1] (0.00ns)   --->   "br label %.preheader75.0" [attention.cpp:26]   --->   Operation 25 'br' <Predicate = (!icmp_ln26)> <Delay = 0.00>
ST_2 : Operation 26 [2/2] (0.00ns)   --->   "call fastcc void @attention([16 x i40]* %input_0_V, [16 x i40]* %output_0)" [attention.cpp:31]   --->   Operation 26 'call' <Predicate = (icmp_ln26)> <Delay = 0.00> <CoreType = "Generic">   --->   Core 0 '' <Latency = 0> <II = 1> <Delay = 1.00> <Generic> <Opcode : >

State 3 <SV = 2> <Delay = 1.76>
ST_3 : Operation 27 [1/2] (0.00ns)   --->   "call fastcc void @attention([16 x i40]* %input_0_V, [16 x i40]* %output_0)" [attention.cpp:31]   --->   Operation 27 'call' <Predicate = true> <Delay = 0.00> <CoreType = "Generic">   --->   Core 0 '' <Latency = 0> <II = 1> <Delay = 1.00> <Generic> <Opcode : >
ST_3 : Operation 28 [1/1] (1.76ns)   --->   "br label %.preheader.0" [attention.cpp:58]   --->   Operation 28 'br' <Predicate = true> <Delay = 1.76>

State 4 <SV = 3> <Delay = 2.32>
ST_4 : Operation 29 [1/1] (0.00ns)   --->   "%j9_0_0 = phi i5 [ %add_ln58, %_ZN8ap_fixedILi32ELi14EL9ap_q_mode5EL9ap_o_mode3ELi0EEC1ILi40ELi24ELb1ELS0_5ELS1_3ELi0EEERK13ap_fixed_baseIXT_EXT0_EXT1_EXT2_EXT3_EXT4_EE.exit.0 ], [ 0, %_ZN8ap_fixedILi40ELi24EL9ap_q_mode5EL9ap_o_mode3ELi0EEC1Ei.exit ]" [attention.cpp:58]   --->   Operation 29 'phi' 'j9_0_0' <Predicate = true> <Delay = 0.00>
ST_4 : Operation 30 [1/1] (1.36ns)   --->   "%icmp_ln58 = icmp eq i5 %j9_0_0, -16" [attention.cpp:58]   --->   Operation 30 'icmp' 'icmp_ln58' <Predicate = true> <Delay = 1.36> <Core = "Cmp">   --->   Core 25 'Cmp' <Latency = 0> <II = 1> <Delay = 1.42> <FuncUnit> <Opcode : 'icmp'> <InPorts = 2> <OutPorts = 1>
ST_4 : Operation 31 [1/1] (0.00ns)   --->   "%empty_82 = call i32 (...)* @_ssdm_op_SpecLoopTripCount(i64 16, i64 16, i64 16)"   --->   Operation 31 'speclooptripcount' 'empty_82' <Predicate = true> <Delay = 0.00>
ST_4 : Operation 32 [1/1] (1.78ns)   --->   "%add_ln58 = add i5 %j9_0_0, 1" [attention.cpp:58]   --->   Operation 32 'add' 'add_ln58' <Predicate = true> <Delay = 1.78> <Core = "AddSub">   --->   Core 14 'AddSub' <Latency = 0> <II = 1> <Delay = 1.78> <FuncUnit> <Opcode : 'add' 'sub'> <InPorts = 2> <OutPorts = 1>
ST_4 : Operation 33 [1/1] (0.00ns)   --->   "br i1 %icmp_ln58, label %0, label %_ZN8ap_fixedILi32ELi14EL9ap_q_mode5EL9ap_o_mode3ELi0EEC1ILi40ELi24ELb1ELS0_5ELS1_3ELi0EEERK13ap_fixed_baseIXT_EXT0_EXT1_EXT2_EXT3_EXT4_EE.exit.0" [attention.cpp:58]   --->   Operation 33 'br' <Predicate = true> <Delay = 0.00>
ST_4 : Operation 34 [1/1] (0.00ns)   --->   "%zext_ln59 = zext i5 %j9_0_0 to i64" [attention.cpp:59]   --->   Operation 34 'zext' 'zext_ln59' <Predicate = (!icmp_ln58)> <Delay = 0.00>
ST_4 : Operation 35 [1/1] (0.00ns)   --->   "%output_0_addr = getelementptr [16 x i40]* %output_0, i64 0, i64 %zext_ln59" [attention.cpp:59]   --->   Operation 35 'getelementptr' 'output_0_addr' <Predicate = (!icmp_ln58)> <Delay = 0.00>
ST_4 : Operation 36 [2/2] (2.32ns)   --->   "%output_0_load = load i40* %output_0_addr, align 8" [attention.cpp:59]   --->   Operation 36 'load' 'output_0_load' <Predicate = (!icmp_ln58)> <Delay = 2.32> <Core = "RAM">   --->   Core 37 'RAM' <Latency = 1> <II = 1> <Delay = 2.32> <Storage> <Opcode : 'load' 'store'> <Ports = 2> <Width = 40> <Depth = 16> <RAM>
ST_4 : Operation 37 [1/1] (0.00ns)   --->   "ret void" [attention.cpp:60]   --->   Operation 37 'ret' <Predicate = (icmp_ln58)> <Delay = 0.00>

State 5 <SV = 4> <Delay = 5.95>
ST_5 : Operation 38 [1/2] (2.32ns)   --->   "%output_0_load = load i40* %output_0_addr, align 8" [attention.cpp:59]   --->   Operation 38 'load' 'output_0_load' <Predicate = true> <Delay = 2.32> <Core = "RAM">   --->   Core 37 'RAM' <Latency = 1> <II = 1> <Delay = 2.32> <Storage> <Opcode : 'load' 'store'> <Ports = 2> <Width = 40> <Depth = 16> <RAM>
ST_5 : Operation 39 [1/1] (0.00ns)   --->   "%trunc_ln731 = trunc i40 %output_0_load to i30" [attention.cpp:59]   --->   Operation 39 'trunc' 'trunc_ln731' <Predicate = true> <Delay = 0.00>
ST_5 : Operation 40 [1/1] (0.00ns)   --->   "%tmp_V_1 = call i32 @_ssdm_op_BitConcatenate.i32.i30.i2(i30 %trunc_ln731, i2 0)" [attention.cpp:59]   --->   Operation 40 'bitconcatenate' 'tmp_V_1' <Predicate = true> <Delay = 0.00>
ST_5 : Operation 41 [1/1] (3.63ns)   --->   "call void @_ssdm_op_Write.ap_fifo.volatile.i32P(i32* %strm_out_V_V, i32 %tmp_V_1)" [attention.cpp:59]   --->   Operation 41 'write' <Predicate = true> <Delay = 3.63> <Core = "FIFO">   --->   Core 32 'FIFO' <Latency = 0> <II = 1> <Delay = 3.63> <Storage> <Opcode : 'read' 'write' 'nbread' 'nbwrite'> <Ports = 0> <Width = 32> <Depth = 0> <FIFO>
ST_5 : Operation 42 [1/1] (0.00ns)   --->   "br label %.preheader.0" [attention.cpp:58]   --->   Operation 42 'br' <Predicate = true> <Delay = 0.00>


============================================================
+ Verbose Summary: Binding
============================================================
STG Binding: 
---------------- STG Properties BEGIN ----------------
- Is combinational: 0
- Is one-state seq: 0
- Is datapath-only: 0
- Is pipelined: 0
- Is top level: 1
Port [ Return ] is wired: 1; IO mode=ap_ctrl_hs:ce=0
Port [ strm_in_V_V]:  wired=1; compound=1; hidden=0; nouse=0; global=0; static=0; extern=0; dir=0; type=3; pingpong=0; private_global=0; IO mode=ap_fifo:ce=0
Port [ strm_out_V_V]:  wired=1; compound=1; hidden=0; nouse=0; global=0; static=0; extern=0; dir=1; type=3; pingpong=0; private_global=0; IO mode=ap_fifo:ce=0
Port [ ln_weight_in_V]:  wired=0; compound=1; hidden=1; nouse=1; global=1; static=1; extern=0; dir=0; type=1; pingpong=0; private_global=0; linkage=7; visibility=0; MemPort=[13]; IO mode=ap_memory:ce=0
Port [ q_weights_0]:  wired=0; compound=1; hidden=1; nouse=1; global=1; static=1; extern=0; dir=0; type=1; pingpong=0; private_global=0; linkage=7; visibility=0; MemPort=[13]; IO mode=ap_memory:ce=0
Port [ q_weights_1]:  wired=0; compound=1; hidden=1; nouse=1; global=1; static=1; extern=0; dir=0; type=1; pingpong=0; private_global=0; linkage=7; visibility=0; MemPort=[13]; IO mode=ap_memory:ce=0
Port [ q_weights_2]:  wired=0; compound=1; hidden=1; nouse=1; global=1; static=1; extern=0; dir=0; type=1; pingpong=0; private_global=0; linkage=7; visibility=0; MemPort=[13]; IO mode=ap_memory:ce=0
Port [ q_weights_3]:  wired=0; compound=1; hidden=1; nouse=1; global=1; static=1; extern=0; dir=0; type=1; pingpong=0; private_global=0; linkage=7; visibility=0; MemPort=[13]; IO mode=ap_memory:ce=0
Port [ k_weights_0]:  wired=0; compound=1; hidden=1; nouse=1; global=1; static=1; extern=0; dir=0; type=1; pingpong=0; private_global=0; linkage=7; visibility=0; MemPort=[13]; IO mode=ap_memory:ce=0
Port [ k_weights_1]:  wired=0; compound=1; hidden=1; nouse=1; global=1; static=1; extern=0; dir=0; type=1; pingpong=0; private_global=0; linkage=7; visibility=0; MemPort=[13]; IO mode=ap_memory:ce=0
Port [ k_weights_2]:  wired=0; compound=1; hidden=1; nouse=1; global=1; static=1; extern=0; dir=0; type=1; pingpong=0; private_global=0; linkage=7; visibility=0; MemPort=[13]; IO mode=ap_memory:ce=0
Port [ k_weights_3]:  wired=0; compound=1; hidden=1; nouse=1; global=1; static=1; extern=0; dir=0; type=1; pingpong=0; private_global=0; linkage=7; visibility=0; MemPort=[13]; IO mode=ap_memory:ce=0
Port [ v_weights_0]:  wired=0; compound=1; hidden=1; nouse=1; global=1; static=1; extern=0; dir=0; type=1; pingpong=0; private_global=0; linkage=7; visibility=0; MemPort=[13]; IO mode=ap_memory:ce=0
Port [ v_weights_1]:  wired=0; compound=1; hidden=1; nouse=1; global=1; static=1; extern=0; dir=0; type=1; pingpong=0; private_global=0; linkage=7; visibility=0; MemPort=[13]; IO mode=ap_memory:ce=0
Port [ v_weights_2]:  wired=0; compound=1; hidden=1; nouse=1; global=1; static=1; extern=0; dir=0; type=1; pingpong=0; private_global=0; linkage=7; visibility=0; MemPort=[13]; IO mode=ap_memory:ce=0
Port [ v_weights_3]:  wired=0; compound=1; hidden=1; nouse=1; global=1; static=1; extern=0; dir=0; type=1; pingpong=0; private_global=0; linkage=7; visibility=0; MemPort=[13]; IO mode=ap_memory:ce=0
Port [ cos_tab_V_2]:  wired=0; compound=1; hidden=1; nouse=1; global=1; static=1; extern=0; dir=0; type=1; pingpong=0; private_global=0; linkage=7; visibility=0; MemPort=[1]; IO mode=ap_memory:ce=0
Port [ sin_tab_V_2]:  wired=0; compound=1; hidden=1; nouse=1; global=1; static=1; extern=0; dir=0; type=1; pingpong=0; private_global=0; linkage=7; visibility=0; MemPort=[1]; IO mode=ap_memory:ce=0
Port [ k_cache_V_0]:  wired=0; compound=1; hidden=1; nouse=1; global=1; static=1; extern=0; dir=0; type=1; pingpong=0; private_global=0; linkage=7; visibility=0; MemPort=[13]; IO mode=ap_memory:ce=0
Port [ k_cache_V_1]:  wired=0; compound=1; hidden=1; nouse=1; global=1; static=1; extern=0; dir=0; type=1; pingpong=0; private_global=0; linkage=7; visibility=0; MemPort=[13]; IO mode=ap_memory:ce=0
Port [ k_cache_V_2]:  wired=0; compound=1; hidden=1; nouse=1; global=1; static=1; extern=0; dir=0; type=1; pingpong=0; private_global=0; linkage=7; visibility=0; MemPort=[13]; IO mode=ap_memory:ce=0
Port [ k_cache_V_3]:  wired=0; compound=1; hidden=1; nouse=1; global=1; static=1; extern=0; dir=0; type=1; pingpong=0; private_global=0; linkage=7; visibility=0; MemPort=[13]; IO mode=ap_memory:ce=0
Port [ v_cache_V_0]:  wired=0; compound=1; hidden=1; nouse=1; global=1; static=1; extern=0; dir=0; type=1; pingpong=0; private_global=0; linkage=7; visibility=0; MemPort=[13]; IO mode=ap_memory:ce=0
Port [ v_cache_V_1]:  wired=0; compound=1; hidden=1; nouse=1; global=1; static=1; extern=0; dir=0; type=1; pingpong=0; private_global=0; linkage=7; visibility=0; MemPort=[13]; IO mode=ap_memory:ce=0
Port [ v_cache_V_2]:  wired=0; compound=1; hidden=1; nouse=1; global=1; static=1; extern=0; dir=0; type=1; pingpong=0; private_global=0; linkage=7; visibility=0; MemPort=[13]; IO mode=ap_memory:ce=0
Port [ v_cache_V_3]:  wired=0; compound=1; hidden=1; nouse=1; global=1; static=1; extern=0; dir=0; type=1; pingpong=0; private_global=0; linkage=7; visibility=0; MemPort=[13]; IO mode=ap_memory:ce=0
Port [ ln_weight_V]:  wired=0; compound=1; hidden=1; nouse=1; global=1; static=1; extern=0; dir=0; type=1; pingpong=0; private_global=0; linkage=7; visibility=0; MemPort=[13]; IO mode=ap_memory:ce=0
Port [ o_weights_0]:  wired=0; compound=1; hidden=1; nouse=1; global=1; static=1; extern=0; dir=0; type=1; pingpong=0; private_global=0; linkage=7; visibility=0; MemPort=[13]; IO mode=ap_memory:ce=0
Port [ o_weights_1]:  wired=0; compound=1; hidden=1; nouse=1; global=1; static=1; extern=0; dir=0; type=1; pingpong=0; private_global=0; linkage=7; visibility=0; MemPort=[13]; IO mode=ap_memory:ce=0
Port [ o_weights_2]:  wired=0; compound=1; hidden=1; nouse=1; global=1; static=1; extern=0; dir=0; type=1; pingpong=0; private_global=0; linkage=7; visibility=0; MemPort=[13]; IO mode=ap_memory:ce=0
Port [ o_weights_3]:  wired=0; compound=1; hidden=1; nouse=1; global=1; static=1; extern=0; dir=0; type=1; pingpong=0; private_global=0; linkage=7; visibility=0; MemPort=[13]; IO mode=ap_memory:ce=0
---------------- STG Properties END ------------------

---------------- Datapath Model BEGIN ----------------

<LifeTime>
<method=bitvector/>
empty             (specinterface    ) [ 000000]
empty_80          (specinterface    ) [ 000000]
specbitsmap_ln0   (specbitsmap      ) [ 000000]
specbitsmap_ln0   (specbitsmap      ) [ 000000]
spectopmodule_ln0 (spectopmodule    ) [ 000000]
input_0_V         (alloca           ) [ 001100]
output_0          (alloca           ) [ 001111]
br_ln26           (br               ) [ 011000]
j_0_0             (phi              ) [ 001000]
icmp_ln26         (icmp             ) [ 001000]
empty_81          (speclooptripcount) [ 000000]
add_ln26          (add              ) [ 011000]
br_ln26           (br               ) [ 000000]
zext_ln27         (zext             ) [ 000000]
tmp_V             (read             ) [ 000000]
trunc_ln          (partselect       ) [ 000000]
sext_ln708        (sext             ) [ 000000]
input_0_V_addr    (getelementptr    ) [ 000000]
store_ln27        (store            ) [ 000000]
br_ln26           (br               ) [ 011000]
call_ln31         (call             ) [ 000000]
br_ln58           (br               ) [ 000111]
j9_0_0            (phi              ) [ 000010]
icmp_ln58         (icmp             ) [ 000011]
empty_82          (speclooptripcount) [ 000000]
add_ln58          (add              ) [ 000111]
br_ln58           (br               ) [ 000000]
zext_ln59         (zext             ) [ 000000]
output_0_addr     (getelementptr    ) [ 000001]
ret_ln60          (ret              ) [ 000000]
output_0_load     (load             ) [ 000000]
trunc_ln731       (trunc            ) [ 000000]
tmp_V_1           (bitconcatenate   ) [ 000000]
write_ln59        (write            ) [ 000000]
br_ln58           (br               ) [ 000111]
</LifeTime>

<model>

<comp_list>
<comp id="0" class="1000" name="strm_in_V_V">
<pin_list>
<pin id="1" dir="1" index="0" bw="1" slack="0"/>
</pin_list>
<bind>
<StgValue><ssdm name="strm_in_V_V"/></StgValue>
</bind>
</comp>

<comp id="2" class="1000" name="strm_out_V_V">
<pin_list>
<pin id="3" dir="1" index="0" bw="1" slack="0"/>
</pin_list>
<bind>
<StgValue><ssdm name="strm_out_V_V"/></StgValue>
</bind>
</comp>

<comp id="4" class="1000" name="ln_weight_in_V">
<pin_list>
<pin id="5" dir="1" index="0" bw="1" slack="0"/>
</pin_list>
<bind>
<StgValue><ssdm name="ln_weight_in_V"/><MemPortTyVec>1 3 </MemPortTyVec>
</StgValue>
</bind>
</comp>

<comp id="6" class="1000" name="q_weights_0">
<pin_list>
<pin id="7" dir="1" index="0" bw="1" slack="0"/>
</pin_list>
<bind>
<StgValue><ssdm name="q_weights_0"/><MemPortTyVec>1 3 </MemPortTyVec>
</StgValue>
</bind>
</comp>

<comp id="8" class="1000" name="q_weights_1">
<pin_list>
<pin id="9" dir="1" index="0" bw="1" slack="0"/>
</pin_list>
<bind>
<StgValue><ssdm name="q_weights_1"/><MemPortTyVec>1 3 </MemPortTyVec>
</StgValue>
</bind>
</comp>

<comp id="10" class="1000" name="q_weights_2">
<pin_list>
<pin id="11" dir="1" index="0" bw="1" slack="0"/>
</pin_list>
<bind>
<StgValue><ssdm name="q_weights_2"/><MemPortTyVec>1 3 </MemPortTyVec>
</StgValue>
</bind>
</comp>

<comp id="12" class="1000" name="q_weights_3">
<pin_list>
<pin id="13" dir="1" index="0" bw="1" slack="0"/>
</pin_list>
<bind>
<StgValue><ssdm name="q_weights_3"/><MemPortTyVec>1 3 </MemPortTyVec>
</StgValue>
</bind>
</comp>

<comp id="14" class="1000" name="k_weights_0">
<pin_list>
<pin id="15" dir="1" index="0" bw="1" slack="0"/>
</pin_list>
<bind>
<StgValue><ssdm name="k_weights_0"/><MemPortTyVec>1 3 </MemPortTyVec>
</StgValue>
</bind>
</comp>

<comp id="16" class="1000" name="k_weights_1">
<pin_list>
<pin id="17" dir="1" index="0" bw="1" slack="0"/>
</pin_list>
<bind>
<StgValue><ssdm name="k_weights_1"/><MemPortTyVec>1 3 </MemPortTyVec>
</StgValue>
</bind>
</comp>

<comp id="18" class="1000" name="k_weights_2">
<pin_list>
<pin id="19" dir="1" index="0" bw="1" slack="0"/>
</pin_list>
<bind>
<StgValue><ssdm name="k_weights_2"/><MemPortTyVec>1 3 </MemPortTyVec>
</StgValue>
</bind>
</comp>

<comp id="20" class="1000" name="k_weights_3">
<pin_list>
<pin id="21" dir="1" index="0" bw="1" slack="0"/>
</pin_list>
<bind>
<StgValue><ssdm name="k_weights_3"/><MemPortTyVec>1 3 </MemPortTyVec>
</StgValue>
</bind>
</comp>

<comp id="22" class="1000" name="v_weights_0">
<pin_list>
<pin id="23" dir="1" index="0" bw="1" slack="0"/>
</pin_list>
<bind>
<StgValue><ssdm name="v_weights_0"/><MemPortTyVec>1 3 </MemPortTyVec>
</StgValue>
</bind>
</comp>

<comp id="24" class="1000" name="v_weights_1">
<pin_list>
<pin id="25" dir="1" index="0" bw="1" slack="0"/>
</pin_list>
<bind>
<StgValue><ssdm name="v_weights_1"/><MemPortTyVec>1 3 </MemPortTyVec>
</StgValue>
</bind>
</comp>

<comp id="26" class="1000" name="v_weights_2">
<pin_list>
<pin id="27" dir="1" index="0" bw="1" slack="0"/>
</pin_list>
<bind>
<StgValue><ssdm name="v_weights_2"/><MemPortTyVec>1 3 </MemPortTyVec>
</StgValue>
</bind>
</comp>

<comp id="28" class="1000" name="v_weights_3">
<pin_list>
<pin id="29" dir="1" index="0" bw="1" slack="0"/>
</pin_list>
<bind>
<StgValue><ssdm name="v_weights_3"/><MemPortTyVec>1 3 </MemPortTyVec>
</StgValue>
</bind>
</comp>

<comp id="30" class="1000" name="cos_tab_V_2">
<pin_list>
<pin id="31" dir="1" index="0" bw="1" slack="0"/>
</pin_list>
<bind>
<StgValue><ssdm name="cos_tab_V_2"/><MemPortTyVec>1 </MemPortTyVec>
</StgValue>
</bind>
</comp>

<comp id="32" class="1000" name="sin_tab_V_2">
<pin_list>
<pin id="33" dir="1" index="0" bw="1" slack="0"/>
</pin_list>
<bind>
<StgValue><ssdm name="sin_tab_V_2"/><MemPortTyVec>1 </MemPortTyVec>
</StgValue>
</bind>
</comp>

<comp id="34" class="1000" name="k_cache_V_0">
<pin_list>
<pin id="35" dir="1" index="0" bw="1" slack="0"/>
</pin_list>
<bind>
<StgValue><ssdm name="k_cache_V_0"/><MemPortTyVec>1 3 </MemPortTyVec>
</StgValue>
</bind>
</comp>

<comp id="36" class="1000" name="k_cache_V_1">
<pin_list>
<pin id="37" dir="1" index="0" bw="1" slack="0"/>
</pin_list>
<bind>
<StgValue><ssdm name="k_cache_V_1"/><MemPortTyVec>1 3 </MemPortTyVec>
</StgValue>
</bind>
</comp>

<comp id="38" class="1000" name="k_cache_V_2">
<pin_list>
<pin id="39" dir="1" index="0" bw="1" slack="0"/>
</pin_list>
<bind>
<StgValue><ssdm name="k_cache_V_2"/><MemPortTyVec>1 3 </MemPortTyVec>
</StgValue>
</bind>
</comp>

<comp id="40" class="1000" name="k_cache_V_3">
<pin_list>
<pin id="41" dir="1" index="0" bw="1" slack="0"/>
</pin_list>
<bind>
<StgValue><ssdm name="k_cache_V_3"/><MemPortTyVec>1 3 </MemPortTyVec>
</StgValue>
</bind>
</comp>

<comp id="42" class="1000" name="v_cache_V_0">
<pin_list>
<pin id="43" dir="1" index="0" bw="1" slack="0"/>
</pin_list>
<bind>
<StgValue><ssdm name="v_cache_V_0"/><MemPortTyVec>1 3 </MemPortTyVec>
</StgValue>
</bind>
</comp>

<comp id="44" class="1000" name="v_cache_V_1">
<pin_list>
<pin id="45" dir="1" index="0" bw="1" slack="0"/>
</pin_list>
<bind>
<StgValue><ssdm name="v_cache_V_1"/><MemPortTyVec>1 3 </MemPortTyVec>
</StgValue>
</bind>
</comp>

<comp id="46" class="1000" name="v_cache_V_2">
<pin_list>
<pin id="47" dir="1" index="0" bw="1" slack="0"/>
</pin_list>
<bind>
<StgValue><ssdm name="v_cache_V_2"/><MemPortTyVec>1 3 </MemPortTyVec>
</StgValue>
</bind>
</comp>

<comp id="48" class="1000" name="v_cache_V_3">
<pin_list>
<pin id="49" dir="1" index="0" bw="1" slack="0"/>
</pin_list>
<bind>
<StgValue><ssdm name="v_cache_V_3"/><MemPortTyVec>1 3 </MemPortTyVec>
</StgValue>
</bind>
</comp>

<comp id="50" class="1000" name="ln_weight_V">
<pin_list>
<pin id="51" dir="1" index="0" bw="1" slack="0"/>
</pin_list>
<bind>
<StgValue><ssdm name="ln_weight_V"/><MemPortTyVec>1 3 </MemPortTyVec>
</StgValue>
</bind>
</comp>

<comp id="52" class="1000" name="o_weights_0">
<pin_list>
<pin id="53" dir="1" index="0" bw="1" slack="0"/>
</pin_list>
<bind>
<StgValue><ssdm name="o_weights_0"/><MemPortTyVec>1 3 </MemPortTyVec>
</StgValue>
</bind>
</comp>

<comp id="54" class="1000" name="o_weights_1">
<pin_list>
<pin id="55" dir="1" index="0" bw="1" slack="0"/>
</pin_list>
<bind>
<StgValue><ssdm name="o_weights_1"/><MemPortTyVec>1 3 </MemPortTyVec>
</StgValue>
</bind>
</comp>

<comp id="56" class="1000" name="o_weights_2">
<pin_list>
<pin id="57" dir="1" index="0" bw="1" slack="0"/>
</pin_list>
<bind>
<StgValue><ssdm name="o_weights_2"/><MemPortTyVec>1 3 </MemPortTyVec>
</StgValue>
</bind>
</comp>

<comp id="58" class="1000" name="o_weights_3">
<pin_list>
<pin id="59" dir="1" index="0" bw="1" slack="0"/>
</pin_list>
<bind>
<StgValue><ssdm name="o_weights_3"/><MemPortTyVec>1 3 </MemPortTyVec>
</StgValue>
</bind>
</comp>

<comp id="60" class="1001" name="const_60">
<pin_list>
<pin id="61" dir="1" index="0" bw="1" slack="2147483647"/>
</pin_list>
<bind>
<StgValue><ssdm name="_ssdm_op_SpecInterface"/></StgValue>
</bind>
</comp>

<comp id="62" class="1001" name="const_62">
<pin_list>
<pin id="63" dir="1" index="0" bw="1" slack="2147483647"/>
</pin_list>
<bind>
<StgValue><ssdm name="ap_fifo_str"/></StgValue>
</bind>
</comp>

<comp id="64" class="1001" name="const_64">
<pin_list>
<pin id="65" dir="1" index="0" bw="1" slack="2147483647"/>
</pin_list>
<bind>
<StgValue><ssdm name=""/></StgValue>
</bind>
</comp>

<comp id="66" class="1001" name="const_66">
<pin_list>
<pin id="67" dir="1" index="0" bw="1" slack="2147483647"/>
</pin_list>
<bind>
<StgValue><ssdm name="p_str"/></StgValue>
</bind>
</comp>

<comp id="68" class="1001" name="const_68">
<pin_list>
<pin id="69" dir="1" index="0" bw="1" slack="0"/>
</pin_list>
<bind>
<StgValue><ssdm name=""/></StgValue>
</bind>
</comp>

<comp id="70" class="1001" name="const_70">
<pin_list>
<pin id="71" dir="1" index="0" bw="1" slack="2147483647"/>
</pin_list>
<bind>
<StgValue><ssdm name=""/></StgValue>
</bind>
</comp>

<comp id="72" class="1001" name="const_72">
<pin_list>
<pin id="73" dir="1" index="0" bw="1" slack="2147483647"/>
</pin_list>
<bind>
<StgValue><ssdm name="_ssdm_op_SpecBitsMap"/></StgValue>
</bind>
</comp>

<comp id="74" class="1001" name="const_74">
<pin_list>
<pin id="75" dir="1" index="0" bw="1" slack="2147483647"/>
</pin_list>
<bind>
<StgValue><ssdm name="_ssdm_op_SpecTopModule"/></StgValue>
</bind>
</comp>

<comp id="76" class="1001" name="const_76">
<pin_list>
<pin id="77" dir="1" index="0" bw="1" slack="2147483647"/>
</pin_list>
<bind>
<StgValue><ssdm name="dut_str"/></StgValue>
</bind>
</comp>

<comp id="78" class="1001" name="const_78">
<pin_list>
<pin id="79" dir="1" index="0" bw="1" slack="0"/>
</pin_list>
<bind>
<StgValue><ssdm name=""/></StgValue>
</bind>
</comp>

<comp id="80" class="1001" name="const_80">
<pin_list>
<pin id="81" dir="1" index="0" bw="1" slack="1"/>
</pin_list>
<bind>
<StgValue><ssdm name=""/></StgValue>
</bind>
</comp>

<comp id="82" class="1001" name="const_82">
<pin_list>
<pin id="83" dir="1" index="0" bw="1" slack="0"/>
</pin_list>
<bind>
<StgValue><ssdm name=""/></StgValue>
</bind>
</comp>

<comp id="84" class="1001" name="const_84">
<pin_list>
<pin id="85" dir="1" index="0" bw="1" slack="2147483647"/>
</pin_list>
<bind>
<StgValue><ssdm name="_ssdm_op_SpecLoopTripCount"/></StgValue>
</bind>
</comp>

<comp id="86" class="1001" name="const_86">
<pin_list>
<pin id="87" dir="1" index="0" bw="1" slack="2147483647"/>
</pin_list>
<bind>
<StgValue><ssdm name=""/></StgValue>
</bind>
</comp>

<comp id="88" class="1001" name="const_88">
<pin_list>
<pin id="89" dir="1" index="0" bw="1" slack="0"/>
</pin_list>
<bind>
<StgValue><ssdm name=""/></StgValue>
</bind>
</comp>

<comp id="90" class="1001" name="const_90">
<pin_list>
<pin id="91" dir="1" index="0" bw="1" slack="0"/>
</pin_list>
<bind>
<StgValue><ssdm name="_ssdm_op_Read.ap_fifo.volatile.i32P"/></StgValue>
</bind>
</comp>

<comp id="92" class="1001" name="const_92">
<pin_list>
<pin id="93" dir="1" index="0" bw="1" slack="0"/>
</pin_list>
<bind>
<StgValue><ssdm name="_ssdm_op_PartSelect.i30.i32.i32.i32"/></StgValue>
</bind>
</comp>

<comp id="94" class="1001" name="const_94">
<pin_list>
<pin id="95" dir="1" index="0" bw="1" slack="0"/>
</pin_list>
<bind>
<StgValue><ssdm name=""/></StgValue>
</bind>
</comp>

<comp id="96" class="1001" name="const_96">
<pin_list>
<pin id="97" dir="1" index="0" bw="1" slack="0"/>
</pin_list>
<bind>
<StgValue><ssdm name=""/></StgValue>
</bind>
</comp>

<comp id="98" class="1001" name="const_98">
<pin_list>
<pin id="99" dir="1" index="0" bw="1" slack="0"/>
</pin_list>
<bind>
<StgValue><ssdm name="attention"/></StgValue>
</bind>
</comp>

<comp id="100" class="1001" name="const_100">
<pin_list>
<pin id="101" dir="1" index="0" bw="1" slack="0"/>
</pin_list>
<bind>
<StgValue><ssdm name="_ssdm_op_BitConcatenate.i32.i30.i2"/></StgValue>
</bind>
</comp>

<comp id="102" class="1001" name="const_102">
<pin_list>
<pin id="103" dir="1" index="0" bw="1" slack="0"/>
</pin_list>
<bind>
<StgValue><ssdm name=""/></StgValue>
</bind>
</comp>

<comp id="104" class="1001" name="const_104">
<pin_list>
<pin id="105" dir="1" index="0" bw="1" slack="0"/>
</pin_list>
<bind>
<StgValue><ssdm name="_ssdm_op_Write.ap_fifo.volatile.i32P"/></StgValue>
</bind>
</comp>

<comp id="106" class="1004" name="input_0_V_alloca_fu_106">
<pin_list>
<pin id="107" dir="0" index="0" bw="1" slack="0"/>
<pin id="108" dir="1" index="1" bw="40" slack="2147483647"/>
</pin_list>
<bind>
<opcode="alloca(26) " fcode="alloca"/>
<opset="input_0_V/1 "/>
</bind>
</comp>

<comp id="110" class="1004" name="output_0_alloca_fu_110">
<pin_list>
<pin id="111" dir="0" index="0" bw="1" slack="0"/>
<pin id="112" dir="1" index="1" bw="40" slack="2147483647"/>
</pin_list>
<bind>
<opcode="alloca(26) " fcode="alloca"/>
<opset="output_0/1 "/>
</bind>
</comp>

<comp id="114" class="1004" name="tmp_V_read_fu_114">
<pin_list>
<pin id="115" dir="0" index="0" bw="32" slack="0"/>
<pin id="116" dir="0" index="1" bw="32" slack="0"/>
<pin id="117" dir="1" index="2" bw="32" slack="0"/>
</pin_list>
<bind>
<opcode="read(1150) " fcode="read"/>
<opset="tmp_V/2 "/>
</bind>
</comp>

<comp id="120" class="1004" name="write_ln59_write_fu_120">
<pin_list>
<pin id="121" dir="0" index="0" bw="0" slack="0"/>
<pin id="122" dir="0" index="1" bw="32" slack="0"/>
<pin id="123" dir="0" index="2" bw="32" slack="0"/>
<pin id="124" dir="1" index="3" bw="0" slack="2147483647"/>
</pin_list>
<bind>
<opcode="write(1151) " fcode="write"/>
<opset="write_ln59/5 "/>
</bind>
</comp>

<comp id="127" class="1004" name="input_0_V_addr_gep_fu_127">
<pin_list>
<pin id="128" dir="0" index="0" bw="40" slack="2147483647"/>
<pin id="129" dir="0" index="1" bw="1" slack="0"/>
<pin id="130" dir="0" index="2" bw="5" slack="0"/>
<pin id="131" dir="1" index="3" bw="4" slack="0"/>
</pin_list>
<bind>
<opcode="getelementptr(29) " fcode="getelementptr"/>
<opset="input_0_V_addr/2 "/>
</bind>
</comp>

<comp id="133" class="1004" name="store_ln27_access_fu_133">
<pin_list>
<pin id="134" dir="0" index="0" bw="4" slack="0"/>
<pin id="135" dir="0" index="1" bw="40" slack="0"/>
<pin id="136" dir="0" index="2" bw="0" slack="2147483647"/>
<pin id="137" dir="1" index="3" bw="40" slack="2147483647"/>
</pin_list>
<bind>
<opcode="store(28) " fcode="store"/>
<opset="store_ln27/2 "/>
</bind>
</comp>

<comp id="139" class="1004" name="output_0_addr_gep_fu_139">
<pin_list>
<pin id="140" dir="0" index="0" bw="40" slack="2147483647"/>
<pin id="141" dir="0" index="1" bw="1" slack="0"/>
<pin id="142" dir="0" index="2" bw="5" slack="0"/>
<pin id="143" dir="1" index="3" bw="4" slack="0"/>
</pin_list>
<bind>
<opcode="getelementptr(29) " fcode="getelementptr"/>
<opset="output_0_addr/4 "/>
</bind>
</comp>

<comp id="145" class="1004" name="grp_access_fu_145">
<pin_list>
<pin id="146" dir="0" index="0" bw="4" slack="0"/>
<pin id="147" dir="0" index="1" bw="40" slack="2147483647"/>
<pin id="148" dir="0" index="2" bw="0" slack="2147483647"/>
<pin id="149" dir="1" index="3" bw="40" slack="0"/>
</pin_list>
<bind>
<opcode="load(27) " fcode="load"/>
<opset="output_0_load/4 "/>
</bind>
</comp>

<comp id="151" class="1005" name="j_0_0_reg_151">
<pin_list>
<pin id="152" dir="0" index="0" bw="5" slack="1"/>
<pin id="153" dir="1" index="1" bw="5" slack="1"/>
</pin_list>
<bind>
<opset="j_0_0 (phireg) "/>
</bind>
</comp>

<comp id="155" class="1004" name="j_0_0_phi_fu_155">
<pin_list>
<pin id="156" dir="0" index="0" bw="5" slack="0"/>
<pin id="157" dir="0" index="1" bw="0" slack="2147483647"/>
<pin id="158" dir="0" index="2" bw="1" slack="1"/>
<pin id="159" dir="0" index="3" bw="0" slack="2147483647"/>
<pin id="160" dir="1" index="4" bw="5" slack="0"/>
</pin_list>
<bind>
<opcode="phi(47) " fcode="phi"/>
<opset="j_0_0/2 "/>
</bind>
</comp>

<comp id="162" class="1005" name="j9_0_0_reg_162">
<pin_list>
<pin id="163" dir="0" index="0" bw="5" slack="1"/>
<pin id="164" dir="1" index="1" bw="5" slack="1"/>
</pin_list>
<bind>
<opset="j9_0_0 (phireg) "/>
</bind>
</comp>

<comp id="166" class="1004" name="j9_0_0_phi_fu_166">
<pin_list>
<pin id="167" dir="0" index="0" bw="5" slack="0"/>
<pin id="168" dir="0" index="1" bw="0" slack="2147483647"/>
<pin id="169" dir="0" index="2" bw="1" slack="1"/>
<pin id="170" dir="0" index="3" bw="0" slack="2147483647"/>
<pin id="171" dir="1" index="4" bw="5" slack="0"/>
</pin_list>
<bind>
<opcode="phi(47) " fcode="phi"/>
<opset="j9_0_0/4 "/>
</bind>
</comp>

<comp id="173" class="1004" name="grp_attention_fu_173">
<pin_list>
<pin id="174" dir="0" index="0" bw="0" slack="0"/>
<pin id="175" dir="0" index="1" bw="40" slack="2147483647"/>
<pin id="176" dir="0" index="2" bw="40" slack="2147483647"/>
<pin id="177" dir="0" index="3" bw="40" slack="0"/>
<pin id="178" dir="0" index="4" bw="8" slack="0"/>
<pin id="179" dir="0" index="5" bw="8" slack="0"/>
<pin id="180" dir="0" index="6" bw="8" slack="0"/>
<pin id="181" dir="0" index="7" bw="8" slack="0"/>
<pin id="182" dir="0" index="8" bw="8" slack="0"/>
<pin id="183" dir="0" index="9" bw="8" slack="0"/>
<pin id="184" dir="0" index="10" bw="8" slack="0"/>
<pin id="185" dir="0" index="11" bw="8" slack="0"/>
<pin id="186" dir="0" index="12" bw="8" slack="0"/>
<pin id="187" dir="0" index="13" bw="8" slack="0"/>
<pin id="188" dir="0" index="14" bw="8" slack="0"/>
<pin id="189" dir="0" index="15" bw="8" slack="0"/>
<pin id="190" dir="0" index="16" bw="18" slack="0"/>
<pin id="191" dir="0" index="17" bw="16" slack="0"/>
<pin id="192" dir="0" index="18" bw="40" slack="0"/>
<pin id="193" dir="0" index="19" bw="40" slack="0"/>
<pin id="194" dir="0" index="20" bw="40" slack="0"/>
<pin id="195" dir="0" index="21" bw="40" slack="0"/>
<pin id="196" dir="0" index="22" bw="40" slack="0"/>
<pin id="197" dir="0" index="23" bw="40" slack="0"/>
<pin id="198" dir="0" index="24" bw="40" slack="0"/>
<pin id="199" dir="0" index="25" bw="40" slack="0"/>
<pin id="200" dir="0" index="26" bw="40" slack="0"/>
<pin id="201" dir="0" index="27" bw="8" slack="0"/>
<pin id="202" dir="0" index="28" bw="8" slack="0"/>
<pin id="203" dir="0" index="29" bw="8" slack="0"/>
<pin id="204" dir="0" index="30" bw="8" slack="0"/>
<pin id="205" dir="1" index="31" bw="0" slack="2147483647"/>
</pin_list>
<bind>
<opcode="call(48) " fcode="call"/>
<opset="call_ln31/2 "/>
</bind>
</comp>

<comp id="235" class="1004" name="icmp_ln26_fu_235">
<pin_list>
<pin id="236" dir="0" index="0" bw="5" slack="0"/>
<pin id="237" dir="0" index="1" bw="5" slack="0"/>
<pin id="238" dir="1" index="2" bw="1" slack="2147483647"/>
</pin_list>
<bind>
<opcode="icmp(45) " fcode="icmp"/>
<opset="icmp_ln26/2 "/>
</bind>
</comp>

<comp id="241" class="1004" name="add_ln26_fu_241">
<pin_list>
<pin id="242" dir="0" index="0" bw="5" slack="0"/>
<pin id="243" dir="0" index="1" bw="1" slack="0"/>
<pin id="244" dir="1" index="2" bw="5" slack="0"/>
</pin_list>
<bind>
<opcode="add(8) " fcode="add"/>
<opset="add_ln26/2 "/>
</bind>
</comp>

<comp id="247" class="1004" name="zext_ln27_fu_247">
<pin_list>
<pin id="248" dir="0" index="0" bw="5" slack="0"/>
<pin id="249" dir="1" index="1" bw="64" slack="0"/>
</pin_list>
<bind>
<opcode="zext(34) " fcode="zext"/>
<opset="zext_ln27/2 "/>
</bind>
</comp>

<comp id="252" class="1004" name="trunc_ln_fu_252">
<pin_list>
<pin id="253" dir="0" index="0" bw="30" slack="0"/>
<pin id="254" dir="0" index="1" bw="32" slack="0"/>
<pin id="255" dir="0" index="2" bw="3" slack="0"/>
<pin id="256" dir="0" index="3" bw="6" slack="0"/>
<pin id="257" dir="1" index="4" bw="30" slack="0"/>
</pin_list>
<bind>
<opcode="partselect(1002) " fcode="partselect"/>
<opset="trunc_ln/2 "/>
</bind>
</comp>

<comp id="262" class="1004" name="sext_ln708_fu_262">
<pin_list>
<pin id="263" dir="0" index="0" bw="30" slack="0"/>
<pin id="264" dir="1" index="1" bw="40" slack="0"/>
</pin_list>
<bind>
<opcode="sext(35) " fcode="sext"/>
<opset="sext_ln708/2 "/>
</bind>
</comp>

<comp id="267" class="1004" name="icmp_ln58_fu_267">
<pin_list>
<pin id="268" dir="0" index="0" bw="5" slack="0"/>
<pin id="269" dir="0" index="1" bw="5" slack="0"/>
<pin id="270" dir="1" index="2" bw="1" slack="2147483647"/>
</pin_list>
<bind>
<opcode="icmp(45) " fcode="icmp"/>
<opset="icmp_ln58/4 "/>
</bind>
</comp>

<comp id="273" class="1004" name="add_ln58_fu_273">
<pin_list>
<pin id="274" dir="0" index="0" bw="5" slack="0"/>
<pin id="275" dir="0" index="1" bw="1" slack="0"/>
<pin id="276" dir="1" index="2" bw="5" slack="0"/>
</pin_list>
<bind>
<opcode="add(8) " fcode="add"/>
<opset="add_ln58/4 "/>
</bind>
</comp>

<comp id="279" class="1004" name="zext_ln59_fu_279">
<pin_list>
<pin id="280" dir="0" index="0" bw="5" slack="0"/>
<pin id="281" dir="1" index="1" bw="64" slack="0"/>
</pin_list>
<bind>
<opcode="zext(34) " fcode="zext"/>
<opset="zext_ln59/4 "/>
</bind>
</comp>

<comp id="284" class="1004" name="trunc_ln731_fu_284">
<pin_list>
<pin id="285" dir="0" index="0" bw="40" slack="0"/>
<pin id="286" dir="1" index="1" bw="30" slack="0"/>
</pin_list>
<bind>
<opcode="trunc(33) " fcode="trunc"/>
<opset="trunc_ln731/5 "/>
</bind>
</comp>

<comp id="288" class="1004" name="tmp_V_1_fu_288">
<pin_list>
<pin id="289" dir="0" index="0" bw="32" slack="0"/>
<pin id="290" dir="0" index="1" bw="30" slack="0"/>
<pin id="291" dir="0" index="2" bw="1" slack="0"/>
<pin id="292" dir="1" index="3" bw="32" slack="0"/>
</pin_list>
<bind>
<opcode="bitconcatenate(1004) " fcode="bitconcatenate"/>
<opset="tmp_V_1/5 "/>
</bind>
</comp>

<comp id="300" class="1005" name="add_ln26_reg_300">
<pin_list>
<pin id="301" dir="0" index="0" bw="5" slack="0"/>
<pin id="302" dir="1" index="1" bw="5" slack="0"/>
</pin_list>
<bind>
<opset="add_ln26 "/>
</bind>
</comp>

<comp id="308" class="1005" name="add_ln58_reg_308">
<pin_list>
<pin id="309" dir="0" index="0" bw="5" slack="0"/>
<pin id="310" dir="1" index="1" bw="5" slack="0"/>
</pin_list>
<bind>
<opset="add_ln58 "/>
</bind>
</comp>

<comp id="313" class="1005" name="output_0_addr_reg_313">
<pin_list>
<pin id="314" dir="0" index="0" bw="4" slack="1"/>
<pin id="315" dir="1" index="1" bw="4" slack="1"/>
</pin_list>
<bind>
<opset="output_0_addr "/>
</bind>
</comp>

</comp_list>

<net_list>
<net id="109"><net_src comp="78" pin="0"/><net_sink comp="106" pin=0"/></net>

<net id="113"><net_src comp="78" pin="0"/><net_sink comp="110" pin=0"/></net>

<net id="118"><net_src comp="90" pin="0"/><net_sink comp="114" pin=0"/></net>

<net id="119"><net_src comp="0" pin="0"/><net_sink comp="114" pin=1"/></net>

<net id="125"><net_src comp="104" pin="0"/><net_sink comp="120" pin=0"/></net>

<net id="126"><net_src comp="2" pin="0"/><net_sink comp="120" pin=1"/></net>

<net id="132"><net_src comp="96" pin="0"/><net_sink comp="127" pin=1"/></net>

<net id="138"><net_src comp="127" pin="3"/><net_sink comp="133" pin=0"/></net>

<net id="144"><net_src comp="96" pin="0"/><net_sink comp="139" pin=1"/></net>

<net id="150"><net_src comp="139" pin="3"/><net_sink comp="145" pin=0"/></net>

<net id="154"><net_src comp="80" pin="0"/><net_sink comp="151" pin=0"/></net>

<net id="161"><net_src comp="151" pin="1"/><net_sink comp="155" pin=2"/></net>

<net id="165"><net_src comp="80" pin="0"/><net_sink comp="162" pin=0"/></net>

<net id="172"><net_src comp="162" pin="1"/><net_sink comp="166" pin=2"/></net>

<net id="206"><net_src comp="98" pin="0"/><net_sink comp="173" pin=0"/></net>

<net id="207"><net_src comp="4" pin="0"/><net_sink comp="173" pin=3"/></net>

<net id="208"><net_src comp="6" pin="0"/><net_sink comp="173" pin=4"/></net>

<net id="209"><net_src comp="8" pin="0"/><net_sink comp="173" pin=5"/></net>

<net id="210"><net_src comp="10" pin="0"/><net_sink comp="173" pin=6"/></net>

<net id="211"><net_src comp="12" pin="0"/><net_sink comp="173" pin=7"/></net>

<net id="212"><net_src comp="14" pin="0"/><net_sink comp="173" pin=8"/></net>

<net id="213"><net_src comp="16" pin="0"/><net_sink comp="173" pin=9"/></net>

<net id="214"><net_src comp="18" pin="0"/><net_sink comp="173" pin=10"/></net>

<net id="215"><net_src comp="20" pin="0"/><net_sink comp="173" pin=11"/></net>

<net id="216"><net_src comp="22" pin="0"/><net_sink comp="173" pin=12"/></net>

<net id="217"><net_src comp="24" pin="0"/><net_sink comp="173" pin=13"/></net>

<net id="218"><net_src comp="26" pin="0"/><net_sink comp="173" pin=14"/></net>

<net id="219"><net_src comp="28" pin="0"/><net_sink comp="173" pin=15"/></net>

<net id="220"><net_src comp="30" pin="0"/><net_sink comp="173" pin=16"/></net>

<net id="221"><net_src comp="32" pin="0"/><net_sink comp="173" pin=17"/></net>

<net id="222"><net_src comp="34" pin="0"/><net_sink comp="173" pin=18"/></net>

<net id="223"><net_src comp="36" pin="0"/><net_sink comp="173" pin=19"/></net>

<net id="224"><net_src comp="38" pin="0"/><net_sink comp="173" pin=20"/></net>

<net id="225"><net_src comp="40" pin="0"/><net_sink comp="173" pin=21"/></net>

<net id="226"><net_src comp="42" pin="0"/><net_sink comp="173" pin=22"/></net>

<net id="227"><net_src comp="44" pin="0"/><net_sink comp="173" pin=23"/></net>

<net id="228"><net_src comp="46" pin="0"/><net_sink comp="173" pin=24"/></net>

<net id="229"><net_src comp="48" pin="0"/><net_sink comp="173" pin=25"/></net>

<net id="230"><net_src comp="50" pin="0"/><net_sink comp="173" pin=26"/></net>

<net id="231"><net_src comp="52" pin="0"/><net_sink comp="173" pin=27"/></net>

<net id="232"><net_src comp="54" pin="0"/><net_sink comp="173" pin=28"/></net>

<net id="233"><net_src comp="56" pin="0"/><net_sink comp="173" pin=29"/></net>

<net id="234"><net_src comp="58" pin="0"/><net_sink comp="173" pin=30"/></net>

<net id="239"><net_src comp="155" pin="4"/><net_sink comp="235" pin=0"/></net>

<net id="240"><net_src comp="82" pin="0"/><net_sink comp="235" pin=1"/></net>

<net id="245"><net_src comp="155" pin="4"/><net_sink comp="241" pin=0"/></net>

<net id="246"><net_src comp="88" pin="0"/><net_sink comp="241" pin=1"/></net>

<net id="250"><net_src comp="155" pin="4"/><net_sink comp="247" pin=0"/></net>

<net id="251"><net_src comp="247" pin="1"/><net_sink comp="127" pin=2"/></net>

<net id="258"><net_src comp="92" pin="0"/><net_sink comp="252" pin=0"/></net>

<net id="259"><net_src comp="114" pin="2"/><net_sink comp="252" pin=1"/></net>

<net id="260"><net_src comp="68" pin="0"/><net_sink comp="252" pin=2"/></net>

<net id="261"><net_src comp="94" pin="0"/><net_sink comp="252" pin=3"/></net>

<net id="265"><net_src comp="252" pin="4"/><net_sink comp="262" pin=0"/></net>

<net id="266"><net_src comp="262" pin="1"/><net_sink comp="133" pin=1"/></net>

<net id="271"><net_src comp="166" pin="4"/><net_sink comp="267" pin=0"/></net>

<net id="272"><net_src comp="82" pin="0"/><net_sink comp="267" pin=1"/></net>

<net id="277"><net_src comp="166" pin="4"/><net_sink comp="273" pin=0"/></net>

<net id="278"><net_src comp="88" pin="0"/><net_sink comp="273" pin=1"/></net>

<net id="282"><net_src comp="166" pin="4"/><net_sink comp="279" pin=0"/></net>

<net id="283"><net_src comp="279" pin="1"/><net_sink comp="139" pin=2"/></net>

<net id="287"><net_src comp="145" pin="3"/><net_sink comp="284" pin=0"/></net>

<net id="293"><net_src comp="100" pin="0"/><net_sink comp="288" pin=0"/></net>

<net id="294"><net_src comp="284" pin="1"/><net_sink comp="288" pin=1"/></net>

<net id="295"><net_src comp="102" pin="0"/><net_sink comp="288" pin=2"/></net>

<net id="296"><net_src comp="288" pin="3"/><net_sink comp="120" pin=2"/></net>

<net id="303"><net_src comp="241" pin="2"/><net_sink comp="300" pin=0"/></net>

<net id="304"><net_src comp="300" pin="1"/><net_sink comp="155" pin=0"/></net>

<net id="311"><net_src comp="273" pin="2"/><net_sink comp="308" pin=0"/></net>

<net id="312"><net_src comp="308" pin="1"/><net_sink comp="166" pin=0"/></net>

<net id="316"><net_src comp="139" pin="3"/><net_sink comp="313" pin=0"/></net>

<net id="317"><net_src comp="313" pin="1"/><net_sink comp="145" pin=0"/></net>

</net_list>

</model> 
---------------- Datapath Model END ------------------

* FSMD analyzer results:
  - Output states:
	Port: strm_out_V_V | {5 }
 - Input state : 
	Port: dut : strm_in_V_V | {2 }
	Port: dut : ln_weight_in_V | {2 3 }
	Port: dut : q_weights_0 | {2 3 }
	Port: dut : q_weights_1 | {2 3 }
	Port: dut : q_weights_2 | {2 3 }
	Port: dut : q_weights_3 | {2 3 }
	Port: dut : k_weights_0 | {2 3 }
	Port: dut : k_weights_1 | {2 3 }
	Port: dut : k_weights_2 | {2 3 }
	Port: dut : k_weights_3 | {2 3 }
	Port: dut : v_weights_0 | {2 3 }
	Port: dut : v_weights_1 | {2 3 }
	Port: dut : v_weights_2 | {2 3 }
	Port: dut : v_weights_3 | {2 3 }
	Port: dut : cos_tab_V_2 | {2 3 }
	Port: dut : sin_tab_V_2 | {2 3 }
	Port: dut : k_cache_V_0 | {2 3 }
	Port: dut : k_cache_V_1 | {2 3 }
	Port: dut : k_cache_V_2 | {2 3 }
	Port: dut : k_cache_V_3 | {2 3 }
	Port: dut : v_cache_V_0 | {2 3 }
	Port: dut : v_cache_V_1 | {2 3 }
	Port: dut : v_cache_V_2 | {2 3 }
	Port: dut : v_cache_V_3 | {2 3 }
	Port: dut : ln_weight_V | {2 3 }
	Port: dut : o_weights_0 | {2 3 }
	Port: dut : o_weights_1 | {2 3 }
	Port: dut : o_weights_2 | {2 3 }
	Port: dut : o_weights_3 | {2 3 }
  - Chain level:
	State 1
	State 2
		icmp_ln26 : 1
		add_ln26 : 1
		br_ln26 : 2
		zext_ln27 : 1
		sext_ln708 : 1
		input_0_V_addr : 2
		store_ln27 : 2
	State 3
	State 4
		icmp_ln58 : 1
		add_ln58 : 1
		br_ln58 : 2
		zext_ln59 : 1
		output_0_addr : 2
		output_0_load : 3
	State 5
		trunc_ln731 : 1
		tmp_V_1 : 2
		write_ln59 : 3


============================================================
+ Verbose Summary: Datapath Resource usage 
============================================================

* Functional unit list:
|----------|-------------------------|---------|---------|---------|---------|---------|---------|
| Operation|     Functional Unit     |   BRAM  |  DSP48E |  Delay  |    FF   |   LUT   |   URAM  |
|----------|-------------------------|---------|---------|---------|---------|---------|---------|
|   call   |   grp_attention_fu_173  |    12   |   160   | 206.301 |  45258  |  38999  |    0    |
|----------|-------------------------|---------|---------|---------|---------|---------|---------|
|    add   |     add_ln26_fu_241     |    0    |    0    |    0    |    0    |    15   |    0    |
|          |     add_ln58_fu_273     |    0    |    0    |    0    |    0    |    15   |    0    |
|----------|-------------------------|---------|---------|---------|---------|---------|---------|
|   icmp   |     icmp_ln26_fu_235    |    0    |    0    |    0    |    0    |    11   |    0    |
|          |     icmp_ln58_fu_267    |    0    |    0    |    0    |    0    |    11   |    0    |
|----------|-------------------------|---------|---------|---------|---------|---------|---------|
|   read   |    tmp_V_read_fu_114    |    0    |    0    |    0    |    0    |    0    |    0    |
|----------|-------------------------|---------|---------|---------|---------|---------|---------|
|   write  | write_ln59_write_fu_120 |    0    |    0    |    0    |    0    |    0    |    0    |
|----------|-------------------------|---------|---------|---------|---------|---------|---------|
|   zext   |     zext_ln27_fu_247    |    0    |    0    |    0    |    0    |    0    |    0    |
|          |     zext_ln59_fu_279    |    0    |    0    |    0    |    0    |    0    |    0    |
|----------|-------------------------|---------|---------|---------|---------|---------|---------|
|partselect|     trunc_ln_fu_252     |    0    |    0    |    0    |    0    |    0    |    0    |
|----------|-------------------------|---------|---------|---------|---------|---------|---------|
|   sext   |    sext_ln708_fu_262    |    0    |    0    |    0    |    0    |    0    |    0    |
|----------|-------------------------|---------|---------|---------|---------|---------|---------|
|   trunc  |    trunc_ln731_fu_284   |    0    |    0    |    0    |    0    |    0    |    0    |
|----------|-------------------------|---------|---------|---------|---------|---------|---------|
|bitconcatenate|      tmp_V_1_fu_288     |    0    |    0    |    0    |    0    |    0    |    0    |
|----------|-------------------------|---------|---------|---------|---------|---------|---------|
|   Total  |                         |    12   |   160   | 206.301 |  45258  |  39051  |    0    |
|----------|-------------------------|---------|---------|---------|---------|---------|---------|

Memories:
+--------------+--------+--------+--------+--------+
|              |  BRAM  |   FF   |   LUT  |  URAM  |
+--------------+--------+--------+--------+--------+
|  cos_tab_V_2 |    1   |    0   |    0   |    -   |
|   input_0_V  |    3   |    0   |    0   |    0   |
|  k_cache_V_0 |    0   |   80   |    5   |    0   |
|  k_cache_V_1 |    0   |   80   |    5   |    0   |
|  k_cache_V_2 |    0   |   80   |    5   |    0   |
|  k_cache_V_3 |    0   |   80   |    5   |    0   |
|  k_weights_0 |    0   |   16   |    2   |    0   |
|  k_weights_1 |    0   |   16   |    2   |    0   |
|  k_weights_2 |    0   |   16   |    2   |    0   |
|  k_weights_3 |    0   |   16   |    2   |    0   |
|  ln_weight_V |    0   |   80   |   10   |    0   |
|ln_weight_in_V|    0   |   80   |   10   |    0   |
|  o_weights_0 |    0   |   16   |    2   |    0   |
|  o_weights_1 |    0   |   16   |    2   |    0   |
|  o_weights_2 |    0   |   16   |    2   |    0   |
|  o_weights_3 |    0   |   16   |    2   |    0   |
|   output_0   |    0   |   80   |   10   |    0   |
|  q_weights_0 |    0   |   16   |    2   |    0   |
|  q_weights_1 |    0   |   16   |    2   |    0   |
|  q_weights_2 |    0   |   16   |    2   |    0   |
|  q_weights_3 |    0   |   16   |    2   |    0   |
|  sin_tab_V_2 |    1   |    0   |    0   |    -   |
|  v_cache_V_0 |    0   |   80   |    5   |    0   |
|  v_cache_V_1 |    0   |   80   |    5   |    0   |
|  v_cache_V_2 |    0   |   80   |    5   |    0   |
|  v_cache_V_3 |    0   |   80   |    5   |    0   |
|  v_weights_0 |    0   |   16   |    2   |    0   |
|  v_weights_1 |    0   |   16   |    2   |    0   |
|  v_weights_2 |    0   |   16   |    2   |    0   |
|  v_weights_3 |    0   |   16   |    2   |    0   |
+--------------+--------+--------+--------+--------+
|     Total    |    5   |  1136  |   102  |    0   |
+--------------+--------+--------+--------+--------+

* Register list:
+---------------------+--------+
|                     |   FF   |
+---------------------+--------+
|   add_ln26_reg_300  |    5   |
|   add_ln58_reg_308  |    5   |
|    j9_0_0_reg_162   |    5   |
|    j_0_0_reg_151    |    5   |
|output_0_addr_reg_313|    4   |
+---------------------+--------+
|        Total        |   24   |
+---------------------+--------+

* Multiplexer (MUX) list: 
|-------------------|------|------|------|--------||---------||---------|
|        Comp       |  Pin | Size |  BW  | S x BW ||  Delay  ||   LUT   |
|-------------------|------|------|------|--------||---------||---------|
| grp_access_fu_145 |  p0  |   2  |   4  |    8   ||    9    |
|-------------------|------|------|------|--------||---------||---------|
|       Total       |      |      |      |    8   ||  1.769  ||    9    |
|-------------------|------|------|------|--------||---------||---------|



* Summary:
+-----------+--------+--------+--------+--------+--------+--------+
|           |  BRAM  | DSP48E |  Delay |   FF   |   LUT  |  URAM  |
+-----------+--------+--------+--------+--------+--------+--------+
|  Function |   12   |   160  |   206  |  45258 |  39051 |    0   |
|   Memory  |    5   |    -   |    -   |  1136  |   102  |    0   |
|Multiplexer|    -   |    -   |    1   |    -   |    9   |    -   |
|  Register |    -   |    -   |    -   |   24   |    -   |    -   |
+-----------+--------+--------+--------+--------+--------+--------+
|   Total   |   17   |   160  |   208  |  46418 |  39162 |    0   |
+-----------+--------+--------+--------+--------+--------+--------+
