

================================================================
== Vivado HLS Report for 'init_2d_mem'
================================================================
* Date:           Wed Nov 27 14:05:54 2024

* Version:        2019.2 (Build 2704478 on Wed Nov 06 22:10:23 MST 2019)
* Project:        attention.prj
* Solution:       solution1
* Product family: zynq
* Target device:  xc7z020-clg484-1


================================================================
== Performance Estimates
================================================================
+ Timing: 
    * Summary: 
    +--------+----------+----------+------------+
    |  Clock |  Target  | Estimated| Uncertainty|
    +--------+----------+----------+------------+
    |ap_clk  | 10.00 ns | 3.254 ns |   1.25 ns  |
    +--------+----------+----------+------------+

+ Latency: 
    * Summary: 
    +---------+---------+-----------+-----------+------+------+---------+
    |  Latency (cycles) |   Latency (absolute)  |   Interval  | Pipeline|
    |   min   |   max   |    min    |    max    |  min |  max |   Type  |
    +---------+---------+-----------+-----------+------+------+---------+
    |     1537|     1537| 15.370 us | 15.370 us |  1537|  1537|   none  |
    +---------+---------+-----------+-----------+------+------+---------+

    + Detail: 
        * Instance: 
        N/A

        * Loop: 
        +----------------------+---------+---------+----------+-----------+-----------+------+----------+
        |                      |  Latency (cycles) | Iteration|  Initiation Interval  | Trip |          |
        |       Loop Name      |   min   |   max   |  Latency |  achieved |   target  | Count| Pipelined|
        +----------------------+---------+---------+----------+-----------+-----------+------+----------+
        |- INIT_2D_MEM_LOOP_2  |     1536|     1536|         1|          -|          -|  1536|    no    |
        +----------------------+---------+---------+----------+-----------+-----------+------+----------+

============================================================
+ Verbose Summary: Synthesis Manager
============================================================
InlineROM: 1
ExposeGlobal: 0
============================================================
+ Verbose Summary: CDFG Model
============================================================
IsTopModel: 0
ResetActiveHigh: 1
IsCombinational: 0
IsDatapathOnly: 0
HasWiredReturn: 1
HasMFsm: 0
HasVarLatency: 1
IsPipeline: 0
IsRtlPipelined: 0
IsInstanceOverlapped: 0
IsDontTouch: 0
HasImplIP: 0
IsGatedGlobalClock: 0


============================================================
+ Verbose Summary: Schedule
============================================================
* Number of FSM states : 2
* Pipeline : 0
* Dataflow Pipeline: 0

* FSM state transitions: 
1 --> 2 
2 --> 2 

* FSM state operations: 

State 1 <SV = 0> <Delay = 1.76>
ST_1 : Operation 3 [1/1] (0.00ns)   --->   "%tmp = call i32 (...)* @_ssdm_op_SpecRegionBegin([19 x i8]* @p_str1830)" [./layer.h:38]   --->   Operation 3 'specregionbegin' 'tmp' <Predicate = true> <Delay = 0.00>
ST_1 : Operation 4 [1/1] (1.76ns)   --->   "br label %0" [./layer.h:38]   --->   Operation 4 'br' <Predicate = true> <Delay = 1.76>

State 2 <SV = 1> <Delay = 3.25>
ST_2 : Operation 5 [1/1] (0.00ns)   --->   "%j_0_0 = phi i11 [ 0, %INIT_2D_MEM_LOOP_1_begin ], [ %add_ln38, %1 ]" [./layer.h:38]   --->   Operation 5 'phi' 'j_0_0' <Predicate = true> <Delay = 0.00>
ST_2 : Operation 6 [1/1] (1.88ns)   --->   "%icmp_ln38 = icmp eq i11 %j_0_0, -512" [./layer.h:38]   --->   Operation 6 'icmp' 'icmp_ln38' <Predicate = true> <Delay = 1.88> <Core = "Cmp">   --->   Core 25 'Cmp' <Latency = 0> <II = 1> <Delay = 1.88> <FuncUnit> <Opcode : 'icmp'> <InPorts = 2> <OutPorts = 1>
ST_2 : Operation 7 [1/1] (0.00ns)   --->   "%empty_101 = call i32 (...)* @_ssdm_op_SpecLoopTripCount(i64 1536, i64 1536, i64 1536)"   --->   Operation 7 'speclooptripcount' 'empty_101' <Predicate = true> <Delay = 0.00>
ST_2 : Operation 8 [1/1] (1.63ns)   --->   "%add_ln38 = add i11 %j_0_0, 1" [./layer.h:38]   --->   Operation 8 'add' 'add_ln38' <Predicate = true> <Delay = 1.63> <Core = "AddSub">   --->   Core 14 'AddSub' <Latency = 0> <II = 1> <Delay = 1.63> <FuncUnit> <Opcode : 'add' 'sub'> <InPorts = 2> <OutPorts = 1>
ST_2 : Operation 9 [1/1] (0.00ns)   --->   "br i1 %icmp_ln38, label %INIT_2D_MEM_LOOP_1_end, label %1" [./layer.h:38]   --->   Operation 9 'br' <Predicate = true> <Delay = 0.00>
ST_2 : Operation 10 [1/1] (0.00ns)   --->   "call void (...)* @_ssdm_op_SpecLoopName([19 x i8]* @p_str1831) nounwind" [./layer.h:39]   --->   Operation 10 'specloopname' <Predicate = (!icmp_ln38)> <Delay = 0.00>
ST_2 : Operation 11 [1/1] (0.00ns)   --->   "%zext_ln39 = zext i11 %j_0_0 to i64" [./layer.h:39]   --->   Operation 11 'zext' 'zext_ln39' <Predicate = (!icmp_ln38)> <Delay = 0.00>
ST_2 : Operation 12 [1/1] (0.00ns)   --->   "%mem_0_V_addr = getelementptr [1536 x i40]* %mem_0_V, i64 0, i64 %zext_ln39" [./layer.h:39]   --->   Operation 12 'getelementptr' 'mem_0_V_addr' <Predicate = (!icmp_ln38)> <Delay = 0.00>
ST_2 : Operation 13 [1/1] (3.25ns)   --->   "store i40 0, i40* %mem_0_V_addr, align 8" [./layer.h:39]   --->   Operation 13 'store' <Predicate = (!icmp_ln38)> <Delay = 3.25> <Core = "RAM">   --->   Core 37 'RAM' <Latency = 1> <II = 1> <Delay = 3.25> <Storage> <Opcode : 'load' 'store'> <Ports = 2> <Width = 40> <Depth = 1536> <RAM>
ST_2 : Operation 14 [1/1] (0.00ns)   --->   "br label %0" [./layer.h:38]   --->   Operation 14 'br' <Predicate = (!icmp_ln38)> <Delay = 0.00>
ST_2 : Operation 15 [1/1] (0.00ns)   --->   "%empty = call i32 (...)* @_ssdm_op_SpecRegionEnd([19 x i8]* @p_str1830, i32 %tmp)" [./layer.h:39]   --->   Operation 15 'specregionend' 'empty' <Predicate = (icmp_ln38)> <Delay = 0.00>
ST_2 : Operation 16 [1/1] (0.00ns)   --->   "ret void" [./layer.h:40]   --->   Operation 16 'ret' <Predicate = (icmp_ln38)> <Delay = 0.00>


============================================================
+ Verbose Summary: Binding
============================================================
STG Binding: 
---------------- STG Properties BEGIN ----------------
- Is combinational: 0
- Is one-state seq: 0
- Is datapath-only: 0
- Is pipelined: 0
- Is top level: 0
Port [ Return ] is wired: 1; IO mode=ap_ctrl_hs:ce=0
Port [ mem_0_V]:  wired=1; compound=1; hidden=0; nouse=0; global=0; static=0; extern=0; dir=1; type=1; pingpong=0; private_global=0; MemPort=[03]; IO mode=ap_memory:ce=0
---------------- STG Properties END ------------------

---------------- Datapath Model BEGIN ----------------

<LifeTime>
<method=bitvector/>
tmp               (specregionbegin  ) [ 001]
br_ln38           (br               ) [ 011]
j_0_0             (phi              ) [ 001]
icmp_ln38         (icmp             ) [ 001]
empty_101         (speclooptripcount) [ 000]
add_ln38          (add              ) [ 011]
br_ln38           (br               ) [ 000]
specloopname_ln39 (specloopname     ) [ 000]
zext_ln39         (zext             ) [ 000]
mem_0_V_addr      (getelementptr    ) [ 000]
store_ln39        (store            ) [ 000]
br_ln38           (br               ) [ 011]
empty             (specregionend    ) [ 000]
ret_ln40          (ret              ) [ 000]
</LifeTime>

<model>

<comp_list>
<comp id="0" class="1000" name="mem_0_V">
<pin_list>
<pin id="1" dir="1" index="0" bw="1" slack="0"/>
</pin_list>
<bind>
<StgValue><ssdm name="mem_0_V"/><MemPortTyVec>0 3 </MemPortTyVec>
</StgValue>
</bind>
</comp>

<comp id="2" class="1001" name="const_2">
<pin_list>
<pin id="3" dir="1" index="0" bw="1" slack="2147483647"/>
</pin_list>
<bind>
<StgValue><ssdm name="_ssdm_op_SpecRegionBegin"/></StgValue>
</bind>
</comp>

<comp id="4" class="1001" name="const_4">
<pin_list>
<pin id="5" dir="1" index="0" bw="1" slack="2147483647"/>
</pin_list>
<bind>
<StgValue><ssdm name="p_str1830"/></StgValue>
</bind>
</comp>

<comp id="6" class="1001" name="const_6">
<pin_list>
<pin id="7" dir="1" index="0" bw="1" slack="1"/>
</pin_list>
<bind>
<StgValue><ssdm name=""/></StgValue>
</bind>
</comp>

<comp id="8" class="1001" name="const_8">
<pin_list>
<pin id="9" dir="1" index="0" bw="1" slack="0"/>
</pin_list>
<bind>
<StgValue><ssdm name=""/></StgValue>
</bind>
</comp>

<comp id="10" class="1001" name="const_10">
<pin_list>
<pin id="11" dir="1" index="0" bw="1" slack="2147483647"/>
</pin_list>
<bind>
<StgValue><ssdm name="_ssdm_op_SpecLoopTripCount"/></StgValue>
</bind>
</comp>

<comp id="12" class="1001" name="const_12">
<pin_list>
<pin id="13" dir="1" index="0" bw="1" slack="2147483647"/>
</pin_list>
<bind>
<StgValue><ssdm name=""/></StgValue>
</bind>
</comp>

<comp id="14" class="1001" name="const_14">
<pin_list>
<pin id="15" dir="1" index="0" bw="1" slack="0"/>
</pin_list>
<bind>
<StgValue><ssdm name=""/></StgValue>
</bind>
</comp>

<comp id="16" class="1001" name="const_16">
<pin_list>
<pin id="17" dir="1" index="0" bw="1" slack="2147483647"/>
</pin_list>
<bind>
<StgValue><ssdm name="_ssdm_op_SpecLoopName"/></StgValue>
</bind>
</comp>

<comp id="18" class="1001" name="const_18">
<pin_list>
<pin id="19" dir="1" index="0" bw="1" slack="2147483647"/>
</pin_list>
<bind>
<StgValue><ssdm name="p_str1831"/></StgValue>
</bind>
</comp>

<comp id="20" class="1001" name="const_20">
<pin_list>
<pin id="21" dir="1" index="0" bw="1" slack="0"/>
</pin_list>
<bind>
<StgValue><ssdm name=""/></StgValue>
</bind>
</comp>

<comp id="22" class="1001" name="const_22">
<pin_list>
<pin id="23" dir="1" index="0" bw="1" slack="0"/>
</pin_list>
<bind>
<StgValue><ssdm name=""/></StgValue>
</bind>
</comp>

<comp id="24" class="1001" name="const_24">
<pin_list>
<pin id="25" dir="1" index="0" bw="1" slack="2147483647"/>
</pin_list>
<bind>
<StgValue><ssdm name="_ssdm_op_SpecRegionEnd"/></StgValue>
</bind>
</comp>

<comp id="26" class="1004" name="mem_0_V_addr_gep_fu_26">
<pin_list>
<pin id="27" dir="0" index="0" bw="40" slack="0"/>
<pin id="28" dir="0" index="1" bw="1" slack="0"/>
<pin id="29" dir="0" index="2" bw="11" slack="0"/>
<pin id="30" dir="1" index="3" bw="11" slack="0"/>
</pin_list>
<bind>
<opcode="getelementptr(29) " fcode="getelementptr"/>
<opset="mem_0_V_addr/2 "/>
</bind>
</comp>

<comp id="33" class="1004" name="store_ln39_access_fu_33">
<pin_list>
<pin id="34" dir="0" index="0" bw="11" slack="0"/>
<pin id="35" dir="0" index="1" bw="40" slack="0"/>
<pin id="36" dir="0" index="2" bw="0" slack="2147483647"/>
<pin id="37" dir="1" index="3" bw="40" slack="2147483647"/>
</pin_list>
<bind>
<opcode="store(28) " fcode="store"/>
<opset="store_ln39/2 "/>
</bind>
</comp>

<comp id="40" class="1005" name="j_0_0_reg_40">
<pin_list>
<pin id="41" dir="0" index="0" bw="11" slack="1"/>
<pin id="42" dir="1" index="1" bw="11" slack="1"/>
</pin_list>
<bind>
<opset="j_0_0 (phireg) "/>
</bind>
</comp>

<comp id="44" class="1004" name="j_0_0_phi_fu_44">
<pin_list>
<pin id="45" dir="0" index="0" bw="1" slack="1"/>
<pin id="46" dir="0" index="1" bw="0" slack="2147483647"/>
<pin id="47" dir="0" index="2" bw="11" slack="0"/>
<pin id="48" dir="0" index="3" bw="0" slack="2147483647"/>
<pin id="49" dir="1" index="4" bw="11" slack="0"/>
</pin_list>
<bind>
<opcode="phi(47) " fcode="phi"/>
<opset="j_0_0/2 "/>
</bind>
</comp>

<comp id="51" class="1004" name="icmp_ln38_fu_51">
<pin_list>
<pin id="52" dir="0" index="0" bw="11" slack="0"/>
<pin id="53" dir="0" index="1" bw="10" slack="0"/>
<pin id="54" dir="1" index="2" bw="1" slack="2147483647"/>
</pin_list>
<bind>
<opcode="icmp(45) " fcode="icmp"/>
<opset="icmp_ln38/2 "/>
</bind>
</comp>

<comp id="57" class="1004" name="add_ln38_fu_57">
<pin_list>
<pin id="58" dir="0" index="0" bw="11" slack="0"/>
<pin id="59" dir="0" index="1" bw="1" slack="0"/>
<pin id="60" dir="1" index="2" bw="11" slack="0"/>
</pin_list>
<bind>
<opcode="add(8) " fcode="add"/>
<opset="add_ln38/2 "/>
</bind>
</comp>

<comp id="63" class="1004" name="zext_ln39_fu_63">
<pin_list>
<pin id="64" dir="0" index="0" bw="11" slack="0"/>
<pin id="65" dir="1" index="1" bw="64" slack="0"/>
</pin_list>
<bind>
<opcode="zext(34) " fcode="zext"/>
<opset="zext_ln39/2 "/>
</bind>
</comp>

<comp id="71" class="1005" name="add_ln38_reg_71">
<pin_list>
<pin id="72" dir="0" index="0" bw="11" slack="0"/>
<pin id="73" dir="1" index="1" bw="11" slack="0"/>
</pin_list>
<bind>
<opset="add_ln38 "/>
</bind>
</comp>

</comp_list>

<net_list>
<net id="31"><net_src comp="0" pin="0"/><net_sink comp="26" pin=0"/></net>

<net id="32"><net_src comp="20" pin="0"/><net_sink comp="26" pin=1"/></net>

<net id="38"><net_src comp="22" pin="0"/><net_sink comp="33" pin=1"/></net>

<net id="39"><net_src comp="26" pin="3"/><net_sink comp="33" pin=0"/></net>

<net id="43"><net_src comp="6" pin="0"/><net_sink comp="40" pin=0"/></net>

<net id="50"><net_src comp="40" pin="1"/><net_sink comp="44" pin=0"/></net>

<net id="55"><net_src comp="44" pin="4"/><net_sink comp="51" pin=0"/></net>

<net id="56"><net_src comp="8" pin="0"/><net_sink comp="51" pin=1"/></net>

<net id="61"><net_src comp="44" pin="4"/><net_sink comp="57" pin=0"/></net>

<net id="62"><net_src comp="14" pin="0"/><net_sink comp="57" pin=1"/></net>

<net id="66"><net_src comp="44" pin="4"/><net_sink comp="63" pin=0"/></net>

<net id="67"><net_src comp="63" pin="1"/><net_sink comp="26" pin=2"/></net>

<net id="74"><net_src comp="57" pin="2"/><net_sink comp="71" pin=0"/></net>

<net id="75"><net_src comp="71" pin="1"/><net_sink comp="44" pin=2"/></net>

</net_list>

</model> 
---------------- Datapath Model END ------------------

* FSMD analyzer results:
  - Output states:
	Port: mem_0_V | {2 }
 - Input state : 
  - Chain level:
	State 1
	State 2
		icmp_ln38 : 1
		add_ln38 : 1
		br_ln38 : 2
		zext_ln39 : 1
		mem_0_V_addr : 2
		store_ln39 : 3


============================================================
+ Verbose Summary: Datapath Resource usage 
============================================================

* Functional unit list:
|----------|-----------------|---------|---------|
| Operation| Functional Unit |    FF   |   LUT   |
|----------|-----------------|---------|---------|
|   icmp   | icmp_ln38_fu_51 |    0    |    13   |
|----------|-----------------|---------|---------|
|    add   |  add_ln38_fu_57 |    0    |    13   |
|----------|-----------------|---------|---------|
|   zext   | zext_ln39_fu_63 |    0    |    0    |
|----------|-----------------|---------|---------|
|   Total  |                 |    0    |    26   |
|----------|-----------------|---------|---------|

Memories:
N/A

* Register list:
+---------------+--------+
|               |   FF   |
+---------------+--------+
|add_ln38_reg_71|   11   |
|  j_0_0_reg_40 |   11   |
+---------------+--------+
|     Total     |   22   |
+---------------+--------+

* Multiplexer (MUX) list: 
|--------|------|------|------|--------|
|  Comp  |  Pin | Size |  BW  | S x BW |
|--------|------|------|------|--------|
|  Total |      |      |      |    0   |
|--------|------|------|------|--------|



* Summary:
+-----------+--------+--------+
|           |   FF   |   LUT  |
+-----------+--------+--------+
|  Function |    0   |   26   |
|   Memory  |    -   |    -   |
|Multiplexer|    -   |    -   |
|  Register |   22   |    -   |
+-----------+--------+--------+
|   Total   |   22   |   26   |
+-----------+--------+--------+
