

================================================================
== Vivado HLS Report for 'rms_norm_16_s'
================================================================
* Date:           Sun Nov 24 10:25:11 2024

* Version:        2019.2 (Build 2704478 on Wed Nov 06 22:10:23 MST 2019)
* Project:        attention.prj
* Solution:       solution1
* Product family: zynq
* Target device:  xc7z020-clg484-1


================================================================
== Performance Estimates
================================================================
+ Timing: 
    * Summary: 
    +--------+----------+----------+------------+
    |  Clock |  Target  | Estimated| Uncertainty|
    +--------+----------+----------+------------+
    |ap_clk  | 10.00 ns | 8.545 ns |   1.25 ns  |
    +--------+----------+----------+------------+

+ Latency: 
    * Summary: 
    +---------+---------+----------+----------+-----+-----+---------+
    |  Latency (cycles) |  Latency (absolute) |  Interval | Pipeline|
    |   min   |   max   |    min   |    max   | min | max |   Type  |
    +---------+---------+----------+----------+-----+-----+---------+
    |      157|      767| 1.570 us | 7.670 us |  157|  767|   none  |
    +---------+---------+----------+----------+-----+-----+---------+

    + Detail: 
        * Instance: 
        N/A

        * Loop: 
        +-------------------------+---------+---------+----------+-----------+-----------+--------+----------+
        |                         |  Latency (cycles) | Iteration|  Initiation Interval  |  Trip  |          |
        |        Loop Name        |   min   |   max   |  Latency |  achieved |   target  |  Count | Pipelined|
        +-------------------------+---------+---------+----------+-----------+-----------+--------+----------+
        |- RMS_NORM_LOOP_1        |       18|       18|         4|          1|          1|      16|    yes   |
        |- ATTENTION_SQRT_LOOP_1  |       61|      670|        61|          -|          -| 1 ~ 10 |    no    |
        |- RMS_NORM_LOOP_2        |       23|       23|         9|          1|          1|      16|    yes   |
        +-------------------------+---------+---------+----------+-----------+-----------+--------+----------+

============================================================
+ Verbose Summary: Synthesis Manager
============================================================
InlineROM: 1
ExposeGlobal: 0
============================================================
+ Verbose Summary: CDFG Model
============================================================
IsTopModel: 0
ResetActiveHigh: 1
IsCombinational: 0
IsDatapathOnly: 0
HasWiredReturn: 1
HasMFsm: 0
HasVarLatency: 1
IsPipeline: 0
IsRtlPipelined: 0
IsInstanceOverlapped: 0
IsDontTouch: 0
HasImplIP: 0
IsGatedGlobalClock: 0

+ Individual pipeline summary: 
  * Pipeline-0: initiation interval (II) = 1, depth = 4
  * Pipeline-1: initiation interval (II) = 1, depth = 9


============================================================
+ Verbose Summary: Schedule
============================================================
* Number of FSM states : 127
* Pipeline : 2
  Pipeline-0 : II = 1, D = 4, States = { 2 3 4 5 }
  Pipeline-1 : II = 1, D = 9, States = { 118 119 120 121 122 123 124 125 126 }
* Dataflow Pipeline: 0

* FSM state transitions: 
1 --> 2 
2 --> 6 3 
3 --> 4 
4 --> 5 
5 --> 2 
6 --> 7 
7 --> 8 
8 --> 9 68 
9 --> 10 
10 --> 11 
11 --> 12 
12 --> 13 
13 --> 14 
14 --> 15 
15 --> 16 
16 --> 17 
17 --> 18 
18 --> 19 
19 --> 20 
20 --> 21 
21 --> 22 
22 --> 23 
23 --> 24 
24 --> 25 
25 --> 26 
26 --> 27 
27 --> 28 
28 --> 29 
29 --> 30 
30 --> 31 
31 --> 32 
32 --> 33 
33 --> 34 
34 --> 35 
35 --> 36 
36 --> 37 
37 --> 38 
38 --> 39 
39 --> 40 
40 --> 41 
41 --> 42 
42 --> 43 
43 --> 44 
44 --> 45 
45 --> 46 
46 --> 47 
47 --> 48 
48 --> 49 
49 --> 50 
50 --> 51 
51 --> 52 
52 --> 53 
53 --> 54 
54 --> 55 
55 --> 56 
56 --> 57 
57 --> 58 
58 --> 59 
59 --> 60 
60 --> 61 
61 --> 62 
62 --> 63 
63 --> 64 
64 --> 65 
65 --> 66 
66 --> 67 
67 --> 68 
68 --> 8 69 
69 --> 70 
70 --> 71 
71 --> 72 
72 --> 73 
73 --> 74 
74 --> 75 
75 --> 76 
76 --> 77 
77 --> 78 
78 --> 79 
79 --> 80 
80 --> 81 
81 --> 82 
82 --> 83 
83 --> 84 
84 --> 85 
85 --> 86 
86 --> 87 
87 --> 88 
88 --> 89 
89 --> 90 
90 --> 91 
91 --> 92 
92 --> 93 
93 --> 94 
94 --> 95 
95 --> 96 
96 --> 97 
97 --> 98 
98 --> 99 
99 --> 100 
100 --> 101 
101 --> 102 
102 --> 103 
103 --> 104 
104 --> 105 
105 --> 106 
106 --> 107 
107 --> 108 
108 --> 109 
109 --> 110 
110 --> 111 
111 --> 112 
112 --> 113 
113 --> 114 
114 --> 115 
115 --> 116 
116 --> 117 
117 --> 118 
118 --> 127 119 
119 --> 120 
120 --> 121 
121 --> 122 
122 --> 123 
123 --> 124 
124 --> 125 
125 --> 126 
126 --> 118 
127 --> 

* FSM state operations: 

State 1 <SV = 0> <Delay = 1.76>
ST_1 : Operation 128 [1/1] (1.76ns)   --->   "br label %1" [./layer.h:86]   --->   Operation 128 'br' <Predicate = true> <Delay = 1.76>

State 2 <SV = 1> <Delay = 2.32>
ST_2 : Operation 129 [1/1] (0.00ns)   --->   "%p_Val2_s = phi i32 [ 0, %0 ], [ %variance_V, %RMS_NORM_LOOP_1 ]"   --->   Operation 129 'phi' 'p_Val2_s' <Predicate = true> <Delay = 0.00>
ST_2 : Operation 130 [1/1] (0.00ns)   --->   "%i_0 = phi i5 [ 0, %0 ], [ %i, %RMS_NORM_LOOP_1 ]"   --->   Operation 130 'phi' 'i_0' <Predicate = true> <Delay = 0.00>
ST_2 : Operation 131 [1/1] (1.36ns)   --->   "%icmp_ln86 = icmp eq i5 %i_0, -16" [./layer.h:86]   --->   Operation 131 'icmp' 'icmp_ln86' <Predicate = true> <Delay = 1.36> <Core = "Cmp">   --->   Core 25 'Cmp' <Latency = 0> <II = 1> <Delay = 2.47> <FuncUnit> <Opcode : 'icmp'> <InPorts = 2> <OutPorts = 1>
ST_2 : Operation 132 [1/1] (0.00ns)   --->   "%empty = call i32 (...)* @_ssdm_op_SpecLoopTripCount(i64 16, i64 16, i64 16)"   --->   Operation 132 'speclooptripcount' 'empty' <Predicate = true> <Delay = 0.00>
ST_2 : Operation 133 [1/1] (1.78ns)   --->   "%i = add i5 %i_0, 1" [./layer.h:86]   --->   Operation 133 'add' 'i' <Predicate = true> <Delay = 1.78> <Core = "AddSub">   --->   Core 14 'AddSub' <Latency = 0> <II = 1> <Delay = 2.55> <FuncUnit> <Opcode : 'add' 'sub'> <InPorts = 2> <OutPorts = 1>
ST_2 : Operation 134 [1/1] (0.00ns)   --->   "br i1 %icmp_ln86, label %ap_fixed_base.exit, label %RMS_NORM_LOOP_1" [./layer.h:86]   --->   Operation 134 'br' <Predicate = true> <Delay = 0.00>
ST_2 : Operation 135 [1/1] (0.00ns)   --->   "%zext_ln87 = zext i5 %i_0 to i64" [./layer.h:87]   --->   Operation 135 'zext' 'zext_ln87' <Predicate = (!icmp_ln86)> <Delay = 0.00>
ST_2 : Operation 136 [1/1] (0.00ns)   --->   "%input_0_V_addr = getelementptr [16 x i32]* %input_0_V, i64 0, i64 %zext_ln87" [./layer.h:87]   --->   Operation 136 'getelementptr' 'input_0_V_addr' <Predicate = (!icmp_ln86)> <Delay = 0.00>
ST_2 : Operation 137 [2/2] (2.32ns)   --->   "%input_0_V_load = load i32* %input_0_V_addr, align 4" [./layer.h:87]   --->   Operation 137 'load' 'input_0_V_load' <Predicate = (!icmp_ln86)> <Delay = 2.32> <Core = "RAM">   --->   Core 37 'RAM' <Latency = 1> <II = 1> <Delay = 2.32> <Storage> <Opcode : 'load' 'store'> <Ports = 2> <Width = 32> <Depth = 16> <RAM>

State 3 <SV = 2> <Delay = 2.32>
ST_3 : Operation 138 [1/2] (2.32ns)   --->   "%input_0_V_load = load i32* %input_0_V_addr, align 4" [./layer.h:87]   --->   Operation 138 'load' 'input_0_V_load' <Predicate = (!icmp_ln86)> <Delay = 2.32> <Core = "RAM">   --->   Core 37 'RAM' <Latency = 1> <II = 1> <Delay = 2.32> <Storage> <Opcode : 'load' 'store'> <Ports = 2> <Width = 32> <Depth = 16> <RAM>

State 4 <SV = 3> <Delay = 8.51>
ST_4 : Operation 139 [1/1] (0.00ns)   --->   "%r_V = sext i32 %input_0_V_load to i64" [./layer.h:87]   --->   Operation 139 'sext' 'r_V' <Predicate = (!icmp_ln86)> <Delay = 0.00>
ST_4 : Operation 140 [1/1] (8.51ns)   --->   "%r_V_7 = mul nsw i64 %r_V, %r_V" [./layer.h:87]   --->   Operation 140 'mul' 'r_V_7' <Predicate = (!icmp_ln86)> <Delay = 8.51> <Core = "Mul">   --->   Core 16 'Mul' <Latency = 0> <II = 1> <Delay = 8.51> <FuncUnit> <Opcode : 'mul'> <InPorts = 2> <OutPorts = 1>

State 5 <SV = 4> <Delay = 3.52>
ST_5 : Operation 141 [1/1] (0.00ns)   --->   "call void (...)* @_ssdm_op_SpecLoopName([16 x i8]* @p_str17) nounwind" [./layer.h:87]   --->   Operation 141 'specloopname' <Predicate = (!icmp_ln86)> <Delay = 0.00>
ST_5 : Operation 142 [1/1] (0.00ns)   --->   "%tmp = call i32 (...)* @_ssdm_op_SpecRegionBegin([16 x i8]* @p_str17)" [./layer.h:87]   --->   Operation 142 'specregionbegin' 'tmp' <Predicate = (!icmp_ln86)> <Delay = 0.00>
ST_5 : Operation 143 [1/1] (0.00ns)   --->   "call void (...)* @_ssdm_op_SpecPipeline(i32 -1, i32 1, i32 1, i32 0, [1 x i8]* @p_str19) nounwind" [./layer.h:87]   --->   Operation 143 'specpipeline' <Predicate = (!icmp_ln86)> <Delay = 0.00>
ST_5 : Operation 144 [1/1] (0.00ns)   --->   "%lhs_V = call i54 @_ssdm_op_BitConcatenate.i54.i32.i22(i32 %p_Val2_s, i22 0)" [./layer.h:87]   --->   Operation 144 'bitconcatenate' 'lhs_V' <Predicate = (!icmp_ln86)> <Delay = 0.00>
ST_5 : Operation 145 [1/1] (0.00ns)   --->   "%zext_ln728 = zext i54 %lhs_V to i65" [./layer.h:87]   --->   Operation 145 'zext' 'zext_ln728' <Predicate = (!icmp_ln86)> <Delay = 0.00>
ST_5 : Operation 146 [1/1] (0.00ns)   --->   "%zext_ln703 = zext i64 %r_V_7 to i65" [./layer.h:87]   --->   Operation 146 'zext' 'zext_ln703' <Predicate = (!icmp_ln86)> <Delay = 0.00>
ST_5 : Operation 147 [1/1] (3.52ns)   --->   "%ret_V = add nsw i65 %zext_ln703, %zext_ln728" [./layer.h:87]   --->   Operation 147 'add' 'ret_V' <Predicate = (!icmp_ln86)> <Delay = 3.52> <Core = "AddSub">   --->   Core 14 'AddSub' <Latency = 0> <II = 1> <Delay = 2.55> <FuncUnit> <Opcode : 'add' 'sub'> <InPorts = 2> <OutPorts = 1>
ST_5 : Operation 148 [1/1] (0.00ns)   --->   "%variance_V = call i32 @_ssdm_op_PartSelect.i32.i65.i32.i32(i65 %ret_V, i32 22, i32 53)" [./layer.h:87]   --->   Operation 148 'partselect' 'variance_V' <Predicate = (!icmp_ln86)> <Delay = 0.00>
ST_5 : Operation 149 [1/1] (0.00ns)   --->   "%empty_52 = call i32 (...)* @_ssdm_op_SpecRegionEnd([16 x i8]* @p_str17, i32 %tmp)" [./layer.h:87]   --->   Operation 149 'specregionend' 'empty_52' <Predicate = (!icmp_ln86)> <Delay = 0.00>
ST_5 : Operation 150 [1/1] (0.00ns)   --->   "br label %1" [./layer.h:86]   --->   Operation 150 'br' <Predicate = (!icmp_ln86)> <Delay = 0.00>

State 6 <SV = 2> <Delay = 8.15>
ST_6 : Operation 151 [1/1] (0.00ns)   --->   "%t_V = call i54 @_ssdm_op_BitConcatenate.i54.i32.i22(i32 %p_Val2_s, i22 0)" [./layer.h:89]   --->   Operation 151 'bitconcatenate' 't_V' <Predicate = true> <Delay = 0.00>
ST_6 : Operation 152 [1/1] (0.00ns) (grouped into LUT with out node p_Val2_1)   --->   "%tmp_1 = call i1 @_ssdm_op_BitSelect.i1.i32.i32(i32 %p_Val2_s, i32 31)" [./layer.h:89]   --->   Operation 152 'bitselect' 'tmp_1' <Predicate = true> <Delay = 0.00>
ST_6 : Operation 153 [1/1] (3.26ns)   --->   "%sub_ln1148 = sub i54 0, %t_V" [./layer.h:89]   --->   Operation 153 'sub' 'sub_ln1148' <Predicate = true> <Delay = 3.26> <Core = "AddSub">   --->   Core 14 'AddSub' <Latency = 0> <II = 1> <Delay = 2.55> <FuncUnit> <Opcode : 'add' 'sub'> <InPorts = 2> <OutPorts = 1>
ST_6 : Operation 154 [1/1] (0.00ns)   --->   "%tmp_6 = call i28 @_ssdm_op_PartSelect.i28.i54.i32.i32(i54 %sub_ln1148, i32 26, i32 53)" [./layer.h:89]   --->   Operation 154 'partselect' 'tmp_6' <Predicate = true> <Delay = 0.00>
ST_6 : Operation 155 [1/1] (0.00ns)   --->   "%zext_ln1148_1 = zext i28 %tmp_6 to i29" [./layer.h:89]   --->   Operation 155 'zext' 'zext_ln1148_1' <Predicate = true> <Delay = 0.00>
ST_6 : Operation 156 [1/1] (0.00ns) (grouped into LUT with out node p_Val2_1)   --->   "%tmp_7 = call i28 @_ssdm_op_PartSelect.i28.i32.i32.i32(i32 %p_Val2_s, i32 4, i32 31)" [./layer.h:89]   --->   Operation 156 'partselect' 'tmp_7' <Predicate = true> <Delay = 0.00>
ST_6 : Operation 157 [1/1] (0.00ns) (grouped into LUT with out node p_Val2_1)   --->   "%zext_ln1148_2 = zext i28 %tmp_7 to i29" [./layer.h:89]   --->   Operation 157 'zext' 'zext_ln1148_2' <Predicate = true> <Delay = 0.00>
ST_6 : Operation 158 [1/1] (2.43ns)   --->   "%sub_ln1148_1 = sub i29 0, %zext_ln1148_1" [./layer.h:89]   --->   Operation 158 'sub' 'sub_ln1148_1' <Predicate = true> <Delay = 2.43> <Core = "AddSub">   --->   Core 14 'AddSub' <Latency = 0> <II = 1> <Delay = 2.55> <FuncUnit> <Opcode : 'add' 'sub'> <InPorts = 2> <OutPorts = 1>
ST_6 : Operation 159 [1/1] (0.00ns) (grouped into LUT with out node p_Val2_1)   --->   "%select_ln1148 = select i1 %tmp_1, i29 %sub_ln1148_1, i29 %zext_ln1148_2" [./layer.h:89]   --->   Operation 159 'select' 'select_ln1148' <Predicate = true> <Delay = 0.00> <Core = "Sel">   --->   Core 26 'Sel' <Latency = 0> <II = 1> <Delay = 0.69> <FuncUnit> <Opcode : 'select'> <InPorts = 3> <OutPorts = 1>
ST_6 : Operation 160 [1/1] (0.00ns) (grouped into LUT with out node p_Val2_1)   --->   "%sext_ln1148_1 = sext i29 %select_ln1148 to i30" [./layer.h:89]   --->   Operation 160 'sext' 'sext_ln1148_1' <Predicate = true> <Delay = 0.00>
ST_6 : Operation 161 [1/1] (2.46ns) (out node of the LUT)   --->   "%p_Val2_1 = add i30 %sext_ln1148_1, 41" [./layer.h:89]   --->   Operation 161 'add' 'p_Val2_1' <Predicate = true> <Delay = 2.46> <Core = "AddSub">   --->   Core 14 'AddSub' <Latency = 0> <II = 1> <Delay = 2.55> <FuncUnit> <Opcode : 'add' 'sub'> <InPorts = 2> <OutPorts = 1>
ST_6 : Operation 162 [1/1] (0.00ns)   --->   "%tmp_2 = call i1 @_ssdm_op_BitSelect.i1.i30.i32(i30 %p_Val2_1, i32 29)" [./layer.h:65->./layer.h:89]   --->   Operation 162 'bitselect' 'tmp_2' <Predicate = true> <Delay = 0.00>
ST_6 : Operation 163 [1/1] (0.00ns)   --->   "%trunc_ln1148_7 = call i29 @_ssdm_op_PartSelect.i29.i30.i32.i32(i30 %p_Val2_1, i32 1, i32 29)" [./layer.h:65->./layer.h:89]   --->   Operation 163 'partselect' 'trunc_ln1148_7' <Predicate = true> <Delay = 0.00>

State 7 <SV = 3> <Delay = 6.43>
ST_7 : Operation 164 [1/1] (0.00ns)   --->   "%rhs_V = call i52 @_ssdm_op_BitConcatenate.i52.i30.i22(i30 %p_Val2_1, i22 0)" [./layer.h:65->./layer.h:89]   --->   Operation 164 'bitconcatenate' 'rhs_V' <Predicate = true> <Delay = 0.00>
ST_7 : Operation 165 [1/1] (0.00ns)   --->   "%sext_ln728_1 = sext i52 %rhs_V to i53" [./layer.h:65->./layer.h:89]   --->   Operation 165 'sext' 'sext_ln728_1' <Predicate = true> <Delay = 0.00>
ST_7 : Operation 166 [1/1] (3.21ns)   --->   "%sub_ln1148_2 = sub i53 0, %sext_ln728_1" [./layer.h:65->./layer.h:89]   --->   Operation 166 'sub' 'sub_ln1148_2' <Predicate = (tmp_2)> <Delay = 3.21> <Core = "AddSub">   --->   Core 14 'AddSub' <Latency = 0> <II = 1> <Delay = 2.55> <FuncUnit> <Opcode : 'add' 'sub'> <InPorts = 2> <OutPorts = 1>
ST_7 : Operation 167 [1/1] (0.00ns)   --->   "%tmp_3 = call i30 @_ssdm_op_PartSelect.i30.i53.i32.i32(i53 %sub_ln1148_2, i32 23, i32 52)" [./layer.h:65->./layer.h:89]   --->   Operation 167 'partselect' 'tmp_3' <Predicate = (tmp_2)> <Delay = 0.00>
ST_7 : Operation 168 [1/1] (0.00ns)   --->   "%sext_ln1148_2 = sext i30 %tmp_3 to i31" [./layer.h:65->./layer.h:89]   --->   Operation 168 'sext' 'sext_ln1148_2' <Predicate = (tmp_2)> <Delay = 0.00>
ST_7 : Operation 169 [1/1] (0.00ns)   --->   "%zext_ln1148_3 = zext i31 %sext_ln1148_2 to i32" [./layer.h:65->./layer.h:89]   --->   Operation 169 'zext' 'zext_ln1148_3' <Predicate = (tmp_2)> <Delay = 0.00>
ST_7 : Operation 170 [1/1] (0.00ns)   --->   "%sext_ln1148_3 = sext i29 %trunc_ln1148_7 to i31" [./layer.h:65->./layer.h:89]   --->   Operation 170 'sext' 'sext_ln1148_3' <Predicate = (!tmp_2)> <Delay = 0.00>
ST_7 : Operation 171 [1/1] (0.00ns)   --->   "%zext_ln1148 = zext i31 %sext_ln1148_3 to i32" [./layer.h:65->./layer.h:89]   --->   Operation 171 'zext' 'zext_ln1148' <Predicate = (!tmp_2)> <Delay = 0.00>
ST_7 : Operation 172 [1/1] (2.52ns)   --->   "%sub_ln1148_3 = sub i32 0, %zext_ln1148_3" [./layer.h:65->./layer.h:89]   --->   Operation 172 'sub' 'sub_ln1148_3' <Predicate = (tmp_2)> <Delay = 2.52> <Core = "AddSub">   --->   Core 14 'AddSub' <Latency = 0> <II = 1> <Delay = 2.55> <FuncUnit> <Opcode : 'add' 'sub'> <InPorts = 2> <OutPorts = 1>
ST_7 : Operation 173 [1/1] (0.69ns)   --->   "%guess_V = select i1 %tmp_2, i32 %sub_ln1148_3, i32 %zext_ln1148" [./layer.h:65->./layer.h:89]   --->   Operation 173 'select' 'guess_V' <Predicate = true> <Delay = 0.69> <Core = "Sel">   --->   Core 26 'Sel' <Latency = 0> <II = 1> <Delay = 0.69> <FuncUnit> <Opcode : 'select'> <InPorts = 3> <OutPorts = 1>
ST_7 : Operation 174 [1/1] (0.00ns)   --->   "%sext_ln728 = sext i52 %rhs_V to i65" [./layer.h:70->./layer.h:89]   --->   Operation 174 'sext' 'sext_ln728' <Predicate = true> <Delay = 0.00>
ST_7 : Operation 175 [1/1] (1.76ns)   --->   "br label %2" [./layer.h:68->./layer.h:89]   --->   Operation 175 'br' <Predicate = true> <Delay = 1.76>

State 8 <SV = 4> <Delay = 4.69>
ST_8 : Operation 176 [1/1] (0.00ns)   --->   "%p_Val2_4 = phi i32 [ %guess_V, %ap_fixed_base.exit ], [ %guess_V_1, %_ZNK13ap_fixed_baseILi32ELi10ELb1EL9ap_q_mode5EL9ap_o_mode3ELi0EEdvILi32ELi10ELb1ELS0_5ELS1_3ELi0EEENS2_5RTypeIXT_EXT0_EXT1_EE3divERKS_IXT_EXT0_EXT1_EXT2_EXT3_EXT4_EE.exit59.i ]"   --->   Operation 176 'phi' 'p_Val2_4' <Predicate = true> <Delay = 0.00>
ST_8 : Operation 177 [1/1] (0.00ns)   --->   "%i_0_i = phi i4 [ 0, %ap_fixed_base.exit ], [ %i_1, %_ZNK13ap_fixed_baseILi32ELi10ELb1EL9ap_q_mode5EL9ap_o_mode3ELi0EEdvILi32ELi10ELb1ELS0_5ELS1_3ELi0EEENS2_5RTypeIXT_EXT0_EXT1_EE3divERKS_IXT_EXT0_EXT1_EXT2_EXT3_EXT4_EE.exit59.i ]"   --->   Operation 177 'phi' 'i_0_i' <Predicate = true> <Delay = 0.00>
ST_8 : Operation 178 [1/1] (1.30ns)   --->   "%icmp_ln68 = icmp eq i4 %i_0_i, -6" [./layer.h:68->./layer.h:89]   --->   Operation 178 'icmp' 'icmp_ln68' <Predicate = true> <Delay = 1.30> <Core = "Cmp">   --->   Core 25 'Cmp' <Latency = 0> <II = 1> <Delay = 2.47> <FuncUnit> <Opcode : 'icmp'> <InPorts = 2> <OutPorts = 1>
ST_8 : Operation 179 [1/1] (0.00ns)   --->   "%empty_53 = call i32 (...)* @_ssdm_op_SpecLoopTripCount(i64 1, i64 10, i64 5)"   --->   Operation 179 'speclooptripcount' 'empty_53' <Predicate = true> <Delay = 0.00>
ST_8 : Operation 180 [1/1] (1.73ns)   --->   "%i_1 = add i4 %i_0_i, 1" [./layer.h:68->./layer.h:89]   --->   Operation 180 'add' 'i_1' <Predicate = true> <Delay = 1.73> <Core = "AddSub">   --->   Core 14 'AddSub' <Latency = 0> <II = 1> <Delay = 2.55> <FuncUnit> <Opcode : 'add' 'sub'> <InPorts = 2> <OutPorts = 1>
ST_8 : Operation 181 [1/1] (1.76ns)   --->   "br i1 %icmp_ln68, label %attention_sqrt.exit, label %_ZNK13ap_fixed_baseILi32ELi10ELb1EL9ap_q_mode5EL9ap_o_mode3ELi0EEdvILi32ELi10ELb1ELS0_5ELS1_3ELi0EEENS2_5RTypeIXT_EXT0_EXT1_EE3divERKS_IXT_EXT0_EXT1_EXT2_EXT3_EXT4_EE.exit59.i" [./layer.h:68->./layer.h:89]   --->   Operation 181 'br' <Predicate = true> <Delay = 1.76>
ST_8 : Operation 182 [1/1] (0.00ns)   --->   "%sext_ln1148_4 = sext i32 %p_Val2_4 to i53" [./layer.h:69->./layer.h:89]   --->   Operation 182 'sext' 'sext_ln1148_4' <Predicate = (!icmp_ln68)> <Delay = 0.00>
ST_8 : Operation 183 [57/57] (4.69ns)   --->   "%sdiv_ln1148_3 = sdiv i53 %sext_ln728_1, %sext_ln1148_4" [./layer.h:69->./layer.h:89]   --->   Operation 183 'sdiv' 'sdiv_ln1148_3' <Predicate = (!icmp_ln68)> <Delay = 4.69> <Core = "DivnS_SEQ">   --->   Core 24 'DivnS_SEQ' <Latency = 49> <II = 32> <Delay = 4.50> <FuncUnit> <Opcode : 'sdiv' 'srem' 'udiv' 'urem'> <InPorts = 2> <OutPorts = 1>

State 9 <SV = 5> <Delay = 4.69>
ST_9 : Operation 184 [56/57] (4.69ns)   --->   "%sdiv_ln1148_3 = sdiv i53 %sext_ln728_1, %sext_ln1148_4" [./layer.h:69->./layer.h:89]   --->   Operation 184 'sdiv' 'sdiv_ln1148_3' <Predicate = true> <Delay = 4.69> <Core = "DivnS_SEQ">   --->   Core 24 'DivnS_SEQ' <Latency = 49> <II = 32> <Delay = 4.50> <FuncUnit> <Opcode : 'sdiv' 'srem' 'udiv' 'urem'> <InPorts = 2> <OutPorts = 1>

State 10 <SV = 6> <Delay = 4.69>
ST_10 : Operation 185 [55/57] (4.69ns)   --->   "%sdiv_ln1148_3 = sdiv i53 %sext_ln728_1, %sext_ln1148_4" [./layer.h:69->./layer.h:89]   --->   Operation 185 'sdiv' 'sdiv_ln1148_3' <Predicate = true> <Delay = 4.69> <Core = "DivnS_SEQ">   --->   Core 24 'DivnS_SEQ' <Latency = 49> <II = 32> <Delay = 4.50> <FuncUnit> <Opcode : 'sdiv' 'srem' 'udiv' 'urem'> <InPorts = 2> <OutPorts = 1>

State 11 <SV = 7> <Delay = 4.69>
ST_11 : Operation 186 [54/57] (4.69ns)   --->   "%sdiv_ln1148_3 = sdiv i53 %sext_ln728_1, %sext_ln1148_4" [./layer.h:69->./layer.h:89]   --->   Operation 186 'sdiv' 'sdiv_ln1148_3' <Predicate = true> <Delay = 4.69> <Core = "DivnS_SEQ">   --->   Core 24 'DivnS_SEQ' <Latency = 49> <II = 32> <Delay = 4.50> <FuncUnit> <Opcode : 'sdiv' 'srem' 'udiv' 'urem'> <InPorts = 2> <OutPorts = 1>

State 12 <SV = 8> <Delay = 4.69>
ST_12 : Operation 187 [53/57] (4.69ns)   --->   "%sdiv_ln1148_3 = sdiv i53 %sext_ln728_1, %sext_ln1148_4" [./layer.h:69->./layer.h:89]   --->   Operation 187 'sdiv' 'sdiv_ln1148_3' <Predicate = true> <Delay = 4.69> <Core = "DivnS_SEQ">   --->   Core 24 'DivnS_SEQ' <Latency = 49> <II = 32> <Delay = 4.50> <FuncUnit> <Opcode : 'sdiv' 'srem' 'udiv' 'urem'> <InPorts = 2> <OutPorts = 1>

State 13 <SV = 9> <Delay = 4.69>
ST_13 : Operation 188 [52/57] (4.69ns)   --->   "%sdiv_ln1148_3 = sdiv i53 %sext_ln728_1, %sext_ln1148_4" [./layer.h:69->./layer.h:89]   --->   Operation 188 'sdiv' 'sdiv_ln1148_3' <Predicate = true> <Delay = 4.69> <Core = "DivnS_SEQ">   --->   Core 24 'DivnS_SEQ' <Latency = 49> <II = 32> <Delay = 4.50> <FuncUnit> <Opcode : 'sdiv' 'srem' 'udiv' 'urem'> <InPorts = 2> <OutPorts = 1>

State 14 <SV = 10> <Delay = 4.69>
ST_14 : Operation 189 [51/57] (4.69ns)   --->   "%sdiv_ln1148_3 = sdiv i53 %sext_ln728_1, %sext_ln1148_4" [./layer.h:69->./layer.h:89]   --->   Operation 189 'sdiv' 'sdiv_ln1148_3' <Predicate = true> <Delay = 4.69> <Core = "DivnS_SEQ">   --->   Core 24 'DivnS_SEQ' <Latency = 49> <II = 32> <Delay = 4.50> <FuncUnit> <Opcode : 'sdiv' 'srem' 'udiv' 'urem'> <InPorts = 2> <OutPorts = 1>

State 15 <SV = 11> <Delay = 4.69>
ST_15 : Operation 190 [50/57] (4.69ns)   --->   "%sdiv_ln1148_3 = sdiv i53 %sext_ln728_1, %sext_ln1148_4" [./layer.h:69->./layer.h:89]   --->   Operation 190 'sdiv' 'sdiv_ln1148_3' <Predicate = true> <Delay = 4.69> <Core = "DivnS_SEQ">   --->   Core 24 'DivnS_SEQ' <Latency = 49> <II = 32> <Delay = 4.50> <FuncUnit> <Opcode : 'sdiv' 'srem' 'udiv' 'urem'> <InPorts = 2> <OutPorts = 1>

State 16 <SV = 12> <Delay = 4.69>
ST_16 : Operation 191 [49/57] (4.69ns)   --->   "%sdiv_ln1148_3 = sdiv i53 %sext_ln728_1, %sext_ln1148_4" [./layer.h:69->./layer.h:89]   --->   Operation 191 'sdiv' 'sdiv_ln1148_3' <Predicate = true> <Delay = 4.69> <Core = "DivnS_SEQ">   --->   Core 24 'DivnS_SEQ' <Latency = 49> <II = 32> <Delay = 4.50> <FuncUnit> <Opcode : 'sdiv' 'srem' 'udiv' 'urem'> <InPorts = 2> <OutPorts = 1>

State 17 <SV = 13> <Delay = 4.69>
ST_17 : Operation 192 [48/57] (4.69ns)   --->   "%sdiv_ln1148_3 = sdiv i53 %sext_ln728_1, %sext_ln1148_4" [./layer.h:69->./layer.h:89]   --->   Operation 192 'sdiv' 'sdiv_ln1148_3' <Predicate = true> <Delay = 4.69> <Core = "DivnS_SEQ">   --->   Core 24 'DivnS_SEQ' <Latency = 49> <II = 32> <Delay = 4.50> <FuncUnit> <Opcode : 'sdiv' 'srem' 'udiv' 'urem'> <InPorts = 2> <OutPorts = 1>

State 18 <SV = 14> <Delay = 4.69>
ST_18 : Operation 193 [47/57] (4.69ns)   --->   "%sdiv_ln1148_3 = sdiv i53 %sext_ln728_1, %sext_ln1148_4" [./layer.h:69->./layer.h:89]   --->   Operation 193 'sdiv' 'sdiv_ln1148_3' <Predicate = true> <Delay = 4.69> <Core = "DivnS_SEQ">   --->   Core 24 'DivnS_SEQ' <Latency = 49> <II = 32> <Delay = 4.50> <FuncUnit> <Opcode : 'sdiv' 'srem' 'udiv' 'urem'> <InPorts = 2> <OutPorts = 1>

State 19 <SV = 15> <Delay = 4.69>
ST_19 : Operation 194 [46/57] (4.69ns)   --->   "%sdiv_ln1148_3 = sdiv i53 %sext_ln728_1, %sext_ln1148_4" [./layer.h:69->./layer.h:89]   --->   Operation 194 'sdiv' 'sdiv_ln1148_3' <Predicate = true> <Delay = 4.69> <Core = "DivnS_SEQ">   --->   Core 24 'DivnS_SEQ' <Latency = 49> <II = 32> <Delay = 4.50> <FuncUnit> <Opcode : 'sdiv' 'srem' 'udiv' 'urem'> <InPorts = 2> <OutPorts = 1>

State 20 <SV = 16> <Delay = 4.69>
ST_20 : Operation 195 [45/57] (4.69ns)   --->   "%sdiv_ln1148_3 = sdiv i53 %sext_ln728_1, %sext_ln1148_4" [./layer.h:69->./layer.h:89]   --->   Operation 195 'sdiv' 'sdiv_ln1148_3' <Predicate = true> <Delay = 4.69> <Core = "DivnS_SEQ">   --->   Core 24 'DivnS_SEQ' <Latency = 49> <II = 32> <Delay = 4.50> <FuncUnit> <Opcode : 'sdiv' 'srem' 'udiv' 'urem'> <InPorts = 2> <OutPorts = 1>

State 21 <SV = 17> <Delay = 4.69>
ST_21 : Operation 196 [44/57] (4.69ns)   --->   "%sdiv_ln1148_3 = sdiv i53 %sext_ln728_1, %sext_ln1148_4" [./layer.h:69->./layer.h:89]   --->   Operation 196 'sdiv' 'sdiv_ln1148_3' <Predicate = true> <Delay = 4.69> <Core = "DivnS_SEQ">   --->   Core 24 'DivnS_SEQ' <Latency = 49> <II = 32> <Delay = 4.50> <FuncUnit> <Opcode : 'sdiv' 'srem' 'udiv' 'urem'> <InPorts = 2> <OutPorts = 1>

State 22 <SV = 18> <Delay = 4.69>
ST_22 : Operation 197 [43/57] (4.69ns)   --->   "%sdiv_ln1148_3 = sdiv i53 %sext_ln728_1, %sext_ln1148_4" [./layer.h:69->./layer.h:89]   --->   Operation 197 'sdiv' 'sdiv_ln1148_3' <Predicate = true> <Delay = 4.69> <Core = "DivnS_SEQ">   --->   Core 24 'DivnS_SEQ' <Latency = 49> <II = 32> <Delay = 4.50> <FuncUnit> <Opcode : 'sdiv' 'srem' 'udiv' 'urem'> <InPorts = 2> <OutPorts = 1>

State 23 <SV = 19> <Delay = 4.69>
ST_23 : Operation 198 [42/57] (4.69ns)   --->   "%sdiv_ln1148_3 = sdiv i53 %sext_ln728_1, %sext_ln1148_4" [./layer.h:69->./layer.h:89]   --->   Operation 198 'sdiv' 'sdiv_ln1148_3' <Predicate = true> <Delay = 4.69> <Core = "DivnS_SEQ">   --->   Core 24 'DivnS_SEQ' <Latency = 49> <II = 32> <Delay = 4.50> <FuncUnit> <Opcode : 'sdiv' 'srem' 'udiv' 'urem'> <InPorts = 2> <OutPorts = 1>

State 24 <SV = 20> <Delay = 4.69>
ST_24 : Operation 199 [41/57] (4.69ns)   --->   "%sdiv_ln1148_3 = sdiv i53 %sext_ln728_1, %sext_ln1148_4" [./layer.h:69->./layer.h:89]   --->   Operation 199 'sdiv' 'sdiv_ln1148_3' <Predicate = true> <Delay = 4.69> <Core = "DivnS_SEQ">   --->   Core 24 'DivnS_SEQ' <Latency = 49> <II = 32> <Delay = 4.50> <FuncUnit> <Opcode : 'sdiv' 'srem' 'udiv' 'urem'> <InPorts = 2> <OutPorts = 1>

State 25 <SV = 21> <Delay = 4.69>
ST_25 : Operation 200 [40/57] (4.69ns)   --->   "%sdiv_ln1148_3 = sdiv i53 %sext_ln728_1, %sext_ln1148_4" [./layer.h:69->./layer.h:89]   --->   Operation 200 'sdiv' 'sdiv_ln1148_3' <Predicate = true> <Delay = 4.69> <Core = "DivnS_SEQ">   --->   Core 24 'DivnS_SEQ' <Latency = 49> <II = 32> <Delay = 4.50> <FuncUnit> <Opcode : 'sdiv' 'srem' 'udiv' 'urem'> <InPorts = 2> <OutPorts = 1>

State 26 <SV = 22> <Delay = 4.69>
ST_26 : Operation 201 [39/57] (4.69ns)   --->   "%sdiv_ln1148_3 = sdiv i53 %sext_ln728_1, %sext_ln1148_4" [./layer.h:69->./layer.h:89]   --->   Operation 201 'sdiv' 'sdiv_ln1148_3' <Predicate = true> <Delay = 4.69> <Core = "DivnS_SEQ">   --->   Core 24 'DivnS_SEQ' <Latency = 49> <II = 32> <Delay = 4.50> <FuncUnit> <Opcode : 'sdiv' 'srem' 'udiv' 'urem'> <InPorts = 2> <OutPorts = 1>

State 27 <SV = 23> <Delay = 4.69>
ST_27 : Operation 202 [38/57] (4.69ns)   --->   "%sdiv_ln1148_3 = sdiv i53 %sext_ln728_1, %sext_ln1148_4" [./layer.h:69->./layer.h:89]   --->   Operation 202 'sdiv' 'sdiv_ln1148_3' <Predicate = true> <Delay = 4.69> <Core = "DivnS_SEQ">   --->   Core 24 'DivnS_SEQ' <Latency = 49> <II = 32> <Delay = 4.50> <FuncUnit> <Opcode : 'sdiv' 'srem' 'udiv' 'urem'> <InPorts = 2> <OutPorts = 1>

State 28 <SV = 24> <Delay = 4.69>
ST_28 : Operation 203 [37/57] (4.69ns)   --->   "%sdiv_ln1148_3 = sdiv i53 %sext_ln728_1, %sext_ln1148_4" [./layer.h:69->./layer.h:89]   --->   Operation 203 'sdiv' 'sdiv_ln1148_3' <Predicate = true> <Delay = 4.69> <Core = "DivnS_SEQ">   --->   Core 24 'DivnS_SEQ' <Latency = 49> <II = 32> <Delay = 4.50> <FuncUnit> <Opcode : 'sdiv' 'srem' 'udiv' 'urem'> <InPorts = 2> <OutPorts = 1>

State 29 <SV = 25> <Delay = 4.69>
ST_29 : Operation 204 [36/57] (4.69ns)   --->   "%sdiv_ln1148_3 = sdiv i53 %sext_ln728_1, %sext_ln1148_4" [./layer.h:69->./layer.h:89]   --->   Operation 204 'sdiv' 'sdiv_ln1148_3' <Predicate = true> <Delay = 4.69> <Core = "DivnS_SEQ">   --->   Core 24 'DivnS_SEQ' <Latency = 49> <II = 32> <Delay = 4.50> <FuncUnit> <Opcode : 'sdiv' 'srem' 'udiv' 'urem'> <InPorts = 2> <OutPorts = 1>

State 30 <SV = 26> <Delay = 4.69>
ST_30 : Operation 205 [35/57] (4.69ns)   --->   "%sdiv_ln1148_3 = sdiv i53 %sext_ln728_1, %sext_ln1148_4" [./layer.h:69->./layer.h:89]   --->   Operation 205 'sdiv' 'sdiv_ln1148_3' <Predicate = true> <Delay = 4.69> <Core = "DivnS_SEQ">   --->   Core 24 'DivnS_SEQ' <Latency = 49> <II = 32> <Delay = 4.50> <FuncUnit> <Opcode : 'sdiv' 'srem' 'udiv' 'urem'> <InPorts = 2> <OutPorts = 1>

State 31 <SV = 27> <Delay = 4.69>
ST_31 : Operation 206 [34/57] (4.69ns)   --->   "%sdiv_ln1148_3 = sdiv i53 %sext_ln728_1, %sext_ln1148_4" [./layer.h:69->./layer.h:89]   --->   Operation 206 'sdiv' 'sdiv_ln1148_3' <Predicate = true> <Delay = 4.69> <Core = "DivnS_SEQ">   --->   Core 24 'DivnS_SEQ' <Latency = 49> <II = 32> <Delay = 4.50> <FuncUnit> <Opcode : 'sdiv' 'srem' 'udiv' 'urem'> <InPorts = 2> <OutPorts = 1>

State 32 <SV = 28> <Delay = 4.69>
ST_32 : Operation 207 [33/57] (4.69ns)   --->   "%sdiv_ln1148_3 = sdiv i53 %sext_ln728_1, %sext_ln1148_4" [./layer.h:69->./layer.h:89]   --->   Operation 207 'sdiv' 'sdiv_ln1148_3' <Predicate = true> <Delay = 4.69> <Core = "DivnS_SEQ">   --->   Core 24 'DivnS_SEQ' <Latency = 49> <II = 32> <Delay = 4.50> <FuncUnit> <Opcode : 'sdiv' 'srem' 'udiv' 'urem'> <InPorts = 2> <OutPorts = 1>

State 33 <SV = 29> <Delay = 4.69>
ST_33 : Operation 208 [32/57] (4.69ns)   --->   "%sdiv_ln1148_3 = sdiv i53 %sext_ln728_1, %sext_ln1148_4" [./layer.h:69->./layer.h:89]   --->   Operation 208 'sdiv' 'sdiv_ln1148_3' <Predicate = true> <Delay = 4.69> <Core = "DivnS_SEQ">   --->   Core 24 'DivnS_SEQ' <Latency = 49> <II = 32> <Delay = 4.50> <FuncUnit> <Opcode : 'sdiv' 'srem' 'udiv' 'urem'> <InPorts = 2> <OutPorts = 1>

State 34 <SV = 30> <Delay = 4.69>
ST_34 : Operation 209 [31/57] (4.69ns)   --->   "%sdiv_ln1148_3 = sdiv i53 %sext_ln728_1, %sext_ln1148_4" [./layer.h:69->./layer.h:89]   --->   Operation 209 'sdiv' 'sdiv_ln1148_3' <Predicate = true> <Delay = 4.69> <Core = "DivnS_SEQ">   --->   Core 24 'DivnS_SEQ' <Latency = 49> <II = 32> <Delay = 4.50> <FuncUnit> <Opcode : 'sdiv' 'srem' 'udiv' 'urem'> <InPorts = 2> <OutPorts = 1>

State 35 <SV = 31> <Delay = 4.69>
ST_35 : Operation 210 [30/57] (4.69ns)   --->   "%sdiv_ln1148_3 = sdiv i53 %sext_ln728_1, %sext_ln1148_4" [./layer.h:69->./layer.h:89]   --->   Operation 210 'sdiv' 'sdiv_ln1148_3' <Predicate = true> <Delay = 4.69> <Core = "DivnS_SEQ">   --->   Core 24 'DivnS_SEQ' <Latency = 49> <II = 32> <Delay = 4.50> <FuncUnit> <Opcode : 'sdiv' 'srem' 'udiv' 'urem'> <InPorts = 2> <OutPorts = 1>

State 36 <SV = 32> <Delay = 4.69>
ST_36 : Operation 211 [29/57] (4.69ns)   --->   "%sdiv_ln1148_3 = sdiv i53 %sext_ln728_1, %sext_ln1148_4" [./layer.h:69->./layer.h:89]   --->   Operation 211 'sdiv' 'sdiv_ln1148_3' <Predicate = true> <Delay = 4.69> <Core = "DivnS_SEQ">   --->   Core 24 'DivnS_SEQ' <Latency = 49> <II = 32> <Delay = 4.50> <FuncUnit> <Opcode : 'sdiv' 'srem' 'udiv' 'urem'> <InPorts = 2> <OutPorts = 1>

State 37 <SV = 33> <Delay = 4.69>
ST_37 : Operation 212 [28/57] (4.69ns)   --->   "%sdiv_ln1148_3 = sdiv i53 %sext_ln728_1, %sext_ln1148_4" [./layer.h:69->./layer.h:89]   --->   Operation 212 'sdiv' 'sdiv_ln1148_3' <Predicate = true> <Delay = 4.69> <Core = "DivnS_SEQ">   --->   Core 24 'DivnS_SEQ' <Latency = 49> <II = 32> <Delay = 4.50> <FuncUnit> <Opcode : 'sdiv' 'srem' 'udiv' 'urem'> <InPorts = 2> <OutPorts = 1>

State 38 <SV = 34> <Delay = 4.69>
ST_38 : Operation 213 [27/57] (4.69ns)   --->   "%sdiv_ln1148_3 = sdiv i53 %sext_ln728_1, %sext_ln1148_4" [./layer.h:69->./layer.h:89]   --->   Operation 213 'sdiv' 'sdiv_ln1148_3' <Predicate = true> <Delay = 4.69> <Core = "DivnS_SEQ">   --->   Core 24 'DivnS_SEQ' <Latency = 49> <II = 32> <Delay = 4.50> <FuncUnit> <Opcode : 'sdiv' 'srem' 'udiv' 'urem'> <InPorts = 2> <OutPorts = 1>

State 39 <SV = 35> <Delay = 4.69>
ST_39 : Operation 214 [26/57] (4.69ns)   --->   "%sdiv_ln1148_3 = sdiv i53 %sext_ln728_1, %sext_ln1148_4" [./layer.h:69->./layer.h:89]   --->   Operation 214 'sdiv' 'sdiv_ln1148_3' <Predicate = true> <Delay = 4.69> <Core = "DivnS_SEQ">   --->   Core 24 'DivnS_SEQ' <Latency = 49> <II = 32> <Delay = 4.50> <FuncUnit> <Opcode : 'sdiv' 'srem' 'udiv' 'urem'> <InPorts = 2> <OutPorts = 1>

State 40 <SV = 36> <Delay = 4.69>
ST_40 : Operation 215 [25/57] (4.69ns)   --->   "%sdiv_ln1148_3 = sdiv i53 %sext_ln728_1, %sext_ln1148_4" [./layer.h:69->./layer.h:89]   --->   Operation 215 'sdiv' 'sdiv_ln1148_3' <Predicate = true> <Delay = 4.69> <Core = "DivnS_SEQ">   --->   Core 24 'DivnS_SEQ' <Latency = 49> <II = 32> <Delay = 4.50> <FuncUnit> <Opcode : 'sdiv' 'srem' 'udiv' 'urem'> <InPorts = 2> <OutPorts = 1>

State 41 <SV = 37> <Delay = 4.69>
ST_41 : Operation 216 [24/57] (4.69ns)   --->   "%sdiv_ln1148_3 = sdiv i53 %sext_ln728_1, %sext_ln1148_4" [./layer.h:69->./layer.h:89]   --->   Operation 216 'sdiv' 'sdiv_ln1148_3' <Predicate = true> <Delay = 4.69> <Core = "DivnS_SEQ">   --->   Core 24 'DivnS_SEQ' <Latency = 49> <II = 32> <Delay = 4.50> <FuncUnit> <Opcode : 'sdiv' 'srem' 'udiv' 'urem'> <InPorts = 2> <OutPorts = 1>

State 42 <SV = 38> <Delay = 4.69>
ST_42 : Operation 217 [23/57] (4.69ns)   --->   "%sdiv_ln1148_3 = sdiv i53 %sext_ln728_1, %sext_ln1148_4" [./layer.h:69->./layer.h:89]   --->   Operation 217 'sdiv' 'sdiv_ln1148_3' <Predicate = true> <Delay = 4.69> <Core = "DivnS_SEQ">   --->   Core 24 'DivnS_SEQ' <Latency = 49> <II = 32> <Delay = 4.50> <FuncUnit> <Opcode : 'sdiv' 'srem' 'udiv' 'urem'> <InPorts = 2> <OutPorts = 1>

State 43 <SV = 39> <Delay = 4.69>
ST_43 : Operation 218 [22/57] (4.69ns)   --->   "%sdiv_ln1148_3 = sdiv i53 %sext_ln728_1, %sext_ln1148_4" [./layer.h:69->./layer.h:89]   --->   Operation 218 'sdiv' 'sdiv_ln1148_3' <Predicate = true> <Delay = 4.69> <Core = "DivnS_SEQ">   --->   Core 24 'DivnS_SEQ' <Latency = 49> <II = 32> <Delay = 4.50> <FuncUnit> <Opcode : 'sdiv' 'srem' 'udiv' 'urem'> <InPorts = 2> <OutPorts = 1>

State 44 <SV = 40> <Delay = 4.69>
ST_44 : Operation 219 [21/57] (4.69ns)   --->   "%sdiv_ln1148_3 = sdiv i53 %sext_ln728_1, %sext_ln1148_4" [./layer.h:69->./layer.h:89]   --->   Operation 219 'sdiv' 'sdiv_ln1148_3' <Predicate = true> <Delay = 4.69> <Core = "DivnS_SEQ">   --->   Core 24 'DivnS_SEQ' <Latency = 49> <II = 32> <Delay = 4.50> <FuncUnit> <Opcode : 'sdiv' 'srem' 'udiv' 'urem'> <InPorts = 2> <OutPorts = 1>

State 45 <SV = 41> <Delay = 4.69>
ST_45 : Operation 220 [20/57] (4.69ns)   --->   "%sdiv_ln1148_3 = sdiv i53 %sext_ln728_1, %sext_ln1148_4" [./layer.h:69->./layer.h:89]   --->   Operation 220 'sdiv' 'sdiv_ln1148_3' <Predicate = true> <Delay = 4.69> <Core = "DivnS_SEQ">   --->   Core 24 'DivnS_SEQ' <Latency = 49> <II = 32> <Delay = 4.50> <FuncUnit> <Opcode : 'sdiv' 'srem' 'udiv' 'urem'> <InPorts = 2> <OutPorts = 1>

State 46 <SV = 42> <Delay = 4.69>
ST_46 : Operation 221 [19/57] (4.69ns)   --->   "%sdiv_ln1148_3 = sdiv i53 %sext_ln728_1, %sext_ln1148_4" [./layer.h:69->./layer.h:89]   --->   Operation 221 'sdiv' 'sdiv_ln1148_3' <Predicate = true> <Delay = 4.69> <Core = "DivnS_SEQ">   --->   Core 24 'DivnS_SEQ' <Latency = 49> <II = 32> <Delay = 4.50> <FuncUnit> <Opcode : 'sdiv' 'srem' 'udiv' 'urem'> <InPorts = 2> <OutPorts = 1>

State 47 <SV = 43> <Delay = 4.69>
ST_47 : Operation 222 [18/57] (4.69ns)   --->   "%sdiv_ln1148_3 = sdiv i53 %sext_ln728_1, %sext_ln1148_4" [./layer.h:69->./layer.h:89]   --->   Operation 222 'sdiv' 'sdiv_ln1148_3' <Predicate = true> <Delay = 4.69> <Core = "DivnS_SEQ">   --->   Core 24 'DivnS_SEQ' <Latency = 49> <II = 32> <Delay = 4.50> <FuncUnit> <Opcode : 'sdiv' 'srem' 'udiv' 'urem'> <InPorts = 2> <OutPorts = 1>

State 48 <SV = 44> <Delay = 4.69>
ST_48 : Operation 223 [17/57] (4.69ns)   --->   "%sdiv_ln1148_3 = sdiv i53 %sext_ln728_1, %sext_ln1148_4" [./layer.h:69->./layer.h:89]   --->   Operation 223 'sdiv' 'sdiv_ln1148_3' <Predicate = true> <Delay = 4.69> <Core = "DivnS_SEQ">   --->   Core 24 'DivnS_SEQ' <Latency = 49> <II = 32> <Delay = 4.50> <FuncUnit> <Opcode : 'sdiv' 'srem' 'udiv' 'urem'> <InPorts = 2> <OutPorts = 1>

State 49 <SV = 45> <Delay = 4.69>
ST_49 : Operation 224 [16/57] (4.69ns)   --->   "%sdiv_ln1148_3 = sdiv i53 %sext_ln728_1, %sext_ln1148_4" [./layer.h:69->./layer.h:89]   --->   Operation 224 'sdiv' 'sdiv_ln1148_3' <Predicate = true> <Delay = 4.69> <Core = "DivnS_SEQ">   --->   Core 24 'DivnS_SEQ' <Latency = 49> <II = 32> <Delay = 4.50> <FuncUnit> <Opcode : 'sdiv' 'srem' 'udiv' 'urem'> <InPorts = 2> <OutPorts = 1>

State 50 <SV = 46> <Delay = 4.69>
ST_50 : Operation 225 [15/57] (4.69ns)   --->   "%sdiv_ln1148_3 = sdiv i53 %sext_ln728_1, %sext_ln1148_4" [./layer.h:69->./layer.h:89]   --->   Operation 225 'sdiv' 'sdiv_ln1148_3' <Predicate = true> <Delay = 4.69> <Core = "DivnS_SEQ">   --->   Core 24 'DivnS_SEQ' <Latency = 49> <II = 32> <Delay = 4.50> <FuncUnit> <Opcode : 'sdiv' 'srem' 'udiv' 'urem'> <InPorts = 2> <OutPorts = 1>

State 51 <SV = 47> <Delay = 4.69>
ST_51 : Operation 226 [14/57] (4.69ns)   --->   "%sdiv_ln1148_3 = sdiv i53 %sext_ln728_1, %sext_ln1148_4" [./layer.h:69->./layer.h:89]   --->   Operation 226 'sdiv' 'sdiv_ln1148_3' <Predicate = true> <Delay = 4.69> <Core = "DivnS_SEQ">   --->   Core 24 'DivnS_SEQ' <Latency = 49> <II = 32> <Delay = 4.50> <FuncUnit> <Opcode : 'sdiv' 'srem' 'udiv' 'urem'> <InPorts = 2> <OutPorts = 1>

State 52 <SV = 48> <Delay = 4.69>
ST_52 : Operation 227 [13/57] (4.69ns)   --->   "%sdiv_ln1148_3 = sdiv i53 %sext_ln728_1, %sext_ln1148_4" [./layer.h:69->./layer.h:89]   --->   Operation 227 'sdiv' 'sdiv_ln1148_3' <Predicate = true> <Delay = 4.69> <Core = "DivnS_SEQ">   --->   Core 24 'DivnS_SEQ' <Latency = 49> <II = 32> <Delay = 4.50> <FuncUnit> <Opcode : 'sdiv' 'srem' 'udiv' 'urem'> <InPorts = 2> <OutPorts = 1>

State 53 <SV = 49> <Delay = 4.69>
ST_53 : Operation 228 [12/57] (4.69ns)   --->   "%sdiv_ln1148_3 = sdiv i53 %sext_ln728_1, %sext_ln1148_4" [./layer.h:69->./layer.h:89]   --->   Operation 228 'sdiv' 'sdiv_ln1148_3' <Predicate = true> <Delay = 4.69> <Core = "DivnS_SEQ">   --->   Core 24 'DivnS_SEQ' <Latency = 49> <II = 32> <Delay = 4.50> <FuncUnit> <Opcode : 'sdiv' 'srem' 'udiv' 'urem'> <InPorts = 2> <OutPorts = 1>

State 54 <SV = 50> <Delay = 4.69>
ST_54 : Operation 229 [11/57] (4.69ns)   --->   "%sdiv_ln1148_3 = sdiv i53 %sext_ln728_1, %sext_ln1148_4" [./layer.h:69->./layer.h:89]   --->   Operation 229 'sdiv' 'sdiv_ln1148_3' <Predicate = true> <Delay = 4.69> <Core = "DivnS_SEQ">   --->   Core 24 'DivnS_SEQ' <Latency = 49> <II = 32> <Delay = 4.50> <FuncUnit> <Opcode : 'sdiv' 'srem' 'udiv' 'urem'> <InPorts = 2> <OutPorts = 1>

State 55 <SV = 51> <Delay = 4.69>
ST_55 : Operation 230 [10/57] (4.69ns)   --->   "%sdiv_ln1148_3 = sdiv i53 %sext_ln728_1, %sext_ln1148_4" [./layer.h:69->./layer.h:89]   --->   Operation 230 'sdiv' 'sdiv_ln1148_3' <Predicate = true> <Delay = 4.69> <Core = "DivnS_SEQ">   --->   Core 24 'DivnS_SEQ' <Latency = 49> <II = 32> <Delay = 4.50> <FuncUnit> <Opcode : 'sdiv' 'srem' 'udiv' 'urem'> <InPorts = 2> <OutPorts = 1>

State 56 <SV = 52> <Delay = 4.69>
ST_56 : Operation 231 [9/57] (4.69ns)   --->   "%sdiv_ln1148_3 = sdiv i53 %sext_ln728_1, %sext_ln1148_4" [./layer.h:69->./layer.h:89]   --->   Operation 231 'sdiv' 'sdiv_ln1148_3' <Predicate = true> <Delay = 4.69> <Core = "DivnS_SEQ">   --->   Core 24 'DivnS_SEQ' <Latency = 49> <II = 32> <Delay = 4.50> <FuncUnit> <Opcode : 'sdiv' 'srem' 'udiv' 'urem'> <InPorts = 2> <OutPorts = 1>

State 57 <SV = 53> <Delay = 4.69>
ST_57 : Operation 232 [8/57] (4.69ns)   --->   "%sdiv_ln1148_3 = sdiv i53 %sext_ln728_1, %sext_ln1148_4" [./layer.h:69->./layer.h:89]   --->   Operation 232 'sdiv' 'sdiv_ln1148_3' <Predicate = true> <Delay = 4.69> <Core = "DivnS_SEQ">   --->   Core 24 'DivnS_SEQ' <Latency = 49> <II = 32> <Delay = 4.50> <FuncUnit> <Opcode : 'sdiv' 'srem' 'udiv' 'urem'> <InPorts = 2> <OutPorts = 1>

State 58 <SV = 54> <Delay = 4.69>
ST_58 : Operation 233 [7/57] (4.69ns)   --->   "%sdiv_ln1148_3 = sdiv i53 %sext_ln728_1, %sext_ln1148_4" [./layer.h:69->./layer.h:89]   --->   Operation 233 'sdiv' 'sdiv_ln1148_3' <Predicate = true> <Delay = 4.69> <Core = "DivnS_SEQ">   --->   Core 24 'DivnS_SEQ' <Latency = 49> <II = 32> <Delay = 4.50> <FuncUnit> <Opcode : 'sdiv' 'srem' 'udiv' 'urem'> <InPorts = 2> <OutPorts = 1>

State 59 <SV = 55> <Delay = 4.69>
ST_59 : Operation 234 [6/57] (4.69ns)   --->   "%sdiv_ln1148_3 = sdiv i53 %sext_ln728_1, %sext_ln1148_4" [./layer.h:69->./layer.h:89]   --->   Operation 234 'sdiv' 'sdiv_ln1148_3' <Predicate = true> <Delay = 4.69> <Core = "DivnS_SEQ">   --->   Core 24 'DivnS_SEQ' <Latency = 49> <II = 32> <Delay = 4.50> <FuncUnit> <Opcode : 'sdiv' 'srem' 'udiv' 'urem'> <InPorts = 2> <OutPorts = 1>

State 60 <SV = 56> <Delay = 4.69>
ST_60 : Operation 235 [5/57] (4.69ns)   --->   "%sdiv_ln1148_3 = sdiv i53 %sext_ln728_1, %sext_ln1148_4" [./layer.h:69->./layer.h:89]   --->   Operation 235 'sdiv' 'sdiv_ln1148_3' <Predicate = true> <Delay = 4.69> <Core = "DivnS_SEQ">   --->   Core 24 'DivnS_SEQ' <Latency = 49> <II = 32> <Delay = 4.50> <FuncUnit> <Opcode : 'sdiv' 'srem' 'udiv' 'urem'> <InPorts = 2> <OutPorts = 1>

State 61 <SV = 57> <Delay = 4.69>
ST_61 : Operation 236 [4/57] (4.69ns)   --->   "%sdiv_ln1148_3 = sdiv i53 %sext_ln728_1, %sext_ln1148_4" [./layer.h:69->./layer.h:89]   --->   Operation 236 'sdiv' 'sdiv_ln1148_3' <Predicate = true> <Delay = 4.69> <Core = "DivnS_SEQ">   --->   Core 24 'DivnS_SEQ' <Latency = 49> <II = 32> <Delay = 4.50> <FuncUnit> <Opcode : 'sdiv' 'srem' 'udiv' 'urem'> <InPorts = 2> <OutPorts = 1>

State 62 <SV = 58> <Delay = 4.69>
ST_62 : Operation 237 [3/57] (4.69ns)   --->   "%sdiv_ln1148_3 = sdiv i53 %sext_ln728_1, %sext_ln1148_4" [./layer.h:69->./layer.h:89]   --->   Operation 237 'sdiv' 'sdiv_ln1148_3' <Predicate = true> <Delay = 4.69> <Core = "DivnS_SEQ">   --->   Core 24 'DivnS_SEQ' <Latency = 49> <II = 32> <Delay = 4.50> <FuncUnit> <Opcode : 'sdiv' 'srem' 'udiv' 'urem'> <InPorts = 2> <OutPorts = 1>

State 63 <SV = 59> <Delay = 4.69>
ST_63 : Operation 238 [2/57] (4.69ns)   --->   "%sdiv_ln1148_3 = sdiv i53 %sext_ln728_1, %sext_ln1148_4" [./layer.h:69->./layer.h:89]   --->   Operation 238 'sdiv' 'sdiv_ln1148_3' <Predicate = true> <Delay = 4.69> <Core = "DivnS_SEQ">   --->   Core 24 'DivnS_SEQ' <Latency = 49> <II = 32> <Delay = 4.50> <FuncUnit> <Opcode : 'sdiv' 'srem' 'udiv' 'urem'> <InPorts = 2> <OutPorts = 1>

State 64 <SV = 60> <Delay = 7.93>
ST_64 : Operation 239 [1/57] (4.69ns)   --->   "%sdiv_ln1148_3 = sdiv i53 %sext_ln728_1, %sext_ln1148_4" [./layer.h:69->./layer.h:89]   --->   Operation 239 'sdiv' 'sdiv_ln1148_3' <Predicate = true> <Delay = 4.69> <Core = "DivnS_SEQ">   --->   Core 24 'DivnS_SEQ' <Latency = 49> <II = 32> <Delay = 4.50> <FuncUnit> <Opcode : 'sdiv' 'srem' 'udiv' 'urem'> <InPorts = 2> <OutPorts = 1>
ST_64 : Operation 240 [1/1] (0.00ns)   --->   "%sext_ln1148_5 = sext i53 %sdiv_ln1148_3 to i54" [./layer.h:69->./layer.h:89]   --->   Operation 240 'sext' 'sext_ln1148_5' <Predicate = true> <Delay = 0.00>
ST_64 : Operation 241 [1/1] (0.00ns)   --->   "%sext_ln703 = sext i32 %p_Val2_4 to i54" [./layer.h:69->./layer.h:89]   --->   Operation 241 'sext' 'sext_ln703' <Predicate = true> <Delay = 0.00>
ST_64 : Operation 242 [1/1] (3.23ns)   --->   "%ret_V_1 = add i54 %sext_ln703, %sext_ln1148_5" [./layer.h:69->./layer.h:89]   --->   Operation 242 'add' 'ret_V_1' <Predicate = true> <Delay = 3.23> <Core = "AddSub">   --->   Core 14 'AddSub' <Latency = 0> <II = 1> <Delay = 2.55> <FuncUnit> <Opcode : 'add' 'sub'> <InPorts = 2> <OutPorts = 1>
ST_64 : Operation 243 [1/1] (0.00ns)   --->   "%tmp_5 = call i1 @_ssdm_op_BitSelect.i1.i54.i32(i54 %ret_V_1, i32 53)" [./layer.h:69->./layer.h:89]   --->   Operation 243 'bitselect' 'tmp_5' <Predicate = true> <Delay = 0.00>
ST_64 : Operation 244 [1/1] (0.00ns)   --->   "%trunc_ln1148_6 = call i32 @_ssdm_op_PartSelect.i32.i54.i32.i32(i54 %ret_V_1, i32 1, i32 32)" [./layer.h:69->./layer.h:89]   --->   Operation 244 'partselect' 'trunc_ln1148_6' <Predicate = true> <Delay = 0.00>

State 65 <SV = 61> <Delay = 7.14>
ST_65 : Operation 245 [1/1] (0.00ns)   --->   "%tmp_4 = call i76 @_ssdm_op_BitConcatenate.i76.i54.i22(i54 %ret_V_1, i22 0)" [./layer.h:69->./layer.h:89]   --->   Operation 245 'bitconcatenate' 'tmp_4' <Predicate = (tmp_5)> <Delay = 0.00>
ST_65 : Operation 246 [1/1] (0.00ns)   --->   "%sext_ln728_2 = sext i76 %tmp_4 to i77" [./layer.h:69->./layer.h:89]   --->   Operation 246 'sext' 'sext_ln728_2' <Predicate = (tmp_5)> <Delay = 0.00>
ST_65 : Operation 247 [1/1] (0.00ns)   --->   "%t_V_1 = zext i77 %sext_ln728_2 to i78" [./layer.h:69->./layer.h:89]   --->   Operation 247 'zext' 't_V_1' <Predicate = (tmp_5)> <Delay = 0.00>
ST_65 : Operation 248 [1/1] (3.89ns)   --->   "%sub_ln1148_4 = sub i78 0, %t_V_1" [./layer.h:69->./layer.h:89]   --->   Operation 248 'sub' 'sub_ln1148_4' <Predicate = (tmp_5)> <Delay = 3.89> <Core = "AddSub">   --->   Core 14 'AddSub' <Latency = 0> <II = 1> <Delay = 2.55> <FuncUnit> <Opcode : 'add' 'sub'> <InPorts = 2> <OutPorts = 1>
ST_65 : Operation 249 [1/1] (0.00ns)   --->   "%trunc_ln1148_5 = call i32 @_ssdm_op_PartSelect.i32.i78.i32.i32(i78 %sub_ln1148_4, i32 23, i32 54)" [./layer.h:69->./layer.h:89]   --->   Operation 249 'partselect' 'trunc_ln1148_5' <Predicate = (tmp_5)> <Delay = 0.00>
ST_65 : Operation 250 [1/1] (2.55ns)   --->   "%sub_ln1148_5 = sub i32 0, %trunc_ln1148_5" [./layer.h:69->./layer.h:89]   --->   Operation 250 'sub' 'sub_ln1148_5' <Predicate = (tmp_5)> <Delay = 2.55> <Core = "AddSub">   --->   Core 14 'AddSub' <Latency = 0> <II = 1> <Delay = 2.55> <FuncUnit> <Opcode : 'add' 'sub'> <InPorts = 2> <OutPorts = 1>
ST_65 : Operation 251 [1/1] (0.69ns)   --->   "%guess_V_1 = select i1 %tmp_5, i32 %sub_ln1148_5, i32 %trunc_ln1148_6" [./layer.h:69->./layer.h:89]   --->   Operation 251 'select' 'guess_V_1' <Predicate = true> <Delay = 0.69> <Core = "Sel">   --->   Core 26 'Sel' <Latency = 0> <II = 1> <Delay = 0.69> <FuncUnit> <Opcode : 'select'> <InPorts = 3> <OutPorts = 1>

State 66 <SV = 62> <Delay = 8.51>
ST_66 : Operation 252 [1/1] (0.00ns)   --->   "%r_V_2 = sext i32 %guess_V_1 to i64" [./layer.h:70->./layer.h:89]   --->   Operation 252 'sext' 'r_V_2' <Predicate = true> <Delay = 0.00>
ST_66 : Operation 253 [1/1] (8.51ns)   --->   "%r_V_8 = mul nsw i64 %r_V_2, %r_V_2" [./layer.h:70->./layer.h:89]   --->   Operation 253 'mul' 'r_V_8' <Predicate = true> <Delay = 8.51> <Core = "Mul">   --->   Core 16 'Mul' <Latency = 0> <II = 1> <Delay = 8.51> <FuncUnit> <Opcode : 'mul'> <InPorts = 2> <OutPorts = 1>

State 67 <SV = 63> <Delay = 8.54>
ST_67 : Operation 254 [1/1] (0.00ns)   --->   "%zext_ln703_1 = zext i64 %r_V_8 to i65" [./layer.h:70->./layer.h:89]   --->   Operation 254 'zext' 'zext_ln703_1' <Predicate = true> <Delay = 0.00>
ST_67 : Operation 255 [1/1] (3.52ns)   --->   "%ret_V_2 = sub nsw i65 %zext_ln703_1, %sext_ln728" [./layer.h:70->./layer.h:89]   --->   Operation 255 'sub' 'ret_V_2' <Predicate = true> <Delay = 3.52> <Core = "AddSub">   --->   Core 14 'AddSub' <Latency = 0> <II = 1> <Delay = 2.55> <FuncUnit> <Opcode : 'add' 'sub'> <InPorts = 2> <OutPorts = 1>
ST_67 : Operation 256 [1/1] (0.00ns)   --->   "%p_Val2_8 = call i32 @_ssdm_op_PartSelect.i32.i65.i32.i32(i65 %ret_V_2, i32 22, i32 53)" [./layer.h:70->./layer.h:89]   --->   Operation 256 'partselect' 'p_Val2_8' <Predicate = true> <Delay = 0.00>
ST_67 : Operation 257 [1/1] (0.00ns) (grouped into LUT with out node icmp_ln1495)   --->   "%tmp_8 = call i1 @_ssdm_op_BitSelect.i1.i65.i32(i65 %ret_V_2, i32 53)" [./layer.h:58->./layer.h:70->./layer.h:89]   --->   Operation 257 'bitselect' 'tmp_8' <Predicate = true> <Delay = 0.00>
ST_67 : Operation 258 [1/1] (2.55ns)   --->   "%sub_ln703 = sub i32 0, %p_Val2_8" [./layer.h:58->./layer.h:70->./layer.h:89]   --->   Operation 258 'sub' 'sub_ln703' <Predicate = true> <Delay = 2.55> <Core = "AddSub">   --->   Core 14 'AddSub' <Latency = 0> <II = 1> <Delay = 2.55> <FuncUnit> <Opcode : 'add' 'sub'> <InPorts = 2> <OutPorts = 1>
ST_67 : Operation 259 [1/1] (0.00ns) (grouped into LUT with out node icmp_ln1495)   --->   "%p_Val2_9 = select i1 %tmp_8, i32 %sub_ln703, i32 %p_Val2_8" [./layer.h:58->./layer.h:70->./layer.h:89]   --->   Operation 259 'select' 'p_Val2_9' <Predicate = true> <Delay = 0.00> <Core = "Sel">   --->   Core 26 'Sel' <Latency = 0> <II = 1> <Delay = 0.69> <FuncUnit> <Opcode : 'select'> <InPorts = 3> <OutPorts = 1>
ST_67 : Operation 260 [1/1] (2.47ns) (out node of the LUT)   --->   "%icmp_ln1495 = icmp slt i32 %p_Val2_9, 419" [./layer.h:70->./layer.h:89]   --->   Operation 260 'icmp' 'icmp_ln1495' <Predicate = true> <Delay = 2.47> <Core = "Cmp">   --->   Core 25 'Cmp' <Latency = 0> <II = 1> <Delay = 2.47> <FuncUnit> <Opcode : 'icmp'> <InPorts = 2> <OutPorts = 1>

State 68 <SV = 64> <Delay = 6.27>
ST_68 : Operation 261 [1/1] (0.00ns)   --->   "call void (...)* @_ssdm_op_SpecLoopName([22 x i8]* @p_str) nounwind" [./layer.h:68->./layer.h:89]   --->   Operation 261 'specloopname' <Predicate = (!icmp_ln68)> <Delay = 0.00>
ST_68 : Operation 262 [1/1] (1.76ns)   --->   "br i1 %icmp_ln1495, label %attention_sqrt.exit, label %2" [./layer.h:70->./layer.h:89]   --->   Operation 262 'br' <Predicate = (!icmp_ln68)> <Delay = 1.76>
ST_68 : Operation 263 [1/1] (0.00ns)   --->   "%agg_result_V_1_i = phi i32 [ %p_Val2_4, %2 ], [ %guess_V_1, %_ZNK13ap_fixed_baseILi32ELi10ELb1EL9ap_q_mode5EL9ap_o_mode3ELi0EEdvILi32ELi10ELb1ELS0_5ELS1_3ELi0EEENS2_5RTypeIXT_EXT0_EXT1_EE3divERKS_IXT_EXT0_EXT1_EXT2_EXT3_EXT4_EE.exit59.i ]"   --->   Operation 263 'phi' 'agg_result_V_1_i' <Predicate = (icmp_ln1495) | (icmp_ln68)> <Delay = 0.00>
ST_68 : Operation 264 [1/1] (0.00ns)   --->   "%sext_ln1148 = sext i32 %agg_result_V_1_i to i46" [./layer.h:89]   --->   Operation 264 'sext' 'sext_ln1148' <Predicate = (icmp_ln1495) | (icmp_ln68)> <Delay = 0.00>
ST_68 : Operation 265 [50/50] (4.50ns)   --->   "%sdiv_ln1148 = sdiv i46 17592186044416, %sext_ln1148" [./layer.h:89]   --->   Operation 265 'sdiv' 'sdiv_ln1148' <Predicate = (icmp_ln1495) | (icmp_ln68)> <Delay = 4.50> <Core = "DivnS_SEQ">   --->   Core 24 'DivnS_SEQ' <Latency = 49> <II = 32> <Delay = 4.50> <FuncUnit> <Opcode : 'sdiv' 'srem' 'udiv' 'urem'> <InPorts = 2> <OutPorts = 1>

State 69 <SV = 65> <Delay = 4.50>
ST_69 : Operation 266 [49/50] (4.50ns)   --->   "%sdiv_ln1148 = sdiv i46 17592186044416, %sext_ln1148" [./layer.h:89]   --->   Operation 266 'sdiv' 'sdiv_ln1148' <Predicate = true> <Delay = 4.50> <Core = "DivnS_SEQ">   --->   Core 24 'DivnS_SEQ' <Latency = 49> <II = 32> <Delay = 4.50> <FuncUnit> <Opcode : 'sdiv' 'srem' 'udiv' 'urem'> <InPorts = 2> <OutPorts = 1>

State 70 <SV = 66> <Delay = 4.50>
ST_70 : Operation 267 [48/50] (4.50ns)   --->   "%sdiv_ln1148 = sdiv i46 17592186044416, %sext_ln1148" [./layer.h:89]   --->   Operation 267 'sdiv' 'sdiv_ln1148' <Predicate = true> <Delay = 4.50> <Core = "DivnS_SEQ">   --->   Core 24 'DivnS_SEQ' <Latency = 49> <II = 32> <Delay = 4.50> <FuncUnit> <Opcode : 'sdiv' 'srem' 'udiv' 'urem'> <InPorts = 2> <OutPorts = 1>

State 71 <SV = 67> <Delay = 4.50>
ST_71 : Operation 268 [47/50] (4.50ns)   --->   "%sdiv_ln1148 = sdiv i46 17592186044416, %sext_ln1148" [./layer.h:89]   --->   Operation 268 'sdiv' 'sdiv_ln1148' <Predicate = true> <Delay = 4.50> <Core = "DivnS_SEQ">   --->   Core 24 'DivnS_SEQ' <Latency = 49> <II = 32> <Delay = 4.50> <FuncUnit> <Opcode : 'sdiv' 'srem' 'udiv' 'urem'> <InPorts = 2> <OutPorts = 1>

State 72 <SV = 68> <Delay = 4.50>
ST_72 : Operation 269 [46/50] (4.50ns)   --->   "%sdiv_ln1148 = sdiv i46 17592186044416, %sext_ln1148" [./layer.h:89]   --->   Operation 269 'sdiv' 'sdiv_ln1148' <Predicate = true> <Delay = 4.50> <Core = "DivnS_SEQ">   --->   Core 24 'DivnS_SEQ' <Latency = 49> <II = 32> <Delay = 4.50> <FuncUnit> <Opcode : 'sdiv' 'srem' 'udiv' 'urem'> <InPorts = 2> <OutPorts = 1>

State 73 <SV = 69> <Delay = 4.50>
ST_73 : Operation 270 [45/50] (4.50ns)   --->   "%sdiv_ln1148 = sdiv i46 17592186044416, %sext_ln1148" [./layer.h:89]   --->   Operation 270 'sdiv' 'sdiv_ln1148' <Predicate = true> <Delay = 4.50> <Core = "DivnS_SEQ">   --->   Core 24 'DivnS_SEQ' <Latency = 49> <II = 32> <Delay = 4.50> <FuncUnit> <Opcode : 'sdiv' 'srem' 'udiv' 'urem'> <InPorts = 2> <OutPorts = 1>

State 74 <SV = 70> <Delay = 4.50>
ST_74 : Operation 271 [44/50] (4.50ns)   --->   "%sdiv_ln1148 = sdiv i46 17592186044416, %sext_ln1148" [./layer.h:89]   --->   Operation 271 'sdiv' 'sdiv_ln1148' <Predicate = true> <Delay = 4.50> <Core = "DivnS_SEQ">   --->   Core 24 'DivnS_SEQ' <Latency = 49> <II = 32> <Delay = 4.50> <FuncUnit> <Opcode : 'sdiv' 'srem' 'udiv' 'urem'> <InPorts = 2> <OutPorts = 1>

State 75 <SV = 71> <Delay = 4.50>
ST_75 : Operation 272 [43/50] (4.50ns)   --->   "%sdiv_ln1148 = sdiv i46 17592186044416, %sext_ln1148" [./layer.h:89]   --->   Operation 272 'sdiv' 'sdiv_ln1148' <Predicate = true> <Delay = 4.50> <Core = "DivnS_SEQ">   --->   Core 24 'DivnS_SEQ' <Latency = 49> <II = 32> <Delay = 4.50> <FuncUnit> <Opcode : 'sdiv' 'srem' 'udiv' 'urem'> <InPorts = 2> <OutPorts = 1>

State 76 <SV = 72> <Delay = 4.50>
ST_76 : Operation 273 [42/50] (4.50ns)   --->   "%sdiv_ln1148 = sdiv i46 17592186044416, %sext_ln1148" [./layer.h:89]   --->   Operation 273 'sdiv' 'sdiv_ln1148' <Predicate = true> <Delay = 4.50> <Core = "DivnS_SEQ">   --->   Core 24 'DivnS_SEQ' <Latency = 49> <II = 32> <Delay = 4.50> <FuncUnit> <Opcode : 'sdiv' 'srem' 'udiv' 'urem'> <InPorts = 2> <OutPorts = 1>

State 77 <SV = 73> <Delay = 4.50>
ST_77 : Operation 274 [41/50] (4.50ns)   --->   "%sdiv_ln1148 = sdiv i46 17592186044416, %sext_ln1148" [./layer.h:89]   --->   Operation 274 'sdiv' 'sdiv_ln1148' <Predicate = true> <Delay = 4.50> <Core = "DivnS_SEQ">   --->   Core 24 'DivnS_SEQ' <Latency = 49> <II = 32> <Delay = 4.50> <FuncUnit> <Opcode : 'sdiv' 'srem' 'udiv' 'urem'> <InPorts = 2> <OutPorts = 1>

State 78 <SV = 74> <Delay = 4.50>
ST_78 : Operation 275 [40/50] (4.50ns)   --->   "%sdiv_ln1148 = sdiv i46 17592186044416, %sext_ln1148" [./layer.h:89]   --->   Operation 275 'sdiv' 'sdiv_ln1148' <Predicate = true> <Delay = 4.50> <Core = "DivnS_SEQ">   --->   Core 24 'DivnS_SEQ' <Latency = 49> <II = 32> <Delay = 4.50> <FuncUnit> <Opcode : 'sdiv' 'srem' 'udiv' 'urem'> <InPorts = 2> <OutPorts = 1>

State 79 <SV = 75> <Delay = 4.50>
ST_79 : Operation 276 [39/50] (4.50ns)   --->   "%sdiv_ln1148 = sdiv i46 17592186044416, %sext_ln1148" [./layer.h:89]   --->   Operation 276 'sdiv' 'sdiv_ln1148' <Predicate = true> <Delay = 4.50> <Core = "DivnS_SEQ">   --->   Core 24 'DivnS_SEQ' <Latency = 49> <II = 32> <Delay = 4.50> <FuncUnit> <Opcode : 'sdiv' 'srem' 'udiv' 'urem'> <InPorts = 2> <OutPorts = 1>

State 80 <SV = 76> <Delay = 4.50>
ST_80 : Operation 277 [38/50] (4.50ns)   --->   "%sdiv_ln1148 = sdiv i46 17592186044416, %sext_ln1148" [./layer.h:89]   --->   Operation 277 'sdiv' 'sdiv_ln1148' <Predicate = true> <Delay = 4.50> <Core = "DivnS_SEQ">   --->   Core 24 'DivnS_SEQ' <Latency = 49> <II = 32> <Delay = 4.50> <FuncUnit> <Opcode : 'sdiv' 'srem' 'udiv' 'urem'> <InPorts = 2> <OutPorts = 1>

State 81 <SV = 77> <Delay = 4.50>
ST_81 : Operation 278 [37/50] (4.50ns)   --->   "%sdiv_ln1148 = sdiv i46 17592186044416, %sext_ln1148" [./layer.h:89]   --->   Operation 278 'sdiv' 'sdiv_ln1148' <Predicate = true> <Delay = 4.50> <Core = "DivnS_SEQ">   --->   Core 24 'DivnS_SEQ' <Latency = 49> <II = 32> <Delay = 4.50> <FuncUnit> <Opcode : 'sdiv' 'srem' 'udiv' 'urem'> <InPorts = 2> <OutPorts = 1>

State 82 <SV = 78> <Delay = 4.50>
ST_82 : Operation 279 [36/50] (4.50ns)   --->   "%sdiv_ln1148 = sdiv i46 17592186044416, %sext_ln1148" [./layer.h:89]   --->   Operation 279 'sdiv' 'sdiv_ln1148' <Predicate = true> <Delay = 4.50> <Core = "DivnS_SEQ">   --->   Core 24 'DivnS_SEQ' <Latency = 49> <II = 32> <Delay = 4.50> <FuncUnit> <Opcode : 'sdiv' 'srem' 'udiv' 'urem'> <InPorts = 2> <OutPorts = 1>

State 83 <SV = 79> <Delay = 4.50>
ST_83 : Operation 280 [35/50] (4.50ns)   --->   "%sdiv_ln1148 = sdiv i46 17592186044416, %sext_ln1148" [./layer.h:89]   --->   Operation 280 'sdiv' 'sdiv_ln1148' <Predicate = true> <Delay = 4.50> <Core = "DivnS_SEQ">   --->   Core 24 'DivnS_SEQ' <Latency = 49> <II = 32> <Delay = 4.50> <FuncUnit> <Opcode : 'sdiv' 'srem' 'udiv' 'urem'> <InPorts = 2> <OutPorts = 1>

State 84 <SV = 80> <Delay = 4.50>
ST_84 : Operation 281 [34/50] (4.50ns)   --->   "%sdiv_ln1148 = sdiv i46 17592186044416, %sext_ln1148" [./layer.h:89]   --->   Operation 281 'sdiv' 'sdiv_ln1148' <Predicate = true> <Delay = 4.50> <Core = "DivnS_SEQ">   --->   Core 24 'DivnS_SEQ' <Latency = 49> <II = 32> <Delay = 4.50> <FuncUnit> <Opcode : 'sdiv' 'srem' 'udiv' 'urem'> <InPorts = 2> <OutPorts = 1>

State 85 <SV = 81> <Delay = 4.50>
ST_85 : Operation 282 [33/50] (4.50ns)   --->   "%sdiv_ln1148 = sdiv i46 17592186044416, %sext_ln1148" [./layer.h:89]   --->   Operation 282 'sdiv' 'sdiv_ln1148' <Predicate = true> <Delay = 4.50> <Core = "DivnS_SEQ">   --->   Core 24 'DivnS_SEQ' <Latency = 49> <II = 32> <Delay = 4.50> <FuncUnit> <Opcode : 'sdiv' 'srem' 'udiv' 'urem'> <InPorts = 2> <OutPorts = 1>

State 86 <SV = 82> <Delay = 4.50>
ST_86 : Operation 283 [32/50] (4.50ns)   --->   "%sdiv_ln1148 = sdiv i46 17592186044416, %sext_ln1148" [./layer.h:89]   --->   Operation 283 'sdiv' 'sdiv_ln1148' <Predicate = true> <Delay = 4.50> <Core = "DivnS_SEQ">   --->   Core 24 'DivnS_SEQ' <Latency = 49> <II = 32> <Delay = 4.50> <FuncUnit> <Opcode : 'sdiv' 'srem' 'udiv' 'urem'> <InPorts = 2> <OutPorts = 1>

State 87 <SV = 83> <Delay = 4.50>
ST_87 : Operation 284 [31/50] (4.50ns)   --->   "%sdiv_ln1148 = sdiv i46 17592186044416, %sext_ln1148" [./layer.h:89]   --->   Operation 284 'sdiv' 'sdiv_ln1148' <Predicate = true> <Delay = 4.50> <Core = "DivnS_SEQ">   --->   Core 24 'DivnS_SEQ' <Latency = 49> <II = 32> <Delay = 4.50> <FuncUnit> <Opcode : 'sdiv' 'srem' 'udiv' 'urem'> <InPorts = 2> <OutPorts = 1>

State 88 <SV = 84> <Delay = 4.50>
ST_88 : Operation 285 [30/50] (4.50ns)   --->   "%sdiv_ln1148 = sdiv i46 17592186044416, %sext_ln1148" [./layer.h:89]   --->   Operation 285 'sdiv' 'sdiv_ln1148' <Predicate = true> <Delay = 4.50> <Core = "DivnS_SEQ">   --->   Core 24 'DivnS_SEQ' <Latency = 49> <II = 32> <Delay = 4.50> <FuncUnit> <Opcode : 'sdiv' 'srem' 'udiv' 'urem'> <InPorts = 2> <OutPorts = 1>

State 89 <SV = 85> <Delay = 4.50>
ST_89 : Operation 286 [29/50] (4.50ns)   --->   "%sdiv_ln1148 = sdiv i46 17592186044416, %sext_ln1148" [./layer.h:89]   --->   Operation 286 'sdiv' 'sdiv_ln1148' <Predicate = true> <Delay = 4.50> <Core = "DivnS_SEQ">   --->   Core 24 'DivnS_SEQ' <Latency = 49> <II = 32> <Delay = 4.50> <FuncUnit> <Opcode : 'sdiv' 'srem' 'udiv' 'urem'> <InPorts = 2> <OutPorts = 1>

State 90 <SV = 86> <Delay = 4.50>
ST_90 : Operation 287 [28/50] (4.50ns)   --->   "%sdiv_ln1148 = sdiv i46 17592186044416, %sext_ln1148" [./layer.h:89]   --->   Operation 287 'sdiv' 'sdiv_ln1148' <Predicate = true> <Delay = 4.50> <Core = "DivnS_SEQ">   --->   Core 24 'DivnS_SEQ' <Latency = 49> <II = 32> <Delay = 4.50> <FuncUnit> <Opcode : 'sdiv' 'srem' 'udiv' 'urem'> <InPorts = 2> <OutPorts = 1>

State 91 <SV = 87> <Delay = 4.50>
ST_91 : Operation 288 [27/50] (4.50ns)   --->   "%sdiv_ln1148 = sdiv i46 17592186044416, %sext_ln1148" [./layer.h:89]   --->   Operation 288 'sdiv' 'sdiv_ln1148' <Predicate = true> <Delay = 4.50> <Core = "DivnS_SEQ">   --->   Core 24 'DivnS_SEQ' <Latency = 49> <II = 32> <Delay = 4.50> <FuncUnit> <Opcode : 'sdiv' 'srem' 'udiv' 'urem'> <InPorts = 2> <OutPorts = 1>

State 92 <SV = 88> <Delay = 4.50>
ST_92 : Operation 289 [26/50] (4.50ns)   --->   "%sdiv_ln1148 = sdiv i46 17592186044416, %sext_ln1148" [./layer.h:89]   --->   Operation 289 'sdiv' 'sdiv_ln1148' <Predicate = true> <Delay = 4.50> <Core = "DivnS_SEQ">   --->   Core 24 'DivnS_SEQ' <Latency = 49> <II = 32> <Delay = 4.50> <FuncUnit> <Opcode : 'sdiv' 'srem' 'udiv' 'urem'> <InPorts = 2> <OutPorts = 1>

State 93 <SV = 89> <Delay = 4.50>
ST_93 : Operation 290 [25/50] (4.50ns)   --->   "%sdiv_ln1148 = sdiv i46 17592186044416, %sext_ln1148" [./layer.h:89]   --->   Operation 290 'sdiv' 'sdiv_ln1148' <Predicate = true> <Delay = 4.50> <Core = "DivnS_SEQ">   --->   Core 24 'DivnS_SEQ' <Latency = 49> <II = 32> <Delay = 4.50> <FuncUnit> <Opcode : 'sdiv' 'srem' 'udiv' 'urem'> <InPorts = 2> <OutPorts = 1>

State 94 <SV = 90> <Delay = 4.50>
ST_94 : Operation 291 [24/50] (4.50ns)   --->   "%sdiv_ln1148 = sdiv i46 17592186044416, %sext_ln1148" [./layer.h:89]   --->   Operation 291 'sdiv' 'sdiv_ln1148' <Predicate = true> <Delay = 4.50> <Core = "DivnS_SEQ">   --->   Core 24 'DivnS_SEQ' <Latency = 49> <II = 32> <Delay = 4.50> <FuncUnit> <Opcode : 'sdiv' 'srem' 'udiv' 'urem'> <InPorts = 2> <OutPorts = 1>

State 95 <SV = 91> <Delay = 4.50>
ST_95 : Operation 292 [23/50] (4.50ns)   --->   "%sdiv_ln1148 = sdiv i46 17592186044416, %sext_ln1148" [./layer.h:89]   --->   Operation 292 'sdiv' 'sdiv_ln1148' <Predicate = true> <Delay = 4.50> <Core = "DivnS_SEQ">   --->   Core 24 'DivnS_SEQ' <Latency = 49> <II = 32> <Delay = 4.50> <FuncUnit> <Opcode : 'sdiv' 'srem' 'udiv' 'urem'> <InPorts = 2> <OutPorts = 1>

State 96 <SV = 92> <Delay = 4.50>
ST_96 : Operation 293 [22/50] (4.50ns)   --->   "%sdiv_ln1148 = sdiv i46 17592186044416, %sext_ln1148" [./layer.h:89]   --->   Operation 293 'sdiv' 'sdiv_ln1148' <Predicate = true> <Delay = 4.50> <Core = "DivnS_SEQ">   --->   Core 24 'DivnS_SEQ' <Latency = 49> <II = 32> <Delay = 4.50> <FuncUnit> <Opcode : 'sdiv' 'srem' 'udiv' 'urem'> <InPorts = 2> <OutPorts = 1>

State 97 <SV = 93> <Delay = 4.50>
ST_97 : Operation 294 [21/50] (4.50ns)   --->   "%sdiv_ln1148 = sdiv i46 17592186044416, %sext_ln1148" [./layer.h:89]   --->   Operation 294 'sdiv' 'sdiv_ln1148' <Predicate = true> <Delay = 4.50> <Core = "DivnS_SEQ">   --->   Core 24 'DivnS_SEQ' <Latency = 49> <II = 32> <Delay = 4.50> <FuncUnit> <Opcode : 'sdiv' 'srem' 'udiv' 'urem'> <InPorts = 2> <OutPorts = 1>

State 98 <SV = 94> <Delay = 4.50>
ST_98 : Operation 295 [20/50] (4.50ns)   --->   "%sdiv_ln1148 = sdiv i46 17592186044416, %sext_ln1148" [./layer.h:89]   --->   Operation 295 'sdiv' 'sdiv_ln1148' <Predicate = true> <Delay = 4.50> <Core = "DivnS_SEQ">   --->   Core 24 'DivnS_SEQ' <Latency = 49> <II = 32> <Delay = 4.50> <FuncUnit> <Opcode : 'sdiv' 'srem' 'udiv' 'urem'> <InPorts = 2> <OutPorts = 1>

State 99 <SV = 95> <Delay = 4.50>
ST_99 : Operation 296 [19/50] (4.50ns)   --->   "%sdiv_ln1148 = sdiv i46 17592186044416, %sext_ln1148" [./layer.h:89]   --->   Operation 296 'sdiv' 'sdiv_ln1148' <Predicate = true> <Delay = 4.50> <Core = "DivnS_SEQ">   --->   Core 24 'DivnS_SEQ' <Latency = 49> <II = 32> <Delay = 4.50> <FuncUnit> <Opcode : 'sdiv' 'srem' 'udiv' 'urem'> <InPorts = 2> <OutPorts = 1>

State 100 <SV = 96> <Delay = 4.50>
ST_100 : Operation 297 [18/50] (4.50ns)   --->   "%sdiv_ln1148 = sdiv i46 17592186044416, %sext_ln1148" [./layer.h:89]   --->   Operation 297 'sdiv' 'sdiv_ln1148' <Predicate = true> <Delay = 4.50> <Core = "DivnS_SEQ">   --->   Core 24 'DivnS_SEQ' <Latency = 49> <II = 32> <Delay = 4.50> <FuncUnit> <Opcode : 'sdiv' 'srem' 'udiv' 'urem'> <InPorts = 2> <OutPorts = 1>

State 101 <SV = 97> <Delay = 4.50>
ST_101 : Operation 298 [17/50] (4.50ns)   --->   "%sdiv_ln1148 = sdiv i46 17592186044416, %sext_ln1148" [./layer.h:89]   --->   Operation 298 'sdiv' 'sdiv_ln1148' <Predicate = true> <Delay = 4.50> <Core = "DivnS_SEQ">   --->   Core 24 'DivnS_SEQ' <Latency = 49> <II = 32> <Delay = 4.50> <FuncUnit> <Opcode : 'sdiv' 'srem' 'udiv' 'urem'> <InPorts = 2> <OutPorts = 1>

State 102 <SV = 98> <Delay = 4.50>
ST_102 : Operation 299 [16/50] (4.50ns)   --->   "%sdiv_ln1148 = sdiv i46 17592186044416, %sext_ln1148" [./layer.h:89]   --->   Operation 299 'sdiv' 'sdiv_ln1148' <Predicate = true> <Delay = 4.50> <Core = "DivnS_SEQ">   --->   Core 24 'DivnS_SEQ' <Latency = 49> <II = 32> <Delay = 4.50> <FuncUnit> <Opcode : 'sdiv' 'srem' 'udiv' 'urem'> <InPorts = 2> <OutPorts = 1>

State 103 <SV = 99> <Delay = 4.50>
ST_103 : Operation 300 [15/50] (4.50ns)   --->   "%sdiv_ln1148 = sdiv i46 17592186044416, %sext_ln1148" [./layer.h:89]   --->   Operation 300 'sdiv' 'sdiv_ln1148' <Predicate = true> <Delay = 4.50> <Core = "DivnS_SEQ">   --->   Core 24 'DivnS_SEQ' <Latency = 49> <II = 32> <Delay = 4.50> <FuncUnit> <Opcode : 'sdiv' 'srem' 'udiv' 'urem'> <InPorts = 2> <OutPorts = 1>

State 104 <SV = 100> <Delay = 4.50>
ST_104 : Operation 301 [14/50] (4.50ns)   --->   "%sdiv_ln1148 = sdiv i46 17592186044416, %sext_ln1148" [./layer.h:89]   --->   Operation 301 'sdiv' 'sdiv_ln1148' <Predicate = true> <Delay = 4.50> <Core = "DivnS_SEQ">   --->   Core 24 'DivnS_SEQ' <Latency = 49> <II = 32> <Delay = 4.50> <FuncUnit> <Opcode : 'sdiv' 'srem' 'udiv' 'urem'> <InPorts = 2> <OutPorts = 1>

State 105 <SV = 101> <Delay = 4.50>
ST_105 : Operation 302 [13/50] (4.50ns)   --->   "%sdiv_ln1148 = sdiv i46 17592186044416, %sext_ln1148" [./layer.h:89]   --->   Operation 302 'sdiv' 'sdiv_ln1148' <Predicate = true> <Delay = 4.50> <Core = "DivnS_SEQ">   --->   Core 24 'DivnS_SEQ' <Latency = 49> <II = 32> <Delay = 4.50> <FuncUnit> <Opcode : 'sdiv' 'srem' 'udiv' 'urem'> <InPorts = 2> <OutPorts = 1>

State 106 <SV = 102> <Delay = 4.50>
ST_106 : Operation 303 [12/50] (4.50ns)   --->   "%sdiv_ln1148 = sdiv i46 17592186044416, %sext_ln1148" [./layer.h:89]   --->   Operation 303 'sdiv' 'sdiv_ln1148' <Predicate = true> <Delay = 4.50> <Core = "DivnS_SEQ">   --->   Core 24 'DivnS_SEQ' <Latency = 49> <II = 32> <Delay = 4.50> <FuncUnit> <Opcode : 'sdiv' 'srem' 'udiv' 'urem'> <InPorts = 2> <OutPorts = 1>

State 107 <SV = 103> <Delay = 4.50>
ST_107 : Operation 304 [11/50] (4.50ns)   --->   "%sdiv_ln1148 = sdiv i46 17592186044416, %sext_ln1148" [./layer.h:89]   --->   Operation 304 'sdiv' 'sdiv_ln1148' <Predicate = true> <Delay = 4.50> <Core = "DivnS_SEQ">   --->   Core 24 'DivnS_SEQ' <Latency = 49> <II = 32> <Delay = 4.50> <FuncUnit> <Opcode : 'sdiv' 'srem' 'udiv' 'urem'> <InPorts = 2> <OutPorts = 1>

State 108 <SV = 104> <Delay = 4.50>
ST_108 : Operation 305 [10/50] (4.50ns)   --->   "%sdiv_ln1148 = sdiv i46 17592186044416, %sext_ln1148" [./layer.h:89]   --->   Operation 305 'sdiv' 'sdiv_ln1148' <Predicate = true> <Delay = 4.50> <Core = "DivnS_SEQ">   --->   Core 24 'DivnS_SEQ' <Latency = 49> <II = 32> <Delay = 4.50> <FuncUnit> <Opcode : 'sdiv' 'srem' 'udiv' 'urem'> <InPorts = 2> <OutPorts = 1>

State 109 <SV = 105> <Delay = 4.50>
ST_109 : Operation 306 [9/50] (4.50ns)   --->   "%sdiv_ln1148 = sdiv i46 17592186044416, %sext_ln1148" [./layer.h:89]   --->   Operation 306 'sdiv' 'sdiv_ln1148' <Predicate = true> <Delay = 4.50> <Core = "DivnS_SEQ">   --->   Core 24 'DivnS_SEQ' <Latency = 49> <II = 32> <Delay = 4.50> <FuncUnit> <Opcode : 'sdiv' 'srem' 'udiv' 'urem'> <InPorts = 2> <OutPorts = 1>

State 110 <SV = 106> <Delay = 4.50>
ST_110 : Operation 307 [8/50] (4.50ns)   --->   "%sdiv_ln1148 = sdiv i46 17592186044416, %sext_ln1148" [./layer.h:89]   --->   Operation 307 'sdiv' 'sdiv_ln1148' <Predicate = true> <Delay = 4.50> <Core = "DivnS_SEQ">   --->   Core 24 'DivnS_SEQ' <Latency = 49> <II = 32> <Delay = 4.50> <FuncUnit> <Opcode : 'sdiv' 'srem' 'udiv' 'urem'> <InPorts = 2> <OutPorts = 1>

State 111 <SV = 107> <Delay = 4.50>
ST_111 : Operation 308 [7/50] (4.50ns)   --->   "%sdiv_ln1148 = sdiv i46 17592186044416, %sext_ln1148" [./layer.h:89]   --->   Operation 308 'sdiv' 'sdiv_ln1148' <Predicate = true> <Delay = 4.50> <Core = "DivnS_SEQ">   --->   Core 24 'DivnS_SEQ' <Latency = 49> <II = 32> <Delay = 4.50> <FuncUnit> <Opcode : 'sdiv' 'srem' 'udiv' 'urem'> <InPorts = 2> <OutPorts = 1>

State 112 <SV = 108> <Delay = 4.50>
ST_112 : Operation 309 [6/50] (4.50ns)   --->   "%sdiv_ln1148 = sdiv i46 17592186044416, %sext_ln1148" [./layer.h:89]   --->   Operation 309 'sdiv' 'sdiv_ln1148' <Predicate = true> <Delay = 4.50> <Core = "DivnS_SEQ">   --->   Core 24 'DivnS_SEQ' <Latency = 49> <II = 32> <Delay = 4.50> <FuncUnit> <Opcode : 'sdiv' 'srem' 'udiv' 'urem'> <InPorts = 2> <OutPorts = 1>

State 113 <SV = 109> <Delay = 4.50>
ST_113 : Operation 310 [5/50] (4.50ns)   --->   "%sdiv_ln1148 = sdiv i46 17592186044416, %sext_ln1148" [./layer.h:89]   --->   Operation 310 'sdiv' 'sdiv_ln1148' <Predicate = true> <Delay = 4.50> <Core = "DivnS_SEQ">   --->   Core 24 'DivnS_SEQ' <Latency = 49> <II = 32> <Delay = 4.50> <FuncUnit> <Opcode : 'sdiv' 'srem' 'udiv' 'urem'> <InPorts = 2> <OutPorts = 1>

State 114 <SV = 110> <Delay = 4.50>
ST_114 : Operation 311 [4/50] (4.50ns)   --->   "%sdiv_ln1148 = sdiv i46 17592186044416, %sext_ln1148" [./layer.h:89]   --->   Operation 311 'sdiv' 'sdiv_ln1148' <Predicate = true> <Delay = 4.50> <Core = "DivnS_SEQ">   --->   Core 24 'DivnS_SEQ' <Latency = 49> <II = 32> <Delay = 4.50> <FuncUnit> <Opcode : 'sdiv' 'srem' 'udiv' 'urem'> <InPorts = 2> <OutPorts = 1>

State 115 <SV = 111> <Delay = 4.50>
ST_115 : Operation 312 [3/50] (4.50ns)   --->   "%sdiv_ln1148 = sdiv i46 17592186044416, %sext_ln1148" [./layer.h:89]   --->   Operation 312 'sdiv' 'sdiv_ln1148' <Predicate = true> <Delay = 4.50> <Core = "DivnS_SEQ">   --->   Core 24 'DivnS_SEQ' <Latency = 49> <II = 32> <Delay = 4.50> <FuncUnit> <Opcode : 'sdiv' 'srem' 'udiv' 'urem'> <InPorts = 2> <OutPorts = 1>

State 116 <SV = 112> <Delay = 4.50>
ST_116 : Operation 313 [2/50] (4.50ns)   --->   "%sdiv_ln1148 = sdiv i46 17592186044416, %sext_ln1148" [./layer.h:89]   --->   Operation 313 'sdiv' 'sdiv_ln1148' <Predicate = true> <Delay = 4.50> <Core = "DivnS_SEQ">   --->   Core 24 'DivnS_SEQ' <Latency = 49> <II = 32> <Delay = 4.50> <FuncUnit> <Opcode : 'sdiv' 'srem' 'udiv' 'urem'> <InPorts = 2> <OutPorts = 1>

State 117 <SV = 113> <Delay = 4.50>
ST_117 : Operation 314 [1/50] (4.50ns)   --->   "%sdiv_ln1148 = sdiv i46 17592186044416, %sext_ln1148" [./layer.h:89]   --->   Operation 314 'sdiv' 'sdiv_ln1148' <Predicate = true> <Delay = 4.50> <Core = "DivnS_SEQ">   --->   Core 24 'DivnS_SEQ' <Latency = 49> <II = 32> <Delay = 4.50> <FuncUnit> <Opcode : 'sdiv' 'srem' 'udiv' 'urem'> <InPorts = 2> <OutPorts = 1>
ST_117 : Operation 315 [1/1] (0.00ns)   --->   "%variance_V_1 = trunc i46 %sdiv_ln1148 to i32" [./layer.h:89]   --->   Operation 315 'trunc' 'variance_V_1' <Predicate = true> <Delay = 0.00>
ST_117 : Operation 316 [1/1] (0.00ns)   --->   "%r_V_4 = sext i32 %variance_V_1 to i64" [./layer.h:92]   --->   Operation 316 'sext' 'r_V_4' <Predicate = true> <Delay = 0.00>
ST_117 : Operation 317 [1/1] (1.76ns)   --->   "br label %3" [./layer.h:91]   --->   Operation 317 'br' <Predicate = true> <Delay = 1.76>

State 118 <SV = 114> <Delay = 2.32>
ST_118 : Operation 318 [1/1] (0.00ns)   --->   "%i1_0 = phi i5 [ 0, %attention_sqrt.exit ], [ %i_2, %RMS_NORM_LOOP_2 ]"   --->   Operation 318 'phi' 'i1_0' <Predicate = true> <Delay = 0.00>
ST_118 : Operation 319 [1/1] (1.36ns)   --->   "%icmp_ln91 = icmp eq i5 %i1_0, -16" [./layer.h:91]   --->   Operation 319 'icmp' 'icmp_ln91' <Predicate = true> <Delay = 1.36> <Core = "Cmp">   --->   Core 25 'Cmp' <Latency = 0> <II = 1> <Delay = 2.47> <FuncUnit> <Opcode : 'icmp'> <InPorts = 2> <OutPorts = 1>
ST_118 : Operation 320 [1/1] (0.00ns)   --->   "%empty_54 = call i32 (...)* @_ssdm_op_SpecLoopTripCount(i64 16, i64 16, i64 16)"   --->   Operation 320 'speclooptripcount' 'empty_54' <Predicate = true> <Delay = 0.00>
ST_118 : Operation 321 [1/1] (1.78ns)   --->   "%i_2 = add i5 %i1_0, 1" [./layer.h:91]   --->   Operation 321 'add' 'i_2' <Predicate = true> <Delay = 1.78> <Core = "AddSub">   --->   Core 14 'AddSub' <Latency = 0> <II = 1> <Delay = 2.55> <FuncUnit> <Opcode : 'add' 'sub'> <InPorts = 2> <OutPorts = 1>
ST_118 : Operation 322 [1/1] (0.00ns)   --->   "br i1 %icmp_ln91, label %4, label %RMS_NORM_LOOP_2" [./layer.h:91]   --->   Operation 322 'br' <Predicate = true> <Delay = 0.00>
ST_118 : Operation 323 [1/1] (0.00ns)   --->   "%zext_ln92 = zext i5 %i1_0 to i64" [./layer.h:92]   --->   Operation 323 'zext' 'zext_ln92' <Predicate = (!icmp_ln91)> <Delay = 0.00>
ST_118 : Operation 324 [1/1] (0.00ns)   --->   "%weight_V_addr = getelementptr [16 x i32]* %weight_V, i64 0, i64 %zext_ln92" [./layer.h:92]   --->   Operation 324 'getelementptr' 'weight_V_addr' <Predicate = (!icmp_ln91)> <Delay = 0.00>
ST_118 : Operation 325 [2/2] (2.32ns)   --->   "%weight_V_load = load i32* %weight_V_addr, align 4" [./layer.h:92]   --->   Operation 325 'load' 'weight_V_load' <Predicate = (!icmp_ln91)> <Delay = 2.32> <Core = "RAM">   --->   Core 37 'RAM' <Latency = 1> <II = 1> <Delay = 2.32> <Storage> <Opcode : 'load' 'store'> <Ports = 2> <Width = 32> <Depth = 16> <RAM>
ST_118 : Operation 326 [1/1] (0.00ns)   --->   "%input_0_V_addr_1 = getelementptr [16 x i32]* %input_0_V, i64 0, i64 %zext_ln92" [./layer.h:92]   --->   Operation 326 'getelementptr' 'input_0_V_addr_1' <Predicate = (!icmp_ln91)> <Delay = 0.00>

State 119 <SV = 115> <Delay = 2.32>
ST_119 : Operation 327 [1/2] (2.32ns)   --->   "%weight_V_load = load i32* %weight_V_addr, align 4" [./layer.h:92]   --->   Operation 327 'load' 'weight_V_load' <Predicate = (!icmp_ln91)> <Delay = 2.32> <Core = "RAM">   --->   Core 37 'RAM' <Latency = 1> <II = 1> <Delay = 2.32> <Storage> <Opcode : 'load' 'store'> <Ports = 2> <Width = 32> <Depth = 16> <RAM>
ST_119 : Operation 328 [2/2] (2.32ns)   --->   "%input_0_V_load_1 = load i32* %input_0_V_addr_1, align 4" [./layer.h:92]   --->   Operation 328 'load' 'input_0_V_load_1' <Predicate = (!icmp_ln91)> <Delay = 2.32> <Core = "RAM">   --->   Core 37 'RAM' <Latency = 1> <II = 1> <Delay = 2.32> <Storage> <Opcode : 'load' 'store'> <Ports = 2> <Width = 32> <Depth = 16> <RAM>

State 120 <SV = 116> <Delay = 8.51>
ST_120 : Operation 329 [1/1] (0.00ns)   --->   "%sext_ln1118 = sext i32 %weight_V_load to i64" [./layer.h:92]   --->   Operation 329 'sext' 'sext_ln1118' <Predicate = (!icmp_ln91)> <Delay = 0.00>
ST_120 : Operation 330 [1/1] (8.51ns)   --->   "%r_V_5 = mul nsw i64 %r_V_4, %sext_ln1118" [./layer.h:92]   --->   Operation 330 'mul' 'r_V_5' <Predicate = (!icmp_ln91)> <Delay = 8.51> <Core = "Mul">   --->   Core 16 'Mul' <Latency = 0> <II = 1> <Delay = 8.51> <FuncUnit> <Opcode : 'mul'> <InPorts = 2> <OutPorts = 1>
ST_120 : Operation 331 [1/2] (2.32ns)   --->   "%input_0_V_load_1 = load i32* %input_0_V_addr_1, align 4" [./layer.h:92]   --->   Operation 331 'load' 'input_0_V_load_1' <Predicate = (!icmp_ln91)> <Delay = 2.32> <Core = "RAM">   --->   Core 37 'RAM' <Latency = 1> <II = 1> <Delay = 2.32> <Storage> <Opcode : 'load' 'store'> <Ports = 2> <Width = 32> <Depth = 16> <RAM>

State 121 <SV = 117> <Delay = 6.97>
ST_121 : Operation 332 [1/1] (0.00ns)   --->   "%sext_ln1116 = sext i32 %input_0_V_load_1 to i76" [./layer.h:92]   --->   Operation 332 'sext' 'sext_ln1116' <Predicate = (!icmp_ln91)> <Delay = 0.00>
ST_121 : Operation 333 [1/1] (0.00ns)   --->   "%sext_ln1118_1 = sext i64 %r_V_5 to i76" [./layer.h:92]   --->   Operation 333 'sext' 'sext_ln1118_1' <Predicate = (!icmp_ln91)> <Delay = 0.00>
ST_121 : Operation 334 [5/5] (6.97ns)   --->   "%r_V_9 = mul i76 %sext_ln1118_1, %sext_ln1116" [./layer.h:92]   --->   Operation 334 'mul' 'r_V_9' <Predicate = (!icmp_ln91)> <Delay = 6.97> <Core = "MulnS">   --->   Core 17 'MulnS' <Latency = 4> <II = 1> <Delay = 6.97> <FuncUnit> <Opcode : 'mul'> <InPorts = 2> <OutPorts = 1>

State 122 <SV = 118> <Delay = 6.97>
ST_122 : Operation 335 [4/5] (6.97ns)   --->   "%r_V_9 = mul i76 %sext_ln1118_1, %sext_ln1116" [./layer.h:92]   --->   Operation 335 'mul' 'r_V_9' <Predicate = (!icmp_ln91)> <Delay = 6.97> <Core = "MulnS">   --->   Core 17 'MulnS' <Latency = 4> <II = 1> <Delay = 6.97> <FuncUnit> <Opcode : 'mul'> <InPorts = 2> <OutPorts = 1>

State 123 <SV = 119> <Delay = 6.97>
ST_123 : Operation 336 [3/5] (6.97ns)   --->   "%r_V_9 = mul i76 %sext_ln1118_1, %sext_ln1116" [./layer.h:92]   --->   Operation 336 'mul' 'r_V_9' <Predicate = (!icmp_ln91)> <Delay = 6.97> <Core = "MulnS">   --->   Core 17 'MulnS' <Latency = 4> <II = 1> <Delay = 6.97> <FuncUnit> <Opcode : 'mul'> <InPorts = 2> <OutPorts = 1>

State 124 <SV = 120> <Delay = 6.97>
ST_124 : Operation 337 [2/5] (6.97ns)   --->   "%r_V_9 = mul i76 %sext_ln1118_1, %sext_ln1116" [./layer.h:92]   --->   Operation 337 'mul' 'r_V_9' <Predicate = (!icmp_ln91)> <Delay = 6.97> <Core = "MulnS">   --->   Core 17 'MulnS' <Latency = 4> <II = 1> <Delay = 6.97> <FuncUnit> <Opcode : 'mul'> <InPorts = 2> <OutPorts = 1>

State 125 <SV = 121> <Delay = 6.97>
ST_125 : Operation 338 [1/5] (6.97ns)   --->   "%r_V_9 = mul i76 %sext_ln1118_1, %sext_ln1116" [./layer.h:92]   --->   Operation 338 'mul' 'r_V_9' <Predicate = (!icmp_ln91)> <Delay = 6.97> <Core = "MulnS">   --->   Core 17 'MulnS' <Latency = 4> <II = 1> <Delay = 6.97> <FuncUnit> <Opcode : 'mul'> <InPorts = 2> <OutPorts = 1>
ST_125 : Operation 339 [1/1] (0.00ns)   --->   "%trunc_ln2 = call i32 @_ssdm_op_PartSelect.i32.i76.i32.i32(i76 %r_V_9, i32 44, i32 75)" [./layer.h:92]   --->   Operation 339 'partselect' 'trunc_ln2' <Predicate = (!icmp_ln91)> <Delay = 0.00>

State 126 <SV = 122> <Delay = 2.32>
ST_126 : Operation 340 [1/1] (0.00ns)   --->   "call void (...)* @_ssdm_op_SpecLoopName([16 x i8]* @p_str29) nounwind" [./layer.h:92]   --->   Operation 340 'specloopname' <Predicate = (!icmp_ln91)> <Delay = 0.00>
ST_126 : Operation 341 [1/1] (0.00ns)   --->   "%tmp_s = call i32 (...)* @_ssdm_op_SpecRegionBegin([16 x i8]* @p_str29)" [./layer.h:92]   --->   Operation 341 'specregionbegin' 'tmp_s' <Predicate = (!icmp_ln91)> <Delay = 0.00>
ST_126 : Operation 342 [1/1] (0.00ns)   --->   "call void (...)* @_ssdm_op_SpecPipeline(i32 -1, i32 1, i32 1, i32 0, [1 x i8]* @p_str19) nounwind" [./layer.h:92]   --->   Operation 342 'specpipeline' <Predicate = (!icmp_ln91)> <Delay = 0.00>
ST_126 : Operation 343 [1/1] (2.32ns)   --->   "store i32 %trunc_ln2, i32* %input_0_V_addr_1, align 4" [./layer.h:92]   --->   Operation 343 'store' <Predicate = (!icmp_ln91)> <Delay = 2.32> <Core = "RAM">   --->   Core 37 'RAM' <Latency = 1> <II = 1> <Delay = 2.32> <Storage> <Opcode : 'load' 'store'> <Ports = 2> <Width = 32> <Depth = 16> <RAM>
ST_126 : Operation 344 [1/1] (0.00ns)   --->   "%empty_55 = call i32 (...)* @_ssdm_op_SpecRegionEnd([16 x i8]* @p_str29, i32 %tmp_s)" [./layer.h:92]   --->   Operation 344 'specregionend' 'empty_55' <Predicate = (!icmp_ln91)> <Delay = 0.00>
ST_126 : Operation 345 [1/1] (0.00ns)   --->   "br label %3" [./layer.h:91]   --->   Operation 345 'br' <Predicate = (!icmp_ln91)> <Delay = 0.00>

State 127 <SV = 115> <Delay = 0.00>
ST_127 : Operation 346 [1/1] (0.00ns)   --->   "ret void" [./layer.h:93]   --->   Operation 346 'ret' <Predicate = true> <Delay = 0.00>


============================================================
+ Verbose Summary: Timing violations
============================================================
Target clock period: 10ns, clock uncertainty: 1.25ns.

 <State 1>: 1.77ns
The critical path consists of the following:
	multiplexor before 'phi' operation ('variance.V') with incoming values : ('variance.V', ./layer.h:87) [5]  (1.77 ns)

 <State 2>: 2.32ns
The critical path consists of the following:
	'phi' operation ('i') with incoming values : ('i', ./layer.h:86) [6]  (0 ns)
	'getelementptr' operation ('input_0_V_addr', ./layer.h:87) [16]  (0 ns)
	'load' operation ('input_0_V_load', ./layer.h:87) on array 'input_0_V' [17]  (2.32 ns)

 <State 3>: 2.32ns
The critical path consists of the following:
	'load' operation ('input_0_V_load', ./layer.h:87) on array 'input_0_V' [17]  (2.32 ns)

 <State 4>: 8.51ns
The critical path consists of the following:
	'mul' operation ('r.V', ./layer.h:87) [19]  (8.51 ns)

 <State 5>: 3.52ns
The critical path consists of the following:
	'add' operation ('ret.V', ./layer.h:87) [23]  (3.52 ns)

 <State 6>: 8.16ns
The critical path consists of the following:
	'sub' operation ('sub_ln1148', ./layer.h:89) [30]  (3.26 ns)
	'sub' operation ('sub_ln1148_1', ./layer.h:89) [35]  (2.43 ns)
	'select' operation ('select_ln1148', ./layer.h:89) [36]  (0 ns)
	'add' operation ('__Val2__', ./layer.h:89) [38]  (2.46 ns)

 <State 7>: 6.43ns
The critical path consists of the following:
	'sub' operation ('sub_ln1148_2', ./layer.h:65->./layer.h:89) [42]  (3.21 ns)
	'sub' operation ('sub_ln1148_3', ./layer.h:65->./layer.h:89) [49]  (2.52 ns)
	'select' operation ('guess.V', ./layer.h:65->./layer.h:89) [50]  (0.698 ns)

 <State 8>: 4.7ns
The critical path consists of the following:
	'phi' operation ('guess.V') with incoming values : ('guess.V', ./layer.h:65->./layer.h:89) ('guess.V', ./layer.h:69->./layer.h:89) [54]  (0 ns)
	'sdiv' operation ('sdiv_ln1148_3', ./layer.h:69->./layer.h:89) [63]  (4.7 ns)

 <State 9>: 4.7ns
The critical path consists of the following:
	'sdiv' operation ('sdiv_ln1148_3', ./layer.h:69->./layer.h:89) [63]  (4.7 ns)

 <State 10>: 4.7ns
The critical path consists of the following:
	'sdiv' operation ('sdiv_ln1148_3', ./layer.h:69->./layer.h:89) [63]  (4.7 ns)

 <State 11>: 4.7ns
The critical path consists of the following:
	'sdiv' operation ('sdiv_ln1148_3', ./layer.h:69->./layer.h:89) [63]  (4.7 ns)

 <State 12>: 4.7ns
The critical path consists of the following:
	'sdiv' operation ('sdiv_ln1148_3', ./layer.h:69->./layer.h:89) [63]  (4.7 ns)

 <State 13>: 4.7ns
The critical path consists of the following:
	'sdiv' operation ('sdiv_ln1148_3', ./layer.h:69->./layer.h:89) [63]  (4.7 ns)

 <State 14>: 4.7ns
The critical path consists of the following:
	'sdiv' operation ('sdiv_ln1148_3', ./layer.h:69->./layer.h:89) [63]  (4.7 ns)

 <State 15>: 4.7ns
The critical path consists of the following:
	'sdiv' operation ('sdiv_ln1148_3', ./layer.h:69->./layer.h:89) [63]  (4.7 ns)

 <State 16>: 4.7ns
The critical path consists of the following:
	'sdiv' operation ('sdiv_ln1148_3', ./layer.h:69->./layer.h:89) [63]  (4.7 ns)

 <State 17>: 4.7ns
The critical path consists of the following:
	'sdiv' operation ('sdiv_ln1148_3', ./layer.h:69->./layer.h:89) [63]  (4.7 ns)

 <State 18>: 4.7ns
The critical path consists of the following:
	'sdiv' operation ('sdiv_ln1148_3', ./layer.h:69->./layer.h:89) [63]  (4.7 ns)

 <State 19>: 4.7ns
The critical path consists of the following:
	'sdiv' operation ('sdiv_ln1148_3', ./layer.h:69->./layer.h:89) [63]  (4.7 ns)

 <State 20>: 4.7ns
The critical path consists of the following:
	'sdiv' operation ('sdiv_ln1148_3', ./layer.h:69->./layer.h:89) [63]  (4.7 ns)

 <State 21>: 4.7ns
The critical path consists of the following:
	'sdiv' operation ('sdiv_ln1148_3', ./layer.h:69->./layer.h:89) [63]  (4.7 ns)

 <State 22>: 4.7ns
The critical path consists of the following:
	'sdiv' operation ('sdiv_ln1148_3', ./layer.h:69->./layer.h:89) [63]  (4.7 ns)

 <State 23>: 4.7ns
The critical path consists of the following:
	'sdiv' operation ('sdiv_ln1148_3', ./layer.h:69->./layer.h:89) [63]  (4.7 ns)

 <State 24>: 4.7ns
The critical path consists of the following:
	'sdiv' operation ('sdiv_ln1148_3', ./layer.h:69->./layer.h:89) [63]  (4.7 ns)

 <State 25>: 4.7ns
The critical path consists of the following:
	'sdiv' operation ('sdiv_ln1148_3', ./layer.h:69->./layer.h:89) [63]  (4.7 ns)

 <State 26>: 4.7ns
The critical path consists of the following:
	'sdiv' operation ('sdiv_ln1148_3', ./layer.h:69->./layer.h:89) [63]  (4.7 ns)

 <State 27>: 4.7ns
The critical path consists of the following:
	'sdiv' operation ('sdiv_ln1148_3', ./layer.h:69->./layer.h:89) [63]  (4.7 ns)

 <State 28>: 4.7ns
The critical path consists of the following:
	'sdiv' operation ('sdiv_ln1148_3', ./layer.h:69->./layer.h:89) [63]  (4.7 ns)

 <State 29>: 4.7ns
The critical path consists of the following:
	'sdiv' operation ('sdiv_ln1148_3', ./layer.h:69->./layer.h:89) [63]  (4.7 ns)

 <State 30>: 4.7ns
The critical path consists of the following:
	'sdiv' operation ('sdiv_ln1148_3', ./layer.h:69->./layer.h:89) [63]  (4.7 ns)

 <State 31>: 4.7ns
The critical path consists of the following:
	'sdiv' operation ('sdiv_ln1148_3', ./layer.h:69->./layer.h:89) [63]  (4.7 ns)

 <State 32>: 4.7ns
The critical path consists of the following:
	'sdiv' operation ('sdiv_ln1148_3', ./layer.h:69->./layer.h:89) [63]  (4.7 ns)

 <State 33>: 4.7ns
The critical path consists of the following:
	'sdiv' operation ('sdiv_ln1148_3', ./layer.h:69->./layer.h:89) [63]  (4.7 ns)

 <State 34>: 4.7ns
The critical path consists of the following:
	'sdiv' operation ('sdiv_ln1148_3', ./layer.h:69->./layer.h:89) [63]  (4.7 ns)

 <State 35>: 4.7ns
The critical path consists of the following:
	'sdiv' operation ('sdiv_ln1148_3', ./layer.h:69->./layer.h:89) [63]  (4.7 ns)

 <State 36>: 4.7ns
The critical path consists of the following:
	'sdiv' operation ('sdiv_ln1148_3', ./layer.h:69->./layer.h:89) [63]  (4.7 ns)

 <State 37>: 4.7ns
The critical path consists of the following:
	'sdiv' operation ('sdiv_ln1148_3', ./layer.h:69->./layer.h:89) [63]  (4.7 ns)

 <State 38>: 4.7ns
The critical path consists of the following:
	'sdiv' operation ('sdiv_ln1148_3', ./layer.h:69->./layer.h:89) [63]  (4.7 ns)

 <State 39>: 4.7ns
The critical path consists of the following:
	'sdiv' operation ('sdiv_ln1148_3', ./layer.h:69->./layer.h:89) [63]  (4.7 ns)

 <State 40>: 4.7ns
The critical path consists of the following:
	'sdiv' operation ('sdiv_ln1148_3', ./layer.h:69->./layer.h:89) [63]  (4.7 ns)

 <State 41>: 4.7ns
The critical path consists of the following:
	'sdiv' operation ('sdiv_ln1148_3', ./layer.h:69->./layer.h:89) [63]  (4.7 ns)

 <State 42>: 4.7ns
The critical path consists of the following:
	'sdiv' operation ('sdiv_ln1148_3', ./layer.h:69->./layer.h:89) [63]  (4.7 ns)

 <State 43>: 4.7ns
The critical path consists of the following:
	'sdiv' operation ('sdiv_ln1148_3', ./layer.h:69->./layer.h:89) [63]  (4.7 ns)

 <State 44>: 4.7ns
The critical path consists of the following:
	'sdiv' operation ('sdiv_ln1148_3', ./layer.h:69->./layer.h:89) [63]  (4.7 ns)

 <State 45>: 4.7ns
The critical path consists of the following:
	'sdiv' operation ('sdiv_ln1148_3', ./layer.h:69->./layer.h:89) [63]  (4.7 ns)

 <State 46>: 4.7ns
The critical path consists of the following:
	'sdiv' operation ('sdiv_ln1148_3', ./layer.h:69->./layer.h:89) [63]  (4.7 ns)

 <State 47>: 4.7ns
The critical path consists of the following:
	'sdiv' operation ('sdiv_ln1148_3', ./layer.h:69->./layer.h:89) [63]  (4.7 ns)

 <State 48>: 4.7ns
The critical path consists of the following:
	'sdiv' operation ('sdiv_ln1148_3', ./layer.h:69->./layer.h:89) [63]  (4.7 ns)

 <State 49>: 4.7ns
The critical path consists of the following:
	'sdiv' operation ('sdiv_ln1148_3', ./layer.h:69->./layer.h:89) [63]  (4.7 ns)

 <State 50>: 4.7ns
The critical path consists of the following:
	'sdiv' operation ('sdiv_ln1148_3', ./layer.h:69->./layer.h:89) [63]  (4.7 ns)

 <State 51>: 4.7ns
The critical path consists of the following:
	'sdiv' operation ('sdiv_ln1148_3', ./layer.h:69->./layer.h:89) [63]  (4.7 ns)

 <State 52>: 4.7ns
The critical path consists of the following:
	'sdiv' operation ('sdiv_ln1148_3', ./layer.h:69->./layer.h:89) [63]  (4.7 ns)

 <State 53>: 4.7ns
The critical path consists of the following:
	'sdiv' operation ('sdiv_ln1148_3', ./layer.h:69->./layer.h:89) [63]  (4.7 ns)

 <State 54>: 4.7ns
The critical path consists of the following:
	'sdiv' operation ('sdiv_ln1148_3', ./layer.h:69->./layer.h:89) [63]  (4.7 ns)

 <State 55>: 4.7ns
The critical path consists of the following:
	'sdiv' operation ('sdiv_ln1148_3', ./layer.h:69->./layer.h:89) [63]  (4.7 ns)

 <State 56>: 4.7ns
The critical path consists of the following:
	'sdiv' operation ('sdiv_ln1148_3', ./layer.h:69->./layer.h:89) [63]  (4.7 ns)

 <State 57>: 4.7ns
The critical path consists of the following:
	'sdiv' operation ('sdiv_ln1148_3', ./layer.h:69->./layer.h:89) [63]  (4.7 ns)

 <State 58>: 4.7ns
The critical path consists of the following:
	'sdiv' operation ('sdiv_ln1148_3', ./layer.h:69->./layer.h:89) [63]  (4.7 ns)

 <State 59>: 4.7ns
The critical path consists of the following:
	'sdiv' operation ('sdiv_ln1148_3', ./layer.h:69->./layer.h:89) [63]  (4.7 ns)

 <State 60>: 4.7ns
The critical path consists of the following:
	'sdiv' operation ('sdiv_ln1148_3', ./layer.h:69->./layer.h:89) [63]  (4.7 ns)

 <State 61>: 4.7ns
The critical path consists of the following:
	'sdiv' operation ('sdiv_ln1148_3', ./layer.h:69->./layer.h:89) [63]  (4.7 ns)

 <State 62>: 4.7ns
The critical path consists of the following:
	'sdiv' operation ('sdiv_ln1148_3', ./layer.h:69->./layer.h:89) [63]  (4.7 ns)

 <State 63>: 4.7ns
The critical path consists of the following:
	'sdiv' operation ('sdiv_ln1148_3', ./layer.h:69->./layer.h:89) [63]  (4.7 ns)

 <State 64>: 7.93ns
The critical path consists of the following:
	'sdiv' operation ('sdiv_ln1148_3', ./layer.h:69->./layer.h:89) [63]  (4.7 ns)
	'add' operation ('ret.V', ./layer.h:69->./layer.h:89) [66]  (3.24 ns)

 <State 65>: 7.14ns
The critical path consists of the following:
	'sub' operation ('sub_ln1148_4', ./layer.h:69->./layer.h:89) [71]  (3.89 ns)
	'sub' operation ('sub_ln1148_5', ./layer.h:69->./layer.h:89) [73]  (2.55 ns)
	'select' operation ('guess.V', ./layer.h:69->./layer.h:89) [75]  (0.698 ns)

 <State 66>: 8.51ns
The critical path consists of the following:
	'mul' operation ('r.V', ./layer.h:70->./layer.h:89) [77]  (8.51 ns)

 <State 67>: 8.54ns
The critical path consists of the following:
	'sub' operation ('ret.V', ./layer.h:70->./layer.h:89) [79]  (3.52 ns)
	'sub' operation ('sub_ln703', ./layer.h:58->./layer.h:70->./layer.h:89) [82]  (2.55 ns)
	'select' operation ('__Val2__', ./layer.h:58->./layer.h:70->./layer.h:89) [83]  (0 ns)
	'icmp' operation ('icmp_ln1495', ./layer.h:70->./layer.h:89) [84]  (2.47 ns)

 <State 68>: 6.28ns
The critical path consists of the following:
	multiplexor before 'phi' operation ('guess.V') with incoming values : ('guess.V', ./layer.h:65->./layer.h:89) ('guess.V', ./layer.h:69->./layer.h:89) [87]  (1.77 ns)
	'phi' operation ('guess.V') with incoming values : ('guess.V', ./layer.h:65->./layer.h:89) ('guess.V', ./layer.h:69->./layer.h:89) [87]  (0 ns)
	'sdiv' operation ('sdiv_ln1148', ./layer.h:89) [89]  (4.51 ns)

 <State 69>: 4.51ns
The critical path consists of the following:
	'sdiv' operation ('sdiv_ln1148', ./layer.h:89) [89]  (4.51 ns)

 <State 70>: 4.51ns
The critical path consists of the following:
	'sdiv' operation ('sdiv_ln1148', ./layer.h:89) [89]  (4.51 ns)

 <State 71>: 4.51ns
The critical path consists of the following:
	'sdiv' operation ('sdiv_ln1148', ./layer.h:89) [89]  (4.51 ns)

 <State 72>: 4.51ns
The critical path consists of the following:
	'sdiv' operation ('sdiv_ln1148', ./layer.h:89) [89]  (4.51 ns)

 <State 73>: 4.51ns
The critical path consists of the following:
	'sdiv' operation ('sdiv_ln1148', ./layer.h:89) [89]  (4.51 ns)

 <State 74>: 4.51ns
The critical path consists of the following:
	'sdiv' operation ('sdiv_ln1148', ./layer.h:89) [89]  (4.51 ns)

 <State 75>: 4.51ns
The critical path consists of the following:
	'sdiv' operation ('sdiv_ln1148', ./layer.h:89) [89]  (4.51 ns)

 <State 76>: 4.51ns
The critical path consists of the following:
	'sdiv' operation ('sdiv_ln1148', ./layer.h:89) [89]  (4.51 ns)

 <State 77>: 4.51ns
The critical path consists of the following:
	'sdiv' operation ('sdiv_ln1148', ./layer.h:89) [89]  (4.51 ns)

 <State 78>: 4.51ns
The critical path consists of the following:
	'sdiv' operation ('sdiv_ln1148', ./layer.h:89) [89]  (4.51 ns)

 <State 79>: 4.51ns
The critical path consists of the following:
	'sdiv' operation ('sdiv_ln1148', ./layer.h:89) [89]  (4.51 ns)

 <State 80>: 4.51ns
The critical path consists of the following:
	'sdiv' operation ('sdiv_ln1148', ./layer.h:89) [89]  (4.51 ns)

 <State 81>: 4.51ns
The critical path consists of the following:
	'sdiv' operation ('sdiv_ln1148', ./layer.h:89) [89]  (4.51 ns)

 <State 82>: 4.51ns
The critical path consists of the following:
	'sdiv' operation ('sdiv_ln1148', ./layer.h:89) [89]  (4.51 ns)

 <State 83>: 4.51ns
The critical path consists of the following:
	'sdiv' operation ('sdiv_ln1148', ./layer.h:89) [89]  (4.51 ns)

 <State 84>: 4.51ns
The critical path consists of the following:
	'sdiv' operation ('sdiv_ln1148', ./layer.h:89) [89]  (4.51 ns)

 <State 85>: 4.51ns
The critical path consists of the following:
	'sdiv' operation ('sdiv_ln1148', ./layer.h:89) [89]  (4.51 ns)

 <State 86>: 4.51ns
The critical path consists of the following:
	'sdiv' operation ('sdiv_ln1148', ./layer.h:89) [89]  (4.51 ns)

 <State 87>: 4.51ns
The critical path consists of the following:
	'sdiv' operation ('sdiv_ln1148', ./layer.h:89) [89]  (4.51 ns)

 <State 88>: 4.51ns
The critical path consists of the following:
	'sdiv' operation ('sdiv_ln1148', ./layer.h:89) [89]  (4.51 ns)

 <State 89>: 4.51ns
The critical path consists of the following:
	'sdiv' operation ('sdiv_ln1148', ./layer.h:89) [89]  (4.51 ns)

 <State 90>: 4.51ns
The critical path consists of the following:
	'sdiv' operation ('sdiv_ln1148', ./layer.h:89) [89]  (4.51 ns)

 <State 91>: 4.51ns
The critical path consists of the following:
	'sdiv' operation ('sdiv_ln1148', ./layer.h:89) [89]  (4.51 ns)

 <State 92>: 4.51ns
The critical path consists of the following:
	'sdiv' operation ('sdiv_ln1148', ./layer.h:89) [89]  (4.51 ns)

 <State 93>: 4.51ns
The critical path consists of the following:
	'sdiv' operation ('sdiv_ln1148', ./layer.h:89) [89]  (4.51 ns)

 <State 94>: 4.51ns
The critical path consists of the following:
	'sdiv' operation ('sdiv_ln1148', ./layer.h:89) [89]  (4.51 ns)

 <State 95>: 4.51ns
The critical path consists of the following:
	'sdiv' operation ('sdiv_ln1148', ./layer.h:89) [89]  (4.51 ns)

 <State 96>: 4.51ns
The critical path consists of the following:
	'sdiv' operation ('sdiv_ln1148', ./layer.h:89) [89]  (4.51 ns)

 <State 97>: 4.51ns
The critical path consists of the following:
	'sdiv' operation ('sdiv_ln1148', ./layer.h:89) [89]  (4.51 ns)

 <State 98>: 4.51ns
The critical path consists of the following:
	'sdiv' operation ('sdiv_ln1148', ./layer.h:89) [89]  (4.51 ns)

 <State 99>: 4.51ns
The critical path consists of the following:
	'sdiv' operation ('sdiv_ln1148', ./layer.h:89) [89]  (4.51 ns)

 <State 100>: 4.51ns
The critical path consists of the following:
	'sdiv' operation ('sdiv_ln1148', ./layer.h:89) [89]  (4.51 ns)

 <State 101>: 4.51ns
The critical path consists of the following:
	'sdiv' operation ('sdiv_ln1148', ./layer.h:89) [89]  (4.51 ns)

 <State 102>: 4.51ns
The critical path consists of the following:
	'sdiv' operation ('sdiv_ln1148', ./layer.h:89) [89]  (4.51 ns)

 <State 103>: 4.51ns
The critical path consists of the following:
	'sdiv' operation ('sdiv_ln1148', ./layer.h:89) [89]  (4.51 ns)

 <State 104>: 4.51ns
The critical path consists of the following:
	'sdiv' operation ('sdiv_ln1148', ./layer.h:89) [89]  (4.51 ns)

 <State 105>: 4.51ns
The critical path consists of the following:
	'sdiv' operation ('sdiv_ln1148', ./layer.h:89) [89]  (4.51 ns)

 <State 106>: 4.51ns
The critical path consists of the following:
	'sdiv' operation ('sdiv_ln1148', ./layer.h:89) [89]  (4.51 ns)

 <State 107>: 4.51ns
The critical path consists of the following:
	'sdiv' operation ('sdiv_ln1148', ./layer.h:89) [89]  (4.51 ns)

 <State 108>: 4.51ns
The critical path consists of the following:
	'sdiv' operation ('sdiv_ln1148', ./layer.h:89) [89]  (4.51 ns)

 <State 109>: 4.51ns
The critical path consists of the following:
	'sdiv' operation ('sdiv_ln1148', ./layer.h:89) [89]  (4.51 ns)

 <State 110>: 4.51ns
The critical path consists of the following:
	'sdiv' operation ('sdiv_ln1148', ./layer.h:89) [89]  (4.51 ns)

 <State 111>: 4.51ns
The critical path consists of the following:
	'sdiv' operation ('sdiv_ln1148', ./layer.h:89) [89]  (4.51 ns)

 <State 112>: 4.51ns
The critical path consists of the following:
	'sdiv' operation ('sdiv_ln1148', ./layer.h:89) [89]  (4.51 ns)

 <State 113>: 4.51ns
The critical path consists of the following:
	'sdiv' operation ('sdiv_ln1148', ./layer.h:89) [89]  (4.51 ns)

 <State 114>: 4.51ns
The critical path consists of the following:
	'sdiv' operation ('sdiv_ln1148', ./layer.h:89) [89]  (4.51 ns)

 <State 115>: 4.51ns
The critical path consists of the following:
	'sdiv' operation ('sdiv_ln1148', ./layer.h:89) [89]  (4.51 ns)

 <State 116>: 4.51ns
The critical path consists of the following:
	'sdiv' operation ('sdiv_ln1148', ./layer.h:89) [89]  (4.51 ns)

 <State 117>: 4.51ns
The critical path consists of the following:
	'sdiv' operation ('sdiv_ln1148', ./layer.h:89) [89]  (4.51 ns)

 <State 118>: 2.32ns
The critical path consists of the following:
	'phi' operation ('i') with incoming values : ('i', ./layer.h:91) [94]  (0 ns)
	'getelementptr' operation ('weight_V_addr', ./layer.h:92) [104]  (0 ns)
	'load' operation ('weight_V_load', ./layer.h:92) on array 'weight_V' [105]  (2.32 ns)

 <State 119>: 2.32ns
The critical path consists of the following:
	'load' operation ('weight_V_load', ./layer.h:92) on array 'weight_V' [105]  (2.32 ns)

 <State 120>: 8.51ns
The critical path consists of the following:
	'mul' operation ('r.V', ./layer.h:92) [107]  (8.51 ns)

 <State 121>: 6.98ns
The critical path consists of the following:
	'mul' operation ('r.V', ./layer.h:92) [112]  (6.98 ns)

 <State 122>: 6.98ns
The critical path consists of the following:
	'mul' operation ('r.V', ./layer.h:92) [112]  (6.98 ns)

 <State 123>: 6.98ns
The critical path consists of the following:
	'mul' operation ('r.V', ./layer.h:92) [112]  (6.98 ns)

 <State 124>: 6.98ns
The critical path consists of the following:
	'mul' operation ('r.V', ./layer.h:92) [112]  (6.98 ns)

 <State 125>: 6.98ns
The critical path consists of the following:
	'mul' operation ('r.V', ./layer.h:92) [112]  (6.98 ns)

 <State 126>: 2.32ns
The critical path consists of the following:
	'store' operation ('store_ln92', ./layer.h:92) of variable 'trunc_ln2', ./layer.h:92 on array 'input_0_V' [114]  (2.32 ns)

 <State 127>: 0ns
The critical path consists of the following:


============================================================
+ Verbose Summary: Binding
============================================================
N/A
* FSMD analyzer results:
  - Output states:
 - Input state : 
  - Chain level:
	State 1
	State 2
	State 3
	State 4
	State 5
	State 6
	State 7
	State 8
	State 9
	State 10
	State 11
	State 12
	State 13
	State 14
	State 15
	State 16
	State 17
	State 18
	State 19
	State 20
	State 21
	State 22
	State 23
	State 24
	State 25
	State 26
	State 27
	State 28
	State 29
	State 30
	State 31
	State 32
	State 33
	State 34
	State 35
	State 36
	State 37
	State 38
	State 39
	State 40
	State 41
	State 42
	State 43
	State 44
	State 45
	State 46
	State 47
	State 48
	State 49
	State 50
	State 51
	State 52
	State 53
	State 54
	State 55
	State 56
	State 57
	State 58
	State 59
	State 60
	State 61
	State 62
	State 63
	State 64
	State 65
	State 66
	State 67
	State 68
	State 69
	State 70
	State 71
	State 72
	State 73
	State 74
	State 75
	State 76
	State 77
	State 78
	State 79
	State 80
	State 81
	State 82
	State 83
	State 84
	State 85
	State 86
	State 87
	State 88
	State 89
	State 90
	State 91
	State 92
	State 93
	State 94
	State 95
	State 96
	State 97
	State 98
	State 99
	State 100
	State 101
	State 102
	State 103
	State 104
	State 105
	State 106
	State 107
	State 108
	State 109
	State 110
	State 111
	State 112
	State 113
	State 114
	State 115
	State 116
	State 117
	State 118
	State 119
	State 120
	State 121
	State 122
	State 123
	State 124
	State 125
	State 126
	State 127


============================================================
+ Verbose Summary: Datapath Resource usage 
============================================================
N/A
