

================================================================
== Vivado HLS Report for 'linear_forward_no_mu'
================================================================
* Date:           Sun Dec  8 18:27:19 2024

* Version:        2019.2 (Build 2704478 on Wed Nov 06 22:10:23 MST 2019)
* Project:        attention_64th.prj
* Solution:       solution1
* Product family: zynq
* Target device:  xc7z020-clg484-1


================================================================
== Performance Estimates
================================================================
+ Timing: 
    * Summary: 
    +--------+----------+----------+------------+
    |  Clock |  Target  | Estimated| Uncertainty|
    +--------+----------+----------+------------+
    |ap_clk  | 10.00 ns | 8.690 ns |   1.25 ns  |
    +--------+----------+----------+------------+

+ Latency: 
    * Summary: 
    +---------+---------+----------+----------+-----+-----+---------+
    |  Latency (cycles) |  Latency (absolute) |  Interval | Pipeline|
    |   min   |   max   |    min   |    max   | min | max |   Type  |
    +---------+---------+----------+----------+-----+-----+---------+
    |      516|      516| 5.160 us | 5.160 us |  516|  516|   none  |
    +---------+---------+----------+----------+-----+-----+---------+

    + Detail: 
        * Instance: 
        N/A

        * Loop: 
        +-------------------------------------------------------------+---------+---------+----------+-----------+-----------+------+----------+
        |                                                             |  Latency (cycles) | Iteration|  Initiation Interval  | Trip |          |
        |                          Loop Name                          |   min   |   max   |  Latency |  achieved |   target  | Count| Pipelined|
        +-------------------------------------------------------------+---------+---------+----------+-----------+-----------+------+----------+
        |- LINEAR_FORWARD_NO_MUL_LOOP_2_LINEAR_FORWARD_NO_MUL_LOOP_3  |      514|      514|        86|          3|          1|   144|    yes   |
        +-------------------------------------------------------------+---------+---------+----------+-----------+-----------+------+----------+



================================================================
== Utilization Estimates
================================================================
* Summary: 
+-----------------+---------+-------+--------+-------+-----+
|       Name      | BRAM_18K| DSP48E|   FF   |  LUT  | URAM|
+-----------------+---------+-------+--------+-------+-----+
|DSP              |        -|      -|       -|      -|    -|
|Expression       |        -|      4|       0|    425|    -|
|FIFO             |        -|      -|       -|      -|    -|
|Instance         |        -|      -|    8651|   6607|    -|
|Memory           |        -|      -|       -|      -|    -|
|Multiplexer      |        -|      -|       -|    111|    -|
|Register         |        0|      -|     449|     96|    -|
+-----------------+---------+-------+--------+-------+-----+
|Total            |        0|      4|    9100|   7239|    0|
+-----------------+---------+-------+--------+-------+-----+
|Available        |      280|    220|  106400|  53200|    0|
+-----------------+---------+-------+--------+-------+-----+
|Utilization (%)  |        0|      1|       8|     13|    0|
+-----------------+---------+-------+--------+-------+-----+

+ Detail: 
    * Instance: 
    +--------------------------+----------------------+---------+-------+------+------+-----+
    |         Instance         |        Module        | BRAM_18K| DSP48E|  FF  |  LUT | URAM|
    +--------------------------+----------------------+---------+-------+------+------+-----+
    |dut_sdiv_78ns_63seOg_U16  |dut_sdiv_78ns_63seOg  |        0|      0|  8651|  6607|    0|
    +--------------------------+----------------------+---------+-------+------+------+-----+
    |Total                     |                      |        0|      0|  8651|  6607|    0|
    +--------------------------+----------------------+---------+-------+------+------+-----+

    * DSP48E: 
    N/A

    * Memory: 
    N/A

    * FIFO: 
    N/A

    * Expression: 
    +--------------------------+----------+-------+---+----+------------+------------+
    |       Variable Name      | Operation| DSP48E| FF| LUT| Bitwidth P0| Bitwidth P1|
    +--------------------------+----------+-------+---+----+------------+------------+
    |mul_ln1118_fu_232_p2      |     *    |      4|  0|  27|          26|          38|
    |add_ln120_1_fu_248_p2     |     +    |      0|  0|  15|           8|           1|
    |add_ln120_fu_254_p2       |     +    |      0|  0|  15|           1|           5|
    |add_ln121_fu_536_p2       |     +    |      0|  0|  12|           1|           3|
    |add_ln124_fu_320_p2       |     +    |      0|  0|   9|           9|           9|
    |add_ln703_33_fu_530_p2    |     +    |      0|  0|  36|          29|          29|
    |add_ln703_34_fu_609_p2    |     +    |      0|  0|  37|          30|          30|
    |add_ln703_35_fu_619_p2    |     +    |      0|  0|   9|          38|          38|
    |add_ln703_fu_600_p2       |     +    |      0|  0|   9|          38|          38|
    |sub_ln124_fu_314_p2       |     -    |      0|  0|   9|           9|           9|
    |sub_ln701_1_fu_393_p2     |     -    |      0|  0|  15|           1|           8|
    |sub_ln701_2_fu_420_p2     |     -    |      0|  0|  15|           1|           8|
    |sub_ln701_3_fu_486_p2     |     -    |      0|  0|  15|           1|           8|
    |sub_ln701_fu_351_p2       |     -    |      0|  0|  15|           1|           8|
    |and_ln129_1_fu_568_p2     |    and   |      0|  0|   2|           1|           1|
    |and_ln129_2_fu_431_p2     |    and   |      0|  0|   2|           1|           1|
    |and_ln129_3_fu_497_p2     |    and   |      0|  0|   2|           1|           1|
    |and_ln129_fu_362_p2       |    and   |      0|  0|   2|           1|           1|
    |icmp_ln120_fu_242_p2      |   icmp   |      0|  0|  11|           8|           8|
    |icmp_ln121_1_fu_625_p2    |   icmp   |      0|  0|   9|           3|           3|
    |icmp_ln121_fu_260_p2      |   icmp   |      0|  0|   9|           3|           3|
    |icmp_ln128_1_fu_552_p2    |   icmp   |      0|  0|   8|           2|           1|
    |icmp_ln128_2_fu_408_p2    |   icmp   |      0|  0|   8|           2|           1|
    |icmp_ln128_3_fu_474_p2    |   icmp   |      0|  0|   8|           2|           1|
    |icmp_ln128_fu_339_p2      |   icmp   |      0|  0|   8|           2|           1|
    |icmp_ln129_1_fu_557_p2    |   icmp   |      0|  0|   9|           2|           3|
    |icmp_ln129_2_fu_414_p2    |   icmp   |      0|  0|   9|           2|           3|
    |icmp_ln129_3_fu_480_p2    |   icmp   |      0|  0|   9|           2|           3|
    |icmp_ln129_fu_345_p2      |   icmp   |      0|  0|   9|           2|           3|
    |select_ln124_1_fu_282_p3  |  select  |      0|  0|   5|           1|           5|
    |select_ln124_fu_266_p3    |  select  |      0|  0|   3|           1|           1|
    |select_ln128_1_fu_574_p3  |  select  |      0|  0|   8|           1|           8|
    |select_ln128_2_fu_437_p3  |  select  |      0|  0|   8|           1|           8|
    |select_ln128_3_fu_503_p3  |  select  |      0|  0|   8|           1|           8|
    |select_ln128_fu_368_p3    |  select  |      0|  0|   8|           1|           8|
    |select_ln129_1_fu_581_p3  |  select  |      0|  0|   8|           1|           8|
    |select_ln129_2_fu_444_p3  |  select  |      0|  0|   8|           1|           8|
    |select_ln129_3_fu_510_p3  |  select  |      0|  0|   8|           1|           8|
    |select_ln129_fu_375_p3    |  select  |      0|  0|   8|           1|           8|
    |ap_enable_pp0             |    xor   |      0|  0|   2|           1|           2|
    |xor_ln128_1_fu_562_p2     |    xor   |      0|  0|   2|           1|           2|
    |xor_ln128_2_fu_425_p2     |    xor   |      0|  0|   2|           1|           2|
    |xor_ln128_3_fu_491_p2     |    xor   |      0|  0|   2|           1|           2|
    |xor_ln128_fu_356_p2       |    xor   |      0|  0|   2|           1|           2|
    +--------------------------+----------+-------+---+----+------------+------------+
    |Total                     |          |      4|  0| 425|         242|         346|
    +--------------------------+----------+-------+---+----+------------+------------+

    * Multiplexer: 
    +-----------------------------------------+----+-----------+-----+-----------+
    |                   Name                  | LUT| Input Size| Bits| Total Bits|
    +-----------------------------------------+----+-----------+-----+-----------+
    |ap_NS_fsm                                |  33|          6|    1|          6|
    |ap_enable_reg_pp0_iter28                 |   9|          2|    1|          2|
    |ap_phi_mux_indvar_flatten_phi_fu_194_p4  |   9|          2|    8|         16|
    |ap_phi_mux_j_0_0_phi_fu_205_p4           |   9|          2|    5|         10|
    |ap_phi_mux_ko_0_0_phi_fu_217_p4          |   9|          2|    3|          6|
    |indvar_flatten_reg_190                   |   9|          2|    8|         16|
    |j_0_0_reg_201                            |   9|          2|    5|         10|
    |ko_0_0_reg_213                           |   9|          2|    3|          6|
    |output_0_V_address0                      |  15|          3|    5|         15|
    +-----------------------------------------+----+-----------+-----+-----------+
    |Total                                    | 111|         23|   39|         87|
    +-----------------------------------------+----+-----------+-----+-----------+

    * Register: 
    +--------------------------+----+----+-----+-----------+
    |           Name           | FF | LUT| Bits| Const Bits|
    +--------------------------+----+----+-----+-----------+
    |add_ln120_1_reg_656       |   8|   0|    8|          0|
    |add_ln120_reg_661         |   5|   0|    5|          0|
    |add_ln121_reg_760         |   3|   0|    3|          0|
    |add_ln703_33_reg_755      |   9|   0|   29|         20|
    |add_ln703_35_reg_766      |  38|   0|   38|          0|
    |ap_CS_fsm                 |   5|   0|    5|          0|
    |ap_enable_reg_pp0_iter0   |   1|   0|    1|          0|
    |ap_enable_reg_pp0_iter1   |   1|   0|    1|          0|
    |ap_enable_reg_pp0_iter10  |   1|   0|    1|          0|
    |ap_enable_reg_pp0_iter11  |   1|   0|    1|          0|
    |ap_enable_reg_pp0_iter12  |   1|   0|    1|          0|
    |ap_enable_reg_pp0_iter13  |   1|   0|    1|          0|
    |ap_enable_reg_pp0_iter14  |   1|   0|    1|          0|
    |ap_enable_reg_pp0_iter15  |   1|   0|    1|          0|
    |ap_enable_reg_pp0_iter16  |   1|   0|    1|          0|
    |ap_enable_reg_pp0_iter17  |   1|   0|    1|          0|
    |ap_enable_reg_pp0_iter18  |   1|   0|    1|          0|
    |ap_enable_reg_pp0_iter19  |   1|   0|    1|          0|
    |ap_enable_reg_pp0_iter2   |   1|   0|    1|          0|
    |ap_enable_reg_pp0_iter20  |   1|   0|    1|          0|
    |ap_enable_reg_pp0_iter21  |   1|   0|    1|          0|
    |ap_enable_reg_pp0_iter22  |   1|   0|    1|          0|
    |ap_enable_reg_pp0_iter23  |   1|   0|    1|          0|
    |ap_enable_reg_pp0_iter24  |   1|   0|    1|          0|
    |ap_enable_reg_pp0_iter25  |   1|   0|    1|          0|
    |ap_enable_reg_pp0_iter26  |   1|   0|    1|          0|
    |ap_enable_reg_pp0_iter27  |   1|   0|    1|          0|
    |ap_enable_reg_pp0_iter28  |   1|   0|    1|          0|
    |ap_enable_reg_pp0_iter3   |   1|   0|    1|          0|
    |ap_enable_reg_pp0_iter4   |   1|   0|    1|          0|
    |ap_enable_reg_pp0_iter5   |   1|   0|    1|          0|
    |ap_enable_reg_pp0_iter6   |   1|   0|    1|          0|
    |ap_enable_reg_pp0_iter7   |   1|   0|    1|          0|
    |ap_enable_reg_pp0_iter8   |   1|   0|    1|          0|
    |ap_enable_reg_pp0_iter9   |   1|   0|    1|          0|
    |icmp_ln120_reg_652        |   1|   0|    1|          0|
    |icmp_ln121_1_reg_772      |   1|   0|    1|          0|
    |icmp_ln121_reg_666        |   1|   0|    1|          0|
    |indvar_flatten_reg_190    |   8|   0|    8|          0|
    |input_0_0_V_load_reg_709  |   8|   0|    8|          0|
    |input_1_0_V_load_reg_715  |   8|   0|    8|          0|
    |input_2_0_V_load_reg_721  |   8|   0|    8|          0|
    |input_3_0_V_load_reg_727  |   8|   0|    8|          0|
    |j_0_0_reg_201             |   5|   0|    5|          0|
    |ko_0_0_reg_213            |   3|   0|    3|          0|
    |output_0_V_addr_reg_733   |   5|   0|    5|          0|
    |select_ln124_1_reg_698    |   5|   0|    5|          0|
    |select_ln124_reg_671      |   3|   0|    3|          0|
    |select_ln129_reg_739      |   8|   0|    8|          0|
    |sext_ln1148_reg_647       |  78|   0|   78|          0|
    |sub_ln701_1_reg_750       |   8|   0|    8|          0|
    |trunc_ln126_3_reg_744     |   2|   0|    2|          0|
    |icmp_ln120_reg_652        |  64|  32|    1|          0|
    |icmp_ln121_1_reg_772      |  64|  32|    1|          0|
    |output_0_V_addr_reg_733   |  64|  32|    5|          0|
    +--------------------------+----+----+-----+-----------+
    |Total                     | 449|  96|  284|         20|
    +--------------------------+----+----+-----+-----------+



================================================================
== Interface
================================================================
* Summary: 
+-------------------------+-----+-----+------------+----------------------+--------------+
|        RTL Ports        | Dir | Bits|  Protocol  |     Source Object    |    C Type    |
+-------------------------+-----+-----+------------+----------------------+--------------+
|ap_clk                   |  in |    1| ap_ctrl_hs | linear_forward_no_mu | return value |
|ap_rst                   |  in |    1| ap_ctrl_hs | linear_forward_no_mu | return value |
|ap_start                 |  in |    1| ap_ctrl_hs | linear_forward_no_mu | return value |
|ap_done                  | out |    1| ap_ctrl_hs | linear_forward_no_mu | return value |
|ap_idle                  | out |    1| ap_ctrl_hs | linear_forward_no_mu | return value |
|ap_ready                 | out |    1| ap_ctrl_hs | linear_forward_no_mu | return value |
|input_0_0_V_address0     | out |    3|  ap_memory |      input_0_0_V     |     array    |
|input_0_0_V_ce0          | out |    1|  ap_memory |      input_0_0_V     |     array    |
|input_0_0_V_q0           |  in |    8|  ap_memory |      input_0_0_V     |     array    |
|input_1_0_V_address0     | out |    3|  ap_memory |      input_1_0_V     |     array    |
|input_1_0_V_ce0          | out |    1|  ap_memory |      input_1_0_V     |     array    |
|input_1_0_V_q0           |  in |    8|  ap_memory |      input_1_0_V     |     array    |
|input_2_0_V_address0     | out |    3|  ap_memory |      input_2_0_V     |     array    |
|input_2_0_V_ce0          | out |    1|  ap_memory |      input_2_0_V     |     array    |
|input_2_0_V_q0           |  in |    8|  ap_memory |      input_2_0_V     |     array    |
|input_3_0_V_address0     | out |    3|  ap_memory |      input_3_0_V     |     array    |
|input_3_0_V_ce0          | out |    1|  ap_memory |      input_3_0_V     |     array    |
|input_3_0_V_q0           |  in |    8|  ap_memory |      input_3_0_V     |     array    |
|output_0_V_address0      | out |    5|  ap_memory |      output_0_V      |     array    |
|output_0_V_ce0           | out |    1|  ap_memory |      output_0_V      |     array    |
|output_0_V_we0           | out |    1|  ap_memory |      output_0_V      |     array    |
|output_0_V_d0            | out |   38|  ap_memory |      output_0_V      |     array    |
|output_0_V_q0            |  in |   38|  ap_memory |      output_0_V      |     array    |
|output_0_V_address1      | out |    5|  ap_memory |      output_0_V      |     array    |
|output_0_V_ce1           | out |    1|  ap_memory |      output_0_V      |     array    |
|output_0_V_we1           | out |    1|  ap_memory |      output_0_V      |     array    |
|output_0_V_d1            | out |   38|  ap_memory |      output_0_V      |     array    |
|scales_0_V_read          |  in |   38|   ap_none  |    scales_0_V_read   |    scalar    |
|packed_weights_address0  | out |    8|  ap_memory |    packed_weights    |     array    |
|packed_weights_ce0       | out |    1|  ap_memory |    packed_weights    |     array    |
|packed_weights_q0        |  in |    8|  ap_memory |    packed_weights    |     array    |
|w_scale_V                |  in |   26|   ap_none  |       w_scale_V      |    scalar    |
+-------------------------+-----+-----+------------+----------------------+--------------+

