

================================================================
== Vivado HLS Report for 'quantize_activation'
================================================================
* Date:           Sun Dec  8 18:27:18 2024

* Version:        2019.2 (Build 2704478 on Wed Nov 06 22:10:23 MST 2019)
* Project:        attention_64th.prj
* Solution:       solution1
* Product family: zynq
* Target device:  xc7z020-clg484-1


================================================================
== Performance Estimates
================================================================
+ Timing: 
    * Summary: 
    +--------+----------+----------+------------+
    |  Clock |  Target  | Estimated| Uncertainty|
    +--------+----------+----------+------------+
    |ap_clk  | 10.00 ns | 8.690 ns |   1.25 ns  |
    +--------+----------+----------+------------+

+ Latency: 
    * Summary: 
    +---------+---------+----------+----------+-----+-----+---------+
    |  Latency (cycles) |  Latency (absolute) |  Interval | Pipeline|
    |   min   |   max   |    min   |    max   | min | max |   Type  |
    +---------+---------+----------+----------+-----+-----+---------+
    |      158|      158| 1.580 us | 1.580 us |  158|  158|   none  |
    +---------+---------+----------+----------+-----+-----+---------+

    + Detail: 
        * Instance: 
        N/A

        * Loop: 
        +------------------------------+---------+---------+----------+-----------+-----------+------+----------+
        |                              |  Latency (cycles) | Iteration|  Initiation Interval  | Trip |          |
        |           Loop Name          |   min   |   max   |  Latency |  achieved |   target  | Count| Pipelined|
        +------------------------------+---------+---------+----------+-----------+-----------+------+----------+
        |- QUANTIZE_ACTIVATION_LOOP_2  |       69|       69|         3|          -|          -|    23|    no    |
        |- QUANTIZE_ACTIVATION_LOOP_3  |       36|       36|         6|          -|          -|     6|    no    |
        +------------------------------+---------+---------+----------+-----------+-----------+------+----------+



================================================================
== Utilization Estimates
================================================================
* Summary: 
+-----------------+---------+-------+--------+-------+-----+
|       Name      | BRAM_18K| DSP48E|   FF   |  LUT  | URAM|
+-----------------+---------+-------+--------+-------+-----+
|DSP              |        -|      -|       -|      -|    -|
|Expression       |        -|     20|       0|   1234|    -|
|FIFO             |        -|      -|       -|      -|    -|
|Instance         |        -|      -|     575|    347|    -|
|Memory           |        -|      -|       -|      -|    -|
|Multiplexer      |        -|      -|       -|    352|    -|
|Register         |        -|      -|     612|      -|    -|
+-----------------+---------+-------+--------+-------+-----+
|Total            |        0|     20|    1187|   1933|    0|
+-----------------+---------+-------+--------+-------+-----+
|Available        |      280|    220|  106400|  53200|    0|
+-----------------+---------+-------+--------+-------+-----+
|Utilization (%)  |        0|      9|       1|      3|    0|
+-----------------+---------+-------+--------+-------+-----+

+ Detail: 
    * Instance: 
    +-------------------------+----------------------+---------+-------+-----+-----+-----+
    |         Instance        |        Module        | BRAM_18K| DSP48E|  FF | LUT | URAM|
    +-------------------------+----------------------+---------+-------+-----+-----+-----+
    |dut_udiv_47s_37nsdEe_U8  |dut_udiv_47s_37nsdEe  |        0|      0|  575|  347|    0|
    +-------------------------+----------------------+---------+-------+-----+-----+-----+
    |Total                    |                      |        0|      0|  575|  347|    0|
    +-------------------------+----------------------+---------+-------+-----+-----+-----+

    * DSP48E: 
    N/A

    * Memory: 
    N/A

    * FIFO: 
    N/A

    * Expression: 
    +--------------------------+----------+-------+---+----+------------+------------+
    |       Variable Name      | Operation| DSP48E| FF| LUT| Bitwidth P0| Bitwidth P1|
    +--------------------------+----------+-------+---+----+------------+------------+
    |mul_ln1118_1_fu_409_p2    |     *    |      5|  0|  27|          38|          38|
    |mul_ln1118_2_fu_584_p2    |     *    |      5|  0|  27|          38|          38|
    |mul_ln1118_3_fu_603_p2    |     *    |      5|  0|  27|          38|          38|
    |mul_ln1118_fu_390_p2      |     *    |      5|  0|  27|          38|          38|
    |add_ln67_1_fu_515_p2      |     +    |      0|  0|  45|          38|          38|
    |add_ln67_2_fu_701_p2      |     +    |      0|  0|  45|          38|          38|
    |add_ln67_3_fu_779_p2      |     +    |      0|  0|  45|          38|          38|
    |add_ln67_fu_437_p2        |     +    |      0|  0|  45|          38|          38|
    |add_ln700_1_fu_548_p2     |     +    |      0|  0|  25|           1|          18|
    |add_ln700_2_fu_734_p2     |     +    |      0|  0|  25|           1|          18|
    |add_ln700_3_fu_812_p2     |     +    |      0|  0|  25|           1|          18|
    |add_ln700_fu_470_p2       |     +    |      0|  0|  25|           1|          18|
    |add_ln87_fu_276_p2        |     +    |      0|  0|  15|           5|           1|
    |add_ln94_fu_336_p2        |     +    |      0|  0|  12|           3|           1|
    |grp_fu_241_p2             |     -    |      0|  0|  45|           1|          38|
    |icmp_ln1494_32_fu_286_p2  |   icmp   |      0|  0|  21|          38|           4|
    |icmp_ln1494_33_fu_424_p2  |   icmp   |      0|  0|  21|          38|           1|
    |icmp_ln1494_34_fu_502_p2  |   icmp   |      0|  0|  21|          38|           1|
    |icmp_ln1494_35_fu_688_p2  |   icmp   |      0|  0|  21|          38|           1|
    |icmp_ln1494_36_fu_766_p2  |   icmp   |      0|  0|  21|          38|           1|
    |icmp_ln1494_fu_310_p2     |   icmp   |      0|  0|  21|          38|          38|
    |icmp_ln851_1_fu_542_p2    |   icmp   |      0|  0|  18|          20|           1|
    |icmp_ln851_2_fu_728_p2    |   icmp   |      0|  0|  18|          20|           1|
    |icmp_ln851_3_fu_806_p2    |   icmp   |      0|  0|  18|          20|           1|
    |icmp_ln851_fu_464_p2      |   icmp   |      0|  0|  18|          20|           1|
    |icmp_ln87_fu_265_p2       |   icmp   |      0|  0|  11|           5|           5|
    |icmp_ln887_1_fu_653_p2    |   icmp   |      0|  0|  18|          18|           9|
    |icmp_ln887_2_fu_852_p2    |   icmp   |      0|  0|  18|          18|           9|
    |icmp_ln887_3_fu_888_p2    |   icmp   |      0|  0|  18|          18|           9|
    |icmp_ln887_fu_618_p2      |   icmp   |      0|  0|  18|          18|           9|
    |icmp_ln895_1_fu_658_p2    |   icmp   |      0|  0|  13|          11|           1|
    |icmp_ln895_2_fu_857_p2    |   icmp   |      0|  0|  13|          11|           1|
    |icmp_ln895_3_fu_893_p2    |   icmp   |      0|  0|  13|          11|           1|
    |icmp_ln895_fu_623_p2      |   icmp   |      0|  0|  13|          11|           1|
    |icmp_ln94_fu_330_p2       |   icmp   |      0|  0|   9|           3|           3|
    |or_ln887_1_fu_674_p2      |    or    |      0|  0|   2|           1|           1|
    |or_ln887_2_fu_873_p2      |    or    |      0|  0|   2|           1|           1|
    |or_ln887_3_fu_909_p2      |    or    |      0|  0|   2|           1|           1|
    |or_ln887_fu_639_p2        |    or    |      0|  0|   2|           1|           1|
    |or_ln98_1_fu_366_p2       |    or    |      0|  0|   5|           5|           2|
    |or_ln98_2_fu_376_p2       |    or    |      0|  0|   5|           5|           2|
    |or_ln98_fu_355_p2         |    or    |      0|  0|   5|           5|           1|
    |grp_fu_247_p3             |  select  |      0|  0|  38|           1|          38|
    |output_states_2_0_V_d0    |  select  |      0|  0|   8|           1|           8|
    |output_states_3_0_V_d0    |  select  |      0|  0|   8|           1|           8|
    |p_Val2_16_fu_315_p3       |  select  |      0|  0|  38|           1|          38|
    |select_ln60_fu_292_p3     |  select  |      0|  0|  37|           1|          37|
    |select_ln67_1_fu_507_p3   |  select  |      0|  0|  21|           1|          20|
    |select_ln67_2_fu_693_p3   |  select  |      0|  0|  21|           1|          20|
    |select_ln67_3_fu_771_p3   |  select  |      0|  0|  21|           1|          20|
    |select_ln67_fu_429_p3     |  select  |      0|  0|  21|           1|          20|
    |select_ln850_1_fu_562_p3  |  select  |      0|  0|  18|           1|          18|
    |select_ln850_2_fu_748_p3  |  select  |      0|  0|  18|           1|          18|
    |select_ln850_3_fu_826_p3  |  select  |      0|  0|  18|           1|          18|
    |select_ln850_fu_484_p3    |  select  |      0|  0|  18|           1|          18|
    |select_ln851_1_fu_554_p3  |  select  |      0|  0|  18|           1|          18|
    |select_ln851_2_fu_740_p3  |  select  |      0|  0|  18|           1|          18|
    |select_ln851_3_fu_818_p3  |  select  |      0|  0|  18|           1|          18|
    |select_ln851_fu_476_p3    |  select  |      0|  0|  18|           1|          18|
    |select_ln887_1_fu_645_p3  |  select  |      0|  0|   8|           1|           8|
    |select_ln887_2_fu_666_p3  |  select  |      0|  0|   9|           1|           9|
    |select_ln887_3_fu_680_p3  |  select  |      0|  0|   8|           1|           8|
    |select_ln887_4_fu_865_p3  |  select  |      0|  0|   9|           1|           9|
    |select_ln887_6_fu_901_p3  |  select  |      0|  0|   9|           1|           9|
    |select_ln887_fu_631_p3    |  select  |      0|  0|   9|           1|           9|
    +--------------------------+----------+-------+---+----+------------+------------+
    |Total                     |          |     20|  0|1234|         791|         928|
    +--------------------------+----------+-------+---+----+------------+------------+

    * Multiplexer: 
    +-----------------------+-----+-----------+-----+-----------+
    |          Name         | LUT | Input Size| Bits| Total Bits|
    +-----------------------+-----+-----------+-----+-----------+
    |ap_NS_fsm              |  265|         62|    1|         62|
    |input_0_V_address0     |   27|          5|    5|         25|
    |input_0_V_address1     |   15|          3|    5|         15|
    |j_0_0_reg_210          |    9|          2|    5|         10|
    |jo_0_0_reg_221         |    9|          2|    3|          6|
    |max_val_V_0_0_reg_200  |    9|          2|   38|         76|
    |reg_255                |    9|          2|   38|         76|
    |reg_260                |    9|          2|   38|         76|
    +-----------------------+-----+-----------+-----+-----------+
    |Total                  |  352|         80|  133|        346|
    +-----------------------+-----+-----------+-----+-----------+

    * Register: 
    +-------------------------+----+----+-----+-----------+
    |           Name          | FF | LUT| Bits| Const Bits|
    +-------------------------+----+----+-----+-----------+
    |add_ln87_reg_942         |   5|   0|    5|          0|
    |add_ln94_reg_978         |   3|   0|    3|          0|
    |ap_CS_fsm                |  61|   0|   61|          0|
    |j_0_0_reg_210            |   5|   0|    5|          0|
    |jo_0_0_reg_221           |   3|   0|    3|          0|
    |max_val_V_0_0_reg_200    |  38|   0|   38|          0|
    |p_Val2_15_reg_952        |  38|   0|   38|          0|
    |p_Val2_17_reg_1015       |  38|   0|   38|          0|
    |p_Val2_18_reg_1043       |  38|   0|   38|          0|
    |p_Val2_19_reg_1049       |  38|   0|   38|          0|
    |p_Val2_9_reg_1009        |  38|   0|   38|          0|
    |reg_255                  |  38|   0|   38|          0|
    |reg_260                  |  38|   0|   38|          0|
    |select_ln850_1_reg_1032  |  18|   0|   18|          0|
    |select_ln850_2_reg_1065  |  18|   0|   18|          0|
    |select_ln850_3_reg_1076  |  18|   0|   18|          0|
    |select_ln850_reg_1021    |  18|   0|   18|          0|
    |select_ln887_1_reg_1055  |   8|   0|    8|          0|
    |select_ln887_3_reg_1060  |   8|   0|    8|          0|
    |sext_ln94_reg_967        |  58|   0|   58|          0|
    |shl_ln_reg_983           |   3|   0|    5|          2|
    |tmp_75_reg_1027          |  11|   0|   11|          0|
    |tmp_77_reg_1038          |  11|   0|   11|          0|
    |tmp_79_reg_1071          |  11|   0|   11|          0|
    |tmp_81_reg_1082          |  11|   0|   11|          0|
    |trunc_ln703_reg_963      |  38|   0|   38|          0|
    +-------------------------+----+----+-----+-----------+
    |Total                    | 612|   0|  614|          2|
    +-------------------------+----+----+-----+-----------+



================================================================
== Interface
================================================================
* Summary: 
+------------------------------+-----+-----+------------+---------------------+--------------+
|           RTL Ports          | Dir | Bits|  Protocol  |    Source Object    |    C Type    |
+------------------------------+-----+-----+------------+---------------------+--------------+
|ap_clk                        |  in |    1| ap_ctrl_hs | quantize_activation | return value |
|ap_rst                        |  in |    1| ap_ctrl_hs | quantize_activation | return value |
|ap_start                      |  in |    1| ap_ctrl_hs | quantize_activation | return value |
|ap_done                       | out |    1| ap_ctrl_hs | quantize_activation | return value |
|ap_idle                       | out |    1| ap_ctrl_hs | quantize_activation | return value |
|ap_ready                      | out |    1| ap_ctrl_hs | quantize_activation | return value |
|ap_return                     | out |   38| ap_ctrl_hs | quantize_activation | return value |
|input_0_V_address0            | out |    5|  ap_memory |      input_0_V      |     array    |
|input_0_V_ce0                 | out |    1|  ap_memory |      input_0_V      |     array    |
|input_0_V_q0                  |  in |   38|  ap_memory |      input_0_V      |     array    |
|input_0_V_address1            | out |    5|  ap_memory |      input_0_V      |     array    |
|input_0_V_ce1                 | out |    1|  ap_memory |      input_0_V      |     array    |
|input_0_V_q1                  |  in |   38|  ap_memory |      input_0_V      |     array    |
|output_states_0_0_V_address0  | out |    3|  ap_memory | output_states_0_0_V |     array    |
|output_states_0_0_V_ce0       | out |    1|  ap_memory | output_states_0_0_V |     array    |
|output_states_0_0_V_we0       | out |    1|  ap_memory | output_states_0_0_V |     array    |
|output_states_0_0_V_d0        | out |    8|  ap_memory | output_states_0_0_V |     array    |
|output_states_1_0_V_address0  | out |    3|  ap_memory | output_states_1_0_V |     array    |
|output_states_1_0_V_ce0       | out |    1|  ap_memory | output_states_1_0_V |     array    |
|output_states_1_0_V_we0       | out |    1|  ap_memory | output_states_1_0_V |     array    |
|output_states_1_0_V_d0        | out |    8|  ap_memory | output_states_1_0_V |     array    |
|output_states_2_0_V_address0  | out |    3|  ap_memory | output_states_2_0_V |     array    |
|output_states_2_0_V_ce0       | out |    1|  ap_memory | output_states_2_0_V |     array    |
|output_states_2_0_V_we0       | out |    1|  ap_memory | output_states_2_0_V |     array    |
|output_states_2_0_V_d0        | out |    8|  ap_memory | output_states_2_0_V |     array    |
|output_states_3_0_V_address0  | out |    3|  ap_memory | output_states_3_0_V |     array    |
|output_states_3_0_V_ce0       | out |    1|  ap_memory | output_states_3_0_V |     array    |
|output_states_3_0_V_we0       | out |    1|  ap_memory | output_states_3_0_V |     array    |
|output_states_3_0_V_d0        | out |    8|  ap_memory | output_states_3_0_V |     array    |
+------------------------------+-----+-----+------------+---------------------+--------------+

