

================================================================
== Vivado HLS Report for 'softmax_1_2_6_s'
================================================================
* Date:           Sun Dec  8 18:27:21 2024

* Version:        2019.2 (Build 2704478 on Wed Nov 06 22:10:23 MST 2019)
* Project:        attention_64th.prj
* Solution:       solution1
* Product family: zynq
* Target device:  xc7z020-clg484-1


================================================================
== Performance Estimates
================================================================
+ Timing: 
    * Summary: 
    +--------+----------+----------+------------+
    |  Clock |  Target  | Estimated| Uncertainty|
    +--------+----------+----------+------------+
    |ap_clk  | 10.00 ns | 8.625 ns |   1.25 ns  |
    +--------+----------+----------+------------+

+ Latency: 
    * Summary: 
    +---------+---------+----------+----------+-----+-----+---------+
    |  Latency (cycles) |  Latency (absolute) |  Interval | Pipeline|
    |   min   |   max   |    min   |    max   | min | max |   Type  |
    +---------+---------+----------+----------+-----+-----+---------+
    |      967|      967| 9.670 us | 9.670 us |  967|  967|   none  |
    +---------+---------+----------+----------+-----+-----+---------+

    + Detail: 
        * Instance: 
        +------------------------+-------------+---------+---------+----------+----------+-----+-----+----------+
        |                        |             |  Latency (cycles) |  Latency (absolute) |  Interval | Pipeline |
        |        Instance        |    Module   |   min   |   max   |    min   |    max   | min | max |   Type   |
        +------------------------+-------------+---------+---------+----------+----------+-----+-----+----------+
        |grp_exp_38_18_s_fu_169  |exp_38_18_s  |       11|       11| 0.110 us | 0.110 us |    1|    1| function |
        +------------------------+-------------+---------+---------+----------+----------+-----+-----+----------+

        * Loop: 
        +-------------------+---------+---------+----------+-----------+-----------+------+----------+
        |                   |  Latency (cycles) | Iteration|  Initiation Interval  | Trip |          |
        |     Loop Name     |   min   |   max   |  Latency |  achieved |   target  | Count| Pipelined|
        +-------------------+---------+---------+----------+-----------+-----------+------+----------+
        |- SOFTMAX_LOOP_1   |      966|      966|       483|          -|          -|     2|    no    |
        | + SOFTMAX_LOOP_3  |       10|       10|         2|          -|          -|     5|    no    |
        | + SOFTMAX_LOOP_4  |       90|       90|        15|          -|          -|     6|    no    |
        | + SOFTMAX_LOOP_5  |      378|      378|        63|          -|          -|     6|    no    |
        +-------------------+---------+---------+----------+-----------+-----------+------+----------+



================================================================
== Utilization Estimates
================================================================
* Summary: 
+-----------------+---------+-------+--------+-------+-----+
|       Name      | BRAM_18K| DSP48E|   FF   |  LUT  | URAM|
+-----------------+---------+-------+--------+-------+-----+
|DSP              |        -|      -|       -|      -|    -|
|Expression       |        -|      -|       0|    291|    -|
|FIFO             |        -|      -|       -|      -|    -|
|Instance         |       11|     25|    2485|   1518|    -|
|Memory           |        -|      -|       -|      -|    -|
|Multiplexer      |        -|      -|       -|    476|    -|
|Register         |        -|      -|     328|      -|    -|
+-----------------+---------+-------+--------+-------+-----+
|Total            |       11|     25|    2813|   2285|    0|
+-----------------+---------+-------+--------+-------+-----+
|Available        |      280|    220|  106400|  53200|    0|
+-----------------+---------+-------+--------+-------+-----+
|Utilization (%)  |        3|     11|       2|      4|    0|
+-----------------+---------+-------+--------+-------+-----+

+ Detail: 
    * Instance: 
    +--------------------------+----------------------+---------+-------+------+------+-----+
    |         Instance         |        Module        | BRAM_18K| DSP48E|  FF  |  LUT | URAM|
    +--------------------------+----------------------+---------+-------+------+------+-----+
    |dut_sdiv_58ns_38svdy_U61  |dut_sdiv_58ns_38svdy  |        0|      0|   707|   427|    0|
    |grp_exp_38_18_s_fu_169    |exp_38_18_s           |       11|     25|  1778|  1091|    0|
    +--------------------------+----------------------+---------+-------+------+------+-----+
    |Total                     |                      |       11|     25|  2485|  1518|    0|
    +--------------------------+----------------------+---------+-------+------+------+-----+

    * DSP48E: 
    N/A

    * Memory: 
    N/A

    * FIFO: 
    N/A

    * Expression: 
    +------------------------+----------+-------+---+----+------------+------------+
    |      Variable Name     | Operation| DSP48E| FF| LUT| Bitwidth P0| Bitwidth P1|
    +------------------------+----------+-------+---+----+------------+------------+
    |add_ln1265_1_fu_326_p2  |     +    |      0|  0|  15|           5|           5|
    |add_ln1265_fu_285_p2    |     +    |      0|  0|  15|           5|           5|
    |add_ln1494_fu_239_p2    |     +    |      0|  0|  15|           5|           5|
    |add_ln270_fu_249_p2     |     +    |      0|  0|  12|           3|           1|
    |add_ln273_fu_275_p2     |     +    |      0|  0|  12|           3|           1|
    |add_ln278_fu_316_p2     |     +    |      0|  0|  12|           3|           1|
    |add_ln703_fu_305_p2     |     +    |      0|  0|  45|          38|          38|
    |i_fu_192_p2             |     +    |      0|  0|  10|           2|           1|
    |sub_ln203_fu_218_p2     |     -    |      0|  0|  15|           5|           5|
    |sub_ln703_fu_299_p2     |     -    |      0|  0|  45|          38|          38|
    |icmp_ln1494_fu_255_p2   |   icmp   |      0|  0|  21|          38|          38|
    |icmp_ln267_fu_186_p2    |   icmp   |      0|  0|   9|           2|           3|
    |icmp_ln270_fu_229_p2    |   icmp   |      0|  0|   9|           3|           3|
    |icmp_ln273_fu_269_p2    |   icmp   |      0|  0|   9|           3|           3|
    |icmp_ln278_fu_310_p2    |   icmp   |      0|  0|   9|           3|           3|
    |select_ln271_fu_261_p3  |  select  |      0|  0|  38|           1|          38|
    +------------------------+----------+-------+---+----+------------+------------+
    |Total                   |          |      0|  0| 291|         157|         188|
    +------------------------+----------+-------+---+----+------------+------------+

    * Multiplexer: 
    +---------------------+-----+-----------+-----+-----------+
    |         Name        | LUT | Input Size| Bits| Total Bits|
    +---------------------+-----+-----------+-----+-----------+
    |ap_NS_fsm            |  369|         84|    1|         84|
    |i_0_reg_103          |    9|          2|    2|          4|
    |input_0_V_address0   |   38|          7|    4|         28|
    |input_0_V_d0         |   15|          3|   38|        114|
    |k1_0_0_reg_147       |    9|          2|    3|          6|
    |k2_0_0_reg_158       |    9|          2|    3|          6|
    |k_0_0_reg_124        |    9|          2|    3|          6|
    |p_Val2_33_0_reg_114  |    9|          2|   38|         76|
    |p_Val2_34_0_reg_135  |    9|          2|   38|         76|
    +---------------------+-----+-----------+-----+-----------+
    |Total                |  476|        106|  130|        400|
    +---------------------+-----+-----------+-----+-----------+

    * Register: 
    +-------------------------------------+----+----+-----+-----------+
    |                 Name                | FF | LUT| Bits| Const Bits|
    +-------------------------------------+----+----+-----+-----------+
    |add_ln270_reg_387                    |   3|   0|    3|          0|
    |add_ln273_reg_400                    |   3|   0|    3|          0|
    |add_ln278_reg_434                    |   3|   0|    3|          0|
    |agg_result_V_i_reg_420               |  38|   0|   38|          0|
    |ap_CS_fsm                            |  83|   0|   83|          0|
    |grp_exp_38_18_s_fu_169_ap_start_reg  |   1|   0|    1|          0|
    |i_0_reg_103                          |   2|   0|    2|          0|
    |i_reg_357                            |   2|   0|    2|          0|
    |input_0_V_addr_2_reg_405             |   4|   0|    4|          0|
    |input_0_V_addr_3_reg_439             |   4|   0|    4|          0|
    |k1_0_0_reg_147                       |   3|   0|    3|          0|
    |k2_0_0_reg_158                       |   3|   0|    3|          0|
    |k_0_0_reg_124                        |   3|   0|    3|          0|
    |p_Val2_33_0_reg_114                  |  38|   0|   38|          0|
    |p_Val2_34_0_reg_135                  |  38|   0|   38|          0|
    |sext_ln1148_reg_410                  |  58|   0|   58|          0|
    |sub_ln203_reg_362                    |   4|   0|    5|          1|
    |sub_ln703_reg_415                    |  38|   0|   38|          0|
    +-------------------------------------+----+----+-----+-----------+
    |Total                                | 328|   0|  329|          1|
    +-------------------------------------+----+----+-----+-----------+



================================================================
== Interface
================================================================
* Summary: 
+--------------------+-----+-----+------------+------------------+--------------+
|      RTL Ports     | Dir | Bits|  Protocol  |   Source Object  |    C Type    |
+--------------------+-----+-----+------------+------------------+--------------+
|ap_clk              |  in |    1| ap_ctrl_hs | softmax<1, 2, 6> | return value |
|ap_rst              |  in |    1| ap_ctrl_hs | softmax<1, 2, 6> | return value |
|ap_start            |  in |    1| ap_ctrl_hs | softmax<1, 2, 6> | return value |
|ap_done             | out |    1| ap_ctrl_hs | softmax<1, 2, 6> | return value |
|ap_idle             | out |    1| ap_ctrl_hs | softmax<1, 2, 6> | return value |
|ap_ready            | out |    1| ap_ctrl_hs | softmax<1, 2, 6> | return value |
|input_0_V_address0  | out |    4|  ap_memory |     input_0_V    |     array    |
|input_0_V_ce0       | out |    1|  ap_memory |     input_0_V    |     array    |
|input_0_V_we0       | out |    1|  ap_memory |     input_0_V    |     array    |
|input_0_V_d0        | out |   38|  ap_memory |     input_0_V    |     array    |
|input_0_V_q0        |  in |   38|  ap_memory |     input_0_V    |     array    |
+--------------------+-----+-----+------------+------------------+--------------+

