

================================================================
== Vivado HLS Report for 'GEMM_3D_float'
================================================================
* Date:           Fri Nov 29 11:43:05 2024

* Version:        2019.2 (Build 2704478 on Wed Nov 06 22:10:23 MST 2019)
* Project:        attention_16th.prj
* Solution:       solution1
* Product family: zynq
* Target device:  xc7z020-clg484-1


================================================================
== Performance Estimates
================================================================
+ Timing: 
    * Summary: 
    +--------+----------+----------+------------+
    |  Clock |  Target  | Estimated| Uncertainty|
    +--------+----------+----------+------------+
    |ap_clk  | 10.00 ns | 8.510 ns |   1.25 ns  |
    +--------+----------+----------+------------+

+ Latency: 
    * Summary: 
    +---------+---------+-----------+-----------+------+------+---------+
    |  Latency (cycles) |   Latency (absolute)  |   Interval  | Pipeline|
    |   min   |   max   |    min    |    max    |  min |  max |   Type  |
    +---------+---------+-----------+-----------+------+------+---------+
    |     3081|     3081| 30.810 us | 30.810 us |  3081|  3081|   none  |
    +---------+---------+-----------+-----------+------+------+---------+

    + Detail: 
        * Instance: 
        N/A

        * Loop: 
        +---------------------------+---------+---------+----------+-----------+-----------+------+----------+
        |                           |  Latency (cycles) | Iteration|  Initiation Interval  | Trip |          |
        |         Loop Name         |   min   |   max   |  Latency |  achieved |   target  | Count| Pipelined|
        +---------------------------+---------+---------+----------+-----------+-----------+------+----------+
        |- GEMM_3D_FLOAT_LOOP_1     |     3080|     3080|       770|          -|          -|     4|    no    |
        | + GEMM_3D_FLOAT_LOOP_3    |      768|      768|        32|          -|          -|    24|    no    |
        |  ++ GEMM_3D_FLOAT_LOOP_4  |       30|       30|         5|          -|          -|     6|    no    |
        +---------------------------+---------+---------+----------+-----------+-----------+------+----------+



================================================================
== Utilization Estimates
================================================================
* Summary: 
+-----------------+---------+-------+--------+-------+-----+
|       Name      | BRAM_18K| DSP48E|   FF   |  LUT  | URAM|
+-----------------+---------+-------+--------+-------+-----+
|DSP              |        -|      -|       -|      -|    -|
|Expression       |        -|      5|       0|    242|    -|
|FIFO             |        -|      -|       -|      -|    -|
|Instance         |        -|      -|       -|      -|    -|
|Memory           |        -|      -|       -|      -|    -|
|Multiplexer      |        -|      -|       -|     80|    -|
|Register         |        -|      -|     249|      -|    -|
+-----------------+---------+-------+--------+-------+-----+
|Total            |        0|      5|     249|    322|    0|
+-----------------+---------+-------+--------+-------+-----+
|Available        |      280|    220|  106400|  53200|    0|
+-----------------+---------+-------+--------+-------+-----+
|Utilization (%)  |        0|      2|   ~0   |   ~0  |    0|
+-----------------+---------+-------+--------+-------+-----+

+ Detail: 
    * Instance: 
    N/A

    * DSP48E: 
    N/A

    * Memory: 
    N/A

    * FIFO: 
    N/A

    * Expression: 
    +----------------------+----------+-------+---+----+------------+------------+
    |     Variable Name    | Operation| DSP48E| FF| LUT| Bitwidth P0| Bitwidth P1|
    +----------------------+----------+-------+---+----+------------+------------+
    |mul_ln1192_fu_312_p2  |     *    |      5|  0|  29|          40|          40|
    |add_ln1116_fu_262_p2  |     +    |      0|  0|  15|           8|           8|
    |add_ln1117_fu_293_p2  |     +    |      0|  0|  11|          11|          11|
    |add_ln1192_fu_326_p2  |     +    |      0|  0|  63|          56|          56|
    |add_ln203_fu_236_p2   |     +    |      0|  0|  15|           8|           8|
    |add_ln272_fu_222_p2   |     +    |      0|  0|  15|           5|           1|
    |add_ln274_fu_252_p2   |     +    |      0|  0|  12|           3|           1|
    |i_fu_158_p2           |     +    |      0|  0|  12|           3|           1|
    |sub_ln1116_fu_192_p2  |     -    |      0|  0|  15|           7|           7|
    |sub_ln1117_fu_287_p2  |     -    |      0|  0|  11|          11|          11|
    |sub_ln203_fu_210_p2   |     -    |      0|  0|  15|           8|           8|
    |icmp_ln270_fu_152_p2  |   icmp   |      0|  0|   9|           3|           4|
    |icmp_ln272_fu_216_p2  |   icmp   |      0|  0|  11|           5|           5|
    |icmp_ln274_fu_246_p2  |   icmp   |      0|  0|   9|           3|           3|
    +----------------------+----------+-------+---+----+------------+------------+
    |Total                 |          |      5|  0| 242|         171|         164|
    +----------------------+----------+-------+---+----+------------+------------+

    * Multiplexer: 
    +-------------------------+----+-----------+-----+-----------+
    |           Name          | LUT| Input Size| Bits| Total Bits|
    +-------------------------+----+-----------+-----+-----------+
    |ap_NS_fsm                |  44|          9|    1|          9|
    |i_0_reg_106              |   9|          2|    3|          6|
    |k_0_0_reg_117            |   9|          2|    5|         10|
    |l_0_0_reg_141            |   9|          2|    3|          6|
    |output_0_V_load_reg_128  |   9|          2|   40|         80|
    +-------------------------+----+-----------+-----+-----------+
    |Total                    |  80|         17|   52|        111|
    +-------------------------+----+-----------+-----+-----------+

    * Register: 
    +--------------------------+----+----+-----+-----------+
    |           Name           | FF | LUT| Bits| Const Bits|
    +--------------------------+----+----+-----+-----------+
    |add_ln1116_reg_385        |   8|   0|    8|          0|
    |add_ln1117_reg_390        |  11|   0|   11|          0|
    |add_ln272_reg_362         |   5|   0|    5|          0|
    |add_ln274_reg_380         |   3|   0|    3|          0|
    |ap_CS_fsm                 |   8|   0|    8|          0|
    |i_0_reg_106               |   3|   0|    3|          0|
    |i_reg_344                 |   3|   0|    3|          0|
    |input_1_0_V_load_reg_405  |  40|   0|   40|          0|
    |input_2_V_load_reg_410    |  40|   0|   40|          0|
    |k_0_0_reg_117             |   5|   0|    5|          0|
    |l_0_0_reg_141             |   3|   0|    3|          0|
    |mul_ln1192_reg_415        |  56|   0|   56|          0|
    |output_0_V_addr_reg_372   |   7|   0|    7|          0|
    |output_0_V_load_reg_128   |  40|   0|   40|          0|
    |sext_ln1116_reg_349       |   7|   0|    8|          1|
    |sub_ln203_reg_354         |   5|   0|    8|          3|
    |zext_ln203_reg_367        |   5|   0|   11|          6|
    +--------------------------+----+----+-----+-----------+
    |Total                     | 249|   0|  259|         10|
    +--------------------------+----+----+-----+-----------+



================================================================
== Interface
================================================================
* Summary: 
+----------------------+-----+-----+------------+---------------+--------------+
|       RTL Ports      | Dir | Bits|  Protocol  | Source Object |    C Type    |
+----------------------+-----+-----+------------+---------------+--------------+
|ap_clk                |  in |    1| ap_ctrl_hs | GEMM_3D_float | return value |
|ap_rst                |  in |    1| ap_ctrl_hs | GEMM_3D_float | return value |
|ap_start              |  in |    1| ap_ctrl_hs | GEMM_3D_float | return value |
|ap_done               | out |    1| ap_ctrl_hs | GEMM_3D_float | return value |
|ap_idle               | out |    1| ap_ctrl_hs | GEMM_3D_float | return value |
|ap_ready              | out |    1| ap_ctrl_hs | GEMM_3D_float | return value |
|input_1_0_V_address0  | out |    5|  ap_memory |  input_1_0_V  |     array    |
|input_1_0_V_ce0       | out |    1|  ap_memory |  input_1_0_V  |     array    |
|input_1_0_V_q0        |  in |   40|  ap_memory |  input_1_0_V  |     array    |
|input_2_V_address0    | out |   10|  ap_memory |   input_2_V   |     array    |
|input_2_V_ce0         | out |    1|  ap_memory |   input_2_V   |     array    |
|input_2_V_q0          |  in |   40|  ap_memory |   input_2_V   |     array    |
|output_0_V_address0   | out |    7|  ap_memory |   output_0_V  |     array    |
|output_0_V_ce0        | out |    1|  ap_memory |   output_0_V  |     array    |
|output_0_V_we0        | out |    1|  ap_memory |   output_0_V  |     array    |
|output_0_V_d0         | out |   40|  ap_memory |   output_0_V  |     array    |
+----------------------+-----+-----+------------+---------------+--------------+

