

================================================================
== Vivado HLS Report for 'sqrt_fixed_42_26_s'
================================================================
* Date:           Fri Nov 29 11:42:57 2024

* Version:        2019.2 (Build 2704478 on Wed Nov 06 22:10:23 MST 2019)
* Project:        attention_16th.prj
* Solution:       solution1
* Product family: zynq
* Target device:  xc7z020-clg484-1


================================================================
== Performance Estimates
================================================================
+ Timing: 
    * Summary: 
    +--------+----------+----------+------------+
    |  Clock |  Target  | Estimated| Uncertainty|
    +--------+----------+----------+------------+
    |ap_clk  | 10.00 ns | 8.731 ns |   1.25 ns  |
    +--------+----------+----------+------------+

+ Latency: 
    * Summary: 
    +---------+---------+----------+----------+-----+-----+----------+
    |  Latency (cycles) |  Latency (absolute) |  Interval | Pipeline |
    |   min   |   max   |    min   |    max   | min | max |   Type   |
    +---------+---------+----------+----------+-----+-----+----------+
    |       17|       17| 0.170 us | 0.170 us |    1|    1| function |
    +---------+---------+----------+----------+-----+-----+----------+

    + Detail: 
        * Instance: 
        N/A

        * Loop: 
        N/A



================================================================
== Utilization Estimates
================================================================
* Summary: 
+-----------------+---------+-------+--------+-------+-----+
|       Name      | BRAM_18K| DSP48E|   FF   |  LUT  | URAM|
+-----------------+---------+-------+--------+-------+-----+
|DSP              |        -|      -|       -|      -|    -|
|Expression       |        -|      -|       0|   6073|    -|
|FIFO             |        -|      -|       -|      -|    -|
|Instance         |        -|      -|       -|      -|    -|
|Memory           |        -|      -|       -|      -|    -|
|Multiplexer      |        -|      -|       -|      -|    -|
|Register         |        0|      -|    3183|    736|    -|
+-----------------+---------+-------+--------+-------+-----+
|Total            |        0|      0|    3183|   6809|    0|
+-----------------+---------+-------+--------+-------+-----+
|Available        |      280|    220|  106400|  53200|    0|
+-----------------+---------+-------+--------+-------+-----+
|Utilization (%)  |        0|      0|       2|     12|    0|
+-----------------+---------+-------+--------+-------+-----+

+ Detail: 
    * Instance: 
    N/A

    * DSP48E: 
    N/A

    * Memory: 
    N/A

    * FIFO: 
    N/A

    * Expression: 
    +----------------------------+----------+-------+---+----+------------+------------+
    |        Variable Name       | Operation| DSP48E| FF| LUT| Bitwidth P0| Bitwidth P1|
    +----------------------------+----------+-------+---+----+------------+------------+
    |add_ln703_10_fu_2786_p2     |     +    |      0|  0|  11|          17|          17|
    |add_ln703_11_fu_2791_p2     |     +    |      0|  0|  36|          29|           2|
    |add_ln703_12_fu_3002_p2     |     +    |      0|  0|  11|          17|          17|
    |add_ln703_13_fu_3008_p2     |     +    |      0|  0|  36|          29|           2|
    |add_ln703_14_fu_3215_p2     |     +    |      0|  0|  11|          17|          17|
    |add_ln703_15_fu_3220_p2     |     +    |      0|  0|  36|          29|           2|
    |add_ln703_16_fu_3426_p2     |     +    |      0|  0|  11|          17|          17|
    |add_ln703_17_fu_3431_p2     |     +    |      0|  0|  36|          29|           2|
    |add_ln703_18_fu_3619_p2     |     +    |      0|  0|  11|          17|          17|
    |add_ln703_19_fu_3624_p2     |     +    |      0|  0|  36|          29|           2|
    |add_ln703_1_fu_1704_p2      |     +    |      0|  0|  36|          29|           2|
    |add_ln703_20_fu_3831_p2     |     +    |      0|  0|  11|          17|          17|
    |add_ln703_21_fu_3836_p2     |     +    |      0|  0|  36|          29|           2|
    |add_ln703_22_fu_4009_p2     |     +    |      0|  0|  11|          17|          17|
    |add_ln703_23_fu_4015_p2     |     +    |      0|  0|  36|          29|           2|
    |add_ln703_24_fu_1429_p2     |     +    |      0|  0|  24|          17|          17|
    |add_ln703_2_fu_1823_p2      |     +    |      0|  0|  36|          29|           2|
    |add_ln703_3_fu_1948_p2      |     +    |      0|  0|  36|          29|           2|
    |add_ln703_4_fu_2072_p2      |     +    |      0|  0|  36|          29|           2|
    |add_ln703_5_fu_2197_p2      |     +    |      0|  0|  36|          29|           2|
    |add_ln703_6_fu_2316_p2      |     +    |      0|  0|  36|          29|           2|
    |add_ln703_7_fu_2441_p2      |     +    |      0|  0|  36|          29|           2|
    |add_ln703_8_fu_2581_p2      |     +    |      0|  0|  24|          17|          17|
    |add_ln703_9_fu_2586_p2      |     +    |      0|  0|  36|          29|           2|
    |add_ln703_fu_1435_p2        |     +    |      0|  0|  36|          29|           2|
    |res_FH_V_fu_4207_p2         |     +    |      0|  0|  24|          17|           1|
    |res_FH_l_V_fu_4201_p2       |     +    |      0|  0|  25|          18|           1|
    |res_I_V_fu_4221_p2          |     +    |      0|  0|  17|          13|           1|
    |sub_ln248_10_fu_1295_p2     |     -    |      0|  0|  19|          14|          14|
    |sub_ln248_11_fu_1361_p2     |     -    |      0|  0|  21|          15|          15|
    |sub_ln248_1_fu_546_p2       |     -    |      0|  0|  15|           5|           5|
    |sub_ln248_2_fu_628_p2       |     -    |      0|  0|  15|           6|           6|
    |sub_ln248_3_fu_738_p2       |     -    |      0|  0|  15|           7|           7|
    |sub_ln248_4_fu_817_p2       |     -    |      0|  0|  15|           8|           8|
    |sub_ln248_5_fu_899_p2       |     -    |      0|  0|  15|           9|           9|
    |sub_ln248_6_fu_979_p2       |     -    |      0|  0|  14|          10|          10|
    |sub_ln248_7_fu_1056_p2      |     -    |      0|  0|  13|          11|          11|
    |sub_ln248_8_fu_1138_p2      |     -    |      0|  0|  12|          12|          12|
    |sub_ln248_9_fu_1218_p2      |     -    |      0|  0|  17|          13|          13|
    |sub_ln248_fu_464_p2         |     -    |      0|  0|  13|           4|           4|
    |sub_ln703_10_fu_2209_p2     |     -    |      0|  0|  36|          29|          29|
    |sub_ln703_11_fu_2328_p2     |     -    |      0|  0|  24|          17|          17|
    |sub_ln703_12_fu_2337_p2     |     -    |      0|  0|  36|          29|          29|
    |sub_ln703_13_fu_2435_p2     |     -    |      0|  0|  24|          17|          17|
    |sub_ln703_14_fu_2455_p2     |     -    |      0|  0|  36|          29|          29|
    |sub_ln703_15_fu_2600_p2     |     -    |      0|  0|  36|          29|          29|
    |sub_ln703_16_fu_2744_p2     |     -    |      0|  0|  24|          17|          17|
    |sub_ln703_17_fu_2780_p2     |     -    |      0|  0|  11|          17|          17|
    |sub_ln703_18_fu_2803_p2     |     -    |      0|  0|  36|          29|          29|
    |sub_ln703_19_fu_2959_p2     |     -    |      0|  0|  24|          17|          17|
    |sub_ln703_1_fu_1699_p2      |     -    |      0|  0|  24|          17|          17|
    |sub_ln703_20_fu_2996_p2     |     -    |      0|  0|  11|          17|          17|
    |sub_ln703_21_fu_3020_p2     |     -    |      0|  0|  36|          29|          29|
    |sub_ln703_22_fu_3174_p2     |     -    |      0|  0|  24|          17|          17|
    |sub_ln703_23_fu_3209_p2     |     -    |      0|  0|  11|          17|          17|
    |sub_ln703_24_fu_3232_p2     |     -    |      0|  0|  36|          29|          29|
    |sub_ln703_25_fu_3385_p2     |     -    |      0|  0|  24|          17|          17|
    |sub_ln703_26_fu_3420_p2     |     -    |      0|  0|  11|          17|          17|
    |sub_ln703_27_fu_3443_p2     |     -    |      0|  0|  36|          29|          29|
    |sub_ln703_28_fu_3589_p2     |     -    |      0|  0|  24|          17|          17|
    |sub_ln703_29_fu_3614_p2     |     -    |      0|  0|  11|          17|          17|
    |sub_ln703_2_fu_1716_p2      |     -    |      0|  0|  36|          29|          29|
    |sub_ln703_30_fu_3776_p2     |     -    |      0|  0|  24|          17|          17|
    |sub_ln703_31_fu_3827_p2     |     -    |      0|  0|  11|          17|          17|
    |sub_ln703_32_fu_3965_p2     |     -    |      0|  0|  24|          17|          17|
    |sub_ln703_33_fu_4003_p2     |     -    |      0|  0|  11|          17|          17|
    |sub_ln703_3_fu_1835_p2      |     -    |      0|  0|  24|          17|          17|
    |sub_ln703_4_fu_1844_p2      |     -    |      0|  0|  36|          29|          29|
    |sub_ln703_5_fu_1942_p2      |     -    |      0|  0|  24|          17|          17|
    |sub_ln703_6_fu_1962_p2      |     -    |      0|  0|  36|          29|          29|
    |sub_ln703_7_fu_2067_p2      |     -    |      0|  0|  24|          17|          17|
    |sub_ln703_8_fu_2086_p2      |     -    |      0|  0|  36|          29|          29|
    |sub_ln703_9_fu_2192_p2      |     -    |      0|  0|  24|          17|          17|
    |sub_ln703_fu_1448_p2        |     -    |      0|  0|  36|          29|          29|
    |and_ln318_10_fu_2925_p2     |    and   |      0|  0|   2|           1|           1|
    |and_ln318_11_fu_3141_p2     |    and   |      0|  0|   2|           1|           1|
    |and_ln318_12_fu_3352_p2     |    and   |      0|  0|   2|           1|           1|
    |and_ln318_13_fu_3567_p2     |    and   |      0|  0|   2|           1|           1|
    |and_ln318_14_fu_3746_p2     |    and   |      0|  0|   2|           1|           1|
    |and_ln318_15_fu_3935_p2     |    and   |      0|  0|   2|           1|           1|
    |and_ln318_16_fu_4131_p2     |    and   |      0|  0|   2|           1|           1|
    |and_ln318_1_fu_1742_p2      |    and   |      0|  0|   2|           1|           1|
    |and_ln318_2_fu_1863_p2      |    and   |      0|  0|   2|           1|           1|
    |and_ln318_3_fu_1980_p2      |    and   |      0|  0|   2|           1|           1|
    |and_ln318_4_fu_2113_p2      |    and   |      0|  0|   2|           1|           1|
    |and_ln318_5_fu_2235_p2      |    and   |      0|  0|   2|           1|           1|
    |and_ln318_6_fu_2356_p2      |    and   |      0|  0|   2|           1|           1|
    |and_ln318_7_fu_2473_p2      |    and   |      0|  0|   2|           1|           1|
    |and_ln318_8_fu_2558_p2      |    and   |      0|  0|   2|           1|           1|
    |and_ln318_9_fu_2710_p2      |    and   |      0|  0|   2|           1|           1|
    |and_ln318_fu_1454_p2        |    and   |      0|  0|   2|           1|           1|
    |and_ln331_1_fu_2976_p2      |    and   |      0|  0|   2|           1|           1|
    |and_ln331_2_fu_3189_p2      |    and   |      0|  0|   2|           1|           1|
    |and_ln331_3_fu_3400_p2      |    and   |      0|  0|   2|           1|           1|
    |and_ln331_4_fu_3603_p2      |    and   |      0|  0|   2|           1|           1|
    |and_ln331_5_fu_3816_p2      |    and   |      0|  0|   2|           1|           1|
    |and_ln331_6_fu_3983_p2      |    and   |      0|  0|   2|           1|           1|
    |and_ln331_fu_2760_p2        |    and   |      0|  0|   2|           1|           1|
    |icmp_ln1494_10_fu_2909_p2   |   icmp   |      0|  0|  18|          29|          29|
    |icmp_ln1494_11_fu_3126_p2   |   icmp   |      0|  0|  18|          29|          29|
    |icmp_ln1494_12_fu_3337_p2   |   icmp   |      0|  0|  18|          29|          29|
    |icmp_ln1494_13_fu_3552_p2   |   icmp   |      0|  0|  18|          29|           1|
    |icmp_ln1494_14_fu_3728_p2   |   icmp   |      0|  0|  18|          29|           1|
    |icmp_ln1494_15_fu_3917_p2   |   icmp   |      0|  0|  18|          29|           1|
    |icmp_ln1494_16_fu_4113_p2   |   icmp   |      0|  0|  18|          29|           1|
    |icmp_ln1494_17_fu_2553_p2   |   icmp   |      0|  0|  18|          17|          17|
    |icmp_ln1494_18_fu_2705_p2   |   icmp   |      0|  0|  18|          17|          17|
    |icmp_ln1494_19_fu_2919_p2   |   icmp   |      0|  0|  18|          17|          17|
    |icmp_ln1494_1_fu_1684_p2    |   icmp   |      0|  0|  18|          29|          29|
    |icmp_ln1494_20_fu_3136_p2   |   icmp   |      0|  0|  18|          17|          17|
    |icmp_ln1494_21_fu_3347_p2   |   icmp   |      0|  0|  18|          17|          17|
    |icmp_ln1494_22_fu_3562_p2   |   icmp   |      0|  0|  18|          17|          17|
    |icmp_ln1494_23_fu_3740_p2   |   icmp   |      0|  0|  18|          17|          17|
    |icmp_ln1494_24_fu_3929_p2   |   icmp   |      0|  0|  18|          17|          17|
    |icmp_ln1494_25_fu_4125_p2   |   icmp   |      0|  0|  18|          17|          17|
    |icmp_ln1494_2_fu_1805_p2    |   icmp   |      0|  0|  18|          29|          29|
    |icmp_ln1494_3_fu_1924_p2    |   icmp   |      0|  0|  18|          29|          29|
    |icmp_ln1494_4_fu_2050_p2    |   icmp   |      0|  0|  18|          29|          29|
    |icmp_ln1494_5_fu_2177_p2    |   icmp   |      0|  0|  18|          29|          29|
    |icmp_ln1494_6_fu_2298_p2    |   icmp   |      0|  0|  18|          29|          29|
    |icmp_ln1494_7_fu_2417_p2    |   icmp   |      0|  0|  18|          29|          29|
    |icmp_ln1494_8_fu_2541_p2    |   icmp   |      0|  0|  18|          29|          29|
    |icmp_ln1494_9_fu_2695_p2    |   icmp   |      0|  0|  18|          29|          29|
    |icmp_ln1494_fu_1417_p2      |   icmp   |      0|  0|  18|          29|          29|
    |icmp_ln1495_10_fu_3179_p2   |   icmp   |      0|  0|  18|          17|          17|
    |icmp_ln1495_11_fu_3390_p2   |   icmp   |      0|  0|  18|          17|          17|
    |icmp_ln1495_12_fu_3593_p2   |   icmp   |      0|  0|  18|          17|          17|
    |icmp_ln1495_13_fu_3808_p2   |   icmp   |      0|  0|  18|          17|          17|
    |icmp_ln1495_14_fu_3971_p2   |   icmp   |      0|  0|  18|          17|          17|
    |icmp_ln1495_1_fu_1694_p2    |   icmp   |      0|  0|  18|          17|          17|
    |icmp_ln1495_2_fu_1817_p2    |   icmp   |      0|  0|  18|          17|          17|
    |icmp_ln1495_3_fu_1936_p2    |   icmp   |      0|  0|  18|          17|          17|
    |icmp_ln1495_4_fu_2062_p2    |   icmp   |      0|  0|  18|          17|          17|
    |icmp_ln1495_5_fu_2187_p2    |   icmp   |      0|  0|  18|          17|          17|
    |icmp_ln1495_6_fu_2310_p2    |   icmp   |      0|  0|  18|          17|          17|
    |icmp_ln1495_7_fu_2429_p2    |   icmp   |      0|  0|  18|          17|          17|
    |icmp_ln1495_8_fu_2750_p2    |   icmp   |      0|  0|  18|          17|          17|
    |icmp_ln1495_9_fu_2964_p2    |   icmp   |      0|  0|  18|          17|          17|
    |icmp_ln1495_fu_674_p2       |   icmp   |      0|  0|   8|           2|           1|
    |icmp_ln1496_1_fu_2942_p2    |   icmp   |      0|  0|  18|          17|          17|
    |icmp_ln1496_2_fu_3157_p2    |   icmp   |      0|  0|  18|          17|          17|
    |icmp_ln1496_3_fu_3368_p2    |   icmp   |      0|  0|  18|          17|          17|
    |icmp_ln1496_4_fu_3532_p2    |   icmp   |      0|  0|  18|          17|          17|
    |icmp_ln1496_5_fu_3758_p2    |   icmp   |      0|  0|  18|          17|          17|
    |icmp_ln1496_6_fu_3947_p2    |   icmp   |      0|  0|  18|          17|          17|
    |icmp_ln1496_7_fu_4143_p2    |   icmp   |      0|  0|  18|          17|          17|
    |icmp_ln1496_fu_2726_p2      |   icmp   |      0|  0|  18|          17|          17|
    |icmp_ln1498_10_fu_2914_p2   |   icmp   |      0|  0|  18|          29|          29|
    |icmp_ln1498_11_fu_3131_p2   |   icmp   |      0|  0|  18|          29|          29|
    |icmp_ln1498_12_fu_3342_p2   |   icmp   |      0|  0|  18|          29|          29|
    |icmp_ln1498_13_fu_3557_p2   |   icmp   |      0|  0|  18|          29|           1|
    |icmp_ln1498_14_fu_3734_p2   |   icmp   |      0|  0|  18|          29|           1|
    |icmp_ln1498_15_fu_3923_p2   |   icmp   |      0|  0|  18|          29|           1|
    |icmp_ln1498_16_fu_4119_p2   |   icmp   |      0|  0|  18|          29|           1|
    |icmp_ln1498_17_fu_2755_p2   |   icmp   |      0|  0|  18|          17|          17|
    |icmp_ln1498_18_fu_2970_p2   |   icmp   |      0|  0|  18|          17|          17|
    |icmp_ln1498_19_fu_3184_p2   |   icmp   |      0|  0|  18|          17|          17|
    |icmp_ln1498_1_fu_1689_p2    |   icmp   |      0|  0|  18|          29|          29|
    |icmp_ln1498_20_fu_3395_p2   |   icmp   |      0|  0|  18|          17|          17|
    |icmp_ln1498_21_fu_3598_p2   |   icmp   |      0|  0|  18|          17|          17|
    |icmp_ln1498_22_fu_3812_p2   |   icmp   |      0|  0|  18|          17|          17|
    |icmp_ln1498_23_fu_3977_p2   |   icmp   |      0|  0|  18|          17|          17|
    |icmp_ln1498_2_fu_1811_p2    |   icmp   |      0|  0|  18|          29|          29|
    |icmp_ln1498_3_fu_1930_p2    |   icmp   |      0|  0|  18|          29|          29|
    |icmp_ln1498_4_fu_2056_p2    |   icmp   |      0|  0|  18|          29|          29|
    |icmp_ln1498_5_fu_2182_p2    |   icmp   |      0|  0|  18|          29|          29|
    |icmp_ln1498_6_fu_2304_p2    |   icmp   |      0|  0|  18|          29|          29|
    |icmp_ln1498_7_fu_2423_p2    |   icmp   |      0|  0|  18|          29|          29|
    |icmp_ln1498_8_fu_2547_p2    |   icmp   |      0|  0|  18|          29|          29|
    |icmp_ln1498_9_fu_2700_p2    |   icmp   |      0|  0|  18|          29|          29|
    |icmp_ln1498_fu_1423_p2      |   icmp   |      0|  0|  18|          29|          29|
    |icmp_ln318_10_fu_2931_p2    |   icmp   |      0|  0|  18|          29|          29|
    |icmp_ln318_11_fu_3147_p2    |   icmp   |      0|  0|  18|          29|          29|
    |icmp_ln318_12_fu_3358_p2    |   icmp   |      0|  0|  18|          29|          29|
    |icmp_ln318_13_fu_2936_p2    |   icmp   |      0|  0|  18|          17|          17|
    |icmp_ln318_14_fu_3152_p2    |   icmp   |      0|  0|  18|          17|          17|
    |icmp_ln318_15_fu_3363_p2    |   icmp   |      0|  0|  18|          17|          17|
    |icmp_ln318_16_fu_3573_p2    |   icmp   |      0|  0|  18|          17|          17|
    |icmp_ln318_17_fu_3752_p2    |   icmp   |      0|  0|  18|          17|          17|
    |icmp_ln318_18_fu_3941_p2    |   icmp   |      0|  0|  18|          17|          17|
    |icmp_ln318_19_fu_4137_p2    |   icmp   |      0|  0|  18|          17|          17|
    |icmp_ln318_1_fu_1731_p2     |   icmp   |      0|  0|  18|          17|          17|
    |icmp_ln318_2_fu_1829_p2     |   icmp   |      0|  0|  18|          17|          17|
    |icmp_ln318_3_fu_1968_p2     |   icmp   |      0|  0|  18|          17|          17|
    |icmp_ln318_4_fu_2102_p2     |   icmp   |      0|  0|  18|          17|          17|
    |icmp_ln318_5_fu_2224_p2     |   icmp   |      0|  0|  18|          17|          17|
    |icmp_ln318_6_fu_2322_p2     |   icmp   |      0|  0|  18|          17|          17|
    |icmp_ln318_7_fu_2461_p2     |   icmp   |      0|  0|  18|          17|          17|
    |icmp_ln318_8_fu_2716_p2     |   icmp   |      0|  0|  18|          29|          29|
    |icmp_ln318_9_fu_2721_p2     |   icmp   |      0|  0|  18|          17|          17|
    |icmp_ln318_fu_690_p2        |   icmp   |      0|  0|   8|           2|           1|
    |icmp_ln331_fu_2564_p2       |   icmp   |      0|  0|  18|          17|          17|
    |icmp_ln488_10_fu_1289_p2    |   icmp   |      0|  0|  13|          14|          14|
    |icmp_ln488_11_fu_1355_p2    |   icmp   |      0|  0|  13|          15|          15|
    |icmp_ln488_1_fu_540_p2      |   icmp   |      0|  0|  11|           5|           5|
    |icmp_ln488_2_fu_622_p2      |   icmp   |      0|  0|  11|           6|           6|
    |icmp_ln488_3_fu_733_p2      |   icmp   |      0|  0|  11|           7|           7|
    |icmp_ln488_4_fu_811_p2      |   icmp   |      0|  0|  11|           8|           8|
    |icmp_ln488_5_fu_893_p2      |   icmp   |      0|  0|  13|           9|           9|
    |icmp_ln488_6_fu_974_p2      |   icmp   |      0|  0|  13|          10|          10|
    |icmp_ln488_7_fu_1050_p2     |   icmp   |      0|  0|  13|          11|          11|
    |icmp_ln488_8_fu_1132_p2     |   icmp   |      0|  0|  13|          12|          12|
    |icmp_ln488_9_fu_1213_p2     |   icmp   |      0|  0|  13|          13|          13|
    |icmp_ln488_fu_458_p2        |   icmp   |      0|  0|   9|           4|           4|
    |or_ln318_10_fu_2732_p2      |    or    |      0|  0|   2|           1|           1|
    |or_ln318_11_fu_2825_p2      |    or    |      0|  0|   2|           1|           1|
    |or_ln318_12_fu_2831_p2      |    or    |      0|  0|   2|           1|           1|
    |or_ln318_13_fu_2947_p2      |    or    |      0|  0|   2|           1|           1|
    |or_ln318_14_fu_2953_p2      |    or    |      0|  0|   2|           1|           1|
    |or_ln318_15_fu_3041_p2      |    or    |      0|  0|   2|           1|           1|
    |or_ln318_16_fu_3047_p2      |    or    |      0|  0|   2|           1|           1|
    |or_ln318_17_fu_3162_p2      |    or    |      0|  0|   2|           1|           1|
    |or_ln318_18_fu_3168_p2      |    or    |      0|  0|   2|           1|           1|
    |or_ln318_19_fu_3379_p2      |    or    |      0|  0|   2|           1|           1|
    |or_ln318_1_fu_1748_p2       |    or    |      0|  0|   2|           1|           1|
    |or_ln318_20_fu_3583_p2      |    or    |      0|  0|   2|           1|           1|
    |or_ln318_21_fu_3770_p2      |    or    |      0|  0|   2|           1|           1|
    |or_ln318_22_fu_3959_p2      |    or    |      0|  0|   2|           1|           1|
    |or_ln318_23_fu_4155_p2      |    or    |      0|  0|   2|           1|           1|
    |or_ln318_24_fu_3253_p2      |    or    |      0|  0|   2|           1|           1|
    |or_ln318_25_fu_3259_p2      |    or    |      0|  0|   2|           1|           1|
    |or_ln318_26_fu_3373_p2      |    or    |      0|  0|   2|           1|           1|
    |or_ln318_27_fu_3464_p2      |    or    |      0|  0|   2|           1|           1|
    |or_ln318_28_fu_3470_p2      |    or    |      0|  0|   2|           1|           1|
    |or_ln318_29_fu_3578_p2      |    or    |      0|  0|   2|           1|           1|
    |or_ln318_2_fu_1868_p2       |    or    |      0|  0|   2|           1|           1|
    |or_ln318_30_fu_3651_p2      |    or    |      0|  0|   2|           1|           1|
    |or_ln318_31_fu_3657_p2      |    or    |      0|  0|   2|           1|           1|
    |or_ln318_32_fu_3764_p2      |    or    |      0|  0|   2|           1|           1|
    |or_ln318_33_fu_3796_p2      |    or    |      0|  0|   2|           1|           1|
    |or_ln318_34_fu_3802_p2      |    or    |      0|  0|   2|           1|           1|
    |or_ln318_35_fu_3953_p2      |    or    |      0|  0|   2|           1|           1|
    |or_ln318_36_fu_4035_p2      |    or    |      0|  0|   2|           1|           1|
    |or_ln318_37_fu_4041_p2      |    or    |      0|  0|   2|           1|           1|
    |or_ln318_38_fu_4149_p2      |    or    |      0|  0|   2|           1|           1|
    |or_ln318_39_fu_4177_p2      |    or    |      0|  0|   2|           1|           1|
    |or_ln318_3_fu_1986_p2       |    or    |      0|  0|   2|           1|           1|
    |or_ln318_40_fu_4183_p2      |    or    |      0|  0|   2|           1|           1|
    |or_ln318_4_fu_2119_p2       |    or    |      0|  0|   2|           1|           1|
    |or_ln318_5_fu_2241_p2       |    or    |      0|  0|   2|           1|           1|
    |or_ln318_6_fu_2361_p2       |    or    |      0|  0|   2|           1|           1|
    |or_ln318_7_fu_2479_p2       |    or    |      0|  0|   2|           1|           1|
    |or_ln318_8_fu_2606_p2       |    or    |      0|  0|   2|           1|           1|
    |or_ln318_9_fu_2738_p2       |    or    |      0|  0|   2|           1|           1|
    |or_ln318_fu_1459_p2         |    or    |      0|  0|   2|           1|           1|
    |or_ln331_1_fu_2982_p2       |    or    |      0|  0|   2|           1|           1|
    |or_ln331_2_fu_3195_p2       |    or    |      0|  0|   2|           1|           1|
    |or_ln331_3_fu_3406_p2       |    or    |      0|  0|   2|           1|           1|
    |or_ln331_4_fu_3608_p2       |    or    |      0|  0|   2|           1|           1|
    |or_ln331_5_fu_3821_p2       |    or    |      0|  0|   2|           1|           1|
    |or_ln331_6_fu_3989_p2       |    or    |      0|  0|   2|           1|           1|
    |or_ln331_fu_2766_p2         |    or    |      0|  0|   2|           1|           1|
    |ap_return                   |  select  |      0|  0|  29|           1|           1|
    |p_Val2_s_fu_4226_p3         |  select  |      0|  0|  13|           1|          13|
    |p_neg_10_fu_2988_p3         |  select  |      0|  0|   2|           1|           2|
    |p_neg_11_fu_3201_p3         |  select  |      0|  0|   2|           1|           2|
    |p_neg_12_fu_3412_p3         |  select  |      0|  0|   2|           1|           2|
    |p_neg_13_fu_3538_p3         |  select  |      0|  0|   2|           1|           2|
    |p_neg_14_fu_3782_p3         |  select  |      0|  0|   2|           1|           2|
    |p_neg_15_fu_3995_p3         |  select  |      0|  0|   2|           1|           2|
    |p_neg_9_fu_2772_p3          |  select  |      0|  0|   2|           1|           2|
    |select_ln248_fu_390_p3      |  select  |      0|  0|   2|           1|           2|
    |select_ln318_10_fu_1992_p3  |  select  |      0|  0|  17|           1|          17|
    |select_ln318_11_fu_2015_p3  |  select  |      0|  0|  29|           1|          29|
    |select_ln318_12_fu_2125_p3  |  select  |      0|  0|  17|           1|          17|
    |select_ln318_13_fu_2133_p3  |  select  |      0|  0|  17|           1|          17|
    |select_ln318_14_fu_2140_p3  |  select  |      0|  0|  29|           1|          29|
    |select_ln318_15_fu_2247_p3  |  select  |      0|  0|  17|           1|          17|
    |select_ln318_16_fu_2254_p3  |  select  |      0|  0|  17|           1|          17|
    |select_ln318_17_fu_2261_p3  |  select  |      0|  0|  29|           1|          29|
    |select_ln318_18_fu_2366_p3  |  select  |      0|  0|  17|           1|          17|
    |select_ln318_19_fu_2373_p3  |  select  |      0|  0|  17|           1|          17|
    |select_ln318_1_fu_1473_p3   |  select  |      0|  0|  17|           1|          17|
    |select_ln318_20_fu_2380_p3  |  select  |      0|  0|  29|           1|          29|
    |select_ln318_21_fu_2502_p3  |  select  |      0|  0|  17|           1|          17|
    |select_ln318_22_fu_2485_p3  |  select  |      0|  0|  17|           1|          17|
    |select_ln318_23_fu_2508_p3  |  select  |      0|  0|  29|           1|          29|
    |select_ln318_24_fu_2636_p3  |  select  |      0|  0|  17|           1|          17|
    |select_ln318_25_fu_2642_p3  |  select  |      0|  0|  18|           1|          18|
    |select_ln318_26_fu_2612_p3  |  select  |      0|  0|  17|           1|          17|
    |select_ln318_27_fu_2619_p3  |  select  |      0|  0|  29|           1|          29|
    |select_ln318_28_fu_2837_p3  |  select  |      0|  0|  17|           1|          17|
    |select_ln318_29_fu_2845_p3  |  select  |      0|  0|  17|           1|          17|
    |select_ln318_2_fu_1481_p3   |  select  |      0|  0|  29|           1|          29|
    |select_ln318_30_fu_2880_p3  |  select  |      0|  0|  17|           1|          17|
    |select_ln318_31_fu_2853_p3  |  select  |      0|  0|  29|           1|          29|
    |select_ln318_32_fu_3053_p3  |  select  |      0|  0|  17|           1|          17|
    |select_ln318_33_fu_3060_p3  |  select  |      0|  0|  17|           1|          17|
    |select_ln318_34_fu_3067_p3  |  select  |      0|  0|  17|           1|          17|
    |select_ln318_35_fu_3075_p3  |  select  |      0|  0|  29|           1|          29|
    |select_ln318_36_fu_3265_p3  |  select  |      0|  0|  17|           1|          17|
    |select_ln318_37_fu_3272_p3  |  select  |      0|  0|  17|           1|          17|
    |select_ln318_38_fu_3279_p3  |  select  |      0|  0|  17|           1|          17|
    |select_ln318_39_fu_3286_p3  |  select  |      0|  0|  29|           1|          29|
    |select_ln318_3_fu_1754_p3   |  select  |      0|  0|  17|           1|          17|
    |select_ln318_40_fu_3476_p3  |  select  |      0|  0|  17|           1|          17|
    |select_ln318_41_fu_3483_p3  |  select  |      0|  0|  17|           1|          17|
    |select_ln318_42_fu_3490_p3  |  select  |      0|  0|  17|           1|          17|
    |select_ln318_43_fu_3497_p3  |  select  |      0|  0|  29|           1|          29|
    |select_ln318_44_fu_3663_p3  |  select  |      0|  0|  17|           1|          17|
    |select_ln318_45_fu_3670_p3  |  select  |      0|  0|  17|           1|          17|
    |select_ln318_46_fu_3677_p3  |  select  |      0|  0|  17|           1|          17|
    |select_ln318_47_fu_3684_p3  |  select  |      0|  0|  29|           1|          29|
    |select_ln318_48_fu_3857_p3  |  select  |      0|  0|  17|           1|          17|
    |select_ln318_49_fu_3863_p3  |  select  |      0|  0|  17|           1|          17|
    |select_ln318_4_fu_1761_p3   |  select  |      0|  0|  17|           1|          17|
    |select_ln318_50_fu_3868_p3  |  select  |      0|  0|  17|           1|          17|
    |select_ln318_51_fu_3874_p3  |  select  |      0|  0|  29|           1|          29|
    |select_ln318_52_fu_4063_p3  |  select  |      0|  0|  17|           1|          17|
    |select_ln318_53_fu_4069_p3  |  select  |      0|  0|  17|           1|          17|
    |select_ln318_54_fu_4074_p3  |  select  |      0|  0|  17|           1|          17|
    |select_ln318_55_fu_4079_p3  |  select  |      0|  0|  29|           1|          29|
    |select_ln318_56_fu_4189_p3  |  select  |      0|  0|  17|           1|          17|
    |select_ln318_5_fu_1768_p3   |  select  |      0|  0|  29|           1|          29|
    |select_ln318_6_fu_1873_p3   |  select  |      0|  0|  17|           1|          17|
    |select_ln318_7_fu_1880_p3   |  select  |      0|  0|  17|           1|          17|
    |select_ln318_8_fu_1887_p3   |  select  |      0|  0|  29|           1|          29|
    |select_ln318_9_fu_2009_p3   |  select  |      0|  0|  17|           1|          17|
    |select_ln318_fu_1465_p3     |  select  |      0|  0|  18|           1|          18|
    |select_ln339_10_fu_3013_p3  |  select  |      0|  0|  29|           1|          29|
    |select_ln339_11_fu_3225_p3  |  select  |      0|  0|  29|           1|          29|
    |select_ln339_12_fu_3436_p3  |  select  |      0|  0|  29|           1|          29|
    |select_ln339_13_fu_3629_p3  |  select  |      0|  0|  29|           1|          29|
    |select_ln339_14_fu_3841_p3  |  select  |      0|  0|  29|           1|          29|
    |select_ln339_15_fu_4021_p3  |  select  |      0|  0|  29|           1|          29|
    |select_ln339_1_fu_1709_p3   |  select  |      0|  0|  29|           1|          29|
    |select_ln339_2_fu_1839_p3   |  select  |      0|  0|  29|           1|          29|
    |select_ln339_3_fu_1954_p3   |  select  |      0|  0|  29|           1|          29|
    |select_ln339_4_fu_2078_p3   |  select  |      0|  0|  29|           1|          29|
    |select_ln339_5_fu_2202_p3   |  select  |      0|  0|  29|           1|          29|
    |select_ln339_6_fu_2332_p3   |  select  |      0|  0|  29|           1|          29|
    |select_ln339_7_fu_2447_p3   |  select  |      0|  0|  29|           1|          29|
    |select_ln339_8_fu_2592_p3   |  select  |      0|  0|  29|           1|          29|
    |select_ln339_9_fu_2796_p3   |  select  |      0|  0|  29|           1|          29|
    |select_ln339_fu_1441_p3     |  select  |      0|  0|  29|           1|          29|
    |select_ln488_10_fu_845_p3   |  select  |      0|  0|  13|           1|          13|
    |select_ln488_11_fu_853_p3   |  select  |      0|  0|  29|           1|          29|
    |select_ln488_12_fu_927_p3   |  select  |      0|  0|  13|           1|          13|
    |select_ln488_13_fu_935_p3   |  select  |      0|  0|  29|           1|          29|
    |select_ln488_14_fu_1004_p3  |  select  |      0|  0|  13|           1|          13|
    |select_ln488_15_fu_1011_p3  |  select  |      0|  0|  29|           1|          29|
    |select_ln488_16_fu_1084_p3  |  select  |      0|  0|  13|           1|          13|
    |select_ln488_17_fu_1092_p3  |  select  |      0|  0|  29|           1|          29|
    |select_ln488_18_fu_1166_p3  |  select  |      0|  0|  13|           1|          13|
    |select_ln488_19_fu_1174_p3  |  select  |      0|  0|  29|           1|          29|
    |select_ln488_1_fu_418_p3    |  select  |      0|  0|  29|           1|          29|
    |select_ln488_20_fu_1243_p3  |  select  |      0|  0|  13|           1|          13|
    |select_ln488_21_fu_1250_p3  |  select  |      0|  0|  29|           1|          29|
    |select_ln488_22_fu_1323_p3  |  select  |      0|  0|  13|           1|          13|
    |select_ln488_23_fu_1331_p3  |  select  |      0|  0|  29|           1|          29|
    |select_ln488_24_fu_1393_p3  |  select  |      0|  0|  13|           1|          13|
    |select_ln488_25_fu_1399_p3  |  select  |      0|  0|  29|           1|          29|
    |select_ln488_2_fu_492_p3    |  select  |      0|  0|  13|           1|          13|
    |select_ln488_3_fu_500_p3    |  select  |      0|  0|  29|           1|          29|
    |select_ln488_4_fu_574_p3    |  select  |      0|  0|  13|           1|          13|
    |select_ln488_5_fu_582_p3    |  select  |      0|  0|  29|           1|          29|
    |select_ln488_6_fu_705_p3    |  select  |      0|  0|  13|           1|          13|
    |select_ln488_7_fu_646_p3    |  select  |      0|  0|  29|           1|          29|
    |select_ln488_8_fu_764_p3    |  select  |      0|  0|  13|           1|          13|
    |select_ln488_9_fu_772_p3    |  select  |      0|  0|  29|           1|          29|
    |select_ln488_fu_410_p3      |  select  |      0|  0|  14|           1|          14|
    |xor_ln318_10_fu_1974_p2     |    xor   |      0|  0|   2|           1|           2|
    |xor_ln318_11_fu_2107_p2     |    xor   |      0|  0|   2|           1|           2|
    |xor_ln318_12_fu_2229_p2     |    xor   |      0|  0|   2|           1|           2|
    |xor_ln318_13_fu_2351_p2     |    xor   |      0|  0|   2|           1|           2|
    |xor_ln318_14_fu_2467_p2     |    xor   |      0|  0|   2|           1|           2|
    |xor_ln318_1_fu_3035_p2      |    xor   |      0|  0|   2|           1|           2|
    |xor_ln318_2_fu_3247_p2      |    xor   |      0|  0|   2|           1|           2|
    |xor_ln318_3_fu_3458_p2      |    xor   |      0|  0|   2|           1|           2|
    |xor_ln318_4_fu_3645_p2      |    xor   |      0|  0|   2|           1|           2|
    |xor_ln318_5_fu_3790_p2      |    xor   |      0|  0|   2|           1|           2|
    |xor_ln318_6_fu_4029_p2      |    xor   |      0|  0|   2|           1|           2|
    |xor_ln318_7_fu_4171_p2      |    xor   |      0|  0|   2|           1|           2|
    |xor_ln318_8_fu_1736_p2      |    xor   |      0|  0|   2|           1|           2|
    |xor_ln318_9_fu_1858_p2      |    xor   |      0|  0|   2|           1|           2|
    |xor_ln318_fu_2819_p2        |    xor   |      0|  0|   2|           1|           2|
    |xor_ln331_fu_2569_p2        |    xor   |      0|  0|   2|           1|           2|
    |xor_ln703_fu_2575_p2        |    xor   |      0|  0|  17|          17|           2|
    +----------------------------+----------+-------+---+----+------------+------------+
    |Total                       |          |      0|  0|6073|        3865|        5258|
    +----------------------------+----------+-------+---+----+------------+------------+

    * Multiplexer: 
    N/A

    * Register: 
    +-----------------------------------------+----+----+-----+-----------+
    |                   Name                  | FF | LUT| Bits| Const Bits|
    +-----------------------------------------+----+----+-----+-----------+
    |add_ln703_10_reg_4755                    |  17|   0|   17|          0|
    |add_ln703_22_reg_5018                    |  17|   0|   17|          0|
    |add_ln703_2_reg_4572                     |  29|   0|   29|          0|
    |add_ln703_6_reg_4683                     |  29|   0|   29|          0|
    |icmp_ln1494_2_reg_4557                   |   1|   0|    1|          0|
    |icmp_ln1494_6_reg_4668                   |   1|   0|    1|          0|
    |icmp_ln1495_2_reg_4567                   |   1|   0|    1|          0|
    |icmp_ln1495_6_reg_4678                   |   1|   0|    1|          0|
    |icmp_ln1495_reg_4292                     |   1|   0|    1|          0|
    |icmp_ln1496_4_reg_4925                   |   1|   0|    1|          0|
    |icmp_ln1496_5_reg_4969                   |   1|   0|    1|          0|
    |icmp_ln1498_2_reg_4562                   |   1|   0|    1|          0|
    |icmp_ln1498_6_reg_4673                   |   1|   0|    1|          0|
    |icmp_ln318_2_reg_4577                    |   1|   0|    1|          0|
    |icmp_ln318_6_reg_4688                    |   1|   0|    1|          0|
    |icmp_ln318_reg_4297                      |   1|   0|    1|          0|
    |icmp_ln488_11_reg_4360                   |   1|   0|    1|          0|
    |icmp_ln488_2_reg_4275                    |   1|   0|    1|          0|
    |mul_FL_V_3_reg_4920                      |  10|   0|   17|          7|
    |or_ln318_12_reg_4760                     |   1|   0|    1|          0|
    |or_ln318_34_reg_4984                     |   1|   0|    1|          0|
    |or_ln318_37_reg_5028                     |   1|   0|    1|          0|
    |or_ln318_3_reg_4598                      |   1|   0|    1|          0|
    |or_ln318_7_reg_4709                      |   1|   0|    1|          0|
    |or_ln318_8_reg_4729                      |   1|   0|    1|          0|
    |p_Result_25_7_reg_4314                   |   8|   0|    8|          0|
    |p_Result_25_s_reg_4337                   |  11|   0|   11|          0|
    |p_Result_28_4_reg_4286                   |   7|   0|    7|          0|
    |p_Result_28_7_reg_4319                   |  10|   0|   10|          0|
    |p_Result_28_s_reg_4342                   |  13|   0|   13|          0|
    |p_Result_34_1_reg_4404                   |   1|   0|    2|          1|
    |p_Result_34_5_reg_4635                   |   6|   0|    6|          0|
    |p_neg_13_reg_4931                        |  17|   0|   17|          0|
    |p_neg_14_reg_4979                        |  17|   0|   17|          0|
    |select_ln318_10_reg_4604                 |  16|   0|   17|          1|
    |select_ln318_12_reg_4612                 |  17|   0|   17|          0|
    |select_ln318_13_reg_4618                 |  16|   0|   17|          1|
    |select_ln318_14_reg_4626                 |  29|   0|   29|          0|
    |select_ln318_15_reg_4640                 |  17|   0|   17|          0|
    |select_ln318_16_reg_4646                 |  16|   0|   17|          1|
    |select_ln318_17_reg_4652                 |  29|   0|   29|          0|
    |select_ln318_18_reg_4693                 |  17|   0|   17|          0|
    |select_ln318_1_reg_4387                  |  16|   0|   17|          1|
    |select_ln318_20_reg_4699                 |  29|   0|   29|          0|
    |select_ln318_21_reg_4723                 |  17|   0|   17|          0|
    |select_ln318_22_reg_4715                 |  16|   0|   17|          1|
    |select_ln318_26_reg_4735                 |  17|   0|   17|          0|
    |select_ln318_26_reg_4735_pp0_iter11_reg  |  17|   0|   17|          0|
    |select_ln318_27_reg_4745                 |  29|   0|   29|          0|
    |select_ln318_28_reg_4765                 |  17|   0|   17|          0|
    |select_ln318_29_reg_4771                 |   3|   0|   17|         14|
    |select_ln318_2_reg_4395                  |  29|   0|   29|          0|
    |select_ln318_31_reg_4778                 |  29|   0|   29|          0|
    |select_ln318_32_reg_4798                 |  17|   0|   17|          0|
    |select_ln318_33_reg_4804                 |   5|   0|   17|         12|
    |select_ln318_34_reg_4811                 |  17|   0|   17|          0|
    |select_ln318_35_reg_4821                 |  29|   0|   29|          0|
    |select_ln318_36_reg_4841                 |  17|   0|   17|          0|
    |select_ln318_37_reg_4847                 |   7|   0|   17|         10|
    |select_ln318_38_reg_4854                 |  17|   0|   17|          0|
    |select_ln318_39_reg_4864                 |  29|   0|   29|          0|
    |select_ln318_3_reg_4529                  |  17|   0|   17|          0|
    |select_ln318_40_reg_4884                 |  17|   0|   17|          0|
    |select_ln318_41_reg_4890                 |   9|   0|   17|          8|
    |select_ln318_42_reg_4896                 |  17|   0|   17|          0|
    |select_ln318_43_reg_4906                 |  29|   0|   29|          0|
    |select_ln318_44_reg_4936                 |  17|   0|   17|          0|
    |select_ln318_45_reg_4942                 |  11|   0|   17|          6|
    |select_ln318_46_reg_4947                 |  17|   0|   17|          0|
    |select_ln318_47_reg_4955                 |  29|   0|   29|          0|
    |select_ln318_48_reg_4992                 |  17|   0|   17|          0|
    |select_ln318_49_reg_4998                 |  13|   0|   17|          4|
    |select_ln318_4_reg_4535                  |  16|   0|   17|          1|
    |select_ln318_50_reg_5003                 |  17|   0|   17|          0|
    |select_ln318_51_reg_5008                 |  29|   0|   29|          0|
    |select_ln318_5_reg_4541                  |  29|   0|   29|          0|
    |select_ln318_6_reg_4582                  |  17|   0|   17|          0|
    |select_ln318_8_reg_4588                  |  29|   0|   29|          0|
    |select_ln318_reg_4381                    |   1|   0|   17|         16|
    |select_ln339_15_reg_5023                 |  29|   0|   29|          0|
    |select_ln488_12_reg_4302                 |  13|   0|   13|          0|
    |select_ln488_13_reg_4308                 |  29|   0|   29|          0|
    |select_ln488_18_reg_4325                 |  13|   0|   13|          0|
    |select_ln488_19_reg_4331                 |  29|   0|   29|          0|
    |select_ln488_22_reg_4348                 |  13|   0|   13|          0|
    |select_ln488_23_reg_4354                 |  29|   0|   29|          0|
    |select_ln488_24_reg_4371                 |  13|   0|   13|          0|
    |select_ln488_4_reg_4269                  |  13|   0|   13|          0|
    |select_ln488_7_reg_4280                  |  29|   0|   29|          0|
    |sub_ln248_11_reg_4366                    |  15|   0|   15|          0|
    |sub_ln703_14_reg_4704                    |  29|   0|   29|          0|
    |sub_ln703_30_reg_4974                    |  12|   0|   17|          5|
    |sub_ln703_32_reg_5013                    |  14|   0|   17|          3|
    |sub_ln703_6_reg_4593                     |  29|   0|   29|          0|
    |tmp_13_reg_4788                          |   4|   0|    4|          0|
    |tmp_14_reg_4831                          |   6|   0|    6|          0|
    |tmp_15_reg_4874                          |   8|   0|    8|          0|
    |tmp_20_reg_4409                          |  12|   0|   12|          0|
    |tmp_22_reg_4419                          |  11|   0|   11|          0|
    |tmp_24_reg_4429                          |  10|   0|   10|          0|
    |tmp_24_reg_4429_pp0_iter5_reg            |  10|   0|   10|          0|
    |tmp_26_reg_4439                          |   9|   0|    9|          0|
    |tmp_28_reg_4449                          |   8|   0|    8|          0|
    |tmp_30_reg_4459                          |   7|   0|    7|          0|
    |tmp_32_reg_4469                          |   6|   0|    6|          0|
    |tmp_34_reg_4479                          |   5|   0|    5|          0|
    |tmp_36_reg_4489                          |   4|   0|    4|          0|
    |tmp_39_reg_4499                          |   3|   0|    3|          0|
    |tmp_40_reg_4793                          |   7|   0|    7|          0|
    |tmp_42_reg_4509                          |   2|   0|    2|          0|
    |tmp_43_reg_4836                          |   6|   0|    6|          0|
    |tmp_46_reg_4879                          |   5|   0|    5|          0|
    |tmp_48_reg_4915                          |   4|   0|    4|          0|
    |tmp_63_reg_4519                          |   1|   0|    1|          0|
    |trunc_ln708_12_reg_4658                  |  13|   0|   17|          4|
    |trunc_ln708_26_reg_4962                  |  16|   0|   17|          1|
    |trunc_ln708_29_reg_4424                  |   2|   0|    2|          0|
    |trunc_ln708_30_reg_4434                  |   3|   0|    3|          0|
    |trunc_ln708_30_reg_4434_pp0_iter5_reg    |   3|   0|    3|          0|
    |trunc_ln708_31_reg_4444                  |   4|   0|    4|          0|
    |trunc_ln708_32_reg_4454                  |   5|   0|    5|          0|
    |trunc_ln708_33_reg_4464                  |   6|   0|    6|          0|
    |trunc_ln708_34_reg_4474                  |   7|   0|    7|          0|
    |trunc_ln708_35_reg_4484                  |   8|   0|    8|          0|
    |trunc_ln708_36_reg_4494                  |   9|   0|    9|          0|
    |trunc_ln708_37_reg_4504                  |  10|   0|   10|          0|
    |trunc_ln708_38_reg_4514                  |  11|   0|   11|          0|
    |trunc_ln708_39_reg_4524                  |  12|   0|   12|          0|
    |trunc_ln708_6_reg_4547                   |   5|   0|   17|         12|
    |trunc_ln708_reg_4414                     |   1|   0|    1|          0|
    |trunc_ln731_reg_4264                     |  16|   0|   16|          0|
    |x_V_int_reg                              |  34|   0|   34|          0|
    |x_V_read_reg_4259                        |  34|   0|   34|          0|
    |zext_ln1494_2_reg_4552                   |  11|   0|   29|         18|
    |zext_ln1494_6_reg_4663                   |   7|   0|   29|         22|
    |icmp_ln1495_reg_4292                     |  64|  32|    1|          0|
    |icmp_ln318_reg_4297                      |  64|  32|    1|          0|
    |select_ln488_24_reg_4371                 |  64|  32|   13|          0|
    |tmp_26_reg_4439                          |  64|  32|    9|          0|
    |tmp_28_reg_4449                          |  64|  32|    8|          0|
    |tmp_30_reg_4459                          |  64|  32|    7|          0|
    |tmp_32_reg_4469                          |  64|  32|    6|          0|
    |tmp_34_reg_4479                          |  64|  32|    5|          0|
    |tmp_36_reg_4489                          |  64|  32|    4|          0|
    |tmp_39_reg_4499                          |  64|  32|    3|          0|
    |tmp_42_reg_4509                          |  64|  32|    2|          0|
    |tmp_63_reg_4519                          |  64|  32|    1|          0|
    |trunc_ln708_31_reg_4444                  |  64|  32|    4|          0|
    |trunc_ln708_32_reg_4454                  |  64|  32|    5|          0|
    |trunc_ln708_33_reg_4464                  |  64|  32|    6|          0|
    |trunc_ln708_34_reg_4474                  |  64|  32|    7|          0|
    |trunc_ln708_35_reg_4484                  |  64|  32|    8|          0|
    |trunc_ln708_36_reg_4494                  |  64|  32|    9|          0|
    |trunc_ln708_37_reg_4504                  |  64|  32|   10|          0|
    |trunc_ln708_38_reg_4514                  |  64|  32|   11|          0|
    |trunc_ln708_39_reg_4524                  |  64|  32|   12|          0|
    |trunc_ln731_reg_4264                     |  64|  32|   16|          0|
    |x_V_read_reg_4259                        |  64|  32|   34|          0|
    +-----------------------------------------+----+----+-----+-----------+
    |Total                                    |3183| 736| 2042|        149|
    +-----------------------------------------+----+----+-----+-----------+



================================================================
== Interface
================================================================
* Summary: 
+-----------+-----+-----+------------+--------------------+--------------+
| RTL Ports | Dir | Bits|  Protocol  |    Source Object   |    C Type    |
+-----------+-----+-----+------------+--------------------+--------------+
|ap_clk     |  in |    1| ap_ctrl_hs | sqrt_fixed<42, 26> | return value |
|ap_rst     |  in |    1| ap_ctrl_hs | sqrt_fixed<42, 26> | return value |
|ap_return  | out |   29| ap_ctrl_hs | sqrt_fixed<42, 26> | return value |
|x_V        |  in |   34|   ap_none  |         x_V        |    scalar    |
+-----------+-----+-----+------------+--------------------+--------------+

