#-----------------------------------------------------------
# xsim v2019.2 (64-bit)
# SW Build 2708876 on Wed Nov  6 21:39:14 MST 2019
# IP Build 2700528 on Thu Nov  7 00:09:20 MST 2019
# Start of session at: Mon Nov 25 13:06:30 2024
# Process ID: 711092
# Current directory: /home/pis7/ece6775/ece6775-final/ecelinux/attention.prj/solution1/sim/verilog
# Command line: xsim -mode tcl -source {xsim.dir/dut/xsim_script.tcl}
# Log file: /home/pis7/ece6775/ece6775-final/ecelinux/attention.prj/solution1/sim/verilog/xsim.log
# Journal file: /home/pis7/ece6775/ece6775-final/ecelinux/attention.prj/solution1/sim/verilog/xsim.jou
#-----------------------------------------------------------
source xsim.dir/dut/xsim_script.tcl
# xsim {dut} -autoloadwcfg -tclbatch {dut.tcl}
Vivado Simulator 2019.2
Time resolution is 1 ps
source dut.tcl
## run all
////////////////////////////////////////////////////////////////////////////////////
// Inter-Transaction Progress: Completed Transaction / Total Transaction
// Intra-Transaction Progress: Measured Latency / Latency Estimation * 100%
//
// RTL Simulation : "Inter-Transaction Progress" ["Intra-Transaction Progress"] @ "Simulation Time"
////////////////////////////////////////////////////////////////////////////////////
// RTL Simulation : 0 / 1 [0.00%] @ "125000"
// RTL Simulation : 1 / 1 [100.00%] @ "35445000"
////////////////////////////////////////////////////////////////////////////////////
$finish called at time : 35485 ns : File "/home/pis7/ece6775/ece6775-final/ecelinux/attention.prj/solution1/sim/verilog/dut.autotb.v" Line 271
## quit
INFO: [Common 17-206] Exiting xsim at Mon Nov 25 13:06:37 2024...
