

================================================================
== Vivado HLS Report for 'GEMM_3D_float_1'
================================================================
* Date:           Fri Nov 29 11:44:52 2024

* Version:        2019.2 (Build 2704478 on Wed Nov 06 22:10:23 MST 2019)
* Project:        attention_64th.prj
* Solution:       solution1
* Product family: zynq
* Target device:  xc7z020-clg484-1


================================================================
== Performance Estimates
================================================================
+ Timing: 
    * Summary: 
    +--------+----------+----------+------------+
    |  Clock |  Target  | Estimated| Uncertainty|
    +--------+----------+----------+------------+
    |ap_clk  | 10.00 ns | 8.510 ns |   1.25 ns  |
    +--------+----------+----------+------------+

+ Latency: 
    * Summary: 
    +---------+---------+----------+----------+-----+-----+---------+
    |  Latency (cycles) |  Latency (absolute) |  Interval | Pipeline|
    |   min   |   max   |    min   |    max   | min | max |   Type  |
    +---------+---------+----------+----------+-----+-----+---------+
    |      749|      749| 7.490 us | 7.490 us |  749|  749|   none  |
    +---------+---------+----------+----------+-----+-----+---------+

    + Detail: 
        * Instance: 
        N/A

        * Loop: 
        +---------------------------+---------+---------+----------+-----------+-----------+------+----------+
        |                           |  Latency (cycles) | Iteration|  Initiation Interval  | Trip |          |
        |         Loop Name         |   min   |   max   |  Latency |  achieved |   target  | Count| Pipelined|
        +---------------------------+---------+---------+----------+-----------+-----------+------+----------+
        |- GEMM_3D_FLOAT_LOOP_1     |      748|      748|       374|          -|          -|     2|    no    |
        | + GEMM_3D_FLOAT_LOOP_3    |      372|      372|        62|          -|          -|     6|    no    |
        |  ++ GEMM_3D_FLOAT_LOOP_4  |       60|       60|         5|          -|          -|    12|    no    |
        +---------------------------+---------+---------+----------+-----------+-----------+------+----------+



================================================================
== Utilization Estimates
================================================================
* Summary: 
+-----------------+---------+-------+--------+-------+-----+
|       Name      | BRAM_18K| DSP48E|   FF   |  LUT  | URAM|
+-----------------+---------+-------+--------+-------+-----+
|DSP              |        -|      -|       -|      -|    -|
|Expression       |        -|      5|       0|    232|    -|
|FIFO             |        -|      -|       -|      -|    -|
|Instance         |        -|      -|       -|      -|    -|
|Memory           |        -|      -|       -|      -|    -|
|Multiplexer      |        -|      -|       -|     80|    -|
|Register         |        -|      -|     236|      -|    -|
+-----------------+---------+-------+--------+-------+-----+
|Total            |        0|      5|     236|    312|    0|
+-----------------+---------+-------+--------+-------+-----+
|Available        |      280|    220|  106400|  53200|    0|
+-----------------+---------+-------+--------+-------+-----+
|Utilization (%)  |        0|      2|   ~0   |   ~0  |    0|
+-----------------+---------+-------+--------+-------+-----+

+ Detail: 
    * Instance: 
    N/A

    * DSP48E: 
    N/A

    * Memory: 
    N/A

    * FIFO: 
    N/A

    * Expression: 
    +----------------------+----------+-------+---+----+------------+------------+
    |     Variable Name    | Operation| DSP48E| FF| LUT| Bitwidth P0| Bitwidth P1|
    +----------------------+----------+-------+---+----+------------+------------+
    |mul_ln1192_fu_326_p2  |     *    |      5|  0|  29|          40|          40|
    |add_ln1116_fu_276_p2  |     +    |      0|  0|  15|           8|           8|
    |add_ln1117_fu_307_p2  |     +    |      0|  0|   9|           9|           9|
    |add_ln1192_fu_340_p2  |     +    |      0|  0|  63|          56|          56|
    |add_ln203_fu_250_p2   |     +    |      0|  0|  15|           5|           5|
    |add_ln272_fu_236_p2   |     +    |      0|  0|  12|           3|           1|
    |add_ln274_fu_266_p2   |     +    |      0|  0|  13|           4|           1|
    |i_fu_164_p2           |     +    |      0|  0|  10|           2|           1|
    |sub_ln1116_fu_194_p2  |     -    |      0|  0|  15|           7|           7|
    |sub_ln1117_fu_301_p2  |     -    |      0|  0|   9|           9|           9|
    |sub_ln203_fu_224_p2   |     -    |      0|  0|  15|           5|           5|
    |icmp_ln270_fu_158_p2  |   icmp   |      0|  0|   9|           2|           3|
    |icmp_ln272_fu_230_p2  |   icmp   |      0|  0|   9|           3|           3|
    |icmp_ln274_fu_260_p2  |   icmp   |      0|  0|   9|           4|           4|
    +----------------------+----------+-------+---+----+------------+------------+
    |Total                 |          |      5|  0| 232|         157|         152|
    +----------------------+----------+-------+---+----+------------+------------+

    * Multiplexer: 
    +-------------------------+----+-----------+-----+-----------+
    |           Name          | LUT| Input Size| Bits| Total Bits|
    +-------------------------+----+-----------+-----+-----------+
    |ap_NS_fsm                |  44|          9|    1|          9|
    |i_0_reg_112              |   9|          2|    2|          4|
    |k_0_0_reg_123            |   9|          2|    3|          6|
    |l_0_0_reg_147            |   9|          2|    4|          8|
    |output_0_V_load_reg_134  |   9|          2|   40|         80|
    +-------------------------+----+-----------+-----+-----------+
    |Total                    |  80|         17|   50|        107|
    +-------------------------+----+-----------+-----+-----------+

    * Register: 
    +--------------------------+----+----+-----+-----------+
    |           Name           | FF | LUT| Bits| Const Bits|
    +--------------------------+----+----+-----+-----------+
    |add_ln1116_reg_399        |   8|   0|    8|          0|
    |add_ln1117_reg_404        |   9|   0|    9|          0|
    |add_ln272_reg_376         |   3|   0|    3|          0|
    |add_ln274_reg_394         |   4|   0|    4|          0|
    |ap_CS_fsm                 |   8|   0|    8|          0|
    |i_0_reg_112               |   2|   0|    2|          0|
    |i_reg_358                 |   2|   0|    2|          0|
    |input_1_0_V_load_reg_419  |  40|   0|   40|          0|
    |input_2_V_load_reg_424    |  40|   0|   40|          0|
    |k_0_0_reg_123             |   3|   0|    3|          0|
    |l_0_0_reg_147             |   4|   0|    4|          0|
    |mul_ln1192_reg_429        |  56|   0|   56|          0|
    |output_0_V_addr_reg_386   |   4|   0|    4|          0|
    |output_0_V_load_reg_134   |  40|   0|   40|          0|
    |sext_ln1116_reg_363       |   6|   0|    8|          2|
    |sub_ln203_reg_368         |   4|   0|    5|          1|
    |zext_ln203_14_reg_381     |   3|   0|    9|          6|
    +--------------------------+----+----+-----+-----------+
    |Total                     | 236|   0|  245|          9|
    +--------------------------+----+----+-----+-----------+



================================================================
== Interface
================================================================
* Summary: 
+----------------------+-----+-----+------------+-----------------+--------------+
|       RTL Ports      | Dir | Bits|  Protocol  |  Source Object  |    C Type    |
+----------------------+-----+-----+------------+-----------------+--------------+
|ap_clk                |  in |    1| ap_ctrl_hs | GEMM_3D_float.1 | return value |
|ap_rst                |  in |    1| ap_ctrl_hs | GEMM_3D_float.1 | return value |
|ap_start              |  in |    1| ap_ctrl_hs | GEMM_3D_float.1 | return value |
|ap_done               | out |    1| ap_ctrl_hs | GEMM_3D_float.1 | return value |
|ap_idle               | out |    1| ap_ctrl_hs | GEMM_3D_float.1 | return value |
|ap_ready              | out |    1| ap_ctrl_hs | GEMM_3D_float.1 | return value |
|input_1_0_V_address0  | out |    5|  ap_memory |   input_1_0_V   |     array    |
|input_1_0_V_ce0       | out |    1|  ap_memory |   input_1_0_V   |     array    |
|input_1_0_V_q0        |  in |   40|  ap_memory |   input_1_0_V   |     array    |
|input_2_V_address0    | out |    8|  ap_memory |    input_2_V    |     array    |
|input_2_V_ce0         | out |    1|  ap_memory |    input_2_V    |     array    |
|input_2_V_q0          |  in |   40|  ap_memory |    input_2_V    |     array    |
|output_0_V_address0   | out |    4|  ap_memory |    output_0_V   |     array    |
|output_0_V_ce0        | out |    1|  ap_memory |    output_0_V   |     array    |
|output_0_V_we0        | out |    1|  ap_memory |    output_0_V   |     array    |
|output_0_V_d0         | out |   40|  ap_memory |    output_0_V   |     array    |
+----------------------+-----+-----+------------+-----------------+--------------+

