

================================================================
== Vivado HLS Report for 'quantize_activation'
================================================================
* Date:           Thu Nov 28 21:59:58 2024

* Version:        2019.2 (Build 2704478 on Wed Nov 06 22:10:23 MST 2019)
* Project:        out.prj
* Solution:       solution1
* Product family: zynq
* Target device:  xc7z020-clg484-1


================================================================
== Performance Estimates
================================================================
+ Timing: 
    * Summary: 
    +--------+----------+----------+------------+
    |  Clock |  Target  | Estimated| Uncertainty|
    +--------+----------+----------+------------+
    |ap_clk  | 10.00 ns | 8.510 ns |   1.25 ns  |
    +--------+----------+----------+------------+

+ Latency: 
    * Summary: 
    +---------+---------+----------+----------+-------+-------+---------+
    |  Latency (cycles) |  Latency (absolute) |    Interval   | Pipeline|
    |   min   |   max   |    min   |    max   |  min  |  max  |   Type  |
    +---------+---------+----------+----------+-------+-------+---------+
    |    12325|    12325| 0.123 ms | 0.123 ms |  12325|  12325|   none  |
    +---------+---------+----------+----------+-------+-------+---------+

    + Detail: 
        * Instance: 
        N/A

        * Loop: 
        +--------------+---------+---------+----------+-----------+-----------+------+----------+
        |              |  Latency (cycles) | Iteration|  Initiation Interval  | Trip |          |
        |   Loop Name  |   min   |   max   |  Latency |  achieved |   target  | Count| Pipelined|
        +--------------+---------+---------+----------+-----------+-----------+------+----------+
        |- l_S_j_0_j   |     4608|     4608|         3|          -|          -|  1536|    no    |
        |- l_S_j_1_j1  |     7680|     7680|         5|          -|          -|  1536|    no    |
        +--------------+---------+---------+----------+-----------+-----------+------+----------+



================================================================
== Utilization Estimates
================================================================
* Summary: 
+-----------------+---------+-------+--------+-------+-----+
|       Name      | BRAM_18K| DSP48E|   FF   |  LUT  | URAM|
+-----------------+---------+-------+--------+-------+-----+
|DSP              |        -|      -|       -|      -|    -|
|Expression       |        -|      4|       0|    424|    -|
|FIFO             |        -|      -|       -|      -|    -|
|Instance         |        -|      -|     394|    238|    -|
|Memory           |        -|      -|       -|      -|    -|
|Multiplexer      |        -|      -|       -|    239|    -|
|Register         |        -|      -|     292|      -|    -|
+-----------------+---------+-------+--------+-------+-----+
|Total            |        0|      4|     686|    901|    0|
+-----------------+---------+-------+--------+-------+-----+
|Available        |      280|    220|  106400|  53200|    0|
+-----------------+---------+-------+--------+-------+-----+
|Utilization (%)  |        0|      1|   ~0   |      1|    0|
+-----------------+---------+-------+--------+-------+-----+

+ Detail: 
    * Instance: 
    +--------------------------+----------------------+---------+-------+-----+-----+-----+
    |         Instance         |        Module        | BRAM_18K| DSP48E|  FF | LUT | URAM|
    +--------------------------+----------------------+---------+-------+-----+-----+-----+
    |attention_udiv_32xdS_U42  |attention_udiv_32xdS  |        0|      0|  394|  238|    0|
    +--------------------------+----------------------+---------+-------+-----+-----+-----+
    |Total                     |                      |        0|      0|  394|  238|    0|
    +--------------------------+----------------------+---------+-------+-----+-----+-----+

    * DSP48E: 
    N/A

    * Memory: 
    N/A

    * FIFO: 
    N/A

    * Expression: 
    +-------------------------+----------+-------+---+----+------------+------------+
    |      Variable Name      | Operation| DSP48E| FF| LUT| Bitwidth P0| Bitwidth P1|
    +-------------------------+----------+-------+---+----+------------+------------+
    |mul_ln1118_fu_248_p2     |     *    |      4|  0|  20|          32|          32|
    |add_ln104_fu_276_p2      |     +    |      0|  0|  39|          32|          32|
    |add_ln700_fu_309_p2      |     +    |      0|  0|  27|           1|          20|
    |add_ln70_fu_150_p2       |     +    |      0|  0|  13|          11|           1|
    |add_ln97_fu_233_p2       |     +    |      0|  0|  13|          11|           1|
    |sub_ln1118_fu_185_p2     |     -    |      0|  0|  52|           1|          45|
    |icmp_ln110_fu_341_p2     |   icmp   |      0|  0|  18|          20|           9|
    |icmp_ln112_fu_346_p2     |   icmp   |      0|  0|  13|          13|           1|
    |icmp_ln1494_1_fu_263_p2  |   icmp   |      0|  0|  18|          32|           1|
    |icmp_ln1494_fu_167_p2    |   icmp   |      0|  0|  18|          32|           1|
    |icmp_ln1495_fu_209_p2    |   icmp   |      0|  0|  18|          32|          32|
    |icmp_ln70_fu_144_p2      |   icmp   |      0|  0|  13|          11|          11|
    |icmp_ln851_fu_303_p2     |   icmp   |      0|  0|  13|          12|           1|
    |icmp_ln97_fu_227_p2      |   icmp   |      0|  0|  13|          11|          11|
    |or_ln115_fu_362_p2       |    or    |      0|  0|   2|           1|           1|
    |select_ln104_fu_268_p3   |  select  |      0|  0|  13|           1|          12|
    |select_ln115_fu_354_p3   |  select  |      0|  0|   9|           1|           9|
    |select_ln74_fu_201_p3    |  select  |      0|  0|  32|           1|          32|
    |select_ln80_fu_215_p3    |  select  |      0|  0|  32|           1|          32|
    |select_ln850_fu_323_p3   |  select  |      0|  0|  20|           1|          20|
    |select_ln851_fu_315_p3   |  select  |      0|  0|  20|           1|          20|
    |v24_0_d0                 |  select  |      0|  0|   8|           1|           8|
    +-------------------------+----------+-------+---+----+------------+------------+
    |Total                    |          |      4|  0| 424|         259|         332|
    +-------------------------+----------+-------+---+----+------------+------------+

    * Multiplexer: 
    +------------------+-----+-----------+-----+-----------+
    |       Name       | LUT | Input Size| Bits| Total Bits|
    +------------------+-----+-----------+-----+-----------+
    |ap_NS_fsm         |  197|         45|    1|         45|
    |j1_0_0_reg_129    |    9|          2|   11|         22|
    |j_0_0_reg_118     |    9|          2|   11|         22|
    |v22_0_V_address0  |   15|          3|   11|         33|
    |v45_V_0_reg_106   |    9|          2|   32|         64|
    +------------------+-----+-----------+-----+-----------+
    |Total             |  239|         54|   66|        186|
    +------------------+-----+-----------+-----+-----------+

    * Register: 
    +-----------------------+----+----+-----+-----------+
    |          Name         | FF | LUT| Bits| Const Bits|
    +-----------------------+----+----+-----+-----------+
    |add_ln70_reg_380       |  11|   0|   11|          0|
    |add_ln97_reg_407       |  11|   0|   11|          0|
    |ap_CS_fsm              |  44|   0|   44|          0|
    |j1_0_0_reg_129         |  11|   0|   11|          0|
    |j_0_0_reg_118          |  11|   0|   11|          0|
    |reg_140                |  32|   0|   32|          0|
    |select_ln850_reg_428   |  20|   0|   20|          0|
    |tmp_5_reg_434          |  13|   0|   13|          0|
    |trunc_ln708_3_reg_422  |  32|   0|   32|          0|
    |udiv_ln1148_reg_395    |  32|   0|   32|          0|
    |v45_V_0_reg_106        |  32|   0|   32|          0|
    |zext_ln97_reg_399      |  32|   0|   44|         12|
    |zext_ln98_reg_412      |  11|   0|   64|         53|
    +-----------------------+----+----+-----+-----------+
    |Total                  | 292|   0|  357|         65|
    +-----------------------+----+----+-----+-----------+



================================================================
== Interface
================================================================
* Summary: 
+------------------+-----+-----+------------+---------------------+--------------+
|     RTL Ports    | Dir | Bits|  Protocol  |    Source Object    |    C Type    |
+------------------+-----+-----+------------+---------------------+--------------+
|ap_clk            |  in |    1| ap_ctrl_hs | quantize_activation | return value |
|ap_rst            |  in |    1| ap_ctrl_hs | quantize_activation | return value |
|ap_start          |  in |    1| ap_ctrl_hs | quantize_activation | return value |
|ap_done           | out |    1| ap_ctrl_hs | quantize_activation | return value |
|ap_idle           | out |    1| ap_ctrl_hs | quantize_activation | return value |
|ap_ready          | out |    1| ap_ctrl_hs | quantize_activation | return value |
|ap_return         | out |   32| ap_ctrl_hs | quantize_activation | return value |
|v22_0_V_address0  | out |   11|  ap_memory |       v22_0_V       |     array    |
|v22_0_V_ce0       | out |    1|  ap_memory |       v22_0_V       |     array    |
|v22_0_V_q0        |  in |   32|  ap_memory |       v22_0_V       |     array    |
|v24_0_address0    | out |   11|  ap_memory |        v24_0        |     array    |
|v24_0_ce0         | out |    1|  ap_memory |        v24_0        |     array    |
|v24_0_we0         | out |    1|  ap_memory |        v24_0        |     array    |
|v24_0_d0          | out |    8|  ap_memory |        v24_0        |     array    |
+------------------+-----+-----+------------+---------------------+--------------+

============================================================
+ Verbose Summary: Synthesis Manager
============================================================
InlineROM: 1
ExposeGlobal: 0
============================================================
+ Verbose Summary: CDFG Model
============================================================
IsTopModel: 0
ResetActiveHigh: 1
IsCombinational: 2
IsDatapathOnly: 2
HasWiredReturn: 1
HasMFsm: 0
HasVarLatency: 1
IsPipeline: 0
IsRtlPipelined: 0
IsInstanceOverlapped: 0
IsDontTouch: 0
HasImplIP: 0
IsGatedGlobalClock: 0


============================================================
+ Verbose Summary: Schedule
============================================================
* Number of FSM states : 44
* Pipeline : 0
* Dataflow Pipeline: 0

* FSM state transitions: 
1 --> 2 
2 --> 3 5 
3 --> 4 
4 --> 2 
5 --> 6 
6 --> 7 
7 --> 8 
8 --> 9 
9 --> 10 
10 --> 11 
11 --> 12 
12 --> 13 
13 --> 14 
14 --> 15 
15 --> 16 
16 --> 17 
17 --> 18 
18 --> 19 
19 --> 20 
20 --> 21 
21 --> 22 
22 --> 23 
23 --> 24 
24 --> 25 
25 --> 26 
26 --> 27 
27 --> 28 
28 --> 29 
29 --> 30 
30 --> 31 
31 --> 32 
32 --> 33 
33 --> 34 
34 --> 35 
35 --> 36 
36 --> 37 
37 --> 38 
38 --> 39 
39 --> 40 
40 --> 41 
41 --> 42 
42 --> 43 
43 --> 44 
44 --> 40 

* FSM state operations: 

State 1 <SV = 0> <Delay = 1.76>
ST_1 : Operation 45 [1/1] (0.00ns)   --->   "%tmp = call i32 (...)* @_ssdm_op_SpecRegionBegin([11 x i8]* @p_str3)" [kernel.cpp:67]   --->   Operation 45 'specregionbegin' 'tmp' <Predicate = true> <Delay = 0.00>
ST_1 : Operation 46 [1/1] (1.76ns)   --->   "br label %1" [kernel.cpp:70]   --->   Operation 46 'br' <Predicate = true> <Delay = 1.76>

State 2 <SV = 1> <Delay = 4.13>
ST_2 : Operation 47 [1/1] (0.00ns)   --->   "%v45_V_0 = phi i32 [ 0, %l_S_i_0_i2_begin ], [ %select_ln80, %_ZN8ap_fixedILi32ELi20EL9ap_q_mode5EL9ap_o_mode3ELi0EEC1ILi64ELi40ELb1ELS0_5ELS1_3ELi0EEERK13ap_fixed_baseIXT_EXT0_EXT1_EXT2_EXT3_EXT4_EE.exit86.0 ]" [kernel.cpp:80]   --->   Operation 47 'phi' 'v45_V_0' <Predicate = true> <Delay = 0.00>
ST_2 : Operation 48 [1/1] (0.00ns)   --->   "%j_0_0 = phi i11 [ 0, %l_S_i_0_i2_begin ], [ %add_ln70, %_ZN8ap_fixedILi32ELi20EL9ap_q_mode5EL9ap_o_mode3ELi0EEC1ILi64ELi40ELb1ELS0_5ELS1_3ELi0EEERK13ap_fixed_baseIXT_EXT0_EXT1_EXT2_EXT3_EXT4_EE.exit86.0 ]" [kernel.cpp:70]   --->   Operation 48 'phi' 'j_0_0' <Predicate = true> <Delay = 0.00>
ST_2 : Operation 49 [1/1] (1.88ns)   --->   "%icmp_ln70 = icmp eq i11 %j_0_0, -512" [kernel.cpp:70]   --->   Operation 49 'icmp' 'icmp_ln70' <Predicate = true> <Delay = 1.88> <Core = "Cmp">   --->   Core 25 'Cmp' <Latency = 0> <II = 1> <Delay = 1.88> <FuncUnit> <Opcode : 'icmp'> <InPorts = 2> <OutPorts = 1>
ST_2 : Operation 50 [1/1] (0.00ns)   --->   "%empty_74 = call i32 (...)* @_ssdm_op_SpecLoopTripCount(i64 1536, i64 1536, i64 1536)"   --->   Operation 50 'speclooptripcount' 'empty_74' <Predicate = true> <Delay = 0.00>
ST_2 : Operation 51 [1/1] (1.63ns)   --->   "%add_ln70 = add i11 %j_0_0, 1" [kernel.cpp:70]   --->   Operation 51 'add' 'add_ln70' <Predicate = true> <Delay = 1.63> <Core = "AddSub">   --->   Core 14 'AddSub' <Latency = 0> <II = 1> <Delay = 3.01> <FuncUnit> <Opcode : 'add' 'sub'> <InPorts = 2> <OutPorts = 1>
ST_2 : Operation 52 [1/1] (0.00ns)   --->   "br i1 %icmp_ln70, label %_ZN8ap_fixedILi32ELi20EL9ap_q_mode5EL9ap_o_mode3ELi0EEC1Ei.exit.0, label %_ZN8ap_fixedILi32ELi20EL9ap_q_mode5EL9ap_o_mode3ELi0EEC1ILi64ELi40ELb1ELS0_5ELS1_3ELi0EEERK13ap_fixed_baseIXT_EXT0_EXT1_EXT2_EXT3_EXT4_EE.exit86.0" [kernel.cpp:70]   --->   Operation 52 'br' <Predicate = true> <Delay = 0.00>
ST_2 : Operation 53 [1/1] (0.00ns)   --->   "%zext_ln71 = zext i11 %j_0_0 to i64" [kernel.cpp:71]   --->   Operation 53 'zext' 'zext_ln71' <Predicate = (!icmp_ln70)> <Delay = 0.00>
ST_2 : Operation 54 [1/1] (0.00ns)   --->   "%v22_0_V_addr = getelementptr [1536 x i32]* %v22_0_V, i64 0, i64 %zext_ln71" [kernel.cpp:71]   --->   Operation 54 'getelementptr' 'v22_0_V_addr' <Predicate = (!icmp_ln70)> <Delay = 0.00>
ST_2 : Operation 55 [2/2] (3.25ns)   --->   "%v22_0_V_load = load i32* %v22_0_V_addr, align 4" [kernel.cpp:71]   --->   Operation 55 'load' 'v22_0_V_load' <Predicate = (!icmp_ln70)> <Delay = 3.25> <Core = "RAM">   --->   Core 37 'RAM' <Latency = 1> <II = 1> <Delay = 3.25> <Storage> <Opcode : 'load' 'store'> <Ports = 2> <Width = 8> <Depth = 1536> <RAM>
ST_2 : Operation 56 [36/36] (4.13ns)   --->   "%udiv_ln1148 = udiv i32 2130706432, %v45_V_0" [kernel.cpp:92]   --->   Operation 56 'udiv' 'udiv_ln1148' <Predicate = (icmp_ln70)> <Delay = 4.13> <Core = "DivnS_SEQ">   --->   Core 24 'DivnS_SEQ' <Latency = 35> <II = 32> <Delay = 4.13> <FuncUnit> <Opcode : 'sdiv' 'srem' 'udiv' 'urem'> <InPorts = 2> <OutPorts = 1>

State 3 <SV = 2> <Delay = 3.25>
ST_3 : Operation 57 [1/2] (3.25ns)   --->   "%v22_0_V_load = load i32* %v22_0_V_addr, align 4" [kernel.cpp:71]   --->   Operation 57 'load' 'v22_0_V_load' <Predicate = true> <Delay = 3.25> <Core = "RAM">   --->   Core 37 'RAM' <Latency = 1> <II = 1> <Delay = 3.25> <Storage> <Opcode : 'load' 'store'> <Ports = 2> <Width = 8> <Depth = 1536> <RAM>

State 4 <SV = 3> <Delay = 6.85>
ST_4 : Operation 58 [1/1] (0.00ns)   --->   "call void (...)* @_ssdm_op_SpecLoopName([10 x i8]* @p_str4) nounwind" [kernel.cpp:70]   --->   Operation 58 'specloopname' <Predicate = true> <Delay = 0.00>
ST_4 : Operation 59 [1/1] (2.47ns)   --->   "%icmp_ln1494 = icmp sgt i32 %v22_0_V_load, 0" [kernel.cpp:72]   --->   Operation 59 'icmp' 'icmp_ln1494' <Predicate = true> <Delay = 2.47> <Core = "Cmp">   --->   Core 25 'Cmp' <Latency = 0> <II = 1> <Delay = 1.88> <FuncUnit> <Opcode : 'icmp'> <InPorts = 2> <OutPorts = 1>
ST_4 : Operation 60 [1/1] (0.00ns)   --->   "%shl_ln = call i44 @_ssdm_op_BitConcatenate.i44.i32.i12(i32 %v22_0_V_load, i12 0)" [kernel.cpp:73]   --->   Operation 60 'bitconcatenate' 'shl_ln' <Predicate = true> <Delay = 0.00>
ST_4 : Operation 61 [1/1] (0.00ns)   --->   "%zext_ln1118 = zext i44 %shl_ln to i45" [kernel.cpp:73]   --->   Operation 61 'zext' 'zext_ln1118' <Predicate = true> <Delay = 0.00>
ST_4 : Operation 62 [1/1] (2.98ns)   --->   "%sub_ln1118 = sub i45 0, %zext_ln1118" [kernel.cpp:73]   --->   Operation 62 'sub' 'sub_ln1118' <Predicate = true> <Delay = 2.98> <Core = "AddSub">   --->   Core 14 'AddSub' <Latency = 0> <II = 1> <Delay = 3.01> <FuncUnit> <Opcode : 'add' 'sub'> <InPorts = 2> <OutPorts = 1>
ST_4 : Operation 63 [1/1] (0.00ns)   --->   "%trunc_ln = call i32 @_ssdm_op_PartSelect.i32.i45.i32.i32(i45 %sub_ln1118, i32 12, i32 43)" [kernel.cpp:73]   --->   Operation 63 'partselect' 'trunc_ln' <Predicate = true> <Delay = 0.00>
ST_4 : Operation 64 [1/1] (0.69ns)   --->   "%select_ln74 = select i1 %icmp_ln1494, i32 %v22_0_V_load, i32 %trunc_ln" [kernel.cpp:74]   --->   Operation 64 'select' 'select_ln74' <Predicate = true> <Delay = 0.69> <Core = "Sel">   --->   Core 26 'Sel' <Latency = 0> <II = 1> <Delay = 1.24> <FuncUnit> <Opcode : 'select'> <InPorts = 3> <OutPorts = 1>
ST_4 : Operation 65 [1/1] (2.47ns)   --->   "%icmp_ln1495 = icmp slt i32 %v45_V_0, %select_ln74" [kernel.cpp:79]   --->   Operation 65 'icmp' 'icmp_ln1495' <Predicate = true> <Delay = 2.47> <Core = "Cmp">   --->   Core 25 'Cmp' <Latency = 0> <II = 1> <Delay = 1.88> <FuncUnit> <Opcode : 'icmp'> <InPorts = 2> <OutPorts = 1>
ST_4 : Operation 66 [1/1] (0.69ns)   --->   "%select_ln80 = select i1 %icmp_ln1495, i32 %select_ln74, i32 %v45_V_0" [kernel.cpp:80]   --->   Operation 66 'select' 'select_ln80' <Predicate = true> <Delay = 0.69> <Core = "Sel">   --->   Core 26 'Sel' <Latency = 0> <II = 1> <Delay = 1.24> <FuncUnit> <Opcode : 'select'> <InPorts = 3> <OutPorts = 1>
ST_4 : Operation 67 [1/1] (0.00ns)   --->   "br label %1" [kernel.cpp:70]   --->   Operation 67 'br' <Predicate = true> <Delay = 0.00>

State 5 <SV = 2> <Delay = 4.13>
ST_5 : Operation 68 [35/36] (4.13ns)   --->   "%udiv_ln1148 = udiv i32 2130706432, %v45_V_0" [kernel.cpp:92]   --->   Operation 68 'udiv' 'udiv_ln1148' <Predicate = true> <Delay = 4.13> <Core = "DivnS_SEQ">   --->   Core 24 'DivnS_SEQ' <Latency = 35> <II = 32> <Delay = 4.13> <FuncUnit> <Opcode : 'sdiv' 'srem' 'udiv' 'urem'> <InPorts = 2> <OutPorts = 1>

State 6 <SV = 3> <Delay = 4.13>
ST_6 : Operation 69 [34/36] (4.13ns)   --->   "%udiv_ln1148 = udiv i32 2130706432, %v45_V_0" [kernel.cpp:92]   --->   Operation 69 'udiv' 'udiv_ln1148' <Predicate = true> <Delay = 4.13> <Core = "DivnS_SEQ">   --->   Core 24 'DivnS_SEQ' <Latency = 35> <II = 32> <Delay = 4.13> <FuncUnit> <Opcode : 'sdiv' 'srem' 'udiv' 'urem'> <InPorts = 2> <OutPorts = 1>

State 7 <SV = 4> <Delay = 4.13>
ST_7 : Operation 70 [33/36] (4.13ns)   --->   "%udiv_ln1148 = udiv i32 2130706432, %v45_V_0" [kernel.cpp:92]   --->   Operation 70 'udiv' 'udiv_ln1148' <Predicate = true> <Delay = 4.13> <Core = "DivnS_SEQ">   --->   Core 24 'DivnS_SEQ' <Latency = 35> <II = 32> <Delay = 4.13> <FuncUnit> <Opcode : 'sdiv' 'srem' 'udiv' 'urem'> <InPorts = 2> <OutPorts = 1>

State 8 <SV = 5> <Delay = 4.13>
ST_8 : Operation 71 [32/36] (4.13ns)   --->   "%udiv_ln1148 = udiv i32 2130706432, %v45_V_0" [kernel.cpp:92]   --->   Operation 71 'udiv' 'udiv_ln1148' <Predicate = true> <Delay = 4.13> <Core = "DivnS_SEQ">   --->   Core 24 'DivnS_SEQ' <Latency = 35> <II = 32> <Delay = 4.13> <FuncUnit> <Opcode : 'sdiv' 'srem' 'udiv' 'urem'> <InPorts = 2> <OutPorts = 1>

State 9 <SV = 6> <Delay = 4.13>
ST_9 : Operation 72 [31/36] (4.13ns)   --->   "%udiv_ln1148 = udiv i32 2130706432, %v45_V_0" [kernel.cpp:92]   --->   Operation 72 'udiv' 'udiv_ln1148' <Predicate = true> <Delay = 4.13> <Core = "DivnS_SEQ">   --->   Core 24 'DivnS_SEQ' <Latency = 35> <II = 32> <Delay = 4.13> <FuncUnit> <Opcode : 'sdiv' 'srem' 'udiv' 'urem'> <InPorts = 2> <OutPorts = 1>

State 10 <SV = 7> <Delay = 4.13>
ST_10 : Operation 73 [30/36] (4.13ns)   --->   "%udiv_ln1148 = udiv i32 2130706432, %v45_V_0" [kernel.cpp:92]   --->   Operation 73 'udiv' 'udiv_ln1148' <Predicate = true> <Delay = 4.13> <Core = "DivnS_SEQ">   --->   Core 24 'DivnS_SEQ' <Latency = 35> <II = 32> <Delay = 4.13> <FuncUnit> <Opcode : 'sdiv' 'srem' 'udiv' 'urem'> <InPorts = 2> <OutPorts = 1>

State 11 <SV = 8> <Delay = 4.13>
ST_11 : Operation 74 [29/36] (4.13ns)   --->   "%udiv_ln1148 = udiv i32 2130706432, %v45_V_0" [kernel.cpp:92]   --->   Operation 74 'udiv' 'udiv_ln1148' <Predicate = true> <Delay = 4.13> <Core = "DivnS_SEQ">   --->   Core 24 'DivnS_SEQ' <Latency = 35> <II = 32> <Delay = 4.13> <FuncUnit> <Opcode : 'sdiv' 'srem' 'udiv' 'urem'> <InPorts = 2> <OutPorts = 1>

State 12 <SV = 9> <Delay = 4.13>
ST_12 : Operation 75 [28/36] (4.13ns)   --->   "%udiv_ln1148 = udiv i32 2130706432, %v45_V_0" [kernel.cpp:92]   --->   Operation 75 'udiv' 'udiv_ln1148' <Predicate = true> <Delay = 4.13> <Core = "DivnS_SEQ">   --->   Core 24 'DivnS_SEQ' <Latency = 35> <II = 32> <Delay = 4.13> <FuncUnit> <Opcode : 'sdiv' 'srem' 'udiv' 'urem'> <InPorts = 2> <OutPorts = 1>

State 13 <SV = 10> <Delay = 4.13>
ST_13 : Operation 76 [27/36] (4.13ns)   --->   "%udiv_ln1148 = udiv i32 2130706432, %v45_V_0" [kernel.cpp:92]   --->   Operation 76 'udiv' 'udiv_ln1148' <Predicate = true> <Delay = 4.13> <Core = "DivnS_SEQ">   --->   Core 24 'DivnS_SEQ' <Latency = 35> <II = 32> <Delay = 4.13> <FuncUnit> <Opcode : 'sdiv' 'srem' 'udiv' 'urem'> <InPorts = 2> <OutPorts = 1>

State 14 <SV = 11> <Delay = 4.13>
ST_14 : Operation 77 [26/36] (4.13ns)   --->   "%udiv_ln1148 = udiv i32 2130706432, %v45_V_0" [kernel.cpp:92]   --->   Operation 77 'udiv' 'udiv_ln1148' <Predicate = true> <Delay = 4.13> <Core = "DivnS_SEQ">   --->   Core 24 'DivnS_SEQ' <Latency = 35> <II = 32> <Delay = 4.13> <FuncUnit> <Opcode : 'sdiv' 'srem' 'udiv' 'urem'> <InPorts = 2> <OutPorts = 1>

State 15 <SV = 12> <Delay = 4.13>
ST_15 : Operation 78 [25/36] (4.13ns)   --->   "%udiv_ln1148 = udiv i32 2130706432, %v45_V_0" [kernel.cpp:92]   --->   Operation 78 'udiv' 'udiv_ln1148' <Predicate = true> <Delay = 4.13> <Core = "DivnS_SEQ">   --->   Core 24 'DivnS_SEQ' <Latency = 35> <II = 32> <Delay = 4.13> <FuncUnit> <Opcode : 'sdiv' 'srem' 'udiv' 'urem'> <InPorts = 2> <OutPorts = 1>

State 16 <SV = 13> <Delay = 4.13>
ST_16 : Operation 79 [24/36] (4.13ns)   --->   "%udiv_ln1148 = udiv i32 2130706432, %v45_V_0" [kernel.cpp:92]   --->   Operation 79 'udiv' 'udiv_ln1148' <Predicate = true> <Delay = 4.13> <Core = "DivnS_SEQ">   --->   Core 24 'DivnS_SEQ' <Latency = 35> <II = 32> <Delay = 4.13> <FuncUnit> <Opcode : 'sdiv' 'srem' 'udiv' 'urem'> <InPorts = 2> <OutPorts = 1>

State 17 <SV = 14> <Delay = 4.13>
ST_17 : Operation 80 [23/36] (4.13ns)   --->   "%udiv_ln1148 = udiv i32 2130706432, %v45_V_0" [kernel.cpp:92]   --->   Operation 80 'udiv' 'udiv_ln1148' <Predicate = true> <Delay = 4.13> <Core = "DivnS_SEQ">   --->   Core 24 'DivnS_SEQ' <Latency = 35> <II = 32> <Delay = 4.13> <FuncUnit> <Opcode : 'sdiv' 'srem' 'udiv' 'urem'> <InPorts = 2> <OutPorts = 1>

State 18 <SV = 15> <Delay = 4.13>
ST_18 : Operation 81 [22/36] (4.13ns)   --->   "%udiv_ln1148 = udiv i32 2130706432, %v45_V_0" [kernel.cpp:92]   --->   Operation 81 'udiv' 'udiv_ln1148' <Predicate = true> <Delay = 4.13> <Core = "DivnS_SEQ">   --->   Core 24 'DivnS_SEQ' <Latency = 35> <II = 32> <Delay = 4.13> <FuncUnit> <Opcode : 'sdiv' 'srem' 'udiv' 'urem'> <InPorts = 2> <OutPorts = 1>

State 19 <SV = 16> <Delay = 4.13>
ST_19 : Operation 82 [21/36] (4.13ns)   --->   "%udiv_ln1148 = udiv i32 2130706432, %v45_V_0" [kernel.cpp:92]   --->   Operation 82 'udiv' 'udiv_ln1148' <Predicate = true> <Delay = 4.13> <Core = "DivnS_SEQ">   --->   Core 24 'DivnS_SEQ' <Latency = 35> <II = 32> <Delay = 4.13> <FuncUnit> <Opcode : 'sdiv' 'srem' 'udiv' 'urem'> <InPorts = 2> <OutPorts = 1>

State 20 <SV = 17> <Delay = 4.13>
ST_20 : Operation 83 [20/36] (4.13ns)   --->   "%udiv_ln1148 = udiv i32 2130706432, %v45_V_0" [kernel.cpp:92]   --->   Operation 83 'udiv' 'udiv_ln1148' <Predicate = true> <Delay = 4.13> <Core = "DivnS_SEQ">   --->   Core 24 'DivnS_SEQ' <Latency = 35> <II = 32> <Delay = 4.13> <FuncUnit> <Opcode : 'sdiv' 'srem' 'udiv' 'urem'> <InPorts = 2> <OutPorts = 1>

State 21 <SV = 18> <Delay = 4.13>
ST_21 : Operation 84 [19/36] (4.13ns)   --->   "%udiv_ln1148 = udiv i32 2130706432, %v45_V_0" [kernel.cpp:92]   --->   Operation 84 'udiv' 'udiv_ln1148' <Predicate = true> <Delay = 4.13> <Core = "DivnS_SEQ">   --->   Core 24 'DivnS_SEQ' <Latency = 35> <II = 32> <Delay = 4.13> <FuncUnit> <Opcode : 'sdiv' 'srem' 'udiv' 'urem'> <InPorts = 2> <OutPorts = 1>

State 22 <SV = 19> <Delay = 4.13>
ST_22 : Operation 85 [18/36] (4.13ns)   --->   "%udiv_ln1148 = udiv i32 2130706432, %v45_V_0" [kernel.cpp:92]   --->   Operation 85 'udiv' 'udiv_ln1148' <Predicate = true> <Delay = 4.13> <Core = "DivnS_SEQ">   --->   Core 24 'DivnS_SEQ' <Latency = 35> <II = 32> <Delay = 4.13> <FuncUnit> <Opcode : 'sdiv' 'srem' 'udiv' 'urem'> <InPorts = 2> <OutPorts = 1>

State 23 <SV = 20> <Delay = 4.13>
ST_23 : Operation 86 [17/36] (4.13ns)   --->   "%udiv_ln1148 = udiv i32 2130706432, %v45_V_0" [kernel.cpp:92]   --->   Operation 86 'udiv' 'udiv_ln1148' <Predicate = true> <Delay = 4.13> <Core = "DivnS_SEQ">   --->   Core 24 'DivnS_SEQ' <Latency = 35> <II = 32> <Delay = 4.13> <FuncUnit> <Opcode : 'sdiv' 'srem' 'udiv' 'urem'> <InPorts = 2> <OutPorts = 1>

State 24 <SV = 21> <Delay = 4.13>
ST_24 : Operation 87 [16/36] (4.13ns)   --->   "%udiv_ln1148 = udiv i32 2130706432, %v45_V_0" [kernel.cpp:92]   --->   Operation 87 'udiv' 'udiv_ln1148' <Predicate = true> <Delay = 4.13> <Core = "DivnS_SEQ">   --->   Core 24 'DivnS_SEQ' <Latency = 35> <II = 32> <Delay = 4.13> <FuncUnit> <Opcode : 'sdiv' 'srem' 'udiv' 'urem'> <InPorts = 2> <OutPorts = 1>

State 25 <SV = 22> <Delay = 4.13>
ST_25 : Operation 88 [15/36] (4.13ns)   --->   "%udiv_ln1148 = udiv i32 2130706432, %v45_V_0" [kernel.cpp:92]   --->   Operation 88 'udiv' 'udiv_ln1148' <Predicate = true> <Delay = 4.13> <Core = "DivnS_SEQ">   --->   Core 24 'DivnS_SEQ' <Latency = 35> <II = 32> <Delay = 4.13> <FuncUnit> <Opcode : 'sdiv' 'srem' 'udiv' 'urem'> <InPorts = 2> <OutPorts = 1>

State 26 <SV = 23> <Delay = 4.13>
ST_26 : Operation 89 [14/36] (4.13ns)   --->   "%udiv_ln1148 = udiv i32 2130706432, %v45_V_0" [kernel.cpp:92]   --->   Operation 89 'udiv' 'udiv_ln1148' <Predicate = true> <Delay = 4.13> <Core = "DivnS_SEQ">   --->   Core 24 'DivnS_SEQ' <Latency = 35> <II = 32> <Delay = 4.13> <FuncUnit> <Opcode : 'sdiv' 'srem' 'udiv' 'urem'> <InPorts = 2> <OutPorts = 1>

State 27 <SV = 24> <Delay = 4.13>
ST_27 : Operation 90 [13/36] (4.13ns)   --->   "%udiv_ln1148 = udiv i32 2130706432, %v45_V_0" [kernel.cpp:92]   --->   Operation 90 'udiv' 'udiv_ln1148' <Predicate = true> <Delay = 4.13> <Core = "DivnS_SEQ">   --->   Core 24 'DivnS_SEQ' <Latency = 35> <II = 32> <Delay = 4.13> <FuncUnit> <Opcode : 'sdiv' 'srem' 'udiv' 'urem'> <InPorts = 2> <OutPorts = 1>

State 28 <SV = 25> <Delay = 4.13>
ST_28 : Operation 91 [12/36] (4.13ns)   --->   "%udiv_ln1148 = udiv i32 2130706432, %v45_V_0" [kernel.cpp:92]   --->   Operation 91 'udiv' 'udiv_ln1148' <Predicate = true> <Delay = 4.13> <Core = "DivnS_SEQ">   --->   Core 24 'DivnS_SEQ' <Latency = 35> <II = 32> <Delay = 4.13> <FuncUnit> <Opcode : 'sdiv' 'srem' 'udiv' 'urem'> <InPorts = 2> <OutPorts = 1>

State 29 <SV = 26> <Delay = 4.13>
ST_29 : Operation 92 [11/36] (4.13ns)   --->   "%udiv_ln1148 = udiv i32 2130706432, %v45_V_0" [kernel.cpp:92]   --->   Operation 92 'udiv' 'udiv_ln1148' <Predicate = true> <Delay = 4.13> <Core = "DivnS_SEQ">   --->   Core 24 'DivnS_SEQ' <Latency = 35> <II = 32> <Delay = 4.13> <FuncUnit> <Opcode : 'sdiv' 'srem' 'udiv' 'urem'> <InPorts = 2> <OutPorts = 1>

State 30 <SV = 27> <Delay = 4.13>
ST_30 : Operation 93 [10/36] (4.13ns)   --->   "%udiv_ln1148 = udiv i32 2130706432, %v45_V_0" [kernel.cpp:92]   --->   Operation 93 'udiv' 'udiv_ln1148' <Predicate = true> <Delay = 4.13> <Core = "DivnS_SEQ">   --->   Core 24 'DivnS_SEQ' <Latency = 35> <II = 32> <Delay = 4.13> <FuncUnit> <Opcode : 'sdiv' 'srem' 'udiv' 'urem'> <InPorts = 2> <OutPorts = 1>

State 31 <SV = 28> <Delay = 4.13>
ST_31 : Operation 94 [9/36] (4.13ns)   --->   "%udiv_ln1148 = udiv i32 2130706432, %v45_V_0" [kernel.cpp:92]   --->   Operation 94 'udiv' 'udiv_ln1148' <Predicate = true> <Delay = 4.13> <Core = "DivnS_SEQ">   --->   Core 24 'DivnS_SEQ' <Latency = 35> <II = 32> <Delay = 4.13> <FuncUnit> <Opcode : 'sdiv' 'srem' 'udiv' 'urem'> <InPorts = 2> <OutPorts = 1>

State 32 <SV = 29> <Delay = 4.13>
ST_32 : Operation 95 [8/36] (4.13ns)   --->   "%udiv_ln1148 = udiv i32 2130706432, %v45_V_0" [kernel.cpp:92]   --->   Operation 95 'udiv' 'udiv_ln1148' <Predicate = true> <Delay = 4.13> <Core = "DivnS_SEQ">   --->   Core 24 'DivnS_SEQ' <Latency = 35> <II = 32> <Delay = 4.13> <FuncUnit> <Opcode : 'sdiv' 'srem' 'udiv' 'urem'> <InPorts = 2> <OutPorts = 1>

State 33 <SV = 30> <Delay = 4.13>
ST_33 : Operation 96 [7/36] (4.13ns)   --->   "%udiv_ln1148 = udiv i32 2130706432, %v45_V_0" [kernel.cpp:92]   --->   Operation 96 'udiv' 'udiv_ln1148' <Predicate = true> <Delay = 4.13> <Core = "DivnS_SEQ">   --->   Core 24 'DivnS_SEQ' <Latency = 35> <II = 32> <Delay = 4.13> <FuncUnit> <Opcode : 'sdiv' 'srem' 'udiv' 'urem'> <InPorts = 2> <OutPorts = 1>

State 34 <SV = 31> <Delay = 4.13>
ST_34 : Operation 97 [6/36] (4.13ns)   --->   "%udiv_ln1148 = udiv i32 2130706432, %v45_V_0" [kernel.cpp:92]   --->   Operation 97 'udiv' 'udiv_ln1148' <Predicate = true> <Delay = 4.13> <Core = "DivnS_SEQ">   --->   Core 24 'DivnS_SEQ' <Latency = 35> <II = 32> <Delay = 4.13> <FuncUnit> <Opcode : 'sdiv' 'srem' 'udiv' 'urem'> <InPorts = 2> <OutPorts = 1>

State 35 <SV = 32> <Delay = 4.13>
ST_35 : Operation 98 [5/36] (4.13ns)   --->   "%udiv_ln1148 = udiv i32 2130706432, %v45_V_0" [kernel.cpp:92]   --->   Operation 98 'udiv' 'udiv_ln1148' <Predicate = true> <Delay = 4.13> <Core = "DivnS_SEQ">   --->   Core 24 'DivnS_SEQ' <Latency = 35> <II = 32> <Delay = 4.13> <FuncUnit> <Opcode : 'sdiv' 'srem' 'udiv' 'urem'> <InPorts = 2> <OutPorts = 1>

State 36 <SV = 33> <Delay = 4.13>
ST_36 : Operation 99 [4/36] (4.13ns)   --->   "%udiv_ln1148 = udiv i32 2130706432, %v45_V_0" [kernel.cpp:92]   --->   Operation 99 'udiv' 'udiv_ln1148' <Predicate = true> <Delay = 4.13> <Core = "DivnS_SEQ">   --->   Core 24 'DivnS_SEQ' <Latency = 35> <II = 32> <Delay = 4.13> <FuncUnit> <Opcode : 'sdiv' 'srem' 'udiv' 'urem'> <InPorts = 2> <OutPorts = 1>

State 37 <SV = 34> <Delay = 4.13>
ST_37 : Operation 100 [3/36] (4.13ns)   --->   "%udiv_ln1148 = udiv i32 2130706432, %v45_V_0" [kernel.cpp:92]   --->   Operation 100 'udiv' 'udiv_ln1148' <Predicate = true> <Delay = 4.13> <Core = "DivnS_SEQ">   --->   Core 24 'DivnS_SEQ' <Latency = 35> <II = 32> <Delay = 4.13> <FuncUnit> <Opcode : 'sdiv' 'srem' 'udiv' 'urem'> <InPorts = 2> <OutPorts = 1>

State 38 <SV = 35> <Delay = 4.13>
ST_38 : Operation 101 [2/36] (4.13ns)   --->   "%udiv_ln1148 = udiv i32 2130706432, %v45_V_0" [kernel.cpp:92]   --->   Operation 101 'udiv' 'udiv_ln1148' <Predicate = true> <Delay = 4.13> <Core = "DivnS_SEQ">   --->   Core 24 'DivnS_SEQ' <Latency = 35> <II = 32> <Delay = 4.13> <FuncUnit> <Opcode : 'sdiv' 'srem' 'udiv' 'urem'> <InPorts = 2> <OutPorts = 1>

State 39 <SV = 36> <Delay = 4.13>
ST_39 : Operation 102 [1/36] (4.13ns)   --->   "%udiv_ln1148 = udiv i32 2130706432, %v45_V_0" [kernel.cpp:92]   --->   Operation 102 'udiv' 'udiv_ln1148' <Predicate = true> <Delay = 4.13> <Core = "DivnS_SEQ">   --->   Core 24 'DivnS_SEQ' <Latency = 35> <II = 32> <Delay = 4.13> <FuncUnit> <Opcode : 'sdiv' 'srem' 'udiv' 'urem'> <InPorts = 2> <OutPorts = 1>
ST_39 : Operation 103 [1/1] (0.00ns)   --->   "%zext_ln97 = zext i32 %udiv_ln1148 to i44" [kernel.cpp:97]   --->   Operation 103 'zext' 'zext_ln97' <Predicate = true> <Delay = 0.00>
ST_39 : Operation 104 [1/1] (1.76ns)   --->   "br label %0" [kernel.cpp:97]   --->   Operation 104 'br' <Predicate = true> <Delay = 1.76>

State 40 <SV = 37> <Delay = 3.25>
ST_40 : Operation 105 [1/1] (0.00ns)   --->   "%j1_0_0 = phi i11 [ 0, %_ZN8ap_fixedILi32ELi20EL9ap_q_mode5EL9ap_o_mode3ELi0EEC1Ei.exit.0 ], [ %add_ln97, %_ZN8ap_fixedILi32ELi20EL9ap_q_mode5EL9ap_o_mode3ELi0EEC1ILi64ELi40ELb1ELS0_5ELS1_3ELi0EEERK13ap_fixed_baseIXT_EXT0_EXT1_EXT2_EXT3_EXT4_EE.exit.0_ifconv ]" [kernel.cpp:97]   --->   Operation 105 'phi' 'j1_0_0' <Predicate = true> <Delay = 0.00>
ST_40 : Operation 106 [1/1] (1.88ns)   --->   "%icmp_ln97 = icmp eq i11 %j1_0_0, -512" [kernel.cpp:97]   --->   Operation 106 'icmp' 'icmp_ln97' <Predicate = true> <Delay = 1.88> <Core = "Cmp">   --->   Core 25 'Cmp' <Latency = 0> <II = 1> <Delay = 1.88> <FuncUnit> <Opcode : 'icmp'> <InPorts = 2> <OutPorts = 1>
ST_40 : Operation 107 [1/1] (0.00ns)   --->   "%empty_73 = call i32 (...)* @_ssdm_op_SpecLoopTripCount(i64 1536, i64 1536, i64 1536)"   --->   Operation 107 'speclooptripcount' 'empty_73' <Predicate = true> <Delay = 0.00>
ST_40 : Operation 108 [1/1] (1.63ns)   --->   "%add_ln97 = add i11 %j1_0_0, 1" [kernel.cpp:97]   --->   Operation 108 'add' 'add_ln97' <Predicate = true> <Delay = 1.63> <Core = "AddSub">   --->   Core 14 'AddSub' <Latency = 0> <II = 1> <Delay = 3.01> <FuncUnit> <Opcode : 'add' 'sub'> <InPorts = 2> <OutPorts = 1>
ST_40 : Operation 109 [1/1] (0.00ns)   --->   "br i1 %icmp_ln97, label %l_S_i_0_i2_end, label %_ZN8ap_fixedILi32ELi20EL9ap_q_mode5EL9ap_o_mode3ELi0EEC1ILi64ELi40ELb1ELS0_5ELS1_3ELi0EEERK13ap_fixed_baseIXT_EXT0_EXT1_EXT2_EXT3_EXT4_EE.exit.0_ifconv" [kernel.cpp:97]   --->   Operation 109 'br' <Predicate = true> <Delay = 0.00>
ST_40 : Operation 110 [1/1] (0.00ns)   --->   "%zext_ln98 = zext i11 %j1_0_0 to i64" [kernel.cpp:98]   --->   Operation 110 'zext' 'zext_ln98' <Predicate = (!icmp_ln97)> <Delay = 0.00>
ST_40 : Operation 111 [1/1] (0.00ns)   --->   "%v22_0_V_addr_1 = getelementptr [1536 x i32]* %v22_0_V, i64 0, i64 %zext_ln98" [kernel.cpp:98]   --->   Operation 111 'getelementptr' 'v22_0_V_addr_1' <Predicate = (!icmp_ln97)> <Delay = 0.00>
ST_40 : Operation 112 [2/2] (3.25ns)   --->   "%v22_0_V_load_1 = load i32* %v22_0_V_addr_1, align 4" [kernel.cpp:98]   --->   Operation 112 'load' 'v22_0_V_load_1' <Predicate = (!icmp_ln97)> <Delay = 3.25> <Core = "RAM">   --->   Core 37 'RAM' <Latency = 1> <II = 1> <Delay = 3.25> <Storage> <Opcode : 'load' 'store'> <Ports = 2> <Width = 8> <Depth = 1536> <RAM>
ST_40 : Operation 113 [1/1] (0.00ns)   --->   "%empty = call i32 (...)* @_ssdm_op_SpecRegionEnd([11 x i8]* @p_str3, i32 %tmp)" [kernel.cpp:121]   --->   Operation 113 'specregionend' 'empty' <Predicate = (icmp_ln97)> <Delay = 0.00>
ST_40 : Operation 114 [1/1] (0.00ns)   --->   "ret i32 %udiv_ln1148" [kernel.cpp:122]   --->   Operation 114 'ret' <Predicate = (icmp_ln97)> <Delay = 0.00>

State 41 <SV = 38> <Delay = 3.25>
ST_41 : Operation 115 [1/2] (3.25ns)   --->   "%v22_0_V_load_1 = load i32* %v22_0_V_addr_1, align 4" [kernel.cpp:98]   --->   Operation 115 'load' 'v22_0_V_load_1' <Predicate = true> <Delay = 3.25> <Core = "RAM">   --->   Core 37 'RAM' <Latency = 1> <II = 1> <Delay = 3.25> <Storage> <Opcode : 'load' 'store'> <Ports = 2> <Width = 8> <Depth = 1536> <RAM>

State 42 <SV = 39> <Delay = 8.51>
ST_42 : Operation 116 [1/1] (0.00ns)   --->   "%sext_ln1118 = sext i32 %v22_0_V_load_1 to i44" [kernel.cpp:100]   --->   Operation 116 'sext' 'sext_ln1118' <Predicate = true> <Delay = 0.00>
ST_42 : Operation 117 [1/1] (8.51ns)   --->   "%mul_ln1118 = mul i44 %sext_ln1118, %zext_ln97" [kernel.cpp:100]   --->   Operation 117 'mul' 'mul_ln1118' <Predicate = true> <Delay = 8.51> <Core = "Mul">   --->   Core 16 'Mul' <Latency = 0> <II = 1> <Delay = 8.51> <FuncUnit> <Opcode : 'mul'> <InPorts = 2> <OutPorts = 1>
ST_42 : Operation 118 [1/1] (0.00ns)   --->   "%trunc_ln708_3 = call i32 @_ssdm_op_PartSelect.i32.i44.i32.i32(i44 %mul_ln1118, i32 12, i32 43)" [kernel.cpp:100]   --->   Operation 118 'partselect' 'trunc_ln708_3' <Predicate = true> <Delay = 0.00>

State 43 <SV = 40> <Delay = 7.92>
ST_43 : Operation 119 [1/1] (2.47ns)   --->   "%icmp_ln1494_1 = icmp sgt i32 %trunc_ln708_3, 0" [kernel.cpp:101]   --->   Operation 119 'icmp' 'icmp_ln1494_1' <Predicate = true> <Delay = 2.47> <Core = "Cmp">   --->   Core 25 'Cmp' <Latency = 0> <II = 1> <Delay = 1.88> <FuncUnit> <Opcode : 'icmp'> <InPorts = 2> <OutPorts = 1>
ST_43 : Operation 120 [1/1] (0.00ns) (grouped into LUT with out node add_ln104)   --->   "%select_ln104 = select i1 %icmp_ln1494_1, i32 2048, i32 -2048" [kernel.cpp:104]   --->   Operation 120 'select' 'select_ln104' <Predicate = true> <Delay = 0.00> <Core = "Sel">   --->   Core 26 'Sel' <Latency = 0> <II = 1> <Delay = 1.24> <FuncUnit> <Opcode : 'select'> <InPorts = 3> <OutPorts = 1>
ST_43 : Operation 121 [1/1] (2.55ns) (out node of the LUT)   --->   "%add_ln104 = add i32 %trunc_ln708_3, %select_ln104" [kernel.cpp:104]   --->   Operation 121 'add' 'add_ln104' <Predicate = true> <Delay = 2.55> <Core = "AddSub">   --->   Core 14 'AddSub' <Latency = 0> <II = 1> <Delay = 3.01> <FuncUnit> <Opcode : 'add' 'sub'> <InPorts = 2> <OutPorts = 1>
ST_43 : Operation 122 [1/1] (0.00ns)   --->   "%p_Result_s = call i20 @_ssdm_op_PartSelect.i20.i32.i32.i32(i32 %add_ln104, i32 12, i32 31)" [kernel.cpp:105]   --->   Operation 122 'partselect' 'p_Result_s' <Predicate = true> <Delay = 0.00>
ST_43 : Operation 123 [1/1] (0.00ns) (grouped into LUT with out node select_ln850)   --->   "%tmp_4 = call i1 @_ssdm_op_BitSelect.i1.i32.i32(i32 %add_ln104, i32 31)" [kernel.cpp:105]   --->   Operation 123 'bitselect' 'tmp_4' <Predicate = true> <Delay = 0.00>
ST_43 : Operation 124 [1/1] (0.00ns)   --->   "%trunc_ln851 = trunc i32 %add_ln104 to i12" [kernel.cpp:105]   --->   Operation 124 'trunc' 'trunc_ln851' <Predicate = true> <Delay = 0.00>
ST_43 : Operation 125 [1/1] (1.99ns)   --->   "%icmp_ln851 = icmp eq i12 %trunc_ln851, 0" [kernel.cpp:105]   --->   Operation 125 'icmp' 'icmp_ln851' <Predicate = true> <Delay = 1.99> <Core = "Cmp">   --->   Core 25 'Cmp' <Latency = 0> <II = 1> <Delay = 1.88> <FuncUnit> <Opcode : 'icmp'> <InPorts = 2> <OutPorts = 1>
ST_43 : Operation 126 [1/1] (2.19ns)   --->   "%add_ln700 = add i20 1, %p_Result_s" [kernel.cpp:105]   --->   Operation 126 'add' 'add_ln700' <Predicate = true> <Delay = 2.19> <Core = "AddSub">   --->   Core 14 'AddSub' <Latency = 0> <II = 1> <Delay = 3.01> <FuncUnit> <Opcode : 'add' 'sub'> <InPorts = 2> <OutPorts = 1>
ST_43 : Operation 127 [1/1] (0.00ns) (grouped into LUT with out node select_ln850)   --->   "%select_ln851 = select i1 %icmp_ln851, i20 %p_Result_s, i20 %add_ln700" [kernel.cpp:105]   --->   Operation 127 'select' 'select_ln851' <Predicate = true> <Delay = 0.00> <Core = "Sel">   --->   Core 26 'Sel' <Latency = 0> <II = 1> <Delay = 1.24> <FuncUnit> <Opcode : 'select'> <InPorts = 3> <OutPorts = 1>
ST_43 : Operation 128 [1/1] (0.70ns) (out node of the LUT)   --->   "%select_ln850 = select i1 %tmp_4, i20 %select_ln851, i20 %p_Result_s" [kernel.cpp:105]   --->   Operation 128 'select' 'select_ln850' <Predicate = true> <Delay = 0.70> <Core = "Sel">   --->   Core 26 'Sel' <Latency = 0> <II = 1> <Delay = 1.24> <FuncUnit> <Opcode : 'select'> <InPorts = 3> <OutPorts = 1>
ST_43 : Operation 129 [1/1] (0.00ns)   --->   "%tmp_5 = call i13 @_ssdm_op_PartSelect.i13.i20.i32.i32(i20 %select_ln850, i32 7, i32 19)" [kernel.cpp:112]   --->   Operation 129 'partselect' 'tmp_5' <Predicate = true> <Delay = 0.00>

State 44 <SV = 41> <Delay = 6.94>
ST_44 : Operation 130 [1/1] (0.00ns)   --->   "call void (...)* @_ssdm_op_SpecLoopName([11 x i8]* @p_str5) nounwind" [kernel.cpp:97]   --->   Operation 130 'specloopname' <Predicate = true> <Delay = 0.00>
ST_44 : Operation 131 [1/1] (2.44ns)   --->   "%icmp_ln110 = icmp slt i20 %select_ln850, -128" [kernel.cpp:110]   --->   Operation 131 'icmp' 'icmp_ln110' <Predicate = true> <Delay = 2.44> <Core = "Cmp">   --->   Core 25 'Cmp' <Latency = 0> <II = 1> <Delay = 1.88> <FuncUnit> <Opcode : 'icmp'> <InPorts = 2> <OutPorts = 1>
ST_44 : Operation 132 [1/1] (2.09ns)   --->   "%icmp_ln112 = icmp sgt i13 %tmp_5, 0" [kernel.cpp:112]   --->   Operation 132 'icmp' 'icmp_ln112' <Predicate = true> <Delay = 2.09> <Core = "Cmp">   --->   Core 25 'Cmp' <Latency = 0> <II = 1> <Delay = 1.88> <FuncUnit> <Opcode : 'icmp'> <InPorts = 2> <OutPorts = 1>
ST_44 : Operation 133 [1/1] (0.00ns) (grouped into LUT with out node select_ln115_1)   --->   "%trunc_ln115 = trunc i20 %select_ln850 to i8" [kernel.cpp:115]   --->   Operation 133 'trunc' 'trunc_ln115' <Predicate = true> <Delay = 0.00>
ST_44 : Operation 134 [1/1] (0.00ns) (grouped into LUT with out node select_ln115_1)   --->   "%select_ln115 = select i1 %icmp_ln110, i8 -128, i8 127" [kernel.cpp:115]   --->   Operation 134 'select' 'select_ln115' <Predicate = true> <Delay = 0.00> <Core = "Sel">   --->   Core 26 'Sel' <Latency = 0> <II = 1> <Delay = 1.24> <FuncUnit> <Opcode : 'select'> <InPorts = 3> <OutPorts = 1>
ST_44 : Operation 135 [1/1] (0.00ns) (grouped into LUT with out node select_ln115_1)   --->   "%or_ln115 = or i1 %icmp_ln110, %icmp_ln112" [kernel.cpp:115]   --->   Operation 135 'or' 'or_ln115' <Predicate = true> <Delay = 0.00> <Core = "LogicGate">   --->   Core 27 'LogicGate' <Latency = 0> <II = 1> <Delay = 0.97> <FuncUnit> <Opcode : 'and' 'or' 'xor'> <InPorts = 2> <OutPorts = 1>
ST_44 : Operation 136 [1/1] (1.24ns) (out node of the LUT)   --->   "%select_ln115_1 = select i1 %or_ln115, i8 %select_ln115, i8 %trunc_ln115" [kernel.cpp:115]   --->   Operation 136 'select' 'select_ln115_1' <Predicate = true> <Delay = 1.24> <Core = "Sel">   --->   Core 26 'Sel' <Latency = 0> <II = 1> <Delay = 1.24> <FuncUnit> <Opcode : 'select'> <InPorts = 3> <OutPorts = 1>
ST_44 : Operation 137 [1/1] (0.00ns)   --->   "%v24_0_addr = getelementptr [1536 x i8]* %v24_0, i64 0, i64 %zext_ln98" [kernel.cpp:119]   --->   Operation 137 'getelementptr' 'v24_0_addr' <Predicate = true> <Delay = 0.00>
ST_44 : Operation 138 [1/1] (3.25ns)   --->   "store i8 %select_ln115_1, i8* %v24_0_addr, align 1" [kernel.cpp:119]   --->   Operation 138 'store' <Predicate = true> <Delay = 3.25> <Core = "RAM">   --->   Core 37 'RAM' <Latency = 1> <II = 1> <Delay = 3.25> <Storage> <Opcode : 'load' 'store'> <Ports = 2> <Width = 8> <Depth = 1536> <RAM>
ST_44 : Operation 139 [1/1] (0.00ns)   --->   "br label %0" [kernel.cpp:97]   --->   Operation 139 'br' <Predicate = true> <Delay = 0.00>


============================================================
+ Verbose Summary: Binding
============================================================
STG Binding: 
---------------- STG Properties BEGIN ----------------
- Is combinational: 0
- Is one-state seq: 0
- Is datapath-only: 0
- Is pipelined: 0
- Is top level: 0
Port [ Return ] is wired: 1; IO mode=ap_ctrl_hs:ce=0
Port [ v22_0_V]:  wired=1; compound=1; hidden=0; nouse=0; global=0; static=0; extern=0; dir=0; type=1; pingpong=0; private_global=0; MemPort=[13]; IO mode=ap_memory:ce=0
Port [ v24_0]:  wired=1; compound=1; hidden=0; nouse=0; global=0; static=0; extern=0; dir=1; type=1; pingpong=0; private_global=0; MemPort=[03]; IO mode=ap_memory:ce=0
---------------- STG Properties END ------------------

---------------- Datapath Model BEGIN ----------------

<LifeTime>
<method=bitvector/>
tmp               (specregionbegin  ) [ 001111111111111111111111111111111111111111111]
br_ln70           (br               ) [ 011110000000000000000000000000000000000000000]
v45_V_0           (phi              ) [ 001111111111111111111111111111111111111100000]
j_0_0             (phi              ) [ 001000000000000000000000000000000000000000000]
icmp_ln70         (icmp             ) [ 001110000000000000000000000000000000000000000]
empty_74          (speclooptripcount) [ 000000000000000000000000000000000000000000000]
add_ln70          (add              ) [ 011110000000000000000000000000000000000000000]
br_ln70           (br               ) [ 000000000000000000000000000000000000000000000]
zext_ln71         (zext             ) [ 000000000000000000000000000000000000000000000]
v22_0_V_addr      (getelementptr    ) [ 000100000000000000000000000000000000000000000]
v22_0_V_load      (load             ) [ 000010000000000000000000000000000000000000000]
specloopname_ln70 (specloopname     ) [ 000000000000000000000000000000000000000000000]
icmp_ln1494       (icmp             ) [ 000000000000000000000000000000000000000000000]
shl_ln            (bitconcatenate   ) [ 000000000000000000000000000000000000000000000]
zext_ln1118       (zext             ) [ 000000000000000000000000000000000000000000000]
sub_ln1118        (sub              ) [ 000000000000000000000000000000000000000000000]
trunc_ln          (partselect       ) [ 000000000000000000000000000000000000000000000]
select_ln74       (select           ) [ 000000000000000000000000000000000000000000000]
icmp_ln1495       (icmp             ) [ 000000000000000000000000000000000000000000000]
select_ln80       (select           ) [ 011110000000000000000000000000000000000000000]
br_ln70           (br               ) [ 011110000000000000000000000000000000000000000]
udiv_ln1148       (udiv             ) [ 000000000000000000000000000000000000000011111]
zext_ln97         (zext             ) [ 000000000000000000000000000000000000000011111]
br_ln97           (br               ) [ 000000000000000000000000000000000000000111111]
j1_0_0            (phi              ) [ 000000000000000000000000000000000000000010000]
icmp_ln97         (icmp             ) [ 000000000000000000000000000000000000000011111]
empty_73          (speclooptripcount) [ 000000000000000000000000000000000000000000000]
add_ln97          (add              ) [ 000000000000000000000000000000000000000111111]
br_ln97           (br               ) [ 000000000000000000000000000000000000000000000]
zext_ln98         (zext             ) [ 000000000000000000000000000000000000000001111]
v22_0_V_addr_1    (getelementptr    ) [ 000000000000000000000000000000000000000001000]
empty             (specregionend    ) [ 000000000000000000000000000000000000000000000]
ret_ln122         (ret              ) [ 000000000000000000000000000000000000000000000]
v22_0_V_load_1    (load             ) [ 000000000000000000000000000000000000000000100]
sext_ln1118       (sext             ) [ 000000000000000000000000000000000000000000000]
mul_ln1118        (mul              ) [ 000000000000000000000000000000000000000000000]
trunc_ln708_3     (partselect       ) [ 000000000000000000000000000000000000000000010]
icmp_ln1494_1     (icmp             ) [ 000000000000000000000000000000000000000000000]
select_ln104      (select           ) [ 000000000000000000000000000000000000000000000]
add_ln104         (add              ) [ 000000000000000000000000000000000000000000000]
p_Result_s        (partselect       ) [ 000000000000000000000000000000000000000000000]
tmp_4             (bitselect        ) [ 000000000000000000000000000000000000000000000]
trunc_ln851       (trunc            ) [ 000000000000000000000000000000000000000000000]
icmp_ln851        (icmp             ) [ 000000000000000000000000000000000000000000000]
add_ln700         (add              ) [ 000000000000000000000000000000000000000000000]
select_ln851      (select           ) [ 000000000000000000000000000000000000000000000]
select_ln850      (select           ) [ 000000000000000000000000000000000000000000001]
tmp_5             (partselect       ) [ 000000000000000000000000000000000000000000001]
specloopname_ln97 (specloopname     ) [ 000000000000000000000000000000000000000000000]
icmp_ln110        (icmp             ) [ 000000000000000000000000000000000000000000000]
icmp_ln112        (icmp             ) [ 000000000000000000000000000000000000000000000]
trunc_ln115       (trunc            ) [ 000000000000000000000000000000000000000000000]
select_ln115      (select           ) [ 000000000000000000000000000000000000000000000]
or_ln115          (or               ) [ 000000000000000000000000000000000000000000000]
select_ln115_1    (select           ) [ 000000000000000000000000000000000000000000000]
v24_0_addr        (getelementptr    ) [ 000000000000000000000000000000000000000000000]
store_ln119       (store            ) [ 000000000000000000000000000000000000000000000]
br_ln97           (br               ) [ 000000000000000000000000000000000000000111111]
</LifeTime>

<model>

<comp_list>
<comp id="0" class="1000" name="v22_0_V">
<pin_list>
<pin id="1" dir="1" index="0" bw="1" slack="0"/>
</pin_list>
<bind>
<StgValue><ssdm name="v22_0_V"/><MemPortTyVec>1 3 </MemPortTyVec>
</StgValue>
</bind>
</comp>

<comp id="2" class="1000" name="v24_0">
<pin_list>
<pin id="3" dir="1" index="0" bw="1" slack="0"/>
</pin_list>
<bind>
<StgValue><ssdm name="v24_0"/><MemPortTyVec>0 3 </MemPortTyVec>
</StgValue>
</bind>
</comp>

<comp id="4" class="1001" name="const_4">
<pin_list>
<pin id="5" dir="1" index="0" bw="1" slack="2147483647"/>
</pin_list>
<bind>
<StgValue><ssdm name="_ssdm_op_SpecRegionBegin"/></StgValue>
</bind>
</comp>

<comp id="6" class="1001" name="const_6">
<pin_list>
<pin id="7" dir="1" index="0" bw="1" slack="2147483647"/>
</pin_list>
<bind>
<StgValue><ssdm name="p_str3"/></StgValue>
</bind>
</comp>

<comp id="8" class="1001" name="const_8">
<pin_list>
<pin id="9" dir="1" index="0" bw="1" slack="0"/>
</pin_list>
<bind>
<StgValue><ssdm name=""/></StgValue>
</bind>
</comp>

<comp id="10" class="1001" name="const_10">
<pin_list>
<pin id="11" dir="1" index="0" bw="1" slack="1"/>
</pin_list>
<bind>
<StgValue><ssdm name=""/></StgValue>
</bind>
</comp>

<comp id="12" class="1001" name="const_12">
<pin_list>
<pin id="13" dir="1" index="0" bw="1" slack="0"/>
</pin_list>
<bind>
<StgValue><ssdm name=""/></StgValue>
</bind>
</comp>

<comp id="14" class="1001" name="const_14">
<pin_list>
<pin id="15" dir="1" index="0" bw="1" slack="2147483647"/>
</pin_list>
<bind>
<StgValue><ssdm name="_ssdm_op_SpecLoopTripCount"/></StgValue>
</bind>
</comp>

<comp id="16" class="1001" name="const_16">
<pin_list>
<pin id="17" dir="1" index="0" bw="1" slack="2147483647"/>
</pin_list>
<bind>
<StgValue><ssdm name=""/></StgValue>
</bind>
</comp>

<comp id="18" class="1001" name="const_18">
<pin_list>
<pin id="19" dir="1" index="0" bw="1" slack="0"/>
</pin_list>
<bind>
<StgValue><ssdm name=""/></StgValue>
</bind>
</comp>

<comp id="20" class="1001" name="const_20">
<pin_list>
<pin id="21" dir="1" index="0" bw="1" slack="0"/>
</pin_list>
<bind>
<StgValue><ssdm name=""/></StgValue>
</bind>
</comp>

<comp id="22" class="1001" name="const_22">
<pin_list>
<pin id="23" dir="1" index="0" bw="1" slack="0"/>
</pin_list>
<bind>
<StgValue><ssdm name=""/></StgValue>
</bind>
</comp>

<comp id="24" class="1001" name="const_24">
<pin_list>
<pin id="25" dir="1" index="0" bw="1" slack="2147483647"/>
</pin_list>
<bind>
<StgValue><ssdm name="_ssdm_op_SpecLoopName"/></StgValue>
</bind>
</comp>

<comp id="26" class="1001" name="const_26">
<pin_list>
<pin id="27" dir="1" index="0" bw="1" slack="2147483647"/>
</pin_list>
<bind>
<StgValue><ssdm name="p_str4"/></StgValue>
</bind>
</comp>

<comp id="28" class="1001" name="const_28">
<pin_list>
<pin id="29" dir="1" index="0" bw="1" slack="0"/>
</pin_list>
<bind>
<StgValue><ssdm name="_ssdm_op_BitConcatenate.i44.i32.i12"/></StgValue>
</bind>
</comp>

<comp id="30" class="1001" name="const_30">
<pin_list>
<pin id="31" dir="1" index="0" bw="1" slack="0"/>
</pin_list>
<bind>
<StgValue><ssdm name=""/></StgValue>
</bind>
</comp>

<comp id="32" class="1001" name="const_32">
<pin_list>
<pin id="33" dir="1" index="0" bw="1" slack="0"/>
</pin_list>
<bind>
<StgValue><ssdm name=""/></StgValue>
</bind>
</comp>

<comp id="34" class="1001" name="const_34">
<pin_list>
<pin id="35" dir="1" index="0" bw="1" slack="0"/>
</pin_list>
<bind>
<StgValue><ssdm name="_ssdm_op_PartSelect.i32.i45.i32.i32"/></StgValue>
</bind>
</comp>

<comp id="36" class="1001" name="const_36">
<pin_list>
<pin id="37" dir="1" index="0" bw="1" slack="0"/>
</pin_list>
<bind>
<StgValue><ssdm name=""/></StgValue>
</bind>
</comp>

<comp id="38" class="1001" name="const_38">
<pin_list>
<pin id="39" dir="1" index="0" bw="1" slack="0"/>
</pin_list>
<bind>
<StgValue><ssdm name=""/></StgValue>
</bind>
</comp>

<comp id="40" class="1001" name="const_40">
<pin_list>
<pin id="41" dir="1" index="0" bw="1" slack="2147483647"/>
</pin_list>
<bind>
<StgValue><ssdm name="_ssdm_op_SpecRegionEnd"/></StgValue>
</bind>
</comp>

<comp id="42" class="1001" name="const_42">
<pin_list>
<pin id="43" dir="1" index="0" bw="1" slack="0"/>
</pin_list>
<bind>
<StgValue><ssdm name="_ssdm_op_PartSelect.i32.i44.i32.i32"/></StgValue>
</bind>
</comp>

<comp id="44" class="1001" name="const_44">
<pin_list>
<pin id="45" dir="1" index="0" bw="1" slack="0"/>
</pin_list>
<bind>
<StgValue><ssdm name=""/></StgValue>
</bind>
</comp>

<comp id="46" class="1001" name="const_46">
<pin_list>
<pin id="47" dir="1" index="0" bw="1" slack="0"/>
</pin_list>
<bind>
<StgValue><ssdm name=""/></StgValue>
</bind>
</comp>

<comp id="48" class="1001" name="const_48">
<pin_list>
<pin id="49" dir="1" index="0" bw="1" slack="0"/>
</pin_list>
<bind>
<StgValue><ssdm name="_ssdm_op_PartSelect.i20.i32.i32.i32"/></StgValue>
</bind>
</comp>

<comp id="50" class="1001" name="const_50">
<pin_list>
<pin id="51" dir="1" index="0" bw="1" slack="0"/>
</pin_list>
<bind>
<StgValue><ssdm name=""/></StgValue>
</bind>
</comp>

<comp id="52" class="1001" name="const_52">
<pin_list>
<pin id="53" dir="1" index="0" bw="1" slack="0"/>
</pin_list>
<bind>
<StgValue><ssdm name="_ssdm_op_BitSelect.i1.i32.i32"/></StgValue>
</bind>
</comp>

<comp id="54" class="1001" name="const_54">
<pin_list>
<pin id="55" dir="1" index="0" bw="1" slack="0"/>
</pin_list>
<bind>
<StgValue><ssdm name=""/></StgValue>
</bind>
</comp>

<comp id="56" class="1001" name="const_56">
<pin_list>
<pin id="57" dir="1" index="0" bw="1" slack="0"/>
</pin_list>
<bind>
<StgValue><ssdm name="_ssdm_op_PartSelect.i13.i20.i32.i32"/></StgValue>
</bind>
</comp>

<comp id="58" class="1001" name="const_58">
<pin_list>
<pin id="59" dir="1" index="0" bw="1" slack="0"/>
</pin_list>
<bind>
<StgValue><ssdm name=""/></StgValue>
</bind>
</comp>

<comp id="60" class="1001" name="const_60">
<pin_list>
<pin id="61" dir="1" index="0" bw="1" slack="0"/>
</pin_list>
<bind>
<StgValue><ssdm name=""/></StgValue>
</bind>
</comp>

<comp id="62" class="1001" name="const_62">
<pin_list>
<pin id="63" dir="1" index="0" bw="1" slack="2147483647"/>
</pin_list>
<bind>
<StgValue><ssdm name="p_str5"/></StgValue>
</bind>
</comp>

<comp id="64" class="1001" name="const_64">
<pin_list>
<pin id="65" dir="1" index="0" bw="1" slack="0"/>
</pin_list>
<bind>
<StgValue><ssdm name=""/></StgValue>
</bind>
</comp>

<comp id="66" class="1001" name="const_66">
<pin_list>
<pin id="67" dir="1" index="0" bw="1" slack="0"/>
</pin_list>
<bind>
<StgValue><ssdm name=""/></StgValue>
</bind>
</comp>

<comp id="68" class="1001" name="const_68">
<pin_list>
<pin id="69" dir="1" index="0" bw="1" slack="0"/>
</pin_list>
<bind>
<StgValue><ssdm name=""/></StgValue>
</bind>
</comp>

<comp id="70" class="1001" name="const_70">
<pin_list>
<pin id="71" dir="1" index="0" bw="1" slack="0"/>
</pin_list>
<bind>
<StgValue><ssdm name=""/></StgValue>
</bind>
</comp>

<comp id="72" class="1004" name="v22_0_V_addr_gep_fu_72">
<pin_list>
<pin id="73" dir="0" index="0" bw="32" slack="0"/>
<pin id="74" dir="0" index="1" bw="1" slack="0"/>
<pin id="75" dir="0" index="2" bw="11" slack="0"/>
<pin id="76" dir="1" index="3" bw="11" slack="0"/>
</pin_list>
<bind>
<opcode="getelementptr(29) " fcode="getelementptr"/>
<opset="v22_0_V_addr/2 "/>
</bind>
</comp>

<comp id="79" class="1004" name="grp_access_fu_79">
<pin_list>
<pin id="80" dir="0" index="0" bw="11" slack="0"/>
<pin id="81" dir="0" index="1" bw="32" slack="2147483647"/>
<pin id="82" dir="0" index="2" bw="0" slack="2147483647"/>
<pin id="83" dir="1" index="3" bw="32" slack="1"/>
</pin_list>
<bind>
<opcode="load(27) " fcode="load"/>
<opset="v22_0_V_load/2 v22_0_V_load_1/40 "/>
</bind>
</comp>

<comp id="85" class="1004" name="v22_0_V_addr_1_gep_fu_85">
<pin_list>
<pin id="86" dir="0" index="0" bw="32" slack="0"/>
<pin id="87" dir="0" index="1" bw="1" slack="0"/>
<pin id="88" dir="0" index="2" bw="11" slack="0"/>
<pin id="89" dir="1" index="3" bw="11" slack="0"/>
</pin_list>
<bind>
<opcode="getelementptr(29) " fcode="getelementptr"/>
<opset="v22_0_V_addr_1/40 "/>
</bind>
</comp>

<comp id="93" class="1004" name="v24_0_addr_gep_fu_93">
<pin_list>
<pin id="94" dir="0" index="0" bw="8" slack="0"/>
<pin id="95" dir="0" index="1" bw="1" slack="0"/>
<pin id="96" dir="0" index="2" bw="11" slack="4"/>
<pin id="97" dir="1" index="3" bw="11" slack="0"/>
</pin_list>
<bind>
<opcode="getelementptr(29) " fcode="getelementptr"/>
<opset="v24_0_addr/44 "/>
</bind>
</comp>

<comp id="100" class="1004" name="store_ln119_access_fu_100">
<pin_list>
<pin id="101" dir="0" index="0" bw="11" slack="0"/>
<pin id="102" dir="0" index="1" bw="8" slack="0"/>
<pin id="103" dir="0" index="2" bw="0" slack="2147483647"/>
<pin id="104" dir="1" index="3" bw="8" slack="2147483647"/>
</pin_list>
<bind>
<opcode="store(28) " fcode="store"/>
<opset="store_ln119/44 "/>
</bind>
</comp>

<comp id="106" class="1005" name="v45_V_0_reg_106">
<pin_list>
<pin id="107" dir="0" index="0" bw="32" slack="1"/>
<pin id="108" dir="1" index="1" bw="32" slack="1"/>
</pin_list>
<bind>
<opset="v45_V_0 (phireg) "/>
</bind>
</comp>

<comp id="110" class="1004" name="v45_V_0_phi_fu_110">
<pin_list>
<pin id="111" dir="0" index="0" bw="1" slack="1"/>
<pin id="112" dir="0" index="1" bw="0" slack="2147483647"/>
<pin id="113" dir="0" index="2" bw="32" slack="1"/>
<pin id="114" dir="0" index="3" bw="0" slack="2147483647"/>
<pin id="115" dir="1" index="4" bw="32" slack="0"/>
</pin_list>
<bind>
<opcode="phi(47) " fcode="phi"/>
<opset="v45_V_0/2 "/>
</bind>
</comp>

<comp id="118" class="1005" name="j_0_0_reg_118">
<pin_list>
<pin id="119" dir="0" index="0" bw="11" slack="1"/>
<pin id="120" dir="1" index="1" bw="11" slack="1"/>
</pin_list>
<bind>
<opset="j_0_0 (phireg) "/>
</bind>
</comp>

<comp id="122" class="1004" name="j_0_0_phi_fu_122">
<pin_list>
<pin id="123" dir="0" index="0" bw="1" slack="1"/>
<pin id="124" dir="0" index="1" bw="0" slack="2147483647"/>
<pin id="125" dir="0" index="2" bw="11" slack="0"/>
<pin id="126" dir="0" index="3" bw="0" slack="2147483647"/>
<pin id="127" dir="1" index="4" bw="11" slack="0"/>
</pin_list>
<bind>
<opcode="phi(47) " fcode="phi"/>
<opset="j_0_0/2 "/>
</bind>
</comp>

<comp id="129" class="1005" name="j1_0_0_reg_129">
<pin_list>
<pin id="130" dir="0" index="0" bw="11" slack="1"/>
<pin id="131" dir="1" index="1" bw="11" slack="1"/>
</pin_list>
<bind>
<opset="j1_0_0 (phireg) "/>
</bind>
</comp>

<comp id="133" class="1004" name="j1_0_0_phi_fu_133">
<pin_list>
<pin id="134" dir="0" index="0" bw="1" slack="1"/>
<pin id="135" dir="0" index="1" bw="0" slack="2147483647"/>
<pin id="136" dir="0" index="2" bw="11" slack="0"/>
<pin id="137" dir="0" index="3" bw="0" slack="2147483647"/>
<pin id="138" dir="1" index="4" bw="11" slack="0"/>
</pin_list>
<bind>
<opcode="phi(47) " fcode="phi"/>
<opset="j1_0_0/40 "/>
</bind>
</comp>

<comp id="140" class="1005" name="reg_140">
<pin_list>
<pin id="141" dir="0" index="0" bw="32" slack="1"/>
<pin id="142" dir="1" index="1" bw="32" slack="1"/>
</pin_list>
<bind>
<opset="v22_0_V_load v22_0_V_load_1 "/>
</bind>
</comp>

<comp id="144" class="1004" name="icmp_ln70_fu_144">
<pin_list>
<pin id="145" dir="0" index="0" bw="11" slack="0"/>
<pin id="146" dir="0" index="1" bw="11" slack="0"/>
<pin id="147" dir="1" index="2" bw="1" slack="2147483647"/>
</pin_list>
<bind>
<opcode="icmp(45) " fcode="icmp"/>
<opset="icmp_ln70/2 "/>
</bind>
</comp>

<comp id="150" class="1004" name="add_ln70_fu_150">
<pin_list>
<pin id="151" dir="0" index="0" bw="11" slack="0"/>
<pin id="152" dir="0" index="1" bw="1" slack="0"/>
<pin id="153" dir="1" index="2" bw="11" slack="0"/>
</pin_list>
<bind>
<opcode="add(8) " fcode="add"/>
<opset="add_ln70/2 "/>
</bind>
</comp>

<comp id="156" class="1004" name="zext_ln71_fu_156">
<pin_list>
<pin id="157" dir="0" index="0" bw="11" slack="0"/>
<pin id="158" dir="1" index="1" bw="64" slack="0"/>
</pin_list>
<bind>
<opcode="zext(34) " fcode="zext"/>
<opset="zext_ln71/2 "/>
</bind>
</comp>

<comp id="161" class="1004" name="grp_fu_161">
<pin_list>
<pin id="162" dir="0" index="0" bw="32" slack="0"/>
<pin id="163" dir="0" index="1" bw="32" slack="0"/>
<pin id="164" dir="1" index="2" bw="32" slack="0"/>
</pin_list>
<bind>
<opcode="udiv(14) " fcode="udiv"/>
<opset="udiv_ln1148/2 "/>
</bind>
</comp>

<comp id="167" class="1004" name="icmp_ln1494_fu_167">
<pin_list>
<pin id="168" dir="0" index="0" bw="32" slack="1"/>
<pin id="169" dir="0" index="1" bw="32" slack="0"/>
<pin id="170" dir="1" index="2" bw="1" slack="0"/>
</pin_list>
<bind>
<opcode="icmp(45) " fcode="icmp"/>
<opset="icmp_ln1494/4 "/>
</bind>
</comp>

<comp id="173" class="1004" name="shl_ln_fu_173">
<pin_list>
<pin id="174" dir="0" index="0" bw="44" slack="0"/>
<pin id="175" dir="0" index="1" bw="32" slack="1"/>
<pin id="176" dir="0" index="2" bw="1" slack="0"/>
<pin id="177" dir="1" index="3" bw="44" slack="0"/>
</pin_list>
<bind>
<opcode="bitconcatenate(1004) " fcode="bitconcatenate"/>
<opset="shl_ln/4 "/>
</bind>
</comp>

<comp id="181" class="1004" name="zext_ln1118_fu_181">
<pin_list>
<pin id="182" dir="0" index="0" bw="44" slack="0"/>
<pin id="183" dir="1" index="1" bw="45" slack="0"/>
</pin_list>
<bind>
<opcode="zext(34) " fcode="zext"/>
<opset="zext_ln1118/4 "/>
</bind>
</comp>

<comp id="185" class="1004" name="sub_ln1118_fu_185">
<pin_list>
<pin id="186" dir="0" index="0" bw="1" slack="0"/>
<pin id="187" dir="0" index="1" bw="44" slack="0"/>
<pin id="188" dir="1" index="2" bw="45" slack="0"/>
</pin_list>
<bind>
<opcode="sub(10) " fcode="sub"/>
<opset="sub_ln1118/4 "/>
</bind>
</comp>

<comp id="191" class="1004" name="trunc_ln_fu_191">
<pin_list>
<pin id="192" dir="0" index="0" bw="32" slack="0"/>
<pin id="193" dir="0" index="1" bw="45" slack="0"/>
<pin id="194" dir="0" index="2" bw="5" slack="0"/>
<pin id="195" dir="0" index="3" bw="7" slack="0"/>
<pin id="196" dir="1" index="4" bw="32" slack="0"/>
</pin_list>
<bind>
<opcode="partselect(1002) " fcode="partselect"/>
<opset="trunc_ln/4 "/>
</bind>
</comp>

<comp id="201" class="1004" name="select_ln74_fu_201">
<pin_list>
<pin id="202" dir="0" index="0" bw="1" slack="0"/>
<pin id="203" dir="0" index="1" bw="32" slack="1"/>
<pin id="204" dir="0" index="2" bw="32" slack="0"/>
<pin id="205" dir="1" index="3" bw="32" slack="0"/>
</pin_list>
<bind>
<opcode="select(49) " fcode="select"/>
<opset="select_ln74/4 "/>
</bind>
</comp>

<comp id="209" class="1004" name="icmp_ln1495_fu_209">
<pin_list>
<pin id="210" dir="0" index="0" bw="32" slack="2"/>
<pin id="211" dir="0" index="1" bw="32" slack="0"/>
<pin id="212" dir="1" index="2" bw="1" slack="0"/>
</pin_list>
<bind>
<opcode="icmp(45) " fcode="icmp"/>
<opset="icmp_ln1495/4 "/>
</bind>
</comp>

<comp id="215" class="1004" name="select_ln80_fu_215">
<pin_list>
<pin id="216" dir="0" index="0" bw="1" slack="0"/>
<pin id="217" dir="0" index="1" bw="32" slack="0"/>
<pin id="218" dir="0" index="2" bw="32" slack="2"/>
<pin id="219" dir="1" index="3" bw="32" slack="1"/>
</pin_list>
<bind>
<opcode="select(49) " fcode="select"/>
<opset="select_ln80/4 "/>
</bind>
</comp>

<comp id="223" class="1004" name="zext_ln97_fu_223">
<pin_list>
<pin id="224" dir="0" index="0" bw="32" slack="0"/>
<pin id="225" dir="1" index="1" bw="44" slack="3"/>
</pin_list>
<bind>
<opcode="zext(34) " fcode="zext"/>
<opset="zext_ln97/39 "/>
</bind>
</comp>

<comp id="227" class="1004" name="icmp_ln97_fu_227">
<pin_list>
<pin id="228" dir="0" index="0" bw="11" slack="0"/>
<pin id="229" dir="0" index="1" bw="11" slack="0"/>
<pin id="230" dir="1" index="2" bw="1" slack="2147483647"/>
</pin_list>
<bind>
<opcode="icmp(45) " fcode="icmp"/>
<opset="icmp_ln97/40 "/>
</bind>
</comp>

<comp id="233" class="1004" name="add_ln97_fu_233">
<pin_list>
<pin id="234" dir="0" index="0" bw="11" slack="0"/>
<pin id="235" dir="0" index="1" bw="1" slack="0"/>
<pin id="236" dir="1" index="2" bw="11" slack="0"/>
</pin_list>
<bind>
<opcode="add(8) " fcode="add"/>
<opset="add_ln97/40 "/>
</bind>
</comp>

<comp id="239" class="1004" name="zext_ln98_fu_239">
<pin_list>
<pin id="240" dir="0" index="0" bw="11" slack="0"/>
<pin id="241" dir="1" index="1" bw="64" slack="0"/>
</pin_list>
<bind>
<opcode="zext(34) " fcode="zext"/>
<opset="zext_ln98/40 "/>
</bind>
</comp>

<comp id="244" class="1004" name="sext_ln1118_fu_244">
<pin_list>
<pin id="245" dir="0" index="0" bw="32" slack="1"/>
<pin id="246" dir="1" index="1" bw="44" slack="0"/>
</pin_list>
<bind>
<opcode="sext(35) " fcode="sext"/>
<opset="sext_ln1118/42 "/>
</bind>
</comp>

<comp id="248" class="1004" name="mul_ln1118_fu_248">
<pin_list>
<pin id="249" dir="0" index="0" bw="32" slack="0"/>
<pin id="250" dir="0" index="1" bw="32" slack="3"/>
<pin id="251" dir="1" index="2" bw="44" slack="0"/>
</pin_list>
<bind>
<opcode="mul(12) " fcode="mul"/>
<opset="mul_ln1118/42 "/>
</bind>
</comp>

<comp id="253" class="1004" name="trunc_ln708_3_fu_253">
<pin_list>
<pin id="254" dir="0" index="0" bw="32" slack="0"/>
<pin id="255" dir="0" index="1" bw="44" slack="0"/>
<pin id="256" dir="0" index="2" bw="5" slack="0"/>
<pin id="257" dir="0" index="3" bw="7" slack="0"/>
<pin id="258" dir="1" index="4" bw="32" slack="1"/>
</pin_list>
<bind>
<opcode="partselect(1002) " fcode="partselect"/>
<opset="trunc_ln708_3/42 "/>
</bind>
</comp>

<comp id="263" class="1004" name="icmp_ln1494_1_fu_263">
<pin_list>
<pin id="264" dir="0" index="0" bw="32" slack="1"/>
<pin id="265" dir="0" index="1" bw="32" slack="0"/>
<pin id="266" dir="1" index="2" bw="1" slack="0"/>
</pin_list>
<bind>
<opcode="icmp(45) " fcode="icmp"/>
<opset="icmp_ln1494_1/43 "/>
</bind>
</comp>

<comp id="268" class="1004" name="select_ln104_fu_268">
<pin_list>
<pin id="269" dir="0" index="0" bw="1" slack="0"/>
<pin id="270" dir="0" index="1" bw="32" slack="0"/>
<pin id="271" dir="0" index="2" bw="32" slack="0"/>
<pin id="272" dir="1" index="3" bw="32" slack="0"/>
</pin_list>
<bind>
<opcode="select(49) " fcode="select"/>
<opset="select_ln104/43 "/>
</bind>
</comp>

<comp id="276" class="1004" name="add_ln104_fu_276">
<pin_list>
<pin id="277" dir="0" index="0" bw="32" slack="1"/>
<pin id="278" dir="0" index="1" bw="13" slack="0"/>
<pin id="279" dir="1" index="2" bw="32" slack="0"/>
</pin_list>
<bind>
<opcode="add(8) " fcode="add"/>
<opset="add_ln104/43 "/>
</bind>
</comp>

<comp id="281" class="1004" name="p_Result_s_fu_281">
<pin_list>
<pin id="282" dir="0" index="0" bw="20" slack="0"/>
<pin id="283" dir="0" index="1" bw="32" slack="0"/>
<pin id="284" dir="0" index="2" bw="5" slack="0"/>
<pin id="285" dir="0" index="3" bw="6" slack="0"/>
<pin id="286" dir="1" index="4" bw="20" slack="0"/>
</pin_list>
<bind>
<opcode="partselect(1002) " fcode="partselect"/>
<opset="p_Result_s/43 "/>
</bind>
</comp>

<comp id="291" class="1004" name="tmp_4_fu_291">
<pin_list>
<pin id="292" dir="0" index="0" bw="1" slack="0"/>
<pin id="293" dir="0" index="1" bw="32" slack="0"/>
<pin id="294" dir="0" index="2" bw="6" slack="0"/>
<pin id="295" dir="1" index="3" bw="1" slack="0"/>
</pin_list>
<bind>
<opcode="bitselect(1000) " fcode="bitselect"/>
<opset="tmp_4/43 "/>
</bind>
</comp>

<comp id="299" class="1004" name="trunc_ln851_fu_299">
<pin_list>
<pin id="300" dir="0" index="0" bw="32" slack="0"/>
<pin id="301" dir="1" index="1" bw="12" slack="0"/>
</pin_list>
<bind>
<opcode="trunc(33) " fcode="trunc"/>
<opset="trunc_ln851/43 "/>
</bind>
</comp>

<comp id="303" class="1004" name="icmp_ln851_fu_303">
<pin_list>
<pin id="304" dir="0" index="0" bw="12" slack="0"/>
<pin id="305" dir="0" index="1" bw="12" slack="0"/>
<pin id="306" dir="1" index="2" bw="1" slack="0"/>
</pin_list>
<bind>
<opcode="icmp(45) " fcode="icmp"/>
<opset="icmp_ln851/43 "/>
</bind>
</comp>

<comp id="309" class="1004" name="add_ln700_fu_309">
<pin_list>
<pin id="310" dir="0" index="0" bw="1" slack="0"/>
<pin id="311" dir="0" index="1" bw="20" slack="0"/>
<pin id="312" dir="1" index="2" bw="20" slack="0"/>
</pin_list>
<bind>
<opcode="add(8) " fcode="add"/>
<opset="add_ln700/43 "/>
</bind>
</comp>

<comp id="315" class="1004" name="select_ln851_fu_315">
<pin_list>
<pin id="316" dir="0" index="0" bw="1" slack="0"/>
<pin id="317" dir="0" index="1" bw="20" slack="0"/>
<pin id="318" dir="0" index="2" bw="20" slack="0"/>
<pin id="319" dir="1" index="3" bw="20" slack="0"/>
</pin_list>
<bind>
<opcode="select(49) " fcode="select"/>
<opset="select_ln851/43 "/>
</bind>
</comp>

<comp id="323" class="1004" name="select_ln850_fu_323">
<pin_list>
<pin id="324" dir="0" index="0" bw="1" slack="0"/>
<pin id="325" dir="0" index="1" bw="20" slack="0"/>
<pin id="326" dir="0" index="2" bw="20" slack="0"/>
<pin id="327" dir="1" index="3" bw="20" slack="0"/>
</pin_list>
<bind>
<opcode="select(49) " fcode="select"/>
<opset="select_ln850/43 "/>
</bind>
</comp>

<comp id="331" class="1004" name="tmp_5_fu_331">
<pin_list>
<pin id="332" dir="0" index="0" bw="13" slack="0"/>
<pin id="333" dir="0" index="1" bw="20" slack="0"/>
<pin id="334" dir="0" index="2" bw="4" slack="0"/>
<pin id="335" dir="0" index="3" bw="6" slack="0"/>
<pin id="336" dir="1" index="4" bw="13" slack="1"/>
</pin_list>
<bind>
<opcode="partselect(1002) " fcode="partselect"/>
<opset="tmp_5/43 "/>
</bind>
</comp>

<comp id="341" class="1004" name="icmp_ln110_fu_341">
<pin_list>
<pin id="342" dir="0" index="0" bw="20" slack="1"/>
<pin id="343" dir="0" index="1" bw="20" slack="0"/>
<pin id="344" dir="1" index="2" bw="1" slack="0"/>
</pin_list>
<bind>
<opcode="icmp(45) " fcode="icmp"/>
<opset="icmp_ln110/44 "/>
</bind>
</comp>

<comp id="346" class="1004" name="icmp_ln112_fu_346">
<pin_list>
<pin id="347" dir="0" index="0" bw="13" slack="1"/>
<pin id="348" dir="0" index="1" bw="13" slack="0"/>
<pin id="349" dir="1" index="2" bw="1" slack="0"/>
</pin_list>
<bind>
<opcode="icmp(45) " fcode="icmp"/>
<opset="icmp_ln112/44 "/>
</bind>
</comp>

<comp id="351" class="1004" name="trunc_ln115_fu_351">
<pin_list>
<pin id="352" dir="0" index="0" bw="20" slack="1"/>
<pin id="353" dir="1" index="1" bw="8" slack="0"/>
</pin_list>
<bind>
<opcode="trunc(33) " fcode="trunc"/>
<opset="trunc_ln115/44 "/>
</bind>
</comp>

<comp id="354" class="1004" name="select_ln115_fu_354">
<pin_list>
<pin id="355" dir="0" index="0" bw="1" slack="0"/>
<pin id="356" dir="0" index="1" bw="8" slack="0"/>
<pin id="357" dir="0" index="2" bw="8" slack="0"/>
<pin id="358" dir="1" index="3" bw="8" slack="0"/>
</pin_list>
<bind>
<opcode="select(49) " fcode="select"/>
<opset="select_ln115/44 "/>
</bind>
</comp>

<comp id="362" class="1004" name="or_ln115_fu_362">
<pin_list>
<pin id="363" dir="0" index="0" bw="1" slack="0"/>
<pin id="364" dir="0" index="1" bw="1" slack="0"/>
<pin id="365" dir="1" index="2" bw="1" slack="0"/>
</pin_list>
<bind>
<opcode="or(24) " fcode="or"/>
<opset="or_ln115/44 "/>
</bind>
</comp>

<comp id="368" class="1004" name="select_ln115_1_fu_368">
<pin_list>
<pin id="369" dir="0" index="0" bw="1" slack="0"/>
<pin id="370" dir="0" index="1" bw="8" slack="0"/>
<pin id="371" dir="0" index="2" bw="8" slack="0"/>
<pin id="372" dir="1" index="3" bw="8" slack="0"/>
</pin_list>
<bind>
<opcode="select(49) " fcode="select"/>
<opset="select_ln115_1/44 "/>
</bind>
</comp>

<comp id="380" class="1005" name="add_ln70_reg_380">
<pin_list>
<pin id="381" dir="0" index="0" bw="11" slack="0"/>
<pin id="382" dir="1" index="1" bw="11" slack="0"/>
</pin_list>
<bind>
<opset="add_ln70 "/>
</bind>
</comp>

<comp id="385" class="1005" name="v22_0_V_addr_reg_385">
<pin_list>
<pin id="386" dir="0" index="0" bw="11" slack="1"/>
<pin id="387" dir="1" index="1" bw="11" slack="1"/>
</pin_list>
<bind>
<opset="v22_0_V_addr "/>
</bind>
</comp>

<comp id="390" class="1005" name="select_ln80_reg_390">
<pin_list>
<pin id="391" dir="0" index="0" bw="32" slack="1"/>
<pin id="392" dir="1" index="1" bw="32" slack="1"/>
</pin_list>
<bind>
<opset="select_ln80 "/>
</bind>
</comp>

<comp id="395" class="1005" name="udiv_ln1148_reg_395">
<pin_list>
<pin id="396" dir="0" index="0" bw="32" slack="1"/>
<pin id="397" dir="1" index="1" bw="32" slack="2147483647"/>
</pin_list>
<bind>
<opset="udiv_ln1148 "/>
</bind>
</comp>

<comp id="399" class="1005" name="zext_ln97_reg_399">
<pin_list>
<pin id="400" dir="0" index="0" bw="44" slack="3"/>
<pin id="401" dir="1" index="1" bw="44" slack="3"/>
</pin_list>
<bind>
<opset="zext_ln97 "/>
</bind>
</comp>

<comp id="407" class="1005" name="add_ln97_reg_407">
<pin_list>
<pin id="408" dir="0" index="0" bw="11" slack="0"/>
<pin id="409" dir="1" index="1" bw="11" slack="0"/>
</pin_list>
<bind>
<opset="add_ln97 "/>
</bind>
</comp>

<comp id="412" class="1005" name="zext_ln98_reg_412">
<pin_list>
<pin id="413" dir="0" index="0" bw="64" slack="4"/>
<pin id="414" dir="1" index="1" bw="64" slack="4"/>
</pin_list>
<bind>
<opset="zext_ln98 "/>
</bind>
</comp>

<comp id="417" class="1005" name="v22_0_V_addr_1_reg_417">
<pin_list>
<pin id="418" dir="0" index="0" bw="11" slack="1"/>
<pin id="419" dir="1" index="1" bw="11" slack="1"/>
</pin_list>
<bind>
<opset="v22_0_V_addr_1 "/>
</bind>
</comp>

<comp id="422" class="1005" name="trunc_ln708_3_reg_422">
<pin_list>
<pin id="423" dir="0" index="0" bw="32" slack="1"/>
<pin id="424" dir="1" index="1" bw="32" slack="1"/>
</pin_list>
<bind>
<opset="trunc_ln708_3 "/>
</bind>
</comp>

<comp id="428" class="1005" name="select_ln850_reg_428">
<pin_list>
<pin id="429" dir="0" index="0" bw="20" slack="1"/>
<pin id="430" dir="1" index="1" bw="20" slack="1"/>
</pin_list>
<bind>
<opset="select_ln850 "/>
</bind>
</comp>

<comp id="434" class="1005" name="tmp_5_reg_434">
<pin_list>
<pin id="435" dir="0" index="0" bw="13" slack="1"/>
<pin id="436" dir="1" index="1" bw="13" slack="1"/>
</pin_list>
<bind>
<opset="tmp_5 "/>
</bind>
</comp>

</comp_list>

<net_list>
<net id="77"><net_src comp="0" pin="0"/><net_sink comp="72" pin=0"/></net>

<net id="78"><net_src comp="20" pin="0"/><net_sink comp="72" pin=1"/></net>

<net id="84"><net_src comp="72" pin="3"/><net_sink comp="79" pin=0"/></net>

<net id="90"><net_src comp="0" pin="0"/><net_sink comp="85" pin=0"/></net>

<net id="91"><net_src comp="20" pin="0"/><net_sink comp="85" pin=1"/></net>

<net id="92"><net_src comp="85" pin="3"/><net_sink comp="79" pin=0"/></net>

<net id="98"><net_src comp="2" pin="0"/><net_sink comp="93" pin=0"/></net>

<net id="99"><net_src comp="20" pin="0"/><net_sink comp="93" pin=1"/></net>

<net id="105"><net_src comp="93" pin="3"/><net_sink comp="100" pin=0"/></net>

<net id="109"><net_src comp="8" pin="0"/><net_sink comp="106" pin=0"/></net>

<net id="116"><net_src comp="106" pin="1"/><net_sink comp="110" pin=0"/></net>

<net id="117"><net_src comp="110" pin="4"/><net_sink comp="106" pin=0"/></net>

<net id="121"><net_src comp="10" pin="0"/><net_sink comp="118" pin=0"/></net>

<net id="128"><net_src comp="118" pin="1"/><net_sink comp="122" pin=0"/></net>

<net id="132"><net_src comp="10" pin="0"/><net_sink comp="129" pin=0"/></net>

<net id="139"><net_src comp="129" pin="1"/><net_sink comp="133" pin=0"/></net>

<net id="143"><net_src comp="79" pin="3"/><net_sink comp="140" pin=0"/></net>

<net id="148"><net_src comp="122" pin="4"/><net_sink comp="144" pin=0"/></net>

<net id="149"><net_src comp="12" pin="0"/><net_sink comp="144" pin=1"/></net>

<net id="154"><net_src comp="122" pin="4"/><net_sink comp="150" pin=0"/></net>

<net id="155"><net_src comp="18" pin="0"/><net_sink comp="150" pin=1"/></net>

<net id="159"><net_src comp="122" pin="4"/><net_sink comp="156" pin=0"/></net>

<net id="160"><net_src comp="156" pin="1"/><net_sink comp="72" pin=2"/></net>

<net id="165"><net_src comp="22" pin="0"/><net_sink comp="161" pin=0"/></net>

<net id="166"><net_src comp="110" pin="4"/><net_sink comp="161" pin=1"/></net>

<net id="171"><net_src comp="140" pin="1"/><net_sink comp="167" pin=0"/></net>

<net id="172"><net_src comp="8" pin="0"/><net_sink comp="167" pin=1"/></net>

<net id="178"><net_src comp="28" pin="0"/><net_sink comp="173" pin=0"/></net>

<net id="179"><net_src comp="140" pin="1"/><net_sink comp="173" pin=1"/></net>

<net id="180"><net_src comp="30" pin="0"/><net_sink comp="173" pin=2"/></net>

<net id="184"><net_src comp="173" pin="3"/><net_sink comp="181" pin=0"/></net>

<net id="189"><net_src comp="32" pin="0"/><net_sink comp="185" pin=0"/></net>

<net id="190"><net_src comp="181" pin="1"/><net_sink comp="185" pin=1"/></net>

<net id="197"><net_src comp="34" pin="0"/><net_sink comp="191" pin=0"/></net>

<net id="198"><net_src comp="185" pin="2"/><net_sink comp="191" pin=1"/></net>

<net id="199"><net_src comp="36" pin="0"/><net_sink comp="191" pin=2"/></net>

<net id="200"><net_src comp="38" pin="0"/><net_sink comp="191" pin=3"/></net>

<net id="206"><net_src comp="167" pin="2"/><net_sink comp="201" pin=0"/></net>

<net id="207"><net_src comp="140" pin="1"/><net_sink comp="201" pin=1"/></net>

<net id="208"><net_src comp="191" pin="4"/><net_sink comp="201" pin=2"/></net>

<net id="213"><net_src comp="106" pin="1"/><net_sink comp="209" pin=0"/></net>

<net id="214"><net_src comp="201" pin="3"/><net_sink comp="209" pin=1"/></net>

<net id="220"><net_src comp="209" pin="2"/><net_sink comp="215" pin=0"/></net>

<net id="221"><net_src comp="201" pin="3"/><net_sink comp="215" pin=1"/></net>

<net id="222"><net_src comp="106" pin="1"/><net_sink comp="215" pin=2"/></net>

<net id="226"><net_src comp="161" pin="2"/><net_sink comp="223" pin=0"/></net>

<net id="231"><net_src comp="133" pin="4"/><net_sink comp="227" pin=0"/></net>

<net id="232"><net_src comp="12" pin="0"/><net_sink comp="227" pin=1"/></net>

<net id="237"><net_src comp="133" pin="4"/><net_sink comp="233" pin=0"/></net>

<net id="238"><net_src comp="18" pin="0"/><net_sink comp="233" pin=1"/></net>

<net id="242"><net_src comp="133" pin="4"/><net_sink comp="239" pin=0"/></net>

<net id="243"><net_src comp="239" pin="1"/><net_sink comp="85" pin=2"/></net>

<net id="247"><net_src comp="140" pin="1"/><net_sink comp="244" pin=0"/></net>

<net id="252"><net_src comp="244" pin="1"/><net_sink comp="248" pin=0"/></net>

<net id="259"><net_src comp="42" pin="0"/><net_sink comp="253" pin=0"/></net>

<net id="260"><net_src comp="248" pin="2"/><net_sink comp="253" pin=1"/></net>

<net id="261"><net_src comp="36" pin="0"/><net_sink comp="253" pin=2"/></net>

<net id="262"><net_src comp="38" pin="0"/><net_sink comp="253" pin=3"/></net>

<net id="267"><net_src comp="8" pin="0"/><net_sink comp="263" pin=1"/></net>

<net id="273"><net_src comp="263" pin="2"/><net_sink comp="268" pin=0"/></net>

<net id="274"><net_src comp="44" pin="0"/><net_sink comp="268" pin=1"/></net>

<net id="275"><net_src comp="46" pin="0"/><net_sink comp="268" pin=2"/></net>

<net id="280"><net_src comp="268" pin="3"/><net_sink comp="276" pin=1"/></net>

<net id="287"><net_src comp="48" pin="0"/><net_sink comp="281" pin=0"/></net>

<net id="288"><net_src comp="276" pin="2"/><net_sink comp="281" pin=1"/></net>

<net id="289"><net_src comp="36" pin="0"/><net_sink comp="281" pin=2"/></net>

<net id="290"><net_src comp="50" pin="0"/><net_sink comp="281" pin=3"/></net>

<net id="296"><net_src comp="52" pin="0"/><net_sink comp="291" pin=0"/></net>

<net id="297"><net_src comp="276" pin="2"/><net_sink comp="291" pin=1"/></net>

<net id="298"><net_src comp="50" pin="0"/><net_sink comp="291" pin=2"/></net>

<net id="302"><net_src comp="276" pin="2"/><net_sink comp="299" pin=0"/></net>

<net id="307"><net_src comp="299" pin="1"/><net_sink comp="303" pin=0"/></net>

<net id="308"><net_src comp="30" pin="0"/><net_sink comp="303" pin=1"/></net>

<net id="313"><net_src comp="54" pin="0"/><net_sink comp="309" pin=0"/></net>

<net id="314"><net_src comp="281" pin="4"/><net_sink comp="309" pin=1"/></net>

<net id="320"><net_src comp="303" pin="2"/><net_sink comp="315" pin=0"/></net>

<net id="321"><net_src comp="281" pin="4"/><net_sink comp="315" pin=1"/></net>

<net id="322"><net_src comp="309" pin="2"/><net_sink comp="315" pin=2"/></net>

<net id="328"><net_src comp="291" pin="3"/><net_sink comp="323" pin=0"/></net>

<net id="329"><net_src comp="315" pin="3"/><net_sink comp="323" pin=1"/></net>

<net id="330"><net_src comp="281" pin="4"/><net_sink comp="323" pin=2"/></net>

<net id="337"><net_src comp="56" pin="0"/><net_sink comp="331" pin=0"/></net>

<net id="338"><net_src comp="323" pin="3"/><net_sink comp="331" pin=1"/></net>

<net id="339"><net_src comp="58" pin="0"/><net_sink comp="331" pin=2"/></net>

<net id="340"><net_src comp="60" pin="0"/><net_sink comp="331" pin=3"/></net>

<net id="345"><net_src comp="64" pin="0"/><net_sink comp="341" pin=1"/></net>

<net id="350"><net_src comp="66" pin="0"/><net_sink comp="346" pin=1"/></net>

<net id="359"><net_src comp="341" pin="2"/><net_sink comp="354" pin=0"/></net>

<net id="360"><net_src comp="68" pin="0"/><net_sink comp="354" pin=1"/></net>

<net id="361"><net_src comp="70" pin="0"/><net_sink comp="354" pin=2"/></net>

<net id="366"><net_src comp="341" pin="2"/><net_sink comp="362" pin=0"/></net>

<net id="367"><net_src comp="346" pin="2"/><net_sink comp="362" pin=1"/></net>

<net id="373"><net_src comp="362" pin="2"/><net_sink comp="368" pin=0"/></net>

<net id="374"><net_src comp="354" pin="3"/><net_sink comp="368" pin=1"/></net>

<net id="375"><net_src comp="351" pin="1"/><net_sink comp="368" pin=2"/></net>

<net id="376"><net_src comp="368" pin="3"/><net_sink comp="100" pin=1"/></net>

<net id="383"><net_src comp="150" pin="2"/><net_sink comp="380" pin=0"/></net>

<net id="384"><net_src comp="380" pin="1"/><net_sink comp="122" pin=2"/></net>

<net id="388"><net_src comp="72" pin="3"/><net_sink comp="385" pin=0"/></net>

<net id="389"><net_src comp="385" pin="1"/><net_sink comp="79" pin=0"/></net>

<net id="393"><net_src comp="215" pin="3"/><net_sink comp="390" pin=0"/></net>

<net id="394"><net_src comp="390" pin="1"/><net_sink comp="110" pin=2"/></net>

<net id="398"><net_src comp="161" pin="2"/><net_sink comp="395" pin=0"/></net>

<net id="402"><net_src comp="223" pin="1"/><net_sink comp="399" pin=0"/></net>

<net id="403"><net_src comp="399" pin="1"/><net_sink comp="248" pin=1"/></net>

<net id="410"><net_src comp="233" pin="2"/><net_sink comp="407" pin=0"/></net>

<net id="411"><net_src comp="407" pin="1"/><net_sink comp="133" pin=2"/></net>

<net id="415"><net_src comp="239" pin="1"/><net_sink comp="412" pin=0"/></net>

<net id="416"><net_src comp="412" pin="1"/><net_sink comp="93" pin=2"/></net>

<net id="420"><net_src comp="85" pin="3"/><net_sink comp="417" pin=0"/></net>

<net id="421"><net_src comp="417" pin="1"/><net_sink comp="79" pin=0"/></net>

<net id="425"><net_src comp="253" pin="4"/><net_sink comp="422" pin=0"/></net>

<net id="426"><net_src comp="422" pin="1"/><net_sink comp="263" pin=0"/></net>

<net id="427"><net_src comp="422" pin="1"/><net_sink comp="276" pin=0"/></net>

<net id="431"><net_src comp="323" pin="3"/><net_sink comp="428" pin=0"/></net>

<net id="432"><net_src comp="428" pin="1"/><net_sink comp="341" pin=0"/></net>

<net id="433"><net_src comp="428" pin="1"/><net_sink comp="351" pin=0"/></net>

<net id="437"><net_src comp="331" pin="4"/><net_sink comp="434" pin=0"/></net>

<net id="438"><net_src comp="434" pin="1"/><net_sink comp="346" pin=0"/></net>

</net_list>

</model> 
---------------- Datapath Model END ------------------

* FSMD analyzer results:
  - Output states:
	Port: v24_0 | {44 }
 - Input state : 
	Port: quantize_activation : v22_0_V | {2 3 40 41 }
	Port: quantize_activation : v24_0 | {}
  - Chain level:
	State 1
	State 2
		icmp_ln70 : 1
		add_ln70 : 1
		br_ln70 : 2
		zext_ln71 : 1
		v22_0_V_addr : 2
		v22_0_V_load : 3
		udiv_ln1148 : 1
	State 3
	State 4
		zext_ln1118 : 1
		sub_ln1118 : 2
		trunc_ln : 3
		select_ln74 : 4
		icmp_ln1495 : 5
		select_ln80 : 6
	State 5
	State 6
	State 7
	State 8
	State 9
	State 10
	State 11
	State 12
	State 13
	State 14
	State 15
	State 16
	State 17
	State 18
	State 19
	State 20
	State 21
	State 22
	State 23
	State 24
	State 25
	State 26
	State 27
	State 28
	State 29
	State 30
	State 31
	State 32
	State 33
	State 34
	State 35
	State 36
	State 37
	State 38
	State 39
		zext_ln97 : 1
	State 40
		icmp_ln97 : 1
		add_ln97 : 1
		br_ln97 : 2
		zext_ln98 : 1
		v22_0_V_addr_1 : 2
		v22_0_V_load_1 : 3
	State 41
	State 42
		mul_ln1118 : 1
		trunc_ln708_3 : 2
	State 43
		select_ln104 : 1
		add_ln104 : 2
		p_Result_s : 3
		tmp_4 : 3
		trunc_ln851 : 3
		icmp_ln851 : 4
		add_ln700 : 4
		select_ln851 : 5
		select_ln850 : 6
		tmp_5 : 7
	State 44
		select_ln115 : 1
		or_ln115 : 1
		select_ln115_1 : 1
		store_ln119 : 2


============================================================
+ Verbose Summary: Datapath Resource usage 
============================================================

* Functional unit list:
|----------|-----------------------|---------|---------|---------|
| Operation|    Functional Unit    |  DSP48E |    FF   |   LUT   |
|----------|-----------------------|---------|---------|---------|
|   udiv   |       grp_fu_161      |    0    |   394   |   238   |
|----------|-----------------------|---------|---------|---------|
|          |   select_ln74_fu_201  |    0    |    0    |    32   |
|          |   select_ln80_fu_215  |    0    |    0    |    32   |
|          |  select_ln104_fu_268  |    0    |    0    |    32   |
|  select  |  select_ln851_fu_315  |    0    |    0    |    20   |
|          |  select_ln850_fu_323  |    0    |    0    |    20   |
|          |  select_ln115_fu_354  |    0    |    0    |    8    |
|          | select_ln115_1_fu_368 |    0    |    0    |    8    |
|----------|-----------------------|---------|---------|---------|
|          |    icmp_ln70_fu_144   |    0    |    0    |    13   |
|          |   icmp_ln1494_fu_167  |    0    |    0    |    18   |
|          |   icmp_ln1495_fu_209  |    0    |    0    |    18   |
|   icmp   |    icmp_ln97_fu_227   |    0    |    0    |    13   |
|          |  icmp_ln1494_1_fu_263 |    0    |    0    |    18   |
|          |   icmp_ln851_fu_303   |    0    |    0    |    13   |
|          |   icmp_ln110_fu_341   |    0    |    0    |    18   |
|          |   icmp_ln112_fu_346   |    0    |    0    |    13   |
|----------|-----------------------|---------|---------|---------|
|          |    add_ln70_fu_150    |    0    |    0    |    13   |
|    add   |    add_ln97_fu_233    |    0    |    0    |    13   |
|          |    add_ln104_fu_276   |    0    |    0    |    39   |
|          |    add_ln700_fu_309   |    0    |    0    |    27   |
|----------|-----------------------|---------|---------|---------|
|    sub   |   sub_ln1118_fu_185   |    0    |    0    |    51   |
|----------|-----------------------|---------|---------|---------|
|    mul   |   mul_ln1118_fu_248   |    4    |    0    |    20   |
|----------|-----------------------|---------|---------|---------|
|    or    |    or_ln115_fu_362    |    0    |    0    |    2    |
|----------|-----------------------|---------|---------|---------|
|          |    zext_ln71_fu_156   |    0    |    0    |    0    |
|   zext   |   zext_ln1118_fu_181  |    0    |    0    |    0    |
|          |    zext_ln97_fu_223   |    0    |    0    |    0    |
|          |    zext_ln98_fu_239   |    0    |    0    |    0    |
|----------|-----------------------|---------|---------|---------|
|bitconcatenate|     shl_ln_fu_173     |    0    |    0    |    0    |
|----------|-----------------------|---------|---------|---------|
|          |    trunc_ln_fu_191    |    0    |    0    |    0    |
|partselect|  trunc_ln708_3_fu_253 |    0    |    0    |    0    |
|          |   p_Result_s_fu_281   |    0    |    0    |    0    |
|          |      tmp_5_fu_331     |    0    |    0    |    0    |
|----------|-----------------------|---------|---------|---------|
|   sext   |   sext_ln1118_fu_244  |    0    |    0    |    0    |
|----------|-----------------------|---------|---------|---------|
| bitselect|      tmp_4_fu_291     |    0    |    0    |    0    |
|----------|-----------------------|---------|---------|---------|
|   trunc  |   trunc_ln851_fu_299  |    0    |    0    |    0    |
|          |   trunc_ln115_fu_351  |    0    |    0    |    0    |
|----------|-----------------------|---------|---------|---------|
|   Total  |                       |    4    |   394   |   679   |
|----------|-----------------------|---------|---------|---------|

Memories:
N/A

* Register list:
+----------------------+--------+
|                      |   FF   |
+----------------------+--------+
|   add_ln70_reg_380   |   11   |
|   add_ln97_reg_407   |   11   |
|    j1_0_0_reg_129    |   11   |
|     j_0_0_reg_118    |   11   |
|        reg_140       |   32   |
|  select_ln80_reg_390 |   32   |
| select_ln850_reg_428 |   20   |
|     tmp_5_reg_434    |   13   |
| trunc_ln708_3_reg_422|   32   |
|  udiv_ln1148_reg_395 |   32   |
|v22_0_V_addr_1_reg_417|   11   |
| v22_0_V_addr_reg_385 |   11   |
|    v45_V_0_reg_106   |   32   |
|   zext_ln97_reg_399  |   44   |
|   zext_ln98_reg_412  |   64   |
+----------------------+--------+
|         Total        |   367  |
+----------------------+--------+

* Multiplexer (MUX) list: 
|------------------|------|------|------|--------||---------||---------|
|       Comp       |  Pin | Size |  BW  | S x BW ||  Delay  ||   LUT   |
|------------------|------|------|------|--------||---------||---------|
| grp_access_fu_79 |  p0  |   4  |  11  |   44   ||    21   |
|  v45_V_0_reg_106 |  p0  |   2  |  32  |   64   ||    9    |
|------------------|------|------|------|--------||---------||---------|
|       Total      |      |      |      |   108  ||  3.6295 ||    30   |
|------------------|------|------|------|--------||---------||---------|



* Summary:
+-----------+--------+--------+--------+--------+
|           | DSP48E |  Delay |   FF   |   LUT  |
+-----------+--------+--------+--------+--------+
|  Function |    4   |    -   |   394  |   679  |
|   Memory  |    -   |    -   |    -   |    -   |
|Multiplexer|    -   |    3   |    -   |   30   |
|  Register |    -   |    -   |   367  |    -   |
+-----------+--------+--------+--------+--------+
|   Total   |    4   |    3   |   761  |   709  |
+-----------+--------+--------+--------+--------+
