

================================================================
== Vivado HLS Report for 'rms_norm'
================================================================
* Date:           Thu Nov 28 22:29:19 2024

* Version:        2019.2 (Build 2704478 on Wed Nov 06 22:10:23 MST 2019)
* Project:        out.prj
* Solution:       solution1
* Product family: zynq
* Target device:  xc7z020-clg484-1


================================================================
== Performance Estimates
================================================================
+ Timing: 
    * Summary: 
    +--------+----------+----------+------------+
    |  Clock |  Target  | Estimated| Uncertainty|
    +--------+----------+----------+------------+
    |ap_clk  | 10.00 ns | 8.664 ns |   1.25 ns  |
    +--------+----------+----------+------------+

+ Latency: 
    * Summary: 
    +---------+---------+----------+----------+-------+-------+---------+
    |  Latency (cycles) |  Latency (absolute) |    Interval   | Pipeline|
    |   min   |   max   |    min   |    max   |  min  |  max  |   Type  |
    +---------+---------+----------+----------+-------+-------+---------+
    |    13861|    13947| 0.139 ms | 0.139 ms |  13861|  13947|   none  |
    +---------+---------+----------+----------+-------+-------+---------+

    + Detail: 
        * Instance: 
        +------------------------+-------------+---------+---------+-----------+----------+-----+-----+---------+
        |                        |             |  Latency (cycles) |  Latency (absolute)  |  Interval | Pipeline|
        |        Instance        |    Module   |   min   |   max   |    min    |    max   | min | max |   Type  |
        +------------------------+-------------+---------+---------+-----------+----------+-----+-----+---------+
        |grp_pow_32_20_s_fu_163  |pow_32_20_s  |        1|       87| 10.000 ns | 0.870 us |    1|   87|   none  |
        +------------------------+-------------+---------+---------+-----------+----------+-----+-----+---------+

        * Loop: 
        +--------------+---------+---------+----------+-----------+-----------+------+----------+
        |              |  Latency (cycles) | Iteration|  Initiation Interval  | Trip |          |
        |   Loop Name  |   min   |   max   |  Latency |  achieved |   target  | Count| Pipelined|
        +--------------+---------+---------+----------+-----------+-----------+------+----------+
        |- l_S_i_0_i   |     6144|     6144|         4|          -|          -|  1536|    no    |
        |- l_S_i_1_i1  |     7680|     7680|         5|          -|          -|  1536|    no    |
        +--------------+---------+---------+----------+-----------+-----------+------+----------+



================================================================
== Utilization Estimates
================================================================
* Summary: 
+-----------------+---------+-------+--------+-------+-----+
|       Name      | BRAM_18K| DSP48E|   FF   |  LUT  | URAM|
+-----------------+---------+-------+--------+-------+-----+
|DSP              |        -|      -|       -|      -|    -|
|Expression       |        -|     12|       0|    340|    -|
|FIFO             |        -|      -|       -|      -|    -|
|Instance         |       28|     61|   10412|   6898|    -|
|Memory           |        -|      -|       -|      -|    -|
|Multiplexer      |        -|      -|       -|    239|    -|
|Register         |        -|      -|     502|      -|    -|
+-----------------+---------+-------+--------+-------+-----+
|Total            |       28|     73|   10914|   7477|    0|
+-----------------+---------+-------+--------+-------+-----+
|Available        |      280|    220|  106400|  53200|    0|
+-----------------+---------+-------+--------+-------+-----+
|Utilization (%)  |       10|     33|      10|     14|    0|
+-----------------+---------+-------+--------+-------+-----+

+ Detail: 
    * Instance: 
    +--------------------------+----------------------+---------+-------+------+------+-----+
    |         Instance         |        Module        | BRAM_18K| DSP48E|  FF  |  LUT | URAM|
    +--------------------------+----------------------+---------+-------+------+------+-----+
    |attention_mul_46nvdy_U35  |attention_mul_46nvdy  |        0|      9|   221|    79|    0|
    |attention_sdiv_27wdI_U36  |attention_sdiv_27wdI  |        0|      0|   394|   238|    0|
    |grp_pow_32_20_s_fu_163    |pow_32_20_s           |       28|     52|  9797|  6581|    0|
    +--------------------------+----------------------+---------+-------+------+------+-----+
    |Total                     |                      |       28|     61| 10412|  6898|    0|
    +--------------------------+----------------------+---------+-------+------+------+-----+

    * DSP48E: 
    N/A

    * Memory: 
    N/A

    * FIFO: 
    N/A

    * Expression: 
    +---------------------------+----------+-------+---+----+------------+------------+
    |       Variable Name       | Operation| DSP48E| FF| LUT| Bitwidth P0| Bitwidth P1|
    +---------------------------+----------+-------+---+----+------------+------------+
    |mul_ln1118_1_fu_349_p2     |     *    |      4|  0|  20|          32|          32|
    |mul_ln1118_2_fu_368_p2     |     *    |      4|  0|  20|          32|          32|
    |mul_ln1118_fu_233_p2       |     *    |      4|  0|  20|          32|          32|
    |add_ln25_fu_200_p2         |     +    |      0|  0|  13|          11|           1|
    |add_ln38_fu_330_p2         |     +    |      0|  0|  13|          11|           1|
    |add_ln703_fu_249_p2        |     +    |      0|  0|  39|          32|          32|
    |sub_ln1148_fu_264_p2       |     -    |      0|  0|  96|           1|          89|
    |sub_ln703_fu_297_p2        |     -    |      0|  0|  39|           1|          32|
    |icmp_ln25_fu_194_p2        |   icmp   |      0|  0|  13|          11|          11|
    |icmp_ln38_fu_324_p2        |   icmp   |      0|  0|  13|          11|          11|
    |select_ln1148_1_fu_306_p3  |  select  |      0|  0|  32|           1|          32|
    |select_ln1148_fu_287_p3    |  select  |      0|  0|  22|           1|          22|
    +---------------------------+----------+-------+---+----+------------+------------+
    |Total                      |          |     12|  0| 340|         176|         327|
    +---------------------------+----------+-------+---+----+------------+------------+

    * Multiplexer: 
    +----------------+-----+-----------+-----+-----------+
    |      Name      | LUT | Input Size| Bits| Total Bits|
    +----------------+-----+-----------+-----+-----------+
    |ap_NS_fsm       |  197|         45|    1|         45|
    |i1_0_0_reg_152  |    9|          2|   11|         22|
    |i_0_0_reg_141   |    9|          2|   11|         22|
    |v0_V_address0   |   15|          3|   11|         33|
    |v9_V_0_reg_129  |    9|          2|   32|         64|
    +----------------+-----+-----------+-----+-----------+
    |Total           |  239|         54|   66|        186|
    +----------------+-----+-----------+-----+-----------+

    * Register: 
    +-------------------------------------+----+----+-----+-----------+
    |                 Name                | FF | LUT| Bits| Const Bits|
    +-------------------------------------+----+----+-----+-----------+
    |add_ln25_reg_386                     |  11|   0|   11|          0|
    |add_ln38_reg_450                     |  11|   0|   11|          0|
    |ap_CS_fsm                            |  44|   0|   44|          0|
    |grp_pow_32_20_s_fu_163_ap_start_reg  |   1|   0|    1|          0|
    |i1_0_0_reg_152                       |  11|   0|   11|          0|
    |i_0_0_reg_141                        |  11|   0|   11|          0|
    |mul_ln1148_reg_411                   |  89|   0|   89|          0|
    |reg_190                              |  32|   0|   32|          0|
    |select_ln1148_1_reg_432              |  32|   0|   32|          0|
    |select_ln1148_reg_426                |  22|   0|   22|          0|
    |sext_ln38_reg_442                    |  44|   0|   44|          0|
    |tmp_1_reg_421                        |   1|   0|    1|          0|
    |tmp_3_reg_416                        |  22|   0|   22|          0|
    |trunc_ln708_1_reg_475                |  32|   0|   32|          0|
    |trunc_ln708_2_reg_480                |  32|   0|   32|          0|
    |trunc_ln_reg_401                     |  32|   0|   32|          0|
    |v1_V_load_reg_470                    |  32|   0|   32|          0|
    |v9_V_0_reg_129                       |  32|   0|   32|          0|
    |zext_ln39_reg_455                    |  11|   0|   64|         53|
    +-------------------------------------+----+----+-----+-----------+
    |Total                                | 502|   0|  555|         53|
    +-------------------------------------+----+----+-----+-----------+



================================================================
== Interface
================================================================
* Summary: 
+-----------------+-----+-----+------------+--------------+--------------+
|    RTL Ports    | Dir | Bits|  Protocol  | Source Object|    C Type    |
+-----------------+-----+-----+------------+--------------+--------------+
|ap_clk           |  in |    1| ap_ctrl_hs |   rms_norm   | return value |
|ap_rst           |  in |    1| ap_ctrl_hs |   rms_norm   | return value |
|ap_start         |  in |    1| ap_ctrl_hs |   rms_norm   | return value |
|ap_done          | out |    1| ap_ctrl_hs |   rms_norm   | return value |
|ap_idle          | out |    1| ap_ctrl_hs |   rms_norm   | return value |
|ap_ready         | out |    1| ap_ctrl_hs |   rms_norm   | return value |
|v0_V_address0    | out |   11|  ap_memory |     v0_V     |     array    |
|v0_V_ce0         | out |    1|  ap_memory |     v0_V     |     array    |
|v0_V_q0          |  in |   32|  ap_memory |     v0_V     |     array    |
|v1_V_address0    | out |   11|  ap_memory |     v1_V     |     array    |
|v1_V_ce0         | out |    1|  ap_memory |     v1_V     |     array    |
|v1_V_q0          |  in |   32|  ap_memory |     v1_V     |     array    |
|v3_0_V_address0  | out |   11|  ap_memory |    v3_0_V    |     array    |
|v3_0_V_ce0       | out |    1|  ap_memory |    v3_0_V    |     array    |
|v3_0_V_we0       | out |    1|  ap_memory |    v3_0_V    |     array    |
|v3_0_V_d0        | out |   32|  ap_memory |    v3_0_V    |     array    |
+-----------------+-----+-----+------------+--------------+--------------+

============================================================
+ Verbose Summary: Synthesis Manager
============================================================
InlineROM: 1
ExposeGlobal: 0
============================================================
+ Verbose Summary: CDFG Model
============================================================
IsTopModel: 0
ResetActiveHigh: 1
IsCombinational: 2
IsDatapathOnly: 2
HasWiredReturn: 1
HasMFsm: 0
HasVarLatency: 1
IsPipeline: 0
IsRtlPipelined: 0
IsInstanceOverlapped: 0
IsDontTouch: 0
HasImplIP: 0
IsGatedGlobalClock: 0


============================================================
+ Verbose Summary: Schedule
============================================================
* Number of FSM states : 44
* Pipeline : 0
* Dataflow Pipeline: 0

* FSM state transitions: 
1 --> 2 
2 --> 3 6 
3 --> 4 
4 --> 5 
5 --> 2 
6 --> 7 
7 --> 8 
8 --> 9 
9 --> 10 
10 --> 11 
11 --> 12 
12 --> 13 
13 --> 14 
14 --> 15 
15 --> 16 
16 --> 17 
17 --> 18 
18 --> 19 
19 --> 20 
20 --> 21 
21 --> 22 
22 --> 23 
23 --> 24 
24 --> 25 
25 --> 26 
26 --> 27 
27 --> 28 
28 --> 29 
29 --> 30 
30 --> 31 
31 --> 32 
32 --> 33 
33 --> 34 
34 --> 35 
35 --> 36 
36 --> 37 
37 --> 38 
38 --> 39 
39 --> 40 
40 --> 41 
41 --> 42 
42 --> 43 
43 --> 44 
44 --> 40 

* FSM state operations: 

State 1 <SV = 0> <Delay = 1.76>
ST_1 : Operation 45 [1/1] (0.00ns)   --->   "%tmp = call i32 (...)* @_ssdm_op_SpecRegionBegin([18 x i8]* @p_str)" [kernel.cpp:22]   --->   Operation 45 'specregionbegin' 'tmp' <Predicate = true> <Delay = 0.00>
ST_1 : Operation 46 [1/1] (1.76ns)   --->   "br label %1" [kernel.cpp:25]   --->   Operation 46 'br' <Predicate = true> <Delay = 1.76>

State 2 <SV = 1> <Delay = 8.62>
ST_2 : Operation 47 [1/1] (0.00ns)   --->   "%v9_V_0 = phi i32 [ 0, %l_S_index_0_index_begin ], [ %add_ln703, %_ZN8ap_fixedILi32ELi20EL9ap_q_mode5EL9ap_o_mode3ELi0EEC1ILi64ELi40ELb1ELS0_5ELS1_3ELi0EEERK13ap_fixed_baseIXT_EXT0_EXT1_EXT2_EXT3_EXT4_EE.exit43.0 ]" [kernel.cpp:29]   --->   Operation 47 'phi' 'v9_V_0' <Predicate = true> <Delay = 0.00>
ST_2 : Operation 48 [1/1] (0.00ns)   --->   "%i_0_0 = phi i11 [ 0, %l_S_index_0_index_begin ], [ %add_ln25, %_ZN8ap_fixedILi32ELi20EL9ap_q_mode5EL9ap_o_mode3ELi0EEC1ILi64ELi40ELb1ELS0_5ELS1_3ELi0EEERK13ap_fixed_baseIXT_EXT0_EXT1_EXT2_EXT3_EXT4_EE.exit43.0 ]" [kernel.cpp:25]   --->   Operation 48 'phi' 'i_0_0' <Predicate = true> <Delay = 0.00>
ST_2 : Operation 49 [1/1] (1.88ns)   --->   "%icmp_ln25 = icmp eq i11 %i_0_0, -512" [kernel.cpp:25]   --->   Operation 49 'icmp' 'icmp_ln25' <Predicate = true> <Delay = 1.88> <Core = "Cmp">   --->   Core 25 'Cmp' <Latency = 0> <II = 1> <Delay = 1.88> <FuncUnit> <Opcode : 'icmp'> <InPorts = 2> <OutPorts = 1>
ST_2 : Operation 50 [1/1] (0.00ns)   --->   "%empty_73 = call i32 (...)* @_ssdm_op_SpecLoopTripCount(i64 1536, i64 1536, i64 1536)"   --->   Operation 50 'speclooptripcount' 'empty_73' <Predicate = true> <Delay = 0.00>
ST_2 : Operation 51 [1/1] (1.63ns)   --->   "%add_ln25 = add i11 %i_0_0, 1" [kernel.cpp:25]   --->   Operation 51 'add' 'add_ln25' <Predicate = true> <Delay = 1.63> <Core = "AddSub">   --->   Core 14 'AddSub' <Latency = 0> <II = 1> <Delay = 2.55> <FuncUnit> <Opcode : 'add' 'sub'> <InPorts = 2> <OutPorts = 1>
ST_2 : Operation 52 [1/1] (0.00ns)   --->   "br i1 %icmp_ln25, label %ap_fixed_base.exit.0, label %_ZN8ap_fixedILi32ELi20EL9ap_q_mode5EL9ap_o_mode3ELi0EEC1ILi64ELi40ELb1ELS0_5ELS1_3ELi0EEERK13ap_fixed_baseIXT_EXT0_EXT1_EXT2_EXT3_EXT4_EE.exit43.0" [kernel.cpp:25]   --->   Operation 52 'br' <Predicate = true> <Delay = 0.00>
ST_2 : Operation 53 [1/1] (0.00ns)   --->   "%zext_ln26 = zext i11 %i_0_0 to i64" [kernel.cpp:26]   --->   Operation 53 'zext' 'zext_ln26' <Predicate = (!icmp_ln25)> <Delay = 0.00>
ST_2 : Operation 54 [1/1] (0.00ns)   --->   "%v0_V_addr = getelementptr [1536 x i32]* %v0_V, i64 0, i64 %zext_ln26" [kernel.cpp:26]   --->   Operation 54 'getelementptr' 'v0_V_addr' <Predicate = (!icmp_ln25)> <Delay = 0.00>
ST_2 : Operation 55 [2/2] (3.25ns)   --->   "%v0_V_load = load i32* %v0_V_addr, align 4" [kernel.cpp:26]   --->   Operation 55 'load' 'v0_V_load' <Predicate = (!icmp_ln25)> <Delay = 3.25> <Core = "RAM">   --->   Core 37 'RAM' <Latency = 1> <II = 1> <Delay = 3.25> <Storage> <Opcode : 'load' 'store'> <Ports = 2> <Width = 8> <Depth = 384> <RAM>
ST_2 : Operation 56 [1/1] (0.00ns)   --->   "%shl_ln = call i44 @_ssdm_op_BitConcatenate.i44.i32.i12(i32 %v9_V_0, i12 0)" [kernel.cpp:33]   --->   Operation 56 'bitconcatenate' 'shl_ln' <Predicate = (icmp_ln25)> <Delay = 0.00>
ST_2 : Operation 57 [1/1] (0.00ns)   --->   "%sext_ln1148 = sext i44 %shl_ln to i89" [kernel.cpp:33]   --->   Operation 57 'sext' 'sext_ln1148' <Predicate = (icmp_ln25)> <Delay = 0.00>
ST_2 : Operation 58 [2/2] (8.62ns)   --->   "%mul_ln1148 = mul i89 23456248059222, %sext_ln1148" [kernel.cpp:33]   --->   Operation 58 'mul' 'mul_ln1148' <Predicate = (icmp_ln25)> <Delay = 8.62> <Core = "MulnS">   --->   Core 17 'MulnS' <Latency = 1> <II = 1> <Delay = 8.62> <FuncUnit> <Opcode : 'mul'> <InPorts = 2> <OutPorts = 1>

State 3 <SV = 2> <Delay = 3.25>
ST_3 : Operation 59 [1/2] (3.25ns)   --->   "%v0_V_load = load i32* %v0_V_addr, align 4" [kernel.cpp:26]   --->   Operation 59 'load' 'v0_V_load' <Predicate = true> <Delay = 3.25> <Core = "RAM">   --->   Core 37 'RAM' <Latency = 1> <II = 1> <Delay = 3.25> <Storage> <Opcode : 'load' 'store'> <Ports = 2> <Width = 8> <Depth = 384> <RAM>

State 4 <SV = 3> <Delay = 8.51>
ST_4 : Operation 60 [1/1] (0.00ns)   --->   "%sext_ln1118 = sext i32 %v0_V_load to i44" [kernel.cpp:27]   --->   Operation 60 'sext' 'sext_ln1118' <Predicate = true> <Delay = 0.00>
ST_4 : Operation 61 [1/1] (8.51ns)   --->   "%mul_ln1118 = mul i44 %sext_ln1118, %sext_ln1118" [kernel.cpp:27]   --->   Operation 61 'mul' 'mul_ln1118' <Predicate = true> <Delay = 8.51> <Core = "Mul">   --->   Core 16 'Mul' <Latency = 0> <II = 1> <Delay = 8.51> <FuncUnit> <Opcode : 'mul'> <InPorts = 2> <OutPorts = 1>
ST_4 : Operation 62 [1/1] (0.00ns)   --->   "%trunc_ln = call i32 @_ssdm_op_PartSelect.i32.i44.i32.i32(i44 %mul_ln1118, i32 12, i32 43)" [kernel.cpp:27]   --->   Operation 62 'partselect' 'trunc_ln' <Predicate = true> <Delay = 0.00>

State 5 <SV = 4> <Delay = 2.55>
ST_5 : Operation 63 [1/1] (0.00ns)   --->   "call void (...)* @_ssdm_op_SpecLoopName([10 x i8]* @p_str1) nounwind" [kernel.cpp:25]   --->   Operation 63 'specloopname' <Predicate = true> <Delay = 0.00>
ST_5 : Operation 64 [1/1] (2.55ns)   --->   "%add_ln703 = add i32 %trunc_ln, %v9_V_0" [kernel.cpp:29]   --->   Operation 64 'add' 'add_ln703' <Predicate = true> <Delay = 2.55> <Core = "AddSub">   --->   Core 14 'AddSub' <Latency = 0> <II = 1> <Delay = 2.55> <FuncUnit> <Opcode : 'add' 'sub'> <InPorts = 2> <OutPorts = 1>
ST_5 : Operation 65 [1/1] (0.00ns)   --->   "br label %1" [kernel.cpp:25]   --->   Operation 65 'br' <Predicate = true> <Delay = 0.00>

State 6 <SV = 2> <Delay = 8.62>
ST_6 : Operation 66 [1/2] (8.62ns)   --->   "%mul_ln1148 = mul i89 23456248059222, %sext_ln1148" [kernel.cpp:33]   --->   Operation 66 'mul' 'mul_ln1148' <Predicate = true> <Delay = 8.62> <Core = "MulnS">   --->   Core 17 'MulnS' <Latency = 1> <II = 1> <Delay = 8.62> <FuncUnit> <Opcode : 'mul'> <InPorts = 2> <OutPorts = 1>
ST_6 : Operation 67 [1/1] (0.00ns)   --->   "%tmp_3 = call i22 @_ssdm_op_PartSelect.i22.i89.i32.i32(i89 %mul_ln1148, i32 67, i32 88)" [kernel.cpp:33]   --->   Operation 67 'partselect' 'tmp_3' <Predicate = true> <Delay = 0.00>

State 7 <SV = 3> <Delay = 4.93>
ST_7 : Operation 68 [1/1] (4.23ns)   --->   "%sub_ln1148 = sub i89 0, %mul_ln1148" [kernel.cpp:33]   --->   Operation 68 'sub' 'sub_ln1148' <Predicate = true> <Delay = 4.23> <Core = "AddSub">   --->   Core 14 'AddSub' <Latency = 0> <II = 1> <Delay = 2.55> <FuncUnit> <Opcode : 'add' 'sub'> <InPorts = 2> <OutPorts = 1>
ST_7 : Operation 69 [1/1] (0.00ns)   --->   "%tmp_1 = call i1 @_ssdm_op_BitSelect.i1.i32.i32(i32 %v9_V_0, i32 31)" [kernel.cpp:33]   --->   Operation 69 'bitselect' 'tmp_1' <Predicate = true> <Delay = 0.00>
ST_7 : Operation 70 [1/1] (0.00ns)   --->   "%tmp_2 = call i22 @_ssdm_op_PartSelect.i22.i89.i32.i32(i89 %sub_ln1148, i32 67, i32 88)" [kernel.cpp:33]   --->   Operation 70 'partselect' 'tmp_2' <Predicate = true> <Delay = 0.00>
ST_7 : Operation 71 [1/1] (0.70ns)   --->   "%select_ln1148 = select i1 %tmp_1, i22 %tmp_2, i22 %tmp_3" [kernel.cpp:33]   --->   Operation 71 'select' 'select_ln1148' <Predicate = true> <Delay = 0.70> <Core = "Sel">   --->   Core 26 'Sel' <Latency = 0> <II = 1> <Delay = 0.70> <FuncUnit> <Opcode : 'select'> <InPorts = 3> <OutPorts = 1>

State 8 <SV = 4> <Delay = 8.16>
ST_8 : Operation 72 [1/1] (0.00ns)   --->   "%sext_ln703 = sext i22 %select_ln1148 to i32" [kernel.cpp:33]   --->   Operation 72 'sext' 'sext_ln703' <Predicate = (tmp_1)> <Delay = 0.00>
ST_8 : Operation 73 [1/1] (2.25ns)   --->   "%sub_ln703 = sub i32 0, %sext_ln703" [kernel.cpp:33]   --->   Operation 73 'sub' 'sub_ln703' <Predicate = (tmp_1)> <Delay = 2.25> <Core = "AddSub">   --->   Core 14 'AddSub' <Latency = 0> <II = 1> <Delay = 2.55> <FuncUnit> <Opcode : 'add' 'sub'> <InPorts = 2> <OutPorts = 1>
ST_8 : Operation 74 [1/1] (0.00ns)   --->   "%sext_ln703_1 = sext i22 %select_ln1148 to i32" [kernel.cpp:33]   --->   Operation 74 'sext' 'sext_ln703_1' <Predicate = (!tmp_1)> <Delay = 0.00>
ST_8 : Operation 75 [1/1] (0.69ns)   --->   "%select_ln1148_1 = select i1 %tmp_1, i32 %sub_ln703, i32 %sext_ln703_1" [kernel.cpp:33]   --->   Operation 75 'select' 'select_ln1148_1' <Predicate = true> <Delay = 0.69> <Core = "Sel">   --->   Core 26 'Sel' <Latency = 0> <II = 1> <Delay = 0.70> <FuncUnit> <Opcode : 'select'> <InPorts = 3> <OutPorts = 1>
ST_8 : Operation 76 [2/2] (5.22ns)   --->   "%agg_result_V_i = call fastcc i32 @"pow<32, 20>"(i32 %select_ln1148_1, i32 2048)" [/opt/xilinx/Vivado/2019.2/common/technology/autopilot/hls_math.h:2028->kernel.cpp:35]   --->   Operation 76 'call' 'agg_result_V_i' <Predicate = true> <Delay = 5.22> <CoreType = "Generic">   --->   Core 0 '' <Latency = 0> <II = 1> <Delay = 1.00> <Generic> <Opcode : >

State 9 <SV = 5> <Delay = 8.66>
ST_9 : Operation 77 [1/2] (4.52ns)   --->   "%agg_result_V_i = call fastcc i32 @"pow<32, 20>"(i32 %select_ln1148_1, i32 2048)" [/opt/xilinx/Vivado/2019.2/common/technology/autopilot/hls_math.h:2028->kernel.cpp:35]   --->   Operation 77 'call' 'agg_result_V_i' <Predicate = true> <Delay = 4.52> <CoreType = "Generic">   --->   Core 0 '' <Latency = 0> <II = 1> <Delay = 1.00> <Generic> <Opcode : >
ST_9 : Operation 78 [31/31] (4.13ns)   --->   "%sdiv_ln1148 = sdiv i32 16777216, %agg_result_V_i" [kernel.cpp:36]   --->   Operation 78 'sdiv' 'sdiv_ln1148' <Predicate = true> <Delay = 4.13> <Core = "DivnS_SEQ">   --->   Core 24 'DivnS_SEQ' <Latency = 30> <II = 32> <Delay = 4.13> <FuncUnit> <Opcode : 'sdiv' 'srem' 'udiv' 'urem'> <InPorts = 2> <OutPorts = 1>

State 10 <SV = 6> <Delay = 4.13>
ST_10 : Operation 79 [30/31] (4.13ns)   --->   "%sdiv_ln1148 = sdiv i32 16777216, %agg_result_V_i" [kernel.cpp:36]   --->   Operation 79 'sdiv' 'sdiv_ln1148' <Predicate = true> <Delay = 4.13> <Core = "DivnS_SEQ">   --->   Core 24 'DivnS_SEQ' <Latency = 30> <II = 32> <Delay = 4.13> <FuncUnit> <Opcode : 'sdiv' 'srem' 'udiv' 'urem'> <InPorts = 2> <OutPorts = 1>

State 11 <SV = 7> <Delay = 4.13>
ST_11 : Operation 80 [29/31] (4.13ns)   --->   "%sdiv_ln1148 = sdiv i32 16777216, %agg_result_V_i" [kernel.cpp:36]   --->   Operation 80 'sdiv' 'sdiv_ln1148' <Predicate = true> <Delay = 4.13> <Core = "DivnS_SEQ">   --->   Core 24 'DivnS_SEQ' <Latency = 30> <II = 32> <Delay = 4.13> <FuncUnit> <Opcode : 'sdiv' 'srem' 'udiv' 'urem'> <InPorts = 2> <OutPorts = 1>

State 12 <SV = 8> <Delay = 4.13>
ST_12 : Operation 81 [28/31] (4.13ns)   --->   "%sdiv_ln1148 = sdiv i32 16777216, %agg_result_V_i" [kernel.cpp:36]   --->   Operation 81 'sdiv' 'sdiv_ln1148' <Predicate = true> <Delay = 4.13> <Core = "DivnS_SEQ">   --->   Core 24 'DivnS_SEQ' <Latency = 30> <II = 32> <Delay = 4.13> <FuncUnit> <Opcode : 'sdiv' 'srem' 'udiv' 'urem'> <InPorts = 2> <OutPorts = 1>

State 13 <SV = 9> <Delay = 4.13>
ST_13 : Operation 82 [27/31] (4.13ns)   --->   "%sdiv_ln1148 = sdiv i32 16777216, %agg_result_V_i" [kernel.cpp:36]   --->   Operation 82 'sdiv' 'sdiv_ln1148' <Predicate = true> <Delay = 4.13> <Core = "DivnS_SEQ">   --->   Core 24 'DivnS_SEQ' <Latency = 30> <II = 32> <Delay = 4.13> <FuncUnit> <Opcode : 'sdiv' 'srem' 'udiv' 'urem'> <InPorts = 2> <OutPorts = 1>

State 14 <SV = 10> <Delay = 4.13>
ST_14 : Operation 83 [26/31] (4.13ns)   --->   "%sdiv_ln1148 = sdiv i32 16777216, %agg_result_V_i" [kernel.cpp:36]   --->   Operation 83 'sdiv' 'sdiv_ln1148' <Predicate = true> <Delay = 4.13> <Core = "DivnS_SEQ">   --->   Core 24 'DivnS_SEQ' <Latency = 30> <II = 32> <Delay = 4.13> <FuncUnit> <Opcode : 'sdiv' 'srem' 'udiv' 'urem'> <InPorts = 2> <OutPorts = 1>

State 15 <SV = 11> <Delay = 4.13>
ST_15 : Operation 84 [25/31] (4.13ns)   --->   "%sdiv_ln1148 = sdiv i32 16777216, %agg_result_V_i" [kernel.cpp:36]   --->   Operation 84 'sdiv' 'sdiv_ln1148' <Predicate = true> <Delay = 4.13> <Core = "DivnS_SEQ">   --->   Core 24 'DivnS_SEQ' <Latency = 30> <II = 32> <Delay = 4.13> <FuncUnit> <Opcode : 'sdiv' 'srem' 'udiv' 'urem'> <InPorts = 2> <OutPorts = 1>

State 16 <SV = 12> <Delay = 4.13>
ST_16 : Operation 85 [24/31] (4.13ns)   --->   "%sdiv_ln1148 = sdiv i32 16777216, %agg_result_V_i" [kernel.cpp:36]   --->   Operation 85 'sdiv' 'sdiv_ln1148' <Predicate = true> <Delay = 4.13> <Core = "DivnS_SEQ">   --->   Core 24 'DivnS_SEQ' <Latency = 30> <II = 32> <Delay = 4.13> <FuncUnit> <Opcode : 'sdiv' 'srem' 'udiv' 'urem'> <InPorts = 2> <OutPorts = 1>

State 17 <SV = 13> <Delay = 4.13>
ST_17 : Operation 86 [23/31] (4.13ns)   --->   "%sdiv_ln1148 = sdiv i32 16777216, %agg_result_V_i" [kernel.cpp:36]   --->   Operation 86 'sdiv' 'sdiv_ln1148' <Predicate = true> <Delay = 4.13> <Core = "DivnS_SEQ">   --->   Core 24 'DivnS_SEQ' <Latency = 30> <II = 32> <Delay = 4.13> <FuncUnit> <Opcode : 'sdiv' 'srem' 'udiv' 'urem'> <InPorts = 2> <OutPorts = 1>

State 18 <SV = 14> <Delay = 4.13>
ST_18 : Operation 87 [22/31] (4.13ns)   --->   "%sdiv_ln1148 = sdiv i32 16777216, %agg_result_V_i" [kernel.cpp:36]   --->   Operation 87 'sdiv' 'sdiv_ln1148' <Predicate = true> <Delay = 4.13> <Core = "DivnS_SEQ">   --->   Core 24 'DivnS_SEQ' <Latency = 30> <II = 32> <Delay = 4.13> <FuncUnit> <Opcode : 'sdiv' 'srem' 'udiv' 'urem'> <InPorts = 2> <OutPorts = 1>

State 19 <SV = 15> <Delay = 4.13>
ST_19 : Operation 88 [21/31] (4.13ns)   --->   "%sdiv_ln1148 = sdiv i32 16777216, %agg_result_V_i" [kernel.cpp:36]   --->   Operation 88 'sdiv' 'sdiv_ln1148' <Predicate = true> <Delay = 4.13> <Core = "DivnS_SEQ">   --->   Core 24 'DivnS_SEQ' <Latency = 30> <II = 32> <Delay = 4.13> <FuncUnit> <Opcode : 'sdiv' 'srem' 'udiv' 'urem'> <InPorts = 2> <OutPorts = 1>

State 20 <SV = 16> <Delay = 4.13>
ST_20 : Operation 89 [20/31] (4.13ns)   --->   "%sdiv_ln1148 = sdiv i32 16777216, %agg_result_V_i" [kernel.cpp:36]   --->   Operation 89 'sdiv' 'sdiv_ln1148' <Predicate = true> <Delay = 4.13> <Core = "DivnS_SEQ">   --->   Core 24 'DivnS_SEQ' <Latency = 30> <II = 32> <Delay = 4.13> <FuncUnit> <Opcode : 'sdiv' 'srem' 'udiv' 'urem'> <InPorts = 2> <OutPorts = 1>

State 21 <SV = 17> <Delay = 4.13>
ST_21 : Operation 90 [19/31] (4.13ns)   --->   "%sdiv_ln1148 = sdiv i32 16777216, %agg_result_V_i" [kernel.cpp:36]   --->   Operation 90 'sdiv' 'sdiv_ln1148' <Predicate = true> <Delay = 4.13> <Core = "DivnS_SEQ">   --->   Core 24 'DivnS_SEQ' <Latency = 30> <II = 32> <Delay = 4.13> <FuncUnit> <Opcode : 'sdiv' 'srem' 'udiv' 'urem'> <InPorts = 2> <OutPorts = 1>

State 22 <SV = 18> <Delay = 4.13>
ST_22 : Operation 91 [18/31] (4.13ns)   --->   "%sdiv_ln1148 = sdiv i32 16777216, %agg_result_V_i" [kernel.cpp:36]   --->   Operation 91 'sdiv' 'sdiv_ln1148' <Predicate = true> <Delay = 4.13> <Core = "DivnS_SEQ">   --->   Core 24 'DivnS_SEQ' <Latency = 30> <II = 32> <Delay = 4.13> <FuncUnit> <Opcode : 'sdiv' 'srem' 'udiv' 'urem'> <InPorts = 2> <OutPorts = 1>

State 23 <SV = 19> <Delay = 4.13>
ST_23 : Operation 92 [17/31] (4.13ns)   --->   "%sdiv_ln1148 = sdiv i32 16777216, %agg_result_V_i" [kernel.cpp:36]   --->   Operation 92 'sdiv' 'sdiv_ln1148' <Predicate = true> <Delay = 4.13> <Core = "DivnS_SEQ">   --->   Core 24 'DivnS_SEQ' <Latency = 30> <II = 32> <Delay = 4.13> <FuncUnit> <Opcode : 'sdiv' 'srem' 'udiv' 'urem'> <InPorts = 2> <OutPorts = 1>

State 24 <SV = 20> <Delay = 4.13>
ST_24 : Operation 93 [16/31] (4.13ns)   --->   "%sdiv_ln1148 = sdiv i32 16777216, %agg_result_V_i" [kernel.cpp:36]   --->   Operation 93 'sdiv' 'sdiv_ln1148' <Predicate = true> <Delay = 4.13> <Core = "DivnS_SEQ">   --->   Core 24 'DivnS_SEQ' <Latency = 30> <II = 32> <Delay = 4.13> <FuncUnit> <Opcode : 'sdiv' 'srem' 'udiv' 'urem'> <InPorts = 2> <OutPorts = 1>

State 25 <SV = 21> <Delay = 4.13>
ST_25 : Operation 94 [15/31] (4.13ns)   --->   "%sdiv_ln1148 = sdiv i32 16777216, %agg_result_V_i" [kernel.cpp:36]   --->   Operation 94 'sdiv' 'sdiv_ln1148' <Predicate = true> <Delay = 4.13> <Core = "DivnS_SEQ">   --->   Core 24 'DivnS_SEQ' <Latency = 30> <II = 32> <Delay = 4.13> <FuncUnit> <Opcode : 'sdiv' 'srem' 'udiv' 'urem'> <InPorts = 2> <OutPorts = 1>

State 26 <SV = 22> <Delay = 4.13>
ST_26 : Operation 95 [14/31] (4.13ns)   --->   "%sdiv_ln1148 = sdiv i32 16777216, %agg_result_V_i" [kernel.cpp:36]   --->   Operation 95 'sdiv' 'sdiv_ln1148' <Predicate = true> <Delay = 4.13> <Core = "DivnS_SEQ">   --->   Core 24 'DivnS_SEQ' <Latency = 30> <II = 32> <Delay = 4.13> <FuncUnit> <Opcode : 'sdiv' 'srem' 'udiv' 'urem'> <InPorts = 2> <OutPorts = 1>

State 27 <SV = 23> <Delay = 4.13>
ST_27 : Operation 96 [13/31] (4.13ns)   --->   "%sdiv_ln1148 = sdiv i32 16777216, %agg_result_V_i" [kernel.cpp:36]   --->   Operation 96 'sdiv' 'sdiv_ln1148' <Predicate = true> <Delay = 4.13> <Core = "DivnS_SEQ">   --->   Core 24 'DivnS_SEQ' <Latency = 30> <II = 32> <Delay = 4.13> <FuncUnit> <Opcode : 'sdiv' 'srem' 'udiv' 'urem'> <InPorts = 2> <OutPorts = 1>

State 28 <SV = 24> <Delay = 4.13>
ST_28 : Operation 97 [12/31] (4.13ns)   --->   "%sdiv_ln1148 = sdiv i32 16777216, %agg_result_V_i" [kernel.cpp:36]   --->   Operation 97 'sdiv' 'sdiv_ln1148' <Predicate = true> <Delay = 4.13> <Core = "DivnS_SEQ">   --->   Core 24 'DivnS_SEQ' <Latency = 30> <II = 32> <Delay = 4.13> <FuncUnit> <Opcode : 'sdiv' 'srem' 'udiv' 'urem'> <InPorts = 2> <OutPorts = 1>

State 29 <SV = 25> <Delay = 4.13>
ST_29 : Operation 98 [11/31] (4.13ns)   --->   "%sdiv_ln1148 = sdiv i32 16777216, %agg_result_V_i" [kernel.cpp:36]   --->   Operation 98 'sdiv' 'sdiv_ln1148' <Predicate = true> <Delay = 4.13> <Core = "DivnS_SEQ">   --->   Core 24 'DivnS_SEQ' <Latency = 30> <II = 32> <Delay = 4.13> <FuncUnit> <Opcode : 'sdiv' 'srem' 'udiv' 'urem'> <InPorts = 2> <OutPorts = 1>

State 30 <SV = 26> <Delay = 4.13>
ST_30 : Operation 99 [10/31] (4.13ns)   --->   "%sdiv_ln1148 = sdiv i32 16777216, %agg_result_V_i" [kernel.cpp:36]   --->   Operation 99 'sdiv' 'sdiv_ln1148' <Predicate = true> <Delay = 4.13> <Core = "DivnS_SEQ">   --->   Core 24 'DivnS_SEQ' <Latency = 30> <II = 32> <Delay = 4.13> <FuncUnit> <Opcode : 'sdiv' 'srem' 'udiv' 'urem'> <InPorts = 2> <OutPorts = 1>

State 31 <SV = 27> <Delay = 4.13>
ST_31 : Operation 100 [9/31] (4.13ns)   --->   "%sdiv_ln1148 = sdiv i32 16777216, %agg_result_V_i" [kernel.cpp:36]   --->   Operation 100 'sdiv' 'sdiv_ln1148' <Predicate = true> <Delay = 4.13> <Core = "DivnS_SEQ">   --->   Core 24 'DivnS_SEQ' <Latency = 30> <II = 32> <Delay = 4.13> <FuncUnit> <Opcode : 'sdiv' 'srem' 'udiv' 'urem'> <InPorts = 2> <OutPorts = 1>

State 32 <SV = 28> <Delay = 4.13>
ST_32 : Operation 101 [8/31] (4.13ns)   --->   "%sdiv_ln1148 = sdiv i32 16777216, %agg_result_V_i" [kernel.cpp:36]   --->   Operation 101 'sdiv' 'sdiv_ln1148' <Predicate = true> <Delay = 4.13> <Core = "DivnS_SEQ">   --->   Core 24 'DivnS_SEQ' <Latency = 30> <II = 32> <Delay = 4.13> <FuncUnit> <Opcode : 'sdiv' 'srem' 'udiv' 'urem'> <InPorts = 2> <OutPorts = 1>

State 33 <SV = 29> <Delay = 4.13>
ST_33 : Operation 102 [7/31] (4.13ns)   --->   "%sdiv_ln1148 = sdiv i32 16777216, %agg_result_V_i" [kernel.cpp:36]   --->   Operation 102 'sdiv' 'sdiv_ln1148' <Predicate = true> <Delay = 4.13> <Core = "DivnS_SEQ">   --->   Core 24 'DivnS_SEQ' <Latency = 30> <II = 32> <Delay = 4.13> <FuncUnit> <Opcode : 'sdiv' 'srem' 'udiv' 'urem'> <InPorts = 2> <OutPorts = 1>

State 34 <SV = 30> <Delay = 4.13>
ST_34 : Operation 103 [6/31] (4.13ns)   --->   "%sdiv_ln1148 = sdiv i32 16777216, %agg_result_V_i" [kernel.cpp:36]   --->   Operation 103 'sdiv' 'sdiv_ln1148' <Predicate = true> <Delay = 4.13> <Core = "DivnS_SEQ">   --->   Core 24 'DivnS_SEQ' <Latency = 30> <II = 32> <Delay = 4.13> <FuncUnit> <Opcode : 'sdiv' 'srem' 'udiv' 'urem'> <InPorts = 2> <OutPorts = 1>

State 35 <SV = 31> <Delay = 4.13>
ST_35 : Operation 104 [5/31] (4.13ns)   --->   "%sdiv_ln1148 = sdiv i32 16777216, %agg_result_V_i" [kernel.cpp:36]   --->   Operation 104 'sdiv' 'sdiv_ln1148' <Predicate = true> <Delay = 4.13> <Core = "DivnS_SEQ">   --->   Core 24 'DivnS_SEQ' <Latency = 30> <II = 32> <Delay = 4.13> <FuncUnit> <Opcode : 'sdiv' 'srem' 'udiv' 'urem'> <InPorts = 2> <OutPorts = 1>

State 36 <SV = 32> <Delay = 4.13>
ST_36 : Operation 105 [4/31] (4.13ns)   --->   "%sdiv_ln1148 = sdiv i32 16777216, %agg_result_V_i" [kernel.cpp:36]   --->   Operation 105 'sdiv' 'sdiv_ln1148' <Predicate = true> <Delay = 4.13> <Core = "DivnS_SEQ">   --->   Core 24 'DivnS_SEQ' <Latency = 30> <II = 32> <Delay = 4.13> <FuncUnit> <Opcode : 'sdiv' 'srem' 'udiv' 'urem'> <InPorts = 2> <OutPorts = 1>

State 37 <SV = 33> <Delay = 4.13>
ST_37 : Operation 106 [3/31] (4.13ns)   --->   "%sdiv_ln1148 = sdiv i32 16777216, %agg_result_V_i" [kernel.cpp:36]   --->   Operation 106 'sdiv' 'sdiv_ln1148' <Predicate = true> <Delay = 4.13> <Core = "DivnS_SEQ">   --->   Core 24 'DivnS_SEQ' <Latency = 30> <II = 32> <Delay = 4.13> <FuncUnit> <Opcode : 'sdiv' 'srem' 'udiv' 'urem'> <InPorts = 2> <OutPorts = 1>

State 38 <SV = 34> <Delay = 4.13>
ST_38 : Operation 107 [2/31] (4.13ns)   --->   "%sdiv_ln1148 = sdiv i32 16777216, %agg_result_V_i" [kernel.cpp:36]   --->   Operation 107 'sdiv' 'sdiv_ln1148' <Predicate = true> <Delay = 4.13> <Core = "DivnS_SEQ">   --->   Core 24 'DivnS_SEQ' <Latency = 30> <II = 32> <Delay = 4.13> <FuncUnit> <Opcode : 'sdiv' 'srem' 'udiv' 'urem'> <InPorts = 2> <OutPorts = 1>

State 39 <SV = 35> <Delay = 4.13>
ST_39 : Operation 108 [1/31] (4.13ns)   --->   "%sdiv_ln1148 = sdiv i32 16777216, %agg_result_V_i" [kernel.cpp:36]   --->   Operation 108 'sdiv' 'sdiv_ln1148' <Predicate = true> <Delay = 4.13> <Core = "DivnS_SEQ">   --->   Core 24 'DivnS_SEQ' <Latency = 30> <II = 32> <Delay = 4.13> <FuncUnit> <Opcode : 'sdiv' 'srem' 'udiv' 'urem'> <InPorts = 2> <OutPorts = 1>
ST_39 : Operation 109 [1/1] (0.00ns)   --->   "%sext_ln38 = sext i32 %sdiv_ln1148 to i44" [kernel.cpp:38]   --->   Operation 109 'sext' 'sext_ln38' <Predicate = true> <Delay = 0.00>
ST_39 : Operation 110 [1/1] (1.76ns)   --->   "br label %0" [kernel.cpp:38]   --->   Operation 110 'br' <Predicate = true> <Delay = 1.76>

State 40 <SV = 36> <Delay = 3.25>
ST_40 : Operation 111 [1/1] (0.00ns)   --->   "%i1_0_0 = phi i11 [ 0, %ap_fixed_base.exit.0 ], [ %add_ln38, %_ZN8ap_fixedILi32ELi20EL9ap_q_mode5EL9ap_o_mode3ELi0EEC1ILi64ELi40ELb1ELS0_5ELS1_3ELi0EEERK13ap_fixed_baseIXT_EXT0_EXT1_EXT2_EXT3_EXT4_EE.exit10.0 ]" [kernel.cpp:38]   --->   Operation 111 'phi' 'i1_0_0' <Predicate = true> <Delay = 0.00>
ST_40 : Operation 112 [1/1] (1.88ns)   --->   "%icmp_ln38 = icmp eq i11 %i1_0_0, -512" [kernel.cpp:38]   --->   Operation 112 'icmp' 'icmp_ln38' <Predicate = true> <Delay = 1.88> <Core = "Cmp">   --->   Core 25 'Cmp' <Latency = 0> <II = 1> <Delay = 1.88> <FuncUnit> <Opcode : 'icmp'> <InPorts = 2> <OutPorts = 1>
ST_40 : Operation 113 [1/1] (0.00ns)   --->   "%empty_72 = call i32 (...)* @_ssdm_op_SpecLoopTripCount(i64 1536, i64 1536, i64 1536)"   --->   Operation 113 'speclooptripcount' 'empty_72' <Predicate = true> <Delay = 0.00>
ST_40 : Operation 114 [1/1] (1.63ns)   --->   "%add_ln38 = add i11 %i1_0_0, 1" [kernel.cpp:38]   --->   Operation 114 'add' 'add_ln38' <Predicate = true> <Delay = 1.63> <Core = "AddSub">   --->   Core 14 'AddSub' <Latency = 0> <II = 1> <Delay = 2.55> <FuncUnit> <Opcode : 'add' 'sub'> <InPorts = 2> <OutPorts = 1>
ST_40 : Operation 115 [1/1] (0.00ns)   --->   "br i1 %icmp_ln38, label %l_S_index_0_index_end, label %_ZN8ap_fixedILi32ELi20EL9ap_q_mode5EL9ap_o_mode3ELi0EEC1ILi64ELi40ELb1ELS0_5ELS1_3ELi0EEERK13ap_fixed_baseIXT_EXT0_EXT1_EXT2_EXT3_EXT4_EE.exit10.0" [kernel.cpp:38]   --->   Operation 115 'br' <Predicate = true> <Delay = 0.00>
ST_40 : Operation 116 [1/1] (0.00ns)   --->   "%zext_ln39 = zext i11 %i1_0_0 to i64" [kernel.cpp:39]   --->   Operation 116 'zext' 'zext_ln39' <Predicate = (!icmp_ln38)> <Delay = 0.00>
ST_40 : Operation 117 [1/1] (0.00ns)   --->   "%v0_V_addr_1 = getelementptr [1536 x i32]* %v0_V, i64 0, i64 %zext_ln39" [kernel.cpp:39]   --->   Operation 117 'getelementptr' 'v0_V_addr_1' <Predicate = (!icmp_ln38)> <Delay = 0.00>
ST_40 : Operation 118 [2/2] (3.25ns)   --->   "%v0_V_load_1 = load i32* %v0_V_addr_1, align 4" [kernel.cpp:39]   --->   Operation 118 'load' 'v0_V_load_1' <Predicate = (!icmp_ln38)> <Delay = 3.25> <Core = "RAM">   --->   Core 37 'RAM' <Latency = 1> <II = 1> <Delay = 3.25> <Storage> <Opcode : 'load' 'store'> <Ports = 2> <Width = 8> <Depth = 384> <RAM>
ST_40 : Operation 119 [1/1] (0.00ns)   --->   "%v1_V_addr = getelementptr [1536 x i32]* %v1_V, i64 0, i64 %zext_ln39" [kernel.cpp:40]   --->   Operation 119 'getelementptr' 'v1_V_addr' <Predicate = (!icmp_ln38)> <Delay = 0.00>
ST_40 : Operation 120 [2/2] (3.25ns)   --->   "%v1_V_load = load i32* %v1_V_addr, align 4" [kernel.cpp:40]   --->   Operation 120 'load' 'v1_V_load' <Predicate = (!icmp_ln38)> <Delay = 3.25> <Core = "RAM">   --->   Core 37 'RAM' <Latency = 1> <II = 1> <Delay = 3.25> <Storage> <Opcode : 'load' 'store'> <Ports = 2> <Width = 8> <Depth = 384> <RAM>
ST_40 : Operation 121 [1/1] (0.00ns)   --->   "%empty = call i32 (...)* @_ssdm_op_SpecRegionEnd([18 x i8]* @p_str, i32 %tmp)" [kernel.cpp:46]   --->   Operation 121 'specregionend' 'empty' <Predicate = (icmp_ln38)> <Delay = 0.00>
ST_40 : Operation 122 [1/1] (0.00ns)   --->   "ret void" [kernel.cpp:47]   --->   Operation 122 'ret' <Predicate = (icmp_ln38)> <Delay = 0.00>

State 41 <SV = 37> <Delay = 3.25>
ST_41 : Operation 123 [1/2] (3.25ns)   --->   "%v0_V_load_1 = load i32* %v0_V_addr_1, align 4" [kernel.cpp:39]   --->   Operation 123 'load' 'v0_V_load_1' <Predicate = true> <Delay = 3.25> <Core = "RAM">   --->   Core 37 'RAM' <Latency = 1> <II = 1> <Delay = 3.25> <Storage> <Opcode : 'load' 'store'> <Ports = 2> <Width = 8> <Depth = 384> <RAM>
ST_41 : Operation 124 [1/2] (3.25ns)   --->   "%v1_V_load = load i32* %v1_V_addr, align 4" [kernel.cpp:40]   --->   Operation 124 'load' 'v1_V_load' <Predicate = true> <Delay = 3.25> <Core = "RAM">   --->   Core 37 'RAM' <Latency = 1> <II = 1> <Delay = 3.25> <Storage> <Opcode : 'load' 'store'> <Ports = 2> <Width = 8> <Depth = 384> <RAM>

State 42 <SV = 38> <Delay = 8.51>
ST_42 : Operation 125 [1/1] (0.00ns)   --->   "%sext_ln1118_1 = sext i32 %v0_V_load_1 to i44" [kernel.cpp:41]   --->   Operation 125 'sext' 'sext_ln1118_1' <Predicate = true> <Delay = 0.00>
ST_42 : Operation 126 [1/1] (0.00ns)   --->   "%sext_ln1118_2 = sext i32 %v1_V_load to i44" [kernel.cpp:41]   --->   Operation 126 'sext' 'sext_ln1118_2' <Predicate = true> <Delay = 0.00>
ST_42 : Operation 127 [1/1] (8.51ns)   --->   "%mul_ln1118_1 = mul i44 %sext_ln1118_1, %sext_ln1118_2" [kernel.cpp:41]   --->   Operation 127 'mul' 'mul_ln1118_1' <Predicate = true> <Delay = 8.51> <Core = "Mul">   --->   Core 16 'Mul' <Latency = 0> <II = 1> <Delay = 8.51> <FuncUnit> <Opcode : 'mul'> <InPorts = 2> <OutPorts = 1>
ST_42 : Operation 128 [1/1] (0.00ns)   --->   "%trunc_ln708_1 = call i32 @_ssdm_op_PartSelect.i32.i44.i32.i32(i44 %mul_ln1118_1, i32 12, i32 43)" [kernel.cpp:41]   --->   Operation 128 'partselect' 'trunc_ln708_1' <Predicate = true> <Delay = 0.00>

State 43 <SV = 39> <Delay = 8.51>
ST_43 : Operation 129 [1/1] (0.00ns)   --->   "%sext_ln1118_3 = sext i32 %trunc_ln708_1 to i44" [kernel.cpp:43]   --->   Operation 129 'sext' 'sext_ln1118_3' <Predicate = true> <Delay = 0.00>
ST_43 : Operation 130 [1/1] (8.51ns)   --->   "%mul_ln1118_2 = mul i44 %sext_ln38, %sext_ln1118_3" [kernel.cpp:43]   --->   Operation 130 'mul' 'mul_ln1118_2' <Predicate = true> <Delay = 8.51> <Core = "Mul">   --->   Core 16 'Mul' <Latency = 0> <II = 1> <Delay = 8.51> <FuncUnit> <Opcode : 'mul'> <InPorts = 2> <OutPorts = 1>
ST_43 : Operation 131 [1/1] (0.00ns)   --->   "%trunc_ln708_2 = call i32 @_ssdm_op_PartSelect.i32.i44.i32.i32(i44 %mul_ln1118_2, i32 12, i32 43)" [kernel.cpp:43]   --->   Operation 131 'partselect' 'trunc_ln708_2' <Predicate = true> <Delay = 0.00>

State 44 <SV = 40> <Delay = 3.25>
ST_44 : Operation 132 [1/1] (0.00ns)   --->   "call void (...)* @_ssdm_op_SpecLoopName([11 x i8]* @p_str2) nounwind" [kernel.cpp:38]   --->   Operation 132 'specloopname' <Predicate = true> <Delay = 0.00>
ST_44 : Operation 133 [1/1] (0.00ns)   --->   "%v3_0_V_addr = getelementptr [1536 x i32]* %v3_0_V, i64 0, i64 %zext_ln39" [kernel.cpp:44]   --->   Operation 133 'getelementptr' 'v3_0_V_addr' <Predicate = true> <Delay = 0.00>
ST_44 : Operation 134 [1/1] (3.25ns)   --->   "store i32 %trunc_ln708_2, i32* %v3_0_V_addr, align 4" [kernel.cpp:44]   --->   Operation 134 'store' <Predicate = true> <Delay = 3.25> <Core = "RAM">   --->   Core 37 'RAM' <Latency = 1> <II = 1> <Delay = 3.25> <Storage> <Opcode : 'load' 'store'> <Ports = 2> <Width = 8> <Depth = 384> <RAM>
ST_44 : Operation 135 [1/1] (0.00ns)   --->   "br label %0" [kernel.cpp:38]   --->   Operation 135 'br' <Predicate = true> <Delay = 0.00>


============================================================
+ Verbose Summary: Binding
============================================================
STG Binding: 
---------------- STG Properties BEGIN ----------------
- Is combinational: 0
- Is one-state seq: 0
- Is datapath-only: 0
- Is pipelined: 0
- Is top level: 0
Port [ Return ] is wired: 1; IO mode=ap_ctrl_hs:ce=0
Port [ v0_V]:  wired=1; compound=1; hidden=0; nouse=0; global=0; static=0; extern=0; dir=0; type=1; pingpong=0; private_global=0; MemPort=[13]; IO mode=ap_memory:ce=0
Port [ v1_V]:  wired=1; compound=1; hidden=0; nouse=0; global=0; static=0; extern=0; dir=0; type=1; pingpong=0; private_global=0; MemPort=[13]; IO mode=ap_memory:ce=0
Port [ v3_0_V]:  wired=1; compound=1; hidden=0; nouse=0; global=0; static=0; extern=0; dir=1; type=1; pingpong=0; private_global=0; MemPort=[03]; IO mode=ap_memory:ce=0
Port [ log_apfixed_reduce_6]:  wired=0; compound=1; hidden=1; nouse=1; global=1; static=1; extern=0; dir=0; type=1; pingpong=0; private_global=0; linkage=7; visibility=0; MemPort=[1]; IO mode=ap_memory:ce=0
Port [ log_apfixed_reduce_5]:  wired=0; compound=1; hidden=1; nouse=1; global=1; static=1; extern=0; dir=0; type=1; pingpong=0; private_global=0; linkage=7; visibility=0; MemPort=[1]; IO mode=ap_memory:ce=0
Port [ log_apfixed_reduce_9]:  wired=0; compound=1; hidden=1; nouse=1; global=1; static=1; extern=0; dir=0; type=1; pingpong=0; private_global=0; linkage=7; visibility=0; MemPort=[1]; IO mode=ap_memory:ce=0
Port [ log_apfixed_reduce_s]:  wired=0; compound=1; hidden=1; nouse=1; global=1; static=1; extern=0; dir=0; type=1; pingpong=0; private_global=0; linkage=7; visibility=0; MemPort=[1]; IO mode=ap_memory:ce=0
Port [ log_apfixed_reduce_7]:  wired=0; compound=1; hidden=1; nouse=1; global=1; static=1; extern=0; dir=0; type=1; pingpong=0; private_global=0; linkage=7; visibility=0; MemPort=[1]; IO mode=ap_memory:ce=0
Port [ log_apfixed_reduce_8]:  wired=0; compound=1; hidden=1; nouse=1; global=1; static=1; extern=0; dir=0; type=1; pingpong=0; private_global=0; linkage=7; visibility=0; MemPort=[1]; IO mode=ap_memory:ce=0
Port [ f_x_msb_4_table_V]:  wired=0; compound=1; hidden=1; nouse=1; global=1; static=1; extern=0; dir=0; type=1; pingpong=0; private_global=0; linkage=7; visibility=0; MemPort=[1]; IO mode=ap_memory:ce=0
Port [ f_x_msb_3_table_V]:  wired=0; compound=1; hidden=1; nouse=1; global=1; static=1; extern=0; dir=0; type=1; pingpong=0; private_global=0; linkage=7; visibility=0; MemPort=[1]; IO mode=ap_memory:ce=0
Port [ f_x_msb_2_table_V]:  wired=0; compound=1; hidden=1; nouse=1; global=1; static=1; extern=0; dir=0; type=1; pingpong=0; private_global=0; linkage=7; visibility=0; MemPort=[1]; IO mode=ap_memory:ce=0
Port [ exp_x_msb_1_table_V]:  wired=0; compound=1; hidden=1; nouse=1; global=1; static=1; extern=0; dir=0; type=1; pingpong=0; private_global=0; linkage=7; visibility=0; MemPort=[1]; IO mode=ap_memory:ce=0
---------------- STG Properties END ------------------

---------------- Datapath Model BEGIN ----------------

<LifeTime>
<method=bitvector/>
tmp               (specregionbegin  ) [ 001111111111111111111111111111111111111111111]
br_ln25           (br               ) [ 011111000000000000000000000000000000000000000]
v9_V_0            (phi              ) [ 001111110000000000000000000000000000000000000]
i_0_0             (phi              ) [ 001000000000000000000000000000000000000000000]
icmp_ln25         (icmp             ) [ 001111000000000000000000000000000000000000000]
empty_73          (speclooptripcount) [ 000000000000000000000000000000000000000000000]
add_ln25          (add              ) [ 011111000000000000000000000000000000000000000]
br_ln25           (br               ) [ 000000000000000000000000000000000000000000000]
zext_ln26         (zext             ) [ 000000000000000000000000000000000000000000000]
v0_V_addr         (getelementptr    ) [ 000100000000000000000000000000000000000000000]
shl_ln            (bitconcatenate   ) [ 000000000000000000000000000000000000000000000]
sext_ln1148       (sext             ) [ 000000100000000000000000000000000000000000000]
v0_V_load         (load             ) [ 000010000000000000000000000000000000000000000]
sext_ln1118       (sext             ) [ 000000000000000000000000000000000000000000000]
mul_ln1118        (mul              ) [ 000000000000000000000000000000000000000000000]
trunc_ln          (partselect       ) [ 000001000000000000000000000000000000000000000]
specloopname_ln25 (specloopname     ) [ 000000000000000000000000000000000000000000000]
add_ln703         (add              ) [ 011111000000000000000000000000000000000000000]
br_ln25           (br               ) [ 011111000000000000000000000000000000000000000]
mul_ln1148        (mul              ) [ 000000010000000000000000000000000000000000000]
tmp_3             (partselect       ) [ 000000010000000000000000000000000000000000000]
sub_ln1148        (sub              ) [ 000000000000000000000000000000000000000000000]
tmp_1             (bitselect        ) [ 000000001000000000000000000000000000000000000]
tmp_2             (partselect       ) [ 000000000000000000000000000000000000000000000]
select_ln1148     (select           ) [ 000000001000000000000000000000000000000000000]
sext_ln703        (sext             ) [ 000000000000000000000000000000000000000000000]
sub_ln703         (sub              ) [ 000000000000000000000000000000000000000000000]
sext_ln703_1      (sext             ) [ 000000000000000000000000000000000000000000000]
select_ln1148_1   (select           ) [ 000000000100000000000000000000000000000000000]
agg_result_V_i    (call             ) [ 000000000011111111111111111111111111111100000]
sdiv_ln1148       (sdiv             ) [ 000000000000000000000000000000000000000000000]
sext_ln38         (sext             ) [ 000000000000000000000000000000000000000011111]
br_ln38           (br               ) [ 000000000000000000000000000000000000000111111]
i1_0_0            (phi              ) [ 000000000000000000000000000000000000000010000]
icmp_ln38         (icmp             ) [ 000000000000000000000000000000000000000011111]
empty_72          (speclooptripcount) [ 000000000000000000000000000000000000000000000]
add_ln38          (add              ) [ 000000000000000000000000000000000000000111111]
br_ln38           (br               ) [ 000000000000000000000000000000000000000000000]
zext_ln39         (zext             ) [ 000000000000000000000000000000000000000001111]
v0_V_addr_1       (getelementptr    ) [ 000000000000000000000000000000000000000001000]
v1_V_addr         (getelementptr    ) [ 000000000000000000000000000000000000000001000]
empty             (specregionend    ) [ 000000000000000000000000000000000000000000000]
ret_ln47          (ret              ) [ 000000000000000000000000000000000000000000000]
v0_V_load_1       (load             ) [ 000000000000000000000000000000000000000000100]
v1_V_load         (load             ) [ 000000000000000000000000000000000000000000100]
sext_ln1118_1     (sext             ) [ 000000000000000000000000000000000000000000000]
sext_ln1118_2     (sext             ) [ 000000000000000000000000000000000000000000000]
mul_ln1118_1      (mul              ) [ 000000000000000000000000000000000000000000000]
trunc_ln708_1     (partselect       ) [ 000000000000000000000000000000000000000000010]
sext_ln1118_3     (sext             ) [ 000000000000000000000000000000000000000000000]
mul_ln1118_2      (mul              ) [ 000000000000000000000000000000000000000000000]
trunc_ln708_2     (partselect       ) [ 000000000000000000000000000000000000000000001]
specloopname_ln38 (specloopname     ) [ 000000000000000000000000000000000000000000000]
v3_0_V_addr       (getelementptr    ) [ 000000000000000000000000000000000000000000000]
store_ln44        (store            ) [ 000000000000000000000000000000000000000000000]
br_ln38           (br               ) [ 000000000000000000000000000000000000000111111]
</LifeTime>

<model>

<comp_list>
<comp id="0" class="1000" name="v0_V">
<pin_list>
<pin id="1" dir="1" index="0" bw="1" slack="0"/>
</pin_list>
<bind>
<StgValue><ssdm name="v0_V"/><MemPortTyVec>1 3 </MemPortTyVec>
</StgValue>
</bind>
</comp>

<comp id="2" class="1000" name="v1_V">
<pin_list>
<pin id="3" dir="1" index="0" bw="1" slack="0"/>
</pin_list>
<bind>
<StgValue><ssdm name="v1_V"/><MemPortTyVec>1 3 </MemPortTyVec>
</StgValue>
</bind>
</comp>

<comp id="4" class="1000" name="v3_0_V">
<pin_list>
<pin id="5" dir="1" index="0" bw="1" slack="0"/>
</pin_list>
<bind>
<StgValue><ssdm name="v3_0_V"/><MemPortTyVec>0 3 </MemPortTyVec>
</StgValue>
</bind>
</comp>

<comp id="6" class="1000" name="log_apfixed_reduce_6">
<pin_list>
<pin id="7" dir="1" index="0" bw="1" slack="0"/>
</pin_list>
<bind>
<StgValue><ssdm name="log_apfixed_reduce_6"/><MemPortTyVec>1 </MemPortTyVec>
</StgValue>
</bind>
</comp>

<comp id="8" class="1000" name="log_apfixed_reduce_5">
<pin_list>
<pin id="9" dir="1" index="0" bw="1" slack="0"/>
</pin_list>
<bind>
<StgValue><ssdm name="log_apfixed_reduce_5"/><MemPortTyVec>1 </MemPortTyVec>
</StgValue>
</bind>
</comp>

<comp id="10" class="1000" name="log_apfixed_reduce_9">
<pin_list>
<pin id="11" dir="1" index="0" bw="1" slack="0"/>
</pin_list>
<bind>
<StgValue><ssdm name="log_apfixed_reduce_9"/><MemPortTyVec>1 </MemPortTyVec>
</StgValue>
</bind>
</comp>

<comp id="12" class="1000" name="log_apfixed_reduce_s">
<pin_list>
<pin id="13" dir="1" index="0" bw="1" slack="0"/>
</pin_list>
<bind>
<StgValue><ssdm name="log_apfixed_reduce_s"/><MemPortTyVec>1 </MemPortTyVec>
</StgValue>
</bind>
</comp>

<comp id="14" class="1000" name="log_apfixed_reduce_7">
<pin_list>
<pin id="15" dir="1" index="0" bw="1" slack="0"/>
</pin_list>
<bind>
<StgValue><ssdm name="log_apfixed_reduce_7"/><MemPortTyVec>1 </MemPortTyVec>
</StgValue>
</bind>
</comp>

<comp id="16" class="1000" name="log_apfixed_reduce_8">
<pin_list>
<pin id="17" dir="1" index="0" bw="1" slack="0"/>
</pin_list>
<bind>
<StgValue><ssdm name="log_apfixed_reduce_8"/><MemPortTyVec>1 </MemPortTyVec>
</StgValue>
</bind>
</comp>

<comp id="18" class="1000" name="f_x_msb_4_table_V">
<pin_list>
<pin id="19" dir="1" index="0" bw="1" slack="0"/>
</pin_list>
<bind>
<StgValue><ssdm name="f_x_msb_4_table_V"/><MemPortTyVec>1 </MemPortTyVec>
</StgValue>
</bind>
</comp>

<comp id="20" class="1000" name="f_x_msb_3_table_V">
<pin_list>
<pin id="21" dir="1" index="0" bw="1" slack="0"/>
</pin_list>
<bind>
<StgValue><ssdm name="f_x_msb_3_table_V"/><MemPortTyVec>1 </MemPortTyVec>
</StgValue>
</bind>
</comp>

<comp id="22" class="1000" name="f_x_msb_2_table_V">
<pin_list>
<pin id="23" dir="1" index="0" bw="1" slack="0"/>
</pin_list>
<bind>
<StgValue><ssdm name="f_x_msb_2_table_V"/><MemPortTyVec>1 </MemPortTyVec>
</StgValue>
</bind>
</comp>

<comp id="24" class="1000" name="exp_x_msb_1_table_V">
<pin_list>
<pin id="25" dir="1" index="0" bw="1" slack="0"/>
</pin_list>
<bind>
<StgValue><ssdm name="exp_x_msb_1_table_V"/><MemPortTyVec>1 </MemPortTyVec>
</StgValue>
</bind>
</comp>

<comp id="26" class="1001" name="const_26">
<pin_list>
<pin id="27" dir="1" index="0" bw="1" slack="2147483647"/>
</pin_list>
<bind>
<StgValue><ssdm name="_ssdm_op_SpecRegionBegin"/></StgValue>
</bind>
</comp>

<comp id="28" class="1001" name="const_28">
<pin_list>
<pin id="29" dir="1" index="0" bw="1" slack="2147483647"/>
</pin_list>
<bind>
<StgValue><ssdm name="p_str"/></StgValue>
</bind>
</comp>

<comp id="30" class="1001" name="const_30">
<pin_list>
<pin id="31" dir="1" index="0" bw="1" slack="0"/>
</pin_list>
<bind>
<StgValue><ssdm name=""/></StgValue>
</bind>
</comp>

<comp id="32" class="1001" name="const_32">
<pin_list>
<pin id="33" dir="1" index="0" bw="1" slack="1"/>
</pin_list>
<bind>
<StgValue><ssdm name=""/></StgValue>
</bind>
</comp>

<comp id="34" class="1001" name="const_34">
<pin_list>
<pin id="35" dir="1" index="0" bw="1" slack="0"/>
</pin_list>
<bind>
<StgValue><ssdm name=""/></StgValue>
</bind>
</comp>

<comp id="36" class="1001" name="const_36">
<pin_list>
<pin id="37" dir="1" index="0" bw="1" slack="2147483647"/>
</pin_list>
<bind>
<StgValue><ssdm name="_ssdm_op_SpecLoopTripCount"/></StgValue>
</bind>
</comp>

<comp id="38" class="1001" name="const_38">
<pin_list>
<pin id="39" dir="1" index="0" bw="1" slack="2147483647"/>
</pin_list>
<bind>
<StgValue><ssdm name=""/></StgValue>
</bind>
</comp>

<comp id="40" class="1001" name="const_40">
<pin_list>
<pin id="41" dir="1" index="0" bw="1" slack="0"/>
</pin_list>
<bind>
<StgValue><ssdm name=""/></StgValue>
</bind>
</comp>

<comp id="42" class="1001" name="const_42">
<pin_list>
<pin id="43" dir="1" index="0" bw="1" slack="0"/>
</pin_list>
<bind>
<StgValue><ssdm name=""/></StgValue>
</bind>
</comp>

<comp id="44" class="1001" name="const_44">
<pin_list>
<pin id="45" dir="1" index="0" bw="1" slack="0"/>
</pin_list>
<bind>
<StgValue><ssdm name="_ssdm_op_BitConcatenate.i44.i32.i12"/></StgValue>
</bind>
</comp>

<comp id="46" class="1001" name="const_46">
<pin_list>
<pin id="47" dir="1" index="0" bw="1" slack="0"/>
</pin_list>
<bind>
<StgValue><ssdm name=""/></StgValue>
</bind>
</comp>

<comp id="48" class="1001" name="const_48">
<pin_list>
<pin id="49" dir="1" index="0" bw="1" slack="0"/>
</pin_list>
<bind>
<StgValue><ssdm name=""/></StgValue>
</bind>
</comp>

<comp id="50" class="1001" name="const_50">
<pin_list>
<pin id="51" dir="1" index="0" bw="1" slack="0"/>
</pin_list>
<bind>
<StgValue><ssdm name="_ssdm_op_PartSelect.i32.i44.i32.i32"/></StgValue>
</bind>
</comp>

<comp id="52" class="1001" name="const_52">
<pin_list>
<pin id="53" dir="1" index="0" bw="1" slack="0"/>
</pin_list>
<bind>
<StgValue><ssdm name=""/></StgValue>
</bind>
</comp>

<comp id="54" class="1001" name="const_54">
<pin_list>
<pin id="55" dir="1" index="0" bw="1" slack="0"/>
</pin_list>
<bind>
<StgValue><ssdm name=""/></StgValue>
</bind>
</comp>

<comp id="56" class="1001" name="const_56">
<pin_list>
<pin id="57" dir="1" index="0" bw="1" slack="2147483647"/>
</pin_list>
<bind>
<StgValue><ssdm name="_ssdm_op_SpecLoopName"/></StgValue>
</bind>
</comp>

<comp id="58" class="1001" name="const_58">
<pin_list>
<pin id="59" dir="1" index="0" bw="1" slack="2147483647"/>
</pin_list>
<bind>
<StgValue><ssdm name="p_str1"/></StgValue>
</bind>
</comp>

<comp id="60" class="1001" name="const_60">
<pin_list>
<pin id="61" dir="1" index="0" bw="1" slack="0"/>
</pin_list>
<bind>
<StgValue><ssdm name="_ssdm_op_PartSelect.i22.i89.i32.i32"/></StgValue>
</bind>
</comp>

<comp id="62" class="1001" name="const_62">
<pin_list>
<pin id="63" dir="1" index="0" bw="1" slack="0"/>
</pin_list>
<bind>
<StgValue><ssdm name=""/></StgValue>
</bind>
</comp>

<comp id="64" class="1001" name="const_64">
<pin_list>
<pin id="65" dir="1" index="0" bw="1" slack="0"/>
</pin_list>
<bind>
<StgValue><ssdm name=""/></StgValue>
</bind>
</comp>

<comp id="66" class="1001" name="const_66">
<pin_list>
<pin id="67" dir="1" index="0" bw="1" slack="0"/>
</pin_list>
<bind>
<StgValue><ssdm name=""/></StgValue>
</bind>
</comp>

<comp id="68" class="1001" name="const_68">
<pin_list>
<pin id="69" dir="1" index="0" bw="1" slack="0"/>
</pin_list>
<bind>
<StgValue><ssdm name="_ssdm_op_BitSelect.i1.i32.i32"/></StgValue>
</bind>
</comp>

<comp id="70" class="1001" name="const_70">
<pin_list>
<pin id="71" dir="1" index="0" bw="1" slack="0"/>
</pin_list>
<bind>
<StgValue><ssdm name=""/></StgValue>
</bind>
</comp>

<comp id="72" class="1001" name="const_72">
<pin_list>
<pin id="73" dir="1" index="0" bw="1" slack="0"/>
</pin_list>
<bind>
<StgValue><ssdm name="pow<32, 20>"/></StgValue>
</bind>
</comp>

<comp id="74" class="1001" name="const_74">
<pin_list>
<pin id="75" dir="1" index="0" bw="1" slack="0"/>
</pin_list>
<bind>
<StgValue><ssdm name=""/></StgValue>
</bind>
</comp>

<comp id="76" class="1001" name="const_76">
<pin_list>
<pin id="77" dir="1" index="0" bw="1" slack="0"/>
</pin_list>
<bind>
<StgValue><ssdm name=""/></StgValue>
</bind>
</comp>

<comp id="78" class="1001" name="const_78">
<pin_list>
<pin id="79" dir="1" index="0" bw="1" slack="2147483647"/>
</pin_list>
<bind>
<StgValue><ssdm name="_ssdm_op_SpecRegionEnd"/></StgValue>
</bind>
</comp>

<comp id="80" class="1001" name="const_80">
<pin_list>
<pin id="81" dir="1" index="0" bw="1" slack="2147483647"/>
</pin_list>
<bind>
<StgValue><ssdm name="p_str2"/></StgValue>
</bind>
</comp>

<comp id="82" class="1004" name="v0_V_addr_gep_fu_82">
<pin_list>
<pin id="83" dir="0" index="0" bw="32" slack="0"/>
<pin id="84" dir="0" index="1" bw="1" slack="0"/>
<pin id="85" dir="0" index="2" bw="11" slack="0"/>
<pin id="86" dir="1" index="3" bw="11" slack="0"/>
</pin_list>
<bind>
<opcode="getelementptr(29) " fcode="getelementptr"/>
<opset="v0_V_addr/2 "/>
</bind>
</comp>

<comp id="89" class="1004" name="grp_access_fu_89">
<pin_list>
<pin id="90" dir="0" index="0" bw="11" slack="0"/>
<pin id="91" dir="0" index="1" bw="32" slack="2147483647"/>
<pin id="92" dir="0" index="2" bw="0" slack="2147483647"/>
<pin id="93" dir="1" index="3" bw="32" slack="1"/>
</pin_list>
<bind>
<opcode="load(27) " fcode="load"/>
<opset="v0_V_load/2 v0_V_load_1/40 "/>
</bind>
</comp>

<comp id="95" class="1004" name="v0_V_addr_1_gep_fu_95">
<pin_list>
<pin id="96" dir="0" index="0" bw="32" slack="0"/>
<pin id="97" dir="0" index="1" bw="1" slack="0"/>
<pin id="98" dir="0" index="2" bw="11" slack="0"/>
<pin id="99" dir="1" index="3" bw="11" slack="0"/>
</pin_list>
<bind>
<opcode="getelementptr(29) " fcode="getelementptr"/>
<opset="v0_V_addr_1/40 "/>
</bind>
</comp>

<comp id="103" class="1004" name="v1_V_addr_gep_fu_103">
<pin_list>
<pin id="104" dir="0" index="0" bw="32" slack="0"/>
<pin id="105" dir="0" index="1" bw="1" slack="0"/>
<pin id="106" dir="0" index="2" bw="11" slack="0"/>
<pin id="107" dir="1" index="3" bw="11" slack="0"/>
</pin_list>
<bind>
<opcode="getelementptr(29) " fcode="getelementptr"/>
<opset="v1_V_addr/40 "/>
</bind>
</comp>

<comp id="110" class="1004" name="grp_access_fu_110">
<pin_list>
<pin id="111" dir="0" index="0" bw="11" slack="0"/>
<pin id="112" dir="0" index="1" bw="32" slack="2147483647"/>
<pin id="113" dir="0" index="2" bw="0" slack="2147483647"/>
<pin id="114" dir="1" index="3" bw="32" slack="1"/>
</pin_list>
<bind>
<opcode="load(27) " fcode="load"/>
<opset="v1_V_load/40 "/>
</bind>
</comp>

<comp id="116" class="1004" name="v3_0_V_addr_gep_fu_116">
<pin_list>
<pin id="117" dir="0" index="0" bw="32" slack="0"/>
<pin id="118" dir="0" index="1" bw="1" slack="0"/>
<pin id="119" dir="0" index="2" bw="11" slack="4"/>
<pin id="120" dir="1" index="3" bw="11" slack="0"/>
</pin_list>
<bind>
<opcode="getelementptr(29) " fcode="getelementptr"/>
<opset="v3_0_V_addr/44 "/>
</bind>
</comp>

<comp id="123" class="1004" name="store_ln44_access_fu_123">
<pin_list>
<pin id="124" dir="0" index="0" bw="11" slack="0"/>
<pin id="125" dir="0" index="1" bw="32" slack="1"/>
<pin id="126" dir="0" index="2" bw="0" slack="2147483647"/>
<pin id="127" dir="1" index="3" bw="32" slack="2147483647"/>
</pin_list>
<bind>
<opcode="store(28) " fcode="store"/>
<opset="store_ln44/44 "/>
</bind>
</comp>

<comp id="129" class="1005" name="v9_V_0_reg_129">
<pin_list>
<pin id="130" dir="0" index="0" bw="32" slack="1"/>
<pin id="131" dir="1" index="1" bw="32" slack="1"/>
</pin_list>
<bind>
<opset="v9_V_0 (phireg) "/>
</bind>
</comp>

<comp id="133" class="1004" name="v9_V_0_phi_fu_133">
<pin_list>
<pin id="134" dir="0" index="0" bw="1" slack="1"/>
<pin id="135" dir="0" index="1" bw="0" slack="2147483647"/>
<pin id="136" dir="0" index="2" bw="32" slack="1"/>
<pin id="137" dir="0" index="3" bw="0" slack="2147483647"/>
<pin id="138" dir="1" index="4" bw="32" slack="0"/>
</pin_list>
<bind>
<opcode="phi(47) " fcode="phi"/>
<opset="v9_V_0/2 "/>
</bind>
</comp>

<comp id="141" class="1005" name="i_0_0_reg_141">
<pin_list>
<pin id="142" dir="0" index="0" bw="11" slack="1"/>
<pin id="143" dir="1" index="1" bw="11" slack="1"/>
</pin_list>
<bind>
<opset="i_0_0 (phireg) "/>
</bind>
</comp>

<comp id="145" class="1004" name="i_0_0_phi_fu_145">
<pin_list>
<pin id="146" dir="0" index="0" bw="1" slack="1"/>
<pin id="147" dir="0" index="1" bw="0" slack="2147483647"/>
<pin id="148" dir="0" index="2" bw="11" slack="0"/>
<pin id="149" dir="0" index="3" bw="0" slack="2147483647"/>
<pin id="150" dir="1" index="4" bw="11" slack="0"/>
</pin_list>
<bind>
<opcode="phi(47) " fcode="phi"/>
<opset="i_0_0/2 "/>
</bind>
</comp>

<comp id="152" class="1005" name="i1_0_0_reg_152">
<pin_list>
<pin id="153" dir="0" index="0" bw="11" slack="1"/>
<pin id="154" dir="1" index="1" bw="11" slack="1"/>
</pin_list>
<bind>
<opset="i1_0_0 (phireg) "/>
</bind>
</comp>

<comp id="156" class="1004" name="i1_0_0_phi_fu_156">
<pin_list>
<pin id="157" dir="0" index="0" bw="1" slack="1"/>
<pin id="158" dir="0" index="1" bw="0" slack="2147483647"/>
<pin id="159" dir="0" index="2" bw="11" slack="0"/>
<pin id="160" dir="0" index="3" bw="0" slack="2147483647"/>
<pin id="161" dir="1" index="4" bw="11" slack="0"/>
</pin_list>
<bind>
<opcode="phi(47) " fcode="phi"/>
<opset="i1_0_0/40 "/>
</bind>
</comp>

<comp id="163" class="1004" name="grp_pow_32_20_s_fu_163">
<pin_list>
<pin id="164" dir="0" index="0" bw="32" slack="0"/>
<pin id="165" dir="0" index="1" bw="24" slack="0"/>
<pin id="166" dir="0" index="2" bw="13" slack="0"/>
<pin id="167" dir="0" index="3" bw="6" slack="0"/>
<pin id="168" dir="0" index="4" bw="67" slack="0"/>
<pin id="169" dir="0" index="5" bw="63" slack="0"/>
<pin id="170" dir="0" index="6" bw="60" slack="0"/>
<pin id="171" dir="0" index="7" bw="55" slack="0"/>
<pin id="172" dir="0" index="8" bw="50" slack="0"/>
<pin id="173" dir="0" index="9" bw="7" slack="0"/>
<pin id="174" dir="0" index="10" bw="32" slack="0"/>
<pin id="175" dir="0" index="11" bw="46" slack="0"/>
<pin id="176" dir="0" index="12" bw="50" slack="0"/>
<pin id="177" dir="1" index="13" bw="32" slack="0"/>
</pin_list>
<bind>
<opcode="call(48) " fcode="call"/>
<opset="agg_result_V_i/8 "/>
</bind>
</comp>

<comp id="190" class="1005" name="reg_190">
<pin_list>
<pin id="191" dir="0" index="0" bw="32" slack="1"/>
<pin id="192" dir="1" index="1" bw="32" slack="1"/>
</pin_list>
<bind>
<opset="v0_V_load v0_V_load_1 "/>
</bind>
</comp>

<comp id="194" class="1004" name="icmp_ln25_fu_194">
<pin_list>
<pin id="195" dir="0" index="0" bw="11" slack="0"/>
<pin id="196" dir="0" index="1" bw="11" slack="0"/>
<pin id="197" dir="1" index="2" bw="1" slack="2147483647"/>
</pin_list>
<bind>
<opcode="icmp(45) " fcode="icmp"/>
<opset="icmp_ln25/2 "/>
</bind>
</comp>

<comp id="200" class="1004" name="add_ln25_fu_200">
<pin_list>
<pin id="201" dir="0" index="0" bw="11" slack="0"/>
<pin id="202" dir="0" index="1" bw="1" slack="0"/>
<pin id="203" dir="1" index="2" bw="11" slack="0"/>
</pin_list>
<bind>
<opcode="add(8) " fcode="add"/>
<opset="add_ln25/2 "/>
</bind>
</comp>

<comp id="206" class="1004" name="zext_ln26_fu_206">
<pin_list>
<pin id="207" dir="0" index="0" bw="11" slack="0"/>
<pin id="208" dir="1" index="1" bw="64" slack="0"/>
</pin_list>
<bind>
<opcode="zext(34) " fcode="zext"/>
<opset="zext_ln26/2 "/>
</bind>
</comp>

<comp id="211" class="1004" name="shl_ln_fu_211">
<pin_list>
<pin id="212" dir="0" index="0" bw="44" slack="0"/>
<pin id="213" dir="0" index="1" bw="32" slack="0"/>
<pin id="214" dir="0" index="2" bw="1" slack="0"/>
<pin id="215" dir="1" index="3" bw="44" slack="0"/>
</pin_list>
<bind>
<opcode="bitconcatenate(1004) " fcode="bitconcatenate"/>
<opset="shl_ln/2 "/>
</bind>
</comp>

<comp id="219" class="1004" name="sext_ln1148_fu_219">
<pin_list>
<pin id="220" dir="0" index="0" bw="44" slack="0"/>
<pin id="221" dir="1" index="1" bw="89" slack="0"/>
</pin_list>
<bind>
<opcode="sext(35) " fcode="sext"/>
<opset="sext_ln1148/2 "/>
</bind>
</comp>

<comp id="223" class="1004" name="grp_fu_223">
<pin_list>
<pin id="224" dir="0" index="0" bw="46" slack="0"/>
<pin id="225" dir="0" index="1" bw="44" slack="0"/>
<pin id="226" dir="1" index="2" bw="89" slack="0"/>
</pin_list>
<bind>
<opcode="mul(12) " fcode="mul"/>
<opset="mul_ln1148/2 "/>
</bind>
</comp>

<comp id="229" class="1004" name="sext_ln1118_fu_229">
<pin_list>
<pin id="230" dir="0" index="0" bw="32" slack="1"/>
<pin id="231" dir="1" index="1" bw="44" slack="0"/>
</pin_list>
<bind>
<opcode="sext(35) " fcode="sext"/>
<opset="sext_ln1118/4 "/>
</bind>
</comp>

<comp id="233" class="1004" name="mul_ln1118_fu_233">
<pin_list>
<pin id="234" dir="0" index="0" bw="32" slack="0"/>
<pin id="235" dir="0" index="1" bw="32" slack="0"/>
<pin id="236" dir="1" index="2" bw="44" slack="0"/>
</pin_list>
<bind>
<opcode="mul(12) " fcode="mul"/>
<opset="mul_ln1118/4 "/>
</bind>
</comp>

<comp id="239" class="1004" name="trunc_ln_fu_239">
<pin_list>
<pin id="240" dir="0" index="0" bw="32" slack="0"/>
<pin id="241" dir="0" index="1" bw="44" slack="0"/>
<pin id="242" dir="0" index="2" bw="5" slack="0"/>
<pin id="243" dir="0" index="3" bw="7" slack="0"/>
<pin id="244" dir="1" index="4" bw="32" slack="1"/>
</pin_list>
<bind>
<opcode="partselect(1002) " fcode="partselect"/>
<opset="trunc_ln/4 "/>
</bind>
</comp>

<comp id="249" class="1004" name="add_ln703_fu_249">
<pin_list>
<pin id="250" dir="0" index="0" bw="32" slack="1"/>
<pin id="251" dir="0" index="1" bw="32" slack="3"/>
<pin id="252" dir="1" index="2" bw="32" slack="1"/>
</pin_list>
<bind>
<opcode="add(8) " fcode="add"/>
<opset="add_ln703/5 "/>
</bind>
</comp>

<comp id="254" class="1004" name="tmp_3_fu_254">
<pin_list>
<pin id="255" dir="0" index="0" bw="22" slack="0"/>
<pin id="256" dir="0" index="1" bw="89" slack="0"/>
<pin id="257" dir="0" index="2" bw="8" slack="0"/>
<pin id="258" dir="0" index="3" bw="8" slack="0"/>
<pin id="259" dir="1" index="4" bw="22" slack="1"/>
</pin_list>
<bind>
<opcode="partselect(1002) " fcode="partselect"/>
<opset="tmp_3/6 "/>
</bind>
</comp>

<comp id="264" class="1004" name="sub_ln1148_fu_264">
<pin_list>
<pin id="265" dir="0" index="0" bw="1" slack="0"/>
<pin id="266" dir="0" index="1" bw="89" slack="1"/>
<pin id="267" dir="1" index="2" bw="89" slack="0"/>
</pin_list>
<bind>
<opcode="sub(10) " fcode="sub"/>
<opset="sub_ln1148/7 "/>
</bind>
</comp>

<comp id="269" class="1004" name="tmp_1_fu_269">
<pin_list>
<pin id="270" dir="0" index="0" bw="1" slack="0"/>
<pin id="271" dir="0" index="1" bw="32" slack="2"/>
<pin id="272" dir="0" index="2" bw="6" slack="0"/>
<pin id="273" dir="1" index="3" bw="1" slack="0"/>
</pin_list>
<bind>
<opcode="bitselect(1000) " fcode="bitselect"/>
<opset="tmp_1/7 "/>
</bind>
</comp>

<comp id="277" class="1004" name="tmp_2_fu_277">
<pin_list>
<pin id="278" dir="0" index="0" bw="22" slack="0"/>
<pin id="279" dir="0" index="1" bw="89" slack="0"/>
<pin id="280" dir="0" index="2" bw="8" slack="0"/>
<pin id="281" dir="0" index="3" bw="8" slack="0"/>
<pin id="282" dir="1" index="4" bw="22" slack="0"/>
</pin_list>
<bind>
<opcode="partselect(1002) " fcode="partselect"/>
<opset="tmp_2/7 "/>
</bind>
</comp>

<comp id="287" class="1004" name="select_ln1148_fu_287">
<pin_list>
<pin id="288" dir="0" index="0" bw="1" slack="0"/>
<pin id="289" dir="0" index="1" bw="22" slack="0"/>
<pin id="290" dir="0" index="2" bw="22" slack="1"/>
<pin id="291" dir="1" index="3" bw="22" slack="1"/>
</pin_list>
<bind>
<opcode="select(49) " fcode="select"/>
<opset="select_ln1148/7 "/>
</bind>
</comp>

<comp id="294" class="1004" name="sext_ln703_fu_294">
<pin_list>
<pin id="295" dir="0" index="0" bw="22" slack="1"/>
<pin id="296" dir="1" index="1" bw="32" slack="0"/>
</pin_list>
<bind>
<opcode="sext(35) " fcode="sext"/>
<opset="sext_ln703/8 "/>
</bind>
</comp>

<comp id="297" class="1004" name="sub_ln703_fu_297">
<pin_list>
<pin id="298" dir="0" index="0" bw="1" slack="0"/>
<pin id="299" dir="0" index="1" bw="22" slack="0"/>
<pin id="300" dir="1" index="2" bw="32" slack="0"/>
</pin_list>
<bind>
<opcode="sub(10) " fcode="sub"/>
<opset="sub_ln703/8 "/>
</bind>
</comp>

<comp id="303" class="1004" name="sext_ln703_1_fu_303">
<pin_list>
<pin id="304" dir="0" index="0" bw="22" slack="1"/>
<pin id="305" dir="1" index="1" bw="32" slack="0"/>
</pin_list>
<bind>
<opcode="sext(35) " fcode="sext"/>
<opset="sext_ln703_1/8 "/>
</bind>
</comp>

<comp id="306" class="1004" name="select_ln1148_1_fu_306">
<pin_list>
<pin id="307" dir="0" index="0" bw="1" slack="1"/>
<pin id="308" dir="0" index="1" bw="32" slack="0"/>
<pin id="309" dir="0" index="2" bw="32" slack="0"/>
<pin id="310" dir="1" index="3" bw="32" slack="0"/>
</pin_list>
<bind>
<opcode="select(49) " fcode="select"/>
<opset="select_ln1148_1/8 "/>
</bind>
</comp>

<comp id="314" class="1004" name="grp_fu_314">
<pin_list>
<pin id="315" dir="0" index="0" bw="27" slack="0"/>
<pin id="316" dir="0" index="1" bw="32" slack="0"/>
<pin id="317" dir="1" index="2" bw="32" slack="0"/>
</pin_list>
<bind>
<opcode="sdiv(15) " fcode="sdiv"/>
<opset="sdiv_ln1148/9 "/>
</bind>
</comp>

<comp id="320" class="1004" name="sext_ln38_fu_320">
<pin_list>
<pin id="321" dir="0" index="0" bw="32" slack="0"/>
<pin id="322" dir="1" index="1" bw="44" slack="4"/>
</pin_list>
<bind>
<opcode="sext(35) " fcode="sext"/>
<opset="sext_ln38/39 "/>
</bind>
</comp>

<comp id="324" class="1004" name="icmp_ln38_fu_324">
<pin_list>
<pin id="325" dir="0" index="0" bw="11" slack="0"/>
<pin id="326" dir="0" index="1" bw="11" slack="0"/>
<pin id="327" dir="1" index="2" bw="1" slack="2147483647"/>
</pin_list>
<bind>
<opcode="icmp(45) " fcode="icmp"/>
<opset="icmp_ln38/40 "/>
</bind>
</comp>

<comp id="330" class="1004" name="add_ln38_fu_330">
<pin_list>
<pin id="331" dir="0" index="0" bw="11" slack="0"/>
<pin id="332" dir="0" index="1" bw="1" slack="0"/>
<pin id="333" dir="1" index="2" bw="11" slack="0"/>
</pin_list>
<bind>
<opcode="add(8) " fcode="add"/>
<opset="add_ln38/40 "/>
</bind>
</comp>

<comp id="336" class="1004" name="zext_ln39_fu_336">
<pin_list>
<pin id="337" dir="0" index="0" bw="11" slack="0"/>
<pin id="338" dir="1" index="1" bw="64" slack="0"/>
</pin_list>
<bind>
<opcode="zext(34) " fcode="zext"/>
<opset="zext_ln39/40 "/>
</bind>
</comp>

<comp id="342" class="1004" name="sext_ln1118_1_fu_342">
<pin_list>
<pin id="343" dir="0" index="0" bw="32" slack="1"/>
<pin id="344" dir="1" index="1" bw="44" slack="0"/>
</pin_list>
<bind>
<opcode="sext(35) " fcode="sext"/>
<opset="sext_ln1118_1/42 "/>
</bind>
</comp>

<comp id="346" class="1004" name="sext_ln1118_2_fu_346">
<pin_list>
<pin id="347" dir="0" index="0" bw="32" slack="1"/>
<pin id="348" dir="1" index="1" bw="44" slack="0"/>
</pin_list>
<bind>
<opcode="sext(35) " fcode="sext"/>
<opset="sext_ln1118_2/42 "/>
</bind>
</comp>

<comp id="349" class="1004" name="mul_ln1118_1_fu_349">
<pin_list>
<pin id="350" dir="0" index="0" bw="32" slack="0"/>
<pin id="351" dir="0" index="1" bw="32" slack="0"/>
<pin id="352" dir="1" index="2" bw="44" slack="0"/>
</pin_list>
<bind>
<opcode="mul(12) " fcode="mul"/>
<opset="mul_ln1118_1/42 "/>
</bind>
</comp>

<comp id="355" class="1004" name="trunc_ln708_1_fu_355">
<pin_list>
<pin id="356" dir="0" index="0" bw="32" slack="0"/>
<pin id="357" dir="0" index="1" bw="44" slack="0"/>
<pin id="358" dir="0" index="2" bw="5" slack="0"/>
<pin id="359" dir="0" index="3" bw="7" slack="0"/>
<pin id="360" dir="1" index="4" bw="32" slack="1"/>
</pin_list>
<bind>
<opcode="partselect(1002) " fcode="partselect"/>
<opset="trunc_ln708_1/42 "/>
</bind>
</comp>

<comp id="365" class="1004" name="sext_ln1118_3_fu_365">
<pin_list>
<pin id="366" dir="0" index="0" bw="32" slack="1"/>
<pin id="367" dir="1" index="1" bw="44" slack="0"/>
</pin_list>
<bind>
<opcode="sext(35) " fcode="sext"/>
<opset="sext_ln1118_3/43 "/>
</bind>
</comp>

<comp id="368" class="1004" name="mul_ln1118_2_fu_368">
<pin_list>
<pin id="369" dir="0" index="0" bw="32" slack="4"/>
<pin id="370" dir="0" index="1" bw="32" slack="0"/>
<pin id="371" dir="1" index="2" bw="44" slack="0"/>
</pin_list>
<bind>
<opcode="mul(12) " fcode="mul"/>
<opset="mul_ln1118_2/43 "/>
</bind>
</comp>

<comp id="373" class="1004" name="trunc_ln708_2_fu_373">
<pin_list>
<pin id="374" dir="0" index="0" bw="32" slack="0"/>
<pin id="375" dir="0" index="1" bw="44" slack="0"/>
<pin id="376" dir="0" index="2" bw="5" slack="0"/>
<pin id="377" dir="0" index="3" bw="7" slack="0"/>
<pin id="378" dir="1" index="4" bw="32" slack="1"/>
</pin_list>
<bind>
<opcode="partselect(1002) " fcode="partselect"/>
<opset="trunc_ln708_2/43 "/>
</bind>
</comp>

<comp id="386" class="1005" name="add_ln25_reg_386">
<pin_list>
<pin id="387" dir="0" index="0" bw="11" slack="0"/>
<pin id="388" dir="1" index="1" bw="11" slack="0"/>
</pin_list>
<bind>
<opset="add_ln25 "/>
</bind>
</comp>

<comp id="391" class="1005" name="v0_V_addr_reg_391">
<pin_list>
<pin id="392" dir="0" index="0" bw="11" slack="1"/>
<pin id="393" dir="1" index="1" bw="11" slack="1"/>
</pin_list>
<bind>
<opset="v0_V_addr "/>
</bind>
</comp>

<comp id="396" class="1005" name="sext_ln1148_reg_396">
<pin_list>
<pin id="397" dir="0" index="0" bw="89" slack="1"/>
<pin id="398" dir="1" index="1" bw="89" slack="1"/>
</pin_list>
<bind>
<opset="sext_ln1148 "/>
</bind>
</comp>

<comp id="401" class="1005" name="trunc_ln_reg_401">
<pin_list>
<pin id="402" dir="0" index="0" bw="32" slack="1"/>
<pin id="403" dir="1" index="1" bw="32" slack="1"/>
</pin_list>
<bind>
<opset="trunc_ln "/>
</bind>
</comp>

<comp id="406" class="1005" name="add_ln703_reg_406">
<pin_list>
<pin id="407" dir="0" index="0" bw="32" slack="1"/>
<pin id="408" dir="1" index="1" bw="32" slack="1"/>
</pin_list>
<bind>
<opset="add_ln703 "/>
</bind>
</comp>

<comp id="411" class="1005" name="mul_ln1148_reg_411">
<pin_list>
<pin id="412" dir="0" index="0" bw="89" slack="1"/>
<pin id="413" dir="1" index="1" bw="89" slack="1"/>
</pin_list>
<bind>
<opset="mul_ln1148 "/>
</bind>
</comp>

<comp id="416" class="1005" name="tmp_3_reg_416">
<pin_list>
<pin id="417" dir="0" index="0" bw="22" slack="1"/>
<pin id="418" dir="1" index="1" bw="22" slack="1"/>
</pin_list>
<bind>
<opset="tmp_3 "/>
</bind>
</comp>

<comp id="421" class="1005" name="tmp_1_reg_421">
<pin_list>
<pin id="422" dir="0" index="0" bw="1" slack="1"/>
<pin id="423" dir="1" index="1" bw="1" slack="1"/>
</pin_list>
<bind>
<opset="tmp_1 "/>
</bind>
</comp>

<comp id="426" class="1005" name="select_ln1148_reg_426">
<pin_list>
<pin id="427" dir="0" index="0" bw="22" slack="1"/>
<pin id="428" dir="1" index="1" bw="22" slack="1"/>
</pin_list>
<bind>
<opset="select_ln1148 "/>
</bind>
</comp>

<comp id="432" class="1005" name="select_ln1148_1_reg_432">
<pin_list>
<pin id="433" dir="0" index="0" bw="32" slack="1"/>
<pin id="434" dir="1" index="1" bw="32" slack="1"/>
</pin_list>
<bind>
<opset="select_ln1148_1 "/>
</bind>
</comp>

<comp id="437" class="1005" name="agg_result_V_i_reg_437">
<pin_list>
<pin id="438" dir="0" index="0" bw="32" slack="1"/>
<pin id="439" dir="1" index="1" bw="32" slack="1"/>
</pin_list>
<bind>
<opset="agg_result_V_i "/>
</bind>
</comp>

<comp id="442" class="1005" name="sext_ln38_reg_442">
<pin_list>
<pin id="443" dir="0" index="0" bw="44" slack="4"/>
<pin id="444" dir="1" index="1" bw="44" slack="4"/>
</pin_list>
<bind>
<opset="sext_ln38 "/>
</bind>
</comp>

<comp id="450" class="1005" name="add_ln38_reg_450">
<pin_list>
<pin id="451" dir="0" index="0" bw="11" slack="0"/>
<pin id="452" dir="1" index="1" bw="11" slack="0"/>
</pin_list>
<bind>
<opset="add_ln38 "/>
</bind>
</comp>

<comp id="455" class="1005" name="zext_ln39_reg_455">
<pin_list>
<pin id="456" dir="0" index="0" bw="64" slack="4"/>
<pin id="457" dir="1" index="1" bw="64" slack="4"/>
</pin_list>
<bind>
<opset="zext_ln39 "/>
</bind>
</comp>

<comp id="460" class="1005" name="v0_V_addr_1_reg_460">
<pin_list>
<pin id="461" dir="0" index="0" bw="11" slack="1"/>
<pin id="462" dir="1" index="1" bw="11" slack="1"/>
</pin_list>
<bind>
<opset="v0_V_addr_1 "/>
</bind>
</comp>

<comp id="465" class="1005" name="v1_V_addr_reg_465">
<pin_list>
<pin id="466" dir="0" index="0" bw="11" slack="1"/>
<pin id="467" dir="1" index="1" bw="11" slack="1"/>
</pin_list>
<bind>
<opset="v1_V_addr "/>
</bind>
</comp>

<comp id="470" class="1005" name="v1_V_load_reg_470">
<pin_list>
<pin id="471" dir="0" index="0" bw="32" slack="1"/>
<pin id="472" dir="1" index="1" bw="32" slack="1"/>
</pin_list>
<bind>
<opset="v1_V_load "/>
</bind>
</comp>

<comp id="475" class="1005" name="trunc_ln708_1_reg_475">
<pin_list>
<pin id="476" dir="0" index="0" bw="32" slack="1"/>
<pin id="477" dir="1" index="1" bw="32" slack="1"/>
</pin_list>
<bind>
<opset="trunc_ln708_1 "/>
</bind>
</comp>

<comp id="480" class="1005" name="trunc_ln708_2_reg_480">
<pin_list>
<pin id="481" dir="0" index="0" bw="32" slack="1"/>
<pin id="482" dir="1" index="1" bw="32" slack="1"/>
</pin_list>
<bind>
<opset="trunc_ln708_2 "/>
</bind>
</comp>

</comp_list>

<net_list>
<net id="87"><net_src comp="0" pin="0"/><net_sink comp="82" pin=0"/></net>

<net id="88"><net_src comp="42" pin="0"/><net_sink comp="82" pin=1"/></net>

<net id="94"><net_src comp="82" pin="3"/><net_sink comp="89" pin=0"/></net>

<net id="100"><net_src comp="0" pin="0"/><net_sink comp="95" pin=0"/></net>

<net id="101"><net_src comp="42" pin="0"/><net_sink comp="95" pin=1"/></net>

<net id="102"><net_src comp="95" pin="3"/><net_sink comp="89" pin=0"/></net>

<net id="108"><net_src comp="2" pin="0"/><net_sink comp="103" pin=0"/></net>

<net id="109"><net_src comp="42" pin="0"/><net_sink comp="103" pin=1"/></net>

<net id="115"><net_src comp="103" pin="3"/><net_sink comp="110" pin=0"/></net>

<net id="121"><net_src comp="4" pin="0"/><net_sink comp="116" pin=0"/></net>

<net id="122"><net_src comp="42" pin="0"/><net_sink comp="116" pin=1"/></net>

<net id="128"><net_src comp="116" pin="3"/><net_sink comp="123" pin=0"/></net>

<net id="132"><net_src comp="30" pin="0"/><net_sink comp="129" pin=0"/></net>

<net id="139"><net_src comp="129" pin="1"/><net_sink comp="133" pin=0"/></net>

<net id="140"><net_src comp="133" pin="4"/><net_sink comp="129" pin=0"/></net>

<net id="144"><net_src comp="32" pin="0"/><net_sink comp="141" pin=0"/></net>

<net id="151"><net_src comp="141" pin="1"/><net_sink comp="145" pin=0"/></net>

<net id="155"><net_src comp="32" pin="0"/><net_sink comp="152" pin=0"/></net>

<net id="162"><net_src comp="152" pin="1"/><net_sink comp="156" pin=0"/></net>

<net id="178"><net_src comp="72" pin="0"/><net_sink comp="163" pin=0"/></net>

<net id="179"><net_src comp="74" pin="0"/><net_sink comp="163" pin=2"/></net>

<net id="180"><net_src comp="6" pin="0"/><net_sink comp="163" pin=3"/></net>

<net id="181"><net_src comp="8" pin="0"/><net_sink comp="163" pin=4"/></net>

<net id="182"><net_src comp="10" pin="0"/><net_sink comp="163" pin=5"/></net>

<net id="183"><net_src comp="12" pin="0"/><net_sink comp="163" pin=6"/></net>

<net id="184"><net_src comp="14" pin="0"/><net_sink comp="163" pin=7"/></net>

<net id="185"><net_src comp="16" pin="0"/><net_sink comp="163" pin=8"/></net>

<net id="186"><net_src comp="18" pin="0"/><net_sink comp="163" pin=9"/></net>

<net id="187"><net_src comp="20" pin="0"/><net_sink comp="163" pin=10"/></net>

<net id="188"><net_src comp="22" pin="0"/><net_sink comp="163" pin=11"/></net>

<net id="189"><net_src comp="24" pin="0"/><net_sink comp="163" pin=12"/></net>

<net id="193"><net_src comp="89" pin="3"/><net_sink comp="190" pin=0"/></net>

<net id="198"><net_src comp="145" pin="4"/><net_sink comp="194" pin=0"/></net>

<net id="199"><net_src comp="34" pin="0"/><net_sink comp="194" pin=1"/></net>

<net id="204"><net_src comp="145" pin="4"/><net_sink comp="200" pin=0"/></net>

<net id="205"><net_src comp="40" pin="0"/><net_sink comp="200" pin=1"/></net>

<net id="209"><net_src comp="145" pin="4"/><net_sink comp="206" pin=0"/></net>

<net id="210"><net_src comp="206" pin="1"/><net_sink comp="82" pin=2"/></net>

<net id="216"><net_src comp="44" pin="0"/><net_sink comp="211" pin=0"/></net>

<net id="217"><net_src comp="133" pin="4"/><net_sink comp="211" pin=1"/></net>

<net id="218"><net_src comp="46" pin="0"/><net_sink comp="211" pin=2"/></net>

<net id="222"><net_src comp="211" pin="3"/><net_sink comp="219" pin=0"/></net>

<net id="227"><net_src comp="48" pin="0"/><net_sink comp="223" pin=0"/></net>

<net id="228"><net_src comp="219" pin="1"/><net_sink comp="223" pin=1"/></net>

<net id="232"><net_src comp="190" pin="1"/><net_sink comp="229" pin=0"/></net>

<net id="237"><net_src comp="229" pin="1"/><net_sink comp="233" pin=0"/></net>

<net id="238"><net_src comp="229" pin="1"/><net_sink comp="233" pin=1"/></net>

<net id="245"><net_src comp="50" pin="0"/><net_sink comp="239" pin=0"/></net>

<net id="246"><net_src comp="233" pin="2"/><net_sink comp="239" pin=1"/></net>

<net id="247"><net_src comp="52" pin="0"/><net_sink comp="239" pin=2"/></net>

<net id="248"><net_src comp="54" pin="0"/><net_sink comp="239" pin=3"/></net>

<net id="253"><net_src comp="129" pin="1"/><net_sink comp="249" pin=1"/></net>

<net id="260"><net_src comp="60" pin="0"/><net_sink comp="254" pin=0"/></net>

<net id="261"><net_src comp="223" pin="2"/><net_sink comp="254" pin=1"/></net>

<net id="262"><net_src comp="62" pin="0"/><net_sink comp="254" pin=2"/></net>

<net id="263"><net_src comp="64" pin="0"/><net_sink comp="254" pin=3"/></net>

<net id="268"><net_src comp="66" pin="0"/><net_sink comp="264" pin=0"/></net>

<net id="274"><net_src comp="68" pin="0"/><net_sink comp="269" pin=0"/></net>

<net id="275"><net_src comp="129" pin="1"/><net_sink comp="269" pin=1"/></net>

<net id="276"><net_src comp="70" pin="0"/><net_sink comp="269" pin=2"/></net>

<net id="283"><net_src comp="60" pin="0"/><net_sink comp="277" pin=0"/></net>

<net id="284"><net_src comp="264" pin="2"/><net_sink comp="277" pin=1"/></net>

<net id="285"><net_src comp="62" pin="0"/><net_sink comp="277" pin=2"/></net>

<net id="286"><net_src comp="64" pin="0"/><net_sink comp="277" pin=3"/></net>

<net id="292"><net_src comp="269" pin="3"/><net_sink comp="287" pin=0"/></net>

<net id="293"><net_src comp="277" pin="4"/><net_sink comp="287" pin=1"/></net>

<net id="301"><net_src comp="30" pin="0"/><net_sink comp="297" pin=0"/></net>

<net id="302"><net_src comp="294" pin="1"/><net_sink comp="297" pin=1"/></net>

<net id="311"><net_src comp="297" pin="2"/><net_sink comp="306" pin=1"/></net>

<net id="312"><net_src comp="303" pin="1"/><net_sink comp="306" pin=2"/></net>

<net id="313"><net_src comp="306" pin="3"/><net_sink comp="163" pin=1"/></net>

<net id="318"><net_src comp="76" pin="0"/><net_sink comp="314" pin=0"/></net>

<net id="319"><net_src comp="163" pin="13"/><net_sink comp="314" pin=1"/></net>

<net id="323"><net_src comp="314" pin="2"/><net_sink comp="320" pin=0"/></net>

<net id="328"><net_src comp="156" pin="4"/><net_sink comp="324" pin=0"/></net>

<net id="329"><net_src comp="34" pin="0"/><net_sink comp="324" pin=1"/></net>

<net id="334"><net_src comp="156" pin="4"/><net_sink comp="330" pin=0"/></net>

<net id="335"><net_src comp="40" pin="0"/><net_sink comp="330" pin=1"/></net>

<net id="339"><net_src comp="156" pin="4"/><net_sink comp="336" pin=0"/></net>

<net id="340"><net_src comp="336" pin="1"/><net_sink comp="95" pin=2"/></net>

<net id="341"><net_src comp="336" pin="1"/><net_sink comp="103" pin=2"/></net>

<net id="345"><net_src comp="190" pin="1"/><net_sink comp="342" pin=0"/></net>

<net id="353"><net_src comp="342" pin="1"/><net_sink comp="349" pin=0"/></net>

<net id="354"><net_src comp="346" pin="1"/><net_sink comp="349" pin=1"/></net>

<net id="361"><net_src comp="50" pin="0"/><net_sink comp="355" pin=0"/></net>

<net id="362"><net_src comp="349" pin="2"/><net_sink comp="355" pin=1"/></net>

<net id="363"><net_src comp="52" pin="0"/><net_sink comp="355" pin=2"/></net>

<net id="364"><net_src comp="54" pin="0"/><net_sink comp="355" pin=3"/></net>

<net id="372"><net_src comp="365" pin="1"/><net_sink comp="368" pin=1"/></net>

<net id="379"><net_src comp="50" pin="0"/><net_sink comp="373" pin=0"/></net>

<net id="380"><net_src comp="368" pin="2"/><net_sink comp="373" pin=1"/></net>

<net id="381"><net_src comp="52" pin="0"/><net_sink comp="373" pin=2"/></net>

<net id="382"><net_src comp="54" pin="0"/><net_sink comp="373" pin=3"/></net>

<net id="389"><net_src comp="200" pin="2"/><net_sink comp="386" pin=0"/></net>

<net id="390"><net_src comp="386" pin="1"/><net_sink comp="145" pin=2"/></net>

<net id="394"><net_src comp="82" pin="3"/><net_sink comp="391" pin=0"/></net>

<net id="395"><net_src comp="391" pin="1"/><net_sink comp="89" pin=0"/></net>

<net id="399"><net_src comp="219" pin="1"/><net_sink comp="396" pin=0"/></net>

<net id="400"><net_src comp="396" pin="1"/><net_sink comp="223" pin=1"/></net>

<net id="404"><net_src comp="239" pin="4"/><net_sink comp="401" pin=0"/></net>

<net id="405"><net_src comp="401" pin="1"/><net_sink comp="249" pin=0"/></net>

<net id="409"><net_src comp="249" pin="2"/><net_sink comp="406" pin=0"/></net>

<net id="410"><net_src comp="406" pin="1"/><net_sink comp="133" pin=2"/></net>

<net id="414"><net_src comp="223" pin="2"/><net_sink comp="411" pin=0"/></net>

<net id="415"><net_src comp="411" pin="1"/><net_sink comp="264" pin=1"/></net>

<net id="419"><net_src comp="254" pin="4"/><net_sink comp="416" pin=0"/></net>

<net id="420"><net_src comp="416" pin="1"/><net_sink comp="287" pin=2"/></net>

<net id="424"><net_src comp="269" pin="3"/><net_sink comp="421" pin=0"/></net>

<net id="425"><net_src comp="421" pin="1"/><net_sink comp="306" pin=0"/></net>

<net id="429"><net_src comp="287" pin="3"/><net_sink comp="426" pin=0"/></net>

<net id="430"><net_src comp="426" pin="1"/><net_sink comp="294" pin=0"/></net>

<net id="431"><net_src comp="426" pin="1"/><net_sink comp="303" pin=0"/></net>

<net id="435"><net_src comp="306" pin="3"/><net_sink comp="432" pin=0"/></net>

<net id="436"><net_src comp="432" pin="1"/><net_sink comp="163" pin=1"/></net>

<net id="440"><net_src comp="163" pin="13"/><net_sink comp="437" pin=0"/></net>

<net id="441"><net_src comp="437" pin="1"/><net_sink comp="314" pin=1"/></net>

<net id="445"><net_src comp="320" pin="1"/><net_sink comp="442" pin=0"/></net>

<net id="446"><net_src comp="442" pin="1"/><net_sink comp="368" pin=0"/></net>

<net id="453"><net_src comp="330" pin="2"/><net_sink comp="450" pin=0"/></net>

<net id="454"><net_src comp="450" pin="1"/><net_sink comp="156" pin=2"/></net>

<net id="458"><net_src comp="336" pin="1"/><net_sink comp="455" pin=0"/></net>

<net id="459"><net_src comp="455" pin="1"/><net_sink comp="116" pin=2"/></net>

<net id="463"><net_src comp="95" pin="3"/><net_sink comp="460" pin=0"/></net>

<net id="464"><net_src comp="460" pin="1"/><net_sink comp="89" pin=0"/></net>

<net id="468"><net_src comp="103" pin="3"/><net_sink comp="465" pin=0"/></net>

<net id="469"><net_src comp="465" pin="1"/><net_sink comp="110" pin=0"/></net>

<net id="473"><net_src comp="110" pin="3"/><net_sink comp="470" pin=0"/></net>

<net id="474"><net_src comp="470" pin="1"/><net_sink comp="346" pin=0"/></net>

<net id="478"><net_src comp="355" pin="4"/><net_sink comp="475" pin=0"/></net>

<net id="479"><net_src comp="475" pin="1"/><net_sink comp="365" pin=0"/></net>

<net id="483"><net_src comp="373" pin="4"/><net_sink comp="480" pin=0"/></net>

<net id="484"><net_src comp="480" pin="1"/><net_sink comp="123" pin=1"/></net>

</net_list>

</model> 
---------------- Datapath Model END ------------------

* FSMD analyzer results:
  - Output states:
	Port: v0_V | {}
	Port: v1_V | {}
	Port: v3_0_V | {44 }
	Port: log_apfixed_reduce_6 | {}
	Port: log_apfixed_reduce_5 | {}
	Port: log_apfixed_reduce_9 | {}
	Port: log_apfixed_reduce_s | {}
	Port: log_apfixed_reduce_7 | {}
	Port: log_apfixed_reduce_8 | {}
	Port: f_x_msb_4_table_V | {}
	Port: f_x_msb_3_table_V | {}
	Port: f_x_msb_2_table_V | {}
	Port: exp_x_msb_1_table_V | {}
 - Input state : 
	Port: rms_norm : v0_V | {2 3 40 41 }
	Port: rms_norm : v1_V | {40 41 }
	Port: rms_norm : log_apfixed_reduce_6 | {8 9 }
	Port: rms_norm : log_apfixed_reduce_5 | {8 9 }
	Port: rms_norm : log_apfixed_reduce_9 | {8 9 }
	Port: rms_norm : log_apfixed_reduce_s | {8 9 }
	Port: rms_norm : log_apfixed_reduce_7 | {8 9 }
	Port: rms_norm : log_apfixed_reduce_8 | {8 9 }
	Port: rms_norm : f_x_msb_4_table_V | {8 9 }
	Port: rms_norm : f_x_msb_3_table_V | {8 9 }
	Port: rms_norm : f_x_msb_2_table_V | {8 9 }
	Port: rms_norm : exp_x_msb_1_table_V | {8 9 }
  - Chain level:
	State 1
	State 2
		icmp_ln25 : 1
		add_ln25 : 1
		br_ln25 : 2
		zext_ln26 : 1
		v0_V_addr : 2
		v0_V_load : 3
		shl_ln : 1
		sext_ln1148 : 2
		mul_ln1148 : 3
	State 3
	State 4
		mul_ln1118 : 1
		trunc_ln : 2
	State 5
	State 6
		tmp_3 : 1
	State 7
		tmp_2 : 1
		select_ln1148 : 2
	State 8
		sub_ln703 : 1
		select_ln1148_1 : 2
		agg_result_V_i : 3
	State 9
		sdiv_ln1148 : 1
	State 10
	State 11
	State 12
	State 13
	State 14
	State 15
	State 16
	State 17
	State 18
	State 19
	State 20
	State 21
	State 22
	State 23
	State 24
	State 25
	State 26
	State 27
	State 28
	State 29
	State 30
	State 31
	State 32
	State 33
	State 34
	State 35
	State 36
	State 37
	State 38
	State 39
		sext_ln38 : 1
	State 40
		icmp_ln38 : 1
		add_ln38 : 1
		br_ln38 : 2
		zext_ln39 : 1
		v0_V_addr_1 : 2
		v0_V_load_1 : 3
		v1_V_addr : 2
		v1_V_load : 3
	State 41
	State 42
		mul_ln1118_1 : 1
		trunc_ln708_1 : 2
	State 43
		mul_ln1118_2 : 1
		trunc_ln708_2 : 2
	State 44
		store_ln44 : 1


============================================================
+ Verbose Summary: Datapath Resource usage 
============================================================

* Functional unit list:
|----------|------------------------|---------|---------|---------|---------|
| Operation|     Functional Unit    |  DSP48E |  Delay  |    FF   |   LUT   |
|----------|------------------------|---------|---------|---------|---------|
|   call   | grp_pow_32_20_s_fu_163 |    52   | 61.5946 |  14195  |   5258  |
|----------|------------------------|---------|---------|---------|---------|
|   sdiv   |       grp_fu_314       |    0    |    0    |   394   |   238   |
|----------|------------------------|---------|---------|---------|---------|
|          |       grp_fu_223       |    9    |    0    |   221   |    79   |
|    mul   |    mul_ln1118_fu_233   |    4    |    0    |    0    |    20   |
|          |   mul_ln1118_1_fu_349  |    4    |    0    |    0    |    20   |
|          |   mul_ln1118_2_fu_368  |    4    |    0    |    0    |    20   |
|----------|------------------------|---------|---------|---------|---------|
|    sub   |    sub_ln1148_fu_264   |    0    |    0    |    0    |    96   |
|          |    sub_ln703_fu_297    |    0    |    0    |    0    |    29   |
|----------|------------------------|---------|---------|---------|---------|
|          |     add_ln25_fu_200    |    0    |    0    |    0    |    13   |
|    add   |    add_ln703_fu_249    |    0    |    0    |    0    |    39   |
|          |     add_ln38_fu_330    |    0    |    0    |    0    |    13   |
|----------|------------------------|---------|---------|---------|---------|
|  select  |  select_ln1148_fu_287  |    0    |    0    |    0    |    22   |
|          | select_ln1148_1_fu_306 |    0    |    0    |    0    |    32   |
|----------|------------------------|---------|---------|---------|---------|
|   icmp   |    icmp_ln25_fu_194    |    0    |    0    |    0    |    13   |
|          |    icmp_ln38_fu_324    |    0    |    0    |    0    |    13   |
|----------|------------------------|---------|---------|---------|---------|
|   zext   |    zext_ln26_fu_206    |    0    |    0    |    0    |    0    |
|          |    zext_ln39_fu_336    |    0    |    0    |    0    |    0    |
|----------|------------------------|---------|---------|---------|---------|
|bitconcatenate|      shl_ln_fu_211     |    0    |    0    |    0    |    0    |
|----------|------------------------|---------|---------|---------|---------|
|          |   sext_ln1148_fu_219   |    0    |    0    |    0    |    0    |
|          |   sext_ln1118_fu_229   |    0    |    0    |    0    |    0    |
|          |    sext_ln703_fu_294   |    0    |    0    |    0    |    0    |
|   sext   |   sext_ln703_1_fu_303  |    0    |    0    |    0    |    0    |
|          |    sext_ln38_fu_320    |    0    |    0    |    0    |    0    |
|          |  sext_ln1118_1_fu_342  |    0    |    0    |    0    |    0    |
|          |  sext_ln1118_2_fu_346  |    0    |    0    |    0    |    0    |
|          |  sext_ln1118_3_fu_365  |    0    |    0    |    0    |    0    |
|----------|------------------------|---------|---------|---------|---------|
|          |     trunc_ln_fu_239    |    0    |    0    |    0    |    0    |
|          |      tmp_3_fu_254      |    0    |    0    |    0    |    0    |
|partselect|      tmp_2_fu_277      |    0    |    0    |    0    |    0    |
|          |  trunc_ln708_1_fu_355  |    0    |    0    |    0    |    0    |
|          |  trunc_ln708_2_fu_373  |    0    |    0    |    0    |    0    |
|----------|------------------------|---------|---------|---------|---------|
| bitselect|      tmp_1_fu_269      |    0    |    0    |    0    |    0    |
|----------|------------------------|---------|---------|---------|---------|
|   Total  |                        |    73   | 61.5946 |  14810  |   5905  |
|----------|------------------------|---------|---------|---------|---------|

Memories:
N/A

* Register list:
+-----------------------+--------+
|                       |   FF   |
+-----------------------+--------+
|    add_ln25_reg_386   |   11   |
|    add_ln38_reg_450   |   11   |
|   add_ln703_reg_406   |   32   |
| agg_result_V_i_reg_437|   32   |
|     i1_0_0_reg_152    |   11   |
|     i_0_0_reg_141     |   11   |
|   mul_ln1148_reg_411  |   89   |
|        reg_190        |   32   |
|select_ln1148_1_reg_432|   32   |
| select_ln1148_reg_426 |   22   |
|  sext_ln1148_reg_396  |   89   |
|   sext_ln38_reg_442   |   44   |
|     tmp_1_reg_421     |    1   |
|     tmp_3_reg_416     |   22   |
| trunc_ln708_1_reg_475 |   32   |
| trunc_ln708_2_reg_480 |   32   |
|    trunc_ln_reg_401   |   32   |
|  v0_V_addr_1_reg_460  |   11   |
|   v0_V_addr_reg_391   |   11   |
|   v1_V_addr_reg_465   |   11   |
|   v1_V_load_reg_470   |   32   |
|     v9_V_0_reg_129    |   32   |
|   zext_ln39_reg_455   |   64   |
+-----------------------+--------+
|         Total         |   696  |
+-----------------------+--------+

* Multiplexer (MUX) list: 
|------------------------|------|------|------|--------||---------||---------|
|          Comp          |  Pin | Size |  BW  | S x BW ||  Delay  ||   LUT   |
|------------------------|------|------|------|--------||---------||---------|
|    grp_access_fu_89    |  p0  |   4  |  11  |   44   ||    21   |
|    grp_access_fu_110   |  p0  |   2  |  11  |   22   ||    9    |
|     v9_V_0_reg_129     |  p0  |   2  |  32  |   64   ||    9    |
| grp_pow_32_20_s_fu_163 |  p1  |   2  |  24  |   48   ||    9    |
|       grp_fu_223       |  p1  |   2  |  44  |   88   ||    9    |
|       grp_fu_314       |  p1  |   2  |  32  |   64   ||    9    |
|------------------------|------|------|------|--------||---------||---------|
|          Total         |      |      |      |   330  || 10.7055 ||    66   |
|------------------------|------|------|------|--------||---------||---------|



* Summary:
+-----------+--------+--------+--------+--------+
|           | DSP48E |  Delay |   FF   |   LUT  |
+-----------+--------+--------+--------+--------+
|  Function |   73   |   61   |  14810 |  5905  |
|   Memory  |    -   |    -   |    -   |    -   |
|Multiplexer|    -   |   10   |    -   |   66   |
|  Register |    -   |    -   |   696  |    -   |
+-----------+--------+--------+--------+--------+
|   Total   |   73   |   72   |  15506 |  5971  |
+-----------+--------+--------+--------+--------+
