

================================================================
== Vivado HLS Report for 'transpose_last_two_d'
================================================================
* Date:           Thu Dec  5 02:39:25 2024

* Version:        2019.2 (Build 2704478 on Wed Nov 06 22:10:23 MST 2019)
* Project:        out.prj
* Solution:       solution1
* Product family: zynq
* Target device:  xc7z020-clg484-1


================================================================
== Performance Estimates
================================================================
+ Timing: 
    * Summary: 
    +--------+----------+----------+------------+
    |  Clock |  Target  | Estimated| Uncertainty|
    +--------+----------+----------+------------+
    |ap_clk  | 10.00 ns | 6.508 ns |   1.25 ns  |
    +--------+----------+----------+------------+

+ Latency: 
    * Summary: 
    +---------+---------+----------+----------+-------+-------+---------+
    |  Latency (cycles) |  Latency (absolute) |    Interval   | Pipeline|
    |   min   |   max   |    min   |    max   |  min  |  max  |   Type  |
    +---------+---------+----------+----------+-------+-------+---------+
    |    18657|    18657| 0.187 ms | 0.187 ms |  18657|  18657|   none  |
    +---------+---------+----------+----------+-------+-------+---------+

    + Detail: 
        * Instance: 
        N/A

        * Loop: 
        +-----------------+---------+---------+----------+-----------+-----------+------+----------+
        |                 |  Latency (cycles) | Iteration|  Initiation Interval  | Trip |          |
        |    Loop Name    |   min   |   max   |  Latency |  achieved |   target  | Count| Pipelined|
        +-----------------+---------+---------+----------+-----------+-----------+------+----------+
        |- l_S_h_0_h3     |    18656|    18656|      1166|          -|          -|    16|    no    |
        | + l_S_s_0_s3    |     1164|     1164|       194|          -|          -|     6|    no    |
        |  ++ l_S_d_0_d3  |      192|      192|         2|          -|          -|    96|    no    |
        +-----------------+---------+---------+----------+-----------+-----------+------+----------+

============================================================
+ Verbose Summary: Synthesis Manager
============================================================
InlineROM: 1
ExposeGlobal: 0
============================================================
+ Verbose Summary: CDFG Model
============================================================
IsTopModel: 0
ResetActiveHigh: 1
IsCombinational: 0
IsDatapathOnly: 0
HasWiredReturn: 1
HasMFsm: 0
HasVarLatency: 1
IsPipeline: 0
IsRtlPipelined: 0
IsInstanceOverlapped: 0
IsDontTouch: 0
HasImplIP: 0
IsGatedGlobalClock: 0


============================================================
+ Verbose Summary: Schedule
============================================================
* Number of FSM states : 5
* Pipeline : 0
* Dataflow Pipeline: 0

* FSM state transitions: 
1 --> 2 
2 --> 3 
3 --> 4 2 
4 --> 5 3 
5 --> 4 

* FSM state operations: 

State 1 <SV = 0> <Delay = 1.76>
ST_1 : Operation 6 [1/1] (1.76ns)   --->   "br label %1" [kernel.cpp:338]   --->   Operation 6 'br' <Predicate = true> <Delay = 1.76>

State 2 <SV = 1> <Delay = 1.91>
ST_2 : Operation 7 [1/1] (0.00ns)   --->   "%h3_0 = phi i5 [ 0, %0 ], [ %h3, %l_S_h_0_h3_end ]"   --->   Operation 7 'phi' 'h3_0' <Predicate = true> <Delay = 0.00>
ST_2 : Operation 8 [1/1] (1.36ns)   --->   "%icmp_ln338 = icmp eq i5 %h3_0, -16" [kernel.cpp:338]   --->   Operation 8 'icmp' 'icmp_ln338' <Predicate = true> <Delay = 1.36> <Core = "Cmp">   --->   Core 25 'Cmp' <Latency = 0> <II = 1> <Delay = 1.48> <FuncUnit> <Opcode : 'icmp'> <InPorts = 2> <OutPorts = 1>
ST_2 : Operation 9 [1/1] (0.00ns)   --->   "%empty = call i32 (...)* @_ssdm_op_SpecLoopTripCount(i64 16, i64 16, i64 16)"   --->   Operation 9 'speclooptripcount' 'empty' <Predicate = true> <Delay = 0.00>
ST_2 : Operation 10 [1/1] (1.78ns)   --->   "%h3 = add i5 %h3_0, 1" [kernel.cpp:338]   --->   Operation 10 'add' 'h3' <Predicate = true> <Delay = 1.78> <Core = "AddSub">   --->   Core 14 'AddSub' <Latency = 0> <II = 1> <Delay = 1.67> <FuncUnit> <Opcode : 'add' 'sub'> <InPorts = 2> <OutPorts = 1>
ST_2 : Operation 11 [1/1] (0.00ns)   --->   "br i1 %icmp_ln338, label %5, label %l_S_h_0_h3_begin" [kernel.cpp:338]   --->   Operation 11 'br' <Predicate = true> <Delay = 0.00>
ST_2 : Operation 12 [1/1] (0.00ns)   --->   "call void (...)* @_ssdm_op_SpecLoopName([11 x i8]* @p_str27) nounwind" [kernel.cpp:338]   --->   Operation 12 'specloopname' <Predicate = (!icmp_ln338)> <Delay = 0.00>
ST_2 : Operation 13 [1/1] (0.00ns)   --->   "%tmp = call i32 (...)* @_ssdm_op_SpecRegionBegin([11 x i8]* @p_str27)" [kernel.cpp:338]   --->   Operation 13 'specregionbegin' 'tmp' <Predicate = (!icmp_ln338)> <Delay = 0.00>
ST_2 : Operation 14 [1/1] (0.00ns)   --->   "%tmp_2 = call i8 @_ssdm_op_BitConcatenate.i8.i5.i3(i5 %h3_0, i3 0)" [kernel.cpp:341]   --->   Operation 14 'bitconcatenate' 'tmp_2' <Predicate = (!icmp_ln338)> <Delay = 0.00>
ST_2 : Operation 15 [1/1] (0.00ns)   --->   "%zext_ln341 = zext i8 %tmp_2 to i9" [kernel.cpp:341]   --->   Operation 15 'zext' 'zext_ln341' <Predicate = (!icmp_ln338)> <Delay = 0.00>
ST_2 : Operation 16 [1/1] (0.00ns)   --->   "%tmp_3 = call i6 @_ssdm_op_BitConcatenate.i6.i5.i1(i5 %h3_0, i1 false)" [kernel.cpp:341]   --->   Operation 16 'bitconcatenate' 'tmp_3' <Predicate = (!icmp_ln338)> <Delay = 0.00>
ST_2 : Operation 17 [1/1] (0.00ns)   --->   "%zext_ln341_1 = zext i6 %tmp_3 to i9" [kernel.cpp:341]   --->   Operation 17 'zext' 'zext_ln341_1' <Predicate = (!icmp_ln338)> <Delay = 0.00>
ST_2 : Operation 18 [1/1] (1.91ns)   --->   "%sub_ln341 = sub i9 %zext_ln341, %zext_ln341_1" [kernel.cpp:341]   --->   Operation 18 'sub' 'sub_ln341' <Predicate = (!icmp_ln338)> <Delay = 1.91> <Core = "AddSub">   --->   Core 14 'AddSub' <Latency = 0> <II = 1> <Delay = 1.67> <FuncUnit> <Opcode : 'add' 'sub'> <InPorts = 2> <OutPorts = 1>
ST_2 : Operation 19 [1/1] (0.00ns)   --->   "%sext_ln341 = sext i9 %sub_ln341 to i10" [kernel.cpp:341]   --->   Operation 19 'sext' 'sext_ln341' <Predicate = (!icmp_ln338)> <Delay = 0.00>
ST_2 : Operation 20 [1/1] (0.00ns)   --->   "%tmp_4 = call i12 @_ssdm_op_BitConcatenate.i12.i5.i7(i5 %h3_0, i7 0)" [kernel.cpp:342]   --->   Operation 20 'bitconcatenate' 'tmp_4' <Predicate = (!icmp_ln338)> <Delay = 0.00>
ST_2 : Operation 21 [1/1] (0.00ns)   --->   "%zext_ln342 = zext i12 %tmp_4 to i13" [kernel.cpp:342]   --->   Operation 21 'zext' 'zext_ln342' <Predicate = (!icmp_ln338)> <Delay = 0.00>
ST_2 : Operation 22 [1/1] (0.00ns)   --->   "%tmp_5 = call i10 @_ssdm_op_BitConcatenate.i10.i5.i5(i5 %h3_0, i5 0)" [kernel.cpp:342]   --->   Operation 22 'bitconcatenate' 'tmp_5' <Predicate = (!icmp_ln338)> <Delay = 0.00>
ST_2 : Operation 23 [1/1] (0.00ns)   --->   "%zext_ln342_1 = zext i10 %tmp_5 to i13" [kernel.cpp:342]   --->   Operation 23 'zext' 'zext_ln342_1' <Predicate = (!icmp_ln338)> <Delay = 0.00>
ST_2 : Operation 24 [1/1] (1.54ns)   --->   "%sub_ln342 = sub i13 %zext_ln342, %zext_ln342_1" [kernel.cpp:342]   --->   Operation 24 'sub' 'sub_ln342' <Predicate = (!icmp_ln338)> <Delay = 1.54> <Core = "AddSub">   --->   Core 14 'AddSub' <Latency = 0> <II = 1> <Delay = 1.67> <FuncUnit> <Opcode : 'add' 'sub'> <InPorts = 2> <OutPorts = 1>
ST_2 : Operation 25 [1/1] (0.00ns)   --->   "%sext_ln342 = sext i13 %sub_ln342 to i14" [kernel.cpp:342]   --->   Operation 25 'sext' 'sext_ln342' <Predicate = (!icmp_ln338)> <Delay = 0.00>
ST_2 : Operation 26 [1/1] (1.76ns)   --->   "br label %2" [kernel.cpp:339]   --->   Operation 26 'br' <Predicate = (!icmp_ln338)> <Delay = 1.76>
ST_2 : Operation 27 [1/1] (0.00ns)   --->   "ret void" [kernel.cpp:346]   --->   Operation 27 'ret' <Predicate = (icmp_ln338)> <Delay = 0.00>

State 3 <SV = 2> <Delay = 3.76>
ST_3 : Operation 28 [1/1] (0.00ns)   --->   "%s3_0 = phi i3 [ 0, %l_S_h_0_h3_begin ], [ %s3, %l_S_s_0_s3_end ]"   --->   Operation 28 'phi' 's3_0' <Predicate = true> <Delay = 0.00>
ST_3 : Operation 29 [1/1] (1.13ns)   --->   "%icmp_ln339 = icmp eq i3 %s3_0, -2" [kernel.cpp:339]   --->   Operation 29 'icmp' 'icmp_ln339' <Predicate = true> <Delay = 1.13> <Core = "Cmp">   --->   Core 25 'Cmp' <Latency = 0> <II = 1> <Delay = 1.48> <FuncUnit> <Opcode : 'icmp'> <InPorts = 2> <OutPorts = 1>
ST_3 : Operation 30 [1/1] (0.00ns)   --->   "%empty_39 = call i32 (...)* @_ssdm_op_SpecLoopTripCount(i64 6, i64 6, i64 6)"   --->   Operation 30 'speclooptripcount' 'empty_39' <Predicate = true> <Delay = 0.00>
ST_3 : Operation 31 [1/1] (1.65ns)   --->   "%s3 = add i3 %s3_0, 1" [kernel.cpp:339]   --->   Operation 31 'add' 's3' <Predicate = true> <Delay = 1.65> <Core = "AddSub">   --->   Core 14 'AddSub' <Latency = 0> <II = 1> <Delay = 1.67> <FuncUnit> <Opcode : 'add' 'sub'> <InPorts = 2> <OutPorts = 1>
ST_3 : Operation 32 [1/1] (0.00ns)   --->   "br i1 %icmp_ln339, label %l_S_h_0_h3_end, label %l_S_s_0_s3_begin" [kernel.cpp:339]   --->   Operation 32 'br' <Predicate = true> <Delay = 0.00>
ST_3 : Operation 33 [1/1] (0.00ns)   --->   "call void (...)* @_ssdm_op_SpecLoopName([11 x i8]* @p_str28) nounwind" [kernel.cpp:339]   --->   Operation 33 'specloopname' <Predicate = (!icmp_ln339)> <Delay = 0.00>
ST_3 : Operation 34 [1/1] (0.00ns)   --->   "%tmp_1 = call i32 (...)* @_ssdm_op_SpecRegionBegin([11 x i8]* @p_str28)" [kernel.cpp:339]   --->   Operation 34 'specregionbegin' 'tmp_1' <Predicate = (!icmp_ln339)> <Delay = 0.00>
ST_3 : Operation 35 [1/1] (0.00ns)   --->   "%zext_ln341_2 = zext i3 %s3_0 to i15" [kernel.cpp:341]   --->   Operation 35 'zext' 'zext_ln341_2' <Predicate = (!icmp_ln339)> <Delay = 0.00>
ST_3 : Operation 36 [1/1] (0.00ns)   --->   "%zext_ln341_3 = zext i3 %s3_0 to i10" [kernel.cpp:341]   --->   Operation 36 'zext' 'zext_ln341_3' <Predicate = (!icmp_ln339)> <Delay = 0.00>
ST_3 : Operation 37 [1/1] (1.82ns)   --->   "%add_ln341 = add i10 %zext_ln341_3, %sext_ln341" [kernel.cpp:341]   --->   Operation 37 'add' 'add_ln341' <Predicate = (!icmp_ln339)> <Delay = 1.82> <Core = "AddSub">   --->   Core 14 'AddSub' <Latency = 0> <II = 1> <Delay = 1.67> <FuncUnit> <Opcode : 'add' 'sub'> <InPorts = 2> <OutPorts = 1>
ST_3 : Operation 38 [1/1] (0.00ns)   --->   "%trunc_ln341 = trunc i10 %add_ln341 to i8" [kernel.cpp:341]   --->   Operation 38 'trunc' 'trunc_ln341' <Predicate = (!icmp_ln339)> <Delay = 0.00>
ST_3 : Operation 39 [1/1] (0.00ns)   --->   "%p_shl4_cast = call i15 @_ssdm_op_BitConcatenate.i15.i8.i7(i8 %trunc_ln341, i7 0)" [kernel.cpp:341]   --->   Operation 39 'bitconcatenate' 'p_shl4_cast' <Predicate = (!icmp_ln339)> <Delay = 0.00>
ST_3 : Operation 40 [1/1] (0.00ns)   --->   "%p_shl5_cast = call i15 @_ssdm_op_BitConcatenate.i15.i10.i5(i10 %add_ln341, i5 0)" [kernel.cpp:341]   --->   Operation 40 'bitconcatenate' 'p_shl5_cast' <Predicate = (!icmp_ln339)> <Delay = 0.00>
ST_3 : Operation 41 [1/1] (1.94ns)   --->   "%sub_ln341_1 = sub i15 %p_shl4_cast, %p_shl5_cast" [kernel.cpp:341]   --->   Operation 41 'sub' 'sub_ln341_1' <Predicate = (!icmp_ln339)> <Delay = 1.94> <Core = "AddSub">   --->   Core 14 'AddSub' <Latency = 0> <II = 1> <Delay = 1.67> <FuncUnit> <Opcode : 'add' 'sub'> <InPorts = 2> <OutPorts = 1>
ST_3 : Operation 42 [1/1] (1.76ns)   --->   "br label %3" [kernel.cpp:340]   --->   Operation 42 'br' <Predicate = (!icmp_ln339)> <Delay = 1.76>
ST_3 : Operation 43 [1/1] (0.00ns)   --->   "%empty_42 = call i32 (...)* @_ssdm_op_SpecRegionEnd([11 x i8]* @p_str27, i32 %tmp)" [kernel.cpp:345]   --->   Operation 43 'specregionend' 'empty_42' <Predicate = (icmp_ln339)> <Delay = 0.00>
ST_3 : Operation 44 [1/1] (0.00ns)   --->   "br label %1" [kernel.cpp:338]   --->   Operation 44 'br' <Predicate = (icmp_ln339)> <Delay = 0.00>

State 4 <SV = 3> <Delay = 5.55>
ST_4 : Operation 45 [1/1] (0.00ns)   --->   "%d3_0 = phi i7 [ 0, %l_S_s_0_s3_begin ], [ %d3, %4 ]"   --->   Operation 45 'phi' 'd3_0' <Predicate = true> <Delay = 0.00>
ST_4 : Operation 46 [1/1] (1.48ns)   --->   "%icmp_ln340 = icmp eq i7 %d3_0, -32" [kernel.cpp:340]   --->   Operation 46 'icmp' 'icmp_ln340' <Predicate = true> <Delay = 1.48> <Core = "Cmp">   --->   Core 25 'Cmp' <Latency = 0> <II = 1> <Delay = 1.48> <FuncUnit> <Opcode : 'icmp'> <InPorts = 2> <OutPorts = 1>
ST_4 : Operation 47 [1/1] (0.00ns)   --->   "%empty_40 = call i32 (...)* @_ssdm_op_SpecLoopTripCount(i64 96, i64 96, i64 96)"   --->   Operation 47 'speclooptripcount' 'empty_40' <Predicate = true> <Delay = 0.00>
ST_4 : Operation 48 [1/1] (1.87ns)   --->   "%d3 = add i7 %d3_0, 1" [kernel.cpp:340]   --->   Operation 48 'add' 'd3' <Predicate = true> <Delay = 1.87> <Core = "AddSub">   --->   Core 14 'AddSub' <Latency = 0> <II = 1> <Delay = 1.67> <FuncUnit> <Opcode : 'add' 'sub'> <InPorts = 2> <OutPorts = 1>
ST_4 : Operation 49 [1/1] (0.00ns)   --->   "br i1 %icmp_ln340, label %l_S_s_0_s3_end, label %4" [kernel.cpp:340]   --->   Operation 49 'br' <Predicate = true> <Delay = 0.00>
ST_4 : Operation 50 [1/1] (0.00ns)   --->   "%zext_ln341_4 = zext i7 %d3_0 to i14" [kernel.cpp:341]   --->   Operation 50 'zext' 'zext_ln341_4' <Predicate = (!icmp_ln340)> <Delay = 0.00>
ST_4 : Operation 51 [1/1] (0.00ns)   --->   "%zext_ln341_5 = zext i7 %d3_0 to i15" [kernel.cpp:341]   --->   Operation 51 'zext' 'zext_ln341_5' <Predicate = (!icmp_ln340)> <Delay = 0.00>
ST_4 : Operation 52 [1/1] (1.94ns)   --->   "%add_ln341_1 = add i15 %zext_ln341_5, %sub_ln341_1" [kernel.cpp:341]   --->   Operation 52 'add' 'add_ln341_1' <Predicate = (!icmp_ln340)> <Delay = 1.94> <Core = "AddSub">   --->   Core 14 'AddSub' <Latency = 0> <II = 1> <Delay = 1.67> <FuncUnit> <Opcode : 'add' 'sub'> <InPorts = 2> <OutPorts = 1>
ST_4 : Operation 53 [1/1] (0.00ns)   --->   "%zext_ln341_6 = zext i15 %add_ln341_1 to i64" [kernel.cpp:341]   --->   Operation 53 'zext' 'zext_ln341_6' <Predicate = (!icmp_ln340)> <Delay = 0.00>
ST_4 : Operation 54 [1/1] (0.00ns)   --->   "%v203_addr = getelementptr [9216 x float]* %v203, i64 0, i64 %zext_ln341_6" [kernel.cpp:341]   --->   Operation 54 'getelementptr' 'v203_addr' <Predicate = (!icmp_ln340)> <Delay = 0.00>
ST_4 : Operation 55 [1/1] (1.67ns)   --->   "%add_ln342 = add i14 %zext_ln341_4, %sext_ln342" [kernel.cpp:342]   --->   Operation 55 'add' 'add_ln342' <Predicate = (!icmp_ln340)> <Delay = 1.67> <Core = "AddSub">   --->   Core 14 'AddSub' <Latency = 0> <II = 1> <Delay = 1.67> <FuncUnit> <Opcode : 'add' 'sub'> <InPorts = 2> <OutPorts = 1>
ST_4 : Operation 56 [1/1] (0.00ns)   --->   "%trunc_ln342 = trunc i14 %add_ln342 to i12" [kernel.cpp:342]   --->   Operation 56 'trunc' 'trunc_ln342' <Predicate = (!icmp_ln340)> <Delay = 0.00>
ST_4 : Operation 57 [1/1] (0.00ns)   --->   "%p_shl6_cast = call i15 @_ssdm_op_BitConcatenate.i15.i12.i3(i12 %trunc_ln342, i3 0)" [kernel.cpp:342]   --->   Operation 57 'bitconcatenate' 'p_shl6_cast' <Predicate = (!icmp_ln340)> <Delay = 0.00>
ST_4 : Operation 58 [1/1] (0.00ns)   --->   "%p_shl7_cast = call i15 @_ssdm_op_BitConcatenate.i15.i14.i1(i14 %add_ln342, i1 false)" [kernel.cpp:342]   --->   Operation 58 'bitconcatenate' 'p_shl7_cast' <Predicate = (!icmp_ln340)> <Delay = 0.00>
ST_4 : Operation 59 [1/1] (0.00ns) (grouped into TernaryAdder)   --->   "%sub_ln342_1 = sub i15 %p_shl6_cast, %p_shl7_cast" [kernel.cpp:342]   --->   Operation 59 'sub' 'sub_ln342_1' <Predicate = (!icmp_ln340)> <Delay = 0.00> <Core = "TAddSub">   --->   Core 83 'TAddSub' <Latency = 0> <II = 1> <Delay = 1.93> <IPBlock> <Opcode : 'add' 'sub'> <InPorts = 3> <OutPorts = 1> <Sync> <CReg>
ST_4 : Operation 60 [1/1] (3.87ns) (root node of TernaryAdder)   --->   "%add_ln342_1 = add i15 %zext_ln341_2, %sub_ln342_1" [kernel.cpp:342]   --->   Operation 60 'add' 'add_ln342_1' <Predicate = (!icmp_ln340)> <Delay = 3.87> <Core = "TAddSub">   --->   Core 83 'TAddSub' <Latency = 0> <II = 1> <Delay = 1.93> <IPBlock> <Opcode : 'add' 'sub'> <InPorts = 3> <OutPorts = 1> <Sync> <CReg>
ST_4 : Operation 61 [2/2] (3.25ns)   --->   "%v208 = load float* %v203_addr, align 4" [kernel.cpp:341]   --->   Operation 61 'load' 'v208' <Predicate = (!icmp_ln340)> <Delay = 3.25> <Core = "RAM">   --->   Core 37 'RAM' <Latency = 1> <II = 1> <Delay = 3.25> <Storage> <Opcode : 'load' 'store'> <Ports = 2> <Width = 32> <Depth = 9216> <RAM>
ST_4 : Operation 62 [1/1] (0.00ns)   --->   "%empty_41 = call i32 (...)* @_ssdm_op_SpecRegionEnd([11 x i8]* @p_str28, i32 %tmp_1)" [kernel.cpp:344]   --->   Operation 62 'specregionend' 'empty_41' <Predicate = (icmp_ln340)> <Delay = 0.00>
ST_4 : Operation 63 [1/1] (0.00ns)   --->   "br label %2" [kernel.cpp:339]   --->   Operation 63 'br' <Predicate = (icmp_ln340)> <Delay = 0.00>

State 5 <SV = 4> <Delay = 6.50>
ST_5 : Operation 64 [1/1] (0.00ns)   --->   "call void (...)* @_ssdm_op_SpecLoopName([11 x i8]* @p_str29) nounwind" [kernel.cpp:340]   --->   Operation 64 'specloopname' <Predicate = true> <Delay = 0.00>
ST_5 : Operation 65 [1/1] (0.00ns)   --->   "%zext_ln342_2 = zext i15 %add_ln342_1 to i64" [kernel.cpp:342]   --->   Operation 65 'zext' 'zext_ln342_2' <Predicate = true> <Delay = 0.00>
ST_5 : Operation 66 [1/1] (0.00ns)   --->   "%v204_addr = getelementptr [9216 x float]* %v204, i64 0, i64 %zext_ln342_2" [kernel.cpp:342]   --->   Operation 66 'getelementptr' 'v204_addr' <Predicate = true> <Delay = 0.00>
ST_5 : Operation 67 [1/2] (3.25ns)   --->   "%v208 = load float* %v203_addr, align 4" [kernel.cpp:341]   --->   Operation 67 'load' 'v208' <Predicate = true> <Delay = 3.25> <Core = "RAM">   --->   Core 37 'RAM' <Latency = 1> <II = 1> <Delay = 3.25> <Storage> <Opcode : 'load' 'store'> <Ports = 2> <Width = 32> <Depth = 9216> <RAM>
ST_5 : Operation 68 [1/1] (3.25ns)   --->   "store float %v208, float* %v204_addr, align 4" [kernel.cpp:342]   --->   Operation 68 'store' <Predicate = true> <Delay = 3.25> <Core = "RAM">   --->   Core 37 'RAM' <Latency = 1> <II = 1> <Delay = 3.25> <Storage> <Opcode : 'load' 'store'> <Ports = 2> <Width = 32> <Depth = 9216> <RAM>
ST_5 : Operation 69 [1/1] (0.00ns)   --->   "br label %3" [kernel.cpp:340]   --->   Operation 69 'br' <Predicate = true> <Delay = 0.00>


============================================================
+ Verbose Summary: Timing violations
============================================================
Target clock period: 10ns, clock uncertainty: 1.25ns.

 <State 1>: 1.77ns
The critical path consists of the following:
	multiplexor before 'phi' operation ('h3') with incoming values : ('h3', kernel.cpp:338) [5]  (1.77 ns)

 <State 2>: 1.92ns
The critical path consists of the following:
	'phi' operation ('h3') with incoming values : ('h3', kernel.cpp:338) [5]  (0 ns)
	'sub' operation ('sub_ln341', kernel.cpp:341) [17]  (1.92 ns)

 <State 3>: 3.77ns
The critical path consists of the following:
	'phi' operation ('s3') with incoming values : ('s3', kernel.cpp:339) [27]  (0 ns)
	'add' operation ('add_ln341', kernel.cpp:341) [37]  (1.82 ns)
	'sub' operation ('sub_ln341_1', kernel.cpp:341) [41]  (1.94 ns)

 <State 4>: 5.55ns
The critical path consists of the following:
	'phi' operation ('d3') with incoming values : ('d3', kernel.cpp:340) [44]  (0 ns)
	'add' operation ('add_ln342', kernel.cpp:342) [56]  (1.68 ns)
	'sub' operation ('sub_ln342_1', kernel.cpp:342) [60]  (0 ns)
	'add' operation ('add_ln342_1', kernel.cpp:342) [61]  (3.87 ns)

 <State 5>: 6.51ns
The critical path consists of the following:
	'load' operation ('v208', kernel.cpp:341) on array 'v203' [64]  (3.25 ns)
	'store' operation ('store_ln342', kernel.cpp:342) of variable 'v208', kernel.cpp:341 on array 'v204' [65]  (3.25 ns)


============================================================
+ Verbose Summary: Binding
============================================================
N/A
* FSMD analyzer results:
  - Output states:
 - Input state : 
  - Chain level:
	State 1
	State 2
	State 3
	State 4
	State 5


============================================================
+ Verbose Summary: Datapath Resource usage 
============================================================
N/A
