

================================================================
== Vivado HLS Report for 'attention'
================================================================
* Date:           Thu Dec  5 02:39:39 2024

* Version:        2019.2 (Build 2704478 on Wed Nov 06 22:10:23 MST 2019)
* Project:        out.prj
* Solution:       solution1
* Product family: zynq
* Target device:  xc7z020-clg484-1


================================================================
== Performance Estimates
================================================================
+ Timing: 
    * Summary: 
    +--------+----------+----------+------------+
    |  Clock |  Target  | Estimated| Uncertainty|
    +--------+----------+----------+------------+
    |ap_clk  | 10.00 ns | 9.386 ns |   1.25 ns  |
    +--------+----------+----------+------------+

+ Latency: 
    * Summary: 
    +---------+---------+-----------+-----------+---------+---------+---------+
    |  Latency (cycles) |   Latency (absolute)  |      Interval     | Pipeline|
    |   min   |   max   |    min    |    max    |   min   |   max   |   Type  |
    +---------+---------+-----------+-----------+---------+---------+---------+
    |  1371080|  1371080| 13.711 ms | 13.711 ms |  1371080|  1371080|   none  |
    +---------+---------+-----------+-----------+---------+---------+---------+

    + Detail: 
        * Instance: 
        +----------------------------------+----------------------+---------+---------+-----------+-----------+--------+--------+---------+
        |                                  |                      |  Latency (cycles) |   Latency (absolute)  |     Interval    | Pipeline|
        |             Instance             |        Module        |   min   |   max   |    min    |    max    |   min  |   max  |   Type  |
        +----------------------------------+----------------------+---------+---------+-----------+-----------+--------+--------+---------+
        |grp_linear_forward_no_mu_fu_844   |linear_forward_no_mu  |   295024|   295024|  2.950 ms |  2.950 ms |  295024|  295024|   none  |
        |grp_linear_forward_no_mu_fu_873   |linear_forward_no_mu  |   295024|   295024|  2.950 ms |  2.950 ms |  295024|  295024|   none  |
        |grp_softmax_fu_911                |softmax               |     5954|     5954| 59.540 us | 59.540 us |    5954|    5954|   none  |
        |grp_rms_norm_fu_931               |rms_norm              |    33854|    33854|  0.339 ms |  0.339 ms |   33854|   33854|   none  |
        |grp_apply_rotary_pos_emb_fu_955   |apply_rotary_pos_emb  |    23173|    23173|  0.232 ms |  0.232 ms |   23173|   23173|   none  |
        |grp_quantize_activation_fu_969    |quantize_activation   |    33043|    33043|  0.330 ms |  0.330 ms |   33043|   33043|   none  |
        |grp_GEMM_3D_float_fu_977          |GEMM_3D_float         |   120033|   120033|  1.200 ms |  1.200 ms |  120033|  120033|   none  |
        |grp_GEMM_3D_float2_fu_985         |GEMM_3D_float2        |   122913|   122913|  1.229 ms |  1.229 ms |  122913|  122913|   none  |
        |grp_cache_update_fu_992           |cache_update          |    18657|    18657|  0.187 ms |  0.187 ms |   18657|   18657|   none  |
        |grp_transpose_last_two_d_fu_1002  |transpose_last_two_d  |    18657|    18657|  0.187 ms |  0.187 ms |   18657|   18657|   none  |
        |grp_reshape_2D_to_3D_fu_1009      |reshape_2D_to_3D      |     3105|     3105| 31.050 us | 31.050 us |    3105|    3105|   none  |
        |grp_reshape_2D_to_3D_fu_1017      |reshape_2D_to_3D      |     3105|     3105| 31.050 us | 31.050 us |    3105|    3105|   none  |
        +----------------------------------+----------------------+---------+---------+-----------+-----------+--------+--------+---------+

        * Loop: 
        +-----------------+---------+---------+----------+-----------+-----------+------+----------+
        |                 |  Latency (cycles) | Iteration|  Initiation Interval  | Trip |          |
        |    Loop Name    |   min   |   max   |  Latency |  achieved |   target  | Count| Pipelined|
        +-----------------+---------+---------+----------+-----------+-----------+------+----------+
        |- Loop 1         |     1536|     1536|         1|          -|          -|  1536|    no    |
        |- Loop 2         |     1536|     1536|         1|          -|          -|  1536|    no    |
        |- Loop 3         |     1536|     1536|         1|          -|          -|  1536|    no    |
        |- Loop 4         |     1536|     1536|         1|          -|          -|  1536|    no    |
        |- Loop 5         |     1568|     1568|        98|          -|          -|    16|    no    |
        | + Loop 5.1      |       96|       96|         1|          -|          -|    96|    no    |
        |- Loop 6         |     1568|     1568|        98|          -|          -|    16|    no    |
        | + Loop 6.1      |       96|       96|         1|          -|          -|    96|    no    |
        |- Loop 7         |     9440|     9440|       590|          -|          -|    16|    no    |
        | + Loop 7.1      |      588|      588|        98|          -|          -|     6|    no    |
        |  ++ Loop 7.1.1  |       96|       96|         1|          -|          -|    96|    no    |
        |- Loop 8         |     9440|     9440|       590|          -|          -|    16|    no    |
        | + Loop 8.1      |      588|      588|        98|          -|          -|     6|    no    |
        |  ++ Loop 8.1.1  |       96|       96|         1|          -|          -|    96|    no    |
        |- Loop 9         |      128|      128|         8|          -|          -|    16|    no    |
        | + Loop 9.1      |        6|        6|         1|          -|          -|     6|    no    |
        |- l_S_i_2_i12    |     1856|     1856|       116|          -|          -|    16|    no    |
        | + l_S_k_2_k10   |      114|      114|        19|          -|          -|     6|    no    |
        |- l_S_h_5_h6     |      128|      128|         8|          -|          -|    16|    no    |
        |- Loop 12        |      128|      128|         8|          -|          -|    16|    no    |
        | + Loop 12.1     |        6|        6|         1|          -|          -|     6|    no    |
        |- Loop 13        |     1568|     1568|        98|          -|          -|    16|    no    |
        | + Loop 13.1     |       96|       96|         1|          -|          -|    96|    no    |
        |- Loop 14        |     1536|     1536|         1|          -|          -|  1536|    no    |
        |- l_S_h_8_h7     |     3104|     3104|       194|          -|          -|    16|    no    |
        | + l_S_d_8_d4    |      192|      192|         2|          -|          -|    96|    no    |
        |- Loop 16        |     1536|     1536|         1|          -|          -|  1536|    no    |
        |- Loop 17        |     1536|     1536|         1|          -|          -|  1536|    no    |
        +-----------------+---------+---------+----------+-----------+-----------+------+----------+



================================================================
== Utilization Estimates
================================================================
* Summary: 
+-----------------+---------+-------+--------+-------+-----+
|       Name      | BRAM_18K| DSP48E|   FF   |  LUT  | URAM|
+-----------------+---------+-------+--------+-------+-----+
|DSP              |        -|      -|       -|      -|    -|
|Expression       |        -|      -|       0|   5048|    -|
|FIFO             |        -|      -|       -|      -|    -|
|Instance         |       34|     88|   38063|  45072|    0|
|Memory           |      164|      -|       0|      0|    0|
|Multiplexer      |        -|      -|       -|   2552|    -|
|Register         |        -|      -|    1494|      -|    -|
+-----------------+---------+-------+--------+-------+-----+
|Total            |      198|     88|   39557|  52672|    0|
+-----------------+---------+-------+--------+-------+-----+
|Available        |      280|    220|  106400|  53200|    0|
+-----------------+---------+-------+--------+-------+-----+
|Utilization (%)  |       70|     40|      37|     99|    0|
+-----------------+---------+-------+--------+-------+-----+

+ Detail: 
    * Instance: 
    +----------------------------------+----------------------+---------+-------+-------+-------+-----+
    |             Instance             |        Module        | BRAM_18K| DSP48E|   FF  |  LUT  | URAM|
    +----------------------------------+----------------------+---------+-------+-------+-------+-----+
    |grp_GEMM_3D_float_fu_977          |GEMM_3D_float         |        0|      5|    609|    992|    0|
    |grp_GEMM_3D_float2_fu_985         |GEMM_3D_float2        |        0|      5|    613|    979|    0|
    |grp_apply_rotary_pos_emb_fu_955   |apply_rotary_pos_emb  |        8|     16|   1852|   3067|    0|
    |attention_fadd_32pcA_U95          |attention_fadd_32pcA  |        0|      2|    205|    390|    0|
    |attention_fdiv_32rcU_U96          |attention_fdiv_32rcU  |        0|      0|    761|    994|    0|
    |attention_fpext_3Zio_U97          |attention_fpext_3Zio  |        0|      0|    100|    138|    0|
    |attention_fpext_3Zio_U98          |attention_fpext_3Zio  |        0|      0|    100|    138|    0|
    |grp_cache_update_fu_992           |cache_update          |        0|      0|    133|    426|    0|
    |grp_linear_forward_no_mu_fu_844   |linear_forward_no_mu  |        0|      9|  10589|  10361|    0|
    |grp_linear_forward_no_mu_fu_873   |linear_forward_no_mu  |        0|      9|  10589|  10361|    0|
    |grp_quantize_activation_fu_969    |quantize_activation   |        0|      5|   1530|   3178|    0|
    |grp_reshape_2D_to_3D_fu_1009      |reshape_2D_to_3D      |        0|      0|     54|    145|    0|
    |grp_reshape_2D_to_3D_fu_1017      |reshape_2D_to_3D      |        0|      0|     54|    145|    0|
    |grp_rms_norm_fu_931               |rms_norm              |       13|     20|   5404|   6668|    0|
    |grp_softmax_fu_911                |softmax               |       13|     17|   5389|   6820|    0|
    |grp_transpose_last_two_d_fu_1002  |transpose_last_two_d  |        0|      0|     81|    270|    0|
    +----------------------------------+----------------------+---------+-------+-------+-------+-----+
    |Total                             |                      |       34|     88|  38063|  45072|    0|
    +----------------------------------+----------------------+---------+-------+-------+-------+-----+

    * DSP48E: 
    N/A

    * Memory: 
    +--------------------------+----------------------+---------+---+----+-----+------+-----+------+-------------+
    |          Memory          |        Module        | BRAM_18K| FF| LUT| URAM| Words| Bits| Banks| W*Bits*Banks|
    +--------------------------+----------------------+---------+---+----+-----+------+-----+------+-------------+
    |attn_weights_0_U          |attention_attn_weUhA  |        1|  0|   0|    0|    96|   32|     1|         3072|
    |softmax_attn_weights_U    |attention_attn_weUhA  |        1|  0|   0|    0|    96|   32|     1|         3072|
    |k_proj_transposed_U       |attention_k_proj_Hfu  |       32|  0|   0|    0|  9216|   32|     1|       294912|
    |q_proj_0_U                |attention_q_proj_0    |        4|  0|   0|    0|  1536|   32|     1|        49152|
    |k_proj_0_U                |attention_q_proj_0    |        4|  0|   0|    0|  1536|   32|     1|        49152|
    |quantized_hidden_sta_8_U  |attention_quantizyd2  |        1|  0|   0|    0|  1536|    8|     1|        12288|
    |quantized_final_outp_8_U  |attention_quantizyd2  |        1|  0|   0|    0|  1536|    8|     1|        12288|
    |quantized_hidden_sta_7_U  |attention_quantizzec  |        1|  0|   0|    0|   192|    8|     1|         1536|
    |quantized_hidden_sta_6_U  |attention_quantizzec  |        1|  0|   0|    0|   192|    8|     1|         1536|
    |quantized_hidden_sta_5_U  |attention_quantizzec  |        1|  0|   0|    0|   192|    8|     1|         1536|
    |quantized_hidden_sta_4_U  |attention_quantizzec  |        1|  0|   0|    0|   192|    8|     1|         1536|
    |quantized_hidden_sta_3_U  |attention_quantizzec  |        1|  0|   0|    0|   192|    8|     1|         1536|
    |quantized_hidden_sta_2_U  |attention_quantizzec  |        1|  0|   0|    0|   192|    8|     1|         1536|
    |quantized_hidden_sta_1_U  |attention_quantizzec  |        1|  0|   0|    0|   192|    8|     1|         1536|
    |quantized_hidden_sta_U    |attention_quantizzec  |        1|  0|   0|    0|   192|    8|     1|         1536|
    |quantized_final_outp_7_U  |attention_quantizzec  |        1|  0|   0|    0|   192|    8|     1|         1536|
    |quantized_final_outp_6_U  |attention_quantizzec  |        1|  0|   0|    0|   192|    8|     1|         1536|
    |quantized_final_outp_5_U  |attention_quantizzec  |        1|  0|   0|    0|   192|    8|     1|         1536|
    |quantized_final_outp_4_U  |attention_quantizzec  |        1|  0|   0|    0|   192|    8|     1|         1536|
    |quantized_final_outp_3_U  |attention_quantizzec  |        1|  0|   0|    0|   192|    8|     1|         1536|
    |quantized_final_outp_2_U  |attention_quantizzec  |        1|  0|   0|    0|   192|    8|     1|         1536|
    |quantized_final_outp_1_U  |attention_quantizzec  |        1|  0|   0|    0|   192|    8|     1|         1536|
    |quantized_final_outp_U    |attention_quantizzec  |        1|  0|   0|    0|   192|    8|     1|         1536|
    |rms_hidden_states_0_U     |attention_rms_hidRg6  |        4|  0|   0|    0|  1536|   32|     1|        49152|
    |q_proj_re_U               |attention_rms_hidRg6  |        4|  0|   0|    0|  1536|   32|     1|        49152|
    |k_proj_re_U               |attention_rms_hidRg6  |        4|  0|   0|    0|  1536|   32|     1|        49152|
    |v_proj_re_U               |attention_rms_hidRg6  |        4|  0|   0|    0|  1536|   32|     1|        49152|
    |q_embed_0_U               |attention_rms_hidRg6  |        4|  0|   0|    0|  1536|   32|     1|        49152|
    |k_embed_0_U               |attention_rms_hidRg6  |        4|  0|   0|    0|  1536|   32|     1|        49152|
    |attn_output_0_U           |attention_rms_hidRg6  |        4|  0|   0|    0|  1536|   32|     1|        49152|
    |attn_output_2D_U          |attention_rms_hidRg6  |        4|  0|   0|    0|  1536|   32|     1|        49152|
    |rms_attn_output_0_U       |attention_rms_hidRg6  |        4|  0|   0|    0|  1536|   32|     1|        49152|
    |updated_k_cache_U         |attention_updatedShg  |       32|  0|   0|    0|  9216|   32|     1|       294912|
    |updated_v_cache_U         |attention_updatedShg  |       32|  0|   0|    0|  9216|   32|     1|       294912|
    |v_proj_0_U                |attention_v_proj_0    |        4|  0|   0|    0|  1536|   32|     1|        49152|
    +--------------------------+----------------------+---------+---+----+-----+------+-----+------+-------------+
    |Total                     |                      |      164|  0|   0|    0| 52416|  688|    35|      1529856|
    +--------------------------+----------------------+---------+---+----+-----+------+-----+------+-------------+

    * FIFO: 
    N/A

    * Expression: 
    +----------------------------------+----------+-------+---+-----+------------+------------+
    |           Variable Name          | Operation| DSP48E| FF| LUT | Bitwidth P0| Bitwidth P1|
    +----------------------------------+----------+-------+---+-----+------------+------------+
    |add_ln479_fu_1058_p2              |     +    |      0|  0|   13|          11|           1|
    |add_ln500_fu_1075_p2              |     +    |      0|  0|   13|          11|           1|
    |add_ln506_fu_1092_p2              |     +    |      0|  0|   13|          11|           1|
    |add_ln512_fu_1109_p2              |     +    |      0|  0|   13|          11|           1|
    |add_ln581_1_fu_1732_p2            |     +    |      0|  0|   12|           6|          12|
    |add_ln581_2_fu_1850_p2            |     +    |      0|  0|   12|           6|          12|
    |add_ln581_3_fu_2286_p2            |     +    |      0|  0|   12|           6|          12|
    |add_ln581_4_fu_1198_p2            |     +    |      0|  0|   12|           6|          12|
    |add_ln581_5_fu_3373_p2            |     +    |      0|  0|   12|           6|          12|
    |add_ln581_fu_1316_p2              |     +    |      0|  0|   12|           6|          12|
    |add_ln592_fu_2529_p2              |     +    |      0|  0|   15|           7|           1|
    |add_ln593_fu_2539_p2              |     +    |      0|  0|   12|          12|          12|
    |add_ln600_fu_2593_p2              |     +    |      0|  0|   15|           7|           1|
    |add_ln601_fu_2603_p2              |     +    |      0|  0|   12|          12|          12|
    |add_ln610_1_fu_2722_p2            |     +    |      0|  0|   21|          15|          15|
    |add_ln610_fu_2675_p2              |     +    |      0|  0|   14|          10|          10|
    |add_ln618_1_fu_2841_p2            |     +    |      0|  0|   21|          15|          15|
    |add_ln618_fu_2794_p2              |     +    |      0|  0|   14|          10|          10|
    |add_ln636_fu_2895_p2              |     +    |      0|  0|   12|           3|           1|
    |add_ln637_fu_2905_p2              |     +    |      0|  0|   15|           8|           8|
    |add_ln646_fu_2959_p2              |     +    |      0|  0|   12|           3|           1|
    |add_ln647_fu_2969_p2              |     +    |      0|  0|   15|           8|           8|
    |add_ln674_fu_3066_p2              |     +    |      0|  0|   12|           3|           1|
    |add_ln675_fu_3076_p2              |     +    |      0|  0|   15|           8|           8|
    |add_ln683_fu_3130_p2              |     +    |      0|  0|   15|           7|           1|
    |add_ln684_fu_3140_p2              |     +    |      0|  0|   12|          12|          12|
    |add_ln691_fu_3156_p2              |     +    |      0|  0|   13|          11|           1|
    |add_ln696_fu_3173_p2              |     +    |      0|  0|   15|           5|           1|
    |add_ln697_fu_3249_p2              |     +    |      0|  0|   15|           7|           1|
    |add_ln698_fu_3255_p2              |     +    |      0|  0|   12|          12|          12|
    |add_ln699_fu_3265_p2              |     +    |      0|  0|   12|          12|          12|
    |add_ln705_fu_3284_p2              |     +    |      0|  0|   13|          11|           1|
    |add_ln753_fu_3579_p2              |     +    |      0|  0|   13|          11|           1|
    |h6_fu_2985_p2                     |     +    |      0|  0|   15|           5|           1|
    |i12_fu_2921_p2                    |     +    |      0|  0|   15|           5|           1|
    |v338_fu_2491_p2                   |     +    |      0|  0|   15|           5|           1|
    |v342_fu_2555_p2                   |     +    |      0|  0|   15|           5|           1|
    |v346_fu_2619_p2                   |     +    |      0|  0|   15|           5|           1|
    |v347_fu_2665_p2                   |     +    |      0|  0|   12|           3|           1|
    |v348_fu_2712_p2                   |     +    |      0|  0|   15|           7|           1|
    |v350_fu_2738_p2                   |     +    |      0|  0|   15|           5|           1|
    |v351_fu_2784_p2                   |     +    |      0|  0|   12|           3|           1|
    |v352_fu_2831_p2                   |     +    |      0|  0|   15|           7|           1|
    |v358_fu_2857_p2                   |     +    |      0|  0|   15|           5|           1|
    |v378_fu_3028_p2                   |     +    |      0|  0|   15|           5|           1|
    |v382_fu_3092_p2                   |     +    |      0|  0|   15|           5|           1|
    |F2_1_fu_1720_p2                   |     -    |      0|  0|   12|          11|          12|
    |F2_2_fu_1838_p2                   |     -    |      0|  0|   12|          11|          12|
    |F2_3_fu_2274_p2                   |     -    |      0|  0|   12|          11|          12|
    |F2_fu_1304_p2                     |     -    |      0|  0|   12|          11|          12|
    |man_V_10_fu_2254_p2               |     -    |      0|  0|   61|           1|          54|
    |man_V_1_fu_1284_p2                |     -    |      0|  0|   61|           1|          54|
    |man_V_4_fu_1700_p2                |     -    |      0|  0|   61|           1|          54|
    |man_V_7_fu_1818_p2                |     -    |      0|  0|   61|           1|          54|
    |sub_ln461_1_fu_3341_p2            |     -    |      0|  0|   61|           1|          54|
    |sub_ln461_fu_1166_p2              |     -    |      0|  0|   61|           1|          54|
    |sub_ln575_1_fu_3361_p2            |     -    |      0|  0|   12|          11|          12|
    |sub_ln575_fu_1186_p2              |     -    |      0|  0|   12|          11|          12|
    |sub_ln581_1_fu_1738_p2            |     -    |      0|  0|   12|           5|          12|
    |sub_ln581_2_fu_1856_p2            |     -    |      0|  0|   12|           5|          12|
    |sub_ln581_3_fu_2292_p2            |     -    |      0|  0|   12|           5|          12|
    |sub_ln581_4_fu_1204_p2            |     -    |      0|  0|   12|           5|          12|
    |sub_ln581_5_fu_3379_p2            |     -    |      0|  0|   12|           5|          12|
    |sub_ln581_fu_1322_p2              |     -    |      0|  0|   12|           5|          12|
    |sub_ln593_fu_2517_p2              |     -    |      0|  0|   12|          12|          12|
    |sub_ln601_fu_2581_p2              |     -    |      0|  0|   12|          12|          12|
    |sub_ln610_1_fu_2700_p2            |     -    |      0|  0|   21|          15|          15|
    |sub_ln610_fu_2649_p2              |     -    |      0|  0|   15|           9|           9|
    |sub_ln618_1_fu_2819_p2            |     -    |      0|  0|   21|          15|          15|
    |sub_ln618_fu_2768_p2              |     -    |      0|  0|   15|           9|           9|
    |sub_ln637_fu_2883_p2              |     -    |      0|  0|   15|           8|           8|
    |sub_ln647_fu_2947_p2              |     -    |      0|  0|   15|           8|           8|
    |sub_ln665_fu_3011_p2              |     -    |      0|  0|   15|           8|           8|
    |sub_ln675_fu_3054_p2              |     -    |      0|  0|   15|           8|           8|
    |sub_ln684_fu_3118_p2              |     -    |      0|  0|   12|          12|          12|
    |sub_ln698_fu_3199_p2              |     -    |      0|  0|   12|          12|          12|
    |sub_ln699_fu_3233_p2              |     -    |      0|  0|   12|          12|          12|
    |and_ln581_1_fu_1960_p2            |    and   |      0|  0|    2|           1|           1|
    |and_ln581_2_fu_2119_p2            |    and   |      0|  0|    2|           1|           1|
    |and_ln581_3_fu_2396_p2            |    and   |      0|  0|    2|           1|           1|
    |and_ln581_4_fu_1429_p2            |    and   |      0|  0|    2|           1|           1|
    |and_ln581_5_fu_3484_p2            |    and   |      0|  0|    2|           1|           1|
    |and_ln581_fu_1555_p2              |    and   |      0|  0|    2|           1|           1|
    |and_ln582_1_fu_1945_p2            |    and   |      0|  0|    2|           1|           1|
    |and_ln582_2_fu_2104_p2            |    and   |      0|  0|    2|           1|           1|
    |and_ln582_3_fu_2381_p2            |    and   |      0|  0|    2|           1|           1|
    |and_ln582_4_fu_1407_p2            |    and   |      0|  0|    2|           1|           1|
    |and_ln582_5_fu_3469_p2            |    and   |      0|  0|    2|           1|           1|
    |and_ln582_fu_1540_p2              |    and   |      0|  0|    2|           1|           1|
    |and_ln585_10_fu_3495_p2           |    and   |      0|  0|    2|           1|           1|
    |and_ln585_11_fu_3501_p2           |    and   |      0|  0|    2|           1|           1|
    |and_ln585_1_fu_1572_p2            |    and   |      0|  0|    2|           1|           1|
    |and_ln585_2_fu_1971_p2            |    and   |      0|  0|    2|           1|           1|
    |and_ln585_3_fu_1977_p2            |    and   |      0|  0|    2|           1|           1|
    |and_ln585_4_fu_2130_p2            |    and   |      0|  0|    2|           1|           1|
    |and_ln585_5_fu_2136_p2            |    and   |      0|  0|    2|           1|           1|
    |and_ln585_6_fu_2407_p2            |    and   |      0|  0|    2|           1|           1|
    |and_ln585_7_fu_2413_p2            |    and   |      0|  0|    2|           1|           1|
    |and_ln585_8_fu_1440_p2            |    and   |      0|  0|    2|           1|           1|
    |and_ln585_9_fu_1454_p2            |    and   |      0|  0|    2|           1|           1|
    |and_ln585_fu_1566_p2              |    and   |      0|  0|    2|           1|           1|
    |and_ln603_1_fu_1994_p2            |    and   |      0|  0|    2|           1|           1|
    |and_ln603_2_fu_2153_p2            |    and   |      0|  0|    2|           1|           1|
    |and_ln603_3_fu_2430_p2            |    and   |      0|  0|    2|           1|           1|
    |and_ln603_4_fu_1479_p2            |    and   |      0|  0|    2|           1|           1|
    |and_ln603_5_fu_3518_p2            |    and   |      0|  0|    2|           1|           1|
    |and_ln603_fu_1589_p2              |    and   |      0|  0|    2|           1|           1|
    |ashr_ln586_1_fu_1907_p2           |   ashr   |      0|  0|  162|          54|          54|
    |ashr_ln586_2_fu_2066_p2           |   ashr   |      0|  0|  162|          54|          54|
    |ashr_ln586_3_fu_2343_p2           |   ashr   |      0|  0|  162|          54|          54|
    |ashr_ln586_4_fu_1373_p2           |   ashr   |      0|  0|  162|          54|          54|
    |ashr_ln586_5_fu_3430_p2           |   ashr   |      0|  0|  162|          54|          54|
    |ashr_ln586_fu_1502_p2             |   ashr   |      0|  0|  162|          54|          54|
    |icmp_ln479_fu_1052_p2             |   icmp   |      0|  0|   13|          11|          11|
    |icmp_ln500_fu_1069_p2             |   icmp   |      0|  0|   13|          11|          11|
    |icmp_ln506_fu_1086_p2             |   icmp   |      0|  0|   13|          11|          11|
    |icmp_ln512_fu_1103_p2             |   icmp   |      0|  0|   13|          11|          11|
    |icmp_ln571_1_fu_1714_p2           |   icmp   |      0|  0|   29|          63|           1|
    |icmp_ln571_2_fu_1832_p2           |   icmp   |      0|  0|   29|          63|           1|
    |icmp_ln571_3_fu_2268_p2           |   icmp   |      0|  0|   29|          63|           1|
    |icmp_ln571_4_fu_1180_p2           |   icmp   |      0|  0|   29|          63|           1|
    |icmp_ln571_5_fu_3355_p2           |   icmp   |      0|  0|   29|          63|           1|
    |icmp_ln571_fu_1298_p2             |   icmp   |      0|  0|   29|          63|           1|
    |icmp_ln581_1_fu_1726_p2           |   icmp   |      0|  0|   13|          12|           5|
    |icmp_ln581_2_fu_1844_p2           |   icmp   |      0|  0|   13|          12|           5|
    |icmp_ln581_3_fu_2280_p2           |   icmp   |      0|  0|   13|          12|           5|
    |icmp_ln581_4_fu_1192_p2           |   icmp   |      0|  0|   13|          12|           5|
    |icmp_ln581_5_fu_3367_p2           |   icmp   |      0|  0|   13|          12|           5|
    |icmp_ln581_fu_1310_p2             |   icmp   |      0|  0|   13|          12|           5|
    |icmp_ln582_1_fu_1752_p2           |   icmp   |      0|  0|   13|          12|           5|
    |icmp_ln582_2_fu_1870_p2           |   icmp   |      0|  0|   13|          12|           5|
    |icmp_ln582_3_fu_2306_p2           |   icmp   |      0|  0|   13|          12|           5|
    |icmp_ln582_4_fu_1218_p2           |   icmp   |      0|  0|   13|          12|           5|
    |icmp_ln582_5_fu_3393_p2           |   icmp   |      0|  0|   13|          12|           5|
    |icmp_ln582_fu_1336_p2             |   icmp   |      0|  0|   13|          12|           5|
    |icmp_ln585_1_fu_1893_p2           |   icmp   |      0|  0|   13|          12|           6|
    |icmp_ln585_2_fu_2052_p2           |   icmp   |      0|  0|   13|          12|           6|
    |icmp_ln585_3_fu_2329_p2           |   icmp   |      0|  0|   13|          12|           6|
    |icmp_ln585_4_fu_1359_p2           |   icmp   |      0|  0|   13|          12|           6|
    |icmp_ln585_5_fu_3416_p2           |   icmp   |      0|  0|   13|          12|           6|
    |icmp_ln585_fu_1488_p2             |   icmp   |      0|  0|   13|          12|           6|
    |icmp_ln590_fu_2485_p2             |   icmp   |      0|  0|   11|           5|           6|
    |icmp_ln592_fu_2523_p2             |   icmp   |      0|  0|   11|           7|           7|
    |icmp_ln598_fu_2549_p2             |   icmp   |      0|  0|   11|           5|           6|
    |icmp_ln600_fu_2587_p2             |   icmp   |      0|  0|   11|           7|           7|
    |icmp_ln603_1_fu_1898_p2           |   icmp   |      0|  0|   11|           7|           1|
    |icmp_ln603_2_fu_2057_p2           |   icmp   |      0|  0|   11|           7|           1|
    |icmp_ln603_3_fu_2334_p2           |   icmp   |      0|  0|   11|           7|           1|
    |icmp_ln603_4_fu_1364_p2           |   icmp   |      0|  0|   11|           7|           1|
    |icmp_ln603_5_fu_3421_p2           |   icmp   |      0|  0|   11|           7|           1|
    |icmp_ln603_fu_1493_p2             |   icmp   |      0|  0|   11|           7|           1|
    |icmp_ln607_fu_2613_p2             |   icmp   |      0|  0|   11|           5|           6|
    |icmp_ln608_fu_2659_p2             |   icmp   |      0|  0|    9|           3|           3|
    |icmp_ln609_fu_2706_p2             |   icmp   |      0|  0|   11|           7|           7|
    |icmp_ln615_fu_2732_p2             |   icmp   |      0|  0|   11|           5|           6|
    |icmp_ln616_fu_2778_p2             |   icmp   |      0|  0|    9|           3|           3|
    |icmp_ln617_fu_2825_p2             |   icmp   |      0|  0|   11|           7|           7|
    |icmp_ln634_fu_2851_p2             |   icmp   |      0|  0|   11|           5|           6|
    |icmp_ln636_fu_2889_p2             |   icmp   |      0|  0|    9|           3|           3|
    |icmp_ln644_fu_2915_p2             |   icmp   |      0|  0|   11|           5|           6|
    |icmp_ln646_fu_2953_p2             |   icmp   |      0|  0|    9|           3|           3|
    |icmp_ln661_fu_2979_p2             |   icmp   |      0|  0|   11|           5|           6|
    |icmp_ln672_fu_3022_p2             |   icmp   |      0|  0|   11|           5|           6|
    |icmp_ln674_fu_3060_p2             |   icmp   |      0|  0|    9|           3|           3|
    |icmp_ln681_fu_3086_p2             |   icmp   |      0|  0|   11|           5|           6|
    |icmp_ln683_fu_3124_p2             |   icmp   |      0|  0|   11|           7|           7|
    |icmp_ln691_fu_3150_p2             |   icmp   |      0|  0|   13|          11|          11|
    |icmp_ln696_fu_3167_p2             |   icmp   |      0|  0|   11|           5|           6|
    |icmp_ln697_fu_3243_p2             |   icmp   |      0|  0|   11|           7|           7|
    |icmp_ln705_fu_3278_p2             |   icmp   |      0|  0|   13|          11|          11|
    |icmp_ln753_fu_3573_p2             |   icmp   |      0|  0|   13|          11|          11|
    |ap_block_state15_on_subcall_done  |    or    |      0|  0|    2|           1|           1|
    |ap_block_state17_on_subcall_done  |    or    |      0|  0|    2|           1|           1|
    |ap_block_state31_on_subcall_done  |    or    |      0|  0|    2|           1|           1|
    |or_ln581_1_fu_1983_p2             |    or    |      0|  0|    2|           1|           1|
    |or_ln581_2_fu_2142_p2             |    or    |      0|  0|    2|           1|           1|
    |or_ln581_3_fu_2419_p2             |    or    |      0|  0|    2|           1|           1|
    |or_ln581_4_fu_1468_p2             |    or    |      0|  0|    2|           1|           1|
    |or_ln581_5_fu_3507_p2             |    or    |      0|  0|    2|           1|           1|
    |or_ln581_fu_1578_p2               |    or    |      0|  0|    2|           1|           1|
    |or_ln582_1_fu_1950_p2             |    or    |      0|  0|    2|           1|           1|
    |or_ln582_2_fu_2109_p2             |    or    |      0|  0|    2|           1|           1|
    |or_ln582_3_fu_2386_p2             |    or    |      0|  0|    2|           1|           1|
    |or_ln582_4_fu_1419_p2             |    or    |      0|  0|    2|           1|           1|
    |or_ln582_5_fu_3474_p2             |    or    |      0|  0|    2|           1|           1|
    |or_ln582_fu_1545_p2               |    or    |      0|  0|    2|           1|           1|
    |or_ln603_10_fu_2457_p2            |    or    |      0|  0|    2|           1|           1|
    |or_ln603_11_fu_2471_p2            |    or    |      0|  0|    2|           1|           1|
    |or_ln603_12_fu_3532_p2            |    or    |      0|  0|    2|           1|           1|
    |or_ln603_13_fu_3545_p2            |    or    |      0|  0|    2|           1|           1|
    |or_ln603_14_fu_3559_p2            |    or    |      0|  0|    2|           1|           1|
    |or_ln603_1_fu_1616_p2             |    or    |      0|  0|    2|           1|           1|
    |or_ln603_2_fu_1630_p2             |    or    |      0|  0|    2|           1|           1|
    |or_ln603_3_fu_2008_p2             |    or    |      0|  0|    2|           1|           1|
    |or_ln603_4_fu_2021_p2             |    or    |      0|  0|    2|           1|           1|
    |or_ln603_5_fu_2035_p2             |    or    |      0|  0|    2|           1|           1|
    |or_ln603_6_fu_2167_p2             |    or    |      0|  0|    2|           1|           1|
    |or_ln603_7_fu_2180_p2             |    or    |      0|  0|    2|           1|           1|
    |or_ln603_8_fu_2194_p2             |    or    |      0|  0|    2|           1|           1|
    |or_ln603_9_fu_2444_p2             |    or    |      0|  0|    2|           1|           1|
    |or_ln603_fu_1603_p2               |    or    |      0|  0|    2|           1|           1|
    |final_scales_fixed_0_fu_3565_p3   |  select  |      0|  0|   32|           1|          32|
    |man_V_11_fu_2260_p3               |  select  |      0|  0|   54|           1|          54|
    |man_V_2_fu_1290_p3                |  select  |      0|  0|   54|           1|          54|
    |man_V_5_fu_1706_p3                |  select  |      0|  0|   54|           1|          54|
    |man_V_8_fu_1824_p3                |  select  |      0|  0|   54|           1|          54|
    |scales_fixed_0_V_fu_1648_p3       |  select  |      0|  0|   32|           1|          32|
    |select_ln570_1_fu_3347_p3         |  select  |      0|  0|   54|           1|          54|
    |select_ln570_fu_1172_p3           |  select  |      0|  0|   54|           1|          54|
    |select_ln581_1_fu_3385_p3         |  select  |      0|  0|   12|           1|          12|
    |select_ln581_fu_1210_p3           |  select  |      0|  0|   12|           1|          12|
    |select_ln582_fu_1412_p3           |  select  |      0|  0|   32|           1|          32|
    |select_ln585_1_fu_1460_p3         |  select  |      0|  0|   32|           1|          32|
    |select_ln585_fu_1446_p3           |  select  |      0|  0|   32|           1|          32|
    |select_ln588_1_fu_1927_p3         |  select  |      0|  0|    2|           1|           2|
    |select_ln588_2_fu_2086_p3         |  select  |      0|  0|    2|           1|           2|
    |select_ln588_3_fu_2363_p3         |  select  |      0|  0|    2|           1|           2|
    |select_ln588_4_fu_1394_p3         |  select  |      0|  0|    2|           1|           2|
    |select_ln588_5_fu_3451_p3         |  select  |      0|  0|    2|           1|           2|
    |select_ln588_fu_1522_p3           |  select  |      0|  0|    2|           1|           2|
    |select_ln603_10_fu_2186_p3        |  select  |      0|  0|   32|           1|          32|
    |select_ln603_12_fu_2436_p3        |  select  |      0|  0|   32|           1|          32|
    |select_ln603_13_fu_2450_p3        |  select  |      0|  0|   32|           1|          32|
    |select_ln603_14_fu_2463_p3        |  select  |      0|  0|   32|           1|          32|
    |select_ln603_17_fu_3524_p3        |  select  |      0|  0|   32|           1|          32|
    |select_ln603_18_fu_3538_p3        |  select  |      0|  0|   32|           1|          32|
    |select_ln603_19_fu_3551_p3        |  select  |      0|  0|   32|           1|          32|
    |select_ln603_1_fu_1609_p3         |  select  |      0|  0|   32|           1|          32|
    |select_ln603_2_fu_1622_p3         |  select  |      0|  0|   32|           1|          32|
    |select_ln603_4_fu_2000_p3         |  select  |      0|  0|   32|           1|          32|
    |select_ln603_5_fu_2014_p3         |  select  |      0|  0|   32|           1|          32|
    |select_ln603_6_fu_2027_p3         |  select  |      0|  0|   32|           1|          32|
    |select_ln603_8_fu_2159_p3         |  select  |      0|  0|   32|           1|          32|
    |select_ln603_9_fu_2173_p3         |  select  |      0|  0|   32|           1|          32|
    |select_ln603_fu_1595_p3           |  select  |      0|  0|   32|           1|          32|
    |sh_amt_1_fu_1744_p3               |  select  |      0|  0|   12|           1|          12|
    |sh_amt_2_fu_1862_p3               |  select  |      0|  0|   12|           1|          12|
    |sh_amt_3_fu_2298_p3               |  select  |      0|  0|   12|           1|          12|
    |sh_amt_fu_1328_p3                 |  select  |      0|  0|   12|           1|          12|
    |v300_V_fu_1636_p3                 |  select  |      0|  0|   32|           1|          32|
    |v302_V_fu_2041_p3                 |  select  |      0|  0|   32|           1|          32|
    |v304_V_fu_2200_p3                 |  select  |      0|  0|   32|           1|          32|
    |v306_V_fu_2477_p3                 |  select  |      0|  0|   32|           1|          32|
    |shl_ln604_1_fu_1935_p2            |    shl   |      0|  0|  101|          32|          32|
    |shl_ln604_2_fu_2094_p2            |    shl   |      0|  0|  101|          32|          32|
    |shl_ln604_3_fu_2371_p2            |    shl   |      0|  0|  101|          32|          32|
    |shl_ln604_4_fu_1644_p2            |    shl   |      0|  0|  101|          32|          32|
    |shl_ln604_5_fu_3459_p2            |    shl   |      0|  0|  101|          32|          32|
    |shl_ln604_fu_1530_p2              |    shl   |      0|  0|  101|          32|          32|
    |xor_ln571_1_fu_1940_p2            |    xor   |      0|  0|    2|           1|           2|
    |xor_ln571_2_fu_2099_p2            |    xor   |      0|  0|    2|           1|           2|
    |xor_ln571_3_fu_2376_p2            |    xor   |      0|  0|    2|           1|           2|
    |xor_ln571_4_fu_1402_p2            |    xor   |      0|  0|    2|           1|           2|
    |xor_ln571_5_fu_3464_p2            |    xor   |      0|  0|    2|           1|           2|
    |xor_ln571_fu_1535_p2              |    xor   |      0|  0|    2|           1|           2|
    |xor_ln581_1_fu_1988_p2            |    xor   |      0|  0|    2|           1|           2|
    |xor_ln581_2_fu_2147_p2            |    xor   |      0|  0|    2|           1|           2|
    |xor_ln581_3_fu_2424_p2            |    xor   |      0|  0|    2|           1|           2|
    |xor_ln581_4_fu_1473_p2            |    xor   |      0|  0|    2|           1|           2|
    |xor_ln581_5_fu_3512_p2            |    xor   |      0|  0|    2|           1|           2|
    |xor_ln581_fu_1583_p2              |    xor   |      0|  0|    2|           1|           2|
    |xor_ln582_1_fu_1954_p2            |    xor   |      0|  0|    2|           1|           2|
    |xor_ln582_2_fu_2113_p2            |    xor   |      0|  0|    2|           1|           2|
    |xor_ln582_3_fu_2390_p2            |    xor   |      0|  0|    2|           1|           2|
    |xor_ln582_4_fu_1423_p2            |    xor   |      0|  0|    2|           1|           2|
    |xor_ln582_5_fu_3478_p2            |    xor   |      0|  0|    2|           1|           2|
    |xor_ln582_fu_1549_p2              |    xor   |      0|  0|    2|           1|           2|
    |xor_ln585_1_fu_1965_p2            |    xor   |      0|  0|    2|           1|           2|
    |xor_ln585_2_fu_2124_p2            |    xor   |      0|  0|    2|           1|           2|
    |xor_ln585_3_fu_2401_p2            |    xor   |      0|  0|    2|           1|           2|
    |xor_ln585_4_fu_1434_p2            |    xor   |      0|  0|    2|           1|           2|
    |xor_ln585_5_fu_3489_p2            |    xor   |      0|  0|    2|           1|           2|
    |xor_ln585_fu_1560_p2              |    xor   |      0|  0|    2|           1|           2|
    +----------------------------------+----------+-------+---+-----+------------+------------+
    |Total                             |          |      0|  0| 5048|        2058|        2944|
    +----------------------------------+----------+-------+---+-----+------------+------------+

    * Multiplexer: 
    +----------------------------------------------+-----+-----------+-----+-----------+
    |                     Name                     | LUT | Input Size| Bits| Total Bits|
    +----------------------------------------------+-----+-----------+-----+-----------+
    |ap_NS_fsm                                     |  357|         81|    1|         81|
    |attn_output_0_address0                        |   21|          4|   11|         44|
    |attn_output_0_ce0                             |   15|          3|    1|          3|
    |attn_output_0_d0                              |   15|          3|   32|         96|
    |attn_output_0_we0                             |   15|          3|    1|          3|
    |attn_output_2D_address0                       |   21|          4|   11|         44|
    |attn_output_2D_ce0                            |   15|          3|    1|          3|
    |attn_output_2D_d0                             |   15|          3|   32|         96|
    |attn_weights_0_address0                       |   41|          8|    7|         56|
    |attn_weights_0_ce0                            |   21|          4|    1|          4|
    |attn_weights_0_d0                             |   27|          5|   32|        160|
    |attn_weights_0_we0                            |   15|          3|    1|          3|
    |d4_0_0_reg_811                                |    9|          2|    7|         14|
    |grp_cache_update_fu_992_v192_q0               |   15|          3|   32|         96|
    |grp_cache_update_fu_992_v193_0_q0             |   15|          3|   32|         96|
    |grp_fu_1034_p0                                |   33|          6|   32|        192|
    |grp_linear_forward_no_mu_fu_844_v78_0_0_0_q0  |   15|          3|    8|         24|
    |grp_linear_forward_no_mu_fu_844_v78_0_0_1_q0  |   15|          3|    8|         24|
    |grp_linear_forward_no_mu_fu_844_v78_0_0_2_q0  |   15|          3|    8|         24|
    |grp_linear_forward_no_mu_fu_844_v78_0_0_3_q0  |   15|          3|    8|         24|
    |grp_linear_forward_no_mu_fu_844_v78_1_0_0_q0  |   15|          3|    8|         24|
    |grp_linear_forward_no_mu_fu_844_v78_1_0_1_q0  |   15|          3|    8|         24|
    |grp_linear_forward_no_mu_fu_844_v78_1_0_2_q0  |   15|          3|    8|         24|
    |grp_linear_forward_no_mu_fu_844_v78_1_0_3_q0  |   15|          3|    8|         24|
    |grp_linear_forward_no_mu_fu_844_v79_0_V_read  |   15|          3|   32|         96|
    |grp_linear_forward_no_mu_fu_844_v80_0_q0      |   21|          4|    8|         32|
    |grp_linear_forward_no_mu_fu_844_v80_1_q0      |   21|          4|    8|         32|
    |grp_linear_forward_no_mu_fu_844_v81_V         |   21|          4|   32|        128|
    |grp_quantize_activation_fu_969_v22_0_q0       |   15|          3|   32|         96|
    |grp_reshape_2D_to_3D_fu_1009_v146_q0          |   15|          3|   32|         96|
    |grp_rms_norm_fu_931_v0_q0                     |   15|          3|   32|         96|
    |grp_rms_norm_fu_931_v1_q0                     |   15|          3|   32|         96|
    |h6_0_reg_734                                  |    9|          2|    5|         10|
    |h7_0_0_reg_800                                |    9|          2|    5|         10|
    |i12_0_reg_712                                 |    9|          2|    5|         10|
    |k10_0_0_reg_723                               |    9|          2|    3|          6|
    |k_embed_0_address0                            |   21|          4|   11|         44|
    |k_embed_0_ce0                                 |   21|          4|    1|          4|
    |k_embed_0_d0                                  |   15|          3|   32|         96|
    |k_embed_0_we0                                 |   15|          3|    1|          3|
    |k_proj_0_address0                             |   15|          3|   11|         33|
    |k_proj_0_ce0                                  |   15|          3|    1|          3|
    |k_proj_0_ce1                                  |    9|          2|    1|          2|
    |k_proj_0_we0                                  |    9|          2|    1|          2|
    |k_proj_re_address0                            |   21|          4|   11|         44|
    |k_proj_re_ce0                                 |   21|          4|    1|          4|
    |k_proj_re_d0                                  |   15|          3|   32|         96|
    |k_proj_re_we0                                 |   15|          3|    1|          3|
    |k_proj_transposed_address0                    |   15|          3|   14|         42|
    |k_proj_transposed_ce0                         |   15|          3|    1|          3|
    |k_proj_transposed_we0                         |    9|          2|    1|          2|
    |q_embed_0_address0                            |   21|          4|   11|         44|
    |q_embed_0_ce0                                 |   21|          4|    1|          4|
    |q_embed_0_d0                                  |   15|          3|   32|         96|
    |q_embed_0_we0                                 |   15|          3|    1|          3|
    |q_proj_0_address0                             |   15|          3|   11|         33|
    |q_proj_0_ce0                                  |   15|          3|    1|          3|
    |q_proj_0_ce1                                  |    9|          2|    1|          2|
    |q_proj_0_we0                                  |    9|          2|    1|          2|
    |q_proj_re_address0                            |   21|          4|   11|         44|
    |q_proj_re_ce0                                 |   21|          4|    1|          4|
    |q_proj_re_d0                                  |   15|          3|   32|         96|
    |q_proj_re_we0                                 |   15|          3|    1|          3|
    |quantized_final_outp_1_ce0                    |    9|          2|    1|          2|
    |quantized_final_outp_2_ce0                    |    9|          2|    1|          2|
    |quantized_final_outp_3_ce0                    |    9|          2|    1|          2|
    |quantized_final_outp_4_ce0                    |    9|          2|    1|          2|
    |quantized_final_outp_5_ce0                    |    9|          2|    1|          2|
    |quantized_final_outp_6_ce0                    |    9|          2|    1|          2|
    |quantized_final_outp_7_ce0                    |    9|          2|    1|          2|
    |quantized_final_outp_8_ce0                    |    9|          2|    1|          2|
    |quantized_final_outp_8_we0                    |    9|          2|    1|          2|
    |quantized_final_outp_ce0                      |    9|          2|    1|          2|
    |quantized_hidden_sta_1_address0               |   15|          3|    8|         24|
    |quantized_hidden_sta_1_ce0                    |   15|          3|    1|          3|
    |quantized_hidden_sta_2_address0               |   15|          3|    8|         24|
    |quantized_hidden_sta_2_ce0                    |   15|          3|    1|          3|
    |quantized_hidden_sta_3_address0               |   15|          3|    8|         24|
    |quantized_hidden_sta_3_ce0                    |   15|          3|    1|          3|
    |quantized_hidden_sta_4_address0               |   15|          3|    8|         24|
    |quantized_hidden_sta_4_ce0                    |   15|          3|    1|          3|
    |quantized_hidden_sta_5_address0               |   15|          3|    8|         24|
    |quantized_hidden_sta_5_ce0                    |   15|          3|    1|          3|
    |quantized_hidden_sta_6_address0               |   15|          3|    8|         24|
    |quantized_hidden_sta_6_ce0                    |   15|          3|    1|          3|
    |quantized_hidden_sta_7_address0               |   15|          3|    8|         24|
    |quantized_hidden_sta_7_ce0                    |   15|          3|    1|          3|
    |quantized_hidden_sta_8_ce0                    |    9|          2|    1|          2|
    |quantized_hidden_sta_8_we0                    |    9|          2|    1|          2|
    |quantized_hidden_sta_address0                 |   15|          3|    8|         24|
    |quantized_hidden_sta_ce0                      |   15|          3|    1|          3|
    |rms_attn_output_0_address0                    |   21|          4|   11|         44|
    |rms_attn_output_0_ce0                         |   21|          4|    1|          4|
    |rms_attn_output_0_d0                          |   15|          3|   32|         96|
    |rms_attn_output_0_we0                         |   15|          3|    1|          3|
    |rms_hidden_states_0_address0                  |   21|          4|   11|         44|
    |rms_hidden_states_0_ce0                       |   21|          4|    1|          4|
    |rms_hidden_states_0_d0                        |   15|          3|   32|         96|
    |rms_hidden_states_0_we0                       |   15|          3|    1|          3|
    |softmax_attn_weights_address0                 |   21|          4|    7|         28|
    |softmax_attn_weights_ce0                      |   21|          4|    1|          4|
    |softmax_attn_weights_d0                       |   15|          3|   32|         96|
    |softmax_attn_weights_we0                      |   15|          3|    1|          3|
    |updated_k_cache_address0                      |   21|          4|   14|         56|
    |updated_k_cache_ce0                           |   21|          4|    1|          4|
    |updated_k_cache_d0                            |   15|          3|   32|         96|
    |updated_k_cache_we0                           |   15|          3|    1|          3|
    |updated_v_cache_address0                      |   21|          4|   14|         56|
    |updated_v_cache_ce0                           |   21|          4|    1|          4|
    |updated_v_cache_d0                            |   15|          3|   32|         96|
    |updated_v_cache_we0                           |   15|          3|    1|          3|
    |v263_ce0                                      |    9|          2|    1|          2|
    |v264_0_ce0                                    |    9|          2|    1|          2|
    |v264_1_ce0                                    |    9|          2|    1|          2|
    |v266_0_ce0                                    |    9|          2|    1|          2|
    |v266_1_ce0                                    |    9|          2|    1|          2|
    |v270_0_ce0                                    |    9|          2|    1|          2|
    |v270_1_ce0                                    |    9|          2|    1|          2|
    |v274_ce0                                      |    9|          2|    1|          2|
    |v275_ce0                                      |    9|          2|    1|          2|
    |v276_ce0                                      |    9|          2|    1|          2|
    |v277_ce0                                      |    9|          2|    1|          2|
    |v279_address0                                 |   15|          3|   11|         33|
    |v279_ce0                                      |   15|          3|    1|          3|
    |v279_d0                                       |   15|          3|   32|         96|
    |v279_we0                                      |   15|          3|    1|          3|
    |v283_0_0_reg_536                              |    9|          2|   11|         22|
    |v293_0_0_reg_547                              |    9|          2|   11|         22|
    |v296_0_0_reg_558                              |    9|          2|   11|         22|
    |v299_0_0_reg_569                              |    9|          2|   11|         22|
    |v338_0_reg_580                                |    9|          2|    5|         10|
    |v340_0_0_reg_591                              |    9|          2|    7|         14|
    |v342_0_reg_602                                |    9|          2|    5|         10|
    |v344_0_0_reg_613                              |    9|          2|    7|         14|
    |v346_0_reg_624                                |    9|          2|    5|         10|
    |v347_0_reg_635                                |    9|          2|    3|          6|
    |v348_0_reg_646                                |    9|          2|    7|         14|
    |v350_0_reg_657                                |    9|          2|    5|         10|
    |v351_0_reg_668                                |    9|          2|    3|          6|
    |v352_0_reg_679                                |    9|          2|    7|         14|
    |v358_0_reg_690                                |    9|          2|    5|         10|
    |v360_0_0_reg_701                              |    9|          2|    3|          6|
    |v378_0_reg_745                                |    9|          2|    5|         10|
    |v380_0_0_reg_756                              |    9|          2|    3|          6|
    |v382_0_reg_767                                |    9|          2|    5|         10|
    |v384_0_0_reg_778                              |    9|          2|    7|         14|
    |v387_0_0_reg_789                              |    9|          2|   11|         22|
    |v394_0_0_reg_822                              |    9|          2|   11|         22|
    |v417_0_0_reg_833                              |    9|          2|   11|         22|
    |v_proj_0_address0                             |   15|          3|   11|         33|
    |v_proj_0_ce0                                  |   15|          3|    1|          3|
    |v_proj_0_we0                                  |    9|          2|    1|          2|
    |v_proj_re_address0                            |   21|          4|   11|         44|
    |v_proj_re_ce0                                 |   21|          4|    1|          4|
    |v_proj_re_d0                                  |   15|          3|   32|         96|
    |v_proj_re_we0                                 |   15|          3|    1|          3|
    +----------------------------------------------+-----+-----------+-----+-----------+
    |Total                                         | 2552|        525| 1332|       4249|
    +----------------------------------------------+-----+-----------+-----+-----------+

    * Register: 
    +-----------------------------------------------+----+----+-----+-----------+
    |                      Name                     | FF | LUT| Bits| Const Bits|
    +-----------------------------------------------+----+----+-----+-----------+
    |add_ln646_reg_4034                             |   3|   0|    3|          0|
    |add_ln696_reg_4120                             |   5|   0|    5|          0|
    |add_ln697_reg_4138                             |   7|   0|    7|          0|
    |add_ln699_reg_4148                             |  12|   0|   12|          0|
    |and_ln603_4_reg_3736                           |   1|   0|    1|          0|
    |ap_CS_fsm                                      |  80|   0|   80|          0|
    |attn_weights_0_addr_1_reg_4057                 |   6|   0|    7|          1|
    |attn_weights_0_addr_2_reg_4039                 |   7|   0|    7|          0|
    |d4_0_0_reg_811                                 |   7|   0|    7|          0|
    |final_scales_fixed_0_reg_4201                  |  32|   0|   32|          0|
    |grp_GEMM_3D_float2_fu_985_ap_start_reg         |   1|   0|    1|          0|
    |grp_GEMM_3D_float_fu_977_ap_start_reg          |   1|   0|    1|          0|
    |grp_apply_rotary_pos_emb_fu_955_ap_start_reg   |   1|   0|    1|          0|
    |grp_cache_update_fu_992_ap_start_reg           |   1|   0|    1|          0|
    |grp_linear_forward_no_mu_fu_844_ap_start_reg   |   1|   0|    1|          0|
    |grp_linear_forward_no_mu_fu_873_ap_start_reg   |   1|   0|    1|          0|
    |grp_quantize_activation_fu_969_ap_start_reg    |   1|   0|    1|          0|
    |grp_reshape_2D_to_3D_fu_1009_ap_start_reg      |   1|   0|    1|          0|
    |grp_reshape_2D_to_3D_fu_1017_ap_start_reg      |   1|   0|    1|          0|
    |grp_rms_norm_fu_931_ap_start_reg               |   1|   0|    1|          0|
    |grp_softmax_fu_911_ap_start_reg                |   1|   0|    1|          0|
    |grp_transpose_last_two_d_fu_1002_ap_start_reg  |   1|   0|    1|          0|
    |h6_0_reg_734                                   |   5|   0|    5|          0|
    |h6_reg_4052                                    |   5|   0|    5|          0|
    |h7_0_0_reg_800                                 |   5|   0|    5|          0|
    |i12_0_reg_712                                  |   5|   0|    5|          0|
    |i12_reg_4021                                   |   5|   0|    5|          0|
    |icmp_ln571_1_reg_3757                          |   1|   0|    1|          0|
    |icmp_ln571_2_reg_3797                          |   1|   0|    1|          0|
    |icmp_ln571_3_reg_3847                          |   1|   0|    1|          0|
    |icmp_ln571_4_reg_3651                          |   1|   0|    1|          0|
    |icmp_ln571_5_reg_4166                          |   1|   0|    1|          0|
    |icmp_ln571_reg_3691                            |   1|   0|    1|          0|
    |icmp_ln581_1_reg_3763                          |   1|   0|    1|          0|
    |icmp_ln581_2_reg_3803                          |   1|   0|    1|          0|
    |icmp_ln581_3_reg_3853                          |   1|   0|    1|          0|
    |icmp_ln581_4_reg_3657                          |   1|   0|    1|          0|
    |icmp_ln581_5_reg_4172                          |   1|   0|    1|          0|
    |icmp_ln581_reg_3697                            |   1|   0|    1|          0|
    |icmp_ln582_1_reg_3775                          |   1|   0|    1|          0|
    |icmp_ln582_2_reg_3815                          |   1|   0|    1|          0|
    |icmp_ln582_3_reg_3865                          |   1|   0|    1|          0|
    |icmp_ln582_4_reg_3669                          |   1|   0|    1|          0|
    |icmp_ln582_5_reg_4184                          |   1|   0|    1|          0|
    |icmp_ln582_reg_3709                            |   1|   0|    1|          0|
    |k10_0_0_reg_723                                |   3|   0|    3|          0|
    |man_V_11_reg_3842                              |  54|   0|   54|          0|
    |man_V_2_reg_3686                               |  54|   0|   54|          0|
    |man_V_5_reg_3752                               |  54|   0|   54|          0|
    |man_V_8_reg_3792                               |  54|   0|   54|          0|
    |reg_1041                                       |  32|   0|   32|          0|
    |reg_1046                                       |  32|   0|   32|          0|
    |scales_fixed_0_V_reg_3746                      |  32|   0|   32|          0|
    |select_ln570_1_reg_4161                        |  54|   0|   54|          0|
    |select_ln570_reg_3646                          |  54|   0|   54|          0|
    |select_ln581_1_reg_4178                        |  12|   0|   12|          0|
    |select_ln581_reg_3663                          |  12|   0|   12|          0|
    |select_ln585_1_reg_3731                        |  32|   0|   32|          0|
    |sext_ln581_4_reg_3726                          |  32|   0|   32|          0|
    |sext_ln610_reg_3937                            |   9|   0|   10|          1|
    |sext_ln618_reg_3971                            |   9|   0|   10|          1|
    |sh_amt_1_reg_3769                              |  12|   0|   12|          0|
    |sh_amt_2_reg_3809                              |  12|   0|   12|          0|
    |sh_amt_3_reg_3859                              |  12|   0|   12|          0|
    |sh_amt_reg_3703                                |  12|   0|   12|          0|
    |sub_ln593_reg_3895                             |   7|   0|   12|          5|
    |sub_ln601_reg_3916                             |   7|   0|   12|          5|
    |sub_ln610_1_reg_3950                           |  10|   0|   15|          5|
    |sub_ln618_1_reg_3984                           |  10|   0|   15|          5|
    |sub_ln637_reg_4005                             |   7|   0|    8|          1|
    |sub_ln647_reg_4026                             |   7|   0|    8|          1|
    |sub_ln675_reg_4075                             |   7|   0|    8|          1|
    |sub_ln684_reg_4096                             |   7|   0|   12|          5|
    |sub_ln698_reg_4125                             |   7|   0|   12|          5|
    |sub_ln699_reg_4130                             |   7|   0|   12|          5|
    |tmp_38_reg_3721                                |   7|   0|    7|          0|
    |tmp_41_reg_3787                                |   7|   0|    7|          0|
    |tmp_52_reg_3827                                |   7|   0|    7|          0|
    |tmp_57_reg_3877                                |   7|   0|    7|          0|
    |tmp_70_reg_3681                                |   7|   0|    7|          0|
    |tmp_73_reg_4196                                |   7|   0|    7|          0|
    |trunc_ln583_1_reg_3781                         |  32|   0|   32|          0|
    |trunc_ln583_2_reg_3821                         |  32|   0|   32|          0|
    |trunc_ln583_3_reg_3871                         |  32|   0|   32|          0|
    |trunc_ln583_4_reg_3675                         |  32|   0|   32|          0|
    |trunc_ln583_5_reg_4190                         |  32|   0|   32|          0|
    |trunc_ln583_reg_3715                           |  32|   0|   32|          0|
    |v283_0_0_reg_536                               |  11|   0|   11|          0|
    |v293_0_0_reg_547                               |  11|   0|   11|          0|
    |v296_0_0_reg_558                               |  11|   0|   11|          0|
    |v299_0_0_reg_569                               |  11|   0|   11|          0|
    |v2_reg_4062                                    |  32|   0|   32|          0|
    |v300_V_reg_3741                                |  32|   0|   32|          0|
    |v302_V_reg_3832                                |  32|   0|   32|          0|
    |v304_V_reg_3837                                |  32|   0|   32|          0|
    |v306_V_reg_3882                                |  32|   0|   32|          0|
    |v338_0_reg_580                                 |   5|   0|    5|          0|
    |v338_reg_3890                                  |   5|   0|    5|          0|
    |v340_0_0_reg_591                               |   7|   0|    7|          0|
    |v342_0_reg_602                                 |   5|   0|    5|          0|
    |v342_reg_3911                                  |   5|   0|    5|          0|
    |v344_0_0_reg_613                               |   7|   0|    7|          0|
    |v346_0_reg_624                                 |   5|   0|    5|          0|
    |v346_reg_3932                                  |   5|   0|    5|          0|
    |v347_0_reg_635                                 |   3|   0|    3|          0|
    |v347_reg_3945                                  |   3|   0|    3|          0|
    |v348_0_reg_646                                 |   7|   0|    7|          0|
    |v350_0_reg_657                                 |   5|   0|    5|          0|
    |v350_reg_3966                                  |   5|   0|    5|          0|
    |v351_0_reg_668                                 |   3|   0|    3|          0|
    |v351_reg_3979                                  |   3|   0|    3|          0|
    |v352_0_reg_679                                 |   7|   0|    7|          0|
    |v358_0_reg_690                                 |   5|   0|    5|          0|
    |v358_reg_4000                                  |   5|   0|    5|          0|
    |v360_0_0_reg_701                               |   3|   0|    3|          0|
    |v378_0_reg_745                                 |   5|   0|    5|          0|
    |v378_reg_4070                                  |   5|   0|    5|          0|
    |v380_0_0_reg_756                               |   3|   0|    3|          0|
    |v382_0_reg_767                                 |   5|   0|    5|          0|
    |v382_reg_4091                                  |   5|   0|    5|          0|
    |v384_0_0_reg_778                               |   7|   0|    7|          0|
    |v387_0_0_reg_789                               |  11|   0|   11|          0|
    |v394_0_0_reg_822                               |  11|   0|   11|          0|
    |v417_0_0_reg_833                               |  11|   0|   11|          0|
    |v_reg_4044                                     |  32|   0|   32|          0|
    +-----------------------------------------------+----+----+-----+-----------+
    |Total                                          |1494|   0| 1535|         41|
    +-----------------------------------------------+----+----+-----+-----------+



================================================================
== Interface
================================================================
* Summary: 
+-----------------+-----+-----+------------+--------------+--------------+
|    RTL Ports    | Dir | Bits|  Protocol  | Source Object|    C Type    |
+-----------------+-----+-----+------------+--------------+--------------+
|ap_clk           |  in |    1| ap_ctrl_hs |   attention  | return value |
|ap_rst           |  in |    1| ap_ctrl_hs |   attention  | return value |
|ap_start         |  in |    1| ap_ctrl_hs |   attention  | return value |
|ap_done          | out |    1| ap_ctrl_hs |   attention  | return value |
|ap_idle          | out |    1| ap_ctrl_hs |   attention  | return value |
|ap_ready         | out |    1| ap_ctrl_hs |   attention  | return value |
|v263_address0    | out |   11|  ap_memory |     v263     |     array    |
|v263_ce0         | out |    1|  ap_memory |     v263     |     array    |
|v263_q0          |  in |   32|  ap_memory |     v263     |     array    |
|v264_0_address0  | out |   19|  ap_memory |    v264_0    |     array    |
|v264_0_ce0       | out |    1|  ap_memory |    v264_0    |     array    |
|v264_0_q0        |  in |    8|  ap_memory |    v264_0    |     array    |
|v264_1_address0  | out |   19|  ap_memory |    v264_1    |     array    |
|v264_1_ce0       | out |    1|  ap_memory |    v264_1    |     array    |
|v264_1_q0        |  in |    8|  ap_memory |    v264_1    |     array    |
|v265             |  in |   32|   ap_none  |     v265     |    scalar    |
|v266_0_address0  | out |   19|  ap_memory |    v266_0    |     array    |
|v266_0_ce0       | out |    1|  ap_memory |    v266_0    |     array    |
|v266_0_q0        |  in |    8|  ap_memory |    v266_0    |     array    |
|v266_1_address0  | out |   19|  ap_memory |    v266_1    |     array    |
|v266_1_ce0       | out |    1|  ap_memory |    v266_1    |     array    |
|v266_1_q0        |  in |    8|  ap_memory |    v266_1    |     array    |
|v267             |  in |   32|   ap_none  |     v267     |    scalar    |
|v268_0_address0  | out |   19|  ap_memory |    v268_0    |     array    |
|v268_0_ce0       | out |    1|  ap_memory |    v268_0    |     array    |
|v268_0_q0        |  in |    8|  ap_memory |    v268_0    |     array    |
|v268_1_address0  | out |   19|  ap_memory |    v268_1    |     array    |
|v268_1_ce0       | out |    1|  ap_memory |    v268_1    |     array    |
|v268_1_q0        |  in |    8|  ap_memory |    v268_1    |     array    |
|v269             |  in |   32|   ap_none  |     v269     |    scalar    |
|v270_0_address0  | out |   19|  ap_memory |    v270_0    |     array    |
|v270_0_ce0       | out |    1|  ap_memory |    v270_0    |     array    |
|v270_0_q0        |  in |    8|  ap_memory |    v270_0    |     array    |
|v270_1_address0  | out |   19|  ap_memory |    v270_1    |     array    |
|v270_1_ce0       | out |    1|  ap_memory |    v270_1    |     array    |
|v270_1_q0        |  in |    8|  ap_memory |    v270_1    |     array    |
|v271             |  in |   32|   ap_none  |     v271     |    scalar    |
|v272_address0    | out |   10|  ap_memory |     v272     |     array    |
|v272_ce0         | out |    1|  ap_memory |     v272     |     array    |
|v272_q0          |  in |   32|  ap_memory |     v272     |     array    |
|v273_address0    | out |   10|  ap_memory |     v273     |     array    |
|v273_ce0         | out |    1|  ap_memory |     v273     |     array    |
|v273_q0          |  in |   32|  ap_memory |     v273     |     array    |
|v274_address0    | out |   11|  ap_memory |     v274     |     array    |
|v274_ce0         | out |    1|  ap_memory |     v274     |     array    |
|v274_q0          |  in |   32|  ap_memory |     v274     |     array    |
|v275_address0    | out |   11|  ap_memory |     v275     |     array    |
|v275_ce0         | out |    1|  ap_memory |     v275     |     array    |
|v275_q0          |  in |   32|  ap_memory |     v275     |     array    |
|v276_address0    | out |   13|  ap_memory |     v276     |     array    |
|v276_ce0         | out |    1|  ap_memory |     v276     |     array    |
|v276_q0          |  in |   32|  ap_memory |     v276     |     array    |
|v277_address0    | out |   13|  ap_memory |     v277     |     array    |
|v277_ce0         | out |    1|  ap_memory |     v277     |     array    |
|v277_q0          |  in |   32|  ap_memory |     v277     |     array    |
|v278             |  in |   32|   ap_none  |     v278     |    scalar    |
|v279_address0    | out |   11|  ap_memory |     v279     |     array    |
|v279_ce0         | out |    1|  ap_memory |     v279     |     array    |
|v279_we0         | out |    1|  ap_memory |     v279     |     array    |
|v279_d0          | out |   32|  ap_memory |     v279     |     array    |
+-----------------+-----+-----+------------+--------------+--------------+

