

================================================================
== Vivado HLS Report for 'GEMM_3D_float2'
================================================================
* Date:           Thu Nov 28 23:10:25 2024

* Version:        2019.2 (Build 2704478 on Wed Nov 06 22:10:23 MST 2019)
* Project:        out.prj
* Solution:       solution1
* Product family: zynq
* Target device:  xc7z020-clg484-1


================================================================
== Performance Estimates
================================================================
+ Timing: 
    * Summary: 
    +--------+----------+----------+------------+
    |  Clock |  Target  | Estimated| Uncertainty|
    +--------+----------+----------+------------+
    |ap_clk  | 10.00 ns | 8.510 ns |   1.25 ns  |
    +--------+----------+----------+------------+

+ Latency: 
    * Summary: 
    +---------+---------+----------+----------+-------+-------+---------+
    |  Latency (cycles) |  Latency (absolute) |    Interval   | Pipeline|
    |   min   |   max   |    min   |    max   |  min  |  max  |   Type  |
    +---------+---------+----------+----------+-------+-------+---------+
    |    49185|    49185| 0.492 ms | 0.492 ms |  49185|  49185|   none  |
    +---------+---------+----------+----------+-------+-------+---------+

    + Detail: 
        * Instance: 
        N/A

        * Loop: 
        +-----------------+---------+---------+----------+-----------+-----------+------+----------+
        |                 |  Latency (cycles) | Iteration|  Initiation Interval  | Trip |          |
        |    Loop Name    |   min   |   max   |  Latency |  achieved |   target  | Count| Pipelined|
        +-----------------+---------+---------+----------+-----------+-----------+------+----------+
        |- l_S_h_0_h5     |    49184|    49184|      3074|          -|          -|    16|    no    |
        | + l_S_j_0_j8    |     3072|     3072|        32|          -|          -|    96|    no    |
        |  ++ l_S_k_0_k8  |       30|       30|         5|          -|          -|     6|    no    |
        +-----------------+---------+---------+----------+-----------+-----------+------+----------+



================================================================
== Utilization Estimates
================================================================
* Summary: 
+-----------------+---------+-------+--------+-------+-----+
|       Name      | BRAM_18K| DSP48E|   FF   |  LUT  | URAM|
+-----------------+---------+-------+--------+-------+-----+
|DSP              |        -|      -|       -|      -|    -|
|Expression       |        -|      4|       0|    215|    -|
|FIFO             |        -|      -|       -|      -|    -|
|Instance         |        -|      -|       -|      -|    -|
|Memory           |        -|      -|       -|      -|    -|
|Multiplexer      |        -|      -|       -|     71|    -|
|Register         |        -|      -|     225|      -|    -|
+-----------------+---------+-------+--------+-------+-----+
|Total            |        0|      4|     225|    286|    0|
+-----------------+---------+-------+--------+-------+-----+
|Available        |      280|    220|  106400|  53200|    0|
+-----------------+---------+-------+--------+-------+-----+
|Utilization (%)  |        0|      1|   ~0   |   ~0  |    0|
+-----------------+---------+-------+--------+-------+-----+

+ Detail: 
    * Instance: 
    N/A

    * DSP48E: 
    N/A

    * Memory: 
    N/A

    * FIFO: 
    N/A

    * Expression: 
    +----------------------+----------+-------+---+----+------------+------------+
    |     Variable Name    | Operation| DSP48E| FF| LUT| Bitwidth P0| Bitwidth P1|
    +----------------------+----------+-------+---+----+------------+------------+
    |mul_ln1118_fu_307_p2  |     *    |      4|  0|  20|          32|          32|
    |add_ln418_fu_217_p2   |     +    |      0|  0|  15|           7|           1|
    |add_ln419_fu_247_p2   |     +    |      0|  0|  12|           3|           1|
    |add_ln420_fu_257_p2   |     +    |      0|  0|  14|          10|          10|
    |add_ln421_fu_288_p2   |     +    |      0|  0|  15|          15|          15|
    |add_ln423_fu_231_p2   |     +    |      0|  0|  12|          12|          12|
    |h5_fu_145_p2          |     +    |      0|  0|  15|           5|           1|
    |v242_0_V_d0           |     +    |      0|  0|  39|          32|          32|
    |sub_ln420_fu_175_p2   |     -    |      0|  0|  15|           9|           9|
    |sub_ln421_fu_282_p2   |     -    |      0|  0|  15|          15|          15|
    |sub_ln423_fu_205_p2   |     -    |      0|  0|  12|          12|          12|
    |icmp_ln416_fu_139_p2  |   icmp   |      0|  0|  11|           5|           6|
    |icmp_ln418_fu_211_p2  |   icmp   |      0|  0|  11|           7|           7|
    |icmp_ln419_fu_241_p2  |   icmp   |      0|  0|   9|           3|           3|
    +----------------------+----------+-------+---+----+------------+------------+
    |Total                 |          |      4|  0| 215|         167|         156|
    +----------------------+----------+-------+---+----+------------+------------+

    * Multiplexer: 
    +----------------+----+-----------+-----+-----------+
    |      Name      | LUT| Input Size| Bits| Total Bits|
    +----------------+----+-----------+-----+-----------+
    |ap_NS_fsm       |  44|          9|    1|          9|
    |h5_0_reg_106    |   9|          2|    5|         10|
    |j8_0_0_reg_117  |   9|          2|    7|         14|
    |k8_0_0_reg_128  |   9|          2|    3|          6|
    +----------------+----+-----------+-----+-----------+
    |Total           |  71|         15|   16|         39|
    +----------------+----+-----------+-----+-----------+

    * Register: 
    +-----------------------+----+----+-----+-----------+
    |          Name         | FF | LUT| Bits| Const Bits|
    +-----------------------+----+----+-----+-----------+
    |add_ln418_reg_349      |   7|   0|    7|          0|
    |add_ln419_reg_367      |   3|   0|    3|          0|
    |add_ln420_reg_372      |  10|   0|   10|          0|
    |add_ln421_reg_377      |  15|   0|   15|          0|
    |ap_CS_fsm              |   8|   0|    8|          0|
    |h5_0_reg_106           |   5|   0|    5|          0|
    |h5_reg_331             |   5|   0|    5|          0|
    |j8_0_0_reg_117         |   7|   0|    7|          0|
    |k8_0_0_reg_128         |   3|   0|    3|          0|
    |sext_ln420_reg_336     |   9|   0|   10|          1|
    |sub_ln423_reg_341      |   7|   0|   12|          5|
    |trunc_ln_reg_402       |  32|   0|   32|          0|
    |v240_0_V_load_reg_392  |  32|   0|   32|          0|
    |v241_V_load_reg_397    |  32|   0|   32|          0|
    |v242_0_V_addr_reg_359  |  11|   0|   11|          0|
    |v242_0_V_load_reg_407  |  32|   0|   32|          0|
    |zext_ln423_1_reg_354   |   7|   0|   15|          8|
    +-----------------------+----+----+-----+-----------+
    |Total                  | 225|   0|  239|         14|
    +-----------------------+----+----+-----+-----------+



================================================================
== Interface
================================================================
* Summary: 
+-------------------+-----+-----+------------+----------------+--------------+
|     RTL Ports     | Dir | Bits|  Protocol  |  Source Object |    C Type    |
+-------------------+-----+-----+------------+----------------+--------------+
|ap_clk             |  in |    1| ap_ctrl_hs | GEMM_3D_float2 | return value |
|ap_rst             |  in |    1| ap_ctrl_hs | GEMM_3D_float2 | return value |
|ap_start           |  in |    1| ap_ctrl_hs | GEMM_3D_float2 | return value |
|ap_done            | out |    1| ap_ctrl_hs | GEMM_3D_float2 | return value |
|ap_idle            | out |    1| ap_ctrl_hs | GEMM_3D_float2 | return value |
|ap_ready           | out |    1| ap_ctrl_hs | GEMM_3D_float2 | return value |
|v240_0_V_address0  | out |    7|  ap_memory |    v240_0_V    |     array    |
|v240_0_V_ce0       | out |    1|  ap_memory |    v240_0_V    |     array    |
|v240_0_V_q0        |  in |   32|  ap_memory |    v240_0_V    |     array    |
|v241_V_address0    | out |   14|  ap_memory |     v241_V     |     array    |
|v241_V_ce0         | out |    1|  ap_memory |     v241_V     |     array    |
|v241_V_q0          |  in |   32|  ap_memory |     v241_V     |     array    |
|v242_0_V_address0  | out |   11|  ap_memory |    v242_0_V    |     array    |
|v242_0_V_ce0       | out |    1|  ap_memory |    v242_0_V    |     array    |
|v242_0_V_we0       | out |    1|  ap_memory |    v242_0_V    |     array    |
|v242_0_V_d0        | out |   32|  ap_memory |    v242_0_V    |     array    |
|v242_0_V_q0        |  in |   32|  ap_memory |    v242_0_V    |     array    |
+-------------------+-----+-----+------------+----------------+--------------+

