-- Catapult HLS Synthesis: Report                                              
-- ----------------------- ---------------------------------------------------
-- Version:                2024.1_2/1117371 Production Release                 
-- Build Date:             Fri Jun 28 23:58:31 PDT 2024                        
                                                                               
-- Generated by:           dr655@ecelinux-04.ece.cornell.edu                   
-- Generated date:         Fri Dec 13 01:23:39 EST 2024                        

Solution Settings: attention_layer.v1
  Current state: schedule
  Project: attention_layer_asic_opt

Design Input Files Specified
  $PROJECT_HOME/../attention.cpp
    $PROJECT_HOME/../attention.h
      $PROJECT_HOME/../model.h
        $PROJECT_HOME/../typedefs.h
          $MGC_HOME/shared/include/ac_int.h
          $MGC_HOME/shared/include/ac_fixed.h
      $MGC_HOME/shared/include/ac_channel.h
    $PROJECT_HOME/../layer.h
      $MGC_HOME/shared/include/ac_math.h
        $MGC_HOME/shared/include/ac_math/ac_abs.h
          $MGC_HOME/shared/include/ac_float.h
          $MGC_HOME/shared/include/ac_complex.h
          $MGC_HOME/shared/include/ac_math/ac_sqrt_pwl.h
            $MGC_HOME/shared/include/ac_math/ac_shift.h
            $MGC_HOME/shared/include/ac_math/ac_normalize.h
        $MGC_HOME/shared/include/ac_math/ac_arccos_cordic.h
          $MGC_HOME/shared/include/ac_std_float.h
        $MGC_HOME/shared/include/ac_math/ac_arcsin_cordic.h
        $MGC_HOME/shared/include/ac_math/ac_atan_pwl.h
          $MGC_HOME/shared/include/ac_math/ac_reciprocal_pwl.h
        $MGC_HOME/shared/include/ac_math/ac_atan_pwl_ha.h
          $MGC_HOME/shared/include/ac_math/ac_reciprocal_pwl_ha.h
        $MGC_HOME/shared/include/ac_math/ac_atan2_cordic.h
        $MGC_HOME/shared/include/ac_math/ac_barrel_shift.h
        $MGC_HOME/shared/include/ac_math/ac_div.h
        $MGC_HOME/shared/include/ac_math/ac_hcordic.h
        $MGC_HOME/shared/include/ac_math/ac_inverse_sqrt_pwl.h
        $MGC_HOME/shared/include/ac_math/ac_log_pwl.h
        $MGC_HOME/shared/include/ac_math/ac_pow_pwl.h
        $MGC_HOME/shared/include/ac_math/ac_sigmoid_pwl.h
        $MGC_HOME/shared/include/ac_math/ac_sincos_cordic.h
        $MGC_HOME/shared/include/ac_math/ac_sincos_lut.h
        $MGC_HOME/shared/include/ac_math/ac_sqrt.h
        $MGC_HOME/shared/include/ac_math/ac_tan_pwl.h
        $MGC_HOME/shared/include/ac_math/ac_tanh_pwl.h
        $MGC_HOME/shared/include/ac_math/ac_softmax_pwl.h
        $MGC_HOME/shared/include/ac_float_add_tree.h
      $PROJECT_HOME/../data_include.h
        $PROJECT_HOME/../data_4th/sin_tab.h
        $PROJECT_HOME/../data_4th/cos_tab.h
        $PROJECT_HOME/../data_4th/q_weights.h
        $PROJECT_HOME/../data_4th/k_weights.h
        $PROJECT_HOME/../data_4th/v_weights.h
        $PROJECT_HOME/../data_4th/o_weights.h
        $PROJECT_HOME/../data_4th/ln_weight_in.h
        $PROJECT_HOME/../data_4th/ln_weight.h
        $PROJECT_HOME/../data_4th/k_cache.h
        $PROJECT_HOME/../data_4th/v_cache.h
        $PROJECT_HOME/../data_4th/ground_truth.h
        $PROJECT_HOME/../data_4th/hidden_states.h
  $PROJECT_HOME/../attention_test.cpp

Processes/Blocks in Design
  Process       Real Operation(s) count Latency Throughput Reset Length II Comments 
  ------------- ----------------------- ------- ---------- ------------ -- --------
  /dut/core                        1277  807112     807114            0  0          
  Design Total:                    1277  807112     807114            0  0          
  
Clock Information
  Clock Signal Edge   Period Sharing Alloc (%) Uncertainty Used by Processes/Blocks 
  ------------ ------ ------ ----------------- ----------- ------------------------
  clk          rising 10.000             20.00    0.000000 /dut/core                
  
I/O Data Ranges
  Port             Mode DeclType DeclWidth DeclRange ActType ActWidth ActRange 
  ---------------- ---- -------- --------- --------- ------- -------- --------
  clk              IN   Unsigned         1                                     
  en               IN   Unsigned         1                                     
  rst              IN   Unsigned         1                                     
  strm_in:rsc.dat  IN   Unsigned        32                                     
  strm_in:rsc.vld  IN   Unsigned         1                                     
  strm_out:rsc.rdy IN   Unsigned         1                                     
  strm_in:rsc.rdy  OUT  Unsigned         1                                     
  strm_out:rsc.dat OUT  Unsigned        32                                     
  strm_out:rsc.vld OUT  Unsigned         1                                     
  
Memory Resources
  Resource Name: /dut/core/input:rsc
    Memory Component: RAM_dualRW                   Size:         384 x 40
    External:         false                        Packing Mode: absolute
    Memory Map:
    Variable        Indices Phys Memory Address       
    --------------- ------- -------------------------
    /dut/core/input    0:39 0000017f-00000000 (383-0) 
    
  Resource Name: /dut/core/output:rsc
    Memory Component: RAM_dualRW                   Size:         384 x 40
    External:         false                        Packing Mode: absolute
    Memory Map:
    Variable         Indices Phys Memory Address       
    ---------------- ------- -------------------------
    /dut/core/output    0:39 0000017f-00000000 (383-0) 
    
  Resource Name: /dut/core/attention<5,1,384,384,8,48>:quantized_hidden_states:rsc
    Memory Component: RAM_dualRW                   Size:         384 x 8
    External:         false                        Packing Mode: absolute
    Memory Map:
    Variable                                                      Indices Phys Memory Address       
    ------------------------------------------------------------- ------- -------------------------
    /dut/core/attention<5,1,384,384,8,48>:quantized_hidden_states     0:7 0000017f-00000000 (383-0) 
    
  Resource Name: /dut/core/attention<5,1,384,384,8,48>:q_proj_re:rsc
    Memory Component: RAM_dualRW                   Size:         384 x 40
    External:         false                        Packing Mode: absolute
    Memory Map:
    Variable                                        Indices Phys Memory Address       
    ----------------------------------------------- ------- -------------------------
    /dut/core/attention<5,1,384,384,8,48>:q_proj_re    0:39 0000017f-00000000 (383-0) 
    
  Resource Name: /dut/core/attention<5,1,384,384,8,48>:k_proj_re:rsc
    Memory Component: RAM_dualRW                   Size:         384 x 40
    External:         false                        Packing Mode: absolute
    Memory Map:
    Variable                                        Indices Phys Memory Address       
    ----------------------------------------------- ------- -------------------------
    /dut/core/attention<5,1,384,384,8,48>:k_proj_re    0:39 0000017f-00000000 (383-0) 
    
  Resource Name: /dut/core/attention<5,1,384,384,8,48>:v_proj_re:rsc
    Memory Component: RAM_dualRW                   Size:         384 x 40
    External:         false                        Packing Mode: absolute
    Memory Map:
    Variable                                        Indices Phys Memory Address       
    ----------------------------------------------- ------- -------------------------
    /dut/core/attention<5,1,384,384,8,48>:v_proj_re    0:39 0000017f-00000000 (383-0) 
    
  Resource Name: /dut/core/attention<5,1,384,384,8,48>:q_proj:rsc
    Memory Component: RAM_dualRW                   Size:         384 x 40
    External:         false                        Packing Mode: absolute
    Memory Map:
    Variable                                     Indices Phys Memory Address       
    -------------------------------------------- ------- -------------------------
    /dut/core/attention<5,1,384,384,8,48>:q_proj    0:39 0000017f-00000000 (383-0) 
    
  Resource Name: /dut/core/attention<5,1,384,384,8,48>:k_proj:rsc
    Memory Component: RAM_dualRW                   Size:         384 x 40
    External:         false                        Packing Mode: absolute
    Memory Map:
    Variable                                     Indices Phys Memory Address       
    -------------------------------------------- ------- -------------------------
    /dut/core/attention<5,1,384,384,8,48>:k_proj    0:39 0000017f-00000000 (383-0) 
    
  Resource Name: /dut/core/attention<5,1,384,384,8,48>:v_proj:rsc
    Memory Component: RAM_dualRW                   Size:         384 x 40
    External:         false                        Packing Mode: absolute
    Memory Map:
    Variable                                     Indices Phys Memory Address       
    -------------------------------------------- ------- -------------------------
    /dut/core/attention<5,1,384,384,8,48>:v_proj    0:39 0000017f-00000000 (383-0) 
    
  Resource Name: /dut/core/attention<5,1,384,384,8,48>:q_embed:rsc
    Memory Component: RAM_dualRW                   Size:         384 x 40
    External:         false                        Packing Mode: absolute
    Memory Map:
    Variable                                      Indices Phys Memory Address       
    --------------------------------------------- ------- -------------------------
    /dut/core/attention<5,1,384,384,8,48>:q_embed    0:39 0000017f-00000000 (383-0) 
    
  Resource Name: /dut/core/attention<5,1,384,384,8,48>:k_embed:rsc
    Memory Component: RAM_dualRW                   Size:         384 x 40
    External:         false                        Packing Mode: absolute
    Memory Map:
    Variable                                      Indices Phys Memory Address       
    --------------------------------------------- ------- -------------------------
    /dut/core/attention<5,1,384,384,8,48>:k_embed    0:39 0000017f-00000000 (383-0) 
    
  Resource Name: /dut/core/attention<5,1,384,384,8,48>:k_cache_upd:rsc
    Memory Component: RAM_dualRW                   Size:         2304 x 40
    External:         false                        Packing Mode: absolute
    Memory Map:
    Variable                                          Indices Phys Memory Address        
    ------------------------------------------------- ------- --------------------------
    /dut/core/attention<5,1,384,384,8,48>:k_cache_upd    0:39 000008ff-00000000 (2303-0) 
    
  Resource Name: /dut/core/attention<5,1,384,384,8,48>:v_cache_upd:rsc
    Memory Component: RAM_dualRW                   Size:         2304 x 40
    External:         false                        Packing Mode: absolute
    Memory Map:
    Variable                                          Indices Phys Memory Address        
    ------------------------------------------------- ------- --------------------------
    /dut/core/attention<5,1,384,384,8,48>:v_cache_upd    0:39 000008ff-00000000 (2303-0) 
    
  Resource Name: /dut/core/attention<5,1,384,384,8,48>:k_proj_transposed:rsc
    Memory Component: RAM_dualRW                   Size:         2304 x 40
    External:         false                        Packing Mode: absolute
    Memory Map:
    Variable                                                Indices Phys Memory Address        
    ------------------------------------------------------- ------- --------------------------
    /dut/core/attention<5,1,384,384,8,48>:k_proj_transposed    0:39 000008ff-00000000 (2303-0) 
    
  Resource Name: /dut/core/attention<5,1,384,384,8,48>:attn_weights:rsc
    Memory Component: RAM_dualRW                   Size:         48 x 40
    External:         false                        Packing Mode: absolute
    Memory Map:
    Variable                                           Indices Phys Memory Address      
    -------------------------------------------------- ------- ------------------------
    /dut/core/attention<5,1,384,384,8,48>:attn_weights    0:39 0000002f-00000000 (47-0) 
    
  Resource Name: /dut/core/attention<5,1,384,384,8,48>:attn_output:rsc
    Memory Component: RAM_dualRW                   Size:         384 x 40
    External:         false                        Packing Mode: absolute
    Memory Map:
    Variable                                          Indices Phys Memory Address       
    ------------------------------------------------- ------- -------------------------
    /dut/core/attention<5,1,384,384,8,48>:attn_output    0:39 0000017f-00000000 (383-0) 
    
  Resource Name: /dut/core/attention<5,1,384,384,8,48>:attn_output_2D:rsc
    Memory Component: RAM_dualRW                   Size:         384 x 40
    External:         false                        Packing Mode: absolute
    Memory Map:
    Variable                                             Indices Phys Memory Address       
    ---------------------------------------------------- ------- -------------------------
    /dut/core/attention<5,1,384,384,8,48>:attn_output_2D    0:39 0000017f-00000000 (383-0) 
    
  Resource Name: /dut/core/attention<5,1,384,384,8,48>:quantized_final_output:rsc
    Memory Component: RAM_dualRW                   Size:         384 x 8
    External:         false                        Packing Mode: absolute
    Memory Map:
    Variable                                                     Indices Phys Memory Address       
    ------------------------------------------------------------ ------- -------------------------
    /dut/core/attention<5,1,384,384,8,48>:quantized_final_output     0:7 0000017f-00000000 (383-0) 
    
  Resource Name: /dut/core/apply_rotary_pos_emb<1,8,48>:rotated_q:rsc
    Memory Component: RAM_dualRW                   Size:         384 x 40
    External:         false                        Packing Mode: absolute
    Memory Map:
    Variable                                         Indices Phys Memory Address       
    ------------------------------------------------ ------- -------------------------
    /dut/core/apply_rotary_pos_emb<1,8,48>:rotated_q    0:39 0000017f-00000000 (383-0) 
    
  Resource Name: /dut/core/apply_rotary_pos_emb<1,8,48>:rotated_k:rsc
    Memory Component: RAM_dualRW                   Size:         384 x 40
    External:         false                        Packing Mode: absolute
    Memory Map:
    Variable                                         Indices Phys Memory Address       
    ------------------------------------------------ ------- -------------------------
    /dut/core/apply_rotary_pos_emb<1,8,48>:rotated_k    0:39 0000017f-00000000 (383-0) 
    
  Resource Name: /dut/strm_in:rsc
    Memory Component: ccs_in_wait                  Size:         1 x 32
    External:         true                         Packing Mode: sidebyside
    Memory Map:
    Variable     Indices Phys Memory Address     
    ------------ ------- -----------------------
    /dut/strm_in    0:31 00000000-00000000 (0-0) 
    
  Resource Name: /dut/strm_out:rsc
    Memory Component: ccs_out_wait                 Size:         1 x 32
    External:         true                         Packing Mode: sidebyside
    Memory Map:
    Variable      Indices Phys Memory Address     
    ------------- ------- -----------------------
    /dut/strm_out    0:31 00000000-00000000 (0-0) 
    
  Resource Name: /dut/k_cache.rom:rsc
    Memory Component: mgc_rom                      Size:         1920 x 40
    External:         false                        Packing Mode: absolute
    Memory Map:
    Variable         Indices Phys Memory Address        
    ---------------- ------- --------------------------
    /dut/k_cache.rom    0:39 0000077f-00000000 (1919-0) 
    
  Resource Name: /dut/v_cache.rom:rsc
    Memory Component: mgc_rom                      Size:         1920 x 40
    External:         false                        Packing Mode: absolute
    Memory Map:
    Variable         Indices Phys Memory Address        
    ---------------- ------- --------------------------
    /dut/v_cache.rom    0:39 0000077f-00000000 (1919-0) 
    
  Resource Name: /dut/q_weights.rom:rsc
    Memory Component: mgc_rom                      Size:         36864 x 8
    External:         false                        Packing Mode: absolute
    Memory Map:
    Variable           Indices Phys Memory Address         
    ------------------ ------- ---------------------------
    /dut/q_weights.rom     0:7 00008fff-00000000 (36863-0) 
    
  Resource Name: /dut/k_weights.rom:rsc
    Memory Component: mgc_rom                      Size:         36864 x 8
    External:         false                        Packing Mode: absolute
    Memory Map:
    Variable           Indices Phys Memory Address         
    ------------------ ------- ---------------------------
    /dut/k_weights.rom     0:7 00008fff-00000000 (36863-0) 
    
  Resource Name: /dut/v_weights.rom:rsc
    Memory Component: mgc_rom                      Size:         36864 x 8
    External:         false                        Packing Mode: absolute
    Memory Map:
    Variable           Indices Phys Memory Address         
    ------------------ ------- ---------------------------
    /dut/v_weights.rom     0:7 00008fff-00000000 (36863-0) 
    
  Resource Name: /dut/o_weights.rom:rsc
    Memory Component: mgc_rom                      Size:         36864 x 8
    External:         false                        Packing Mode: absolute
    Memory Map:
    Variable           Indices Phys Memory Address         
    ------------------ ------- ---------------------------
    /dut/o_weights.rom     0:7 00008fff-00000000 (36863-0) 
    
  Resource Name: /dut/ln_weight_in.rom:rsc
    Memory Component: mgc_rom                      Size:         384 x 12
    External:         false                        Packing Mode: absolute
    Memory Map:
    Variable              Indices Phys Memory Address       
    --------------------- ------- -------------------------
    /dut/ln_weight_in.rom    0:11 0000017f-00000000 (383-0) 
    
  Resource Name: /dut/ln_weight.rom:rsc
    Memory Component: mgc_rom                      Size:         384 x 13
    External:         false                        Packing Mode: absolute
    Memory Map:
    Variable           Indices Phys Memory Address       
    ------------------ ------- -------------------------
    /dut/ln_weight.rom    0:12 0000017f-00000000 (383-0) 
    
  Resource Name: /dut/sin_tab.rom:rsc
    Memory Component: mgc_rom                      Size:         960 x 17
    External:         false                        Packing Mode: absolute
    Memory Map:
    Variable         Indices Phys Memory Address       
    ---------------- ------- -------------------------
    /dut/sin_tab.rom    0:16 000003bf-00000000 (959-0) 
    
  Resource Name: /dut/cos_tab.rom:rsc
    Memory Component: mgc_rom                      Size:         960 x 17
    External:         false                        Packing Mode: absolute
    Memory Map:
    Variable         Indices Phys Memory Address       
    ---------------- ------- -------------------------
    /dut/cos_tab.rom    0:16 000003bf-00000000 (959-0) 
    
C++ to Interface Mappings
  Resource/Fields C++ Type Interface Range Range Expression(x) x=step+offset Expression Limits 
  --------------- -------- --------------- ------------------- ------------- -----------------
  
Multi-Cycle (Combinational) Component Usage
  Instance                                                                Component Name                      Cycles 
  ----------------------------------------------------------------------- ----------------------------------- ------
  SOFTMAX_LOOP_5:SOFTMAX_LOOP_5:div#1:cmp                                 nangate-45nm_beh.mgc_div(56,40,1,4)     13 
  LINEAR_FORWARD_NO_MUL_LOOP_2#2:LINEAR_FORWARD_NO_MUL_LOOP_2#2:div#1:cmp nangate-45nm_beh.mgc_div(72,60,1,4)     26 
  rms_norm<384>:div:cmp                                                   nangate-45nm_beh.mgc_div(72,61,1,4)     26 
  operator_<40,24,true,AC_TRN,AC_WRAP>#1:div:cmp                          nangate-45nm_beh.mgc_div(40,40,1,4)      9 
  
Loops
  Process   Loop                                          Iterations C-Steps Total Cycles   Duration  Unroll Init Comments 
  --------- --------------------------------------------- ---------- ------- ------------- ---------- ------ ---- --------
  /dut/core core:rlp                                        Infinite       0       807114    8.07 ms                       
  /dut/core  main                                           Infinite      86       807114    8.07 ms                       
  /dut/core   for:for                                            384       2          768    7.68 us                       
  /dut/core   attention_sqrt:for                                  20      11          220    2.20 us                       
  /dut/core   RMS_NORM_LOOP_2                                    384       4         1536   15.36 us                       
  /dut/core   QUANTIZE_ACTIVATION_LOOP_3                           6       1          774    7.74 us                       
  /dut/core    QUANTIZE_ACTIVATION_LOOP_4                         16       8          128    1.28 us                       
  /dut/core   attention<5,1,384,384,8,48>:q_proj_re:vinit        384       2          768    7.68 us                       
  /dut/core   LINEAR_FORWARD_NO_MUL_LOOP_2                       384      57       465024    4.65 ms                       
  /dut/core    LINEAR_FORWARD_NO_MUL_LOOP_3                      384       5         1154   11.54 us            3          
  /dut/core   RESHAPE_2D_TO_3D_LOOP_2                              8       1         1160   11.60 us                       
  /dut/core    RESHAPE_2D_TO_3D_LOOP_3                            48       3          144    1.44 us                       
  /dut/core   RESHAPE_2D_TO_3D_LOOP_2#2                            8       1         1544   15.44 us                       
  /dut/core    RESHAPE_2D_TO_3D_LOOP_3#2                          48       4          192    1.92 us                       
  /dut/core   APPLY_ROTARY_POS_EMB_LOOP_4                          8       1         1160   11.60 us                       
  /dut/core    APPLY_ROTARY_POS_EMB_LOOP_6                        48       3          144    1.44 us                       
  /dut/core   CACHE_UPDATE_LOOP_1                                  8       1         6968   69.68 us                       
  /dut/core    CACHE_UPDATE_LOOP_2                                 6       1          870    8.70 us                       
  /dut/core     CACHE_UPDATE_LOOP_3                               48       3          144    1.44 us                       
  /dut/core   TRANSPOSE_LAST_TWO_DIMS_LOOP_1                       8       1         6968   69.68 us                       
  /dut/core    TRANSPOSE_LAST_TWO_DIMS_LOOP_2                      6       1          870    8.70 us                       
  /dut/core     TRANSPOSE_LAST_TWO_DIMS_LOOP_3                    48       3          144    1.44 us                       
  /dut/core   GEMM_3D_FLOAT_LOOP_1                                 8       1         2456   24.56 us                       
  /dut/core    GEMM_3D_FLOAT_LOOP_3                                6      51          306    3.06 us                       
  /dut/core   SF_LOOP_1                                            8       1          200    2.00 us                       
  /dut/core    SF_LOOP_3                                           6       4           24  240.00 ns                       
  /dut/core   SOFTMAX_LOOP_1                                       8       3         1208   12.08 us                       
  /dut/core    SOFTMAX_LOOP_3                                      5       2           10  100.00 ns                       
  /dut/core    SOFTMAX_LOOP_4                                      6       6           36  360.00 ns                       
  /dut/core    SOFTMAX_LOOP_5                                      6      17          102    1.02 us                       
  /dut/core   GEMM_3D_FLOAT_LOOP_1#1                               8       1         3080   30.80 us                       
  /dut/core    GEMM_3D_FLOAT_LOOP_3#1                             48       8          384    3.84 us                       
  /dut/core   ATTN_2D_LOOP_2                                       8       1         1160   11.60 us                       
  /dut/core    ATTN_2D_LOOP_3                                     48       3          144    1.44 us                       
  /dut/core   RMS_NORM_LOOP_1#2                                  384       2          768    7.68 us                       
  /dut/core   attention_sqrt#1:for                                20      11          220    2.20 us                       
  /dut/core   RMS_NORM_LOOP_2#2                                  384       4         1536   15.36 us                       
  /dut/core   QUANTIZE_ACTIVATION_LOOP_3#1                         6       1          774    7.74 us                       
  /dut/core    QUANTIZE_ACTIVATION_LOOP_4#1                       16       8          128    1.28 us                       
  /dut/core   output:vinit                                       384       2          768    7.68 us                       
  /dut/core   LINEAR_FORWARD_NO_MUL_LOOP_2#3                     384      30       306816    3.07 ms                       
  /dut/core    LINEAR_FORWARD_NO_MUL_LOOP_3#3                    384       3          769    7.69 us            2          
  /dut/core   for#1:for                                          384       3         1152   11.52 us                       
  
Loop Execution Profile
  Process   Loop                                          Total Cycles % of Overall Design Cycles Throughput Cycles Comments 
  --------- --------------------------------------------- ------------ -------------------------- ----------------- --------
  /dut/core core:rlp                                                0                        0.00           807114           
  /dut/core  main                                                  86                        0.01           807114           
  /dut/core   for:for                                             768                        0.10              768           
  /dut/core   attention_sqrt:for                                  220                        0.03              220           
  /dut/core   RMS_NORM_LOOP_2                                    1536                        0.19             1536           
  /dut/core   QUANTIZE_ACTIVATION_LOOP_3                            6                        0.00              774           
  /dut/core    QUANTIZE_ACTIVATION_LOOP_4                         768                        0.10              768           
  /dut/core   attention<5,1,384,384,8,48>:q_proj_re:vinit         768                        0.10              768           
  /dut/core   LINEAR_FORWARD_NO_MUL_LOOP_2                      21888                        2.71           465024           
  /dut/core    LINEAR_FORWARD_NO_MUL_LOOP_3                    443136                       54.90              192           
  /dut/core   RESHAPE_2D_TO_3D_LOOP_2                               8                        0.00             1160           
  /dut/core    RESHAPE_2D_TO_3D_LOOP_3                           1152                        0.14             1152           
  /dut/core   RESHAPE_2D_TO_3D_LOOP_2#2                             8                        0.00             1544           
  /dut/core    RESHAPE_2D_TO_3D_LOOP_3#2                         1536                        0.19             1536           
  /dut/core   APPLY_ROTARY_POS_EMB_LOOP_4                           8                        0.00             1160           
  /dut/core    APPLY_ROTARY_POS_EMB_LOOP_6                       1152                        0.14             1152           
  /dut/core   CACHE_UPDATE_LOOP_1                                   8                        0.00             6968           
  /dut/core    CACHE_UPDATE_LOOP_2                                 48                        0.01             6960           
  /dut/core     CACHE_UPDATE_LOOP_3                              6912                        0.86             6912           
  /dut/core   TRANSPOSE_LAST_TWO_DIMS_LOOP_1                        8                        0.00             6968           
  /dut/core    TRANSPOSE_LAST_TWO_DIMS_LOOP_2                      48                        0.01             6960           
  /dut/core     TRANSPOSE_LAST_TWO_DIMS_LOOP_3                   6912                        0.86             6912           
  /dut/core   GEMM_3D_FLOAT_LOOP_1                                  8                        0.00             2456           
  /dut/core    GEMM_3D_FLOAT_LOOP_3                              2448                        0.30             2448           
  /dut/core   SF_LOOP_1                                             8                        0.00              200           
  /dut/core    SF_LOOP_3                                          192                        0.02              192           
  /dut/core   SOFTMAX_LOOP_1                                       24                        0.00             1208           
  /dut/core    SOFTMAX_LOOP_3                                      80                        0.01               80           
  /dut/core    SOFTMAX_LOOP_4                                     288                        0.04              288           
  /dut/core    SOFTMAX_LOOP_5                                     816                        0.10              816           
  /dut/core   GEMM_3D_FLOAT_LOOP_1#1                                8                        0.00             3080           
  /dut/core    GEMM_3D_FLOAT_LOOP_3#1                            3072                        0.38             3072           
  /dut/core   ATTN_2D_LOOP_2                                        8                        0.00             1160           
  /dut/core    ATTN_2D_LOOP_3                                    1152                        0.14             1152           
  /dut/core   RMS_NORM_LOOP_1#2                                   768                        0.10              768           
  /dut/core   attention_sqrt#1:for                                220                        0.03              220           
  /dut/core   RMS_NORM_LOOP_2#2                                  1536                        0.19             1536           
  /dut/core   QUANTIZE_ACTIVATION_LOOP_3#1                          6                        0.00              774           
  /dut/core    QUANTIZE_ACTIVATION_LOOP_4#1                       768                        0.10              768           
  /dut/core   output:vinit                                        768                        0.10              768           
  /dut/core   LINEAR_FORWARD_NO_MUL_LOOP_2#3                    11520                        1.43           306816           
  /dut/core    LINEAR_FORWARD_NO_MUL_LOOP_3#3                  295296                       36.59              128           
  /dut/core   for#1:for                                          1152                        0.14             1152           
  
End of Report
