

================================================================
== Vivado HLS Report for 'dut'
================================================================
* Date:           Sun Dec  8 18:04:58 2024

* Version:        2019.2 (Build 2704478 on Wed Nov 06 22:10:23 MST 2019)
* Project:        attention_4th.prj
* Solution:       solution1
* Product family: zynq
* Target device:  xc7z020-clg484-1


================================================================
== Performance Estimates
================================================================
+ Timing: 
    * Summary: 
    +--------+----------+----------+------------+
    |  Clock |  Target  | Estimated| Uncertainty|
    +--------+----------+----------+------------+
    |ap_clk  | 10.00 ns | 8.750 ns |   1.25 ns  |
    +--------+----------+----------+------------+

+ Latency: 
    * Summary: 
    +---------+---------+----------+----------+-------+-------+---------+
    |  Latency (cycles) |  Latency (absolute) |    Interval   | Pipeline|
    |   min   |   max   |    min   |    max   |  min  |  max  |   Type  |
    +---------+---------+----------+----------+-------+-------+---------+
    |    74621|    74621| 0.746 ms | 0.746 ms |  74621|  74621|   none  |
    +---------+---------+----------+----------+-------+-------+---------+

    + Detail: 
        * Instance: 
        +----------------------+-----------+---------+---------+----------+----------+-------+-------+---------+
        |                      |           |  Latency (cycles) |  Latency (absolute) |    Interval   | Pipeline|
        |       Instance       |   Module  |   min   |   max   |    min   |    max   |  min  |  max  |   Type  |
        +----------------------+-----------+---------+---------+----------+----------+-------+-------+---------+
        |grp_attention_fu_269  |attention  |    73466|    73466| 0.735 ms | 0.735 ms |  73466|  73466|   none  |
        +----------------------+-----------+---------+---------+----------+----------+-------+-------+---------+

        * Loop: 
        +----------+---------+---------+----------+-----------+-----------+------+----------+
        |          |  Latency (cycles) | Iteration|  Initiation Interval  | Trip |          |
        | Loop Name|   min   |   max   |  Latency |  achieved |   target  | Count| Pipelined|
        +----------+---------+---------+----------+-----------+-----------+------+----------+
        |- Loop 1  |      384|      384|         1|          -|          -|   384|    no    |
        |- Loop 2  |      768|      768|         2|          -|          -|   384|    no    |
        +----------+---------+---------+----------+-----------+-----------+------+----------+



================================================================
== Utilization Estimates
================================================================
* Summary: 
+-----------------+---------+-------+--------+-------+-----+
|       Name      | BRAM_18K| DSP48E|   FF   |  LUT  | URAM|
+-----------------+---------+-------+--------+-------+-----+
|DSP              |        -|      -|       -|      -|    -|
|Expression       |        -|      -|       0|     58|    -|
|FIFO             |        -|      -|       -|      -|    -|
|Instance         |      235|    207|   26901|  41730|    0|
|Memory           |        5|      -|       0|      0|    0|
|Multiplexer      |        -|      -|       -|    177|    -|
|Register         |        -|      -|      33|      -|    -|
+-----------------+---------+-------+--------+-------+-----+
|Total            |      240|    207|   26934|  41965|    0|
+-----------------+---------+-------+--------+-------+-----+
|Available        |      280|    220|  106400|  53200|    0|
+-----------------+---------+-------+--------+-------+-----+
|Utilization (%)  |       85|     94|      25|     78|    0|
+-----------------+---------+-------+--------+-------+-----+

+ Detail: 
    * Instance: 
    +----------------------+-----------+---------+-------+-------+-------+-----+
    |       Instance       |   Module  | BRAM_18K| DSP48E|   FF  |  LUT  | URAM|
    +----------------------+-----------+---------+-------+-------+-------+-----+
    |grp_attention_fu_269  |attention  |      235|    207|  26901|  41730|    0|
    +----------------------+-----------+---------+-------+-------+-------+-----+
    |Total                 |           |      235|    207|  26901|  41730|    0|
    +----------------------+-----------+---------+-------+-------+-------+-----+

    * DSP48E: 
    N/A

    * Memory: 
    +-------------+----------------------+---------+---+----+-----+------+-----+------+-------------+
    |    Memory   |        Module        | BRAM_18K| FF| LUT| URAM| Words| Bits| Banks| W*Bits*Banks|
    +-------------+----------------------+---------+---+----+-----+------+-----+------+-------------+
    |output_0_U   |apply_rotary_pos_hbi  |        2|  0|   0|    0|   384|   38|     1|        14592|
    |input_0_V_U  |dut_input_0_V         |        3|  0|   0|    0|   384|   38|     1|        14592|
    +-------------+----------------------+---------+---+----+-----+------+-----+------+-------------+
    |Total        |                      |        5|  0|   0|    0|   768|   76|     2|        29184|
    +-------------+----------------------+---------+---+----+-----+------+-----+------+-------------+

    * FIFO: 
    N/A

    * Expression: 
    +---------------------+----------+-------+---+----+------------+------------+
    |    Variable Name    | Operation| DSP48E| FF| LUT| Bitwidth P0| Bitwidth P1|
    +---------------------+----------+-------+---+----+------------+------------+
    |add_ln19_fu_433_p2   |     +    |      0|  0|  15|           9|           1|
    |add_ln51_fu_463_p2   |     +    |      0|  0|  15|           9|           1|
    |ap_block_state2      |    and   |      0|  0|   2|           1|           1|
    |icmp_ln19_fu_427_p2  |   icmp   |      0|  0|  13|           9|           9|
    |icmp_ln51_fu_457_p2  |   icmp   |      0|  0|  13|           9|           9|
    +---------------------+----------+-------+---+----+------------+------------+
    |Total                |          |      0|  0|  58|          37|          21|
    +---------------------+----------+-------+---+----+------------+------------+

    * Multiplexer: 
    +--------------------+----+-----------+-----+-----------+
    |        Name        | LUT| Input Size| Bits| Total Bits|
    +--------------------+----+-----------+-----+-----------+
    |ap_NS_fsm           |  33|          6|    1|          6|
    |input_0_V_address0  |  15|          3|    9|         27|
    |input_0_V_ce0       |  15|          3|    1|          3|
    |input_0_V_ce1       |   9|          2|    1|          2|
    |input_0_V_d0        |  15|          3|   38|        114|
    |input_0_V_we0       |  15|          3|    1|          3|
    |j9_0_0_reg_258      |   9|          2|    9|         18|
    |j_0_0_reg_247       |   9|          2|    9|         18|
    |output_0_address0   |  15|          3|    9|         27|
    |output_0_ce0        |  15|          3|    1|          3|
    |output_0_we0        |   9|          2|    1|          2|
    |strm_in_V_V_blk_n   |   9|          2|    1|          2|
    |strm_out_V_V_blk_n  |   9|          2|    1|          2|
    +--------------------+----+-----------+-----+-----------+
    |Total               | 177|         36|   82|        227|
    +--------------------+----+-----------+-----+-----------+

    * Register: 
    +-----------------------------------+---+----+-----+-----------+
    |                Name               | FF| LUT| Bits| Const Bits|
    +-----------------------------------+---+----+-----+-----------+
    |add_ln51_reg_496                   |  9|   0|    9|          0|
    |ap_CS_fsm                          |  5|   0|    5|          0|
    |grp_attention_fu_269_ap_start_reg  |  1|   0|    1|          0|
    |j9_0_0_reg_258                     |  9|   0|    9|          0|
    |j_0_0_reg_247                      |  9|   0|    9|          0|
    +-----------------------------------+---+----+-----+-----------+
    |Total                              | 33|   0|   33|          0|
    +-----------------------------------+---+----+-----+-----------+



================================================================
== Interface
================================================================
* Summary: 
+---------------------+-----+-----+------------+--------------+--------------+
|      RTL Ports      | Dir | Bits|  Protocol  | Source Object|    C Type    |
+---------------------+-----+-----+------------+--------------+--------------+
|ap_clk               |  in |    1| ap_ctrl_hs |      dut     | return value |
|ap_rst               |  in |    1| ap_ctrl_hs |      dut     | return value |
|ap_start             |  in |    1| ap_ctrl_hs |      dut     | return value |
|ap_done              | out |    1| ap_ctrl_hs |      dut     | return value |
|ap_idle              | out |    1| ap_ctrl_hs |      dut     | return value |
|ap_ready             | out |    1| ap_ctrl_hs |      dut     | return value |
|strm_in_V_V_dout     |  in |   32|   ap_fifo  |  strm_in_V_V |    pointer   |
|strm_in_V_V_empty_n  |  in |    1|   ap_fifo  |  strm_in_V_V |    pointer   |
|strm_in_V_V_read     | out |    1|   ap_fifo  |  strm_in_V_V |    pointer   |
|strm_out_V_V_din     | out |   32|   ap_fifo  | strm_out_V_V |    pointer   |
|strm_out_V_V_full_n  |  in |    1|   ap_fifo  | strm_out_V_V |    pointer   |
|strm_out_V_V_write   | out |    1|   ap_fifo  | strm_out_V_V |    pointer   |
+---------------------+-----+-----+------------+--------------+--------------+

============================================================
+ Verbose Summary: Synthesis Manager
============================================================
InlineROM: 1
ExposeGlobal: 0
============================================================
+ Verbose Summary: CDFG Model
============================================================
IsTopModel: 1
ResetActiveHigh: 1
IsCombinational: 2
IsDatapathOnly: 2
HasWiredReturn: 1
HasMFsm: 0
HasVarLatency: 1
IsPipeline: 0
IsRtlPipelined: 0
IsInstanceOverlapped: 0
IsDontTouch: 0
HasImplIP: 0
IsGatedGlobalClock: 0


============================================================
+ Verbose Summary: Schedule
============================================================
* Number of FSM states : 5
* Pipeline : 0
* Dataflow Pipeline: 0

* FSM state transitions: 
1 --> 2 
2 --> 3 2 
3 --> 4 
4 --> 5 
5 --> 4 

* FSM state operations: 

State 1 <SV = 0> <Delay = 3.25>
ST_1 : Operation 6 [1/1] (0.00ns)   --->   "%empty = call i32 (...)* @_ssdm_op_SpecInterface(i32* %strm_out_V_V, [8 x i8]* @ap_fifo_str, i32 0, i32 0, [1 x i8]* @p_str, i32 0, i32 0, [1 x i8]* @p_str, [1 x i8]* @p_str, [1 x i8]* @p_str, i32 2, i32 2, i32 16, i32 16, [1 x i8]* @p_str, [1 x i8]* @p_str)"   --->   Operation 6 'specinterface' 'empty' <Predicate = true> <Delay = 0.00>
ST_1 : Operation 7 [1/1] (0.00ns)   --->   "%empty_95 = call i32 (...)* @_ssdm_op_SpecInterface(i32* %strm_in_V_V, [8 x i8]* @ap_fifo_str, i32 0, i32 0, [1 x i8]* @p_str, i32 0, i32 0, [1 x i8]* @p_str, [1 x i8]* @p_str, [1 x i8]* @p_str, i32 2, i32 2, i32 16, i32 16, [1 x i8]* @p_str, [1 x i8]* @p_str)"   --->   Operation 7 'specinterface' 'empty_95' <Predicate = true> <Delay = 0.00>
ST_1 : Operation 8 [1/1] (0.00ns)   --->   "call void (...)* @_ssdm_op_SpecBitsMap(i32* %strm_in_V_V), !map !568"   --->   Operation 8 'specbitsmap' <Predicate = true> <Delay = 0.00>
ST_1 : Operation 9 [1/1] (0.00ns)   --->   "call void (...)* @_ssdm_op_SpecBitsMap(i32* %strm_out_V_V), !map !572"   --->   Operation 9 'specbitsmap' <Predicate = true> <Delay = 0.00>
ST_1 : Operation 10 [1/1] (0.00ns)   --->   "call void (...)* @_ssdm_op_SpecTopModule([4 x i8]* @dut_str) nounwind"   --->   Operation 10 'spectopmodule' <Predicate = true> <Delay = 0.00>
ST_1 : Operation 11 [1/1] (3.25ns)   --->   "%input_0_V = alloca [384 x i38], align 8" [attention.cpp:14]   --->   Operation 11 'alloca' 'input_0_V' <Predicate = true> <Delay = 3.25> <Core = "RAM">   --->   Core 37 'RAM' <Latency = 1> <II = 1> <Delay = 3.25> <Storage> <Opcode : 'load' 'store'> <Ports = 2> <Width = 38> <Depth = 384> <RAM>
ST_1 : Operation 12 [1/1] (3.25ns)   --->   "%output_0 = alloca [384 x i38], align 8"   --->   Operation 12 'alloca' 'output_0' <Predicate = true> <Delay = 3.25> <Core = "RAM">   --->   Core 37 'RAM' <Latency = 1> <II = 1> <Delay = 3.25> <Storage> <Opcode : 'load' 'store'> <Ports = 2> <Width = 38> <Depth = 384> <RAM>
ST_1 : Operation 13 [1/1] (1.76ns)   --->   "br label %.preheader53.0" [attention.cpp:19]   --->   Operation 13 'br' <Predicate = true> <Delay = 1.76>

State 2 <SV = 1> <Delay = 6.88>
ST_2 : Operation 14 [1/1] (0.00ns)   --->   "%j_0_0 = phi i9 [ %add_ln19, %_ZN8ap_fixedILi38ELi18EL9ap_q_mode5EL9ap_o_mode3ELi0EEC1ILi32ELi14ELb1ELS0_5ELS1_3ELi0EEERK13ap_fixed_baseIXT_EXT0_EXT1_EXT2_EXT3_EXT4_EE.exit.0 ], [ 0, %arrayctor.loop4.preheader ]" [attention.cpp:19]   --->   Operation 14 'phi' 'j_0_0' <Predicate = true> <Delay = 0.00>
ST_2 : Operation 15 [1/1] (1.66ns)   --->   "%icmp_ln19 = icmp eq i9 %j_0_0, -128" [attention.cpp:19]   --->   Operation 15 'icmp' 'icmp_ln19' <Predicate = true> <Delay = 1.66> <Core = "Cmp">   --->   Core 25 'Cmp' <Latency = 0> <II = 1> <Delay = 1.66> <FuncUnit> <Opcode : 'icmp'> <InPorts = 2> <OutPorts = 1>
ST_2 : Operation 16 [1/1] (0.00ns)   --->   "%empty_96 = call i32 (...)* @_ssdm_op_SpecLoopTripCount(i64 384, i64 384, i64 384)"   --->   Operation 16 'speclooptripcount' 'empty_96' <Predicate = true> <Delay = 0.00>
ST_2 : Operation 17 [1/1] (1.82ns)   --->   "%add_ln19 = add i9 %j_0_0, 1" [attention.cpp:19]   --->   Operation 17 'add' 'add_ln19' <Predicate = true> <Delay = 1.82> <Core = "AddSub">   --->   Core 14 'AddSub' <Latency = 0> <II = 1> <Delay = 1.82> <FuncUnit> <Opcode : 'add' 'sub'> <InPorts = 2> <OutPorts = 1>
ST_2 : Operation 18 [1/1] (0.00ns)   --->   "br i1 %icmp_ln19, label %.preheader54.1, label %_ZN8ap_fixedILi38ELi18EL9ap_q_mode5EL9ap_o_mode3ELi0EEC1ILi32ELi14ELb1ELS0_5ELS1_3ELi0EEERK13ap_fixed_baseIXT_EXT0_EXT1_EXT2_EXT3_EXT4_EE.exit.0" [attention.cpp:19]   --->   Operation 18 'br' <Predicate = true> <Delay = 0.00>
ST_2 : Operation 19 [1/1] (0.00ns)   --->   "%zext_ln20 = zext i9 %j_0_0 to i64" [attention.cpp:20]   --->   Operation 19 'zext' 'zext_ln20' <Predicate = (!icmp_ln19)> <Delay = 0.00>
ST_2 : Operation 20 [1/1] (3.63ns)   --->   "%tmp_V = call i32 @_ssdm_op_Read.ap_fifo.volatile.i32P(i32* %strm_in_V_V)" [attention.cpp:20]   --->   Operation 20 'read' 'tmp_V' <Predicate = (!icmp_ln19)> <Delay = 3.63> <Core = "FIFO">   --->   Core 32 'FIFO' <Latency = 0> <II = 1> <Delay = 3.63> <Storage> <Opcode : 'read' 'write' 'nbread' 'nbwrite'> <Ports = 0> <Width = 32> <Depth = 0> <FIFO>
ST_2 : Operation 21 [1/1] (0.00ns)   --->   "%shl_ln = call i34 @_ssdm_op_BitConcatenate.i34.i32.i2(i32 %tmp_V, i2 0)" [attention.cpp:20]   --->   Operation 21 'bitconcatenate' 'shl_ln' <Predicate = (!icmp_ln19)> <Delay = 0.00>
ST_2 : Operation 22 [1/1] (0.00ns)   --->   "%sext_ln728 = sext i34 %shl_ln to i38" [attention.cpp:20]   --->   Operation 22 'sext' 'sext_ln728' <Predicate = (!icmp_ln19)> <Delay = 0.00>
ST_2 : Operation 23 [1/1] (0.00ns)   --->   "%input_0_V_addr = getelementptr [384 x i38]* %input_0_V, i64 0, i64 %zext_ln20" [attention.cpp:20]   --->   Operation 23 'getelementptr' 'input_0_V_addr' <Predicate = (!icmp_ln19)> <Delay = 0.00>
ST_2 : Operation 24 [1/1] (3.25ns)   --->   "store i38 %sext_ln728, i38* %input_0_V_addr, align 8" [attention.cpp:20]   --->   Operation 24 'store' <Predicate = (!icmp_ln19)> <Delay = 3.25> <Core = "RAM">   --->   Core 37 'RAM' <Latency = 1> <II = 1> <Delay = 3.25> <Storage> <Opcode : 'load' 'store'> <Ports = 2> <Width = 38> <Depth = 384> <RAM>
ST_2 : Operation 25 [1/1] (0.00ns)   --->   "br label %.preheader53.0" [attention.cpp:19]   --->   Operation 25 'br' <Predicate = (!icmp_ln19)> <Delay = 0.00>
ST_2 : Operation 26 [2/2] (0.00ns)   --->   "call fastcc void @attention([384 x i38]* %input_0_V, [384 x i38]* %output_0)" [attention.cpp:24]   --->   Operation 26 'call' <Predicate = (icmp_ln19)> <Delay = 0.00> <CoreType = "Generic">   --->   Core 0 '' <Latency = 0> <II = 1> <Delay = 1.00> <Generic> <Opcode : >

State 3 <SV = 2> <Delay = 1.76>
ST_3 : Operation 27 [1/2] (0.00ns)   --->   "call fastcc void @attention([384 x i38]* %input_0_V, [384 x i38]* %output_0)" [attention.cpp:24]   --->   Operation 27 'call' <Predicate = true> <Delay = 0.00> <CoreType = "Generic">   --->   Core 0 '' <Latency = 0> <II = 1> <Delay = 1.00> <Generic> <Opcode : >
ST_3 : Operation 28 [1/1] (1.76ns)   --->   "br label %.preheader.0" [attention.cpp:51]   --->   Operation 28 'br' <Predicate = true> <Delay = 1.76>

State 4 <SV = 3> <Delay = 3.25>
ST_4 : Operation 29 [1/1] (0.00ns)   --->   "%j9_0_0 = phi i9 [ %add_ln51, %_ZN8ap_fixedILi32ELi14EL9ap_q_mode5EL9ap_o_mode3ELi0EEC1ILi38ELi18ELb1ELS0_5ELS1_3ELi0EEERK13ap_fixed_baseIXT_EXT0_EXT1_EXT2_EXT3_EXT4_EE.exit.0 ], [ 0, %.preheader54.1 ]" [attention.cpp:51]   --->   Operation 29 'phi' 'j9_0_0' <Predicate = true> <Delay = 0.00>
ST_4 : Operation 30 [1/1] (1.66ns)   --->   "%icmp_ln51 = icmp eq i9 %j9_0_0, -128" [attention.cpp:51]   --->   Operation 30 'icmp' 'icmp_ln51' <Predicate = true> <Delay = 1.66> <Core = "Cmp">   --->   Core 25 'Cmp' <Latency = 0> <II = 1> <Delay = 1.66> <FuncUnit> <Opcode : 'icmp'> <InPorts = 2> <OutPorts = 1>
ST_4 : Operation 31 [1/1] (0.00ns)   --->   "%empty_97 = call i32 (...)* @_ssdm_op_SpecLoopTripCount(i64 384, i64 384, i64 384)"   --->   Operation 31 'speclooptripcount' 'empty_97' <Predicate = true> <Delay = 0.00>
ST_4 : Operation 32 [1/1] (1.82ns)   --->   "%add_ln51 = add i9 %j9_0_0, 1" [attention.cpp:51]   --->   Operation 32 'add' 'add_ln51' <Predicate = true> <Delay = 1.82> <Core = "AddSub">   --->   Core 14 'AddSub' <Latency = 0> <II = 1> <Delay = 1.82> <FuncUnit> <Opcode : 'add' 'sub'> <InPorts = 2> <OutPorts = 1>
ST_4 : Operation 33 [1/1] (0.00ns)   --->   "br i1 %icmp_ln51, label %0, label %_ZN8ap_fixedILi32ELi14EL9ap_q_mode5EL9ap_o_mode3ELi0EEC1ILi38ELi18ELb1ELS0_5ELS1_3ELi0EEERK13ap_fixed_baseIXT_EXT0_EXT1_EXT2_EXT3_EXT4_EE.exit.0" [attention.cpp:51]   --->   Operation 33 'br' <Predicate = true> <Delay = 0.00>
ST_4 : Operation 34 [1/1] (0.00ns)   --->   "%zext_ln52 = zext i9 %j9_0_0 to i64" [attention.cpp:52]   --->   Operation 34 'zext' 'zext_ln52' <Predicate = (!icmp_ln51)> <Delay = 0.00>
ST_4 : Operation 35 [1/1] (0.00ns)   --->   "%output_0_addr = getelementptr [384 x i38]* %output_0, i64 0, i64 %zext_ln52" [attention.cpp:52]   --->   Operation 35 'getelementptr' 'output_0_addr' <Predicate = (!icmp_ln51)> <Delay = 0.00>
ST_4 : Operation 36 [2/2] (3.25ns)   --->   "%output_0_load = load i38* %output_0_addr, align 8" [attention.cpp:52]   --->   Operation 36 'load' 'output_0_load' <Predicate = (!icmp_ln51)> <Delay = 3.25> <Core = "RAM">   --->   Core 37 'RAM' <Latency = 1> <II = 1> <Delay = 3.25> <Storage> <Opcode : 'load' 'store'> <Ports = 2> <Width = 38> <Depth = 384> <RAM>
ST_4 : Operation 37 [1/1] (0.00ns)   --->   "ret void" [attention.cpp:53]   --->   Operation 37 'ret' <Predicate = (icmp_ln51)> <Delay = 0.00>

State 5 <SV = 4> <Delay = 6.88>
ST_5 : Operation 38 [1/2] (3.25ns)   --->   "%output_0_load = load i38* %output_0_addr, align 8" [attention.cpp:52]   --->   Operation 38 'load' 'output_0_load' <Predicate = true> <Delay = 3.25> <Core = "RAM">   --->   Core 37 'RAM' <Latency = 1> <II = 1> <Delay = 3.25> <Storage> <Opcode : 'load' 'store'> <Ports = 2> <Width = 38> <Depth = 384> <RAM>
ST_5 : Operation 39 [1/1] (0.00ns)   --->   "%tmp_V_4 = call i32 @_ssdm_op_PartSelect.i32.i38.i32.i32(i38 %output_0_load, i32 2, i32 33)" [attention.cpp:52]   --->   Operation 39 'partselect' 'tmp_V_4' <Predicate = true> <Delay = 0.00>
ST_5 : Operation 40 [1/1] (3.63ns)   --->   "call void @_ssdm_op_Write.ap_fifo.volatile.i32P(i32* %strm_out_V_V, i32 %tmp_V_4)" [attention.cpp:52]   --->   Operation 40 'write' <Predicate = true> <Delay = 3.63> <Core = "FIFO">   --->   Core 32 'FIFO' <Latency = 0> <II = 1> <Delay = 3.63> <Storage> <Opcode : 'read' 'write' 'nbread' 'nbwrite'> <Ports = 0> <Width = 32> <Depth = 0> <FIFO>
ST_5 : Operation 41 [1/1] (0.00ns)   --->   "br label %.preheader.0" [attention.cpp:51]   --->   Operation 41 'br' <Predicate = true> <Delay = 0.00>


============================================================
+ Verbose Summary: Binding
============================================================
STG Binding: 
---------------- STG Properties BEGIN ----------------
- Is combinational: 0
- Is one-state seq: 0
- Is datapath-only: 0
- Is pipelined: 0
- Is top level: 1
Port [ Return ] is wired: 1; IO mode=ap_ctrl_hs:ce=0
Port [ strm_in_V_V]:  wired=1; compound=1; hidden=0; nouse=0; global=0; static=0; extern=0; dir=0; type=3; pingpong=0; private_global=0; IO mode=ap_fifo:ce=0
Port [ strm_out_V_V]:  wired=1; compound=1; hidden=0; nouse=0; global=0; static=0; extern=0; dir=1; type=3; pingpong=0; private_global=0; IO mode=ap_fifo:ce=0
Port [ ln_weight_in_V]:  wired=0; compound=1; hidden=1; nouse=1; global=1; static=1; extern=0; dir=0; type=1; pingpong=0; private_global=0; linkage=7; visibility=0; MemPort=[13]; IO mode=ap_memory:ce=0
Port [ q_weights_0]:  wired=0; compound=1; hidden=1; nouse=1; global=1; static=1; extern=0; dir=0; type=1; pingpong=0; private_global=0; linkage=7; visibility=0; MemPort=[13]; IO mode=ap_memory:ce=0
Port [ q_weights_1]:  wired=0; compound=1; hidden=1; nouse=1; global=1; static=1; extern=0; dir=0; type=1; pingpong=0; private_global=0; linkage=7; visibility=0; MemPort=[13]; IO mode=ap_memory:ce=0
Port [ q_weights_2]:  wired=0; compound=1; hidden=1; nouse=1; global=1; static=1; extern=0; dir=0; type=1; pingpong=0; private_global=0; linkage=7; visibility=0; MemPort=[13]; IO mode=ap_memory:ce=0
Port [ q_weights_3]:  wired=0; compound=1; hidden=1; nouse=1; global=1; static=1; extern=0; dir=0; type=1; pingpong=0; private_global=0; linkage=7; visibility=0; MemPort=[13]; IO mode=ap_memory:ce=0
Port [ q_weights_4]:  wired=0; compound=1; hidden=1; nouse=1; global=1; static=1; extern=0; dir=0; type=1; pingpong=0; private_global=0; linkage=7; visibility=0; MemPort=[13]; IO mode=ap_memory:ce=0
Port [ q_weights_5]:  wired=0; compound=1; hidden=1; nouse=1; global=1; static=1; extern=0; dir=0; type=1; pingpong=0; private_global=0; linkage=7; visibility=0; MemPort=[13]; IO mode=ap_memory:ce=0
Port [ q_weights_6]:  wired=0; compound=1; hidden=1; nouse=1; global=1; static=1; extern=0; dir=0; type=1; pingpong=0; private_global=0; linkage=7; visibility=0; MemPort=[13]; IO mode=ap_memory:ce=0
Port [ q_weights_7]:  wired=0; compound=1; hidden=1; nouse=1; global=1; static=1; extern=0; dir=0; type=1; pingpong=0; private_global=0; linkage=7; visibility=0; MemPort=[13]; IO mode=ap_memory:ce=0
Port [ q_weights_8]:  wired=0; compound=1; hidden=1; nouse=1; global=1; static=1; extern=0; dir=0; type=1; pingpong=0; private_global=0; linkage=7; visibility=0; MemPort=[13]; IO mode=ap_memory:ce=0
Port [ q_weights_9]:  wired=0; compound=1; hidden=1; nouse=1; global=1; static=1; extern=0; dir=0; type=1; pingpong=0; private_global=0; linkage=7; visibility=0; MemPort=[13]; IO mode=ap_memory:ce=0
Port [ q_weights_10]:  wired=0; compound=1; hidden=1; nouse=1; global=1; static=1; extern=0; dir=0; type=1; pingpong=0; private_global=0; linkage=7; visibility=0; MemPort=[13]; IO mode=ap_memory:ce=0
Port [ q_weights_11]:  wired=0; compound=1; hidden=1; nouse=1; global=1; static=1; extern=0; dir=0; type=1; pingpong=0; private_global=0; linkage=7; visibility=0; MemPort=[13]; IO mode=ap_memory:ce=0
Port [ q_weights_12]:  wired=0; compound=1; hidden=1; nouse=1; global=1; static=1; extern=0; dir=0; type=1; pingpong=0; private_global=0; linkage=7; visibility=0; MemPort=[13]; IO mode=ap_memory:ce=0
Port [ q_weights_13]:  wired=0; compound=1; hidden=1; nouse=1; global=1; static=1; extern=0; dir=0; type=1; pingpong=0; private_global=0; linkage=7; visibility=0; MemPort=[13]; IO mode=ap_memory:ce=0
Port [ q_weights_14]:  wired=0; compound=1; hidden=1; nouse=1; global=1; static=1; extern=0; dir=0; type=1; pingpong=0; private_global=0; linkage=7; visibility=0; MemPort=[13]; IO mode=ap_memory:ce=0
Port [ q_weights_15]:  wired=0; compound=1; hidden=1; nouse=1; global=1; static=1; extern=0; dir=0; type=1; pingpong=0; private_global=0; linkage=7; visibility=0; MemPort=[13]; IO mode=ap_memory:ce=0
Port [ k_weights_0]:  wired=0; compound=1; hidden=1; nouse=1; global=1; static=1; extern=0; dir=0; type=1; pingpong=0; private_global=0; linkage=7; visibility=0; MemPort=[13]; IO mode=ap_memory:ce=0
Port [ k_weights_1]:  wired=0; compound=1; hidden=1; nouse=1; global=1; static=1; extern=0; dir=0; type=1; pingpong=0; private_global=0; linkage=7; visibility=0; MemPort=[13]; IO mode=ap_memory:ce=0
Port [ k_weights_2]:  wired=0; compound=1; hidden=1; nouse=1; global=1; static=1; extern=0; dir=0; type=1; pingpong=0; private_global=0; linkage=7; visibility=0; MemPort=[13]; IO mode=ap_memory:ce=0
Port [ k_weights_3]:  wired=0; compound=1; hidden=1; nouse=1; global=1; static=1; extern=0; dir=0; type=1; pingpong=0; private_global=0; linkage=7; visibility=0; MemPort=[13]; IO mode=ap_memory:ce=0
Port [ k_weights_4]:  wired=0; compound=1; hidden=1; nouse=1; global=1; static=1; extern=0; dir=0; type=1; pingpong=0; private_global=0; linkage=7; visibility=0; MemPort=[13]; IO mode=ap_memory:ce=0
Port [ k_weights_5]:  wired=0; compound=1; hidden=1; nouse=1; global=1; static=1; extern=0; dir=0; type=1; pingpong=0; private_global=0; linkage=7; visibility=0; MemPort=[13]; IO mode=ap_memory:ce=0
Port [ k_weights_6]:  wired=0; compound=1; hidden=1; nouse=1; global=1; static=1; extern=0; dir=0; type=1; pingpong=0; private_global=0; linkage=7; visibility=0; MemPort=[13]; IO mode=ap_memory:ce=0
Port [ k_weights_7]:  wired=0; compound=1; hidden=1; nouse=1; global=1; static=1; extern=0; dir=0; type=1; pingpong=0; private_global=0; linkage=7; visibility=0; MemPort=[13]; IO mode=ap_memory:ce=0
Port [ k_weights_8]:  wired=0; compound=1; hidden=1; nouse=1; global=1; static=1; extern=0; dir=0; type=1; pingpong=0; private_global=0; linkage=7; visibility=0; MemPort=[13]; IO mode=ap_memory:ce=0
Port [ k_weights_9]:  wired=0; compound=1; hidden=1; nouse=1; global=1; static=1; extern=0; dir=0; type=1; pingpong=0; private_global=0; linkage=7; visibility=0; MemPort=[13]; IO mode=ap_memory:ce=0
Port [ k_weights_10]:  wired=0; compound=1; hidden=1; nouse=1; global=1; static=1; extern=0; dir=0; type=1; pingpong=0; private_global=0; linkage=7; visibility=0; MemPort=[13]; IO mode=ap_memory:ce=0
Port [ k_weights_11]:  wired=0; compound=1; hidden=1; nouse=1; global=1; static=1; extern=0; dir=0; type=1; pingpong=0; private_global=0; linkage=7; visibility=0; MemPort=[13]; IO mode=ap_memory:ce=0
Port [ k_weights_12]:  wired=0; compound=1; hidden=1; nouse=1; global=1; static=1; extern=0; dir=0; type=1; pingpong=0; private_global=0; linkage=7; visibility=0; MemPort=[13]; IO mode=ap_memory:ce=0
Port [ k_weights_13]:  wired=0; compound=1; hidden=1; nouse=1; global=1; static=1; extern=0; dir=0; type=1; pingpong=0; private_global=0; linkage=7; visibility=0; MemPort=[13]; IO mode=ap_memory:ce=0
Port [ k_weights_14]:  wired=0; compound=1; hidden=1; nouse=1; global=1; static=1; extern=0; dir=0; type=1; pingpong=0; private_global=0; linkage=7; visibility=0; MemPort=[13]; IO mode=ap_memory:ce=0
Port [ k_weights_15]:  wired=0; compound=1; hidden=1; nouse=1; global=1; static=1; extern=0; dir=0; type=1; pingpong=0; private_global=0; linkage=7; visibility=0; MemPort=[13]; IO mode=ap_memory:ce=0
Port [ v_weights_0]:  wired=0; compound=1; hidden=1; nouse=1; global=1; static=1; extern=0; dir=0; type=1; pingpong=0; private_global=0; linkage=7; visibility=0; MemPort=[13]; IO mode=ap_memory:ce=0
Port [ v_weights_1]:  wired=0; compound=1; hidden=1; nouse=1; global=1; static=1; extern=0; dir=0; type=1; pingpong=0; private_global=0; linkage=7; visibility=0; MemPort=[13]; IO mode=ap_memory:ce=0
Port [ v_weights_2]:  wired=0; compound=1; hidden=1; nouse=1; global=1; static=1; extern=0; dir=0; type=1; pingpong=0; private_global=0; linkage=7; visibility=0; MemPort=[13]; IO mode=ap_memory:ce=0
Port [ v_weights_3]:  wired=0; compound=1; hidden=1; nouse=1; global=1; static=1; extern=0; dir=0; type=1; pingpong=0; private_global=0; linkage=7; visibility=0; MemPort=[13]; IO mode=ap_memory:ce=0
Port [ v_weights_4]:  wired=0; compound=1; hidden=1; nouse=1; global=1; static=1; extern=0; dir=0; type=1; pingpong=0; private_global=0; linkage=7; visibility=0; MemPort=[13]; IO mode=ap_memory:ce=0
Port [ v_weights_5]:  wired=0; compound=1; hidden=1; nouse=1; global=1; static=1; extern=0; dir=0; type=1; pingpong=0; private_global=0; linkage=7; visibility=0; MemPort=[13]; IO mode=ap_memory:ce=0
Port [ v_weights_6]:  wired=0; compound=1; hidden=1; nouse=1; global=1; static=1; extern=0; dir=0; type=1; pingpong=0; private_global=0; linkage=7; visibility=0; MemPort=[13]; IO mode=ap_memory:ce=0
Port [ v_weights_7]:  wired=0; compound=1; hidden=1; nouse=1; global=1; static=1; extern=0; dir=0; type=1; pingpong=0; private_global=0; linkage=7; visibility=0; MemPort=[13]; IO mode=ap_memory:ce=0
Port [ v_weights_8]:  wired=0; compound=1; hidden=1; nouse=1; global=1; static=1; extern=0; dir=0; type=1; pingpong=0; private_global=0; linkage=7; visibility=0; MemPort=[13]; IO mode=ap_memory:ce=0
Port [ v_weights_9]:  wired=0; compound=1; hidden=1; nouse=1; global=1; static=1; extern=0; dir=0; type=1; pingpong=0; private_global=0; linkage=7; visibility=0; MemPort=[13]; IO mode=ap_memory:ce=0
Port [ v_weights_10]:  wired=0; compound=1; hidden=1; nouse=1; global=1; static=1; extern=0; dir=0; type=1; pingpong=0; private_global=0; linkage=7; visibility=0; MemPort=[13]; IO mode=ap_memory:ce=0
Port [ v_weights_11]:  wired=0; compound=1; hidden=1; nouse=1; global=1; static=1; extern=0; dir=0; type=1; pingpong=0; private_global=0; linkage=7; visibility=0; MemPort=[13]; IO mode=ap_memory:ce=0
Port [ v_weights_12]:  wired=0; compound=1; hidden=1; nouse=1; global=1; static=1; extern=0; dir=0; type=1; pingpong=0; private_global=0; linkage=7; visibility=0; MemPort=[13]; IO mode=ap_memory:ce=0
Port [ v_weights_13]:  wired=0; compound=1; hidden=1; nouse=1; global=1; static=1; extern=0; dir=0; type=1; pingpong=0; private_global=0; linkage=7; visibility=0; MemPort=[13]; IO mode=ap_memory:ce=0
Port [ v_weights_14]:  wired=0; compound=1; hidden=1; nouse=1; global=1; static=1; extern=0; dir=0; type=1; pingpong=0; private_global=0; linkage=7; visibility=0; MemPort=[13]; IO mode=ap_memory:ce=0
Port [ v_weights_15]:  wired=0; compound=1; hidden=1; nouse=1; global=1; static=1; extern=0; dir=0; type=1; pingpong=0; private_global=0; linkage=7; visibility=0; MemPort=[13]; IO mode=ap_memory:ce=0
Port [ cos_tab_V_5]:  wired=0; compound=1; hidden=1; nouse=1; global=1; static=1; extern=0; dir=0; type=1; pingpong=0; private_global=0; linkage=7; visibility=0; MemPort=[1]; IO mode=ap_memory:ce=0
Port [ sin_tab_V_5]:  wired=0; compound=1; hidden=1; nouse=1; global=1; static=1; extern=0; dir=0; type=1; pingpong=0; private_global=0; linkage=7; visibility=0; MemPort=[1]; IO mode=ap_memory:ce=0
Port [ k_cache_V]:  wired=0; compound=1; hidden=1; nouse=1; global=1; static=1; extern=0; dir=0; type=1; pingpong=0; private_global=0; linkage=7; visibility=0; MemPort=[13]; IO mode=ap_memory:ce=0
Port [ v_cache_V]:  wired=0; compound=1; hidden=1; nouse=1; global=1; static=1; extern=0; dir=0; type=1; pingpong=0; private_global=0; linkage=7; visibility=0; MemPort=[13]; IO mode=ap_memory:ce=0
Port [ f_x_msb_4_h_table_V]:  wired=0; compound=1; hidden=1; nouse=1; global=1; static=1; extern=0; dir=0; type=1; pingpong=0; private_global=0; linkage=7; visibility=0; MemPort=[1]; IO mode=ap_memory:ce=0
Port [ f_x_msb_4_l_table_V]:  wired=0; compound=1; hidden=1; nouse=1; global=1; static=1; extern=0; dir=0; type=1; pingpong=0; private_global=0; linkage=7; visibility=0; MemPort=[1]; IO mode=ap_memory:ce=0
Port [ f_x_lsb_table_V]:  wired=0; compound=1; hidden=1; nouse=1; global=1; static=1; extern=0; dir=0; type=1; pingpong=0; private_global=0; linkage=7; visibility=0; MemPort=[1]; IO mode=ap_memory:ce=0
Port [ f_x_msb_3_table_V]:  wired=0; compound=1; hidden=1; nouse=1; global=1; static=1; extern=0; dir=0; type=1; pingpong=0; private_global=0; linkage=7; visibility=0; MemPort=[1]; IO mode=ap_memory:ce=0
Port [ f_x_msb_2_table_V]:  wired=0; compound=1; hidden=1; nouse=1; global=1; static=1; extern=0; dir=0; type=1; pingpong=0; private_global=0; linkage=7; visibility=0; MemPort=[1]; IO mode=ap_memory:ce=0
Port [ exp_x_msb_1_table_V]:  wired=0; compound=1; hidden=1; nouse=1; global=1; static=1; extern=0; dir=0; type=1; pingpong=0; private_global=0; linkage=7; visibility=0; MemPort=[1]; IO mode=ap_memory:ce=0
Port [ ln_weight_V]:  wired=0; compound=1; hidden=1; nouse=1; global=1; static=1; extern=0; dir=0; type=1; pingpong=0; private_global=0; linkage=7; visibility=0; MemPort=[13]; IO mode=ap_memory:ce=0
Port [ o_weights_0]:  wired=0; compound=1; hidden=1; nouse=1; global=1; static=1; extern=0; dir=0; type=1; pingpong=0; private_global=0; linkage=7; visibility=0; MemPort=[13]; IO mode=ap_memory:ce=0
Port [ o_weights_1]:  wired=0; compound=1; hidden=1; nouse=1; global=1; static=1; extern=0; dir=0; type=1; pingpong=0; private_global=0; linkage=7; visibility=0; MemPort=[13]; IO mode=ap_memory:ce=0
Port [ o_weights_2]:  wired=0; compound=1; hidden=1; nouse=1; global=1; static=1; extern=0; dir=0; type=1; pingpong=0; private_global=0; linkage=7; visibility=0; MemPort=[13]; IO mode=ap_memory:ce=0
Port [ o_weights_3]:  wired=0; compound=1; hidden=1; nouse=1; global=1; static=1; extern=0; dir=0; type=1; pingpong=0; private_global=0; linkage=7; visibility=0; MemPort=[13]; IO mode=ap_memory:ce=0
Port [ o_weights_4]:  wired=0; compound=1; hidden=1; nouse=1; global=1; static=1; extern=0; dir=0; type=1; pingpong=0; private_global=0; linkage=7; visibility=0; MemPort=[13]; IO mode=ap_memory:ce=0
Port [ o_weights_5]:  wired=0; compound=1; hidden=1; nouse=1; global=1; static=1; extern=0; dir=0; type=1; pingpong=0; private_global=0; linkage=7; visibility=0; MemPort=[13]; IO mode=ap_memory:ce=0
Port [ o_weights_6]:  wired=0; compound=1; hidden=1; nouse=1; global=1; static=1; extern=0; dir=0; type=1; pingpong=0; private_global=0; linkage=7; visibility=0; MemPort=[13]; IO mode=ap_memory:ce=0
Port [ o_weights_7]:  wired=0; compound=1; hidden=1; nouse=1; global=1; static=1; extern=0; dir=0; type=1; pingpong=0; private_global=0; linkage=7; visibility=0; MemPort=[13]; IO mode=ap_memory:ce=0
Port [ o_weights_8]:  wired=0; compound=1; hidden=1; nouse=1; global=1; static=1; extern=0; dir=0; type=1; pingpong=0; private_global=0; linkage=7; visibility=0; MemPort=[13]; IO mode=ap_memory:ce=0
Port [ o_weights_9]:  wired=0; compound=1; hidden=1; nouse=1; global=1; static=1; extern=0; dir=0; type=1; pingpong=0; private_global=0; linkage=7; visibility=0; MemPort=[13]; IO mode=ap_memory:ce=0
Port [ o_weights_10]:  wired=0; compound=1; hidden=1; nouse=1; global=1; static=1; extern=0; dir=0; type=1; pingpong=0; private_global=0; linkage=7; visibility=0; MemPort=[13]; IO mode=ap_memory:ce=0
Port [ o_weights_11]:  wired=0; compound=1; hidden=1; nouse=1; global=1; static=1; extern=0; dir=0; type=1; pingpong=0; private_global=0; linkage=7; visibility=0; MemPort=[13]; IO mode=ap_memory:ce=0
Port [ o_weights_12]:  wired=0; compound=1; hidden=1; nouse=1; global=1; static=1; extern=0; dir=0; type=1; pingpong=0; private_global=0; linkage=7; visibility=0; MemPort=[13]; IO mode=ap_memory:ce=0
Port [ o_weights_13]:  wired=0; compound=1; hidden=1; nouse=1; global=1; static=1; extern=0; dir=0; type=1; pingpong=0; private_global=0; linkage=7; visibility=0; MemPort=[13]; IO mode=ap_memory:ce=0
Port [ o_weights_14]:  wired=0; compound=1; hidden=1; nouse=1; global=1; static=1; extern=0; dir=0; type=1; pingpong=0; private_global=0; linkage=7; visibility=0; MemPort=[13]; IO mode=ap_memory:ce=0
Port [ o_weights_15]:  wired=0; compound=1; hidden=1; nouse=1; global=1; static=1; extern=0; dir=0; type=1; pingpong=0; private_global=0; linkage=7; visibility=0; MemPort=[13]; IO mode=ap_memory:ce=0
---------------- STG Properties END ------------------

---------------- Datapath Model BEGIN ----------------

<LifeTime>
<method=bitvector/>
empty             (specinterface    ) [ 000000]
empty_95          (specinterface    ) [ 000000]
specbitsmap_ln0   (specbitsmap      ) [ 000000]
specbitsmap_ln0   (specbitsmap      ) [ 000000]
spectopmodule_ln0 (spectopmodule    ) [ 000000]
input_0_V         (alloca           ) [ 001100]
output_0          (alloca           ) [ 001111]
br_ln19           (br               ) [ 011000]
j_0_0             (phi              ) [ 001000]
icmp_ln19         (icmp             ) [ 001000]
empty_96          (speclooptripcount) [ 000000]
add_ln19          (add              ) [ 011000]
br_ln19           (br               ) [ 000000]
zext_ln20         (zext             ) [ 000000]
tmp_V             (read             ) [ 000000]
shl_ln            (bitconcatenate   ) [ 000000]
sext_ln728        (sext             ) [ 000000]
input_0_V_addr    (getelementptr    ) [ 000000]
store_ln20        (store            ) [ 000000]
br_ln19           (br               ) [ 011000]
call_ln24         (call             ) [ 000000]
br_ln51           (br               ) [ 000111]
j9_0_0            (phi              ) [ 000010]
icmp_ln51         (icmp             ) [ 000011]
empty_97          (speclooptripcount) [ 000000]
add_ln51          (add              ) [ 000111]
br_ln51           (br               ) [ 000000]
zext_ln52         (zext             ) [ 000000]
output_0_addr     (getelementptr    ) [ 000001]
ret_ln53          (ret              ) [ 000000]
output_0_load     (load             ) [ 000000]
tmp_V_4           (partselect       ) [ 000000]
write_ln52        (write            ) [ 000000]
br_ln51           (br               ) [ 000111]
</LifeTime>

<model>

<comp_list>
<comp id="0" class="1000" name="strm_in_V_V">
<pin_list>
<pin id="1" dir="1" index="0" bw="1" slack="0"/>
</pin_list>
<bind>
<StgValue><ssdm name="strm_in_V_V"/></StgValue>
</bind>
</comp>

<comp id="2" class="1000" name="strm_out_V_V">
<pin_list>
<pin id="3" dir="1" index="0" bw="1" slack="0"/>
</pin_list>
<bind>
<StgValue><ssdm name="strm_out_V_V"/></StgValue>
</bind>
</comp>

<comp id="4" class="1000" name="ln_weight_in_V">
<pin_list>
<pin id="5" dir="1" index="0" bw="1" slack="0"/>
</pin_list>
<bind>
<StgValue><ssdm name="ln_weight_in_V"/><MemPortTyVec>1 3 </MemPortTyVec>
</StgValue>
</bind>
</comp>

<comp id="6" class="1000" name="q_weights_0">
<pin_list>
<pin id="7" dir="1" index="0" bw="1" slack="0"/>
</pin_list>
<bind>
<StgValue><ssdm name="q_weights_0"/><MemPortTyVec>1 3 </MemPortTyVec>
</StgValue>
</bind>
</comp>

<comp id="8" class="1000" name="q_weights_1">
<pin_list>
<pin id="9" dir="1" index="0" bw="1" slack="0"/>
</pin_list>
<bind>
<StgValue><ssdm name="q_weights_1"/><MemPortTyVec>1 3 </MemPortTyVec>
</StgValue>
</bind>
</comp>

<comp id="10" class="1000" name="q_weights_2">
<pin_list>
<pin id="11" dir="1" index="0" bw="1" slack="0"/>
</pin_list>
<bind>
<StgValue><ssdm name="q_weights_2"/><MemPortTyVec>1 3 </MemPortTyVec>
</StgValue>
</bind>
</comp>

<comp id="12" class="1000" name="q_weights_3">
<pin_list>
<pin id="13" dir="1" index="0" bw="1" slack="0"/>
</pin_list>
<bind>
<StgValue><ssdm name="q_weights_3"/><MemPortTyVec>1 3 </MemPortTyVec>
</StgValue>
</bind>
</comp>

<comp id="14" class="1000" name="q_weights_4">
<pin_list>
<pin id="15" dir="1" index="0" bw="1" slack="0"/>
</pin_list>
<bind>
<StgValue><ssdm name="q_weights_4"/><MemPortTyVec>1 3 </MemPortTyVec>
</StgValue>
</bind>
</comp>

<comp id="16" class="1000" name="q_weights_5">
<pin_list>
<pin id="17" dir="1" index="0" bw="1" slack="0"/>
</pin_list>
<bind>
<StgValue><ssdm name="q_weights_5"/><MemPortTyVec>1 3 </MemPortTyVec>
</StgValue>
</bind>
</comp>

<comp id="18" class="1000" name="q_weights_6">
<pin_list>
<pin id="19" dir="1" index="0" bw="1" slack="0"/>
</pin_list>
<bind>
<StgValue><ssdm name="q_weights_6"/><MemPortTyVec>1 3 </MemPortTyVec>
</StgValue>
</bind>
</comp>

<comp id="20" class="1000" name="q_weights_7">
<pin_list>
<pin id="21" dir="1" index="0" bw="1" slack="0"/>
</pin_list>
<bind>
<StgValue><ssdm name="q_weights_7"/><MemPortTyVec>1 3 </MemPortTyVec>
</StgValue>
</bind>
</comp>

<comp id="22" class="1000" name="q_weights_8">
<pin_list>
<pin id="23" dir="1" index="0" bw="1" slack="0"/>
</pin_list>
<bind>
<StgValue><ssdm name="q_weights_8"/><MemPortTyVec>1 3 </MemPortTyVec>
</StgValue>
</bind>
</comp>

<comp id="24" class="1000" name="q_weights_9">
<pin_list>
<pin id="25" dir="1" index="0" bw="1" slack="0"/>
</pin_list>
<bind>
<StgValue><ssdm name="q_weights_9"/><MemPortTyVec>1 3 </MemPortTyVec>
</StgValue>
</bind>
</comp>

<comp id="26" class="1000" name="q_weights_10">
<pin_list>
<pin id="27" dir="1" index="0" bw="1" slack="0"/>
</pin_list>
<bind>
<StgValue><ssdm name="q_weights_10"/><MemPortTyVec>1 3 </MemPortTyVec>
</StgValue>
</bind>
</comp>

<comp id="28" class="1000" name="q_weights_11">
<pin_list>
<pin id="29" dir="1" index="0" bw="1" slack="0"/>
</pin_list>
<bind>
<StgValue><ssdm name="q_weights_11"/><MemPortTyVec>1 3 </MemPortTyVec>
</StgValue>
</bind>
</comp>

<comp id="30" class="1000" name="q_weights_12">
<pin_list>
<pin id="31" dir="1" index="0" bw="1" slack="0"/>
</pin_list>
<bind>
<StgValue><ssdm name="q_weights_12"/><MemPortTyVec>1 3 </MemPortTyVec>
</StgValue>
</bind>
</comp>

<comp id="32" class="1000" name="q_weights_13">
<pin_list>
<pin id="33" dir="1" index="0" bw="1" slack="0"/>
</pin_list>
<bind>
<StgValue><ssdm name="q_weights_13"/><MemPortTyVec>1 3 </MemPortTyVec>
</StgValue>
</bind>
</comp>

<comp id="34" class="1000" name="q_weights_14">
<pin_list>
<pin id="35" dir="1" index="0" bw="1" slack="0"/>
</pin_list>
<bind>
<StgValue><ssdm name="q_weights_14"/><MemPortTyVec>1 3 </MemPortTyVec>
</StgValue>
</bind>
</comp>

<comp id="36" class="1000" name="q_weights_15">
<pin_list>
<pin id="37" dir="1" index="0" bw="1" slack="0"/>
</pin_list>
<bind>
<StgValue><ssdm name="q_weights_15"/><MemPortTyVec>1 3 </MemPortTyVec>
</StgValue>
</bind>
</comp>

<comp id="38" class="1000" name="k_weights_0">
<pin_list>
<pin id="39" dir="1" index="0" bw="1" slack="0"/>
</pin_list>
<bind>
<StgValue><ssdm name="k_weights_0"/><MemPortTyVec>1 3 </MemPortTyVec>
</StgValue>
</bind>
</comp>

<comp id="40" class="1000" name="k_weights_1">
<pin_list>
<pin id="41" dir="1" index="0" bw="1" slack="0"/>
</pin_list>
<bind>
<StgValue><ssdm name="k_weights_1"/><MemPortTyVec>1 3 </MemPortTyVec>
</StgValue>
</bind>
</comp>

<comp id="42" class="1000" name="k_weights_2">
<pin_list>
<pin id="43" dir="1" index="0" bw="1" slack="0"/>
</pin_list>
<bind>
<StgValue><ssdm name="k_weights_2"/><MemPortTyVec>1 3 </MemPortTyVec>
</StgValue>
</bind>
</comp>

<comp id="44" class="1000" name="k_weights_3">
<pin_list>
<pin id="45" dir="1" index="0" bw="1" slack="0"/>
</pin_list>
<bind>
<StgValue><ssdm name="k_weights_3"/><MemPortTyVec>1 3 </MemPortTyVec>
</StgValue>
</bind>
</comp>

<comp id="46" class="1000" name="k_weights_4">
<pin_list>
<pin id="47" dir="1" index="0" bw="1" slack="0"/>
</pin_list>
<bind>
<StgValue><ssdm name="k_weights_4"/><MemPortTyVec>1 3 </MemPortTyVec>
</StgValue>
</bind>
</comp>

<comp id="48" class="1000" name="k_weights_5">
<pin_list>
<pin id="49" dir="1" index="0" bw="1" slack="0"/>
</pin_list>
<bind>
<StgValue><ssdm name="k_weights_5"/><MemPortTyVec>1 3 </MemPortTyVec>
</StgValue>
</bind>
</comp>

<comp id="50" class="1000" name="k_weights_6">
<pin_list>
<pin id="51" dir="1" index="0" bw="1" slack="0"/>
</pin_list>
<bind>
<StgValue><ssdm name="k_weights_6"/><MemPortTyVec>1 3 </MemPortTyVec>
</StgValue>
</bind>
</comp>

<comp id="52" class="1000" name="k_weights_7">
<pin_list>
<pin id="53" dir="1" index="0" bw="1" slack="0"/>
</pin_list>
<bind>
<StgValue><ssdm name="k_weights_7"/><MemPortTyVec>1 3 </MemPortTyVec>
</StgValue>
</bind>
</comp>

<comp id="54" class="1000" name="k_weights_8">
<pin_list>
<pin id="55" dir="1" index="0" bw="1" slack="0"/>
</pin_list>
<bind>
<StgValue><ssdm name="k_weights_8"/><MemPortTyVec>1 3 </MemPortTyVec>
</StgValue>
</bind>
</comp>

<comp id="56" class="1000" name="k_weights_9">
<pin_list>
<pin id="57" dir="1" index="0" bw="1" slack="0"/>
</pin_list>
<bind>
<StgValue><ssdm name="k_weights_9"/><MemPortTyVec>1 3 </MemPortTyVec>
</StgValue>
</bind>
</comp>

<comp id="58" class="1000" name="k_weights_10">
<pin_list>
<pin id="59" dir="1" index="0" bw="1" slack="0"/>
</pin_list>
<bind>
<StgValue><ssdm name="k_weights_10"/><MemPortTyVec>1 3 </MemPortTyVec>
</StgValue>
</bind>
</comp>

<comp id="60" class="1000" name="k_weights_11">
<pin_list>
<pin id="61" dir="1" index="0" bw="1" slack="0"/>
</pin_list>
<bind>
<StgValue><ssdm name="k_weights_11"/><MemPortTyVec>1 3 </MemPortTyVec>
</StgValue>
</bind>
</comp>

<comp id="62" class="1000" name="k_weights_12">
<pin_list>
<pin id="63" dir="1" index="0" bw="1" slack="0"/>
</pin_list>
<bind>
<StgValue><ssdm name="k_weights_12"/><MemPortTyVec>1 3 </MemPortTyVec>
</StgValue>
</bind>
</comp>

<comp id="64" class="1000" name="k_weights_13">
<pin_list>
<pin id="65" dir="1" index="0" bw="1" slack="0"/>
</pin_list>
<bind>
<StgValue><ssdm name="k_weights_13"/><MemPortTyVec>1 3 </MemPortTyVec>
</StgValue>
</bind>
</comp>

<comp id="66" class="1000" name="k_weights_14">
<pin_list>
<pin id="67" dir="1" index="0" bw="1" slack="0"/>
</pin_list>
<bind>
<StgValue><ssdm name="k_weights_14"/><MemPortTyVec>1 3 </MemPortTyVec>
</StgValue>
</bind>
</comp>

<comp id="68" class="1000" name="k_weights_15">
<pin_list>
<pin id="69" dir="1" index="0" bw="1" slack="0"/>
</pin_list>
<bind>
<StgValue><ssdm name="k_weights_15"/><MemPortTyVec>1 3 </MemPortTyVec>
</StgValue>
</bind>
</comp>

<comp id="70" class="1000" name="v_weights_0">
<pin_list>
<pin id="71" dir="1" index="0" bw="1" slack="0"/>
</pin_list>
<bind>
<StgValue><ssdm name="v_weights_0"/><MemPortTyVec>1 3 </MemPortTyVec>
</StgValue>
</bind>
</comp>

<comp id="72" class="1000" name="v_weights_1">
<pin_list>
<pin id="73" dir="1" index="0" bw="1" slack="0"/>
</pin_list>
<bind>
<StgValue><ssdm name="v_weights_1"/><MemPortTyVec>1 3 </MemPortTyVec>
</StgValue>
</bind>
</comp>

<comp id="74" class="1000" name="v_weights_2">
<pin_list>
<pin id="75" dir="1" index="0" bw="1" slack="0"/>
</pin_list>
<bind>
<StgValue><ssdm name="v_weights_2"/><MemPortTyVec>1 3 </MemPortTyVec>
</StgValue>
</bind>
</comp>

<comp id="76" class="1000" name="v_weights_3">
<pin_list>
<pin id="77" dir="1" index="0" bw="1" slack="0"/>
</pin_list>
<bind>
<StgValue><ssdm name="v_weights_3"/><MemPortTyVec>1 3 </MemPortTyVec>
</StgValue>
</bind>
</comp>

<comp id="78" class="1000" name="v_weights_4">
<pin_list>
<pin id="79" dir="1" index="0" bw="1" slack="0"/>
</pin_list>
<bind>
<StgValue><ssdm name="v_weights_4"/><MemPortTyVec>1 3 </MemPortTyVec>
</StgValue>
</bind>
</comp>

<comp id="80" class="1000" name="v_weights_5">
<pin_list>
<pin id="81" dir="1" index="0" bw="1" slack="0"/>
</pin_list>
<bind>
<StgValue><ssdm name="v_weights_5"/><MemPortTyVec>1 3 </MemPortTyVec>
</StgValue>
</bind>
</comp>

<comp id="82" class="1000" name="v_weights_6">
<pin_list>
<pin id="83" dir="1" index="0" bw="1" slack="0"/>
</pin_list>
<bind>
<StgValue><ssdm name="v_weights_6"/><MemPortTyVec>1 3 </MemPortTyVec>
</StgValue>
</bind>
</comp>

<comp id="84" class="1000" name="v_weights_7">
<pin_list>
<pin id="85" dir="1" index="0" bw="1" slack="0"/>
</pin_list>
<bind>
<StgValue><ssdm name="v_weights_7"/><MemPortTyVec>1 3 </MemPortTyVec>
</StgValue>
</bind>
</comp>

<comp id="86" class="1000" name="v_weights_8">
<pin_list>
<pin id="87" dir="1" index="0" bw="1" slack="0"/>
</pin_list>
<bind>
<StgValue><ssdm name="v_weights_8"/><MemPortTyVec>1 3 </MemPortTyVec>
</StgValue>
</bind>
</comp>

<comp id="88" class="1000" name="v_weights_9">
<pin_list>
<pin id="89" dir="1" index="0" bw="1" slack="0"/>
</pin_list>
<bind>
<StgValue><ssdm name="v_weights_9"/><MemPortTyVec>1 3 </MemPortTyVec>
</StgValue>
</bind>
</comp>

<comp id="90" class="1000" name="v_weights_10">
<pin_list>
<pin id="91" dir="1" index="0" bw="1" slack="0"/>
</pin_list>
<bind>
<StgValue><ssdm name="v_weights_10"/><MemPortTyVec>1 3 </MemPortTyVec>
</StgValue>
</bind>
</comp>

<comp id="92" class="1000" name="v_weights_11">
<pin_list>
<pin id="93" dir="1" index="0" bw="1" slack="0"/>
</pin_list>
<bind>
<StgValue><ssdm name="v_weights_11"/><MemPortTyVec>1 3 </MemPortTyVec>
</StgValue>
</bind>
</comp>

<comp id="94" class="1000" name="v_weights_12">
<pin_list>
<pin id="95" dir="1" index="0" bw="1" slack="0"/>
</pin_list>
<bind>
<StgValue><ssdm name="v_weights_12"/><MemPortTyVec>1 3 </MemPortTyVec>
</StgValue>
</bind>
</comp>

<comp id="96" class="1000" name="v_weights_13">
<pin_list>
<pin id="97" dir="1" index="0" bw="1" slack="0"/>
</pin_list>
<bind>
<StgValue><ssdm name="v_weights_13"/><MemPortTyVec>1 3 </MemPortTyVec>
</StgValue>
</bind>
</comp>

<comp id="98" class="1000" name="v_weights_14">
<pin_list>
<pin id="99" dir="1" index="0" bw="1" slack="0"/>
</pin_list>
<bind>
<StgValue><ssdm name="v_weights_14"/><MemPortTyVec>1 3 </MemPortTyVec>
</StgValue>
</bind>
</comp>

<comp id="100" class="1000" name="v_weights_15">
<pin_list>
<pin id="101" dir="1" index="0" bw="1" slack="0"/>
</pin_list>
<bind>
<StgValue><ssdm name="v_weights_15"/><MemPortTyVec>1 3 </MemPortTyVec>
</StgValue>
</bind>
</comp>

<comp id="102" class="1000" name="cos_tab_V_5">
<pin_list>
<pin id="103" dir="1" index="0" bw="1" slack="0"/>
</pin_list>
<bind>
<StgValue><ssdm name="cos_tab_V_5"/><MemPortTyVec>1 </MemPortTyVec>
</StgValue>
</bind>
</comp>

<comp id="104" class="1000" name="sin_tab_V_5">
<pin_list>
<pin id="105" dir="1" index="0" bw="1" slack="0"/>
</pin_list>
<bind>
<StgValue><ssdm name="sin_tab_V_5"/><MemPortTyVec>1 </MemPortTyVec>
</StgValue>
</bind>
</comp>

<comp id="106" class="1000" name="k_cache_V">
<pin_list>
<pin id="107" dir="1" index="0" bw="1" slack="0"/>
</pin_list>
<bind>
<StgValue><ssdm name="k_cache_V"/><MemPortTyVec>1 3 </MemPortTyVec>
</StgValue>
</bind>
</comp>

<comp id="108" class="1000" name="v_cache_V">
<pin_list>
<pin id="109" dir="1" index="0" bw="1" slack="0"/>
</pin_list>
<bind>
<StgValue><ssdm name="v_cache_V"/><MemPortTyVec>1 3 </MemPortTyVec>
</StgValue>
</bind>
</comp>

<comp id="110" class="1000" name="f_x_msb_4_h_table_V">
<pin_list>
<pin id="111" dir="1" index="0" bw="1" slack="0"/>
</pin_list>
<bind>
<StgValue><ssdm name="f_x_msb_4_h_table_V"/><MemPortTyVec>1 </MemPortTyVec>
</StgValue>
</bind>
</comp>

<comp id="112" class="1000" name="f_x_msb_4_l_table_V">
<pin_list>
<pin id="113" dir="1" index="0" bw="1" slack="0"/>
</pin_list>
<bind>
<StgValue><ssdm name="f_x_msb_4_l_table_V"/><MemPortTyVec>1 </MemPortTyVec>
</StgValue>
</bind>
</comp>

<comp id="114" class="1000" name="f_x_lsb_table_V">
<pin_list>
<pin id="115" dir="1" index="0" bw="1" slack="0"/>
</pin_list>
<bind>
<StgValue><ssdm name="f_x_lsb_table_V"/><MemPortTyVec>1 </MemPortTyVec>
</StgValue>
</bind>
</comp>

<comp id="116" class="1000" name="f_x_msb_3_table_V">
<pin_list>
<pin id="117" dir="1" index="0" bw="1" slack="0"/>
</pin_list>
<bind>
<StgValue><ssdm name="f_x_msb_3_table_V"/><MemPortTyVec>1 </MemPortTyVec>
</StgValue>
</bind>
</comp>

<comp id="118" class="1000" name="f_x_msb_2_table_V">
<pin_list>
<pin id="119" dir="1" index="0" bw="1" slack="0"/>
</pin_list>
<bind>
<StgValue><ssdm name="f_x_msb_2_table_V"/><MemPortTyVec>1 </MemPortTyVec>
</StgValue>
</bind>
</comp>

<comp id="120" class="1000" name="exp_x_msb_1_table_V">
<pin_list>
<pin id="121" dir="1" index="0" bw="1" slack="0"/>
</pin_list>
<bind>
<StgValue><ssdm name="exp_x_msb_1_table_V"/><MemPortTyVec>1 </MemPortTyVec>
</StgValue>
</bind>
</comp>

<comp id="122" class="1000" name="ln_weight_V">
<pin_list>
<pin id="123" dir="1" index="0" bw="1" slack="0"/>
</pin_list>
<bind>
<StgValue><ssdm name="ln_weight_V"/><MemPortTyVec>1 3 </MemPortTyVec>
</StgValue>
</bind>
</comp>

<comp id="124" class="1000" name="o_weights_0">
<pin_list>
<pin id="125" dir="1" index="0" bw="1" slack="0"/>
</pin_list>
<bind>
<StgValue><ssdm name="o_weights_0"/><MemPortTyVec>1 3 </MemPortTyVec>
</StgValue>
</bind>
</comp>

<comp id="126" class="1000" name="o_weights_1">
<pin_list>
<pin id="127" dir="1" index="0" bw="1" slack="0"/>
</pin_list>
<bind>
<StgValue><ssdm name="o_weights_1"/><MemPortTyVec>1 3 </MemPortTyVec>
</StgValue>
</bind>
</comp>

<comp id="128" class="1000" name="o_weights_2">
<pin_list>
<pin id="129" dir="1" index="0" bw="1" slack="0"/>
</pin_list>
<bind>
<StgValue><ssdm name="o_weights_2"/><MemPortTyVec>1 3 </MemPortTyVec>
</StgValue>
</bind>
</comp>

<comp id="130" class="1000" name="o_weights_3">
<pin_list>
<pin id="131" dir="1" index="0" bw="1" slack="0"/>
</pin_list>
<bind>
<StgValue><ssdm name="o_weights_3"/><MemPortTyVec>1 3 </MemPortTyVec>
</StgValue>
</bind>
</comp>

<comp id="132" class="1000" name="o_weights_4">
<pin_list>
<pin id="133" dir="1" index="0" bw="1" slack="0"/>
</pin_list>
<bind>
<StgValue><ssdm name="o_weights_4"/><MemPortTyVec>1 3 </MemPortTyVec>
</StgValue>
</bind>
</comp>

<comp id="134" class="1000" name="o_weights_5">
<pin_list>
<pin id="135" dir="1" index="0" bw="1" slack="0"/>
</pin_list>
<bind>
<StgValue><ssdm name="o_weights_5"/><MemPortTyVec>1 3 </MemPortTyVec>
</StgValue>
</bind>
</comp>

<comp id="136" class="1000" name="o_weights_6">
<pin_list>
<pin id="137" dir="1" index="0" bw="1" slack="0"/>
</pin_list>
<bind>
<StgValue><ssdm name="o_weights_6"/><MemPortTyVec>1 3 </MemPortTyVec>
</StgValue>
</bind>
</comp>

<comp id="138" class="1000" name="o_weights_7">
<pin_list>
<pin id="139" dir="1" index="0" bw="1" slack="0"/>
</pin_list>
<bind>
<StgValue><ssdm name="o_weights_7"/><MemPortTyVec>1 3 </MemPortTyVec>
</StgValue>
</bind>
</comp>

<comp id="140" class="1000" name="o_weights_8">
<pin_list>
<pin id="141" dir="1" index="0" bw="1" slack="0"/>
</pin_list>
<bind>
<StgValue><ssdm name="o_weights_8"/><MemPortTyVec>1 3 </MemPortTyVec>
</StgValue>
</bind>
</comp>

<comp id="142" class="1000" name="o_weights_9">
<pin_list>
<pin id="143" dir="1" index="0" bw="1" slack="0"/>
</pin_list>
<bind>
<StgValue><ssdm name="o_weights_9"/><MemPortTyVec>1 3 </MemPortTyVec>
</StgValue>
</bind>
</comp>

<comp id="144" class="1000" name="o_weights_10">
<pin_list>
<pin id="145" dir="1" index="0" bw="1" slack="0"/>
</pin_list>
<bind>
<StgValue><ssdm name="o_weights_10"/><MemPortTyVec>1 3 </MemPortTyVec>
</StgValue>
</bind>
</comp>

<comp id="146" class="1000" name="o_weights_11">
<pin_list>
<pin id="147" dir="1" index="0" bw="1" slack="0"/>
</pin_list>
<bind>
<StgValue><ssdm name="o_weights_11"/><MemPortTyVec>1 3 </MemPortTyVec>
</StgValue>
</bind>
</comp>

<comp id="148" class="1000" name="o_weights_12">
<pin_list>
<pin id="149" dir="1" index="0" bw="1" slack="0"/>
</pin_list>
<bind>
<StgValue><ssdm name="o_weights_12"/><MemPortTyVec>1 3 </MemPortTyVec>
</StgValue>
</bind>
</comp>

<comp id="150" class="1000" name="o_weights_13">
<pin_list>
<pin id="151" dir="1" index="0" bw="1" slack="0"/>
</pin_list>
<bind>
<StgValue><ssdm name="o_weights_13"/><MemPortTyVec>1 3 </MemPortTyVec>
</StgValue>
</bind>
</comp>

<comp id="152" class="1000" name="o_weights_14">
<pin_list>
<pin id="153" dir="1" index="0" bw="1" slack="0"/>
</pin_list>
<bind>
<StgValue><ssdm name="o_weights_14"/><MemPortTyVec>1 3 </MemPortTyVec>
</StgValue>
</bind>
</comp>

<comp id="154" class="1000" name="o_weights_15">
<pin_list>
<pin id="155" dir="1" index="0" bw="1" slack="0"/>
</pin_list>
<bind>
<StgValue><ssdm name="o_weights_15"/><MemPortTyVec>1 3 </MemPortTyVec>
</StgValue>
</bind>
</comp>

<comp id="156" class="1001" name="const_156">
<pin_list>
<pin id="157" dir="1" index="0" bw="1" slack="2147483647"/>
</pin_list>
<bind>
<StgValue><ssdm name="_ssdm_op_SpecInterface"/></StgValue>
</bind>
</comp>

<comp id="158" class="1001" name="const_158">
<pin_list>
<pin id="159" dir="1" index="0" bw="1" slack="2147483647"/>
</pin_list>
<bind>
<StgValue><ssdm name="ap_fifo_str"/></StgValue>
</bind>
</comp>

<comp id="160" class="1001" name="const_160">
<pin_list>
<pin id="161" dir="1" index="0" bw="1" slack="2147483647"/>
</pin_list>
<bind>
<StgValue><ssdm name=""/></StgValue>
</bind>
</comp>

<comp id="162" class="1001" name="const_162">
<pin_list>
<pin id="163" dir="1" index="0" bw="1" slack="2147483647"/>
</pin_list>
<bind>
<StgValue><ssdm name="p_str"/></StgValue>
</bind>
</comp>

<comp id="164" class="1001" name="const_164">
<pin_list>
<pin id="165" dir="1" index="0" bw="1" slack="0"/>
</pin_list>
<bind>
<StgValue><ssdm name=""/></StgValue>
</bind>
</comp>

<comp id="166" class="1001" name="const_166">
<pin_list>
<pin id="167" dir="1" index="0" bw="1" slack="2147483647"/>
</pin_list>
<bind>
<StgValue><ssdm name=""/></StgValue>
</bind>
</comp>

<comp id="168" class="1001" name="const_168">
<pin_list>
<pin id="169" dir="1" index="0" bw="1" slack="2147483647"/>
</pin_list>
<bind>
<StgValue><ssdm name="_ssdm_op_SpecBitsMap"/></StgValue>
</bind>
</comp>

<comp id="170" class="1001" name="const_170">
<pin_list>
<pin id="171" dir="1" index="0" bw="1" slack="2147483647"/>
</pin_list>
<bind>
<StgValue><ssdm name="_ssdm_op_SpecTopModule"/></StgValue>
</bind>
</comp>

<comp id="172" class="1001" name="const_172">
<pin_list>
<pin id="173" dir="1" index="0" bw="1" slack="2147483647"/>
</pin_list>
<bind>
<StgValue><ssdm name="dut_str"/></StgValue>
</bind>
</comp>

<comp id="174" class="1001" name="const_174">
<pin_list>
<pin id="175" dir="1" index="0" bw="1" slack="0"/>
</pin_list>
<bind>
<StgValue><ssdm name=""/></StgValue>
</bind>
</comp>

<comp id="176" class="1001" name="const_176">
<pin_list>
<pin id="177" dir="1" index="0" bw="1" slack="1"/>
</pin_list>
<bind>
<StgValue><ssdm name=""/></StgValue>
</bind>
</comp>

<comp id="178" class="1001" name="const_178">
<pin_list>
<pin id="179" dir="1" index="0" bw="1" slack="0"/>
</pin_list>
<bind>
<StgValue><ssdm name=""/></StgValue>
</bind>
</comp>

<comp id="180" class="1001" name="const_180">
<pin_list>
<pin id="181" dir="1" index="0" bw="1" slack="2147483647"/>
</pin_list>
<bind>
<StgValue><ssdm name="_ssdm_op_SpecLoopTripCount"/></StgValue>
</bind>
</comp>

<comp id="182" class="1001" name="const_182">
<pin_list>
<pin id="183" dir="1" index="0" bw="1" slack="2147483647"/>
</pin_list>
<bind>
<StgValue><ssdm name=""/></StgValue>
</bind>
</comp>

<comp id="184" class="1001" name="const_184">
<pin_list>
<pin id="185" dir="1" index="0" bw="1" slack="0"/>
</pin_list>
<bind>
<StgValue><ssdm name=""/></StgValue>
</bind>
</comp>

<comp id="186" class="1001" name="const_186">
<pin_list>
<pin id="187" dir="1" index="0" bw="1" slack="0"/>
</pin_list>
<bind>
<StgValue><ssdm name="_ssdm_op_Read.ap_fifo.volatile.i32P"/></StgValue>
</bind>
</comp>

<comp id="188" class="1001" name="const_188">
<pin_list>
<pin id="189" dir="1" index="0" bw="1" slack="0"/>
</pin_list>
<bind>
<StgValue><ssdm name="_ssdm_op_BitConcatenate.i34.i32.i2"/></StgValue>
</bind>
</comp>

<comp id="190" class="1001" name="const_190">
<pin_list>
<pin id="191" dir="1" index="0" bw="1" slack="0"/>
</pin_list>
<bind>
<StgValue><ssdm name=""/></StgValue>
</bind>
</comp>

<comp id="192" class="1001" name="const_192">
<pin_list>
<pin id="193" dir="1" index="0" bw="1" slack="0"/>
</pin_list>
<bind>
<StgValue><ssdm name=""/></StgValue>
</bind>
</comp>

<comp id="194" class="1001" name="const_194">
<pin_list>
<pin id="195" dir="1" index="0" bw="1" slack="0"/>
</pin_list>
<bind>
<StgValue><ssdm name="attention"/></StgValue>
</bind>
</comp>

<comp id="196" class="1001" name="const_196">
<pin_list>
<pin id="197" dir="1" index="0" bw="1" slack="0"/>
</pin_list>
<bind>
<StgValue><ssdm name="_ssdm_op_PartSelect.i32.i38.i32.i32"/></StgValue>
</bind>
</comp>

<comp id="198" class="1001" name="const_198">
<pin_list>
<pin id="199" dir="1" index="0" bw="1" slack="0"/>
</pin_list>
<bind>
<StgValue><ssdm name=""/></StgValue>
</bind>
</comp>

<comp id="200" class="1001" name="const_200">
<pin_list>
<pin id="201" dir="1" index="0" bw="1" slack="0"/>
</pin_list>
<bind>
<StgValue><ssdm name="_ssdm_op_Write.ap_fifo.volatile.i32P"/></StgValue>
</bind>
</comp>

<comp id="202" class="1004" name="input_0_V_alloca_fu_202">
<pin_list>
<pin id="203" dir="0" index="0" bw="1" slack="0"/>
<pin id="204" dir="1" index="1" bw="38" slack="2147483647"/>
</pin_list>
<bind>
<opcode="alloca(26) " fcode="alloca"/>
<opset="input_0_V/1 "/>
</bind>
</comp>

<comp id="206" class="1004" name="output_0_alloca_fu_206">
<pin_list>
<pin id="207" dir="0" index="0" bw="1" slack="0"/>
<pin id="208" dir="1" index="1" bw="38" slack="2147483647"/>
</pin_list>
<bind>
<opcode="alloca(26) " fcode="alloca"/>
<opset="output_0/1 "/>
</bind>
</comp>

<comp id="210" class="1004" name="tmp_V_read_fu_210">
<pin_list>
<pin id="211" dir="0" index="0" bw="32" slack="0"/>
<pin id="212" dir="0" index="1" bw="32" slack="0"/>
<pin id="213" dir="1" index="2" bw="32" slack="0"/>
</pin_list>
<bind>
<opcode="read(1150) " fcode="read"/>
<opset="tmp_V/2 "/>
</bind>
</comp>

<comp id="216" class="1004" name="write_ln52_write_fu_216">
<pin_list>
<pin id="217" dir="0" index="0" bw="0" slack="0"/>
<pin id="218" dir="0" index="1" bw="32" slack="0"/>
<pin id="219" dir="0" index="2" bw="32" slack="0"/>
<pin id="220" dir="1" index="3" bw="0" slack="2147483647"/>
</pin_list>
<bind>
<opcode="write(1151) " fcode="write"/>
<opset="write_ln52/5 "/>
</bind>
</comp>

<comp id="223" class="1004" name="input_0_V_addr_gep_fu_223">
<pin_list>
<pin id="224" dir="0" index="0" bw="38" slack="2147483647"/>
<pin id="225" dir="0" index="1" bw="1" slack="0"/>
<pin id="226" dir="0" index="2" bw="9" slack="0"/>
<pin id="227" dir="1" index="3" bw="9" slack="0"/>
</pin_list>
<bind>
<opcode="getelementptr(29) " fcode="getelementptr"/>
<opset="input_0_V_addr/2 "/>
</bind>
</comp>

<comp id="229" class="1004" name="store_ln20_access_fu_229">
<pin_list>
<pin id="230" dir="0" index="0" bw="9" slack="0"/>
<pin id="231" dir="0" index="1" bw="38" slack="0"/>
<pin id="232" dir="0" index="2" bw="0" slack="2147483647"/>
<pin id="233" dir="1" index="3" bw="38" slack="2147483647"/>
</pin_list>
<bind>
<opcode="store(28) " fcode="store"/>
<opset="store_ln20/2 "/>
</bind>
</comp>

<comp id="235" class="1004" name="output_0_addr_gep_fu_235">
<pin_list>
<pin id="236" dir="0" index="0" bw="38" slack="2147483647"/>
<pin id="237" dir="0" index="1" bw="1" slack="0"/>
<pin id="238" dir="0" index="2" bw="9" slack="0"/>
<pin id="239" dir="1" index="3" bw="9" slack="0"/>
</pin_list>
<bind>
<opcode="getelementptr(29) " fcode="getelementptr"/>
<opset="output_0_addr/4 "/>
</bind>
</comp>

<comp id="241" class="1004" name="grp_access_fu_241">
<pin_list>
<pin id="242" dir="0" index="0" bw="9" slack="0"/>
<pin id="243" dir="0" index="1" bw="38" slack="2147483647"/>
<pin id="244" dir="0" index="2" bw="0" slack="2147483647"/>
<pin id="245" dir="1" index="3" bw="38" slack="0"/>
</pin_list>
<bind>
<opcode="load(27) " fcode="load"/>
<opset="output_0_load/4 "/>
</bind>
</comp>

<comp id="247" class="1005" name="j_0_0_reg_247">
<pin_list>
<pin id="248" dir="0" index="0" bw="9" slack="1"/>
<pin id="249" dir="1" index="1" bw="9" slack="1"/>
</pin_list>
<bind>
<opset="j_0_0 (phireg) "/>
</bind>
</comp>

<comp id="251" class="1004" name="j_0_0_phi_fu_251">
<pin_list>
<pin id="252" dir="0" index="0" bw="9" slack="0"/>
<pin id="253" dir="0" index="1" bw="0" slack="2147483647"/>
<pin id="254" dir="0" index="2" bw="1" slack="1"/>
<pin id="255" dir="0" index="3" bw="0" slack="2147483647"/>
<pin id="256" dir="1" index="4" bw="9" slack="0"/>
</pin_list>
<bind>
<opcode="phi(47) " fcode="phi"/>
<opset="j_0_0/2 "/>
</bind>
</comp>

<comp id="258" class="1005" name="j9_0_0_reg_258">
<pin_list>
<pin id="259" dir="0" index="0" bw="9" slack="1"/>
<pin id="260" dir="1" index="1" bw="9" slack="1"/>
</pin_list>
<bind>
<opset="j9_0_0 (phireg) "/>
</bind>
</comp>

<comp id="262" class="1004" name="j9_0_0_phi_fu_262">
<pin_list>
<pin id="263" dir="0" index="0" bw="9" slack="0"/>
<pin id="264" dir="0" index="1" bw="0" slack="2147483647"/>
<pin id="265" dir="0" index="2" bw="1" slack="1"/>
<pin id="266" dir="0" index="3" bw="0" slack="2147483647"/>
<pin id="267" dir="1" index="4" bw="9" slack="0"/>
</pin_list>
<bind>
<opcode="phi(47) " fcode="phi"/>
<opset="j9_0_0/4 "/>
</bind>
</comp>

<comp id="269" class="1004" name="grp_attention_fu_269">
<pin_list>
<pin id="270" dir="0" index="0" bw="0" slack="0"/>
<pin id="271" dir="0" index="1" bw="38" slack="2147483647"/>
<pin id="272" dir="0" index="2" bw="38" slack="2147483647"/>
<pin id="273" dir="0" index="3" bw="38" slack="0"/>
<pin id="274" dir="0" index="4" bw="8" slack="0"/>
<pin id="275" dir="0" index="5" bw="8" slack="0"/>
<pin id="276" dir="0" index="6" bw="8" slack="0"/>
<pin id="277" dir="0" index="7" bw="8" slack="0"/>
<pin id="278" dir="0" index="8" bw="8" slack="0"/>
<pin id="279" dir="0" index="9" bw="8" slack="0"/>
<pin id="280" dir="0" index="10" bw="8" slack="0"/>
<pin id="281" dir="0" index="11" bw="8" slack="0"/>
<pin id="282" dir="0" index="12" bw="8" slack="0"/>
<pin id="283" dir="0" index="13" bw="8" slack="0"/>
<pin id="284" dir="0" index="14" bw="8" slack="0"/>
<pin id="285" dir="0" index="15" bw="8" slack="0"/>
<pin id="286" dir="0" index="16" bw="8" slack="0"/>
<pin id="287" dir="0" index="17" bw="8" slack="0"/>
<pin id="288" dir="0" index="18" bw="8" slack="0"/>
<pin id="289" dir="0" index="19" bw="8" slack="0"/>
<pin id="290" dir="0" index="20" bw="8" slack="0"/>
<pin id="291" dir="0" index="21" bw="8" slack="0"/>
<pin id="292" dir="0" index="22" bw="8" slack="0"/>
<pin id="293" dir="0" index="23" bw="8" slack="0"/>
<pin id="294" dir="0" index="24" bw="8" slack="0"/>
<pin id="295" dir="0" index="25" bw="8" slack="0"/>
<pin id="296" dir="0" index="26" bw="8" slack="0"/>
<pin id="297" dir="0" index="27" bw="8" slack="0"/>
<pin id="298" dir="0" index="28" bw="8" slack="0"/>
<pin id="299" dir="0" index="29" bw="8" slack="0"/>
<pin id="300" dir="0" index="30" bw="8" slack="0"/>
<pin id="301" dir="0" index="31" bw="8" slack="0"/>
<pin id="302" dir="0" index="32" bw="8" slack="0"/>
<pin id="303" dir="0" index="33" bw="8" slack="0"/>
<pin id="304" dir="0" index="34" bw="8" slack="0"/>
<pin id="305" dir="0" index="35" bw="8" slack="0"/>
<pin id="306" dir="0" index="36" bw="8" slack="0"/>
<pin id="307" dir="0" index="37" bw="8" slack="0"/>
<pin id="308" dir="0" index="38" bw="8" slack="0"/>
<pin id="309" dir="0" index="39" bw="8" slack="0"/>
<pin id="310" dir="0" index="40" bw="8" slack="0"/>
<pin id="311" dir="0" index="41" bw="8" slack="0"/>
<pin id="312" dir="0" index="42" bw="8" slack="0"/>
<pin id="313" dir="0" index="43" bw="8" slack="0"/>
<pin id="314" dir="0" index="44" bw="8" slack="0"/>
<pin id="315" dir="0" index="45" bw="8" slack="0"/>
<pin id="316" dir="0" index="46" bw="8" slack="0"/>
<pin id="317" dir="0" index="47" bw="8" slack="0"/>
<pin id="318" dir="0" index="48" bw="8" slack="0"/>
<pin id="319" dir="0" index="49" bw="8" slack="0"/>
<pin id="320" dir="0" index="50" bw="8" slack="0"/>
<pin id="321" dir="0" index="51" bw="8" slack="0"/>
<pin id="322" dir="0" index="52" bw="21" slack="0"/>
<pin id="323" dir="0" index="53" bw="21" slack="0"/>
<pin id="324" dir="0" index="54" bw="38" slack="0"/>
<pin id="325" dir="0" index="55" bw="38" slack="0"/>
<pin id="326" dir="0" index="56" bw="6" slack="0"/>
<pin id="327" dir="0" index="57" bw="7" slack="0"/>
<pin id="328" dir="0" index="58" bw="8" slack="0"/>
<pin id="329" dir="0" index="59" bw="32" slack="0"/>
<pin id="330" dir="0" index="60" bw="46" slack="0"/>
<pin id="331" dir="0" index="61" bw="50" slack="0"/>
<pin id="332" dir="0" index="62" bw="38" slack="0"/>
<pin id="333" dir="0" index="63" bw="8" slack="0"/>
<pin id="334" dir="0" index="64" bw="8" slack="0"/>
<pin id="335" dir="0" index="65" bw="8" slack="0"/>
<pin id="336" dir="0" index="66" bw="8" slack="0"/>
<pin id="337" dir="0" index="67" bw="8" slack="0"/>
<pin id="338" dir="0" index="68" bw="8" slack="0"/>
<pin id="339" dir="0" index="69" bw="8" slack="0"/>
<pin id="340" dir="0" index="70" bw="8" slack="0"/>
<pin id="341" dir="0" index="71" bw="8" slack="0"/>
<pin id="342" dir="0" index="72" bw="8" slack="0"/>
<pin id="343" dir="0" index="73" bw="8" slack="0"/>
<pin id="344" dir="0" index="74" bw="8" slack="0"/>
<pin id="345" dir="0" index="75" bw="8" slack="0"/>
<pin id="346" dir="0" index="76" bw="8" slack="0"/>
<pin id="347" dir="0" index="77" bw="8" slack="0"/>
<pin id="348" dir="0" index="78" bw="8" slack="0"/>
<pin id="349" dir="1" index="79" bw="0" slack="2147483647"/>
</pin_list>
<bind>
<opcode="call(48) " fcode="call"/>
<opset="call_ln24/2 "/>
</bind>
</comp>

<comp id="427" class="1004" name="icmp_ln19_fu_427">
<pin_list>
<pin id="428" dir="0" index="0" bw="9" slack="0"/>
<pin id="429" dir="0" index="1" bw="9" slack="0"/>
<pin id="430" dir="1" index="2" bw="1" slack="2147483647"/>
</pin_list>
<bind>
<opcode="icmp(45) " fcode="icmp"/>
<opset="icmp_ln19/2 "/>
</bind>
</comp>

<comp id="433" class="1004" name="add_ln19_fu_433">
<pin_list>
<pin id="434" dir="0" index="0" bw="9" slack="0"/>
<pin id="435" dir="0" index="1" bw="1" slack="0"/>
<pin id="436" dir="1" index="2" bw="9" slack="0"/>
</pin_list>
<bind>
<opcode="add(8) " fcode="add"/>
<opset="add_ln19/2 "/>
</bind>
</comp>

<comp id="439" class="1004" name="zext_ln20_fu_439">
<pin_list>
<pin id="440" dir="0" index="0" bw="9" slack="0"/>
<pin id="441" dir="1" index="1" bw="64" slack="0"/>
</pin_list>
<bind>
<opcode="zext(34) " fcode="zext"/>
<opset="zext_ln20/2 "/>
</bind>
</comp>

<comp id="444" class="1004" name="shl_ln_fu_444">
<pin_list>
<pin id="445" dir="0" index="0" bw="34" slack="0"/>
<pin id="446" dir="0" index="1" bw="32" slack="0"/>
<pin id="447" dir="0" index="2" bw="1" slack="0"/>
<pin id="448" dir="1" index="3" bw="34" slack="0"/>
</pin_list>
<bind>
<opcode="bitconcatenate(1004) " fcode="bitconcatenate"/>
<opset="shl_ln/2 "/>
</bind>
</comp>

<comp id="452" class="1004" name="sext_ln728_fu_452">
<pin_list>
<pin id="453" dir="0" index="0" bw="34" slack="0"/>
<pin id="454" dir="1" index="1" bw="38" slack="0"/>
</pin_list>
<bind>
<opcode="sext(35) " fcode="sext"/>
<opset="sext_ln728/2 "/>
</bind>
</comp>

<comp id="457" class="1004" name="icmp_ln51_fu_457">
<pin_list>
<pin id="458" dir="0" index="0" bw="9" slack="0"/>
<pin id="459" dir="0" index="1" bw="9" slack="0"/>
<pin id="460" dir="1" index="2" bw="1" slack="2147483647"/>
</pin_list>
<bind>
<opcode="icmp(45) " fcode="icmp"/>
<opset="icmp_ln51/4 "/>
</bind>
</comp>

<comp id="463" class="1004" name="add_ln51_fu_463">
<pin_list>
<pin id="464" dir="0" index="0" bw="9" slack="0"/>
<pin id="465" dir="0" index="1" bw="1" slack="0"/>
<pin id="466" dir="1" index="2" bw="9" slack="0"/>
</pin_list>
<bind>
<opcode="add(8) " fcode="add"/>
<opset="add_ln51/4 "/>
</bind>
</comp>

<comp id="469" class="1004" name="zext_ln52_fu_469">
<pin_list>
<pin id="470" dir="0" index="0" bw="9" slack="0"/>
<pin id="471" dir="1" index="1" bw="64" slack="0"/>
</pin_list>
<bind>
<opcode="zext(34) " fcode="zext"/>
<opset="zext_ln52/4 "/>
</bind>
</comp>

<comp id="474" class="1004" name="tmp_V_4_fu_474">
<pin_list>
<pin id="475" dir="0" index="0" bw="32" slack="0"/>
<pin id="476" dir="0" index="1" bw="38" slack="0"/>
<pin id="477" dir="0" index="2" bw="3" slack="0"/>
<pin id="478" dir="0" index="3" bw="7" slack="0"/>
<pin id="479" dir="1" index="4" bw="32" slack="0"/>
</pin_list>
<bind>
<opcode="partselect(1002) " fcode="partselect"/>
<opset="tmp_V_4/5 "/>
</bind>
</comp>

<comp id="488" class="1005" name="add_ln19_reg_488">
<pin_list>
<pin id="489" dir="0" index="0" bw="9" slack="0"/>
<pin id="490" dir="1" index="1" bw="9" slack="0"/>
</pin_list>
<bind>
<opset="add_ln19 "/>
</bind>
</comp>

<comp id="496" class="1005" name="add_ln51_reg_496">
<pin_list>
<pin id="497" dir="0" index="0" bw="9" slack="0"/>
<pin id="498" dir="1" index="1" bw="9" slack="0"/>
</pin_list>
<bind>
<opset="add_ln51 "/>
</bind>
</comp>

<comp id="501" class="1005" name="output_0_addr_reg_501">
<pin_list>
<pin id="502" dir="0" index="0" bw="9" slack="1"/>
<pin id="503" dir="1" index="1" bw="9" slack="1"/>
</pin_list>
<bind>
<opset="output_0_addr "/>
</bind>
</comp>

</comp_list>

<net_list>
<net id="205"><net_src comp="174" pin="0"/><net_sink comp="202" pin=0"/></net>

<net id="209"><net_src comp="174" pin="0"/><net_sink comp="206" pin=0"/></net>

<net id="214"><net_src comp="186" pin="0"/><net_sink comp="210" pin=0"/></net>

<net id="215"><net_src comp="0" pin="0"/><net_sink comp="210" pin=1"/></net>

<net id="221"><net_src comp="200" pin="0"/><net_sink comp="216" pin=0"/></net>

<net id="222"><net_src comp="2" pin="0"/><net_sink comp="216" pin=1"/></net>

<net id="228"><net_src comp="192" pin="0"/><net_sink comp="223" pin=1"/></net>

<net id="234"><net_src comp="223" pin="3"/><net_sink comp="229" pin=0"/></net>

<net id="240"><net_src comp="192" pin="0"/><net_sink comp="235" pin=1"/></net>

<net id="246"><net_src comp="235" pin="3"/><net_sink comp="241" pin=0"/></net>

<net id="250"><net_src comp="176" pin="0"/><net_sink comp="247" pin=0"/></net>

<net id="257"><net_src comp="247" pin="1"/><net_sink comp="251" pin=2"/></net>

<net id="261"><net_src comp="176" pin="0"/><net_sink comp="258" pin=0"/></net>

<net id="268"><net_src comp="258" pin="1"/><net_sink comp="262" pin=2"/></net>

<net id="350"><net_src comp="194" pin="0"/><net_sink comp="269" pin=0"/></net>

<net id="351"><net_src comp="4" pin="0"/><net_sink comp="269" pin=3"/></net>

<net id="352"><net_src comp="6" pin="0"/><net_sink comp="269" pin=4"/></net>

<net id="353"><net_src comp="8" pin="0"/><net_sink comp="269" pin=5"/></net>

<net id="354"><net_src comp="10" pin="0"/><net_sink comp="269" pin=6"/></net>

<net id="355"><net_src comp="12" pin="0"/><net_sink comp="269" pin=7"/></net>

<net id="356"><net_src comp="14" pin="0"/><net_sink comp="269" pin=8"/></net>

<net id="357"><net_src comp="16" pin="0"/><net_sink comp="269" pin=9"/></net>

<net id="358"><net_src comp="18" pin="0"/><net_sink comp="269" pin=10"/></net>

<net id="359"><net_src comp="20" pin="0"/><net_sink comp="269" pin=11"/></net>

<net id="360"><net_src comp="22" pin="0"/><net_sink comp="269" pin=12"/></net>

<net id="361"><net_src comp="24" pin="0"/><net_sink comp="269" pin=13"/></net>

<net id="362"><net_src comp="26" pin="0"/><net_sink comp="269" pin=14"/></net>

<net id="363"><net_src comp="28" pin="0"/><net_sink comp="269" pin=15"/></net>

<net id="364"><net_src comp="30" pin="0"/><net_sink comp="269" pin=16"/></net>

<net id="365"><net_src comp="32" pin="0"/><net_sink comp="269" pin=17"/></net>

<net id="366"><net_src comp="34" pin="0"/><net_sink comp="269" pin=18"/></net>

<net id="367"><net_src comp="36" pin="0"/><net_sink comp="269" pin=19"/></net>

<net id="368"><net_src comp="38" pin="0"/><net_sink comp="269" pin=20"/></net>

<net id="369"><net_src comp="40" pin="0"/><net_sink comp="269" pin=21"/></net>

<net id="370"><net_src comp="42" pin="0"/><net_sink comp="269" pin=22"/></net>

<net id="371"><net_src comp="44" pin="0"/><net_sink comp="269" pin=23"/></net>

<net id="372"><net_src comp="46" pin="0"/><net_sink comp="269" pin=24"/></net>

<net id="373"><net_src comp="48" pin="0"/><net_sink comp="269" pin=25"/></net>

<net id="374"><net_src comp="50" pin="0"/><net_sink comp="269" pin=26"/></net>

<net id="375"><net_src comp="52" pin="0"/><net_sink comp="269" pin=27"/></net>

<net id="376"><net_src comp="54" pin="0"/><net_sink comp="269" pin=28"/></net>

<net id="377"><net_src comp="56" pin="0"/><net_sink comp="269" pin=29"/></net>

<net id="378"><net_src comp="58" pin="0"/><net_sink comp="269" pin=30"/></net>

<net id="379"><net_src comp="60" pin="0"/><net_sink comp="269" pin=31"/></net>

<net id="380"><net_src comp="62" pin="0"/><net_sink comp="269" pin=32"/></net>

<net id="381"><net_src comp="64" pin="0"/><net_sink comp="269" pin=33"/></net>

<net id="382"><net_src comp="66" pin="0"/><net_sink comp="269" pin=34"/></net>

<net id="383"><net_src comp="68" pin="0"/><net_sink comp="269" pin=35"/></net>

<net id="384"><net_src comp="70" pin="0"/><net_sink comp="269" pin=36"/></net>

<net id="385"><net_src comp="72" pin="0"/><net_sink comp="269" pin=37"/></net>

<net id="386"><net_src comp="74" pin="0"/><net_sink comp="269" pin=38"/></net>

<net id="387"><net_src comp="76" pin="0"/><net_sink comp="269" pin=39"/></net>

<net id="388"><net_src comp="78" pin="0"/><net_sink comp="269" pin=40"/></net>

<net id="389"><net_src comp="80" pin="0"/><net_sink comp="269" pin=41"/></net>

<net id="390"><net_src comp="82" pin="0"/><net_sink comp="269" pin=42"/></net>

<net id="391"><net_src comp="84" pin="0"/><net_sink comp="269" pin=43"/></net>

<net id="392"><net_src comp="86" pin="0"/><net_sink comp="269" pin=44"/></net>

<net id="393"><net_src comp="88" pin="0"/><net_sink comp="269" pin=45"/></net>

<net id="394"><net_src comp="90" pin="0"/><net_sink comp="269" pin=46"/></net>

<net id="395"><net_src comp="92" pin="0"/><net_sink comp="269" pin=47"/></net>

<net id="396"><net_src comp="94" pin="0"/><net_sink comp="269" pin=48"/></net>

<net id="397"><net_src comp="96" pin="0"/><net_sink comp="269" pin=49"/></net>

<net id="398"><net_src comp="98" pin="0"/><net_sink comp="269" pin=50"/></net>

<net id="399"><net_src comp="100" pin="0"/><net_sink comp="269" pin=51"/></net>

<net id="400"><net_src comp="102" pin="0"/><net_sink comp="269" pin=52"/></net>

<net id="401"><net_src comp="104" pin="0"/><net_sink comp="269" pin=53"/></net>

<net id="402"><net_src comp="106" pin="0"/><net_sink comp="269" pin=54"/></net>

<net id="403"><net_src comp="108" pin="0"/><net_sink comp="269" pin=55"/></net>

<net id="404"><net_src comp="110" pin="0"/><net_sink comp="269" pin=56"/></net>

<net id="405"><net_src comp="112" pin="0"/><net_sink comp="269" pin=57"/></net>

<net id="406"><net_src comp="114" pin="0"/><net_sink comp="269" pin=58"/></net>

<net id="407"><net_src comp="116" pin="0"/><net_sink comp="269" pin=59"/></net>

<net id="408"><net_src comp="118" pin="0"/><net_sink comp="269" pin=60"/></net>

<net id="409"><net_src comp="120" pin="0"/><net_sink comp="269" pin=61"/></net>

<net id="410"><net_src comp="122" pin="0"/><net_sink comp="269" pin=62"/></net>

<net id="411"><net_src comp="124" pin="0"/><net_sink comp="269" pin=63"/></net>

<net id="412"><net_src comp="126" pin="0"/><net_sink comp="269" pin=64"/></net>

<net id="413"><net_src comp="128" pin="0"/><net_sink comp="269" pin=65"/></net>

<net id="414"><net_src comp="130" pin="0"/><net_sink comp="269" pin=66"/></net>

<net id="415"><net_src comp="132" pin="0"/><net_sink comp="269" pin=67"/></net>

<net id="416"><net_src comp="134" pin="0"/><net_sink comp="269" pin=68"/></net>

<net id="417"><net_src comp="136" pin="0"/><net_sink comp="269" pin=69"/></net>

<net id="418"><net_src comp="138" pin="0"/><net_sink comp="269" pin=70"/></net>

<net id="419"><net_src comp="140" pin="0"/><net_sink comp="269" pin=71"/></net>

<net id="420"><net_src comp="142" pin="0"/><net_sink comp="269" pin=72"/></net>

<net id="421"><net_src comp="144" pin="0"/><net_sink comp="269" pin=73"/></net>

<net id="422"><net_src comp="146" pin="0"/><net_sink comp="269" pin=74"/></net>

<net id="423"><net_src comp="148" pin="0"/><net_sink comp="269" pin=75"/></net>

<net id="424"><net_src comp="150" pin="0"/><net_sink comp="269" pin=76"/></net>

<net id="425"><net_src comp="152" pin="0"/><net_sink comp="269" pin=77"/></net>

<net id="426"><net_src comp="154" pin="0"/><net_sink comp="269" pin=78"/></net>

<net id="431"><net_src comp="251" pin="4"/><net_sink comp="427" pin=0"/></net>

<net id="432"><net_src comp="178" pin="0"/><net_sink comp="427" pin=1"/></net>

<net id="437"><net_src comp="251" pin="4"/><net_sink comp="433" pin=0"/></net>

<net id="438"><net_src comp="184" pin="0"/><net_sink comp="433" pin=1"/></net>

<net id="442"><net_src comp="251" pin="4"/><net_sink comp="439" pin=0"/></net>

<net id="443"><net_src comp="439" pin="1"/><net_sink comp="223" pin=2"/></net>

<net id="449"><net_src comp="188" pin="0"/><net_sink comp="444" pin=0"/></net>

<net id="450"><net_src comp="210" pin="2"/><net_sink comp="444" pin=1"/></net>

<net id="451"><net_src comp="190" pin="0"/><net_sink comp="444" pin=2"/></net>

<net id="455"><net_src comp="444" pin="3"/><net_sink comp="452" pin=0"/></net>

<net id="456"><net_src comp="452" pin="1"/><net_sink comp="229" pin=1"/></net>

<net id="461"><net_src comp="262" pin="4"/><net_sink comp="457" pin=0"/></net>

<net id="462"><net_src comp="178" pin="0"/><net_sink comp="457" pin=1"/></net>

<net id="467"><net_src comp="262" pin="4"/><net_sink comp="463" pin=0"/></net>

<net id="468"><net_src comp="184" pin="0"/><net_sink comp="463" pin=1"/></net>

<net id="472"><net_src comp="262" pin="4"/><net_sink comp="469" pin=0"/></net>

<net id="473"><net_src comp="469" pin="1"/><net_sink comp="235" pin=2"/></net>

<net id="480"><net_src comp="196" pin="0"/><net_sink comp="474" pin=0"/></net>

<net id="481"><net_src comp="241" pin="3"/><net_sink comp="474" pin=1"/></net>

<net id="482"><net_src comp="164" pin="0"/><net_sink comp="474" pin=2"/></net>

<net id="483"><net_src comp="198" pin="0"/><net_sink comp="474" pin=3"/></net>

<net id="484"><net_src comp="474" pin="4"/><net_sink comp="216" pin=2"/></net>

<net id="491"><net_src comp="433" pin="2"/><net_sink comp="488" pin=0"/></net>

<net id="492"><net_src comp="488" pin="1"/><net_sink comp="251" pin=0"/></net>

<net id="499"><net_src comp="463" pin="2"/><net_sink comp="496" pin=0"/></net>

<net id="500"><net_src comp="496" pin="1"/><net_sink comp="262" pin=0"/></net>

<net id="504"><net_src comp="235" pin="3"/><net_sink comp="501" pin=0"/></net>

<net id="505"><net_src comp="501" pin="1"/><net_sink comp="241" pin=0"/></net>

</net_list>

</model> 
---------------- Datapath Model END ------------------

* FSMD analyzer results:
  - Output states:
	Port: strm_out_V_V | {5 }
 - Input state : 
	Port: dut : strm_in_V_V | {2 }
	Port: dut : ln_weight_in_V | {2 3 }
	Port: dut : q_weights_0 | {2 3 }
	Port: dut : q_weights_1 | {2 3 }
	Port: dut : q_weights_2 | {2 3 }
	Port: dut : q_weights_3 | {2 3 }
	Port: dut : q_weights_4 | {2 3 }
	Port: dut : q_weights_5 | {2 3 }
	Port: dut : q_weights_6 | {2 3 }
	Port: dut : q_weights_7 | {2 3 }
	Port: dut : q_weights_8 | {2 3 }
	Port: dut : q_weights_9 | {2 3 }
	Port: dut : q_weights_10 | {2 3 }
	Port: dut : q_weights_11 | {2 3 }
	Port: dut : q_weights_12 | {2 3 }
	Port: dut : q_weights_13 | {2 3 }
	Port: dut : q_weights_14 | {2 3 }
	Port: dut : q_weights_15 | {2 3 }
	Port: dut : k_weights_0 | {2 3 }
	Port: dut : k_weights_1 | {2 3 }
	Port: dut : k_weights_2 | {2 3 }
	Port: dut : k_weights_3 | {2 3 }
	Port: dut : k_weights_4 | {2 3 }
	Port: dut : k_weights_5 | {2 3 }
	Port: dut : k_weights_6 | {2 3 }
	Port: dut : k_weights_7 | {2 3 }
	Port: dut : k_weights_8 | {2 3 }
	Port: dut : k_weights_9 | {2 3 }
	Port: dut : k_weights_10 | {2 3 }
	Port: dut : k_weights_11 | {2 3 }
	Port: dut : k_weights_12 | {2 3 }
	Port: dut : k_weights_13 | {2 3 }
	Port: dut : k_weights_14 | {2 3 }
	Port: dut : k_weights_15 | {2 3 }
	Port: dut : v_weights_0 | {2 3 }
	Port: dut : v_weights_1 | {2 3 }
	Port: dut : v_weights_2 | {2 3 }
	Port: dut : v_weights_3 | {2 3 }
	Port: dut : v_weights_4 | {2 3 }
	Port: dut : v_weights_5 | {2 3 }
	Port: dut : v_weights_6 | {2 3 }
	Port: dut : v_weights_7 | {2 3 }
	Port: dut : v_weights_8 | {2 3 }
	Port: dut : v_weights_9 | {2 3 }
	Port: dut : v_weights_10 | {2 3 }
	Port: dut : v_weights_11 | {2 3 }
	Port: dut : v_weights_12 | {2 3 }
	Port: dut : v_weights_13 | {2 3 }
	Port: dut : v_weights_14 | {2 3 }
	Port: dut : v_weights_15 | {2 3 }
	Port: dut : cos_tab_V_5 | {2 3 }
	Port: dut : sin_tab_V_5 | {2 3 }
	Port: dut : k_cache_V | {2 3 }
	Port: dut : v_cache_V | {2 3 }
	Port: dut : f_x_msb_4_h_table_V | {2 3 }
	Port: dut : f_x_msb_4_l_table_V | {2 3 }
	Port: dut : f_x_lsb_table_V | {2 3 }
	Port: dut : f_x_msb_3_table_V | {2 3 }
	Port: dut : f_x_msb_2_table_V | {2 3 }
	Port: dut : exp_x_msb_1_table_V | {2 3 }
	Port: dut : ln_weight_V | {2 3 }
	Port: dut : o_weights_0 | {2 3 }
	Port: dut : o_weights_1 | {2 3 }
	Port: dut : o_weights_2 | {2 3 }
	Port: dut : o_weights_3 | {2 3 }
	Port: dut : o_weights_4 | {2 3 }
	Port: dut : o_weights_5 | {2 3 }
	Port: dut : o_weights_6 | {2 3 }
	Port: dut : o_weights_7 | {2 3 }
	Port: dut : o_weights_8 | {2 3 }
	Port: dut : o_weights_9 | {2 3 }
	Port: dut : o_weights_10 | {2 3 }
	Port: dut : o_weights_11 | {2 3 }
	Port: dut : o_weights_12 | {2 3 }
	Port: dut : o_weights_13 | {2 3 }
	Port: dut : o_weights_14 | {2 3 }
	Port: dut : o_weights_15 | {2 3 }
  - Chain level:
	State 1
	State 2
		icmp_ln19 : 1
		add_ln19 : 1
		br_ln19 : 2
		zext_ln20 : 1
		sext_ln728 : 1
		input_0_V_addr : 2
		store_ln20 : 2
	State 3
	State 4
		icmp_ln51 : 1
		add_ln51 : 1
		br_ln51 : 2
		zext_ln52 : 1
		output_0_addr : 2
		output_0_load : 3
	State 5
		tmp_V_4 : 1
		write_ln52 : 2


============================================================
+ Verbose Summary: Datapath Resource usage 
============================================================

* Functional unit list:
|----------|-------------------------|---------|---------|---------|---------|---------|---------|
| Operation|     Functional Unit     |   BRAM  |  DSP48E |  Delay  |    FF   |   LUT   |   URAM  |
|----------|-------------------------|---------|---------|---------|---------|---------|---------|
|   call   |   grp_attention_fu_269  |    80   |   207   | 331.924 |  27814  |  31368  |    0    |
|----------|-------------------------|---------|---------|---------|---------|---------|---------|
|    add   |     add_ln19_fu_433     |    0    |    0    |    0    |    0    |    15   |    0    |
|          |     add_ln51_fu_463     |    0    |    0    |    0    |    0    |    15   |    0    |
|----------|-------------------------|---------|---------|---------|---------|---------|---------|
|   icmp   |     icmp_ln19_fu_427    |    0    |    0    |    0    |    0    |    13   |    0    |
|          |     icmp_ln51_fu_457    |    0    |    0    |    0    |    0    |    13   |    0    |
|----------|-------------------------|---------|---------|---------|---------|---------|---------|
|   read   |    tmp_V_read_fu_210    |    0    |    0    |    0    |    0    |    0    |    0    |
|----------|-------------------------|---------|---------|---------|---------|---------|---------|
|   write  | write_ln52_write_fu_216 |    0    |    0    |    0    |    0    |    0    |    0    |
|----------|-------------------------|---------|---------|---------|---------|---------|---------|
|   zext   |     zext_ln20_fu_439    |    0    |    0    |    0    |    0    |    0    |    0    |
|          |     zext_ln52_fu_469    |    0    |    0    |    0    |    0    |    0    |    0    |
|----------|-------------------------|---------|---------|---------|---------|---------|---------|
|bitconcatenate|      shl_ln_fu_444      |    0    |    0    |    0    |    0    |    0    |    0    |
|----------|-------------------------|---------|---------|---------|---------|---------|---------|
|   sext   |    sext_ln728_fu_452    |    0    |    0    |    0    |    0    |    0    |    0    |
|----------|-------------------------|---------|---------|---------|---------|---------|---------|
|partselect|      tmp_V_4_fu_474     |    0    |    0    |    0    |    0    |    0    |    0    |
|----------|-------------------------|---------|---------|---------|---------|---------|---------|
|   Total  |                         |    80   |   207   | 331.924 |  27814  |  31424  |    0    |
|----------|-------------------------|---------|---------|---------|---------|---------|---------|

Memories:
+-------------------+--------+--------+--------+--------+
|                   |  BRAM  |   FF   |   LUT  |  URAM  |
+-------------------+--------+--------+--------+--------+
|    cos_tab_V_5    |    1   |    0   |    0   |    -   |
|exp_x_msb_1_table_V|    2   |    0   |    0   |    -   |
|  f_x_lsb_table_V  |    0   |    8   |    2   |    -   |
| f_x_msb_2_table_V |    2   |    0   |    0   |    -   |
| f_x_msb_3_table_V |    1   |    0   |    0   |    -   |
|f_x_msb_4_h_table_V|    0   |    6   |    1   |    -   |
|f_x_msb_4_l_table_V|    0   |    7   |    1   |    -   |
|     input_0_V     |    3   |    0   |    0   |    0   |
|     k_cache_V     |    5   |    0   |    0   |    0   |
|    k_weights_0    |    2   |    0   |    0   |    0   |
|    k_weights_1    |    2   |    0   |    0   |    0   |
|    k_weights_10   |    2   |    0   |    0   |    0   |
|    k_weights_11   |    2   |    0   |    0   |    0   |
|    k_weights_12   |    2   |    0   |    0   |    0   |
|    k_weights_13   |    2   |    0   |    0   |    0   |
|    k_weights_14   |    2   |    0   |    0   |    0   |
|    k_weights_15   |    2   |    0   |    0   |    0   |
|    k_weights_2    |    2   |    0   |    0   |    0   |
|    k_weights_3    |    2   |    0   |    0   |    0   |
|    k_weights_4    |    2   |    0   |    0   |    0   |
|    k_weights_5    |    2   |    0   |    0   |    0   |
|    k_weights_6    |    2   |    0   |    0   |    0   |
|    k_weights_7    |    2   |    0   |    0   |    0   |
|    k_weights_8    |    2   |    0   |    0   |    0   |
|    k_weights_9    |    2   |    0   |    0   |    0   |
|    ln_weight_V    |    2   |    0   |    0   |    0   |
|   ln_weight_in_V  |    2   |    0   |    0   |    0   |
|    o_weights_0    |    2   |    0   |    0   |    0   |
|    o_weights_1    |    2   |    0   |    0   |    0   |
|    o_weights_10   |    2   |    0   |    0   |    0   |
|    o_weights_11   |    2   |    0   |    0   |    0   |
|    o_weights_12   |    2   |    0   |    0   |    0   |
|    o_weights_13   |    2   |    0   |    0   |    0   |
|    o_weights_14   |    2   |    0   |    0   |    0   |
|    o_weights_15   |    2   |    0   |    0   |    0   |
|    o_weights_2    |    2   |    0   |    0   |    0   |
|    o_weights_3    |    2   |    0   |    0   |    0   |
|    o_weights_4    |    2   |    0   |    0   |    0   |
|    o_weights_5    |    2   |    0   |    0   |    0   |
|    o_weights_6    |    2   |    0   |    0   |    0   |
|    o_weights_7    |    2   |    0   |    0   |    0   |
|    o_weights_8    |    2   |    0   |    0   |    0   |
|    o_weights_9    |    2   |    0   |    0   |    0   |
|      output_0     |    2   |    0   |    0   |    0   |
|    q_weights_0    |    2   |    0   |    0   |    0   |
|    q_weights_1    |    2   |    0   |    0   |    0   |
|    q_weights_10   |    2   |    0   |    0   |    0   |
|    q_weights_11   |    2   |    0   |    0   |    0   |
|    q_weights_12   |    2   |    0   |    0   |    0   |
|    q_weights_13   |    2   |    0   |    0   |    0   |
|    q_weights_14   |    2   |    0   |    0   |    0   |
|    q_weights_15   |    2   |    0   |    0   |    0   |
|    q_weights_2    |    2   |    0   |    0   |    0   |
|    q_weights_3    |    2   |    0   |    0   |    0   |
|    q_weights_4    |    2   |    0   |    0   |    0   |
|    q_weights_5    |    2   |    0   |    0   |    0   |
|    q_weights_6    |    2   |    0   |    0   |    0   |
|    q_weights_7    |    2   |    0   |    0   |    0   |
|    q_weights_8    |    2   |    0   |    0   |    0   |
|    q_weights_9    |    2   |    0   |    0   |    0   |
|    sin_tab_V_5    |    1   |    0   |    0   |    -   |
|     v_cache_V     |    5   |    0   |    0   |    0   |
|    v_weights_0    |    2   |    0   |    0   |    0   |
|    v_weights_1    |    2   |    0   |    0   |    0   |
|    v_weights_10   |    2   |    0   |    0   |    0   |
|    v_weights_11   |    2   |    0   |    0   |    0   |
|    v_weights_12   |    2   |    0   |    0   |    0   |
|    v_weights_13   |    2   |    0   |    0   |    0   |
|    v_weights_14   |    2   |    0   |    0   |    0   |
|    v_weights_15   |    2   |    0   |    0   |    0   |
|    v_weights_2    |    2   |    0   |    0   |    0   |
|    v_weights_3    |    2   |    0   |    0   |    0   |
|    v_weights_4    |    2   |    0   |    0   |    0   |
|    v_weights_5    |    2   |    0   |    0   |    0   |
|    v_weights_6    |    2   |    0   |    0   |    0   |
|    v_weights_7    |    2   |    0   |    0   |    0   |
|    v_weights_8    |    2   |    0   |    0   |    0   |
|    v_weights_9    |    2   |    0   |    0   |    0   |
+-------------------+--------+--------+--------+--------+
|       Total       |   154  |   21   |    4   |    0   |
+-------------------+--------+--------+--------+--------+

* Register list:
+---------------------+--------+
|                     |   FF   |
+---------------------+--------+
|   add_ln19_reg_488  |    9   |
|   add_ln51_reg_496  |    9   |
|    j9_0_0_reg_258   |    9   |
|    j_0_0_reg_247    |    9   |
|output_0_addr_reg_501|    9   |
+---------------------+--------+
|        Total        |   45   |
+---------------------+--------+

* Multiplexer (MUX) list: 
|-------------------|------|------|------|--------||---------||---------|
|        Comp       |  Pin | Size |  BW  | S x BW ||  Delay  ||   LUT   |
|-------------------|------|------|------|--------||---------||---------|
| grp_access_fu_241 |  p0  |   2  |   9  |   18   ||    9    |
|-------------------|------|------|------|--------||---------||---------|
|       Total       |      |      |      |   18   ||  1.769  ||    9    |
|-------------------|------|------|------|--------||---------||---------|



* Summary:
+-----------+--------+--------+--------+--------+--------+--------+
|           |  BRAM  | DSP48E |  Delay |   FF   |   LUT  |  URAM  |
+-----------+--------+--------+--------+--------+--------+--------+
|  Function |   80   |   207  |   331  |  27814 |  31424 |    0   |
|   Memory  |   154  |    -   |    -   |   21   |    4   |    0   |
|Multiplexer|    -   |    -   |    1   |    -   |    9   |    -   |
|  Register |    -   |    -   |    -   |   45   |    -   |    -   |
+-----------+--------+--------+--------+--------+--------+--------+
|   Total   |   234  |   207  |   333  |  27880 |  31437 |    0   |
+-----------+--------+--------+--------+--------+--------+--------+
