

================================================================
== Vivado HLS Report for 'attention_exp'
================================================================
* Date:           Mon Nov 25 13:05:53 2024

* Version:        2019.2 (Build 2704478 on Wed Nov 06 22:10:23 MST 2019)
* Project:        attention.prj
* Solution:       solution1
* Product family: zynq
* Target device:  xc7z020-clg484-1


================================================================
== Performance Estimates
================================================================
+ Timing: 
    * Summary: 
    +--------+----------+----------+------------+
    |  Clock |  Target  | Estimated| Uncertainty|
    +--------+----------+----------+------------+
    |ap_clk  | 10.00 ns | 8.510 ns |   1.25 ns  |
    +--------+----------+----------+------------+

+ Latency: 
    * Summary: 
    +---------+---------+----------+----------+-----+-----+----------+
    |  Latency (cycles) |  Latency (absolute) |  Interval | Pipeline |
    |   min   |   max   |    min   |    max   | min | max |   Type   |
    +---------+---------+----------+----------+-----+-----+----------+
    |       10|       10| 0.100 us | 0.100 us |   11|   11| function |
    +---------+---------+----------+----------+-----+-----+----------+

    + Detail: 
        * Instance: 
        N/A

        * Loop: 
        N/A



================================================================
== Utilization Estimates
================================================================
* Summary: 
+-----------------+---------+-------+--------+-------+-----+
|       Name      | BRAM_18K| DSP48E|   FF   |  LUT  | URAM|
+-----------------+---------+-------+--------+-------+-----+
|DSP              |        -|      -|       -|      -|    -|
|Expression       |        -|     24|       0|   1016|    -|
|FIFO             |        -|      -|       -|      -|    -|
|Instance         |        -|      -|       -|      -|    -|
|Memory           |        -|      -|       -|      -|    -|
|Multiplexer      |        -|      -|       -|    101|    -|
|Register         |        -|      -|     726|      -|    -|
+-----------------+---------+-------+--------+-------+-----+
|Total            |        0|     24|     726|   1117|    0|
+-----------------+---------+-------+--------+-------+-----+
|Available        |      280|    220|  106400|  53200|    0|
+-----------------+---------+-------+--------+-------+-----+
|Utilization (%)  |        0|     10|   ~0   |      2|    0|
+-----------------+---------+-------+--------+-------+-----+

+ Detail: 
    * Instance: 
    N/A

    * DSP48E: 
    N/A

    * Memory: 
    N/A

    * FIFO: 
    N/A

    * Expression: 
    +---------------------------+----------+-------+---+----+------------+------------+
    |       Variable Name       | Operation| DSP48E| FF| LUT| Bitwidth P0| Bitwidth P1|
    +---------------------------+----------+-------+---+----+------------+------------+
    |mul_ln1118_1_fu_292_p2     |     *    |      4|  0|  20|          32|          32|
    |mul_ln1118_2_fu_392_p2     |     *    |      4|  0|  20|          31|          32|
    |mul_ln1118_3_fu_510_p2     |     *    |      4|  0|  20|          32|          32|
    |mul_ln1118_fu_169_p2       |     *    |      4|  0|  20|          32|          32|
    |mul_ln1148_1_fu_447_p2     |     *    |      4|  0|  22|          32|          33|
    |mul_ln1148_fu_228_p2       |     *    |      4|  0|  22|          32|          33|
    |add_ln703_16_fu_324_p2     |     +    |      0|  0|  39|          32|          32|
    |add_ln703_17_fu_424_p2     |     +    |      0|  0|  39|          32|          32|
    |add_ln703_18_fu_542_p2     |     +    |      0|  0|  39|          32|          32|
    |add_ln703_19_fu_566_p2     |     +    |      0|  0|  39|          32|          32|
    |add_ln703_fu_201_p2        |     +    |      0|  0|  39|          32|          23|
    |sub_ln1148_5_fu_135_p2     |     -    |      0|  0|  39|           1|          32|
    |sub_ln1148_6_fu_244_p2     |     -    |      0|  0|  72|           1|          65|
    |sub_ln1148_7_fu_273_p2     |     -    |      0|  0|  39|           1|          32|
    |sub_ln1148_8_fu_462_p2     |     -    |      0|  0|  72|           1|          65|
    |sub_ln1148_9_fu_491_p2     |     -    |      0|  0|  39|           1|          32|
    |sub_ln1148_fu_360_p2       |     -    |      0|  0|  38|           1|          31|
    |sub_ln703_16_fu_206_p2     |     -    |      0|  0|  39|           1|          32|
    |sub_ln703_17_fu_328_p2     |     -    |      0|  0|  39|           1|          32|
    |sub_ln703_18_fu_428_p2     |     -    |      0|  0|  39|           1|          32|
    |sub_ln703_19_fu_547_p2     |     -    |      0|  0|  39|           1|          32|
    |sub_ln703_fu_83_p2         |     -    |      0|  0|  39|           1|          32|
    |ap_condition_513           |    and   |      0|  0|   2|           1|           1|
    |select_ln1148_1_fu_379_p3  |  select  |      0|  0|  31|           1|          31|
    |select_ln1148_3_fu_266_p3  |  select  |      0|  0|  32|           1|          32|
    |select_ln1148_4_fu_279_p3  |  select  |      0|  0|  32|           1|          32|
    |select_ln1148_5_fu_484_p3  |  select  |      0|  0|  32|           1|          32|
    |select_ln1148_6_fu_497_p3  |  select  |      0|  0|  32|           1|          32|
    |select_ln1148_fu_155_p3    |  select  |      0|  0|  32|           1|          32|
    |select_ln58_1_fu_219_p3    |  select  |      0|  0|   2|           1|           1|
    |select_ln58_2_fu_341_p3    |  select  |      0|  0|   2|           1|           1|
    |select_ln58_3_fu_441_p3    |  select  |      0|  0|   2|           1|           1|
    |select_ln58_4_fu_560_p3    |  select  |      0|  0|   2|           1|           1|
    |select_ln58_fu_105_p3      |  select  |      0|  0|   2|           1|           1|
    +---------------------------+----------+-------+---+----+------------+------------+
    |Total                      |          |     24|  0|1016|         374|         959|
    +---------------------------+----------+-------+---+----+------------+------------+

    * Multiplexer: 
    +-----------------------------------------------+----+-----------+-----+-----------+
    |                      Name                     | LUT| Input Size| Bits| Total Bits|
    +-----------------------------------------------+----+-----------+-----+-----------+
    |agg_result_V_0_lcssa_reg_56                    |  33|          6|   32|        192|
    |ap_NS_fsm                                      |  53|         12|    1|         12|
    |ap_phi_mux_agg_result_V_0_lcssa_phi_fu_60_p12  |  15|          3|   32|         96|
    +-----------------------------------------------+----+-----------+-----+-----------+
    |Total                                          | 101|         21|   65|        300|
    +-----------------------------------------------+----+-----------+-----+-----------+

    * Register: 
    +-----------------------------+----+----+-----+-----------+
    |             Name            | FF | LUT| Bits| Const Bits|
    +-----------------------------+----+----+-----+-----------+
    |add_ln703_16_reg_671         |  32|   0|   32|          0|
    |add_ln703_17_reg_703         |  32|   0|   32|          0|
    |add_ln703_reg_624            |  32|   0|   32|          0|
    |agg_result_V_0_lcssa_reg_56  |  32|   0|   32|          0|
    |ap_CS_fsm                    |  11|   0|   11|          0|
    |in_V_read_reg_572            |  32|   0|   32|          0|
    |mul_ln1148_1_reg_713         |  64|   0|   65|          1|
    |mul_ln1148_reg_639           |  64|   0|   65|          1|
    |p_Val2_43_reg_654            |  32|   0|   32|          0|
    |p_Val2_44_reg_686            |  32|   0|   32|          0|
    |p_Val2_45_reg_728            |  32|   0|   32|          0|
    |p_Val2_s_reg_607             |  32|   0|   32|          0|
    |select_ln1148_1_reg_681      |  31|   0|   31|          0|
    |select_ln1148_4_reg_649      |  32|   0|   32|          0|
    |select_ln1148_6_reg_723      |  32|   0|   32|          0|
    |select_ln1148_reg_602        |  32|   0|   32|          0|
    |select_ln58_1_reg_630        |   1|   0|    1|          0|
    |select_ln58_2_reg_677        |   1|   0|    1|          0|
    |select_ln58_3_reg_709        |   1|   0|    1|          0|
    |select_ln58_reg_593          |   1|   0|    1|          0|
    |sext_ln1148_reg_634          |  65|   0|   65|          0|
    |sub_ln703_reg_588            |  32|   0|   32|          0|
    |tmp_28_reg_580               |   1|   0|    1|          0|
    |tmp_31_reg_597               |   1|   0|    1|          0|
    |tmp_32_reg_614               |   1|   0|    1|          0|
    |tmp_34_reg_619               |   1|   0|    1|          0|
    |tmp_36_reg_661               |   1|   0|    1|          0|
    |tmp_38_reg_666               |   1|   0|    1|          0|
    |tmp_39_reg_693               |   1|   0|    1|          0|
    |tmp_41_reg_698               |   1|   0|    1|          0|
    |tmp_43_reg_718               |  30|   0|   30|          0|
    |tmp_44_reg_734               |   1|   0|    1|          0|
    |tmp_46_reg_739               |   1|   0|    1|          0|
    |tmp_reg_644                  |  31|   0|   31|          0|
    +-----------------------------+----+----+-----+-----------+
    |Total                        | 726|   0|  728|          2|
    +-----------------------------+----+----+-----+-----------+



================================================================
== Interface
================================================================
* Summary: 
+-----------+-----+-----+------------+---------------+--------------+
| RTL Ports | Dir | Bits|  Protocol  | Source Object |    C Type    |
+-----------+-----+-----+------------+---------------+--------------+
|ap_clk     |  in |    1| ap_ctrl_hs | attention_exp | return value |
|ap_rst     |  in |    1| ap_ctrl_hs | attention_exp | return value |
|ap_start   |  in |    1| ap_ctrl_hs | attention_exp | return value |
|ap_done    | out |    1| ap_ctrl_hs | attention_exp | return value |
|ap_idle    | out |    1| ap_ctrl_hs | attention_exp | return value |
|ap_ready   | out |    1| ap_ctrl_hs | attention_exp | return value |
|ap_return  | out |   32| ap_ctrl_hs | attention_exp | return value |
|in_V       |  in |   32|   ap_none  |      in_V     |    scalar    |
+-----------+-----+-----+------------+---------------+--------------+

