

================================================================
== Vivado HLS Report for 'GEMM_3D_float_1'
================================================================
* Date:           Thu Nov 28 07:55:48 2024

* Version:        2019.2 (Build 2704478 on Wed Nov 06 22:10:23 MST 2019)
* Project:        attention.prj
* Solution:       solution1
* Product family: zynq
* Target device:  xc7z020-clg484-1


================================================================
== Performance Estimates
================================================================
+ Timing: 
    * Summary: 
    +--------+----------+----------+------------+
    |  Clock |  Target  | Estimated| Uncertainty|
    +--------+----------+----------+------------+
    |ap_clk  | 10.00 ns | 8.512 ns |   1.25 ns  |
    +--------+----------+----------+------------+

+ Latency: 
    * Summary: 
    +---------+---------+----------+----------+-----+-----+---------+
    |  Latency (cycles) |  Latency (absolute) |  Interval | Pipeline|
    |   min   |   max   |    min   |    max   | min | max |   Type  |
    +---------+---------+----------+----------+-----+-----+---------+
    |       36|       36| 0.360 us | 0.360 us |   36|   36|   none  |
    +---------+---------+----------+----------+-----+-----+---------+

    + Detail: 
        * Instance: 
        N/A

        * Loop: 
        +---------------------------------------------+---------+---------+----------+-----------+-----------+------+----------+
        |                                             |  Latency (cycles) | Iteration|  Initiation Interval  | Trip |          |
        |                  Loop Name                  |   min   |   max   |  Latency |  achieved |   target  | Count| Pipelined|
        +---------------------------------------------+---------+---------+----------+-----------+-----------+------+----------+
        |- GEMM_3D_FLOAT_LOOP_1_GEMM_3D_FLOAT_LOOP_3  |       34|       34|         5|          2|          2|    16|    yes   |
        +---------------------------------------------+---------+---------+----------+-----------+-----------+------+----------+



================================================================
== Utilization Estimates
================================================================
* Summary: 
+-----------------+---------+-------+--------+-------+-----+
|       Name      | BRAM_18K| DSP48E|   FF   |  LUT  | URAM|
+-----------------+---------+-------+--------+-------+-----+
|DSP              |        -|      -|       -|      -|    -|
|Expression       |        -|     15|       0|    325|    -|
|FIFO             |        -|      -|       -|      -|    -|
|Instance         |        -|      -|       0|    105|    -|
|Memory           |        -|      -|       -|      -|    -|
|Multiplexer      |        -|      -|       -|    150|    -|
|Register         |        -|      -|    1119|      -|    -|
+-----------------+---------+-------+--------+-------+-----+
|Total            |        0|     15|    1119|    580|    0|
+-----------------+---------+-------+--------+-------+-----+
|Available        |      280|    220|  106400|  53200|    0|
+-----------------+---------+-------+--------+-------+-----+
|Utilization (%)  |        0|      6|       1|      1|    0|
+-----------------+---------+-------+--------+-------+-----+

+ Detail: 
    * Instance: 
    +------------------------+-------------------+---------+-------+---+----+-----+
    |        Instance        |       Module      | BRAM_18K| DSP48E| FF| LUT| URAM|
    +------------------------+-------------------+---------+-------+---+----+-----+
    |dut_mux_42_40_1_1_U178  |dut_mux_42_40_1_1  |        0|      0|  0|  21|    0|
    |dut_mux_42_40_1_1_U179  |dut_mux_42_40_1_1  |        0|      0|  0|  21|    0|
    |dut_mux_42_40_1_1_U180  |dut_mux_42_40_1_1  |        0|      0|  0|  21|    0|
    |dut_mux_42_40_1_1_U181  |dut_mux_42_40_1_1  |        0|      0|  0|  21|    0|
    |dut_mux_42_40_1_1_U182  |dut_mux_42_40_1_1  |        0|      0|  0|  21|    0|
    +------------------------+-------------------+---------+-------+---+----+-----+
    |Total                   |                   |        0|      0|  0| 105|    0|
    +------------------------+-------------------+---------+-------+---+----+-----+

    * DSP48E: 
    N/A

    * Memory: 
    N/A

    * FIFO: 
    N/A

    * Expression: 
    +--------------------------+----------+-------+---+----+------------+------------+
    |       Variable Name      | Operation| DSP48E| FF| LUT| Bitwidth P0| Bitwidth P1|
    +--------------------------+----------+-------+---+----+------------+------------+
    |mul_ln1118_fu_570_p2      |     *    |      5|  0|  29|          40|          40|
    |mul_ln1192_1_fu_617_p2    |     *    |      5|  0|  29|          40|          40|
    |mul_ln1192_fu_582_p2      |     *    |      5|  0|  29|          40|          40|
    |add_ln1117_1_fu_532_p2    |     +    |      0|  0|  15|           2|           5|
    |add_ln1117_fu_480_p2      |     +    |      0|  0|  15|           1|           5|
    |add_ln1192_4_fu_640_p2    |     +    |      0|  0|  63|          56|          56|
    |add_ln1192_fu_605_p2      |     +    |      0|  0|  63|          56|          56|
    |add_ln271_fu_420_p2       |     +    |      0|  0|  15|           5|           1|
    |add_ln273_fu_558_p2       |     +    |      0|  0|  12|           3|           1|
    |i_fu_426_p2               |     +    |      0|  0|  12|           1|           3|
    |sub_ln1117_fu_466_p2      |     -    |      0|  0|  15|           5|           5|
    |icmp_ln271_fu_414_p2      |   icmp   |      0|  0|  11|           5|           6|
    |icmp_ln273_fu_432_p2      |   icmp   |      0|  0|   9|           3|           4|
    |select_ln274_1_fu_446_p3  |  select  |      0|  0|   3|           1|           3|
    |select_ln274_fu_438_p3    |  select  |      0|  0|   3|           1|           1|
    |ap_enable_pp0             |    xor   |      0|  0|   2|           1|           2|
    +--------------------------+----------+-------+---+----+------------+------------+
    |Total                     |          |     15|  0| 325|         260|         268|
    +--------------------------+----------+-------+---+----+------------+------------+

    * Multiplexer: 
    +-----------------------------------------+----+-----------+-----+-----------+
    |                   Name                  | LUT| Input Size| Bits| Total Bits|
    +-----------------------------------------+----+-----------+-----+-----------+
    |ap_NS_fsm                                |  27|          5|    1|          5|
    |ap_enable_reg_pp0_iter2                  |   9|          2|    1|          2|
    |ap_phi_mux_i_0_phi_fu_379_p4             |   9|          2|    3|          6|
    |ap_phi_mux_indvar_flatten_phi_fu_368_p4  |   9|          2|    5|         10|
    |ap_phi_mux_k_0_0_phi_fu_390_p4           |   9|          2|    3|          6|
    |i_0_reg_375                              |   9|          2|    3|          6|
    |indvar_flatten_reg_364                   |   9|          2|    5|         10|
    |input_2_0_V_address0                     |  15|          3|    4|         12|
    |input_2_1_V_address0                     |  15|          3|    4|         12|
    |input_2_2_V_address0                     |  15|          3|    4|         12|
    |input_2_3_V_address0                     |  15|          3|    4|         12|
    |k_0_0_reg_386                            |   9|          2|    3|          6|
    +-----------------------------------------+----+-----------+-----+-----------+
    |Total                                    | 150|         31|   40|         99|
    +-----------------------------------------+----+-----------+-----+-----------+

    * Register: 
    +------------------------------------+----+----+-----+-----------+
    |                Name                | FF | LUT| Bits| Const Bits|
    +------------------------------------+----+----+-----+-----------+
    |add_ln271_reg_1039                  |   5|   0|    5|          0|
    |add_ln273_reg_1149                  |   3|   0|    3|          0|
    |ap_CS_fsm                           |   4|   0|    4|          0|
    |ap_enable_reg_pp0_iter0             |   1|   0|    1|          0|
    |ap_enable_reg_pp0_iter1             |   1|   0|    1|          0|
    |ap_enable_reg_pp0_iter2             |   1|   0|    1|          0|
    |i_0_reg_375                         |   3|   0|    3|          0|
    |icmp_ln271_reg_1035                 |   1|   0|    1|          0|
    |icmp_ln271_reg_1035_pp0_iter1_reg   |   1|   0|    1|          0|
    |indvar_flatten_reg_364              |   5|   0|    5|          0|
    |k_0_0_reg_386                       |   3|   0|    3|          0|
    |mul_ln1192_1_reg_1164               |  56|   0|   56|          0|
    |mul_ln1192_reg_1154                 |  56|   0|   56|          0|
    |output_V12_1_fu_116                 |  40|   0|   40|          0|
    |output_V13_1_fu_128                 |  40|   0|   40|          0|
    |output_V14_1_fu_140                 |  40|   0|   40|          0|
    |output_V615_1_fu_156                |  40|   0|   40|          0|
    |output_V616_1_fu_148                |  40|   0|   40|          0|
    |output_V617_1_fu_144                |  40|   0|   40|          0|
    |output_V6_1_fu_152                  |  40|   0|   40|          0|
    |output_V718_1_fu_132                |  40|   0|   40|          0|
    |output_V719_1_fu_124                |  40|   0|   40|          0|
    |output_V720_1_fu_120                |  40|   0|   40|          0|
    |output_V7_1_fu_136                  |  40|   0|   40|          0|
    |output_V821_1_fu_108                |  40|   0|   40|          0|
    |output_V822_1_fu_100                |  40|   0|   40|          0|
    |output_V823_1_fu_96                 |  40|   0|   40|          0|
    |output_V8_1_fu_112                  |  40|   0|   40|          0|
    |output_V_1_fu_104                   |  40|   0|   40|          0|
    |reg_410                             |  40|   0|   40|          0|
    |select_ln274_1_reg_1049             |   3|   0|    3|          0|
    |select_ln274_reg_1044               |   3|   0|    3|          0|
    |sub_ln1117_reg_1054                 |   5|   0|    5|          0|
    |tmp_28_reg_1109                     |  40|   0|   40|          0|
    |tmp_30_reg_1114                     |  40|   0|   40|          0|
    |tmp_31_reg_1144                     |  40|   0|   40|          0|
    |tmp_32_reg_1119                     |  40|   0|   40|          0|
    |tmp_32_reg_1119_pp0_iter1_reg       |  40|   0|   40|          0|
    |tmp_57_reg_1159                     |  40|   0|   40|          0|
    |tmp_58_reg_1169                     |  40|   0|   40|          0|
    |trunc_ln203_reg_1103                |   2|   0|    2|          0|
    |trunc_ln203_reg_1103_pp0_iter1_reg  |   2|   0|    2|          0|
    |trunc_ln274_reg_1099                |   2|   0|    2|          0|
    |trunc_ln274_reg_1099_pp0_iter1_reg  |   2|   0|    2|          0|
    +------------------------------------+----+----+-----+-----------+
    |Total                               |1119|   0| 1119|          0|
    +------------------------------------+----+----+-----+-----------+



================================================================
== Interface
================================================================
* Summary: 
+----------------------+-----+-----+------------+-----------------+--------------+
|       RTL Ports      | Dir | Bits|  Protocol  |  Source Object  |    C Type    |
+----------------------+-----+-----+------------+-----------------+--------------+
|ap_clk                |  in |    1| ap_ctrl_hs | GEMM_3D_float.1 | return value |
|ap_rst                |  in |    1| ap_ctrl_hs | GEMM_3D_float.1 | return value |
|ap_start              |  in |    1| ap_ctrl_hs | GEMM_3D_float.1 | return value |
|ap_done               | out |    1| ap_ctrl_hs | GEMM_3D_float.1 | return value |
|ap_idle               | out |    1| ap_ctrl_hs | GEMM_3D_float.1 | return value |
|ap_ready              | out |    1| ap_ctrl_hs | GEMM_3D_float.1 | return value |
|ap_return_0           | out |   40| ap_ctrl_hs | GEMM_3D_float.1 | return value |
|ap_return_1           | out |   40| ap_ctrl_hs | GEMM_3D_float.1 | return value |
|ap_return_2           | out |   40| ap_ctrl_hs | GEMM_3D_float.1 | return value |
|ap_return_3           | out |   40| ap_ctrl_hs | GEMM_3D_float.1 | return value |
|ap_return_4           | out |   40| ap_ctrl_hs | GEMM_3D_float.1 | return value |
|ap_return_5           | out |   40| ap_ctrl_hs | GEMM_3D_float.1 | return value |
|ap_return_6           | out |   40| ap_ctrl_hs | GEMM_3D_float.1 | return value |
|ap_return_7           | out |   40| ap_ctrl_hs | GEMM_3D_float.1 | return value |
|ap_return_8           | out |   40| ap_ctrl_hs | GEMM_3D_float.1 | return value |
|ap_return_9           | out |   40| ap_ctrl_hs | GEMM_3D_float.1 | return value |
|ap_return_10          | out |   40| ap_ctrl_hs | GEMM_3D_float.1 | return value |
|ap_return_11          | out |   40| ap_ctrl_hs | GEMM_3D_float.1 | return value |
|ap_return_12          | out |   40| ap_ctrl_hs | GEMM_3D_float.1 | return value |
|ap_return_13          | out |   40| ap_ctrl_hs | GEMM_3D_float.1 | return value |
|ap_return_14          | out |   40| ap_ctrl_hs | GEMM_3D_float.1 | return value |
|ap_return_15          | out |   40| ap_ctrl_hs | GEMM_3D_float.1 | return value |
|p_read                |  in |   40|   ap_none  |      p_read     |    scalar    |
|p_read1               |  in |   40|   ap_none  |     p_read1     |    scalar    |
|p_read2               |  in |   40|   ap_none  |     p_read2     |    scalar    |
|p_read3               |  in |   40|   ap_none  |     p_read3     |    scalar    |
|p_read4               |  in |   40|   ap_none  |     p_read4     |    scalar    |
|p_read5               |  in |   40|   ap_none  |     p_read5     |    scalar    |
|p_read6               |  in |   40|   ap_none  |     p_read6     |    scalar    |
|p_read7               |  in |   40|   ap_none  |     p_read7     |    scalar    |
|p_read8               |  in |   40|   ap_none  |     p_read8     |    scalar    |
|p_read9               |  in |   40|   ap_none  |     p_read9     |    scalar    |
|p_read10              |  in |   40|   ap_none  |     p_read10    |    scalar    |
|p_read11              |  in |   40|   ap_none  |     p_read11    |    scalar    |
|input_2_0_V_address0  | out |    4|  ap_memory |   input_2_0_V   |     array    |
|input_2_0_V_ce0       | out |    1|  ap_memory |   input_2_0_V   |     array    |
|input_2_0_V_q0        |  in |   40|  ap_memory |   input_2_0_V   |     array    |
|input_2_0_V_address1  | out |    4|  ap_memory |   input_2_0_V   |     array    |
|input_2_0_V_ce1       | out |    1|  ap_memory |   input_2_0_V   |     array    |
|input_2_0_V_q1        |  in |   40|  ap_memory |   input_2_0_V   |     array    |
|input_2_1_V_address0  | out |    4|  ap_memory |   input_2_1_V   |     array    |
|input_2_1_V_ce0       | out |    1|  ap_memory |   input_2_1_V   |     array    |
|input_2_1_V_q0        |  in |   40|  ap_memory |   input_2_1_V   |     array    |
|input_2_1_V_address1  | out |    4|  ap_memory |   input_2_1_V   |     array    |
|input_2_1_V_ce1       | out |    1|  ap_memory |   input_2_1_V   |     array    |
|input_2_1_V_q1        |  in |   40|  ap_memory |   input_2_1_V   |     array    |
|input_2_2_V_address0  | out |    4|  ap_memory |   input_2_2_V   |     array    |
|input_2_2_V_ce0       | out |    1|  ap_memory |   input_2_2_V   |     array    |
|input_2_2_V_q0        |  in |   40|  ap_memory |   input_2_2_V   |     array    |
|input_2_2_V_address1  | out |    4|  ap_memory |   input_2_2_V   |     array    |
|input_2_2_V_ce1       | out |    1|  ap_memory |   input_2_2_V   |     array    |
|input_2_2_V_q1        |  in |   40|  ap_memory |   input_2_2_V   |     array    |
|input_2_3_V_address0  | out |    4|  ap_memory |   input_2_3_V   |     array    |
|input_2_3_V_ce0       | out |    1|  ap_memory |   input_2_3_V   |     array    |
|input_2_3_V_q0        |  in |   40|  ap_memory |   input_2_3_V   |     array    |
|input_2_3_V_address1  | out |    4|  ap_memory |   input_2_3_V   |     array    |
|input_2_3_V_ce1       | out |    1|  ap_memory |   input_2_3_V   |     array    |
|input_2_3_V_q1        |  in |   40|  ap_memory |   input_2_3_V   |     array    |
+----------------------+-----+-----+------------+-----------------+--------------+

