

================================================================
== Vivado HLS Report for 'linear_forward_no_mu'
================================================================
* Date:           Thu Nov 28 18:17:10 2024

* Version:        2019.2 (Build 2704478 on Wed Nov 06 22:10:23 MST 2019)
* Project:        attention.prj
* Solution:       solution1
* Product family: zynq
* Target device:  xc7z020-clg484-1


================================================================
== Performance Estimates
================================================================
+ Timing: 
    * Summary: 
    +--------+----------+----------+------------+
    |  Clock |  Target  | Estimated| Uncertainty|
    +--------+----------+----------+------------+
    |ap_clk  | 10.00 ns | 8.510 ns |   1.25 ns  |
    +--------+----------+----------+------------+

+ Latency: 
    * Summary: 
    +---------+---------+----------+----------+--------+--------+---------+
    |  Latency (cycles) |  Latency (absolute) |     Interval    | Pipeline|
    |   min   |   max   |    min   |    max   |   min  |   max  |   Type  |
    +---------+---------+----------+----------+--------+--------+---------+
    |   251137|   582913| 2.511 ms | 5.829 ms |  251137|  582913|   none  |
    +---------+---------+----------+----------+--------+--------+---------+

    + Detail: 
        * Instance: 
        N/A

        * Loop: 
        +-----------------------------------+---------+---------+------------+-----------+-----------+-------+----------+
        |                                   |  Latency (cycles) |  Iteration |  Initiation Interval  |  Trip |          |
        |             Loop Name             |   min   |   max   |   Latency  |  achieved |   target  | Count | Pipelined|
        +-----------------------------------+---------+---------+------------+-----------+-----------+-------+----------+
        |- LINEAR_FORWARD_NO_MUL_LOOP_2     |   251136|   582912| 654 ~ 1518 |          -|          -|    384|    no    |
        | + LINEAR_FORWARD_NO_MUL_LOOP_3    |      576|     1440|   6 ~ 15   |          -|          -|     96|    no    |
        |  ++ LINEAR_FORWARD_NO_MUL_LOOP_4  |        3|       12|           3|          -|          -| 1 ~ 4 |    no    |
        +-----------------------------------+---------+---------+------------+-----------+-----------+-------+----------+



================================================================
== Utilization Estimates
================================================================
* Summary: 
+-----------------+---------+-------+--------+-------+-----+
|       Name      | BRAM_18K| DSP48E|   FF   |  LUT  | URAM|
+-----------------+---------+-------+--------+-------+-----+
|DSP              |        -|      -|       -|      -|    -|
|Expression       |        -|      3|       0|    278|    -|
|FIFO             |        -|      -|       -|      -|    -|
|Instance         |        -|      -|     779|    469|    -|
|Memory           |        -|      -|       -|      -|    -|
|Multiplexer      |        -|      -|       -|    411|    -|
|Register         |        -|      -|     256|      -|    -|
+-----------------+---------+-------+--------+-------+-----+
|Total            |        0|      3|    1035|   1158|    0|
+-----------------+---------+-------+--------+-------+-----+
|Available        |      280|    220|  106400|  53200|    0|
+-----------------+---------+-------+--------+-------+-----+
|Utilization (%)  |        0|      1|   ~0   |      2|    0|
+-----------------+---------+-------+--------+-------+-----+

+ Detail: 
    * Instance: 
    +--------------------------+----------------------+---------+-------+-----+-----+-----+
    |         Instance         |        Module        | BRAM_18K| DSP48E|  FF | LUT | URAM|
    +--------------------------+----------------------+---------+-------+-----+-----+-----+
    |dut_sdiv_72ns_61sfYi_U15  |dut_sdiv_72ns_61sfYi  |        0|      0|  779|  469|    0|
    +--------------------------+----------------------+---------+-------+-----+-----+-----+
    |Total                     |                      |        0|      0|  779|  469|    0|
    +--------------------------+----------------------+---------+-------+-----+-----+-----+

    * DSP48E: 
    N/A

    * Memory: 
    N/A

    * FIFO: 
    N/A

    * Expression: 
    +------------------------+----------+-------+---+----+------------+------------+
    |      Variable Name     | Operation| DSP48E| FF| LUT| Bitwidth P0| Bitwidth P1|
    +------------------------+----------+-------+---+----+------------+------------+
    |mul_ln1148_fu_176_p2    |     *    |      3|  0|  29|          22|          40|
    |add_ln157_fu_192_p2     |     +    |      0|  0|  15|           9|           1|
    |add_ln158_fu_315_p2     |     +    |      0|  0|  15|           9|           3|
    |add_ln159_fu_253_p2     |     +    |      0|  0|  13|          17|          17|
    |add_ln161_1_fu_273_p2   |     +    |      0|  0|  12|           3|           1|
    |add_ln161_fu_279_p2     |     +    |      0|  0|  15|           9|           9|
    |add_ln703_fu_377_p2     |     +    |      0|  0|  47|          40|          40|
    |sub_ln159_fu_247_p2     |     -    |      0|  0|  13|          17|          17|
    |sub_ln701_fu_331_p2     |     -    |      0|  0|  15|           1|           8|
    |and_ln165_fu_343_p2     |    and   |      0|  0|   2|           1|           1|
    |icmp_ln157_fu_186_p2    |   icmp   |      0|  0|  13|           9|           9|
    |icmp_ln158_fu_207_p2    |   icmp   |      0|  0|  13|           9|           9|
    |icmp_ln161_1_fu_285_p2  |   icmp   |      0|  0|  13|           9|           9|
    |icmp_ln161_fu_267_p2    |   icmp   |      0|  0|   9|           3|           4|
    |icmp_ln164_fu_321_p2    |   icmp   |      0|  0|   8|           2|           1|
    |icmp_ln165_fu_326_p2    |   icmp   |      0|  0|   9|           2|           3|
    |lshr_ln162_fu_301_p2    |   lshr   |      0|  0|  19|           8|           8|
    |select_ln164_fu_349_p3  |  select  |      0|  0|   8|           1|           8|
    |select_ln165_fu_357_p3  |  select  |      0|  0|   8|           1|           8|
    |xor_ln164_fu_337_p2     |    xor   |      0|  0|   2|           1|           2|
    +------------------------+----------+-------+---+----+------------+------------+
    |Total                   |          |      3|  0| 278|         173|         198|
    +------------------------+----------+-------+---+----+------------+------------+

    * Multiplexer: 
    +---------------+-----+-----------+-----+-----------+
    |      Name     | LUT | Input Size| Bits| Total Bits|
    +---------------+-----+-----------+-----+-----------+
    |ap_NS_fsm      |  369|         84|    1|         84|
    |j_0_0_reg_134  |    9|          2|    9|         18|
    |k_0_0_reg_145  |    9|          2|    9|         18|
    |l_0_0_reg_157  |    9|          2|    3|          6|
    |output_0_V_d0  |   15|          3|   40|        120|
    +---------------+-----+-----------+-----+-----------+
    |Total          |  411|         93|   62|        246|
    +---------------+-----+-----------+-----+-----------+

    * Register: 
    +-----------------------------+----+----+-----+-----------+
    |             Name            | FF | LUT| Bits| Const Bits|
    +-----------------------------+----+----+-----+-----------+
    |add_ln157_reg_409            |   9|   0|    9|          0|
    |add_ln161_1_reg_440          |   3|   0|    3|          0|
    |add_ln703_reg_464            |  40|   0|   40|          0|
    |ap_CS_fsm                    |  83|   0|   83|          0|
    |j_0_0_reg_134                |   9|   0|    9|          0|
    |k_0_0_reg_145                |   9|   0|    9|          0|
    |l_0_0_reg_157                |   3|   0|    3|          0|
    |output_0_V_addr_reg_419      |   9|   0|    9|          0|
    |packed_weights_load_reg_432  |   8|   0|    8|          0|
    |sext_ln157_reg_401           |  72|   0|   72|          0|
    |trunc_ln162_reg_448          |   2|   0|    2|          0|
    |zext_ln1265_reg_414          |   9|   0|   17|          8|
    +-----------------------------+----+----+-----+-----------+
    |Total                        | 256|   0|  264|          8|
    +-----------------------------+----+----+-----+-----------+



================================================================
== Interface
================================================================
* Summary: 
+-------------------------+-----+-----+------------+----------------------+--------------+
|        RTL Ports        | Dir | Bits|  Protocol  |     Source Object    |    C Type    |
+-------------------------+-----+-----+------------+----------------------+--------------+
|ap_clk                   |  in |    1| ap_ctrl_hs | linear_forward_no_mu | return value |
|ap_rst                   |  in |    1| ap_ctrl_hs | linear_forward_no_mu | return value |
|ap_start                 |  in |    1| ap_ctrl_hs | linear_forward_no_mu | return value |
|ap_done                  | out |    1| ap_ctrl_hs | linear_forward_no_mu | return value |
|ap_idle                  | out |    1| ap_ctrl_hs | linear_forward_no_mu | return value |
|ap_ready                 | out |    1| ap_ctrl_hs | linear_forward_no_mu | return value |
|input_0_V_address0       | out |    9|  ap_memory |       input_0_V      |     array    |
|input_0_V_ce0            | out |    1|  ap_memory |       input_0_V      |     array    |
|input_0_V_q0             |  in |    8|  ap_memory |       input_0_V      |     array    |
|output_0_V_address0      | out |    9|  ap_memory |      output_0_V      |     array    |
|output_0_V_ce0           | out |    1|  ap_memory |      output_0_V      |     array    |
|output_0_V_we0           | out |    1|  ap_memory |      output_0_V      |     array    |
|output_0_V_d0            | out |   40|  ap_memory |      output_0_V      |     array    |
|output_0_V_q0            |  in |   40|  ap_memory |      output_0_V      |     array    |
|scales_0_V_read          |  in |   40|   ap_none  |    scales_0_V_read   |    scalar    |
|packed_weights_address0  | out |   16|  ap_memory |    packed_weights    |     array    |
|packed_weights_ce0       | out |    1|  ap_memory |    packed_weights    |     array    |
|packed_weights_q0        |  in |    8|  ap_memory |    packed_weights    |     array    |
|w_scale_V                |  in |   22|   ap_none  |       w_scale_V      |    scalar    |
+-------------------------+-----+-----+------------+----------------------+--------------+

