

================================================================
== Vivado HLS Report for 'attention'
================================================================
* Date:           Sun Dec  1 00:59:56 2024

* Version:        2019.2 (Build 2704478 on Wed Nov 06 22:10:23 MST 2019)
* Project:        attention_16th.prj
* Solution:       solution1
* Product family: zynq
* Target device:  xc7z020-clg484-1


================================================================
== Performance Estimates
================================================================
+ Timing: 
    * Summary: 
    +--------+----------+----------+------------+
    |  Clock |  Target  | Estimated| Uncertainty|
    +--------+----------+----------+------------+
    |ap_clk  | 10.00 ns | 8.750 ns |   1.25 ns  |
    +--------+----------+----------+------------+

+ Latency: 
    * Summary: 
    +---------+---------+----------+----------+-------+-------+---------+
    |  Latency (cycles) |  Latency (absolute) |    Interval   | Pipeline|
    |   min   |   max   |    min   |    max   |  min  |  max  |   Type  |
    +---------+---------+----------+----------+-------+-------+---------+
    |    21970|    21970| 0.220 ms | 0.220 ms |  21970|  21970|   none  |
    +---------+---------+----------+----------+-------+-------+---------+

    + Detail: 
        * Instance: 
        N/A

        * Loop: 
        +-------------------+---------+---------+----------+-----------+-----------+------+----------+
        |                   |  Latency (cycles) | Iteration|  Initiation Interval  | Trip |          |
        |     Loop Name     |   min   |   max   |  Latency |  achieved |   target  | Count| Pipelined|
        +-------------------+---------+---------+----------+-----------+-----------+------+----------+
        |- SF_LOOP_1        |      176|      176|        44|          -|          -|     4|    no    |
        | + SF_LOOP_3       |       42|       42|         7|          -|          -|     6|    no    |
        |- ATTN_2D_LOOP_2   |      200|      200|        50|          -|          -|     4|    no    |
        | + ATTN_2D_LOOP_3  |       48|       48|         2|          -|          -|    24|    no    |
        +-------------------+---------+---------+----------+-----------+-----------+------+----------+

============================================================
+ Verbose Summary: Synthesis Manager
============================================================
InlineROM: 1
ExposeGlobal: 0
============================================================
+ Verbose Summary: CDFG Model
============================================================
IsTopModel: 0
ResetActiveHigh: 1
IsCombinational: 0
IsDatapathOnly: 0
HasWiredReturn: 1
HasMFsm: 0
HasVarLatency: 1
IsPipeline: 0
IsRtlPipelined: 0
IsInstanceOverlapped: 0
IsDontTouch: 0
HasImplIP: 0
IsGatedGlobalClock: 0


============================================================
+ Verbose Summary: Schedule
============================================================
* Number of FSM states : 37
* Pipeline : 0
* Dataflow Pipeline: 0

* FSM state transitions: 
1 --> 2 
2 --> 3 
3 --> 4 
4 --> 5 
5 --> 6 
6 --> 7 
7 --> 8 
8 --> 9 
9 --> 10 
10 --> 11 
11 --> 12 
12 --> 13 
13 --> 14 
14 --> 15 
15 --> 16 
16 --> 17 
17 --> 18 
18 --> 19 
19 --> 27 20 
20 --> 21 19 
21 --> 22 
22 --> 23 
23 --> 24 
24 --> 25 
25 --> 26 
26 --> 20 
27 --> 28 
28 --> 29 
29 --> 30 
30 --> 33 31 
31 --> 32 30 
32 --> 31 
33 --> 34 
34 --> 35 
35 --> 36 
36 --> 37 
37 --> 

* FSM state operations: 

State 1 <SV = 0> <Delay = 1.90>
ST_1 : Operation 38 [1/1] (0.00ns)   --->   "%quantized_hidden_sta = alloca [6 x i8], align 1" [attention.cpp:93]   --->   Operation 38 'alloca' 'quantized_hidden_sta' <Predicate = true> <Delay = 0.00>
ST_1 : Operation 39 [1/1] (0.00ns)   --->   "%quantized_hidden_sta_1 = alloca [6 x i8], align 1" [attention.cpp:93]   --->   Operation 39 'alloca' 'quantized_hidden_sta_1' <Predicate = true> <Delay = 0.00>
ST_1 : Operation 40 [1/1] (0.00ns)   --->   "%quantized_hidden_sta_2 = alloca [6 x i8], align 1" [attention.cpp:93]   --->   Operation 40 'alloca' 'quantized_hidden_sta_2' <Predicate = true> <Delay = 0.00>
ST_1 : Operation 41 [1/1] (0.00ns)   --->   "%quantized_hidden_sta_3 = alloca [6 x i8], align 1" [attention.cpp:93]   --->   Operation 41 'alloca' 'quantized_hidden_sta_3' <Predicate = true> <Delay = 0.00>
ST_1 : Operation 42 [1/1] (0.00ns)   --->   "%quantized_hidden_sta_4 = alloca [6 x i8], align 1" [attention.cpp:93]   --->   Operation 42 'alloca' 'quantized_hidden_sta_4' <Predicate = true> <Delay = 0.00>
ST_1 : Operation 43 [1/1] (0.00ns)   --->   "%quantized_hidden_sta_5 = alloca [6 x i8], align 1" [attention.cpp:93]   --->   Operation 43 'alloca' 'quantized_hidden_sta_5' <Predicate = true> <Delay = 0.00>
ST_1 : Operation 44 [1/1] (0.00ns)   --->   "%quantized_hidden_sta_6 = alloca [6 x i8], align 1" [attention.cpp:93]   --->   Operation 44 'alloca' 'quantized_hidden_sta_6' <Predicate = true> <Delay = 0.00>
ST_1 : Operation 45 [1/1] (0.00ns)   --->   "%quantized_hidden_sta_7 = alloca [6 x i8], align 1" [attention.cpp:93]   --->   Operation 45 'alloca' 'quantized_hidden_sta_7' <Predicate = true> <Delay = 0.00>
ST_1 : Operation 46 [1/1] (0.00ns)   --->   "%quantized_hidden_sta_8 = alloca [6 x i8], align 1" [attention.cpp:93]   --->   Operation 46 'alloca' 'quantized_hidden_sta_8' <Predicate = true> <Delay = 0.00>
ST_1 : Operation 47 [1/1] (0.00ns)   --->   "%quantized_hidden_sta_9 = alloca [6 x i8], align 1" [attention.cpp:93]   --->   Operation 47 'alloca' 'quantized_hidden_sta_9' <Predicate = true> <Delay = 0.00>
ST_1 : Operation 48 [1/1] (0.00ns)   --->   "%quantized_hidden_sta_10 = alloca [6 x i8], align 1" [attention.cpp:93]   --->   Operation 48 'alloca' 'quantized_hidden_sta_10' <Predicate = true> <Delay = 0.00>
ST_1 : Operation 49 [1/1] (0.00ns)   --->   "%quantized_hidden_sta_11 = alloca [6 x i8], align 1" [attention.cpp:93]   --->   Operation 49 'alloca' 'quantized_hidden_sta_11' <Predicate = true> <Delay = 0.00>
ST_1 : Operation 50 [1/1] (0.00ns)   --->   "%quantized_hidden_sta_12 = alloca [6 x i8], align 1" [attention.cpp:93]   --->   Operation 50 'alloca' 'quantized_hidden_sta_12' <Predicate = true> <Delay = 0.00>
ST_1 : Operation 51 [1/1] (0.00ns)   --->   "%quantized_hidden_sta_13 = alloca [6 x i8], align 1" [attention.cpp:93]   --->   Operation 51 'alloca' 'quantized_hidden_sta_13' <Predicate = true> <Delay = 0.00>
ST_1 : Operation 52 [1/1] (0.00ns)   --->   "%quantized_hidden_sta_14 = alloca [6 x i8], align 1" [attention.cpp:93]   --->   Operation 52 'alloca' 'quantized_hidden_sta_14' <Predicate = true> <Delay = 0.00>
ST_1 : Operation 53 [1/1] (0.00ns)   --->   "%quantized_hidden_sta_15 = alloca [6 x i8], align 1" [attention.cpp:93]   --->   Operation 53 'alloca' 'quantized_hidden_sta_15' <Predicate = true> <Delay = 0.00>
ST_1 : Operation 54 [1/1] (0.00ns)   --->   "%q_proj_re_0_V = alloca [96 x i40], align 8" [attention.cpp:107]   --->   Operation 54 'alloca' 'q_proj_re_0_V' <Predicate = true> <Delay = 0.00>
ST_1 : Operation 55 [1/1] (0.00ns)   --->   "%k_proj_re_0_V = alloca [96 x i40], align 8" [attention.cpp:108]   --->   Operation 55 'alloca' 'k_proj_re_0_V' <Predicate = true> <Delay = 0.00>
ST_1 : Operation 56 [1/1] (0.00ns)   --->   "%v_proj_re_0_V = alloca [96 x i40], align 8" [attention.cpp:109]   --->   Operation 56 'alloca' 'v_proj_re_0_V' <Predicate = true> <Delay = 0.00>
ST_1 : Operation 57 [1/1] (0.00ns)   --->   "%q_proj_0_V = alloca [96 x i40], align 8" [attention.cpp:137]   --->   Operation 57 'alloca' 'q_proj_0_V' <Predicate = true> <Delay = 0.00>
ST_1 : Operation 58 [1/1] (0.00ns)   --->   "%k_proj_0_V = alloca [96 x i40], align 8" [attention.cpp:138]   --->   Operation 58 'alloca' 'k_proj_0_V' <Predicate = true> <Delay = 0.00>
ST_1 : Operation 59 [1/1] (0.00ns)   --->   "%v_proj_0_V = alloca [96 x i40], align 8" [attention.cpp:139]   --->   Operation 59 'alloca' 'v_proj_0_V' <Predicate = true> <Delay = 0.00>
ST_1 : Operation 60 [1/1] (0.00ns)   --->   "%q_embed_0_V = alloca [96 x i40], align 8" [attention.cpp:146]   --->   Operation 60 'alloca' 'q_embed_0_V' <Predicate = true> <Delay = 0.00>
ST_1 : Operation 61 [1/1] (0.00ns)   --->   "%k_embed_0_V = alloca [96 x i40], align 8" [attention.cpp:147]   --->   Operation 61 'alloca' 'k_embed_0_V' <Predicate = true> <Delay = 0.00>
ST_1 : Operation 62 [1/1] (0.00ns)   --->   "%k_cache_upd_V = alloca [576 x i40], align 8" [attention.cpp:151]   --->   Operation 62 'alloca' 'k_cache_upd_V' <Predicate = true> <Delay = 0.00>
ST_1 : Operation 63 [1/1] (0.00ns)   --->   "%v_cache_upd_V = alloca [576 x i40], align 8" [attention.cpp:152]   --->   Operation 63 'alloca' 'v_cache_upd_V' <Predicate = true> <Delay = 0.00>
ST_1 : Operation 64 [1/1] (0.00ns)   --->   "%k_proj_transposed_V = alloca [576 x i40], align 8" [attention.cpp:160]   --->   Operation 64 'alloca' 'k_proj_transposed_V' <Predicate = true> <Delay = 0.00>
ST_1 : Operation 65 [1/1] (0.00ns)   --->   "%attn_weights_0_V = alloca [24 x i40], align 8" [attention.cpp:164]   --->   Operation 65 'alloca' 'attn_weights_0_V' <Predicate = true> <Delay = 0.00> <Core = "RAM">   --->   Core 37 'RAM' <Latency = 1> <II = 1> <Delay = 3.25> <Storage> <Opcode : 'load' 'store'> <Ports = 2> <Width = 40> <Depth = 96> <RAM>
ST_1 : Operation 66 [1/1] (0.00ns)   --->   "%attn_output_0 = alloca [96 x i40], align 8"   --->   Operation 66 'alloca' 'attn_output_0' <Predicate = true> <Delay = 0.00> <Core = "RAM">   --->   Core 37 'RAM' <Latency = 1> <II = 1> <Delay = 3.25> <Storage> <Opcode : 'load' 'store'> <Ports = 2> <Width = 40> <Depth = 96> <RAM>
ST_1 : Operation 67 [1/1] (0.00ns)   --->   "%attn_output_2D_0_V = alloca [96 x i40], align 8" [attention.cpp:208]   --->   Operation 67 'alloca' 'attn_output_2D_0_V' <Predicate = true> <Delay = 0.00> <Core = "RAM">   --->   Core 37 'RAM' <Latency = 1> <II = 1> <Delay = 3.25> <Storage> <Opcode : 'load' 'store'> <Ports = 2> <Width = 40> <Depth = 96> <RAM>
ST_1 : Operation 68 [1/1] (0.00ns)   --->   "%quantized_final_outp = alloca [6 x i8], align 1" [attention.cpp:225]   --->   Operation 68 'alloca' 'quantized_final_outp' <Predicate = true> <Delay = 0.00>
ST_1 : Operation 69 [1/1] (0.00ns)   --->   "%quantized_final_outp_1 = alloca [6 x i8], align 1" [attention.cpp:225]   --->   Operation 69 'alloca' 'quantized_final_outp_1' <Predicate = true> <Delay = 0.00>
ST_1 : Operation 70 [1/1] (0.00ns)   --->   "%quantized_final_outp_2 = alloca [6 x i8], align 1" [attention.cpp:225]   --->   Operation 70 'alloca' 'quantized_final_outp_2' <Predicate = true> <Delay = 0.00>
ST_1 : Operation 71 [1/1] (0.00ns)   --->   "%quantized_final_outp_3 = alloca [6 x i8], align 1" [attention.cpp:225]   --->   Operation 71 'alloca' 'quantized_final_outp_3' <Predicate = true> <Delay = 0.00>
ST_1 : Operation 72 [1/1] (0.00ns)   --->   "%quantized_final_outp_4 = alloca [6 x i8], align 1" [attention.cpp:225]   --->   Operation 72 'alloca' 'quantized_final_outp_4' <Predicate = true> <Delay = 0.00>
ST_1 : Operation 73 [1/1] (0.00ns)   --->   "%quantized_final_outp_5 = alloca [6 x i8], align 1" [attention.cpp:225]   --->   Operation 73 'alloca' 'quantized_final_outp_5' <Predicate = true> <Delay = 0.00>
ST_1 : Operation 74 [1/1] (0.00ns)   --->   "%quantized_final_outp_6 = alloca [6 x i8], align 1" [attention.cpp:225]   --->   Operation 74 'alloca' 'quantized_final_outp_6' <Predicate = true> <Delay = 0.00>
ST_1 : Operation 75 [1/1] (0.00ns)   --->   "%quantized_final_outp_7 = alloca [6 x i8], align 1" [attention.cpp:225]   --->   Operation 75 'alloca' 'quantized_final_outp_7' <Predicate = true> <Delay = 0.00>
ST_1 : Operation 76 [1/1] (0.00ns)   --->   "%quantized_final_outp_8 = alloca [6 x i8], align 1" [attention.cpp:225]   --->   Operation 76 'alloca' 'quantized_final_outp_8' <Predicate = true> <Delay = 0.00>
ST_1 : Operation 77 [1/1] (0.00ns)   --->   "%quantized_final_outp_9 = alloca [6 x i8], align 1" [attention.cpp:225]   --->   Operation 77 'alloca' 'quantized_final_outp_9' <Predicate = true> <Delay = 0.00>
ST_1 : Operation 78 [1/1] (0.00ns)   --->   "%quantized_final_outp_10 = alloca [6 x i8], align 1" [attention.cpp:225]   --->   Operation 78 'alloca' 'quantized_final_outp_10' <Predicate = true> <Delay = 0.00>
ST_1 : Operation 79 [1/1] (0.00ns)   --->   "%quantized_final_outp_11 = alloca [6 x i8], align 1" [attention.cpp:225]   --->   Operation 79 'alloca' 'quantized_final_outp_11' <Predicate = true> <Delay = 0.00>
ST_1 : Operation 80 [1/1] (0.00ns)   --->   "%quantized_final_outp_12 = alloca [6 x i8], align 1" [attention.cpp:225]   --->   Operation 80 'alloca' 'quantized_final_outp_12' <Predicate = true> <Delay = 0.00>
ST_1 : Operation 81 [1/1] (0.00ns)   --->   "%quantized_final_outp_13 = alloca [6 x i8], align 1" [attention.cpp:225]   --->   Operation 81 'alloca' 'quantized_final_outp_13' <Predicate = true> <Delay = 0.00>
ST_1 : Operation 82 [1/1] (0.00ns)   --->   "%quantized_final_outp_14 = alloca [6 x i8], align 1" [attention.cpp:225]   --->   Operation 82 'alloca' 'quantized_final_outp_14' <Predicate = true> <Delay = 0.00>
ST_1 : Operation 83 [1/1] (0.00ns)   --->   "%quantized_final_outp_15 = alloca [6 x i8], align 1" [attention.cpp:225]   --->   Operation 83 'alloca' 'quantized_final_outp_15' <Predicate = true> <Delay = 0.00>
ST_1 : Operation 84 [2/2] (1.76ns)   --->   "call fastcc void @"rms_norm<96>"([96 x i40]* %hidden_states_0_V, [96 x i40]* @ln_weight_in_V)" [attention.cpp:85]   --->   Operation 84 'call' <Predicate = true> <Delay = 1.76> <CoreType = "Generic">   --->   Core 0 '' <Latency = 0> <II = 1> <Delay = 1.00> <Generic> <Opcode : >
ST_1 : Operation 85 [2/2] (1.76ns)   --->   "call fastcc void @init_3d_mem([6 x i8]* %quantized_hidden_sta, [6 x i8]* %quantized_hidden_sta_1, [6 x i8]* %quantized_hidden_sta_2, [6 x i8]* %quantized_hidden_sta_3, [6 x i8]* %quantized_hidden_sta_4, [6 x i8]* %quantized_hidden_sta_5, [6 x i8]* %quantized_hidden_sta_6, [6 x i8]* %quantized_hidden_sta_7, [6 x i8]* %quantized_hidden_sta_8, [6 x i8]* %quantized_hidden_sta_9, [6 x i8]* %quantized_hidden_sta_10, [6 x i8]* %quantized_hidden_sta_11, [6 x i8]* %quantized_hidden_sta_12, [6 x i8]* %quantized_hidden_sta_13, [6 x i8]* %quantized_hidden_sta_14, [6 x i8]* %quantized_hidden_sta_15)" [attention.cpp:96]   --->   Operation 85 'call' <Predicate = true> <Delay = 1.76> <CoreType = "Generic">   --->   Core 0 '' <Latency = 0> <II = 1> <Delay = 1.00> <Generic> <Opcode : >
ST_1 : Operation 86 [2/2] (1.90ns)   --->   "call fastcc void @init_2d_mem([96 x i40]* %q_proj_re_0_V)" [attention.cpp:111]   --->   Operation 86 'call' <Predicate = true> <Delay = 1.90> <CoreType = "Generic">   --->   Core 0 '' <Latency = 0> <II = 1> <Delay = 1.00> <Generic> <Opcode : >
ST_1 : Operation 87 [2/2] (1.90ns)   --->   "call fastcc void @init_2d_mem([96 x i40]* %k_proj_re_0_V)" [attention.cpp:112]   --->   Operation 87 'call' <Predicate = true> <Delay = 1.90> <CoreType = "Generic">   --->   Core 0 '' <Latency = 0> <II = 1> <Delay = 1.00> <Generic> <Opcode : >
ST_1 : Operation 88 [2/2] (1.90ns)   --->   "call fastcc void @init_2d_mem([96 x i40]* %v_proj_re_0_V)" [attention.cpp:113]   --->   Operation 88 'call' <Predicate = true> <Delay = 1.90> <CoreType = "Generic">   --->   Core 0 '' <Latency = 0> <II = 1> <Delay = 1.00> <Generic> <Opcode : >

State 2 <SV = 1> <Delay = 0.00>
ST_2 : Operation 89 [1/2] (0.00ns)   --->   "call fastcc void @"rms_norm<96>"([96 x i40]* %hidden_states_0_V, [96 x i40]* @ln_weight_in_V)" [attention.cpp:85]   --->   Operation 89 'call' <Predicate = true> <Delay = 0.00> <CoreType = "Generic">   --->   Core 0 '' <Latency = 0> <II = 1> <Delay = 1.00> <Generic> <Opcode : >
ST_2 : Operation 90 [1/2] (0.00ns)   --->   "call fastcc void @init_3d_mem([6 x i8]* %quantized_hidden_sta, [6 x i8]* %quantized_hidden_sta_1, [6 x i8]* %quantized_hidden_sta_2, [6 x i8]* %quantized_hidden_sta_3, [6 x i8]* %quantized_hidden_sta_4, [6 x i8]* %quantized_hidden_sta_5, [6 x i8]* %quantized_hidden_sta_6, [6 x i8]* %quantized_hidden_sta_7, [6 x i8]* %quantized_hidden_sta_8, [6 x i8]* %quantized_hidden_sta_9, [6 x i8]* %quantized_hidden_sta_10, [6 x i8]* %quantized_hidden_sta_11, [6 x i8]* %quantized_hidden_sta_12, [6 x i8]* %quantized_hidden_sta_13, [6 x i8]* %quantized_hidden_sta_14, [6 x i8]* %quantized_hidden_sta_15)" [attention.cpp:96]   --->   Operation 90 'call' <Predicate = true> <Delay = 0.00> <CoreType = "Generic">   --->   Core 0 '' <Latency = 0> <II = 1> <Delay = 1.00> <Generic> <Opcode : >
ST_2 : Operation 91 [1/2] (0.00ns)   --->   "call fastcc void @init_2d_mem([96 x i40]* %q_proj_re_0_V)" [attention.cpp:111]   --->   Operation 91 'call' <Predicate = true> <Delay = 0.00> <CoreType = "Generic">   --->   Core 0 '' <Latency = 0> <II = 1> <Delay = 1.00> <Generic> <Opcode : >
ST_2 : Operation 92 [1/2] (0.00ns)   --->   "call fastcc void @init_2d_mem([96 x i40]* %k_proj_re_0_V)" [attention.cpp:112]   --->   Operation 92 'call' <Predicate = true> <Delay = 0.00> <CoreType = "Generic">   --->   Core 0 '' <Latency = 0> <II = 1> <Delay = 1.00> <Generic> <Opcode : >
ST_2 : Operation 93 [1/2] (0.00ns)   --->   "call fastcc void @init_2d_mem([96 x i40]* %v_proj_re_0_V)" [attention.cpp:113]   --->   Operation 93 'call' <Predicate = true> <Delay = 0.00> <CoreType = "Generic">   --->   Core 0 '' <Latency = 0> <II = 1> <Delay = 1.00> <Generic> <Opcode : >

State 3 <SV = 2> <Delay = 1.76>
ST_3 : Operation 94 [2/2] (1.76ns)   --->   "%scales_0_V = call fastcc i40 @quantize_activation([96 x i40]* %hidden_states_0_V, [6 x i8]* %quantized_hidden_sta, [6 x i8]* %quantized_hidden_sta_1, [6 x i8]* %quantized_hidden_sta_2, [6 x i8]* %quantized_hidden_sta_3, [6 x i8]* %quantized_hidden_sta_4, [6 x i8]* %quantized_hidden_sta_5, [6 x i8]* %quantized_hidden_sta_6, [6 x i8]* %quantized_hidden_sta_7, [6 x i8]* %quantized_hidden_sta_8, [6 x i8]* %quantized_hidden_sta_9, [6 x i8]* %quantized_hidden_sta_10, [6 x i8]* %quantized_hidden_sta_11, [6 x i8]* %quantized_hidden_sta_12, [6 x i8]* %quantized_hidden_sta_13, [6 x i8]* %quantized_hidden_sta_14, [6 x i8]* %quantized_hidden_sta_15)" [attention.cpp:99]   --->   Operation 94 'call' 'scales_0_V' <Predicate = true> <Delay = 1.76> <CoreType = "Generic">   --->   Core 0 '' <Latency = 0> <II = 1> <Delay = 1.00> <Generic> <Opcode : >

State 4 <SV = 3> <Delay = 0.00>
ST_4 : Operation 95 [1/2] (0.00ns)   --->   "%scales_0_V = call fastcc i40 @quantize_activation([96 x i40]* %hidden_states_0_V, [6 x i8]* %quantized_hidden_sta, [6 x i8]* %quantized_hidden_sta_1, [6 x i8]* %quantized_hidden_sta_2, [6 x i8]* %quantized_hidden_sta_3, [6 x i8]* %quantized_hidden_sta_4, [6 x i8]* %quantized_hidden_sta_5, [6 x i8]* %quantized_hidden_sta_6, [6 x i8]* %quantized_hidden_sta_7, [6 x i8]* %quantized_hidden_sta_8, [6 x i8]* %quantized_hidden_sta_9, [6 x i8]* %quantized_hidden_sta_10, [6 x i8]* %quantized_hidden_sta_11, [6 x i8]* %quantized_hidden_sta_12, [6 x i8]* %quantized_hidden_sta_13, [6 x i8]* %quantized_hidden_sta_14, [6 x i8]* %quantized_hidden_sta_15)" [attention.cpp:99]   --->   Operation 95 'call' 'scales_0_V' <Predicate = true> <Delay = 0.00> <CoreType = "Generic">   --->   Core 0 '' <Latency = 0> <II = 1> <Delay = 1.00> <Generic> <Opcode : >

State 5 <SV = 4> <Delay = 8.75>
ST_5 : Operation 96 [2/2] (8.75ns)   --->   "call fastcc void @linear_forward_no_mu([6 x i8]* %quantized_hidden_sta, [6 x i8]* %quantized_hidden_sta_1, [6 x i8]* %quantized_hidden_sta_2, [6 x i8]* %quantized_hidden_sta_3, [6 x i8]* %quantized_hidden_sta_4, [6 x i8]* %quantized_hidden_sta_5, [6 x i8]* %quantized_hidden_sta_6, [6 x i8]* %quantized_hidden_sta_7, [6 x i8]* %quantized_hidden_sta_8, [6 x i8]* %quantized_hidden_sta_9, [6 x i8]* %quantized_hidden_sta_10, [6 x i8]* %quantized_hidden_sta_11, [6 x i8]* %quantized_hidden_sta_12, [6 x i8]* %quantized_hidden_sta_13, [6 x i8]* %quantized_hidden_sta_14, [6 x i8]* %quantized_hidden_sta_15, [96 x i40]* %q_proj_re_0_V, i40 %scales_0_V, [576 x i8]* @q_weights_0, [576 x i8]* @q_weights_1, [576 x i8]* @q_weights_2, [576 x i8]* @q_weights_3, i22 1256162)" [attention.cpp:115]   --->   Operation 96 'call' <Predicate = true> <Delay = 8.75> <CoreType = "Generic">   --->   Core 0 '' <Latency = 0> <II = 1> <Delay = 1.00> <Generic> <Opcode : >

State 6 <SV = 5> <Delay = 0.00>
ST_6 : Operation 97 [1/2] (0.00ns)   --->   "call fastcc void @linear_forward_no_mu([6 x i8]* %quantized_hidden_sta, [6 x i8]* %quantized_hidden_sta_1, [6 x i8]* %quantized_hidden_sta_2, [6 x i8]* %quantized_hidden_sta_3, [6 x i8]* %quantized_hidden_sta_4, [6 x i8]* %quantized_hidden_sta_5, [6 x i8]* %quantized_hidden_sta_6, [6 x i8]* %quantized_hidden_sta_7, [6 x i8]* %quantized_hidden_sta_8, [6 x i8]* %quantized_hidden_sta_9, [6 x i8]* %quantized_hidden_sta_10, [6 x i8]* %quantized_hidden_sta_11, [6 x i8]* %quantized_hidden_sta_12, [6 x i8]* %quantized_hidden_sta_13, [6 x i8]* %quantized_hidden_sta_14, [6 x i8]* %quantized_hidden_sta_15, [96 x i40]* %q_proj_re_0_V, i40 %scales_0_V, [576 x i8]* @q_weights_0, [576 x i8]* @q_weights_1, [576 x i8]* @q_weights_2, [576 x i8]* @q_weights_3, i22 1256162)" [attention.cpp:115]   --->   Operation 97 'call' <Predicate = true> <Delay = 0.00> <CoreType = "Generic">   --->   Core 0 '' <Latency = 0> <II = 1> <Delay = 1.00> <Generic> <Opcode : >

State 7 <SV = 6> <Delay = 8.75>
ST_7 : Operation 98 [2/2] (8.75ns)   --->   "call fastcc void @linear_forward_no_mu([6 x i8]* %quantized_hidden_sta, [6 x i8]* %quantized_hidden_sta_1, [6 x i8]* %quantized_hidden_sta_2, [6 x i8]* %quantized_hidden_sta_3, [6 x i8]* %quantized_hidden_sta_4, [6 x i8]* %quantized_hidden_sta_5, [6 x i8]* %quantized_hidden_sta_6, [6 x i8]* %quantized_hidden_sta_7, [6 x i8]* %quantized_hidden_sta_8, [6 x i8]* %quantized_hidden_sta_9, [6 x i8]* %quantized_hidden_sta_10, [6 x i8]* %quantized_hidden_sta_11, [6 x i8]* %quantized_hidden_sta_12, [6 x i8]* %quantized_hidden_sta_13, [6 x i8]* %quantized_hidden_sta_14, [6 x i8]* %quantized_hidden_sta_15, [96 x i40]* %k_proj_re_0_V, i40 %scales_0_V, [576 x i8]* @k_weights_0, [576 x i8]* @k_weights_1, [576 x i8]* @k_weights_2, [576 x i8]* @k_weights_3, i22 1234323)" [attention.cpp:122]   --->   Operation 98 'call' <Predicate = true> <Delay = 8.75> <CoreType = "Generic">   --->   Core 0 '' <Latency = 0> <II = 1> <Delay = 1.00> <Generic> <Opcode : >
ST_7 : Operation 99 [2/2] (1.81ns)   --->   "call fastcc void @reshape_2D_to_3D([96 x i40]* %q_proj_re_0_V, [96 x i40]* %q_proj_0_V)" [attention.cpp:141]   --->   Operation 99 'call' <Predicate = true> <Delay = 1.81> <CoreType = "Generic">   --->   Core 0 '' <Latency = 0> <II = 1> <Delay = 1.00> <Generic> <Opcode : >

State 8 <SV = 7> <Delay = 0.00>
ST_8 : Operation 100 [1/2] (0.00ns)   --->   "call fastcc void @linear_forward_no_mu([6 x i8]* %quantized_hidden_sta, [6 x i8]* %quantized_hidden_sta_1, [6 x i8]* %quantized_hidden_sta_2, [6 x i8]* %quantized_hidden_sta_3, [6 x i8]* %quantized_hidden_sta_4, [6 x i8]* %quantized_hidden_sta_5, [6 x i8]* %quantized_hidden_sta_6, [6 x i8]* %quantized_hidden_sta_7, [6 x i8]* %quantized_hidden_sta_8, [6 x i8]* %quantized_hidden_sta_9, [6 x i8]* %quantized_hidden_sta_10, [6 x i8]* %quantized_hidden_sta_11, [6 x i8]* %quantized_hidden_sta_12, [6 x i8]* %quantized_hidden_sta_13, [6 x i8]* %quantized_hidden_sta_14, [6 x i8]* %quantized_hidden_sta_15, [96 x i40]* %k_proj_re_0_V, i40 %scales_0_V, [576 x i8]* @k_weights_0, [576 x i8]* @k_weights_1, [576 x i8]* @k_weights_2, [576 x i8]* @k_weights_3, i22 1234323)" [attention.cpp:122]   --->   Operation 100 'call' <Predicate = true> <Delay = 0.00> <CoreType = "Generic">   --->   Core 0 '' <Latency = 0> <II = 1> <Delay = 1.00> <Generic> <Opcode : >
ST_8 : Operation 101 [1/2] (0.00ns)   --->   "call fastcc void @reshape_2D_to_3D([96 x i40]* %q_proj_re_0_V, [96 x i40]* %q_proj_0_V)" [attention.cpp:141]   --->   Operation 101 'call' <Predicate = true> <Delay = 0.00> <CoreType = "Generic">   --->   Core 0 '' <Latency = 0> <II = 1> <Delay = 1.00> <Generic> <Opcode : >

State 9 <SV = 8> <Delay = 8.75>
ST_9 : Operation 102 [2/2] (8.75ns)   --->   "call fastcc void @linear_forward_no_mu([6 x i8]* %quantized_hidden_sta, [6 x i8]* %quantized_hidden_sta_1, [6 x i8]* %quantized_hidden_sta_2, [6 x i8]* %quantized_hidden_sta_3, [6 x i8]* %quantized_hidden_sta_4, [6 x i8]* %quantized_hidden_sta_5, [6 x i8]* %quantized_hidden_sta_6, [6 x i8]* %quantized_hidden_sta_7, [6 x i8]* %quantized_hidden_sta_8, [6 x i8]* %quantized_hidden_sta_9, [6 x i8]* %quantized_hidden_sta_10, [6 x i8]* %quantized_hidden_sta_11, [6 x i8]* %quantized_hidden_sta_12, [6 x i8]* %quantized_hidden_sta_13, [6 x i8]* %quantized_hidden_sta_14, [6 x i8]* %quantized_hidden_sta_15, [96 x i40]* %v_proj_re_0_V, i40 %scales_0_V, [576 x i8]* @v_weights_0, [576 x i8]* @v_weights_1, [576 x i8]* @v_weights_2, [576 x i8]* @v_weights_3, i22 716061)" [attention.cpp:129]   --->   Operation 102 'call' <Predicate = true> <Delay = 8.75> <CoreType = "Generic">   --->   Core 0 '' <Latency = 0> <II = 1> <Delay = 1.00> <Generic> <Opcode : >
ST_9 : Operation 103 [2/2] (1.81ns)   --->   "call fastcc void @reshape_2D_to_3D([96 x i40]* %k_proj_re_0_V, [96 x i40]* %k_proj_0_V)" [attention.cpp:142]   --->   Operation 103 'call' <Predicate = true> <Delay = 1.81> <CoreType = "Generic">   --->   Core 0 '' <Latency = 0> <II = 1> <Delay = 1.00> <Generic> <Opcode : >

State 10 <SV = 9> <Delay = 0.00>
ST_10 : Operation 104 [1/2] (0.00ns)   --->   "call fastcc void @linear_forward_no_mu([6 x i8]* %quantized_hidden_sta, [6 x i8]* %quantized_hidden_sta_1, [6 x i8]* %quantized_hidden_sta_2, [6 x i8]* %quantized_hidden_sta_3, [6 x i8]* %quantized_hidden_sta_4, [6 x i8]* %quantized_hidden_sta_5, [6 x i8]* %quantized_hidden_sta_6, [6 x i8]* %quantized_hidden_sta_7, [6 x i8]* %quantized_hidden_sta_8, [6 x i8]* %quantized_hidden_sta_9, [6 x i8]* %quantized_hidden_sta_10, [6 x i8]* %quantized_hidden_sta_11, [6 x i8]* %quantized_hidden_sta_12, [6 x i8]* %quantized_hidden_sta_13, [6 x i8]* %quantized_hidden_sta_14, [6 x i8]* %quantized_hidden_sta_15, [96 x i40]* %v_proj_re_0_V, i40 %scales_0_V, [576 x i8]* @v_weights_0, [576 x i8]* @v_weights_1, [576 x i8]* @v_weights_2, [576 x i8]* @v_weights_3, i22 716061)" [attention.cpp:129]   --->   Operation 104 'call' <Predicate = true> <Delay = 0.00> <CoreType = "Generic">   --->   Core 0 '' <Latency = 0> <II = 1> <Delay = 1.00> <Generic> <Opcode : >
ST_10 : Operation 105 [1/2] (0.00ns)   --->   "call fastcc void @reshape_2D_to_3D([96 x i40]* %k_proj_re_0_V, [96 x i40]* %k_proj_0_V)" [attention.cpp:142]   --->   Operation 105 'call' <Predicate = true> <Delay = 0.00> <CoreType = "Generic">   --->   Core 0 '' <Latency = 0> <II = 1> <Delay = 1.00> <Generic> <Opcode : >

State 11 <SV = 10> <Delay = 1.81>
ST_11 : Operation 106 [2/2] (1.81ns)   --->   "call fastcc void @reshape_2D_to_3D([96 x i40]* %v_proj_re_0_V, [96 x i40]* %v_proj_0_V)" [attention.cpp:143]   --->   Operation 106 'call' <Predicate = true> <Delay = 1.81> <CoreType = "Generic">   --->   Core 0 '' <Latency = 0> <II = 1> <Delay = 1.00> <Generic> <Opcode : >
ST_11 : Operation 107 [2/2] (0.00ns)   --->   "call fastcc void @apply_rotary_pos_emb([96 x i40]* %q_proj_0_V, [96 x i40]* %k_proj_0_V, [96 x i40]* %q_embed_0_V, [96 x i40]* %k_embed_0_V)" [attention.cpp:148]   --->   Operation 107 'call' <Predicate = true> <Delay = 0.00> <CoreType = "Generic">   --->   Core 0 '' <Latency = 0> <II = 1> <Delay = 1.00> <Generic> <Opcode : >

State 12 <SV = 11> <Delay = 0.00>
ST_12 : Operation 108 [1/2] (0.00ns)   --->   "call fastcc void @reshape_2D_to_3D([96 x i40]* %v_proj_re_0_V, [96 x i40]* %v_proj_0_V)" [attention.cpp:143]   --->   Operation 108 'call' <Predicate = true> <Delay = 0.00> <CoreType = "Generic">   --->   Core 0 '' <Latency = 0> <II = 1> <Delay = 1.00> <Generic> <Opcode : >
ST_12 : Operation 109 [1/2] (0.00ns)   --->   "call fastcc void @apply_rotary_pos_emb([96 x i40]* %q_proj_0_V, [96 x i40]* %k_proj_0_V, [96 x i40]* %q_embed_0_V, [96 x i40]* %k_embed_0_V)" [attention.cpp:148]   --->   Operation 109 'call' <Predicate = true> <Delay = 0.00> <CoreType = "Generic">   --->   Core 0 '' <Latency = 0> <II = 1> <Delay = 1.00> <Generic> <Opcode : >

State 13 <SV = 12> <Delay = 0.00>
ST_13 : Operation 110 [2/2] (0.00ns)   --->   "call fastcc void @cache_update([576 x i40]* %k_cache_upd_V, [96 x i40]* %k_embed_0_V)" [attention.cpp:153]   --->   Operation 110 'call' <Predicate = true> <Delay = 0.00> <CoreType = "Generic">   --->   Core 0 '' <Latency = 0> <II = 1> <Delay = 1.00> <Generic> <Opcode : >
ST_13 : Operation 111 [2/2] (0.00ns)   --->   "call fastcc void @cache_update.1([576 x i40]* %v_cache_upd_V, [96 x i40]* %v_proj_0_V)" [attention.cpp:156]   --->   Operation 111 'call' <Predicate = true> <Delay = 0.00> <CoreType = "Generic">   --->   Core 0 '' <Latency = 0> <II = 1> <Delay = 1.00> <Generic> <Opcode : >

State 14 <SV = 13> <Delay = 0.00>
ST_14 : Operation 112 [1/2] (0.00ns)   --->   "call fastcc void @cache_update([576 x i40]* %k_cache_upd_V, [96 x i40]* %k_embed_0_V)" [attention.cpp:153]   --->   Operation 112 'call' <Predicate = true> <Delay = 0.00> <CoreType = "Generic">   --->   Core 0 '' <Latency = 0> <II = 1> <Delay = 1.00> <Generic> <Opcode : >
ST_14 : Operation 113 [1/2] (0.00ns)   --->   "call fastcc void @cache_update.1([576 x i40]* %v_cache_upd_V, [96 x i40]* %v_proj_0_V)" [attention.cpp:156]   --->   Operation 113 'call' <Predicate = true> <Delay = 0.00> <CoreType = "Generic">   --->   Core 0 '' <Latency = 0> <II = 1> <Delay = 1.00> <Generic> <Opcode : >

State 15 <SV = 14> <Delay = 0.00>
ST_15 : Operation 114 [2/2] (0.00ns)   --->   "call fastcc void @transpose_last_two_d([576 x i40]* %k_cache_upd_V, [576 x i40]* %k_proj_transposed_V)" [attention.cpp:161]   --->   Operation 114 'call' <Predicate = true> <Delay = 0.00> <CoreType = "Generic">   --->   Core 0 '' <Latency = 0> <II = 1> <Delay = 1.00> <Generic> <Opcode : >

State 16 <SV = 15> <Delay = 0.00>
ST_16 : Operation 115 [1/2] (0.00ns)   --->   "call fastcc void @transpose_last_two_d([576 x i40]* %k_cache_upd_V, [576 x i40]* %k_proj_transposed_V)" [attention.cpp:161]   --->   Operation 115 'call' <Predicate = true> <Delay = 0.00> <CoreType = "Generic">   --->   Core 0 '' <Latency = 0> <II = 1> <Delay = 1.00> <Generic> <Opcode : >

State 17 <SV = 16> <Delay = 0.00>
ST_17 : Operation 116 [2/2] (0.00ns)   --->   "call fastcc void @GEMM_3D_float.1([96 x i40]* %q_embed_0_V, [576 x i40]* %k_proj_transposed_V, [24 x i40]* %attn_weights_0_V)" [attention.cpp:165]   --->   Operation 116 'call' <Predicate = true> <Delay = 0.00> <CoreType = "Generic">   --->   Core 0 '' <Latency = 0> <II = 1> <Delay = 1.00> <Generic> <Opcode : >

State 18 <SV = 17> <Delay = 1.76>
ST_18 : Operation 117 [1/2] (0.00ns)   --->   "call fastcc void @GEMM_3D_float.1([96 x i40]* %q_embed_0_V, [576 x i40]* %k_proj_transposed_V, [24 x i40]* %attn_weights_0_V)" [attention.cpp:165]   --->   Operation 117 'call' <Predicate = true> <Delay = 0.00> <CoreType = "Generic">   --->   Core 0 '' <Latency = 0> <II = 1> <Delay = 1.00> <Generic> <Opcode : >
ST_18 : Operation 118 [1/1] (1.76ns)   --->   "br label %0" [attention.cpp:178]   --->   Operation 118 'br' <Predicate = true> <Delay = 1.76>

State 19 <SV = 18> <Delay = 1.90>
ST_19 : Operation 119 [1/1] (0.00ns)   --->   "%h_0 = phi i3 [ 0, %arrayctor.loop.preheader ], [ %h, %SF_LOOP_2_end ]"   --->   Operation 119 'phi' 'h_0' <Predicate = true> <Delay = 0.00>
ST_19 : Operation 120 [1/1] (1.13ns)   --->   "%icmp_ln178 = icmp eq i3 %h_0, -4" [attention.cpp:178]   --->   Operation 120 'icmp' 'icmp_ln178' <Predicate = true> <Delay = 1.13> <Core = "Cmp">   --->   Core 25 'Cmp' <Latency = 0> <II = 1> <Delay = 1.36> <FuncUnit> <Opcode : 'icmp'> <InPorts = 2> <OutPorts = 1>
ST_19 : Operation 121 [1/1] (0.00ns)   --->   "%empty = call i32 (...)* @_ssdm_op_SpecLoopTripCount(i64 4, i64 4, i64 4)"   --->   Operation 121 'speclooptripcount' 'empty' <Predicate = true> <Delay = 0.00>
ST_19 : Operation 122 [1/1] (1.65ns)   --->   "%h = add i3 %h_0, 1" [attention.cpp:178]   --->   Operation 122 'add' 'h' <Predicate = true> <Delay = 1.65> <Core = "AddSub">   --->   Core 14 'AddSub' <Latency = 0> <II = 1> <Delay = 1.91> <FuncUnit> <Opcode : 'add' 'sub'> <InPorts = 2> <OutPorts = 1>
ST_19 : Operation 123 [1/1] (0.00ns)   --->   "br i1 %icmp_ln178, label %ATTN_2D_LOOP_1_begin, label %SF_LOOP_2_begin" [attention.cpp:178]   --->   Operation 123 'br' <Predicate = true> <Delay = 0.00>
ST_19 : Operation 124 [1/1] (0.00ns)   --->   "call void (...)* @_ssdm_op_SpecLoopName([10 x i8]* @p_str18) nounwind" [attention.cpp:179]   --->   Operation 124 'specloopname' <Predicate = (!icmp_ln178)> <Delay = 0.00>
ST_19 : Operation 125 [1/1] (0.00ns)   --->   "%tmp_67 = call i6 @_ssdm_op_BitConcatenate.i6.i3.i3(i3 %h_0, i3 0)" [attention.cpp:181]   --->   Operation 125 'bitconcatenate' 'tmp_67' <Predicate = (!icmp_ln178)> <Delay = 0.00>
ST_19 : Operation 126 [1/1] (0.00ns)   --->   "%tmp_68 = call i4 @_ssdm_op_BitConcatenate.i4.i3.i1(i3 %h_0, i1 false)" [attention.cpp:181]   --->   Operation 126 'bitconcatenate' 'tmp_68' <Predicate = (!icmp_ln178)> <Delay = 0.00>
ST_19 : Operation 127 [1/1] (0.00ns)   --->   "%zext_ln1265 = zext i4 %tmp_68 to i6" [attention.cpp:181]   --->   Operation 127 'zext' 'zext_ln1265' <Predicate = (!icmp_ln178)> <Delay = 0.00>
ST_19 : Operation 128 [1/1] (1.82ns)   --->   "%sub_ln1265 = sub i6 %tmp_67, %zext_ln1265" [attention.cpp:181]   --->   Operation 128 'sub' 'sub_ln1265' <Predicate = (!icmp_ln178)> <Delay = 1.82> <Core = "AddSub">   --->   Core 14 'AddSub' <Latency = 0> <II = 1> <Delay = 1.91> <FuncUnit> <Opcode : 'add' 'sub'> <InPorts = 2> <OutPorts = 1>
ST_19 : Operation 129 [1/1] (0.00ns)   --->   "%tmp = call i32 (...)* @_ssdm_op_SpecRegionBegin([10 x i8]* @p_str19)" [attention.cpp:180]   --->   Operation 129 'specregionbegin' 'tmp' <Predicate = (!icmp_ln178)> <Delay = 0.00>
ST_19 : Operation 130 [1/1] (1.76ns)   --->   "br label %1" [attention.cpp:180]   --->   Operation 130 'br' <Predicate = (!icmp_ln178)> <Delay = 1.76>
ST_19 : Operation 131 [2/2] (0.00ns)   --->   "call fastcc void @"softmax<1, 4, 6>"([24 x i40]* %attn_weights_0_V)" [attention.cpp:191]   --->   Operation 131 'call' <Predicate = (icmp_ln178)> <Delay = 0.00> <CoreType = "Generic">   --->   Core 0 '' <Latency = 0> <II = 1> <Delay = 1.00> <Generic> <Opcode : >
ST_19 : Operation 132 [2/2] (1.90ns)   --->   "call fastcc void @init_2d_mem([96 x i40]* %attn_output_2D_0_V)" [attention.cpp:209]   --->   Operation 132 'call' <Predicate = (icmp_ln178)> <Delay = 1.90> <CoreType = "Generic">   --->   Core 0 '' <Latency = 0> <II = 1> <Delay = 1.00> <Generic> <Opcode : >

State 20 <SV = 19> <Delay = 4.14>
ST_20 : Operation 133 [1/1] (0.00ns)   --->   "%d_0_0 = phi i3 [ 0, %SF_LOOP_2_begin ], [ %add_ln180, %_ZNK13ap_fixed_baseILi40ELi24ELb1EL9ap_q_mode5EL9ap_o_mode3ELi0EEdvILi40ELi24ELb1ELS0_5ELS1_3ELi0EEENS2_5RTypeIXT_EXT0_EXT1_EE3divERKS_IXT_EXT0_EXT1_EXT2_EXT3_EXT4_EE.exit.i.0 ]" [attention.cpp:180]   --->   Operation 133 'phi' 'd_0_0' <Predicate = true> <Delay = 0.00>
ST_20 : Operation 134 [1/1] (1.13ns)   --->   "%icmp_ln180 = icmp eq i3 %d_0_0, -2" [attention.cpp:180]   --->   Operation 134 'icmp' 'icmp_ln180' <Predicate = true> <Delay = 1.13> <Core = "Cmp">   --->   Core 25 'Cmp' <Latency = 0> <II = 1> <Delay = 1.36> <FuncUnit> <Opcode : 'icmp'> <InPorts = 2> <OutPorts = 1>
ST_20 : Operation 135 [1/1] (0.00ns)   --->   "%empty_115 = call i32 (...)* @_ssdm_op_SpecLoopTripCount(i64 6, i64 6, i64 6)"   --->   Operation 135 'speclooptripcount' 'empty_115' <Predicate = true> <Delay = 0.00>
ST_20 : Operation 136 [1/1] (1.65ns)   --->   "%add_ln180 = add i3 %d_0_0, 1" [attention.cpp:180]   --->   Operation 136 'add' 'add_ln180' <Predicate = true> <Delay = 1.65> <Core = "AddSub">   --->   Core 14 'AddSub' <Latency = 0> <II = 1> <Delay = 1.91> <FuncUnit> <Opcode : 'add' 'sub'> <InPorts = 2> <OutPorts = 1>
ST_20 : Operation 137 [1/1] (0.00ns)   --->   "br i1 %icmp_ln180, label %SF_LOOP_2_end, label %_ZNK13ap_fixed_baseILi40ELi24ELb1EL9ap_q_mode5EL9ap_o_mode3ELi0EEdvILi40ELi24ELb1ELS0_5ELS1_3ELi0EEENS2_5RTypeIXT_EXT0_EXT1_EE3divERKS_IXT_EXT0_EXT1_EXT2_EXT3_EXT4_EE.exit.i.0" [attention.cpp:180]   --->   Operation 137 'br' <Predicate = true> <Delay = 0.00>
ST_20 : Operation 138 [1/1] (0.00ns)   --->   "%zext_ln1265_2 = zext i3 %d_0_0 to i6" [attention.cpp:181]   --->   Operation 138 'zext' 'zext_ln1265_2' <Predicate = (!icmp_ln180)> <Delay = 0.00>
ST_20 : Operation 139 [1/1] (1.82ns)   --->   "%add_ln1265 = add i6 %sub_ln1265, %zext_ln1265_2" [attention.cpp:181]   --->   Operation 139 'add' 'add_ln1265' <Predicate = (!icmp_ln180)> <Delay = 1.82> <Core = "AddSub">   --->   Core 14 'AddSub' <Latency = 0> <II = 1> <Delay = 1.91> <FuncUnit> <Opcode : 'add' 'sub'> <InPorts = 2> <OutPorts = 1>
ST_20 : Operation 140 [1/1] (0.00ns)   --->   "%sext_ln1265 = sext i6 %add_ln1265 to i64" [attention.cpp:181]   --->   Operation 140 'sext' 'sext_ln1265' <Predicate = (!icmp_ln180)> <Delay = 0.00>
ST_20 : Operation 141 [1/1] (0.00ns)   --->   "%attn_weights_0_V_ad = getelementptr [24 x i40]* %attn_weights_0_V, i64 0, i64 %sext_ln1265" [attention.cpp:181]   --->   Operation 141 'getelementptr' 'attn_weights_0_V_ad' <Predicate = (!icmp_ln180)> <Delay = 0.00>
ST_20 : Operation 142 [2/2] (2.32ns)   --->   "%attn_weights_0_V_lo = load i40* %attn_weights_0_V_ad, align 8" [attention.cpp:181]   --->   Operation 142 'load' 'attn_weights_0_V_lo' <Predicate = (!icmp_ln180)> <Delay = 2.32> <Core = "RAM">   --->   Core 37 'RAM' <Latency = 1> <II = 1> <Delay = 3.25> <Storage> <Opcode : 'load' 'store'> <Ports = 2> <Width = 40> <Depth = 96> <RAM>
ST_20 : Operation 143 [1/1] (0.00ns)   --->   "%empty_114 = call i32 (...)* @_ssdm_op_SpecRegionEnd([10 x i8]* @p_str19, i32 %tmp)" [attention.cpp:181]   --->   Operation 143 'specregionend' 'empty_114' <Predicate = (icmp_ln180)> <Delay = 0.00>
ST_20 : Operation 144 [1/1] (0.00ns)   --->   "br label %0" [attention.cpp:178]   --->   Operation 144 'br' <Predicate = (icmp_ln180)> <Delay = 0.00>

State 21 <SV = 20> <Delay = 2.32>
ST_21 : Operation 145 [1/2] (2.32ns)   --->   "%attn_weights_0_V_lo = load i40* %attn_weights_0_V_ad, align 8" [attention.cpp:181]   --->   Operation 145 'load' 'attn_weights_0_V_lo' <Predicate = true> <Delay = 2.32> <Core = "RAM">   --->   Core 37 'RAM' <Latency = 1> <II = 1> <Delay = 3.25> <Storage> <Opcode : 'load' 'store'> <Ports = 2> <Width = 40> <Depth = 96> <RAM>
ST_21 : Operation 146 [1/1] (0.00ns)   --->   "%tmp_86 = call i1 @_ssdm_op_BitSelect.i1.i40.i32(i40 %attn_weights_0_V_lo, i32 39)" [attention.cpp:181]   --->   Operation 146 'bitselect' 'tmp_86' <Predicate = true> <Delay = 0.00>

State 22 <SV = 21> <Delay = 8.22>
ST_22 : Operation 147 [1/1] (0.00ns)   --->   "%shl_ln3 = call i56 @_ssdm_op_BitConcatenate.i56.i40.i16(i40 %attn_weights_0_V_lo, i16 0)" [attention.cpp:181]   --->   Operation 147 'bitconcatenate' 'shl_ln3' <Predicate = true> <Delay = 0.00>
ST_22 : Operation 148 [1/1] (0.00ns)   --->   "%sext_ln1148 = sext i56 %shl_ln3 to i113" [attention.cpp:181]   --->   Operation 148 'sext' 'sext_ln1148' <Predicate = true> <Delay = 0.00>
ST_22 : Operation 149 [3/3] (8.22ns)   --->   "%mul_ln1148 = mul i113 117669748746981589, %sext_ln1148" [attention.cpp:181]   --->   Operation 149 'mul' 'mul_ln1148' <Predicate = true> <Delay = 8.22> <Core = "MulnS">   --->   Core 17 'MulnS' <Latency = 2> <II = 1> <Delay = 8.22> <FuncUnit> <Opcode : 'mul'> <InPorts = 2> <OutPorts = 1>

State 23 <SV = 22> <Delay = 8.22>
ST_23 : Operation 150 [2/3] (8.22ns)   --->   "%mul_ln1148 = mul i113 117669748746981589, %sext_ln1148" [attention.cpp:181]   --->   Operation 150 'mul' 'mul_ln1148' <Predicate = true> <Delay = 8.22> <Core = "MulnS">   --->   Core 17 'MulnS' <Latency = 2> <II = 1> <Delay = 8.22> <FuncUnit> <Opcode : 'mul'> <InPorts = 2> <OutPorts = 1>

State 24 <SV = 23> <Delay = 8.22>
ST_24 : Operation 151 [1/3] (8.22ns)   --->   "%mul_ln1148 = mul i113 117669748746981589, %sext_ln1148" [attention.cpp:181]   --->   Operation 151 'mul' 'mul_ln1148' <Predicate = true> <Delay = 8.22> <Core = "MulnS">   --->   Core 17 'MulnS' <Latency = 2> <II = 1> <Delay = 8.22> <FuncUnit> <Opcode : 'mul'> <InPorts = 2> <OutPorts = 1>
ST_24 : Operation 152 [1/1] (0.00ns)   --->   "%tmp_88 = call i38 @_ssdm_op_PartSelect.i38.i113.i32.i32(i113 %mul_ln1148, i32 75, i32 112)" [attention.cpp:181]   --->   Operation 152 'partselect' 'tmp_88' <Predicate = (!tmp_86)> <Delay = 0.00>

State 25 <SV = 24> <Delay = 6.26>
ST_25 : Operation 153 [1/1] (4.92ns)   --->   "%sub_ln1148 = sub i113 0, %mul_ln1148" [attention.cpp:181]   --->   Operation 153 'sub' 'sub_ln1148' <Predicate = (tmp_86)> <Delay = 4.92> <Core = "AddSub">   --->   Core 14 'AddSub' <Latency = 0> <II = 1> <Delay = 1.91> <FuncUnit> <Opcode : 'add' 'sub'> <InPorts = 2> <OutPorts = 1>
ST_25 : Operation 154 [1/1] (0.00ns)   --->   "%tmp_87 = call i38 @_ssdm_op_PartSelect.i38.i113.i32.i32(i113 %sub_ln1148, i32 75, i32 112)" [attention.cpp:181]   --->   Operation 154 'partselect' 'tmp_87' <Predicate = (tmp_86)> <Delay = 0.00>
ST_25 : Operation 155 [1/1] (1.34ns)   --->   "%select_ln1148 = select i1 %tmp_86, i38 %tmp_87, i38 %tmp_88" [attention.cpp:181]   --->   Operation 155 'select' 'select_ln1148' <Predicate = true> <Delay = 1.34> <Core = "Sel">   --->   Core 26 'Sel' <Latency = 0> <II = 1> <Delay = 1.56> <FuncUnit> <Opcode : 'select'> <InPorts = 3> <OutPorts = 1>

State 26 <SV = 25> <Delay = 6.67>
ST_26 : Operation 156 [1/1] (0.00ns)   --->   "call void (...)* @_ssdm_op_SpecLoopName([10 x i8]* @p_str20) nounwind" [attention.cpp:181]   --->   Operation 156 'specloopname' <Predicate = true> <Delay = 0.00>
ST_26 : Operation 157 [1/1] (0.00ns)   --->   "%sext_ln703 = sext i38 %select_ln1148 to i40" [attention.cpp:181]   --->   Operation 157 'sext' 'sext_ln703' <Predicate = (tmp_86)> <Delay = 0.00>
ST_26 : Operation 158 [1/1] (2.79ns)   --->   "%sub_ln703 = sub i40 0, %sext_ln703" [attention.cpp:181]   --->   Operation 158 'sub' 'sub_ln703' <Predicate = (tmp_86)> <Delay = 2.79> <Core = "AddSub">   --->   Core 14 'AddSub' <Latency = 0> <II = 1> <Delay = 1.91> <FuncUnit> <Opcode : 'add' 'sub'> <InPorts = 2> <OutPorts = 1>
ST_26 : Operation 159 [1/1] (0.00ns)   --->   "%sext_ln703_28 = sext i38 %select_ln1148 to i40" [attention.cpp:181]   --->   Operation 159 'sext' 'sext_ln703_28' <Predicate = (!tmp_86)> <Delay = 0.00>
ST_26 : Operation 160 [1/1] (1.56ns)   --->   "%select_ln1148_2 = select i1 %tmp_86, i40 %sub_ln703, i40 %sext_ln703_28" [attention.cpp:181]   --->   Operation 160 'select' 'select_ln1148_2' <Predicate = true> <Delay = 1.56> <Core = "Sel">   --->   Core 26 'Sel' <Latency = 0> <II = 1> <Delay = 1.56> <FuncUnit> <Opcode : 'select'> <InPorts = 3> <OutPorts = 1>
ST_26 : Operation 161 [1/1] (2.32ns)   --->   "store i40 %select_ln1148_2, i40* %attn_weights_0_V_ad, align 8" [attention.cpp:181]   --->   Operation 161 'store' <Predicate = true> <Delay = 2.32> <Core = "RAM">   --->   Core 37 'RAM' <Latency = 1> <II = 1> <Delay = 3.25> <Storage> <Opcode : 'load' 'store'> <Ports = 2> <Width = 40> <Depth = 96> <RAM>
ST_26 : Operation 162 [1/1] (0.00ns)   --->   "br label %1" [attention.cpp:180]   --->   Operation 162 'br' <Predicate = true> <Delay = 0.00>

State 27 <SV = 19> <Delay = 0.00>
ST_27 : Operation 163 [1/2] (0.00ns)   --->   "call fastcc void @"softmax<1, 4, 6>"([24 x i40]* %attn_weights_0_V)" [attention.cpp:191]   --->   Operation 163 'call' <Predicate = true> <Delay = 0.00> <CoreType = "Generic">   --->   Core 0 '' <Latency = 0> <II = 1> <Delay = 1.00> <Generic> <Opcode : >
ST_27 : Operation 164 [1/2] (0.00ns)   --->   "call fastcc void @init_2d_mem([96 x i40]* %attn_output_2D_0_V)" [attention.cpp:209]   --->   Operation 164 'call' <Predicate = true> <Delay = 0.00> <CoreType = "Generic">   --->   Core 0 '' <Latency = 0> <II = 1> <Delay = 1.00> <Generic> <Opcode : >

State 28 <SV = 20> <Delay = 0.00>
ST_28 : Operation 165 [2/2] (0.00ns)   --->   "call fastcc void @GEMM_3D_float([24 x i40]* %attn_weights_0_V, [576 x i40]* %v_cache_upd_V, [96 x i40]* %attn_output_0)" [attention.cpp:195]   --->   Operation 165 'call' <Predicate = true> <Delay = 0.00> <CoreType = "Generic">   --->   Core 0 '' <Latency = 0> <II = 1> <Delay = 1.00> <Generic> <Opcode : >

State 29 <SV = 21> <Delay = 1.76>
ST_29 : Operation 166 [1/2] (0.00ns)   --->   "call fastcc void @GEMM_3D_float([24 x i40]* %attn_weights_0_V, [576 x i40]* %v_cache_upd_V, [96 x i40]* %attn_output_0)" [attention.cpp:195]   --->   Operation 166 'call' <Predicate = true> <Delay = 0.00> <CoreType = "Generic">   --->   Core 0 '' <Latency = 0> <II = 1> <Delay = 1.00> <Generic> <Opcode : >
ST_29 : Operation 167 [1/1] (0.00ns)   --->   "%tmp_s = call i32 (...)* @_ssdm_op_SpecRegionBegin([15 x i8]* @p_str24)" [attention.cpp:211]   --->   Operation 167 'specregionbegin' 'tmp_s' <Predicate = true> <Delay = 0.00>
ST_29 : Operation 168 [1/1] (1.76ns)   --->   "br label %2" [attention.cpp:211]   --->   Operation 168 'br' <Predicate = true> <Delay = 1.76>

State 30 <SV = 22> <Delay = 1.91>
ST_30 : Operation 169 [1/1] (0.00ns)   --->   "%h106_0_0 = phi i3 [ 0, %ATTN_2D_LOOP_1_begin ], [ %add_ln211, %ATTN_2D_LOOP_2_end ]" [attention.cpp:211]   --->   Operation 169 'phi' 'h106_0_0' <Predicate = true> <Delay = 0.00>
ST_30 : Operation 170 [1/1] (1.13ns)   --->   "%icmp_ln211 = icmp eq i3 %h106_0_0, -4" [attention.cpp:211]   --->   Operation 170 'icmp' 'icmp_ln211' <Predicate = true> <Delay = 1.13> <Core = "Cmp">   --->   Core 25 'Cmp' <Latency = 0> <II = 1> <Delay = 1.36> <FuncUnit> <Opcode : 'icmp'> <InPorts = 2> <OutPorts = 1>
ST_30 : Operation 171 [1/1] (0.00ns)   --->   "%empty_117 = call i32 (...)* @_ssdm_op_SpecLoopTripCount(i64 4, i64 4, i64 4)"   --->   Operation 171 'speclooptripcount' 'empty_117' <Predicate = true> <Delay = 0.00>
ST_30 : Operation 172 [1/1] (1.65ns)   --->   "%add_ln211 = add i3 %h106_0_0, 1" [attention.cpp:211]   --->   Operation 172 'add' 'add_ln211' <Predicate = true> <Delay = 1.65> <Core = "AddSub">   --->   Core 14 'AddSub' <Latency = 0> <II = 1> <Delay = 1.91> <FuncUnit> <Opcode : 'add' 'sub'> <InPorts = 2> <OutPorts = 1>
ST_30 : Operation 173 [1/1] (0.00ns)   --->   "br i1 %icmp_ln211, label %ATTN_2D_LOOP_1_end, label %ATTN_2D_LOOP_2_begin" [attention.cpp:211]   --->   Operation 173 'br' <Predicate = true> <Delay = 0.00>
ST_30 : Operation 174 [1/1] (0.00ns)   --->   "call void (...)* @_ssdm_op_SpecLoopName([15 x i8]* @p_str25) nounwind" [attention.cpp:212]   --->   Operation 174 'specloopname' <Predicate = (!icmp_ln211)> <Delay = 0.00>
ST_30 : Operation 175 [1/1] (0.00ns)   --->   "%tmp_19 = call i32 (...)* @_ssdm_op_SpecRegionBegin([15 x i8]* @p_str25)" [attention.cpp:212]   --->   Operation 175 'specregionbegin' 'tmp_19' <Predicate = (!icmp_ln211)> <Delay = 0.00>
ST_30 : Operation 176 [1/1] (0.00ns)   --->   "%trunc_ln213 = trunc i3 %h106_0_0 to i2" [attention.cpp:213]   --->   Operation 176 'trunc' 'trunc_ln213' <Predicate = (!icmp_ln211)> <Delay = 0.00>
ST_30 : Operation 177 [1/1] (0.00ns)   --->   "%shl_ln = call i7 @_ssdm_op_BitConcatenate.i7.i2.i5(i2 %trunc_ln213, i5 0)" [attention.cpp:213]   --->   Operation 177 'bitconcatenate' 'shl_ln' <Predicate = (!icmp_ln211)> <Delay = 0.00>
ST_30 : Operation 178 [1/1] (0.00ns)   --->   "%zext_ln213 = zext i7 %shl_ln to i8" [attention.cpp:213]   --->   Operation 178 'zext' 'zext_ln213' <Predicate = (!icmp_ln211)> <Delay = 0.00>
ST_30 : Operation 179 [1/1] (0.00ns)   --->   "%shl_ln213_1 = call i5 @_ssdm_op_BitConcatenate.i5.i2.i3(i2 %trunc_ln213, i3 0)" [attention.cpp:213]   --->   Operation 179 'bitconcatenate' 'shl_ln213_1' <Predicate = (!icmp_ln211)> <Delay = 0.00>
ST_30 : Operation 180 [1/1] (0.00ns)   --->   "%zext_ln213_2 = zext i5 %shl_ln213_1 to i8" [attention.cpp:213]   --->   Operation 180 'zext' 'zext_ln213_2' <Predicate = (!icmp_ln211)> <Delay = 0.00>
ST_30 : Operation 181 [1/1] (1.87ns)   --->   "%sub_ln213 = sub i8 %zext_ln213, %zext_ln213_2" [attention.cpp:213]   --->   Operation 181 'sub' 'sub_ln213' <Predicate = (!icmp_ln211)> <Delay = 1.87> <Core = "AddSub">   --->   Core 14 'AddSub' <Latency = 0> <II = 1> <Delay = 1.91> <FuncUnit> <Opcode : 'add' 'sub'> <InPorts = 2> <OutPorts = 1>
ST_30 : Operation 182 [1/1] (0.00ns)   --->   "%tmp_69 = call i8 @_ssdm_op_BitConcatenate.i8.i3.i5(i3 %h106_0_0, i5 0)" [attention.cpp:213]   --->   Operation 182 'bitconcatenate' 'tmp_69' <Predicate = (!icmp_ln211)> <Delay = 0.00>
ST_30 : Operation 183 [1/1] (0.00ns)   --->   "%tmp_70 = call i6 @_ssdm_op_BitConcatenate.i6.i3.i3(i3 %h106_0_0, i3 0)" [attention.cpp:213]   --->   Operation 183 'bitconcatenate' 'tmp_70' <Predicate = (!icmp_ln211)> <Delay = 0.00>
ST_30 : Operation 184 [1/1] (0.00ns)   --->   "%zext_ln203 = zext i6 %tmp_70 to i8" [attention.cpp:213]   --->   Operation 184 'zext' 'zext_ln203' <Predicate = (!icmp_ln211)> <Delay = 0.00>
ST_30 : Operation 185 [1/1] (1.91ns)   --->   "%sub_ln203 = sub i8 %tmp_69, %zext_ln203" [attention.cpp:213]   --->   Operation 185 'sub' 'sub_ln203' <Predicate = (!icmp_ln211)> <Delay = 1.91> <Core = "AddSub">   --->   Core 14 'AddSub' <Latency = 0> <II = 1> <Delay = 1.91> <FuncUnit> <Opcode : 'add' 'sub'> <InPorts = 2> <OutPorts = 1>
ST_30 : Operation 186 [1/1] (1.76ns)   --->   "br label %3" [attention.cpp:212]   --->   Operation 186 'br' <Predicate = (!icmp_ln211)> <Delay = 1.76>
ST_30 : Operation 187 [2/2] (1.76ns)   --->   "call fastcc void @"rms_norm<96>"([96 x i40]* %attn_output_2D_0_V, [96 x i40]* @ln_weight_V)" [attention.cpp:217]   --->   Operation 187 'call' <Predicate = (icmp_ln211)> <Delay = 1.76> <CoreType = "Generic">   --->   Core 0 '' <Latency = 0> <II = 1> <Delay = 1.00> <Generic> <Opcode : >
ST_30 : Operation 188 [2/2] (1.76ns)   --->   "call fastcc void @init_3d_mem([6 x i8]* %quantized_final_outp, [6 x i8]* %quantized_final_outp_1, [6 x i8]* %quantized_final_outp_2, [6 x i8]* %quantized_final_outp_3, [6 x i8]* %quantized_final_outp_4, [6 x i8]* %quantized_final_outp_5, [6 x i8]* %quantized_final_outp_6, [6 x i8]* %quantized_final_outp_7, [6 x i8]* %quantized_final_outp_8, [6 x i8]* %quantized_final_outp_9, [6 x i8]* %quantized_final_outp_10, [6 x i8]* %quantized_final_outp_11, [6 x i8]* %quantized_final_outp_12, [6 x i8]* %quantized_final_outp_13, [6 x i8]* %quantized_final_outp_14, [6 x i8]* %quantized_final_outp_15)" [attention.cpp:227]   --->   Operation 188 'call' <Predicate = (icmp_ln211)> <Delay = 1.76> <CoreType = "Generic">   --->   Core 0 '' <Latency = 0> <II = 1> <Delay = 1.00> <Generic> <Opcode : >
ST_30 : Operation 189 [2/2] (1.90ns)   --->   "call fastcc void @init_2d_mem([96 x i40]* %final_output_0_V)" [attention.cpp:236]   --->   Operation 189 'call' <Predicate = (icmp_ln211)> <Delay = 1.90> <CoreType = "Generic">   --->   Core 0 '' <Latency = 0> <II = 1> <Delay = 1.00> <Generic> <Opcode : >

State 31 <SV = 23> <Delay = 5.16>
ST_31 : Operation 190 [1/1] (0.00ns)   --->   "%d107_0_0 = phi i5 [ 0, %ATTN_2D_LOOP_2_begin ], [ %add_ln212, %4 ]" [attention.cpp:212]   --->   Operation 190 'phi' 'd107_0_0' <Predicate = true> <Delay = 0.00>
ST_31 : Operation 191 [1/1] (0.00ns)   --->   "%zext_ln212 = zext i5 %d107_0_0 to i8" [attention.cpp:212]   --->   Operation 191 'zext' 'zext_ln212' <Predicate = true> <Delay = 0.00>
ST_31 : Operation 192 [1/1] (1.36ns)   --->   "%icmp_ln212 = icmp eq i5 %d107_0_0, -8" [attention.cpp:212]   --->   Operation 192 'icmp' 'icmp_ln212' <Predicate = true> <Delay = 1.36> <Core = "Cmp">   --->   Core 25 'Cmp' <Latency = 0> <II = 1> <Delay = 1.36> <FuncUnit> <Opcode : 'icmp'> <InPorts = 2> <OutPorts = 1>
ST_31 : Operation 193 [1/1] (0.00ns)   --->   "%empty_119 = call i32 (...)* @_ssdm_op_SpecLoopTripCount(i64 24, i64 24, i64 24)"   --->   Operation 193 'speclooptripcount' 'empty_119' <Predicate = true> <Delay = 0.00>
ST_31 : Operation 194 [1/1] (1.78ns)   --->   "%add_ln212 = add i5 %d107_0_0, 1" [attention.cpp:212]   --->   Operation 194 'add' 'add_ln212' <Predicate = true> <Delay = 1.78> <Core = "AddSub">   --->   Core 14 'AddSub' <Latency = 0> <II = 1> <Delay = 1.91> <FuncUnit> <Opcode : 'add' 'sub'> <InPorts = 2> <OutPorts = 1>
ST_31 : Operation 195 [1/1] (0.00ns)   --->   "br i1 %icmp_ln212, label %ATTN_2D_LOOP_2_end, label %4" [attention.cpp:212]   --->   Operation 195 'br' <Predicate = true> <Delay = 0.00>
ST_31 : Operation 196 [1/1] (1.91ns)   --->   "%add_ln213 = add i8 %zext_ln212, %sub_ln213" [attention.cpp:213]   --->   Operation 196 'add' 'add_ln213' <Predicate = (!icmp_ln212)> <Delay = 1.91> <Core = "AddSub">   --->   Core 14 'AddSub' <Latency = 0> <II = 1> <Delay = 1.91> <FuncUnit> <Opcode : 'add' 'sub'> <InPorts = 2> <OutPorts = 1>
ST_31 : Operation 197 [1/1] (1.91ns)   --->   "%add_ln203 = add i8 %sub_ln203, %zext_ln212" [attention.cpp:213]   --->   Operation 197 'add' 'add_ln203' <Predicate = (!icmp_ln212)> <Delay = 1.91> <Core = "AddSub">   --->   Core 14 'AddSub' <Latency = 0> <II = 1> <Delay = 1.91> <FuncUnit> <Opcode : 'add' 'sub'> <InPorts = 2> <OutPorts = 1>
ST_31 : Operation 198 [1/1] (0.00ns)   --->   "%sext_ln203 = sext i8 %add_ln203 to i64" [attention.cpp:213]   --->   Operation 198 'sext' 'sext_ln203' <Predicate = (!icmp_ln212)> <Delay = 0.00>
ST_31 : Operation 199 [1/1] (0.00ns)   --->   "%attn_output_0_addr = getelementptr [96 x i40]* %attn_output_0, i64 0, i64 %sext_ln203" [attention.cpp:213]   --->   Operation 199 'getelementptr' 'attn_output_0_addr' <Predicate = (!icmp_ln212)> <Delay = 0.00>
ST_31 : Operation 200 [2/2] (3.25ns)   --->   "%attn_output_0_load = load i40* %attn_output_0_addr, align 8" [attention.cpp:213]   --->   Operation 200 'load' 'attn_output_0_load' <Predicate = (!icmp_ln212)> <Delay = 3.25> <Core = "RAM">   --->   Core 37 'RAM' <Latency = 1> <II = 1> <Delay = 3.25> <Storage> <Opcode : 'load' 'store'> <Ports = 2> <Width = 40> <Depth = 96> <RAM>
ST_31 : Operation 201 [1/1] (0.00ns)   --->   "%empty_118 = call i32 (...)* @_ssdm_op_SpecRegionEnd([15 x i8]* @p_str25, i32 %tmp_19)" [attention.cpp:213]   --->   Operation 201 'specregionend' 'empty_118' <Predicate = (icmp_ln212)> <Delay = 0.00>
ST_31 : Operation 202 [1/1] (0.00ns)   --->   "br label %2" [attention.cpp:211]   --->   Operation 202 'br' <Predicate = (icmp_ln212)> <Delay = 0.00>

State 32 <SV = 24> <Delay = 6.50>
ST_32 : Operation 203 [1/1] (0.00ns)   --->   "call void (...)* @_ssdm_op_SpecLoopName([15 x i8]* @p_str26) nounwind" [attention.cpp:213]   --->   Operation 203 'specloopname' <Predicate = true> <Delay = 0.00>
ST_32 : Operation 204 [1/1] (0.00ns)   --->   "%sext_ln213 = sext i8 %add_ln213 to i32" [attention.cpp:213]   --->   Operation 204 'sext' 'sext_ln213' <Predicate = true> <Delay = 0.00>
ST_32 : Operation 205 [1/1] (0.00ns)   --->   "%zext_ln213_1 = zext i32 %sext_ln213 to i64" [attention.cpp:213]   --->   Operation 205 'zext' 'zext_ln213_1' <Predicate = true> <Delay = 0.00>
ST_32 : Operation 206 [1/2] (3.25ns)   --->   "%attn_output_0_load = load i40* %attn_output_0_addr, align 8" [attention.cpp:213]   --->   Operation 206 'load' 'attn_output_0_load' <Predicate = true> <Delay = 3.25> <Core = "RAM">   --->   Core 37 'RAM' <Latency = 1> <II = 1> <Delay = 3.25> <Storage> <Opcode : 'load' 'store'> <Ports = 2> <Width = 40> <Depth = 96> <RAM>
ST_32 : Operation 207 [1/1] (0.00ns)   --->   "%attn_output_2D_0_V_s = getelementptr [96 x i40]* %attn_output_2D_0_V, i64 0, i64 %zext_ln213_1" [attention.cpp:213]   --->   Operation 207 'getelementptr' 'attn_output_2D_0_V_s' <Predicate = true> <Delay = 0.00>
ST_32 : Operation 208 [1/1] (3.25ns)   --->   "store i40 %attn_output_0_load, i40* %attn_output_2D_0_V_s, align 8" [attention.cpp:213]   --->   Operation 208 'store' <Predicate = true> <Delay = 3.25> <Core = "RAM">   --->   Core 37 'RAM' <Latency = 1> <II = 1> <Delay = 3.25> <Storage> <Opcode : 'load' 'store'> <Ports = 2> <Width = 40> <Depth = 96> <RAM>
ST_32 : Operation 209 [1/1] (0.00ns)   --->   "br label %3" [attention.cpp:212]   --->   Operation 209 'br' <Predicate = true> <Delay = 0.00>

State 33 <SV = 23> <Delay = 0.00>
ST_33 : Operation 210 [1/2] (0.00ns)   --->   "call fastcc void @"rms_norm<96>"([96 x i40]* %attn_output_2D_0_V, [96 x i40]* @ln_weight_V)" [attention.cpp:217]   --->   Operation 210 'call' <Predicate = true> <Delay = 0.00> <CoreType = "Generic">   --->   Core 0 '' <Latency = 0> <II = 1> <Delay = 1.00> <Generic> <Opcode : >
ST_33 : Operation 211 [1/2] (0.00ns)   --->   "call fastcc void @init_3d_mem([6 x i8]* %quantized_final_outp, [6 x i8]* %quantized_final_outp_1, [6 x i8]* %quantized_final_outp_2, [6 x i8]* %quantized_final_outp_3, [6 x i8]* %quantized_final_outp_4, [6 x i8]* %quantized_final_outp_5, [6 x i8]* %quantized_final_outp_6, [6 x i8]* %quantized_final_outp_7, [6 x i8]* %quantized_final_outp_8, [6 x i8]* %quantized_final_outp_9, [6 x i8]* %quantized_final_outp_10, [6 x i8]* %quantized_final_outp_11, [6 x i8]* %quantized_final_outp_12, [6 x i8]* %quantized_final_outp_13, [6 x i8]* %quantized_final_outp_14, [6 x i8]* %quantized_final_outp_15)" [attention.cpp:227]   --->   Operation 211 'call' <Predicate = true> <Delay = 0.00> <CoreType = "Generic">   --->   Core 0 '' <Latency = 0> <II = 1> <Delay = 1.00> <Generic> <Opcode : >
ST_33 : Operation 212 [1/2] (0.00ns)   --->   "call fastcc void @init_2d_mem([96 x i40]* %final_output_0_V)" [attention.cpp:236]   --->   Operation 212 'call' <Predicate = true> <Delay = 0.00> <CoreType = "Generic">   --->   Core 0 '' <Latency = 0> <II = 1> <Delay = 1.00> <Generic> <Opcode : >

State 34 <SV = 24> <Delay = 1.76>
ST_34 : Operation 213 [2/2] (1.76ns)   --->   "%final_scales_0_V = call fastcc i40 @quantize_activation([96 x i40]* %attn_output_2D_0_V, [6 x i8]* %quantized_final_outp, [6 x i8]* %quantized_final_outp_1, [6 x i8]* %quantized_final_outp_2, [6 x i8]* %quantized_final_outp_3, [6 x i8]* %quantized_final_outp_4, [6 x i8]* %quantized_final_outp_5, [6 x i8]* %quantized_final_outp_6, [6 x i8]* %quantized_final_outp_7, [6 x i8]* %quantized_final_outp_8, [6 x i8]* %quantized_final_outp_9, [6 x i8]* %quantized_final_outp_10, [6 x i8]* %quantized_final_outp_11, [6 x i8]* %quantized_final_outp_12, [6 x i8]* %quantized_final_outp_13, [6 x i8]* %quantized_final_outp_14, [6 x i8]* %quantized_final_outp_15)" [attention.cpp:229]   --->   Operation 213 'call' 'final_scales_0_V' <Predicate = true> <Delay = 1.76> <CoreType = "Generic">   --->   Core 0 '' <Latency = 0> <II = 1> <Delay = 1.00> <Generic> <Opcode : >

State 35 <SV = 25> <Delay = 0.00>
ST_35 : Operation 214 [1/2] (0.00ns)   --->   "%final_scales_0_V = call fastcc i40 @quantize_activation([96 x i40]* %attn_output_2D_0_V, [6 x i8]* %quantized_final_outp, [6 x i8]* %quantized_final_outp_1, [6 x i8]* %quantized_final_outp_2, [6 x i8]* %quantized_final_outp_3, [6 x i8]* %quantized_final_outp_4, [6 x i8]* %quantized_final_outp_5, [6 x i8]* %quantized_final_outp_6, [6 x i8]* %quantized_final_outp_7, [6 x i8]* %quantized_final_outp_8, [6 x i8]* %quantized_final_outp_9, [6 x i8]* %quantized_final_outp_10, [6 x i8]* %quantized_final_outp_11, [6 x i8]* %quantized_final_outp_12, [6 x i8]* %quantized_final_outp_13, [6 x i8]* %quantized_final_outp_14, [6 x i8]* %quantized_final_outp_15)" [attention.cpp:229]   --->   Operation 214 'call' 'final_scales_0_V' <Predicate = true> <Delay = 0.00> <CoreType = "Generic">   --->   Core 0 '' <Latency = 0> <II = 1> <Delay = 1.00> <Generic> <Opcode : >

State 36 <SV = 26> <Delay = 8.75>
ST_36 : Operation 215 [2/2] (8.75ns)   --->   "call fastcc void @linear_forward_no_mu([6 x i8]* %quantized_final_outp, [6 x i8]* %quantized_final_outp_1, [6 x i8]* %quantized_final_outp_2, [6 x i8]* %quantized_final_outp_3, [6 x i8]* %quantized_final_outp_4, [6 x i8]* %quantized_final_outp_5, [6 x i8]* %quantized_final_outp_6, [6 x i8]* %quantized_final_outp_7, [6 x i8]* %quantized_final_outp_8, [6 x i8]* %quantized_final_outp_9, [6 x i8]* %quantized_final_outp_10, [6 x i8]* %quantized_final_outp_11, [6 x i8]* %quantized_final_outp_12, [6 x i8]* %quantized_final_outp_13, [6 x i8]* %quantized_final_outp_14, [6 x i8]* %quantized_final_outp_15, [96 x i40]* %final_output_0_V, i40 %final_scales_0_V, [576 x i8]* @o_weights_0, [576 x i8]* @o_weights_1, [576 x i8]* @o_weights_2, [576 x i8]* @o_weights_3, i22 728135)" [attention.cpp:237]   --->   Operation 215 'call' <Predicate = true> <Delay = 8.75> <CoreType = "Generic">   --->   Core 0 '' <Latency = 0> <II = 1> <Delay = 1.00> <Generic> <Opcode : >

State 37 <SV = 27> <Delay = 0.00>
ST_37 : Operation 216 [1/1] (0.00ns)   --->   "%empty_116 = call i32 (...)* @_ssdm_op_SpecRegionEnd([15 x i8]* @p_str24, i32 %tmp_s)" [attention.cpp:213]   --->   Operation 216 'specregionend' 'empty_116' <Predicate = true> <Delay = 0.00>
ST_37 : Operation 217 [1/2] (0.00ns)   --->   "call fastcc void @linear_forward_no_mu([6 x i8]* %quantized_final_outp, [6 x i8]* %quantized_final_outp_1, [6 x i8]* %quantized_final_outp_2, [6 x i8]* %quantized_final_outp_3, [6 x i8]* %quantized_final_outp_4, [6 x i8]* %quantized_final_outp_5, [6 x i8]* %quantized_final_outp_6, [6 x i8]* %quantized_final_outp_7, [6 x i8]* %quantized_final_outp_8, [6 x i8]* %quantized_final_outp_9, [6 x i8]* %quantized_final_outp_10, [6 x i8]* %quantized_final_outp_11, [6 x i8]* %quantized_final_outp_12, [6 x i8]* %quantized_final_outp_13, [6 x i8]* %quantized_final_outp_14, [6 x i8]* %quantized_final_outp_15, [96 x i40]* %final_output_0_V, i40 %final_scales_0_V, [576 x i8]* @o_weights_0, [576 x i8]* @o_weights_1, [576 x i8]* @o_weights_2, [576 x i8]* @o_weights_3, i22 728135)" [attention.cpp:237]   --->   Operation 217 'call' <Predicate = true> <Delay = 0.00> <CoreType = "Generic">   --->   Core 0 '' <Latency = 0> <II = 1> <Delay = 1.00> <Generic> <Opcode : >
ST_37 : Operation 218 [1/1] (0.00ns)   --->   "ret void" [attention.cpp:244]   --->   Operation 218 'ret' <Predicate = true> <Delay = 0.00>


============================================================
+ Verbose Summary: Timing violations
============================================================
Target clock period: 10ns, clock uncertainty: 1.25ns.

 <State 1>: 1.91ns
The critical path consists of the following:
	'alloca' operation ('q_proj_re[0].V', attention.cpp:107) [69]  (0 ns)
	'call' operation ('call_ln111', attention.cpp:111) to 'init_2d_mem' [102]  (1.91 ns)

 <State 2>: 0ns
The critical path consists of the following:

 <State 3>: 1.77ns
The critical path consists of the following:
	'call' operation ('scales[0].V', attention.cpp:99) to 'quantize_activation' [101]  (1.77 ns)

 <State 4>: 0ns
The critical path consists of the following:

 <State 5>: 8.75ns
The critical path consists of the following:
	'call' operation ('call_ln115', attention.cpp:115) to 'linear_forward_no_mu' [105]  (8.75 ns)

 <State 6>: 0ns
The critical path consists of the following:

 <State 7>: 8.75ns
The critical path consists of the following:
	'call' operation ('call_ln122', attention.cpp:122) to 'linear_forward_no_mu' [106]  (8.75 ns)

 <State 8>: 0ns
The critical path consists of the following:

 <State 9>: 8.75ns
The critical path consists of the following:
	'call' operation ('call_ln129', attention.cpp:129) to 'linear_forward_no_mu' [107]  (8.75 ns)

 <State 10>: 0ns
The critical path consists of the following:

 <State 11>: 1.81ns
The critical path consists of the following:
	'call' operation ('call_ln143', attention.cpp:143) to 'reshape_2D_to_3D' [110]  (1.81 ns)

 <State 12>: 0ns
The critical path consists of the following:

 <State 13>: 0ns
The critical path consists of the following:

 <State 14>: 0ns
The critical path consists of the following:

 <State 15>: 0ns
The critical path consists of the following:

 <State 16>: 0ns
The critical path consists of the following:

 <State 17>: 0ns
The critical path consists of the following:

 <State 18>: 1.77ns
The critical path consists of the following:
	multiplexor before 'phi' operation ('h') with incoming values : ('h', attention.cpp:178) [118]  (1.77 ns)

 <State 19>: 1.91ns
The critical path consists of the following:
	'call' operation ('call_ln209', attention.cpp:209) to 'init_2d_mem' [164]  (1.91 ns)

 <State 20>: 4.15ns
The critical path consists of the following:
	'phi' operation ('d_0_0', attention.cpp:180) with incoming values : ('add_ln180', attention.cpp:180) [132]  (0 ns)
	'add' operation ('add_ln1265', attention.cpp:181) [140]  (1.83 ns)
	'getelementptr' operation ('attn_weights_0_V_ad', attention.cpp:181) [142]  (0 ns)
	'load' operation ('attn_weights_0_V_lo', attention.cpp:181) on array 'attn_weights[0].V', attention.cpp:164 [143]  (2.32 ns)

 <State 21>: 2.32ns
The critical path consists of the following:
	'load' operation ('attn_weights_0_V_lo', attention.cpp:181) on array 'attn_weights[0].V', attention.cpp:164 [143]  (2.32 ns)

 <State 22>: 8.22ns
The critical path consists of the following:
	'mul' operation ('mul_ln1148', attention.cpp:181) [146]  (8.22 ns)

 <State 23>: 8.22ns
The critical path consists of the following:
	'mul' operation ('mul_ln1148', attention.cpp:181) [146]  (8.22 ns)

 <State 24>: 8.22ns
The critical path consists of the following:
	'mul' operation ('mul_ln1148', attention.cpp:181) [146]  (8.22 ns)

 <State 25>: 6.27ns
The critical path consists of the following:
	'sub' operation ('sub_ln1148', attention.cpp:181) [147]  (4.92 ns)
	'select' operation ('select_ln1148', attention.cpp:181) [151]  (1.35 ns)

 <State 26>: 6.68ns
The critical path consists of the following:
	'sub' operation ('sub_ln703', attention.cpp:181) [153]  (2.8 ns)
	'select' operation ('select_ln1148_2', attention.cpp:181) [155]  (1.56 ns)
	'store' operation ('store_ln181', attention.cpp:181) of variable 'select_ln1148_2', attention.cpp:181 on array 'attn_weights[0].V', attention.cpp:164 [156]  (2.32 ns)

 <State 27>: 0ns
The critical path consists of the following:

 <State 28>: 0ns
The critical path consists of the following:

 <State 29>: 1.77ns
The critical path consists of the following:
	multiplexor before 'phi' operation ('h106_0_0', attention.cpp:211) with incoming values : ('add_ln211', attention.cpp:211) [168]  (1.77 ns)

 <State 30>: 1.92ns
The critical path consists of the following:
	'phi' operation ('h106_0_0', attention.cpp:211) with incoming values : ('add_ln211', attention.cpp:211) [168]  (0 ns)
	'sub' operation ('sub_ln203', attention.cpp:213) [185]  (1.92 ns)

 <State 31>: 5.17ns
The critical path consists of the following:
	'phi' operation ('d107_0_0', attention.cpp:212) with incoming values : ('add_ln212', attention.cpp:212) [188]  (0 ns)
	'add' operation ('add_ln203', attention.cpp:213) [199]  (1.92 ns)
	'getelementptr' operation ('attn_output_0_addr', attention.cpp:213) [201]  (0 ns)
	'load' operation ('attn_output_0_load', attention.cpp:213) on array 'attn_output_0' [202]  (3.25 ns)

 <State 32>: 6.51ns
The critical path consists of the following:
	'load' operation ('attn_output_0_load', attention.cpp:213) on array 'attn_output_0' [202]  (3.25 ns)
	'store' operation ('store_ln213', attention.cpp:213) of variable 'attn_output_0_load', attention.cpp:213 on array 'attn_output_2D[0].V', attention.cpp:208 [204]  (3.25 ns)

 <State 33>: 0ns
The critical path consists of the following:

 <State 34>: 1.77ns
The critical path consists of the following:
	'call' operation ('final_scales[0].V', attention.cpp:229) to 'quantize_activation' [213]  (1.77 ns)

 <State 35>: 0ns
The critical path consists of the following:

 <State 36>: 8.75ns
The critical path consists of the following:
	'call' operation ('call_ln237', attention.cpp:237) to 'linear_forward_no_mu' [215]  (8.75 ns)

 <State 37>: 0ns
The critical path consists of the following:


============================================================
+ Verbose Summary: Binding
============================================================
N/A
* FSMD analyzer results:
  - Output states:
 - Input state : 
  - Chain level:
	State 1
	State 2
	State 3
	State 4
	State 5
	State 6
	State 7
	State 8
	State 9
	State 10
	State 11
	State 12
	State 13
	State 14
	State 15
	State 16
	State 17
	State 18
	State 19
	State 20
	State 21
	State 22
	State 23
	State 24
	State 25
	State 26
	State 27
	State 28
	State 29
	State 30
	State 31
	State 32
	State 33
	State 34
	State 35
	State 36
	State 37


============================================================
+ Verbose Summary: Datapath Resource usage 
============================================================
N/A
