

================================================================
== Vivado HLS Report for 'dut'
================================================================
* Date:           Tue Dec  3 18:02:37 2024

* Version:        2019.2 (Build 2704478 on Wed Nov 06 22:10:23 MST 2019)
* Project:        attention_4th.prj
* Solution:       solution1
* Product family: zynq
* Target device:  xc7z020-clg484-1


================================================================
== Performance Estimates
================================================================
+ Timing: 
    * Summary: 
    +--------+----------+----------+------------+
    |  Clock |  Target  | Estimated| Uncertainty|
    +--------+----------+----------+------------+
    |ap_clk  | 10.00 ns | 8.750 ns |   1.25 ns  |
    +--------+----------+----------+------------+

+ Latency: 
    * Summary: 
    +---------+---------+----------+----------+-------+-------+---------+
    |  Latency (cycles) |  Latency (absolute) |    Interval   | Pipeline|
    |   min   |   max   |    min   |    max   |  min  |  max  |   Type  |
    +---------+---------+----------+----------+-------+-------+---------+
    |    74129|    74129| 0.741 ms | 0.741 ms |  74129|  74129|   none  |
    +---------+---------+----------+----------+-------+-------+---------+

    + Detail: 
        * Instance: 
        +----------------------+-----------+---------+---------+----------+----------+-------+-------+---------+
        |                      |           |  Latency (cycles) |  Latency (absolute) |    Interval   | Pipeline|
        |       Instance       |   Module  |   min   |   max   |    min   |    max   |  min  |  max  |   Type  |
        +----------------------+-----------+---------+---------+----------+----------+-------+-------+---------+
        |grp_attention_fu_263  |attention  |    72974|    72974| 0.730 ms | 0.730 ms |  72974|  72974|   none  |
        +----------------------+-----------+---------+---------+----------+----------+-------+-------+---------+

        * Loop: 
        +----------+---------+---------+----------+-----------+-----------+------+----------+
        |          |  Latency (cycles) | Iteration|  Initiation Interval  | Trip |          |
        | Loop Name|   min   |   max   |  Latency |  achieved |   target  | Count| Pipelined|
        +----------+---------+---------+----------+-----------+-----------+------+----------+
        |- Loop 1  |      384|      384|         1|          -|          -|   384|    no    |
        |- Loop 2  |      768|      768|         2|          -|          -|   384|    no    |
        +----------+---------+---------+----------+-----------+-----------+------+----------+



================================================================
== Utilization Estimates
================================================================
* Summary: 
+-----------------+---------+-------+--------+-------+-----+
|       Name      | BRAM_18K| DSP48E|   FF   |  LUT  | URAM|
+-----------------+---------+-------+--------+-------+-----+
|DSP              |        -|      -|       -|      -|    -|
|Expression       |        -|      -|       0|     58|    -|
|FIFO             |        -|      -|       -|      -|    -|
|Instance         |      236|    192|   26646|  40336|    0|
|Memory           |        6|      -|       0|      0|    0|
|Multiplexer      |        -|      -|       -|    195|    -|
|Register         |        -|      -|      33|      -|    -|
+-----------------+---------+-------+--------+-------+-----+
|Total            |      242|    192|   26679|  40589|    0|
+-----------------+---------+-------+--------+-------+-----+
|Available        |      280|    220|  106400|  53200|    0|
+-----------------+---------+-------+--------+-------+-----+
|Utilization (%)  |       86|     87|      25|     76|    0|
+-----------------+---------+-------+--------+-------+-----+

+ Detail: 
    * Instance: 
    +----------------------+-----------+---------+-------+-------+-------+-----+
    |       Instance       |   Module  | BRAM_18K| DSP48E|   FF  |  LUT  | URAM|
    +----------------------+-----------+---------+-------+-------+-------+-----+
    |grp_attention_fu_263  |attention  |      236|    192|  26646|  40336|    0|
    +----------------------+-----------+---------+-------+-------+-------+-----+
    |Total                 |           |      236|    192|  26646|  40336|    0|
    +----------------------+-----------+---------+-------+-------+-------+-----+

    * DSP48E: 
    N/A

    * Memory: 
    +-------------+---------------+---------+---+----+-----+------+-----+------+-------------+
    |    Memory   |     Module    | BRAM_18K| FF| LUT| URAM| Words| Bits| Banks| W*Bits*Banks|
    +-------------+---------------+---------+---+----+-----+------+-----+------+-------------+
    |input_0_V_U  |dut_input_0_V  |        3|  0|   0|    0|   384|   40|     1|        15360|
    |output_0_U   |dut_output_0   |        3|  0|   0|    0|   384|   40|     1|        15360|
    +-------------+---------------+---------+---+----+-----+------+-----+------+-------------+
    |Total        |               |        6|  0|   0|    0|   768|   80|     2|        30720|
    +-------------+---------------+---------+---+----+-----+------+-----+------+-------------+

    * FIFO: 
    N/A

    * Expression: 
    +---------------------+----------+-------+---+----+------------+------------+
    |    Variable Name    | Operation| DSP48E| FF| LUT| Bitwidth P0| Bitwidth P1|
    +---------------------+----------+-------+---+----+------------+------------+
    |add_ln19_fu_421_p2   |     +    |      0|  0|  15|           9|           1|
    |add_ln51_fu_453_p2   |     +    |      0|  0|  15|           9|           1|
    |ap_block_state2      |    and   |      0|  0|   2|           1|           1|
    |icmp_ln19_fu_415_p2  |   icmp   |      0|  0|  13|           9|           9|
    |icmp_ln51_fu_447_p2  |   icmp   |      0|  0|  13|           9|           9|
    +---------------------+----------+-------+---+----+------------+------------+
    |Total                |          |      0|  0|  58|          37|          21|
    +---------------------+----------+-------+---+----+------------+------------+

    * Multiplexer: 
    +--------------------+----+-----------+-----+-----------+
    |        Name        | LUT| Input Size| Bits| Total Bits|
    +--------------------+----+-----------+-----+-----------+
    |ap_NS_fsm           |  33|          6|    1|          6|
    |input_0_V_address0  |  15|          3|    9|         27|
    |input_0_V_ce0       |  15|          3|    1|          3|
    |input_0_V_ce1       |   9|          2|    1|          2|
    |input_0_V_d0        |  15|          3|   40|        120|
    |input_0_V_we0       |  15|          3|    1|          3|
    |j9_0_0_reg_252      |   9|          2|    9|         18|
    |j_0_0_reg_241       |   9|          2|    9|         18|
    |output_0_address0   |  15|          3|    9|         27|
    |output_0_ce0        |  15|          3|    1|          3|
    |output_0_ce1        |   9|          2|    1|          2|
    |output_0_we0        |   9|          2|    1|          2|
    |output_0_we1        |   9|          2|    1|          2|
    |strm_in_V_V_blk_n   |   9|          2|    1|          2|
    |strm_out_V_V_blk_n  |   9|          2|    1|          2|
    +--------------------+----+-----------+-----+-----------+
    |Total               | 195|         40|   86|        237|
    +--------------------+----+-----------+-----+-----------+

    * Register: 
    +-----------------------------------+---+----+-----+-----------+
    |                Name               | FF| LUT| Bits| Const Bits|
    +-----------------------------------+---+----+-----+-----------+
    |add_ln51_reg_488                   |  9|   0|    9|          0|
    |ap_CS_fsm                          |  5|   0|    5|          0|
    |grp_attention_fu_263_ap_start_reg  |  1|   0|    1|          0|
    |j9_0_0_reg_252                     |  9|   0|    9|          0|
    |j_0_0_reg_241                      |  9|   0|    9|          0|
    +-----------------------------------+---+----+-----+-----------+
    |Total                              | 33|   0|   33|          0|
    +-----------------------------------+---+----+-----+-----------+



================================================================
== Interface
================================================================
* Summary: 
+---------------------+-----+-----+------------+--------------+--------------+
|      RTL Ports      | Dir | Bits|  Protocol  | Source Object|    C Type    |
+---------------------+-----+-----+------------+--------------+--------------+
|ap_clk               |  in |    1| ap_ctrl_hs |      dut     | return value |
|ap_rst               |  in |    1| ap_ctrl_hs |      dut     | return value |
|ap_start             |  in |    1| ap_ctrl_hs |      dut     | return value |
|ap_done              | out |    1| ap_ctrl_hs |      dut     | return value |
|ap_idle              | out |    1| ap_ctrl_hs |      dut     | return value |
|ap_ready             | out |    1| ap_ctrl_hs |      dut     | return value |
|strm_in_V_V_dout     |  in |   32|   ap_fifo  |  strm_in_V_V |    pointer   |
|strm_in_V_V_empty_n  |  in |    1|   ap_fifo  |  strm_in_V_V |    pointer   |
|strm_in_V_V_read     | out |    1|   ap_fifo  |  strm_in_V_V |    pointer   |
|strm_out_V_V_din     | out |   32|   ap_fifo  | strm_out_V_V |    pointer   |
|strm_out_V_V_full_n  |  in |    1|   ap_fifo  | strm_out_V_V |    pointer   |
|strm_out_V_V_write   | out |    1|   ap_fifo  | strm_out_V_V |    pointer   |
+---------------------+-----+-----+------------+--------------+--------------+

