

================================================================
== Vivado HLS Report for 'exp_38_18_s'
================================================================
* Date:           Fri Dec  6 23:28:29 2024

* Version:        2019.2 (Build 2704478 on Wed Nov 06 22:10:23 MST 2019)
* Project:        attention_4th.prj
* Solution:       solution1
* Product family: zynq
* Target device:  xc7z020-clg484-1


================================================================
== Performance Estimates
================================================================
+ Timing: 
    * Summary: 
    +--------+----------+----------+------------+
    |  Clock |  Target  | Estimated| Uncertainty|
    +--------+----------+----------+------------+
    |ap_clk  | 10.00 ns | 8.625 ns |   1.25 ns  |
    +--------+----------+----------+------------+

+ Latency: 
    * Summary: 
    +---------+---------+----------+----------+-----+-----+----------+
    |  Latency (cycles) |  Latency (absolute) |  Interval | Pipeline |
    |   min   |   max   |    min   |    max   | min | max |   Type   |
    +---------+---------+----------+----------+-----+-----+----------+
    |       11|       11| 0.110 us | 0.110 us |    1|    1| function |
    +---------+---------+----------+----------+-----+-----+----------+

    + Detail: 
        * Instance: 
        N/A

        * Loop: 
        N/A



================================================================
== Utilization Estimates
================================================================
* Summary: 
+-----------------+---------+-------+--------+-------+-----+
|       Name      | BRAM_18K| DSP48E|   FF   |  LUT  | URAM|
+-----------------+---------+-------+--------+-------+-----+
|DSP              |        -|      1|       -|      -|    -|
|Expression       |        -|      -|       0|    511|    -|
|FIFO             |        -|      -|       -|      -|    -|
|Instance         |        -|     24|     728|    381|    -|
|Memory           |        5|      -|      21|      4|    -|
|Multiplexer      |        -|      -|       -|      -|    -|
|Register         |        6|      -|    1029|    291|    -|
+-----------------+---------+-------+--------+-------+-----+
|Total            |       11|     25|    1778|   1187|    0|
+-----------------+---------+-------+--------+-------+-----+
|Available        |      280|    220|  106400|  53200|    0|
+-----------------+---------+-------+--------+-------+-----+
|Utilization (%)  |        3|     11|       1|      2|    0|
+-----------------+---------+-------+--------+-------+-----+

+ Detail: 
    * Instance: 
    +---------------------------+----------------------+---------+-------+-----+-----+-----+
    |          Instance         |        Module        | BRAM_18K| DSP48E|  FF | LUT | URAM|
    +---------------------------+----------------------+---------+-------+-----+-----+-----+
    |dut_mul_42ns_44nspcA_U238  |dut_mul_42ns_44nspcA  |        0|      6|  254|  207|    0|
    |dut_mul_48ns_50nsqcK_U239  |dut_mul_48ns_50nsqcK  |        0|      9|  237|   87|    0|
    |dut_mul_50ns_50nsrcU_U240  |dut_mul_50ns_50nsrcU  |        0|      9|  237|   87|    0|
    +---------------------------+----------------------+---------+-------+-----+-----+-----+
    |Total                      |                      |        0|     24|  728|  381|    0|
    +---------------------------+----------------------+---------+-------+-----+-----+-----+

    * DSP48E: 
    +---------------------------+----------------------+--------------+
    |          Instance         |        Module        |  Expression  |
    +---------------------------+----------------------+--------------+
    |dut_mac_muladd_3nsc4_U241  |dut_mac_muladd_3nsc4  | i0 * i1 + i2 |
    +---------------------------+----------------------+--------------+

    * Memory: 
    +-----------------------+----------------------+---------+---+----+-----+------+-----+------+-------------+
    |         Memory        |        Module        | BRAM_18K| FF| LUT| URAM| Words| Bits| Banks| W*Bits*Banks|
    +-----------------------+----------------------+---------+---+----+-----+------+-----+------+-------------+
    |exp_x_msb_1_table_V_U  |exp_38_18_s_exp_xocq  |        2|  0|   0|    0|   256|   50|     1|        12800|
    |f_x_lsb_table_V_U      |exp_38_18_s_f_x_llbW  |        0|  8|   2|    0|    16|    8|     1|          128|
    |f_x_msb_4_h_table_V_U  |exp_38_18_s_f_x_mjbC  |        0|  6|   1|    0|     8|    6|     1|           48|
    |f_x_msb_4_l_table_V_U  |exp_38_18_s_f_x_mkbM  |        0|  7|   1|    0|     8|    7|     1|           56|
    |f_x_msb_3_table_V_U    |exp_38_18_s_f_x_mmb6  |        1|  0|   0|    0|    32|   32|     1|         1024|
    |f_x_msb_2_table_V_U    |exp_38_18_s_f_x_mncg  |        2|  0|   0|    0|   256|   46|     1|        11776|
    +-----------------------+----------------------+---------+---+----+-----+------+-----+------+-------------+
    |Total                  |                      |        5| 21|   4|    0|   576|  149|     6|        25832|
    +-----------------------+----------------------+---------+---+----+-----+------+-----+------+-------------+

    * FIFO: 
    N/A

    * Expression: 
    +---------------------------------+----------+-------+---+----+------------+------------+
    |          Variable Name          | Operation| DSP48E| FF| LUT| Bitwidth P0| Bitwidth P1|
    +---------------------------------+----------+-------+---+----+------------+------------+
    |add_ln703_fu_864_p2              |     +    |      0|  0|  50|          43|          43|
    |exp_x_msb_3_4_lsb_m_s_fu_874_p2  |     +    |      0|  0|  55|          48|          48|
    |ret_V_8_fu_962_p2                |     +    |      0|  0|  57|          57|          57|
    |ret_V_9_fu_971_p2                |     +    |      0|  0|  57|          57|          57|
    |ret_V_fu_897_p2                  |     +    |      0|  0|  15|           9|           9|
    |y_l_V_fu_1012_p2                 |     +    |      0|  0|  57|          50|          50|
    |and_ln281_fu_652_p2              |    and   |      0|  0|   2|           1|           1|
    |ap_block_pp0_stage0_11001        |    and   |      0|  0|   2|           1|           1|
    |icmp_ln281_1_fu_646_p2           |   icmp   |      0|  0|  18|          23|          20|
    |icmp_ln281_fu_640_p2             |   icmp   |      0|  0|  11|           5|           4|
    |icmp_ln456_1_fu_1092_p2          |   icmp   |      0|  0|   9|           3|           1|
    |icmp_ln456_fu_1062_p2            |   icmp   |      0|  0|   8|           2|           1|
    |or_ln281_10_fu_718_p2            |    or    |      0|  0|   2|           1|           1|
    |or_ln281_11_fu_724_p2            |    or    |      0|  0|   2|           1|           1|
    |or_ln281_12_fu_730_p2            |    or    |      0|  0|   2|           1|           1|
    |or_ln281_13_fu_736_p2            |    or    |      0|  0|   2|           1|           1|
    |or_ln281_14_fu_742_p2            |    or    |      0|  0|   2|           1|           1|
    |or_ln281_15_fu_748_p2            |    or    |      0|  0|   2|           1|           1|
    |or_ln281_16_fu_754_p2            |    or    |      0|  0|   2|           1|           1|
    |or_ln281_17_fu_760_p2            |    or    |      0|  0|   2|           1|           1|
    |or_ln281_18_fu_1040_p2           |    or    |      0|  0|   2|           1|           1|
    |or_ln281_1_fu_664_p2             |    or    |      0|  0|   2|           1|           1|
    |or_ln281_2_fu_670_p2             |    or    |      0|  0|   2|           1|           1|
    |or_ln281_3_fu_676_p2             |    or    |      0|  0|   2|           1|           1|
    |or_ln281_4_fu_682_p2             |    or    |      0|  0|   2|           1|           1|
    |or_ln281_5_fu_688_p2             |    or    |      0|  0|   2|           1|           1|
    |or_ln281_6_fu_694_p2             |    or    |      0|  0|   2|           1|           1|
    |or_ln281_7_fu_700_p2             |    or    |      0|  0|   2|           1|           1|
    |or_ln281_8_fu_706_p2             |    or    |      0|  0|   2|           1|           1|
    |or_ln281_9_fu_712_p2             |    or    |      0|  0|   2|           1|           1|
    |or_ln281_fu_658_p2               |    or    |      0|  0|   2|           1|           1|
    |or_ln456_1_fu_1098_p2            |    or    |      0|  0|   2|           1|           1|
    |or_ln456_fu_1076_p2              |    or    |      0|  0|   2|           1|           1|
    |ap_return                        |  select  |      0|  0|  38|           1|          37|
    |p_Val2_45_fu_1044_p3             |  select  |      0|  0|  46|           1|          46|
    |select_ln282_fu_1032_p3          |  select  |      0|  0|   2|           1|           2|
    |ap_enable_pp0                    |    xor   |      0|  0|   2|           1|           2|
    |xor_ln278_10_fu_462_p2           |    xor   |      0|  0|   2|           1|           1|
    |xor_ln278_11_fu_476_p2           |    xor   |      0|  0|   2|           1|           1|
    |xor_ln278_12_fu_490_p2           |    xor   |      0|  0|   2|           1|           1|
    |xor_ln278_13_fu_504_p2           |    xor   |      0|  0|   2|           1|           1|
    |xor_ln278_14_fu_518_p2           |    xor   |      0|  0|   2|           1|           1|
    |xor_ln278_15_fu_532_p2           |    xor   |      0|  0|   2|           1|           1|
    |xor_ln278_16_fu_546_p2           |    xor   |      0|  0|   2|           1|           1|
    |xor_ln278_17_fu_560_p2           |    xor   |      0|  0|   2|           1|           1|
    |xor_ln278_18_fu_574_p2           |    xor   |      0|  0|   2|           1|           1|
    |xor_ln278_1_fu_336_p2            |    xor   |      0|  0|   2|           1|           1|
    |xor_ln278_2_fu_350_p2            |    xor   |      0|  0|   2|           1|           1|
    |xor_ln278_3_fu_364_p2            |    xor   |      0|  0|   2|           1|           1|
    |xor_ln278_4_fu_378_p2            |    xor   |      0|  0|   2|           1|           1|
    |xor_ln278_5_fu_392_p2            |    xor   |      0|  0|   2|           1|           1|
    |xor_ln278_6_fu_406_p2            |    xor   |      0|  0|   2|           1|           1|
    |xor_ln278_7_fu_420_p2            |    xor   |      0|  0|   2|           1|           1|
    |xor_ln278_8_fu_434_p2            |    xor   |      0|  0|   2|           1|           1|
    |xor_ln278_9_fu_448_p2            |    xor   |      0|  0|   2|           1|           1|
    |xor_ln278_fu_322_p2              |    xor   |      0|  0|   2|           1|           1|
    |xor_ln282_fu_1027_p2             |    xor   |      0|  0|   2|           1|           2|
    +---------------------------------+----------+-------+---+----+------------+------------+
    |Total                            |          |      0|  0| 511|         344|         421|
    +---------------------------------+----------+-------+---+----+------------+------------+

    * Multiplexer: 
    N/A

    * Register: 
    +--------------------------------------+----+----+-----+-----------+
    |                 Name                 | FF | LUT| Bits| Const Bits|
    +--------------------------------------+----+----+-----+-----------+
    |ap_CS_fsm                             |   1|   0|    1|          0|
    |ap_enable_reg_pp0_iter1               |   1|   0|    1|          0|
    |ap_enable_reg_pp0_iter10              |   1|   0|    1|          0|
    |ap_enable_reg_pp0_iter11              |   1|   0|    1|          0|
    |ap_enable_reg_pp0_iter2               |   1|   0|    1|          0|
    |ap_enable_reg_pp0_iter3               |   1|   0|    1|          0|
    |ap_enable_reg_pp0_iter4               |   1|   0|    1|          0|
    |ap_enable_reg_pp0_iter5               |   1|   0|    1|          0|
    |ap_enable_reg_pp0_iter6               |   1|   0|    1|          0|
    |ap_enable_reg_pp0_iter7               |   1|   0|    1|          0|
    |ap_enable_reg_pp0_iter8               |   1|   0|    1|          0|
    |ap_enable_reg_pp0_iter9               |   1|   0|    1|          0|
    |exp_x_msb_1_V_reg_1287                |  50|   0|   50|          0|
    |exp_x_msb_2_3_4_lsb_s_reg_1282        |  50|   0|   50|          0|
    |exp_x_msb_3_4_lsb_m_s_reg_1244        |  48|   0|   48|          0|
    |exp_x_msb_4_lsb_m_1_s_reg_1203        |  10|   0|   10|          0|
    |f_x_msb_2_3_4_lsb_s_s_reg_1272        |  46|   0|   46|          0|
    |f_x_msb_3_4_lsb_s_V_reg_1234          |  31|   0|   31|          0|
    |f_x_msb_3_V_reg_1213                  |  32|   0|   32|          0|
    |f_x_msb_4_l_V_reg_1198                |   7|   0|    7|          0|
    |or_ln281_17_reg_1193                  |   1|   0|    1|          0|
    |or_ln281_8_reg_1188                   |   1|   0|    1|          0|
    |p_Result_18_reg_1141                  |   7|   0|    7|          0|
    |p_Result_37_reg_1219                  |  26|   0|   42|         16|
    |ret_V_reg_1250                        |   9|   0|    9|          0|
    |tmp_V_1_reg_1152                      |   5|   0|    5|          0|
    |tmp_V_2_reg_1158                      |   3|   0|    3|          0|
    |tmp_V_3_reg_1130                      |   1|   0|    4|          3|
    |tmp_V_reg_1146                        |   8|   0|    8|          0|
    |tmp_reg_1135                          |   1|   0|    1|          0|
    |trunc_ln612_1_reg_1178                |   4|   0|    4|          0|
    |trunc_ln612_1_reg_1178_pp0_iter1_reg  |   4|   0|    4|          0|
    |trunc_ln612_2_reg_1208                |   5|   0|    5|          0|
    |trunc_ln612_3_reg_1256                |  41|   0|   41|          0|
    |y_lo_s_V_reg_1303                     |  48|   0|   48|          0|
    |exp_x_msb_1_V_reg_1287                |   1|   1|   50|          0|
    |exp_x_msb_3_4_lsb_m_s_reg_1244        |   1|   1|   48|          0|
    |f_x_msb_3_V_reg_1213                  |  64|  32|   32|          0|
    |or_ln281_17_reg_1193                  |  64|  32|    1|          0|
    |or_ln281_8_reg_1188                   |  64|  32|    1|          0|
    |p_Result_18_reg_1141                  |  64|  32|    7|          0|
    |p_Result_37_reg_1219                  |  64|  32|   42|         16|
    |ret_V_reg_1250                        |  64|  32|    9|          0|
    |tmp_V_1_reg_1152                      |  64|  32|    5|          0|
    |tmp_V_reg_1146                        |  64|  32|    8|          0|
    |tmp_reg_1135                          |  64|  32|    1|          0|
    |trunc_ln612_3_reg_1256                |   1|   1|   41|          0|
    +--------------------------------------+----+----+-----+-----------+
    |Total                                 |1029| 291|  714|         35|
    +--------------------------------------+----+----+-----+-----------+



================================================================
== Interface
================================================================
* Summary: 
+-----------+-----+-----+------------+--------------+--------------+
| RTL Ports | Dir | Bits|  Protocol  | Source Object|    C Type    |
+-----------+-----+-----+------------+--------------+--------------+
|ap_clk     |  in |    1| ap_ctrl_hs |  exp<38, 18> | return value |
|ap_rst     |  in |    1| ap_ctrl_hs |  exp<38, 18> | return value |
|ap_start   |  in |    1| ap_ctrl_hs |  exp<38, 18> | return value |
|ap_done    | out |    1| ap_ctrl_hs |  exp<38, 18> | return value |
|ap_idle    | out |    1| ap_ctrl_hs |  exp<38, 18> | return value |
|ap_ready   | out |    1| ap_ctrl_hs |  exp<38, 18> | return value |
|ap_return  | out |   38| ap_ctrl_hs |  exp<38, 18> | return value |
|x_V        |  in |   38|   ap_none  |      x_V     |    scalar    |
+-----------+-----+-----+------------+--------------+--------------+

