

================================================================
== Vivado HLS Report for 'reshape_2D_to_3D'
================================================================
* Date:           Sat Nov 30 21:05:02 2024

* Version:        2019.2 (Build 2704478 on Wed Nov 06 22:10:23 MST 2019)
* Project:        attention_4th.prj
* Solution:       solution1
* Product family: zynq
* Target device:  xc7z020-clg484-1


================================================================
== Performance Estimates
================================================================
+ Timing: 
    * Summary: 
    +--------+----------+----------+------------+
    |  Clock |  Target  | Estimated| Uncertainty|
    +--------+----------+----------+------------+
    |ap_clk  | 10.00 ns | 6.508 ns |   1.25 ns  |
    +--------+----------+----------+------------+

+ Latency: 
    * Summary: 
    +---------+---------+----------+----------+-----+-----+---------+
    |  Latency (cycles) |  Latency (absolute) |  Interval | Pipeline|
    |   min   |   max   |    min   |    max   | min | max |   Type  |
    +---------+---------+----------+----------+-----+-----+---------+
    |      785|      785| 7.850 us | 7.850 us |  785|  785|   none  |
    +---------+---------+----------+----------+-----+-----+---------+

    + Detail: 
        * Instance: 
        N/A

        * Loop: 
        +----------------------------+---------+---------+----------+-----------+-----------+------+----------+
        |                            |  Latency (cycles) | Iteration|  Initiation Interval  | Trip |          |
        |          Loop Name         |   min   |   max   |  Latency |  achieved |   target  | Count| Pipelined|
        +----------------------------+---------+---------+----------+-----------+-----------+------+----------+
        |- RESHAPE_2D_TO_3D_LOOP_2   |      784|      784|        98|          -|          -|     8|    no    |
        | + RESHAPE_2D_TO_3D_LOOP_3  |       96|       96|         2|          -|          -|    48|    no    |
        +----------------------------+---------+---------+----------+-----------+-----------+------+----------+



================================================================
== Utilization Estimates
================================================================
* Summary: 
+-----------------+---------+-------+--------+-------+-----+
|       Name      | BRAM_18K| DSP48E|   FF   |  LUT  | URAM|
+-----------------+---------+-------+--------+-------+-----+
|DSP              |        -|      -|       -|      -|    -|
|Expression       |        -|      -|       0|    106|    -|
|FIFO             |        -|      -|       -|      -|    -|
|Instance         |        -|      -|       -|      -|    -|
|Memory           |        -|      -|       -|      -|    -|
|Multiplexer      |        -|      -|       -|     45|    -|
|Register         |        -|      -|      46|      -|    -|
+-----------------+---------+-------+--------+-------+-----+
|Total            |        0|      0|      46|    151|    0|
+-----------------+---------+-------+--------+-------+-----+
|Available        |      280|    220|  106400|  53200|    0|
+-----------------+---------+-------+--------+-------+-----+
|Utilization (%)  |        0|      0|   ~0   |   ~0  |    0|
+-----------------+---------+-------+--------+-------+-----+

+ Detail: 
    * Instance: 
    N/A

    * DSP48E: 
    N/A

    * Memory: 
    N/A

    * FIFO: 
    N/A

    * Expression: 
    +----------------------+----------+-------+---+----+------------+------------+
    |     Variable Name    | Operation| DSP48E| FF| LUT| Bitwidth P0| Bitwidth P1|
    +----------------------+----------+-------+---+----+------------+------------+
    |add_ln189_fu_99_p2    |     +    |      0|  0|  13|           4|           1|
    |add_ln190_fu_175_p2   |     +    |      0|  0|  15|           6|           1|
    |add_ln191_fu_186_p2   |     +    |      0|  0|  14|          10|          10|
    |add_ln203_fu_181_p2   |     +    |      0|  0|  14|          10|          10|
    |sub_ln191_fu_159_p2   |     -    |      0|  0|  14|          10|          10|
    |sub_ln203_fu_125_p2   |     -    |      0|  0|  14|          10|          10|
    |icmp_ln189_fu_93_p2   |   icmp   |      0|  0|  11|           4|           5|
    |icmp_ln190_fu_169_p2  |   icmp   |      0|  0|  11|           6|           6|
    +----------------------+----------+-------+---+----+------------+------------+
    |Total                 |          |      0|  0| 106|          60|          53|
    +----------------------+----------+-------+---+----+------------+------------+

    * Multiplexer: 
    +--------------+----+-----------+-----+-----------+
    |     Name     | LUT| Input Size| Bits| Total Bits|
    +--------------+----+-----------+-----+-----------+
    |ap_NS_fsm     |  27|          5|    1|          5|
    |i_0_0_reg_71  |   9|          2|    4|          8|
    |k_0_0_reg_82  |   9|          2|    6|         12|
    +--------------+----+-----------+-----+-----------+
    |Total         |  45|          9|   11|         25|
    +--------------+----+-----------+-----+-----------+

    * Register: 
    +-------------------+----+----+-----+-----------+
    |        Name       | FF | LUT| Bits| Const Bits|
    +-------------------+----+----+-----+-----------+
    |add_ln189_reg_207  |   4|   0|    4|          0|
    |add_ln190_reg_225  |   6|   0|    6|          0|
    |add_ln203_reg_230  |  10|   0|   10|          0|
    |ap_CS_fsm          |   4|   0|    4|          0|
    |i_0_0_reg_71       |   4|   0|    4|          0|
    |k_0_0_reg_82       |   6|   0|    6|          0|
    |sub_ln191_reg_217  |   6|   0|   10|          4|
    |sub_ln203_reg_212  |   6|   0|   10|          4|
    +-------------------+----+----+-----+-----------+
    |Total              |  46|   0|   54|          8|
    +-------------------+----+----+-----+-----------+



================================================================
== Interface
================================================================
* Summary: 
+---------------------+-----+-----+------------+------------------+--------------+
|      RTL Ports      | Dir | Bits|  Protocol  |   Source Object  |    C Type    |
+---------------------+-----+-----+------------+------------------+--------------+
|ap_clk               |  in |    1| ap_ctrl_hs | reshape_2D_to_3D | return value |
|ap_rst               |  in |    1| ap_ctrl_hs | reshape_2D_to_3D | return value |
|ap_start             |  in |    1| ap_ctrl_hs | reshape_2D_to_3D | return value |
|ap_done              | out |    1| ap_ctrl_hs | reshape_2D_to_3D | return value |
|ap_idle              | out |    1| ap_ctrl_hs | reshape_2D_to_3D | return value |
|ap_ready             | out |    1| ap_ctrl_hs | reshape_2D_to_3D | return value |
|input_0_V_address0   | out |    9|  ap_memory |     input_0_V    |     array    |
|input_0_V_ce0        | out |    1|  ap_memory |     input_0_V    |     array    |
|input_0_V_q0         |  in |   40|  ap_memory |     input_0_V    |     array    |
|output_0_V_address0  | out |    9|  ap_memory |    output_0_V    |     array    |
|output_0_V_ce0       | out |    1|  ap_memory |    output_0_V    |     array    |
|output_0_V_we0       | out |    1|  ap_memory |    output_0_V    |     array    |
|output_0_V_d0        | out |   40|  ap_memory |    output_0_V    |     array    |
+---------------------+-----+-----+------------+------------------+--------------+

