

================================================================
== Vivado HLS Report for 'quantize_activation'
================================================================
* Date:           Wed Nov 27 18:08:57 2024

* Version:        2019.2 (Build 2704478 on Wed Nov 06 22:10:23 MST 2019)
* Project:        out.prj
* Solution:       solution1
* Product family: zynq
* Target device:  xc7z020-clg484-1


================================================================
== Performance Estimates
================================================================
+ Timing: 
    * Summary: 
    +--------+----------+----------+------------+
    |  Clock |  Target  | Estimated| Uncertainty|
    +--------+----------+----------+------------+
    |ap_clk  | 10.00 ns | 8.685 ns |   1.25 ns  |
    +--------+----------+----------+------------+

+ Latency: 
    * Summary: 
    +---------+---------+----------+----------+-------+-------+---------+
    |  Latency (cycles) |  Latency (absolute) |    Interval   | Pipeline|
    |   min   |   max   |    min   |    max   |  min  |  max  |   Type  |
    +---------+---------+----------+----------+-------+-------+---------+
    |    32275|    32275| 0.323 ms | 0.323 ms |  32275|  32275|   none  |
    +---------+---------+----------+----------+-------+-------+---------+

    + Detail: 
        * Instance: 
        N/A

        * Loop: 
        +--------------+---------+---------+----------+-----------+-----------+------+----------+
        |              |  Latency (cycles) | Iteration|  Initiation Interval  | Trip |          |
        |   Loop Name  |   min   |   max   |  Latency |  achieved |   target  | Count| Pipelined|
        +--------------+---------+---------+----------+-----------+-----------+------+----------+
        |- l_S_j_0_j   |     7680|     7680|         5|          -|          -|  1536|    no    |
        |- l_S_j_1_j1  |    24576|    24576|        16|          -|          -|  1536|    no    |
        +--------------+---------+---------+----------+-----------+-----------+------+----------+



================================================================
== Utilization Estimates
================================================================
* Summary: 
+-----------------+---------+-------+--------+-------+-----+
|       Name      | BRAM_18K| DSP48E|   FF   |  LUT  | URAM|
+-----------------+---------+-------+--------+-------+-----+
|DSP              |        -|      -|       -|      -|    -|
|Expression       |        -|      -|       0|    891|    -|
|FIFO             |        -|      -|       -|      -|    -|
|Instance         |        -|      5|    1175|   1944|    -|
|Memory           |        -|      -|       -|      -|    -|
|Multiplexer      |        -|      -|       -|    282|    -|
|Register         |        -|      -|     333|      -|    -|
+-----------------+---------+-------+--------+-------+-----+
|Total            |        0|      5|    1508|   3117|    0|
+-----------------+---------+-------+--------+-------+-----+
|Available        |      280|    220|  106400|  53200|    0|
+-----------------+---------+-------+--------+-------+-----+
|Utilization (%)  |        0|      2|       1|      5|    0|
+-----------------+---------+-------+--------+-------+-----+

+ Detail: 
    * Instance: 
    +--------------------------+----------------------+---------+-------+-----+-----+-----+
    |         Instance         |        Module        | BRAM_18K| DSP48E|  FF | LUT | URAM|
    +--------------------------+----------------------+---------+-------+-----+-----+-----+
    |attention_fadd_32pcA_U33  |attention_fadd_32pcA  |        0|      2|  205|  390|    0|
    |attention_fcmp_32sc4_U36  |attention_fcmp_32sc4  |        0|      0|   66|  239|    0|
    |attention_fdiv_32rcU_U35  |attention_fdiv_32rcU  |        0|      0|  761|  994|    0|
    |attention_fmul_32qcK_U34  |attention_fmul_32qcK  |        0|      3|  143|  321|    0|
    +--------------------------+----------------------+---------+-------+-----+-----+-----+
    |Total                     |                      |        0|      5| 1175| 1944|    0|
    +--------------------------+----------------------+---------+-------+-----+-----+-----+

    * DSP48E: 
    N/A

    * Memory: 
    N/A

    * FIFO: 
    N/A

    * Expression: 
    +--------------------------+----------+-------+---+-----+------------+------------+
    |       Variable Name      | Operation| DSP48E| FF| LUT | Bitwidth P0| Bitwidth P1|
    +--------------------------+----------+-------+---+-----+------------+------------+
    |add_ln339_fu_506_p2       |     +    |      0|  0|   15|           8|           9|
    |add_ln70_fu_190_p2        |     +    |      0|  0|   13|          11|           1|
    |add_ln97_fu_405_p2        |     +    |      0|  0|   13|          11|           1|
    |result_V_1_fu_592_p2      |     -    |      0|  0|   39|           1|          32|
    |sub_ln1311_fu_520_p2      |     -    |      0|  0|   15|           7|           8|
    |and_ln101_fu_449_p2       |    and   |      0|  0|    2|           1|           1|
    |and_ln215_fu_385_p2       |    and   |      0|  0|    2|           1|           1|
    |and_ln72_fu_237_p2        |    and   |      0|  0|    2|           1|           1|
    |and_ln79_1_fu_338_p2      |    and   |      0|  0|    2|           1|           1|
    |and_ln79_fu_332_p2        |    and   |      0|  0|    2|           1|           1|
    |icmp_ln101_1_fu_439_p2    |   icmp   |      0|  0|   18|          23|           1|
    |icmp_ln101_fu_433_p2      |   icmp   |      0|  0|   11|           8|           2|
    |icmp_ln110_fu_603_p2      |   icmp   |      0|  0|   18|          32|           9|
    |icmp_ln112_fu_619_p2      |   icmp   |      0|  0|   18|          25|           1|
    |icmp_ln215_1_fu_375_p2    |   icmp   |      0|  0|   18|          23|           1|
    |icmp_ln215_fu_369_p2      |   icmp   |      0|  0|   11|           8|           2|
    |icmp_ln70_fu_184_p2       |   icmp   |      0|  0|   13|          11|          11|
    |icmp_ln72_1_fu_225_p2     |   icmp   |      0|  0|   18|          23|           1|
    |icmp_ln72_fu_219_p2       |   icmp   |      0|  0|   11|           8|           2|
    |icmp_ln79_1_fu_302_p2     |   icmp   |      0|  0|   18|          23|           1|
    |icmp_ln79_2_fu_314_p2     |   icmp   |      0|  0|   11|           8|           2|
    |icmp_ln79_3_fu_320_p2     |   icmp   |      0|  0|   18|          23|           1|
    |icmp_ln79_fu_296_p2       |   icmp   |      0|  0|   11|           8|           2|
    |icmp_ln97_fu_399_p2       |   icmp   |      0|  0|   13|          11|          11|
    |r_V_fu_550_p2             |   lshr   |      0|  0|   73|          25|          25|
    |or_ln101_fu_445_p2        |    or    |      0|  0|    2|           1|           1|
    |or_ln115_fu_637_p2        |    or    |      0|  0|    2|           1|           1|
    |or_ln215_fu_381_p2        |    or    |      0|  0|    2|           1|           1|
    |or_ln72_fu_231_p2         |    or    |      0|  0|    2|           1|           1|
    |or_ln79_1_fu_326_p2       |    or    |      0|  0|    2|           1|           1|
    |or_ln79_fu_308_p2         |    or    |      0|  0|    2|           1|           1|
    |grp_fu_156_p1             |  select  |      0|  0|   32|           1|          30|
    |grp_fu_164_p1             |  select  |      0|  0|   32|           1|          30|
    |p_Val2_5_fu_584_p3        |  select  |      0|  0|   32|           1|          32|
    |p_Val2_6_fu_597_p3        |  select  |      0|  0|   32|           1|          32|
    |select_ln115_1_fu_643_p3  |  select  |      0|  0|    8|           1|           8|
    |select_ln115_fu_629_p3    |  select  |      0|  0|    9|           1|           9|
    |select_ln74_fu_253_p3     |  select  |      0|  0|   32|           1|          32|
    |select_ln80_fu_344_p3     |  select  |      0|  0|   32|           1|          32|
    |ush_fu_530_p3             |  select  |      0|  0|    9|           1|           9|
    |r_V_1_fu_556_p2           |    shl   |      0|  0|  243|          79|          79|
    |xor_ln73_fu_243_p2        |    xor   |      0|  0|   33|          32|          33|
    +--------------------------+----------+-------+---+-----+------------+------------+
    |Total                     |          |      0|  0|  891|         428|         460|
    +--------------------------+----------+-------+---+-----+------------+------------+

    * Multiplexer: 
    +-------------------+-----+-----------+-----+-----------+
    |        Name       | LUT | Input Size| Bits| Total Bits|
    +-------------------+-----+-----------+-----+-----------+
    |ap_NS_fsm          |  177|         40|    1|         40|
    |grp_fu_169_opcode  |   15|          3|    5|         15|
    |grp_fu_169_p0      |   27|          5|   32|        160|
    |grp_fu_169_p1      |   21|          4|   32|        128|
    |j1_0_0_reg_145     |    9|          2|   11|         22|
    |j_0_0_reg_134      |    9|          2|   11|         22|
    |v22_0_address0     |   15|          3|   11|         33|
    |v45_0_reg_122      |    9|          2|   32|         64|
    +-------------------+-----+-----------+-----+-----------+
    |Total              |  282|         61|  135|        484|
    +-------------------+-----+-----------+-----+-----------+

    * Register: 
    +------------------------+----+----+-----+-----------+
    |          Name          | FF | LUT| Bits| Const Bits|
    +------------------------+----+----+-----+-----------+
    |add_ln70_reg_654        |  11|   0|   11|          0|
    |add_ln97_reg_704        |  11|   0|   11|          0|
    |ap_CS_fsm               |  39|   0|   39|          0|
    |icmp_ln101_1_reg_731    |   1|   0|    1|          0|
    |icmp_ln101_reg_726      |   1|   0|    1|          0|
    |icmp_ln215_1_reg_681    |   1|   0|    1|          0|
    |icmp_ln215_reg_676      |   1|   0|    1|          0|
    |j1_0_0_reg_145          |  11|   0|   11|          0|
    |j_0_0_reg_134           |  11|   0|   11|          0|
    |p_Result_s_reg_751      |   1|   0|    1|          0|
    |p_Val2_5_reg_756        |  32|   0|   32|          0|
    |reg_178                 |  32|   0|   32|          0|
    |select_ln115_1_reg_762  |   8|   0|    8|          0|
    |select_ln74_reg_664     |  32|   0|   32|          0|
    |tmp_3_reg_736           |   1|   0|    1|          0|
    |tmp_6_reg_686           |   1|   0|    1|          0|
    |v1_reg_719              |  32|   0|   32|          0|
    |v45_0_reg_122           |  32|   0|   32|          0|
    |v_reg_696               |  32|   0|   32|          0|
    |x_assign_reg_746        |  32|   0|   32|          0|
    |zext_ln98_reg_709       |  11|   0|   64|         53|
    +------------------------+----+----+-----+-----------+
    |Total                   | 333|   0|  386|         53|
    +------------------------+----+----+-----+-----------+



================================================================
== Interface
================================================================
* Summary: 
+----------------+-----+-----+------------+---------------------+--------------+
|    RTL Ports   | Dir | Bits|  Protocol  |    Source Object    |    C Type    |
+----------------+-----+-----+------------+---------------------+--------------+
|ap_clk          |  in |    1| ap_ctrl_hs | quantize_activation | return value |
|ap_rst          |  in |    1| ap_ctrl_hs | quantize_activation | return value |
|ap_start        |  in |    1| ap_ctrl_hs | quantize_activation | return value |
|ap_done         | out |    1| ap_ctrl_hs | quantize_activation | return value |
|ap_idle         | out |    1| ap_ctrl_hs | quantize_activation | return value |
|ap_ready        | out |    1| ap_ctrl_hs | quantize_activation | return value |
|ap_return       | out |   32| ap_ctrl_hs | quantize_activation | return value |
|v22_0_address0  | out |   11|  ap_memory |        v22_0        |     array    |
|v22_0_ce0       | out |    1|  ap_memory |        v22_0        |     array    |
|v22_0_q0        |  in |   32|  ap_memory |        v22_0        |     array    |
|v24_0_address0  | out |   11|  ap_memory |        v24_0        |     array    |
|v24_0_ce0       | out |    1|  ap_memory |        v24_0        |     array    |
|v24_0_we0       | out |    1|  ap_memory |        v24_0        |     array    |
|v24_0_d0        | out |    8|  ap_memory |        v24_0        |     array    |
+----------------+-----+-----+------------+---------------------+--------------+

