

================================================================
== Vivado HLS Report for 'linear_forward_no_mu'
================================================================
* Date:           Sat Dec  7 00:53:07 2024

* Version:        2019.2 (Build 2704478 on Wed Nov 06 22:10:23 MST 2019)
* Project:        attention_full.prj
* Solution:       solution1
* Product family: zynq
* Target device:  xc7z020-clg484-1


================================================================
== Performance Estimates
================================================================
+ Timing: 
    * Summary: 
    +--------+----------+----------+------------+
    |  Clock |  Target  | Estimated| Uncertainty|
    +--------+----------+----------+------------+
    |ap_clk  | 10.00 ns | 8.690 ns |   1.25 ns  |
    +--------+----------+----------+------------+

+ Latency: 
    * Summary: 
    +---------+---------+-----------+-----------+---------+---------+---------+
    |  Latency (cycles) |   Latency (absolute)  |      Interval     | Pipeline|
    |   min   |   max   |    min    |    max    |   min   |   max   |   Type  |
    +---------+---------+-----------+-----------+---------+---------+---------+
    |  9584641|  9584641| 95.846 ms | 95.846 ms |  9584641|  9584641|   none  |
    +---------+---------+-----------+-----------+---------+---------+---------+

    + Detail: 
        * Instance: 
        N/A

        * Loop: 
        +-------------------------------------+---------+---------+----------+-----------+-----------+------+----------+
        |                                     |  Latency (cycles) | Iteration|  Initiation Interval  | Trip |          |
        |              Loop Name              |   min   |   max   |  Latency |  achieved |   target  | Count| Pipelined|
        +-------------------------------------+---------+---------+----------+-----------+-----------+------+----------+
        |- LINEAR_FORWARD_NO_MUL_LOOP_2       |  9584640|  9584640|      6240|          -|          -|  1536|    no    |
        | + LINEAR_FORWARD_NO_MUL_LOOP_3      |     6156|     6156|      1026|          -|          -|     6|    no    |
        |  ++ LINEAR_FORWARD_NO_MUL_LOOP_4    |     1024|     1024|        16|          -|          -|    64|    no    |
        |   +++ LINEAR_FORWARD_NO_MUL_LOOP_5  |       12|       12|         3|          -|          -|     4|    no    |
        +-------------------------------------+---------+---------+----------+-----------+-----------+------+----------+



================================================================
== Utilization Estimates
================================================================
* Summary: 
+-----------------+---------+-------+--------+-------+-----+
|       Name      | BRAM_18K| DSP48E|   FF   |  LUT  | URAM|
+-----------------+---------+-------+--------+-------+-----+
|DSP              |        -|      -|       -|      -|    -|
|Expression       |        -|      4|       0|    294|    -|
|FIFO             |        -|      -|       -|      -|    -|
|Instance         |        -|      -|     779|    469|    -|
|Memory           |        -|      -|       -|      -|    -|
|Multiplexer      |        -|      -|       -|    452|    -|
|Register         |        -|      -|     308|      -|    -|
+-----------------+---------+-------+--------+-------+-----+
|Total            |        0|      4|    1087|   1215|    0|
+-----------------+---------+-------+--------+-------+-----+
|Available        |      280|    220|  106400|  53200|    0|
+-----------------+---------+-------+--------+-------+-----+
|Utilization (%)  |        0|      1|       1|      2|    0|
+-----------------+---------+-------+--------+-------+-----+

+ Detail: 
    * Instance: 
    +--------------------------+----------------------+---------+-------+-----+-----+-----+
    |         Instance         |        Module        | BRAM_18K| DSP48E|  FF | LUT | URAM|
    +--------------------------+----------------------+---------+-------+-----+-----+-----+
    |dut_sdiv_78ns_63seOg_U13  |dut_sdiv_78ns_63seOg  |        0|      0|  779|  469|    0|
    +--------------------------+----------------------+---------+-------+-----+-----+-----+
    |Total                     |                      |        0|      0|  779|  469|    0|
    +--------------------------+----------------------+---------+-------+-----+-----+-----+

    * DSP48E: 
    N/A

    * Memory: 
    N/A

    * FIFO: 
    N/A

    * Expression: 
    +------------------------+----------+-------+---+----+------------+------------+
    |      Variable Name     | Operation| DSP48E| FF| LUT| Bitwidth P0| Bitwidth P1|
    +------------------------+----------+-------+---+----+------------+------------+
    |mul_ln1118_fu_194_p2    |     *    |      4|  0|  27|          26|          38|
    |add_ln120_fu_210_p2     |     +    |      0|  0|  13|          11|           1|
    |add_ln121_fu_231_p2     |     +    |      0|  0|  12|           3|           1|
    |add_ln122_fu_255_p2     |     +    |      0|  0|  15|           7|           1|
    |add_ln123_fu_261_p2     |     +    |      0|  0|  15|           9|           9|
    |add_ln124_fu_294_p2     |     +    |      0|  0|  15|          21|          21|
    |add_ln125_fu_321_p2     |     +    |      0|  0|  12|           3|           1|
    |add_ln700_fu_350_p2     |     +    |      0|  0|  12|          12|          12|
    |add_ln703_fu_416_p2     |     +    |      0|  0|  45|          38|          38|
    |sub_ln124_fu_288_p2     |     -    |      0|  0|  15|          21|          21|
    |sub_ln701_fu_370_p2     |     -    |      0|  0|  15|           1|           8|
    |and_ln129_fu_382_p2     |    and   |      0|  0|   2|           1|           1|
    |icmp_ln120_fu_204_p2    |   icmp   |      0|  0|  13|          11|          11|
    |icmp_ln121_fu_225_p2    |   icmp   |      0|  0|   9|           3|           3|
    |icmp_ln122_fu_249_p2    |   icmp   |      0|  0|  11|           7|           8|
    |icmp_ln125_fu_315_p2    |   icmp   |      0|  0|   9|           3|           4|
    |icmp_ln128_fu_360_p2    |   icmp   |      0|  0|   8|           2|           1|
    |icmp_ln129_fu_365_p2    |   icmp   |      0|  0|   9|           2|           3|
    |lshr_ln126_fu_337_p2    |   lshr   |      0|  0|  19|           8|           8|
    |select_ln128_fu_388_p3  |  select  |      0|  0|   8|           1|           8|
    |select_ln129_fu_396_p3  |  select  |      0|  0|   8|           1|           8|
    |xor_ln128_fu_376_p2     |    xor   |      0|  0|   2|           1|           2|
    +------------------------+----------+-------+---+----+------------+------------+
    |Total                   |          |      4|  0| 294|         192|         208|
    +------------------------+----------+-------+---+----+------------+------------+

    * Multiplexer: 
    +----------------+-----+-----------+-----+-----------+
    |      Name      | LUT | Input Size| Bits| Total Bits|
    +----------------+-----+-----------+-----+-----------+
    |ap_NS_fsm       |  401|         92|    1|         92|
    |j_0_0_reg_142   |    9|          2|   11|         22|
    |ki_0_0_reg_164  |    9|          2|    7|         14|
    |ko_0_0_reg_153  |    9|          2|    3|          6|
    |l_0_0_reg_175   |    9|          2|    3|          6|
    |output_0_V_d0   |   15|          3|   38|        114|
    +----------------+-----+-----------+-----+-----------+
    |Total           |  452|        103|   63|        254|
    +----------------+-----+-----------+-----+-----------+

    * Register: 
    +-----------------------------+----+----+-----+-----------+
    |             Name            | FF | LUT| Bits| Const Bits|
    +-----------------------------+----+----+-----+-----------+
    |add_ln120_reg_448            |  11|   0|   11|          0|
    |add_ln121_reg_466            |   3|   0|    3|          0|
    |add_ln122_reg_479            |   7|   0|    7|          0|
    |add_ln123_reg_484            |   9|   0|    9|          0|
    |add_ln125_reg_509            |   3|   0|    3|          0|
    |add_ln703_reg_525            |  38|   0|   38|          0|
    |ap_CS_fsm                    |  91|   0|   91|          0|
    |j_0_0_reg_142                |  11|   0|   11|          0|
    |ki_0_0_reg_164               |   7|   0|    7|          0|
    |ko_0_0_reg_153               |   3|   0|    3|          0|
    |l_0_0_reg_175                |   3|   0|    3|          0|
    |output_0_V_addr_reg_458      |  11|   0|   11|          0|
    |packed_weights_load_reg_501  |   8|   0|    8|          0|
    |sext_ln1148_reg_440          |  78|   0|   78|          0|
    |shl_ln2_reg_471              |   3|   0|    9|          6|
    |trunc_ln126_reg_514          |   2|   0|    2|          0|
    |zext_ln124_1_reg_496         |   9|   0|   12|          3|
    |zext_ln1265_reg_453          |  11|   0|   21|         10|
    +-----------------------------+----+----+-----+-----------+
    |Total                        | 308|   0|  327|         19|
    +-----------------------------+----+----+-----+-----------+



================================================================
== Interface
================================================================
* Summary: 
+-------------------------+-----+-----+------------+----------------------+--------------+
|        RTL Ports        | Dir | Bits|  Protocol  |     Source Object    |    C Type    |
+-------------------------+-----+-----+------------+----------------------+--------------+
|ap_clk                   |  in |    1| ap_ctrl_hs | linear_forward_no_mu | return value |
|ap_rst                   |  in |    1| ap_ctrl_hs | linear_forward_no_mu | return value |
|ap_start                 |  in |    1| ap_ctrl_hs | linear_forward_no_mu | return value |
|ap_done                  | out |    1| ap_ctrl_hs | linear_forward_no_mu | return value |
|ap_idle                  | out |    1| ap_ctrl_hs | linear_forward_no_mu | return value |
|ap_ready                 | out |    1| ap_ctrl_hs | linear_forward_no_mu | return value |
|input_0_V_address0       | out |   11|  ap_memory |       input_0_V      |     array    |
|input_0_V_ce0            | out |    1|  ap_memory |       input_0_V      |     array    |
|input_0_V_q0             |  in |    8|  ap_memory |       input_0_V      |     array    |
|output_0_V_address0      | out |   11|  ap_memory |      output_0_V      |     array    |
|output_0_V_ce0           | out |    1|  ap_memory |      output_0_V      |     array    |
|output_0_V_we0           | out |    1|  ap_memory |      output_0_V      |     array    |
|output_0_V_d0            | out |   38|  ap_memory |      output_0_V      |     array    |
|output_0_V_q0            |  in |   38|  ap_memory |      output_0_V      |     array    |
|scales_0_V_read          |  in |   38|   ap_none  |    scales_0_V_read   |    scalar    |
|packed_weights_address0  | out |   20|  ap_memory |    packed_weights    |     array    |
|packed_weights_ce0       | out |    1|  ap_memory |    packed_weights    |     array    |
|packed_weights_q0        |  in |    8|  ap_memory |    packed_weights    |     array    |
|w_scale_V                |  in |   26|   ap_none  |       w_scale_V      |    scalar    |
+-------------------------+-----+-----+------------+----------------------+--------------+

