

================================================================
== Vivado HLS Report for 'cache_update'
================================================================
* Date:           Fri Nov 29 11:44:39 2024

* Version:        2019.2 (Build 2704478 on Wed Nov 06 22:10:23 MST 2019)
* Project:        attention_64th.prj
* Solution:       solution1
* Product family: zynq
* Target device:  xc7z020-clg484-1


================================================================
== Performance Estimates
================================================================
+ Timing: 
    * Summary: 
    +--------+----------+----------+------------+
    |  Clock |  Target  | Estimated| Uncertainty|
    +--------+----------+----------+------------+
    |ap_clk  | 10.00 ns | 8.069 ns |   1.25 ns  |
    +--------+----------+----------+------------+

+ Latency: 
    * Summary: 
    +---------+---------+----------+----------+-----+-----+---------+
    |  Latency (cycles) |  Latency (absolute) |  Interval | Pipeline|
    |   min   |   max   |    min   |    max   | min | max |   Type  |
    +---------+---------+----------+----------+-----+-----+---------+
    |      317|      317| 3.170 us | 3.170 us |  317|  317|   none  |
    +---------+---------+----------+----------+-----+-----+---------+

    + Detail: 
        * Instance: 
        N/A

        * Loop: 
        +--------------------------+---------+---------+----------+-----------+-----------+------+----------+
        |                          |  Latency (cycles) | Iteration|  Initiation Interval  | Trip |          |
        |         Loop Name        |   min   |   max   |  Latency |  achieved |   target  | Count| Pipelined|
        +--------------------------+---------+---------+----------+-----------+-----------+------+----------+
        |- CACHE_UPDATE_LOOP_1     |      316|      316|       158|          -|          -|     2|    no    |
        | + CACHE_UPDATE_LOOP_2    |      156|      156|        26|          -|          -|     6|    no    |
        |  ++ CACHE_UPDATE_LOOP_3  |       24|       24|         2|          -|          -|    12|    no    |
        +--------------------------+---------+---------+----------+-----------+-----------+------+----------+

============================================================
+ Verbose Summary: Synthesis Manager
============================================================
InlineROM: 1
ExposeGlobal: 0
============================================================
+ Verbose Summary: CDFG Model
============================================================
IsTopModel: 0
ResetActiveHigh: 1
IsCombinational: 0
IsDatapathOnly: 0
HasWiredReturn: 1
HasMFsm: 0
HasVarLatency: 1
IsPipeline: 0
IsRtlPipelined: 0
IsInstanceOverlapped: 0
IsDontTouch: 0
HasImplIP: 0
IsGatedGlobalClock: 0


============================================================
+ Verbose Summary: Schedule
============================================================
* Number of FSM states : 5
* Pipeline : 0
* Dataflow Pipeline: 0

* FSM state transitions: 
1 --> 2 
2 --> 3 
3 --> 4 2 
4 --> 5 3 
5 --> 4 

* FSM state operations: 

State 1 <SV = 0> <Delay = 1.76>
ST_1 : Operation 6 [1/1] (1.76ns)   --->   "br label %1" [./layer.h:235]   --->   Operation 6 'br' <Predicate = true> <Delay = 1.76>

State 2 <SV = 1> <Delay = 1.82>
ST_2 : Operation 7 [1/1] (0.00ns)   --->   "%i_0 = phi i2 [ 0, %0 ], [ %i, %CACHE_UPDATE_LOOP_1_end ]"   --->   Operation 7 'phi' 'i_0' <Predicate = true> <Delay = 0.00>
ST_2 : Operation 8 [1/1] (0.95ns)   --->   "%icmp_ln235 = icmp eq i2 %i_0, -2" [./layer.h:235]   --->   Operation 8 'icmp' 'icmp_ln235' <Predicate = true> <Delay = 0.95> <Core = "Cmp">   --->   Core 25 'Cmp' <Latency = 0> <II = 1> <Delay = 1.30> <FuncUnit> <Opcode : 'icmp'> <InPorts = 2> <OutPorts = 1>
ST_2 : Operation 9 [1/1] (0.00ns)   --->   "%empty = call i32 (...)* @_ssdm_op_SpecLoopTripCount(i64 2, i64 2, i64 2)"   --->   Operation 9 'speclooptripcount' 'empty' <Predicate = true> <Delay = 0.00>
ST_2 : Operation 10 [1/1] (1.56ns)   --->   "%i = add i2 %i_0, 1" [./layer.h:235]   --->   Operation 10 'add' 'i' <Predicate = true> <Delay = 1.56> <Core = "AddSub">   --->   Core 14 'AddSub' <Latency = 0> <II = 1> <Delay = 1.82> <FuncUnit> <Opcode : 'add' 'sub'> <InPorts = 2> <OutPorts = 1>
ST_2 : Operation 11 [1/1] (0.00ns)   --->   "br i1 %icmp_ln235, label %4, label %CACHE_UPDATE_LOOP_1_begin" [./layer.h:235]   --->   Operation 11 'br' <Predicate = true> <Delay = 0.00>
ST_2 : Operation 12 [1/1] (0.00ns)   --->   "call void (...)* @_ssdm_op_SpecLoopName([20 x i8]* @p_str1822) nounwind" [./layer.h:236]   --->   Operation 12 'specloopname' <Predicate = (!icmp_ln235)> <Delay = 0.00>
ST_2 : Operation 13 [1/1] (0.00ns)   --->   "%tmp = call i32 (...)* @_ssdm_op_SpecRegionBegin([20 x i8]* @p_str1822)" [./layer.h:236]   --->   Operation 13 'specregionbegin' 'tmp' <Predicate = (!icmp_ln235)> <Delay = 0.00>
ST_2 : Operation 14 [1/1] (0.00ns)   --->   "%zext_ln238 = zext i2 %i_0 to i5" [./layer.h:238]   --->   Operation 14 'zext' 'zext_ln238' <Predicate = (!icmp_ln235)> <Delay = 0.00>
ST_2 : Operation 15 [1/1] (0.00ns)   --->   "%tmp_64 = call i4 @_ssdm_op_BitConcatenate.i4.i2.i2(i2 %i_0, i2 0)" [./layer.h:238]   --->   Operation 15 'bitconcatenate' 'tmp_64' <Predicate = (!icmp_ln235)> <Delay = 0.00>
ST_2 : Operation 16 [1/1] (0.00ns)   --->   "%zext_ln238_11 = zext i4 %tmp_64 to i5" [./layer.h:238]   --->   Operation 16 'zext' 'zext_ln238_11' <Predicate = (!icmp_ln235)> <Delay = 0.00>
ST_2 : Operation 17 [1/1] (0.00ns)   --->   "%zext_ln238_12 = zext i4 %tmp_64 to i6" [./layer.h:238]   --->   Operation 17 'zext' 'zext_ln238_12' <Predicate = (!icmp_ln235)> <Delay = 0.00>
ST_2 : Operation 18 [1/1] (1.73ns)   --->   "%add_ln238 = add i5 %zext_ln238, %zext_ln238_11" [./layer.h:238]   --->   Operation 18 'add' 'add_ln238' <Predicate = (!icmp_ln235)> <Delay = 1.73> <Core = "AddSub">   --->   Core 14 'AddSub' <Latency = 0> <II = 1> <Delay = 1.82> <FuncUnit> <Opcode : 'add' 'sub'> <InPorts = 2> <OutPorts = 1>
ST_2 : Operation 19 [1/1] (0.00ns)   --->   "%tmp_65 = call i5 @_ssdm_op_BitConcatenate.i5.i2.i3(i2 %i_0, i3 0)" [./layer.h:238]   --->   Operation 19 'bitconcatenate' 'tmp_65' <Predicate = (!icmp_ln235)> <Delay = 0.00>
ST_2 : Operation 20 [1/1] (0.00ns)   --->   "%zext_ln203 = zext i5 %tmp_65 to i6" [./layer.h:238]   --->   Operation 20 'zext' 'zext_ln203' <Predicate = (!icmp_ln235)> <Delay = 0.00>
ST_2 : Operation 21 [1/1] (0.00ns)   --->   "%tmp_66 = call i3 @_ssdm_op_BitConcatenate.i3.i2.i1(i2 %i_0, i1 false)" [./layer.h:238]   --->   Operation 21 'bitconcatenate' 'tmp_66' <Predicate = (!icmp_ln235)> <Delay = 0.00>
ST_2 : Operation 22 [1/1] (0.00ns)   --->   "%zext_ln203_12 = zext i3 %tmp_66 to i6" [./layer.h:238]   --->   Operation 22 'zext' 'zext_ln203_12' <Predicate = (!icmp_ln235)> <Delay = 0.00>
ST_2 : Operation 23 [1/1] (1.78ns)   --->   "%sub_ln203 = sub i6 %zext_ln203, %zext_ln203_12" [./layer.h:238]   --->   Operation 23 'sub' 'sub_ln203' <Predicate = (!icmp_ln235)> <Delay = 1.78> <Core = "AddSub">   --->   Core 14 'AddSub' <Latency = 0> <II = 1> <Delay = 1.82> <FuncUnit> <Opcode : 'add' 'sub'> <InPorts = 2> <OutPorts = 1>
ST_2 : Operation 24 [1/1] (0.00ns)   --->   "%sext_ln203 = sext i6 %sub_ln203 to i7" [./layer.h:238]   --->   Operation 24 'sext' 'sext_ln203' <Predicate = (!icmp_ln235)> <Delay = 0.00>
ST_2 : Operation 25 [1/1] (0.00ns)   --->   "%tmp_67 = call i6 @_ssdm_op_BitConcatenate.i6.i2.i4(i2 %i_0, i4 0)" [./layer.h:238]   --->   Operation 25 'bitconcatenate' 'tmp_67' <Predicate = (!icmp_ln235)> <Delay = 0.00>
ST_2 : Operation 26 [1/1] (1.82ns)   --->   "%sub_ln238 = sub i6 %tmp_67, %zext_ln238_12" [./layer.h:238]   --->   Operation 26 'sub' 'sub_ln238' <Predicate = (!icmp_ln235)> <Delay = 1.82> <Core = "AddSub">   --->   Core 14 'AddSub' <Latency = 0> <II = 1> <Delay = 1.82> <FuncUnit> <Opcode : 'add' 'sub'> <InPorts = 2> <OutPorts = 1>
ST_2 : Operation 27 [1/1] (1.76ns)   --->   "br label %2" [./layer.h:236]   --->   Operation 27 'br' <Predicate = (!icmp_ln235)> <Delay = 1.76>
ST_2 : Operation 28 [1/1] (0.00ns)   --->   "ret void" [./layer.h:239]   --->   Operation 28 'ret' <Predicate = (icmp_ln235)> <Delay = 0.00>

State 3 <SV = 2> <Delay = 3.69>
ST_3 : Operation 29 [1/1] (0.00ns)   --->   "%j_0 = phi i3 [ 0, %CACHE_UPDATE_LOOP_1_begin ], [ %j, %CACHE_UPDATE_LOOP_2_end ]"   --->   Operation 29 'phi' 'j_0' <Predicate = true> <Delay = 0.00>
ST_3 : Operation 30 [1/1] (1.13ns)   --->   "%icmp_ln236 = icmp eq i3 %j_0, -2" [./layer.h:236]   --->   Operation 30 'icmp' 'icmp_ln236' <Predicate = true> <Delay = 1.13> <Core = "Cmp">   --->   Core 25 'Cmp' <Latency = 0> <II = 1> <Delay = 1.30> <FuncUnit> <Opcode : 'icmp'> <InPorts = 2> <OutPorts = 1>
ST_3 : Operation 31 [1/1] (0.00ns)   --->   "%empty_106 = call i32 (...)* @_ssdm_op_SpecLoopTripCount(i64 6, i64 6, i64 6)"   --->   Operation 31 'speclooptripcount' 'empty_106' <Predicate = true> <Delay = 0.00>
ST_3 : Operation 32 [1/1] (1.65ns)   --->   "%j = add i3 %j_0, 1" [./layer.h:236]   --->   Operation 32 'add' 'j' <Predicate = true> <Delay = 1.65> <Core = "AddSub">   --->   Core 14 'AddSub' <Latency = 0> <II = 1> <Delay = 1.82> <FuncUnit> <Opcode : 'add' 'sub'> <InPorts = 2> <OutPorts = 1>
ST_3 : Operation 33 [1/1] (0.00ns)   --->   "br i1 %icmp_ln236, label %CACHE_UPDATE_LOOP_1_end, label %CACHE_UPDATE_LOOP_2_begin" [./layer.h:236]   --->   Operation 33 'br' <Predicate = true> <Delay = 0.00>
ST_3 : Operation 34 [1/1] (0.00ns)   --->   "call void (...)* @_ssdm_op_SpecLoopName([20 x i8]* @p_str1823) nounwind" [./layer.h:237]   --->   Operation 34 'specloopname' <Predicate = (!icmp_ln236)> <Delay = 0.00>
ST_3 : Operation 35 [1/1] (0.00ns)   --->   "%tmp_s = call i32 (...)* @_ssdm_op_SpecRegionBegin([20 x i8]* @p_str1823)" [./layer.h:237]   --->   Operation 35 'specregionbegin' 'tmp_s' <Predicate = (!icmp_ln236)> <Delay = 0.00>
ST_3 : Operation 36 [1/1] (0.00ns)   --->   "%zext_ln238_13 = zext i3 %j_0 to i7" [./layer.h:238]   --->   Operation 36 'zext' 'zext_ln238_13' <Predicate = (!icmp_ln236)> <Delay = 0.00>
ST_3 : Operation 37 [1/1] (0.00ns)   --->   "%zext_ln238_14 = zext i3 %j_0 to i5" [./layer.h:238]   --->   Operation 37 'zext' 'zext_ln238_14' <Predicate = (!icmp_ln236)> <Delay = 0.00>
ST_3 : Operation 38 [1/1] (1.78ns)   --->   "%add_ln238_4 = add i5 %add_ln238, %zext_ln238_14" [./layer.h:238]   --->   Operation 38 'add' 'add_ln238_4' <Predicate = (!icmp_ln236)> <Delay = 1.78> <Core = "AddSub">   --->   Core 14 'AddSub' <Latency = 0> <II = 1> <Delay = 1.82> <FuncUnit> <Opcode : 'add' 'sub'> <InPorts = 2> <OutPorts = 1>
ST_3 : Operation 39 [1/1] (0.00ns)   --->   "%trunc_ln238 = trunc i5 %add_ln238_4 to i4" [./layer.h:238]   --->   Operation 39 'trunc' 'trunc_ln238' <Predicate = (!icmp_ln236)> <Delay = 0.00>
ST_3 : Operation 40 [1/1] (0.00ns)   --->   "%p_shl7_cast = call i8 @_ssdm_op_BitConcatenate.i8.i4.i4(i4 %trunc_ln238, i4 0)" [./layer.h:238]   --->   Operation 40 'bitconcatenate' 'p_shl7_cast' <Predicate = (!icmp_ln236)> <Delay = 0.00>
ST_3 : Operation 41 [1/1] (0.00ns)   --->   "%tmp_79 = call i7 @_ssdm_op_BitConcatenate.i7.i5.i2(i5 %add_ln238_4, i2 0)" [./layer.h:238]   --->   Operation 41 'bitconcatenate' 'tmp_79' <Predicate = (!icmp_ln236)> <Delay = 0.00>
ST_3 : Operation 42 [1/1] (0.00ns)   --->   "%zext_ln238_15 = zext i7 %tmp_79 to i8" [./layer.h:238]   --->   Operation 42 'zext' 'zext_ln238_15' <Predicate = (!icmp_ln236)> <Delay = 0.00>
ST_3 : Operation 43 [1/1] (1.91ns)   --->   "%sub_ln238_2 = sub i8 %p_shl7_cast, %zext_ln238_15" [./layer.h:238]   --->   Operation 43 'sub' 'sub_ln238_2' <Predicate = (!icmp_ln236)> <Delay = 1.91> <Core = "AddSub">   --->   Core 14 'AddSub' <Latency = 0> <II = 1> <Delay = 1.82> <FuncUnit> <Opcode : 'add' 'sub'> <InPorts = 2> <OutPorts = 1>
ST_3 : Operation 44 [1/1] (1.82ns)   --->   "%add_ln203 = add i7 %sext_ln203, %zext_ln238_13" [./layer.h:238]   --->   Operation 44 'add' 'add_ln203' <Predicate = (!icmp_ln236)> <Delay = 1.82> <Core = "AddSub">   --->   Core 14 'AddSub' <Latency = 0> <II = 1> <Delay = 1.82> <FuncUnit> <Opcode : 'add' 'sub'> <InPorts = 2> <OutPorts = 1>
ST_3 : Operation 45 [1/1] (0.00ns)   --->   "%trunc_ln203 = trunc i7 %add_ln203 to i5" [./layer.h:238]   --->   Operation 45 'trunc' 'trunc_ln203' <Predicate = (!icmp_ln236)> <Delay = 0.00>
ST_3 : Operation 46 [1/1] (0.00ns)   --->   "%p_shl5_cast = call i9 @_ssdm_op_BitConcatenate.i9.i5.i4(i5 %trunc_ln203, i4 0)" [./layer.h:238]   --->   Operation 46 'bitconcatenate' 'p_shl5_cast' <Predicate = (!icmp_ln236)> <Delay = 0.00>
ST_3 : Operation 47 [1/1] (0.00ns)   --->   "%p_shl6_cast = call i9 @_ssdm_op_BitConcatenate.i9.i7.i2(i7 %add_ln203, i2 0)" [./layer.h:238]   --->   Operation 47 'bitconcatenate' 'p_shl6_cast' <Predicate = (!icmp_ln236)> <Delay = 0.00>
ST_3 : Operation 48 [1/1] (1.82ns)   --->   "%sub_ln203_5 = sub i9 %p_shl5_cast, %p_shl6_cast" [./layer.h:238]   --->   Operation 48 'sub' 'sub_ln203_5' <Predicate = (!icmp_ln236)> <Delay = 1.82> <Core = "AddSub">   --->   Core 14 'AddSub' <Latency = 0> <II = 1> <Delay = 1.82> <FuncUnit> <Opcode : 'add' 'sub'> <InPorts = 2> <OutPorts = 1>
ST_3 : Operation 49 [1/1] (1.13ns)   --->   "%icmp_ln238 = icmp eq i3 %j_0, -3" [./layer.h:238]   --->   Operation 49 'icmp' 'icmp_ln238' <Predicate = (!icmp_ln236)> <Delay = 1.13> <Core = "Cmp">   --->   Core 25 'Cmp' <Latency = 0> <II = 1> <Delay = 1.30> <FuncUnit> <Opcode : 'icmp'> <InPorts = 2> <OutPorts = 1>
ST_3 : Operation 50 [1/1] (1.76ns)   --->   "br label %3" [./layer.h:237]   --->   Operation 50 'br' <Predicate = (!icmp_ln236)> <Delay = 1.76>
ST_3 : Operation 51 [1/1] (0.00ns)   --->   "%empty_109 = call i32 (...)* @_ssdm_op_SpecRegionEnd([20 x i8]* @p_str1822, i32 %tmp)" [./layer.h:238]   --->   Operation 51 'specregionend' 'empty_109' <Predicate = (icmp_ln236)> <Delay = 0.00>
ST_3 : Operation 52 [1/1] (0.00ns)   --->   "br label %1" [./layer.h:235]   --->   Operation 52 'br' <Predicate = (icmp_ln236)> <Delay = 0.00>

State 4 <SV = 3> <Delay = 5.16>
ST_4 : Operation 53 [1/1] (0.00ns)   --->   "%k_0 = phi i4 [ 0, %CACHE_UPDATE_LOOP_2_begin ], [ %k, %_ifconv ]"   --->   Operation 53 'phi' 'k_0' <Predicate = true> <Delay = 0.00>
ST_4 : Operation 54 [1/1] (1.30ns)   --->   "%icmp_ln237 = icmp eq i4 %k_0, -4" [./layer.h:237]   --->   Operation 54 'icmp' 'icmp_ln237' <Predicate = true> <Delay = 1.30> <Core = "Cmp">   --->   Core 25 'Cmp' <Latency = 0> <II = 1> <Delay = 1.30> <FuncUnit> <Opcode : 'icmp'> <InPorts = 2> <OutPorts = 1>
ST_4 : Operation 55 [1/1] (0.00ns)   --->   "%empty_107 = call i32 (...)* @_ssdm_op_SpecLoopTripCount(i64 12, i64 12, i64 12)"   --->   Operation 55 'speclooptripcount' 'empty_107' <Predicate = true> <Delay = 0.00>
ST_4 : Operation 56 [1/1] (1.73ns)   --->   "%k = add i4 %k_0, 1" [./layer.h:237]   --->   Operation 56 'add' 'k' <Predicate = true> <Delay = 1.73> <Core = "AddSub">   --->   Core 14 'AddSub' <Latency = 0> <II = 1> <Delay = 1.82> <FuncUnit> <Opcode : 'add' 'sub'> <InPorts = 2> <OutPorts = 1>
ST_4 : Operation 57 [1/1] (0.00ns)   --->   "br i1 %icmp_ln237, label %CACHE_UPDATE_LOOP_2_end, label %_ifconv" [./layer.h:237]   --->   Operation 57 'br' <Predicate = true> <Delay = 0.00>
ST_4 : Operation 58 [1/1] (0.00ns)   --->   "%zext_ln238_16 = zext i4 %k_0 to i6" [./layer.h:238]   --->   Operation 58 'zext' 'zext_ln238_16' <Predicate = (!icmp_ln237 & icmp_ln238)> <Delay = 0.00>
ST_4 : Operation 59 [1/1] (0.00ns)   --->   "%zext_ln238_17 = zext i4 %k_0 to i9" [./layer.h:238]   --->   Operation 59 'zext' 'zext_ln238_17' <Predicate = (!icmp_ln237)> <Delay = 0.00>
ST_4 : Operation 60 [1/1] (0.00ns)   --->   "%zext_ln238_18 = zext i4 %k_0 to i8" [./layer.h:238]   --->   Operation 60 'zext' 'zext_ln238_18' <Predicate = (!icmp_ln237 & !icmp_ln238)> <Delay = 0.00>
ST_4 : Operation 61 [1/1] (1.91ns)   --->   "%add_ln238_5 = add i8 %sub_ln238_2, %zext_ln238_18" [./layer.h:238]   --->   Operation 61 'add' 'add_ln238_5' <Predicate = (!icmp_ln237 & !icmp_ln238)> <Delay = 1.91> <Core = "AddSub">   --->   Core 14 'AddSub' <Latency = 0> <II = 1> <Delay = 1.82> <FuncUnit> <Opcode : 'add' 'sub'> <InPorts = 2> <OutPorts = 1>
ST_4 : Operation 62 [1/1] (0.00ns)   --->   "%zext_ln238_19 = zext i8 %add_ln238_5 to i64" [./layer.h:238]   --->   Operation 62 'zext' 'zext_ln238_19' <Predicate = (!icmp_ln237 & !icmp_ln238)> <Delay = 0.00>
ST_4 : Operation 63 [1/1] (0.00ns)   --->   "%k_cache_V_addr = getelementptr [120 x i20]* @k_cache_V, i64 0, i64 %zext_ln238_19" [./layer.h:238]   --->   Operation 63 'getelementptr' 'k_cache_V_addr' <Predicate = (!icmp_ln237 & !icmp_ln238)> <Delay = 0.00>
ST_4 : Operation 64 [1/1] (1.82ns)   --->   "%add_ln203_5 = add i9 %sub_ln203_5, %zext_ln238_17" [./layer.h:238]   --->   Operation 64 'add' 'add_ln203_5' <Predicate = (!icmp_ln237)> <Delay = 1.82> <Core = "AddSub">   --->   Core 14 'AddSub' <Latency = 0> <II = 1> <Delay = 1.82> <FuncUnit> <Opcode : 'add' 'sub'> <InPorts = 2> <OutPorts = 1>
ST_4 : Operation 65 [1/1] (1.82ns)   --->   "%add_ln238_6 = add i6 %sub_ln238, %zext_ln238_16" [./layer.h:238]   --->   Operation 65 'add' 'add_ln238_6' <Predicate = (!icmp_ln237 & icmp_ln238)> <Delay = 1.82> <Core = "AddSub">   --->   Core 14 'AddSub' <Latency = 0> <II = 1> <Delay = 1.82> <FuncUnit> <Opcode : 'add' 'sub'> <InPorts = 2> <OutPorts = 1>
ST_4 : Operation 66 [1/1] (0.00ns)   --->   "%sext_ln238 = sext i6 %add_ln238_6 to i64" [./layer.h:238]   --->   Operation 66 'sext' 'sext_ln238' <Predicate = (!icmp_ln237 & icmp_ln238)> <Delay = 0.00>
ST_4 : Operation 67 [1/1] (0.00ns)   --->   "%update_0_V_addr = getelementptr [24 x i40]* %update_0_V, i64 0, i64 %sext_ln238" [./layer.h:238]   --->   Operation 67 'getelementptr' 'update_0_V_addr' <Predicate = (!icmp_ln237 & icmp_ln238)> <Delay = 0.00>
ST_4 : Operation 68 [2/2] (2.32ns)   --->   "%update_0_V_load = load i40* %update_0_V_addr, align 8" [./layer.h:238]   --->   Operation 68 'load' 'update_0_V_load' <Predicate = (!icmp_ln237 & icmp_ln238)> <Delay = 2.32> <Core = "RAM">   --->   Core 37 'RAM' <Latency = 1> <II = 1> <Delay = 3.25> <Storage> <Opcode : 'load' 'store'> <Ports = 2> <Width = 40> <Depth = 144> <RAM>
ST_4 : Operation 69 [2/2] (3.25ns)   --->   "%k_cache_V_load = load i20* %k_cache_V_addr, align 4" [./layer.h:238]   --->   Operation 69 'load' 'k_cache_V_load' <Predicate = (!icmp_ln237 & !icmp_ln238)> <Delay = 3.25> <Core = "ROM_nP">   --->   Core 52 'ROM_nP' <Latency = 1> <II = 1> <Delay = 3.25> <Storage> <Opcode : 'load'> <Ports = 0> <Width = 20> <Depth = 120> <ROM>
ST_4 : Operation 70 [1/1] (0.00ns)   --->   "%empty_108 = call i32 (...)* @_ssdm_op_SpecRegionEnd([20 x i8]* @p_str1823, i32 %tmp_s)" [./layer.h:238]   --->   Operation 70 'specregionend' 'empty_108' <Predicate = (icmp_ln237)> <Delay = 0.00>
ST_4 : Operation 71 [1/1] (0.00ns)   --->   "br label %2" [./layer.h:236]   --->   Operation 71 'br' <Predicate = (icmp_ln237)> <Delay = 0.00>

State 5 <SV = 4> <Delay = 8.06>
ST_5 : Operation 72 [1/1] (0.00ns)   --->   "call void (...)* @_ssdm_op_SpecLoopName([20 x i8]* @p_str1824) nounwind" [./layer.h:238]   --->   Operation 72 'specloopname' <Predicate = true> <Delay = 0.00>
ST_5 : Operation 73 [1/1] (0.00ns)   --->   "%zext_ln203_13 = zext i9 %add_ln203_5 to i64" [./layer.h:238]   --->   Operation 73 'zext' 'zext_ln203_13' <Predicate = true> <Delay = 0.00>
ST_5 : Operation 74 [1/1] (0.00ns)   --->   "%cache_out_V_addr = getelementptr [144 x i40]* %cache_out_V, i64 0, i64 %zext_ln203_13" [./layer.h:238]   --->   Operation 74 'getelementptr' 'cache_out_V_addr' <Predicate = true> <Delay = 0.00>
ST_5 : Operation 75 [1/2] (2.32ns)   --->   "%update_0_V_load = load i40* %update_0_V_addr, align 8" [./layer.h:238]   --->   Operation 75 'load' 'update_0_V_load' <Predicate = (icmp_ln238)> <Delay = 2.32> <Core = "RAM">   --->   Core 37 'RAM' <Latency = 1> <II = 1> <Delay = 3.25> <Storage> <Opcode : 'load' 'store'> <Ports = 2> <Width = 40> <Depth = 144> <RAM>
ST_5 : Operation 76 [1/2] (3.25ns)   --->   "%k_cache_V_load = load i20* %k_cache_V_addr, align 4" [./layer.h:238]   --->   Operation 76 'load' 'k_cache_V_load' <Predicate = (!icmp_ln238)> <Delay = 3.25> <Core = "ROM_nP">   --->   Core 52 'ROM_nP' <Latency = 1> <II = 1> <Delay = 3.25> <Storage> <Opcode : 'load'> <Ports = 0> <Width = 20> <Depth = 120> <ROM>
ST_5 : Operation 77 [1/1] (0.00ns)   --->   "%sext_ln203_3 = sext i20 %k_cache_V_load to i40" [./layer.h:238]   --->   Operation 77 'sext' 'sext_ln203_3' <Predicate = (!icmp_ln238)> <Delay = 0.00>
ST_5 : Operation 78 [1/1] (1.56ns)   --->   "%select_ln238 = select i1 %icmp_ln238, i40 %update_0_V_load, i40 %sext_ln203_3" [./layer.h:238]   --->   Operation 78 'select' 'select_ln238' <Predicate = true> <Delay = 1.56> <Core = "Sel">   --->   Core 26 'Sel' <Latency = 0> <II = 1> <Delay = 1.56> <FuncUnit> <Opcode : 'select'> <InPorts = 3> <OutPorts = 1>
ST_5 : Operation 79 [1/1] (3.25ns)   --->   "store i40 %select_ln238, i40* %cache_out_V_addr, align 8" [./layer.h:238]   --->   Operation 79 'store' <Predicate = true> <Delay = 3.25> <Core = "RAM">   --->   Core 37 'RAM' <Latency = 1> <II = 1> <Delay = 3.25> <Storage> <Opcode : 'load' 'store'> <Ports = 2> <Width = 40> <Depth = 144> <RAM>
ST_5 : Operation 80 [1/1] (0.00ns)   --->   "br label %3" [./layer.h:237]   --->   Operation 80 'br' <Predicate = true> <Delay = 0.00>


============================================================
+ Verbose Summary: Binding
============================================================
STG Binding: 
---------------- STG Properties BEGIN ----------------
- Is combinational: 0
- Is one-state seq: 0
- Is datapath-only: 0
- Is pipelined: 0
- Is top level: 0
Port [ Return ] is wired: 1; IO mode=ap_ctrl_hs:ce=0
Port [ cache_out_V]:  wired=1; compound=1; hidden=0; nouse=0; global=0; static=0; extern=0; dir=1; type=1; pingpong=0; private_global=0; MemPort=[03]; IO mode=ap_memory:ce=0
Port [ update_0_V]:  wired=1; compound=1; hidden=0; nouse=0; global=0; static=0; extern=0; dir=0; type=1; pingpong=0; private_global=0; MemPort=[13]; IO mode=ap_memory:ce=0
Port [ k_cache_V]:  wired=0; compound=1; hidden=1; nouse=0; global=1; static=1; extern=0; dir=0; type=1; pingpong=0; private_global=1; linkage=7; visibility=0; MemPort=[1]; IO mode=ap_memory:ce=0
---------------- STG Properties END ------------------

---------------- Datapath Model BEGIN ----------------

<LifeTime>
<method=bitvector/>
br_ln235           (br               ) [ 011111]
i_0                (phi              ) [ 001000]
icmp_ln235         (icmp             ) [ 001111]
empty              (speclooptripcount) [ 000000]
i                  (add              ) [ 011111]
br_ln235           (br               ) [ 000000]
specloopname_ln236 (specloopname     ) [ 000000]
tmp                (specregionbegin  ) [ 000111]
zext_ln238         (zext             ) [ 000000]
tmp_64             (bitconcatenate   ) [ 000000]
zext_ln238_11      (zext             ) [ 000000]
zext_ln238_12      (zext             ) [ 000000]
add_ln238          (add              ) [ 000111]
tmp_65             (bitconcatenate   ) [ 000000]
zext_ln203         (zext             ) [ 000000]
tmp_66             (bitconcatenate   ) [ 000000]
zext_ln203_12      (zext             ) [ 000000]
sub_ln203          (sub              ) [ 000000]
sext_ln203         (sext             ) [ 000111]
tmp_67             (bitconcatenate   ) [ 000000]
sub_ln238          (sub              ) [ 000111]
br_ln236           (br               ) [ 001111]
ret_ln239          (ret              ) [ 000000]
j_0                (phi              ) [ 000100]
icmp_ln236         (icmp             ) [ 001111]
empty_106          (speclooptripcount) [ 000000]
j                  (add              ) [ 001111]
br_ln236           (br               ) [ 000000]
specloopname_ln237 (specloopname     ) [ 000000]
tmp_s              (specregionbegin  ) [ 000011]
zext_ln238_13      (zext             ) [ 000000]
zext_ln238_14      (zext             ) [ 000000]
add_ln238_4        (add              ) [ 000000]
trunc_ln238        (trunc            ) [ 000000]
p_shl7_cast        (bitconcatenate   ) [ 000000]
tmp_79             (bitconcatenate   ) [ 000000]
zext_ln238_15      (zext             ) [ 000000]
sub_ln238_2        (sub              ) [ 000011]
add_ln203          (add              ) [ 000000]
trunc_ln203        (trunc            ) [ 000000]
p_shl5_cast        (bitconcatenate   ) [ 000000]
p_shl6_cast        (bitconcatenate   ) [ 000000]
sub_ln203_5        (sub              ) [ 000011]
icmp_ln238         (icmp             ) [ 000011]
br_ln237           (br               ) [ 001111]
empty_109          (specregionend    ) [ 000000]
br_ln235           (br               ) [ 011111]
k_0                (phi              ) [ 000010]
icmp_ln237         (icmp             ) [ 001111]
empty_107          (speclooptripcount) [ 000000]
k                  (add              ) [ 001111]
br_ln237           (br               ) [ 000000]
zext_ln238_16      (zext             ) [ 000000]
zext_ln238_17      (zext             ) [ 000000]
zext_ln238_18      (zext             ) [ 000000]
add_ln238_5        (add              ) [ 000000]
zext_ln238_19      (zext             ) [ 000000]
k_cache_V_addr     (getelementptr    ) [ 000001]
add_ln203_5        (add              ) [ 000001]
add_ln238_6        (add              ) [ 000000]
sext_ln238         (sext             ) [ 000000]
update_0_V_addr    (getelementptr    ) [ 000001]
empty_108          (specregionend    ) [ 000000]
br_ln236           (br               ) [ 001111]
specloopname_ln238 (specloopname     ) [ 000000]
zext_ln203_13      (zext             ) [ 000000]
cache_out_V_addr   (getelementptr    ) [ 000000]
update_0_V_load    (load             ) [ 000000]
k_cache_V_load     (load             ) [ 000000]
sext_ln203_3       (sext             ) [ 000000]
select_ln238       (select           ) [ 000000]
store_ln238        (store            ) [ 000000]
br_ln237           (br               ) [ 001111]
</LifeTime>

<model>

<comp_list>
<comp id="0" class="1000" name="cache_out_V">
<pin_list>
<pin id="1" dir="1" index="0" bw="1" slack="0"/>
</pin_list>
<bind>
<StgValue><ssdm name="cache_out_V"/><MemPortTyVec>0 3 </MemPortTyVec>
</StgValue>
</bind>
</comp>

<comp id="2" class="1000" name="update_0_V">
<pin_list>
<pin id="3" dir="1" index="0" bw="1" slack="0"/>
</pin_list>
<bind>
<StgValue><ssdm name="update_0_V"/><MemPortTyVec>1 3 </MemPortTyVec>
</StgValue>
</bind>
</comp>

<comp id="4" class="1000" name="k_cache_V">
<pin_list>
<pin id="5" dir="1" index="0" bw="1" slack="0"/>
</pin_list>
<bind>
<StgValue><ssdm name="k_cache_V"/><MemPortTyVec>1 </MemPortTyVec>
</StgValue>
</bind>
</comp>

<comp id="6" class="1001" name="const_6">
<pin_list>
<pin id="7" dir="1" index="0" bw="1" slack="0"/>
</pin_list>
<bind>
<StgValue><ssdm name=""/></StgValue>
</bind>
</comp>

<comp id="8" class="1001" name="const_8">
<pin_list>
<pin id="9" dir="1" index="0" bw="1" slack="0"/>
</pin_list>
<bind>
<StgValue><ssdm name=""/></StgValue>
</bind>
</comp>

<comp id="10" class="1001" name="const_10">
<pin_list>
<pin id="11" dir="1" index="0" bw="1" slack="2147483647"/>
</pin_list>
<bind>
<StgValue><ssdm name="_ssdm_op_SpecLoopTripCount"/></StgValue>
</bind>
</comp>

<comp id="12" class="1001" name="const_12">
<pin_list>
<pin id="13" dir="1" index="0" bw="1" slack="2147483647"/>
</pin_list>
<bind>
<StgValue><ssdm name=""/></StgValue>
</bind>
</comp>

<comp id="14" class="1001" name="const_14">
<pin_list>
<pin id="15" dir="1" index="0" bw="1" slack="0"/>
</pin_list>
<bind>
<StgValue><ssdm name=""/></StgValue>
</bind>
</comp>

<comp id="16" class="1001" name="const_16">
<pin_list>
<pin id="17" dir="1" index="0" bw="1" slack="2147483647"/>
</pin_list>
<bind>
<StgValue><ssdm name="_ssdm_op_SpecLoopName"/></StgValue>
</bind>
</comp>

<comp id="18" class="1001" name="const_18">
<pin_list>
<pin id="19" dir="1" index="0" bw="1" slack="2147483647"/>
</pin_list>
<bind>
<StgValue><ssdm name="p_str1822"/></StgValue>
</bind>
</comp>

<comp id="20" class="1001" name="const_20">
<pin_list>
<pin id="21" dir="1" index="0" bw="1" slack="2147483647"/>
</pin_list>
<bind>
<StgValue><ssdm name="_ssdm_op_SpecRegionBegin"/></StgValue>
</bind>
</comp>

<comp id="22" class="1001" name="const_22">
<pin_list>
<pin id="23" dir="1" index="0" bw="1" slack="0"/>
</pin_list>
<bind>
<StgValue><ssdm name="_ssdm_op_BitConcatenate.i4.i2.i2"/></StgValue>
</bind>
</comp>

<comp id="24" class="1001" name="const_24">
<pin_list>
<pin id="25" dir="1" index="0" bw="1" slack="0"/>
</pin_list>
<bind>
<StgValue><ssdm name="_ssdm_op_BitConcatenate.i5.i2.i3"/></StgValue>
</bind>
</comp>

<comp id="26" class="1001" name="const_26">
<pin_list>
<pin id="27" dir="1" index="0" bw="1" slack="0"/>
</pin_list>
<bind>
<StgValue><ssdm name=""/></StgValue>
</bind>
</comp>

<comp id="28" class="1001" name="const_28">
<pin_list>
<pin id="29" dir="1" index="0" bw="1" slack="0"/>
</pin_list>
<bind>
<StgValue><ssdm name="_ssdm_op_BitConcatenate.i3.i2.i1"/></StgValue>
</bind>
</comp>

<comp id="30" class="1001" name="const_30">
<pin_list>
<pin id="31" dir="1" index="0" bw="1" slack="0"/>
</pin_list>
<bind>
<StgValue><ssdm name=""/></StgValue>
</bind>
</comp>

<comp id="32" class="1001" name="const_32">
<pin_list>
<pin id="33" dir="1" index="0" bw="1" slack="0"/>
</pin_list>
<bind>
<StgValue><ssdm name="_ssdm_op_BitConcatenate.i6.i2.i4"/></StgValue>
</bind>
</comp>

<comp id="34" class="1001" name="const_34">
<pin_list>
<pin id="35" dir="1" index="0" bw="1" slack="0"/>
</pin_list>
<bind>
<StgValue><ssdm name=""/></StgValue>
</bind>
</comp>

<comp id="36" class="1001" name="const_36">
<pin_list>
<pin id="37" dir="1" index="0" bw="1" slack="0"/>
</pin_list>
<bind>
<StgValue><ssdm name=""/></StgValue>
</bind>
</comp>

<comp id="38" class="1001" name="const_38">
<pin_list>
<pin id="39" dir="1" index="0" bw="1" slack="2147483647"/>
</pin_list>
<bind>
<StgValue><ssdm name=""/></StgValue>
</bind>
</comp>

<comp id="40" class="1001" name="const_40">
<pin_list>
<pin id="41" dir="1" index="0" bw="1" slack="0"/>
</pin_list>
<bind>
<StgValue><ssdm name=""/></StgValue>
</bind>
</comp>

<comp id="42" class="1001" name="const_42">
<pin_list>
<pin id="43" dir="1" index="0" bw="1" slack="2147483647"/>
</pin_list>
<bind>
<StgValue><ssdm name="p_str1823"/></StgValue>
</bind>
</comp>

<comp id="44" class="1001" name="const_44">
<pin_list>
<pin id="45" dir="1" index="0" bw="1" slack="0"/>
</pin_list>
<bind>
<StgValue><ssdm name="_ssdm_op_BitConcatenate.i8.i4.i4"/></StgValue>
</bind>
</comp>

<comp id="46" class="1001" name="const_46">
<pin_list>
<pin id="47" dir="1" index="0" bw="1" slack="0"/>
</pin_list>
<bind>
<StgValue><ssdm name="_ssdm_op_BitConcatenate.i7.i5.i2"/></StgValue>
</bind>
</comp>

<comp id="48" class="1001" name="const_48">
<pin_list>
<pin id="49" dir="1" index="0" bw="1" slack="0"/>
</pin_list>
<bind>
<StgValue><ssdm name="_ssdm_op_BitConcatenate.i9.i5.i4"/></StgValue>
</bind>
</comp>

<comp id="50" class="1001" name="const_50">
<pin_list>
<pin id="51" dir="1" index="0" bw="1" slack="0"/>
</pin_list>
<bind>
<StgValue><ssdm name="_ssdm_op_BitConcatenate.i9.i7.i2"/></StgValue>
</bind>
</comp>

<comp id="52" class="1001" name="const_52">
<pin_list>
<pin id="53" dir="1" index="0" bw="1" slack="0"/>
</pin_list>
<bind>
<StgValue><ssdm name=""/></StgValue>
</bind>
</comp>

<comp id="54" class="1001" name="const_54">
<pin_list>
<pin id="55" dir="1" index="0" bw="1" slack="2147483647"/>
</pin_list>
<bind>
<StgValue><ssdm name="_ssdm_op_SpecRegionEnd"/></StgValue>
</bind>
</comp>

<comp id="56" class="1001" name="const_56">
<pin_list>
<pin id="57" dir="1" index="0" bw="1" slack="0"/>
</pin_list>
<bind>
<StgValue><ssdm name=""/></StgValue>
</bind>
</comp>

<comp id="58" class="1001" name="const_58">
<pin_list>
<pin id="59" dir="1" index="0" bw="1" slack="2147483647"/>
</pin_list>
<bind>
<StgValue><ssdm name=""/></StgValue>
</bind>
</comp>

<comp id="60" class="1001" name="const_60">
<pin_list>
<pin id="61" dir="1" index="0" bw="1" slack="0"/>
</pin_list>
<bind>
<StgValue><ssdm name=""/></StgValue>
</bind>
</comp>

<comp id="62" class="1001" name="const_62">
<pin_list>
<pin id="63" dir="1" index="0" bw="1" slack="0"/>
</pin_list>
<bind>
<StgValue><ssdm name=""/></StgValue>
</bind>
</comp>

<comp id="64" class="1001" name="const_64">
<pin_list>
<pin id="65" dir="1" index="0" bw="1" slack="2147483647"/>
</pin_list>
<bind>
<StgValue><ssdm name="p_str1824"/></StgValue>
</bind>
</comp>

<comp id="66" class="1004" name="k_cache_V_addr_gep_fu_66">
<pin_list>
<pin id="67" dir="0" index="0" bw="20" slack="0"/>
<pin id="68" dir="0" index="1" bw="1" slack="0"/>
<pin id="69" dir="0" index="2" bw="8" slack="0"/>
<pin id="70" dir="1" index="3" bw="7" slack="0"/>
</pin_list>
<bind>
<opcode="getelementptr(29) " fcode="getelementptr"/>
<opset="k_cache_V_addr/4 "/>
</bind>
</comp>

<comp id="73" class="1004" name="update_0_V_addr_gep_fu_73">
<pin_list>
<pin id="74" dir="0" index="0" bw="40" slack="0"/>
<pin id="75" dir="0" index="1" bw="1" slack="0"/>
<pin id="76" dir="0" index="2" bw="6" slack="0"/>
<pin id="77" dir="1" index="3" bw="5" slack="0"/>
</pin_list>
<bind>
<opcode="getelementptr(29) " fcode="getelementptr"/>
<opset="update_0_V_addr/4 "/>
</bind>
</comp>

<comp id="80" class="1004" name="grp_access_fu_80">
<pin_list>
<pin id="81" dir="0" index="0" bw="5" slack="0"/>
<pin id="82" dir="0" index="1" bw="40" slack="2147483647"/>
<pin id="83" dir="0" index="2" bw="0" slack="2147483647"/>
<pin id="84" dir="1" index="3" bw="40" slack="0"/>
</pin_list>
<bind>
<opcode="load(27) " fcode="load"/>
<opset="update_0_V_load/4 "/>
</bind>
</comp>

<comp id="86" class="1004" name="grp_access_fu_86">
<pin_list>
<pin id="87" dir="0" index="0" bw="7" slack="0"/>
<pin id="88" dir="0" index="1" bw="20" slack="2147483647"/>
<pin id="89" dir="0" index="2" bw="0" slack="2147483647"/>
<pin id="90" dir="1" index="3" bw="20" slack="0"/>
</pin_list>
<bind>
<opcode="load(27) " fcode="load"/>
<opset="k_cache_V_load/4 "/>
</bind>
</comp>

<comp id="92" class="1004" name="cache_out_V_addr_gep_fu_92">
<pin_list>
<pin id="93" dir="0" index="0" bw="40" slack="0"/>
<pin id="94" dir="0" index="1" bw="1" slack="0"/>
<pin id="95" dir="0" index="2" bw="9" slack="0"/>
<pin id="96" dir="1" index="3" bw="8" slack="0"/>
</pin_list>
<bind>
<opcode="getelementptr(29) " fcode="getelementptr"/>
<opset="cache_out_V_addr/5 "/>
</bind>
</comp>

<comp id="99" class="1004" name="store_ln238_access_fu_99">
<pin_list>
<pin id="100" dir="0" index="0" bw="8" slack="0"/>
<pin id="101" dir="0" index="1" bw="40" slack="0"/>
<pin id="102" dir="0" index="2" bw="0" slack="2147483647"/>
<pin id="103" dir="1" index="3" bw="40" slack="2147483647"/>
</pin_list>
<bind>
<opcode="store(28) " fcode="store"/>
<opset="store_ln238/5 "/>
</bind>
</comp>

<comp id="105" class="1005" name="i_0_reg_105">
<pin_list>
<pin id="106" dir="0" index="0" bw="2" slack="1"/>
<pin id="107" dir="1" index="1" bw="2" slack="1"/>
</pin_list>
<bind>
<opset="i_0 (phireg) "/>
</bind>
</comp>

<comp id="109" class="1004" name="i_0_phi_fu_109">
<pin_list>
<pin id="110" dir="0" index="0" bw="1" slack="1"/>
<pin id="111" dir="0" index="1" bw="0" slack="2147483647"/>
<pin id="112" dir="0" index="2" bw="2" slack="0"/>
<pin id="113" dir="0" index="3" bw="0" slack="2147483647"/>
<pin id="114" dir="1" index="4" bw="2" slack="0"/>
</pin_list>
<bind>
<opcode="phi(47) " fcode="phi"/>
<opset="i_0/2 "/>
</bind>
</comp>

<comp id="116" class="1005" name="j_0_reg_116">
<pin_list>
<pin id="117" dir="0" index="0" bw="3" slack="1"/>
<pin id="118" dir="1" index="1" bw="3" slack="1"/>
</pin_list>
<bind>
<opset="j_0 (phireg) "/>
</bind>
</comp>

<comp id="120" class="1004" name="j_0_phi_fu_120">
<pin_list>
<pin id="121" dir="0" index="0" bw="1" slack="1"/>
<pin id="122" dir="0" index="1" bw="0" slack="2147483647"/>
<pin id="123" dir="0" index="2" bw="3" slack="0"/>
<pin id="124" dir="0" index="3" bw="0" slack="2147483647"/>
<pin id="125" dir="1" index="4" bw="3" slack="0"/>
</pin_list>
<bind>
<opcode="phi(47) " fcode="phi"/>
<opset="j_0/3 "/>
</bind>
</comp>

<comp id="127" class="1005" name="k_0_reg_127">
<pin_list>
<pin id="128" dir="0" index="0" bw="4" slack="1"/>
<pin id="129" dir="1" index="1" bw="4" slack="1"/>
</pin_list>
<bind>
<opset="k_0 (phireg) "/>
</bind>
</comp>

<comp id="131" class="1004" name="k_0_phi_fu_131">
<pin_list>
<pin id="132" dir="0" index="0" bw="1" slack="1"/>
<pin id="133" dir="0" index="1" bw="0" slack="2147483647"/>
<pin id="134" dir="0" index="2" bw="4" slack="0"/>
<pin id="135" dir="0" index="3" bw="0" slack="2147483647"/>
<pin id="136" dir="1" index="4" bw="4" slack="0"/>
</pin_list>
<bind>
<opcode="phi(47) " fcode="phi"/>
<opset="k_0/4 "/>
</bind>
</comp>

<comp id="138" class="1004" name="icmp_ln235_fu_138">
<pin_list>
<pin id="139" dir="0" index="0" bw="2" slack="0"/>
<pin id="140" dir="0" index="1" bw="2" slack="0"/>
<pin id="141" dir="1" index="2" bw="1" slack="2147483647"/>
</pin_list>
<bind>
<opcode="icmp(45) " fcode="icmp"/>
<opset="icmp_ln235/2 "/>
</bind>
</comp>

<comp id="144" class="1004" name="i_fu_144">
<pin_list>
<pin id="145" dir="0" index="0" bw="2" slack="0"/>
<pin id="146" dir="0" index="1" bw="1" slack="0"/>
<pin id="147" dir="1" index="2" bw="2" slack="0"/>
</pin_list>
<bind>
<opcode="add(8) " fcode="add"/>
<opset="i/2 "/>
</bind>
</comp>

<comp id="150" class="1004" name="zext_ln238_fu_150">
<pin_list>
<pin id="151" dir="0" index="0" bw="2" slack="0"/>
<pin id="152" dir="1" index="1" bw="5" slack="0"/>
</pin_list>
<bind>
<opcode="zext(34) " fcode="zext"/>
<opset="zext_ln238/2 "/>
</bind>
</comp>

<comp id="154" class="1004" name="tmp_64_fu_154">
<pin_list>
<pin id="155" dir="0" index="0" bw="4" slack="0"/>
<pin id="156" dir="0" index="1" bw="2" slack="0"/>
<pin id="157" dir="0" index="2" bw="1" slack="0"/>
<pin id="158" dir="1" index="3" bw="4" slack="0"/>
</pin_list>
<bind>
<opcode="bitconcatenate(1004) " fcode="bitconcatenate"/>
<opset="tmp_64/2 "/>
</bind>
</comp>

<comp id="162" class="1004" name="zext_ln238_11_fu_162">
<pin_list>
<pin id="163" dir="0" index="0" bw="4" slack="0"/>
<pin id="164" dir="1" index="1" bw="5" slack="0"/>
</pin_list>
<bind>
<opcode="zext(34) " fcode="zext"/>
<opset="zext_ln238_11/2 "/>
</bind>
</comp>

<comp id="166" class="1004" name="zext_ln238_12_fu_166">
<pin_list>
<pin id="167" dir="0" index="0" bw="4" slack="0"/>
<pin id="168" dir="1" index="1" bw="6" slack="0"/>
</pin_list>
<bind>
<opcode="zext(34) " fcode="zext"/>
<opset="zext_ln238_12/2 "/>
</bind>
</comp>

<comp id="170" class="1004" name="add_ln238_fu_170">
<pin_list>
<pin id="171" dir="0" index="0" bw="2" slack="0"/>
<pin id="172" dir="0" index="1" bw="4" slack="0"/>
<pin id="173" dir="1" index="2" bw="5" slack="1"/>
</pin_list>
<bind>
<opcode="add(8) " fcode="add"/>
<opset="add_ln238/2 "/>
</bind>
</comp>

<comp id="176" class="1004" name="tmp_65_fu_176">
<pin_list>
<pin id="177" dir="0" index="0" bw="5" slack="0"/>
<pin id="178" dir="0" index="1" bw="2" slack="0"/>
<pin id="179" dir="0" index="2" bw="1" slack="0"/>
<pin id="180" dir="1" index="3" bw="5" slack="0"/>
</pin_list>
<bind>
<opcode="bitconcatenate(1004) " fcode="bitconcatenate"/>
<opset="tmp_65/2 "/>
</bind>
</comp>

<comp id="184" class="1004" name="zext_ln203_fu_184">
<pin_list>
<pin id="185" dir="0" index="0" bw="5" slack="0"/>
<pin id="186" dir="1" index="1" bw="6" slack="0"/>
</pin_list>
<bind>
<opcode="zext(34) " fcode="zext"/>
<opset="zext_ln203/2 "/>
</bind>
</comp>

<comp id="188" class="1004" name="tmp_66_fu_188">
<pin_list>
<pin id="189" dir="0" index="0" bw="3" slack="0"/>
<pin id="190" dir="0" index="1" bw="2" slack="0"/>
<pin id="191" dir="0" index="2" bw="1" slack="0"/>
<pin id="192" dir="1" index="3" bw="3" slack="0"/>
</pin_list>
<bind>
<opcode="bitconcatenate(1004) " fcode="bitconcatenate"/>
<opset="tmp_66/2 "/>
</bind>
</comp>

<comp id="196" class="1004" name="zext_ln203_12_fu_196">
<pin_list>
<pin id="197" dir="0" index="0" bw="3" slack="0"/>
<pin id="198" dir="1" index="1" bw="6" slack="0"/>
</pin_list>
<bind>
<opcode="zext(34) " fcode="zext"/>
<opset="zext_ln203_12/2 "/>
</bind>
</comp>

<comp id="200" class="1004" name="sub_ln203_fu_200">
<pin_list>
<pin id="201" dir="0" index="0" bw="5" slack="0"/>
<pin id="202" dir="0" index="1" bw="3" slack="0"/>
<pin id="203" dir="1" index="2" bw="6" slack="0"/>
</pin_list>
<bind>
<opcode="sub(10) " fcode="sub"/>
<opset="sub_ln203/2 "/>
</bind>
</comp>

<comp id="206" class="1004" name="sext_ln203_fu_206">
<pin_list>
<pin id="207" dir="0" index="0" bw="6" slack="0"/>
<pin id="208" dir="1" index="1" bw="7" slack="1"/>
</pin_list>
<bind>
<opcode="sext(35) " fcode="sext"/>
<opset="sext_ln203/2 "/>
</bind>
</comp>

<comp id="210" class="1004" name="tmp_67_fu_210">
<pin_list>
<pin id="211" dir="0" index="0" bw="6" slack="0"/>
<pin id="212" dir="0" index="1" bw="2" slack="0"/>
<pin id="213" dir="0" index="2" bw="1" slack="0"/>
<pin id="214" dir="1" index="3" bw="6" slack="0"/>
</pin_list>
<bind>
<opcode="bitconcatenate(1004) " fcode="bitconcatenate"/>
<opset="tmp_67/2 "/>
</bind>
</comp>

<comp id="218" class="1004" name="sub_ln238_fu_218">
<pin_list>
<pin id="219" dir="0" index="0" bw="6" slack="0"/>
<pin id="220" dir="0" index="1" bw="4" slack="0"/>
<pin id="221" dir="1" index="2" bw="6" slack="2"/>
</pin_list>
<bind>
<opcode="sub(10) " fcode="sub"/>
<opset="sub_ln238/2 "/>
</bind>
</comp>

<comp id="224" class="1004" name="icmp_ln236_fu_224">
<pin_list>
<pin id="225" dir="0" index="0" bw="3" slack="0"/>
<pin id="226" dir="0" index="1" bw="2" slack="0"/>
<pin id="227" dir="1" index="2" bw="1" slack="2147483647"/>
</pin_list>
<bind>
<opcode="icmp(45) " fcode="icmp"/>
<opset="icmp_ln236/3 "/>
</bind>
</comp>

<comp id="230" class="1004" name="j_fu_230">
<pin_list>
<pin id="231" dir="0" index="0" bw="3" slack="0"/>
<pin id="232" dir="0" index="1" bw="1" slack="0"/>
<pin id="233" dir="1" index="2" bw="3" slack="0"/>
</pin_list>
<bind>
<opcode="add(8) " fcode="add"/>
<opset="j/3 "/>
</bind>
</comp>

<comp id="236" class="1004" name="zext_ln238_13_fu_236">
<pin_list>
<pin id="237" dir="0" index="0" bw="3" slack="0"/>
<pin id="238" dir="1" index="1" bw="7" slack="0"/>
</pin_list>
<bind>
<opcode="zext(34) " fcode="zext"/>
<opset="zext_ln238_13/3 "/>
</bind>
</comp>

<comp id="240" class="1004" name="zext_ln238_14_fu_240">
<pin_list>
<pin id="241" dir="0" index="0" bw="3" slack="0"/>
<pin id="242" dir="1" index="1" bw="5" slack="0"/>
</pin_list>
<bind>
<opcode="zext(34) " fcode="zext"/>
<opset="zext_ln238_14/3 "/>
</bind>
</comp>

<comp id="244" class="1004" name="add_ln238_4_fu_244">
<pin_list>
<pin id="245" dir="0" index="0" bw="5" slack="1"/>
<pin id="246" dir="0" index="1" bw="3" slack="0"/>
<pin id="247" dir="1" index="2" bw="5" slack="0"/>
</pin_list>
<bind>
<opcode="add(8) " fcode="add"/>
<opset="add_ln238_4/3 "/>
</bind>
</comp>

<comp id="249" class="1004" name="trunc_ln238_fu_249">
<pin_list>
<pin id="250" dir="0" index="0" bw="5" slack="0"/>
<pin id="251" dir="1" index="1" bw="4" slack="0"/>
</pin_list>
<bind>
<opcode="trunc(33) " fcode="trunc"/>
<opset="trunc_ln238/3 "/>
</bind>
</comp>

<comp id="253" class="1004" name="p_shl7_cast_fu_253">
<pin_list>
<pin id="254" dir="0" index="0" bw="8" slack="0"/>
<pin id="255" dir="0" index="1" bw="4" slack="0"/>
<pin id="256" dir="0" index="2" bw="1" slack="0"/>
<pin id="257" dir="1" index="3" bw="8" slack="0"/>
</pin_list>
<bind>
<opcode="bitconcatenate(1004) " fcode="bitconcatenate"/>
<opset="p_shl7_cast/3 "/>
</bind>
</comp>

<comp id="261" class="1004" name="tmp_79_fu_261">
<pin_list>
<pin id="262" dir="0" index="0" bw="7" slack="0"/>
<pin id="263" dir="0" index="1" bw="5" slack="0"/>
<pin id="264" dir="0" index="2" bw="1" slack="0"/>
<pin id="265" dir="1" index="3" bw="7" slack="0"/>
</pin_list>
<bind>
<opcode="bitconcatenate(1004) " fcode="bitconcatenate"/>
<opset="tmp_79/3 "/>
</bind>
</comp>

<comp id="269" class="1004" name="zext_ln238_15_fu_269">
<pin_list>
<pin id="270" dir="0" index="0" bw="7" slack="0"/>
<pin id="271" dir="1" index="1" bw="8" slack="0"/>
</pin_list>
<bind>
<opcode="zext(34) " fcode="zext"/>
<opset="zext_ln238_15/3 "/>
</bind>
</comp>

<comp id="273" class="1004" name="sub_ln238_2_fu_273">
<pin_list>
<pin id="274" dir="0" index="0" bw="8" slack="0"/>
<pin id="275" dir="0" index="1" bw="7" slack="0"/>
<pin id="276" dir="1" index="2" bw="8" slack="1"/>
</pin_list>
<bind>
<opcode="sub(10) " fcode="sub"/>
<opset="sub_ln238_2/3 "/>
</bind>
</comp>

<comp id="279" class="1004" name="add_ln203_fu_279">
<pin_list>
<pin id="280" dir="0" index="0" bw="6" slack="1"/>
<pin id="281" dir="0" index="1" bw="3" slack="0"/>
<pin id="282" dir="1" index="2" bw="7" slack="0"/>
</pin_list>
<bind>
<opcode="add(8) " fcode="add"/>
<opset="add_ln203/3 "/>
</bind>
</comp>

<comp id="284" class="1004" name="trunc_ln203_fu_284">
<pin_list>
<pin id="285" dir="0" index="0" bw="7" slack="0"/>
<pin id="286" dir="1" index="1" bw="5" slack="0"/>
</pin_list>
<bind>
<opcode="trunc(33) " fcode="trunc"/>
<opset="trunc_ln203/3 "/>
</bind>
</comp>

<comp id="288" class="1004" name="p_shl5_cast_fu_288">
<pin_list>
<pin id="289" dir="0" index="0" bw="9" slack="0"/>
<pin id="290" dir="0" index="1" bw="5" slack="0"/>
<pin id="291" dir="0" index="2" bw="1" slack="0"/>
<pin id="292" dir="1" index="3" bw="9" slack="0"/>
</pin_list>
<bind>
<opcode="bitconcatenate(1004) " fcode="bitconcatenate"/>
<opset="p_shl5_cast/3 "/>
</bind>
</comp>

<comp id="296" class="1004" name="p_shl6_cast_fu_296">
<pin_list>
<pin id="297" dir="0" index="0" bw="9" slack="0"/>
<pin id="298" dir="0" index="1" bw="7" slack="0"/>
<pin id="299" dir="0" index="2" bw="1" slack="0"/>
<pin id="300" dir="1" index="3" bw="9" slack="0"/>
</pin_list>
<bind>
<opcode="bitconcatenate(1004) " fcode="bitconcatenate"/>
<opset="p_shl6_cast/3 "/>
</bind>
</comp>

<comp id="304" class="1004" name="sub_ln203_5_fu_304">
<pin_list>
<pin id="305" dir="0" index="0" bw="9" slack="0"/>
<pin id="306" dir="0" index="1" bw="9" slack="0"/>
<pin id="307" dir="1" index="2" bw="9" slack="1"/>
</pin_list>
<bind>
<opcode="sub(10) " fcode="sub"/>
<opset="sub_ln203_5/3 "/>
</bind>
</comp>

<comp id="310" class="1004" name="icmp_ln238_fu_310">
<pin_list>
<pin id="311" dir="0" index="0" bw="3" slack="0"/>
<pin id="312" dir="0" index="1" bw="3" slack="0"/>
<pin id="313" dir="1" index="2" bw="1" slack="1"/>
</pin_list>
<bind>
<opcode="icmp(45) " fcode="icmp"/>
<opset="icmp_ln238/3 "/>
</bind>
</comp>

<comp id="316" class="1004" name="icmp_ln237_fu_316">
<pin_list>
<pin id="317" dir="0" index="0" bw="4" slack="0"/>
<pin id="318" dir="0" index="1" bw="3" slack="0"/>
<pin id="319" dir="1" index="2" bw="1" slack="2147483647"/>
</pin_list>
<bind>
<opcode="icmp(45) " fcode="icmp"/>
<opset="icmp_ln237/4 "/>
</bind>
</comp>

<comp id="322" class="1004" name="k_fu_322">
<pin_list>
<pin id="323" dir="0" index="0" bw="4" slack="0"/>
<pin id="324" dir="0" index="1" bw="1" slack="0"/>
<pin id="325" dir="1" index="2" bw="4" slack="0"/>
</pin_list>
<bind>
<opcode="add(8) " fcode="add"/>
<opset="k/4 "/>
</bind>
</comp>

<comp id="328" class="1004" name="zext_ln238_16_fu_328">
<pin_list>
<pin id="329" dir="0" index="0" bw="4" slack="0"/>
<pin id="330" dir="1" index="1" bw="6" slack="0"/>
</pin_list>
<bind>
<opcode="zext(34) " fcode="zext"/>
<opset="zext_ln238_16/4 "/>
</bind>
</comp>

<comp id="332" class="1004" name="zext_ln238_17_fu_332">
<pin_list>
<pin id="333" dir="0" index="0" bw="4" slack="0"/>
<pin id="334" dir="1" index="1" bw="9" slack="0"/>
</pin_list>
<bind>
<opcode="zext(34) " fcode="zext"/>
<opset="zext_ln238_17/4 "/>
</bind>
</comp>

<comp id="336" class="1004" name="zext_ln238_18_fu_336">
<pin_list>
<pin id="337" dir="0" index="0" bw="4" slack="0"/>
<pin id="338" dir="1" index="1" bw="8" slack="0"/>
</pin_list>
<bind>
<opcode="zext(34) " fcode="zext"/>
<opset="zext_ln238_18/4 "/>
</bind>
</comp>

<comp id="340" class="1004" name="add_ln238_5_fu_340">
<pin_list>
<pin id="341" dir="0" index="0" bw="8" slack="1"/>
<pin id="342" dir="0" index="1" bw="4" slack="0"/>
<pin id="343" dir="1" index="2" bw="8" slack="0"/>
</pin_list>
<bind>
<opcode="add(8) " fcode="add"/>
<opset="add_ln238_5/4 "/>
</bind>
</comp>

<comp id="345" class="1004" name="zext_ln238_19_fu_345">
<pin_list>
<pin id="346" dir="0" index="0" bw="8" slack="0"/>
<pin id="347" dir="1" index="1" bw="64" slack="0"/>
</pin_list>
<bind>
<opcode="zext(34) " fcode="zext"/>
<opset="zext_ln238_19/4 "/>
</bind>
</comp>

<comp id="350" class="1004" name="add_ln203_5_fu_350">
<pin_list>
<pin id="351" dir="0" index="0" bw="9" slack="1"/>
<pin id="352" dir="0" index="1" bw="4" slack="0"/>
<pin id="353" dir="1" index="2" bw="9" slack="1"/>
</pin_list>
<bind>
<opcode="add(8) " fcode="add"/>
<opset="add_ln203_5/4 "/>
</bind>
</comp>

<comp id="355" class="1004" name="add_ln238_6_fu_355">
<pin_list>
<pin id="356" dir="0" index="0" bw="6" slack="2"/>
<pin id="357" dir="0" index="1" bw="4" slack="0"/>
<pin id="358" dir="1" index="2" bw="6" slack="0"/>
</pin_list>
<bind>
<opcode="add(8) " fcode="add"/>
<opset="add_ln238_6/4 "/>
</bind>
</comp>

<comp id="360" class="1004" name="sext_ln238_fu_360">
<pin_list>
<pin id="361" dir="0" index="0" bw="6" slack="0"/>
<pin id="362" dir="1" index="1" bw="64" slack="0"/>
</pin_list>
<bind>
<opcode="sext(35) " fcode="sext"/>
<opset="sext_ln238/4 "/>
</bind>
</comp>

<comp id="365" class="1004" name="zext_ln203_13_fu_365">
<pin_list>
<pin id="366" dir="0" index="0" bw="9" slack="1"/>
<pin id="367" dir="1" index="1" bw="64" slack="0"/>
</pin_list>
<bind>
<opcode="zext(34) " fcode="zext"/>
<opset="zext_ln203_13/5 "/>
</bind>
</comp>

<comp id="369" class="1004" name="sext_ln203_3_fu_369">
<pin_list>
<pin id="370" dir="0" index="0" bw="20" slack="0"/>
<pin id="371" dir="1" index="1" bw="40" slack="0"/>
</pin_list>
<bind>
<opcode="sext(35) " fcode="sext"/>
<opset="sext_ln203_3/5 "/>
</bind>
</comp>

<comp id="373" class="1004" name="select_ln238_fu_373">
<pin_list>
<pin id="374" dir="0" index="0" bw="1" slack="2"/>
<pin id="375" dir="0" index="1" bw="40" slack="0"/>
<pin id="376" dir="0" index="2" bw="20" slack="0"/>
<pin id="377" dir="1" index="3" bw="40" slack="0"/>
</pin_list>
<bind>
<opcode="select(49) " fcode="select"/>
<opset="select_ln238/5 "/>
</bind>
</comp>

<comp id="384" class="1005" name="i_reg_384">
<pin_list>
<pin id="385" dir="0" index="0" bw="2" slack="0"/>
<pin id="386" dir="1" index="1" bw="2" slack="0"/>
</pin_list>
<bind>
<opset="i "/>
</bind>
</comp>

<comp id="389" class="1005" name="add_ln238_reg_389">
<pin_list>
<pin id="390" dir="0" index="0" bw="5" slack="1"/>
<pin id="391" dir="1" index="1" bw="5" slack="1"/>
</pin_list>
<bind>
<opset="add_ln238 "/>
</bind>
</comp>

<comp id="394" class="1005" name="sext_ln203_reg_394">
<pin_list>
<pin id="395" dir="0" index="0" bw="7" slack="1"/>
<pin id="396" dir="1" index="1" bw="7" slack="1"/>
</pin_list>
<bind>
<opset="sext_ln203 "/>
</bind>
</comp>

<comp id="399" class="1005" name="sub_ln238_reg_399">
<pin_list>
<pin id="400" dir="0" index="0" bw="6" slack="2"/>
<pin id="401" dir="1" index="1" bw="6" slack="2"/>
</pin_list>
<bind>
<opset="sub_ln238 "/>
</bind>
</comp>

<comp id="407" class="1005" name="j_reg_407">
<pin_list>
<pin id="408" dir="0" index="0" bw="3" slack="0"/>
<pin id="409" dir="1" index="1" bw="3" slack="0"/>
</pin_list>
<bind>
<opset="j "/>
</bind>
</comp>

<comp id="412" class="1005" name="sub_ln238_2_reg_412">
<pin_list>
<pin id="413" dir="0" index="0" bw="8" slack="1"/>
<pin id="414" dir="1" index="1" bw="8" slack="1"/>
</pin_list>
<bind>
<opset="sub_ln238_2 "/>
</bind>
</comp>

<comp id="417" class="1005" name="sub_ln203_5_reg_417">
<pin_list>
<pin id="418" dir="0" index="0" bw="9" slack="1"/>
<pin id="419" dir="1" index="1" bw="9" slack="1"/>
</pin_list>
<bind>
<opset="sub_ln203_5 "/>
</bind>
</comp>

<comp id="422" class="1005" name="icmp_ln238_reg_422">
<pin_list>
<pin id="423" dir="0" index="0" bw="1" slack="1"/>
<pin id="424" dir="1" index="1" bw="1" slack="2"/>
</pin_list>
<bind>
<opset="icmp_ln238 "/>
</bind>
</comp>

<comp id="430" class="1005" name="k_reg_430">
<pin_list>
<pin id="431" dir="0" index="0" bw="4" slack="0"/>
<pin id="432" dir="1" index="1" bw="4" slack="0"/>
</pin_list>
<bind>
<opset="k "/>
</bind>
</comp>

<comp id="435" class="1005" name="k_cache_V_addr_reg_435">
<pin_list>
<pin id="436" dir="0" index="0" bw="7" slack="1"/>
<pin id="437" dir="1" index="1" bw="7" slack="1"/>
</pin_list>
<bind>
<opset="k_cache_V_addr "/>
</bind>
</comp>

<comp id="440" class="1005" name="add_ln203_5_reg_440">
<pin_list>
<pin id="441" dir="0" index="0" bw="9" slack="1"/>
<pin id="442" dir="1" index="1" bw="9" slack="1"/>
</pin_list>
<bind>
<opset="add_ln203_5 "/>
</bind>
</comp>

<comp id="445" class="1005" name="update_0_V_addr_reg_445">
<pin_list>
<pin id="446" dir="0" index="0" bw="5" slack="1"/>
<pin id="447" dir="1" index="1" bw="5" slack="1"/>
</pin_list>
<bind>
<opset="update_0_V_addr "/>
</bind>
</comp>

</comp_list>

<net_list>
<net id="71"><net_src comp="4" pin="0"/><net_sink comp="66" pin=0"/></net>

<net id="72"><net_src comp="62" pin="0"/><net_sink comp="66" pin=1"/></net>

<net id="78"><net_src comp="2" pin="0"/><net_sink comp="73" pin=0"/></net>

<net id="79"><net_src comp="62" pin="0"/><net_sink comp="73" pin=1"/></net>

<net id="85"><net_src comp="73" pin="3"/><net_sink comp="80" pin=0"/></net>

<net id="91"><net_src comp="66" pin="3"/><net_sink comp="86" pin=0"/></net>

<net id="97"><net_src comp="0" pin="0"/><net_sink comp="92" pin=0"/></net>

<net id="98"><net_src comp="62" pin="0"/><net_sink comp="92" pin=1"/></net>

<net id="104"><net_src comp="92" pin="3"/><net_sink comp="99" pin=0"/></net>

<net id="108"><net_src comp="6" pin="0"/><net_sink comp="105" pin=0"/></net>

<net id="115"><net_src comp="105" pin="1"/><net_sink comp="109" pin=0"/></net>

<net id="119"><net_src comp="26" pin="0"/><net_sink comp="116" pin=0"/></net>

<net id="126"><net_src comp="116" pin="1"/><net_sink comp="120" pin=0"/></net>

<net id="130"><net_src comp="34" pin="0"/><net_sink comp="127" pin=0"/></net>

<net id="137"><net_src comp="127" pin="1"/><net_sink comp="131" pin=0"/></net>

<net id="142"><net_src comp="109" pin="4"/><net_sink comp="138" pin=0"/></net>

<net id="143"><net_src comp="8" pin="0"/><net_sink comp="138" pin=1"/></net>

<net id="148"><net_src comp="109" pin="4"/><net_sink comp="144" pin=0"/></net>

<net id="149"><net_src comp="14" pin="0"/><net_sink comp="144" pin=1"/></net>

<net id="153"><net_src comp="109" pin="4"/><net_sink comp="150" pin=0"/></net>

<net id="159"><net_src comp="22" pin="0"/><net_sink comp="154" pin=0"/></net>

<net id="160"><net_src comp="109" pin="4"/><net_sink comp="154" pin=1"/></net>

<net id="161"><net_src comp="6" pin="0"/><net_sink comp="154" pin=2"/></net>

<net id="165"><net_src comp="154" pin="3"/><net_sink comp="162" pin=0"/></net>

<net id="169"><net_src comp="154" pin="3"/><net_sink comp="166" pin=0"/></net>

<net id="174"><net_src comp="150" pin="1"/><net_sink comp="170" pin=0"/></net>

<net id="175"><net_src comp="162" pin="1"/><net_sink comp="170" pin=1"/></net>

<net id="181"><net_src comp="24" pin="0"/><net_sink comp="176" pin=0"/></net>

<net id="182"><net_src comp="109" pin="4"/><net_sink comp="176" pin=1"/></net>

<net id="183"><net_src comp="26" pin="0"/><net_sink comp="176" pin=2"/></net>

<net id="187"><net_src comp="176" pin="3"/><net_sink comp="184" pin=0"/></net>

<net id="193"><net_src comp="28" pin="0"/><net_sink comp="188" pin=0"/></net>

<net id="194"><net_src comp="109" pin="4"/><net_sink comp="188" pin=1"/></net>

<net id="195"><net_src comp="30" pin="0"/><net_sink comp="188" pin=2"/></net>

<net id="199"><net_src comp="188" pin="3"/><net_sink comp="196" pin=0"/></net>

<net id="204"><net_src comp="184" pin="1"/><net_sink comp="200" pin=0"/></net>

<net id="205"><net_src comp="196" pin="1"/><net_sink comp="200" pin=1"/></net>

<net id="209"><net_src comp="200" pin="2"/><net_sink comp="206" pin=0"/></net>

<net id="215"><net_src comp="32" pin="0"/><net_sink comp="210" pin=0"/></net>

<net id="216"><net_src comp="109" pin="4"/><net_sink comp="210" pin=1"/></net>

<net id="217"><net_src comp="34" pin="0"/><net_sink comp="210" pin=2"/></net>

<net id="222"><net_src comp="210" pin="3"/><net_sink comp="218" pin=0"/></net>

<net id="223"><net_src comp="166" pin="1"/><net_sink comp="218" pin=1"/></net>

<net id="228"><net_src comp="120" pin="4"/><net_sink comp="224" pin=0"/></net>

<net id="229"><net_src comp="36" pin="0"/><net_sink comp="224" pin=1"/></net>

<net id="234"><net_src comp="120" pin="4"/><net_sink comp="230" pin=0"/></net>

<net id="235"><net_src comp="40" pin="0"/><net_sink comp="230" pin=1"/></net>

<net id="239"><net_src comp="120" pin="4"/><net_sink comp="236" pin=0"/></net>

<net id="243"><net_src comp="120" pin="4"/><net_sink comp="240" pin=0"/></net>

<net id="248"><net_src comp="240" pin="1"/><net_sink comp="244" pin=1"/></net>

<net id="252"><net_src comp="244" pin="2"/><net_sink comp="249" pin=0"/></net>

<net id="258"><net_src comp="44" pin="0"/><net_sink comp="253" pin=0"/></net>

<net id="259"><net_src comp="249" pin="1"/><net_sink comp="253" pin=1"/></net>

<net id="260"><net_src comp="34" pin="0"/><net_sink comp="253" pin=2"/></net>

<net id="266"><net_src comp="46" pin="0"/><net_sink comp="261" pin=0"/></net>

<net id="267"><net_src comp="244" pin="2"/><net_sink comp="261" pin=1"/></net>

<net id="268"><net_src comp="6" pin="0"/><net_sink comp="261" pin=2"/></net>

<net id="272"><net_src comp="261" pin="3"/><net_sink comp="269" pin=0"/></net>

<net id="277"><net_src comp="253" pin="3"/><net_sink comp="273" pin=0"/></net>

<net id="278"><net_src comp="269" pin="1"/><net_sink comp="273" pin=1"/></net>

<net id="283"><net_src comp="236" pin="1"/><net_sink comp="279" pin=1"/></net>

<net id="287"><net_src comp="279" pin="2"/><net_sink comp="284" pin=0"/></net>

<net id="293"><net_src comp="48" pin="0"/><net_sink comp="288" pin=0"/></net>

<net id="294"><net_src comp="284" pin="1"/><net_sink comp="288" pin=1"/></net>

<net id="295"><net_src comp="34" pin="0"/><net_sink comp="288" pin=2"/></net>

<net id="301"><net_src comp="50" pin="0"/><net_sink comp="296" pin=0"/></net>

<net id="302"><net_src comp="279" pin="2"/><net_sink comp="296" pin=1"/></net>

<net id="303"><net_src comp="6" pin="0"/><net_sink comp="296" pin=2"/></net>

<net id="308"><net_src comp="288" pin="3"/><net_sink comp="304" pin=0"/></net>

<net id="309"><net_src comp="296" pin="3"/><net_sink comp="304" pin=1"/></net>

<net id="314"><net_src comp="120" pin="4"/><net_sink comp="310" pin=0"/></net>

<net id="315"><net_src comp="52" pin="0"/><net_sink comp="310" pin=1"/></net>

<net id="320"><net_src comp="131" pin="4"/><net_sink comp="316" pin=0"/></net>

<net id="321"><net_src comp="56" pin="0"/><net_sink comp="316" pin=1"/></net>

<net id="326"><net_src comp="131" pin="4"/><net_sink comp="322" pin=0"/></net>

<net id="327"><net_src comp="60" pin="0"/><net_sink comp="322" pin=1"/></net>

<net id="331"><net_src comp="131" pin="4"/><net_sink comp="328" pin=0"/></net>

<net id="335"><net_src comp="131" pin="4"/><net_sink comp="332" pin=0"/></net>

<net id="339"><net_src comp="131" pin="4"/><net_sink comp="336" pin=0"/></net>

<net id="344"><net_src comp="336" pin="1"/><net_sink comp="340" pin=1"/></net>

<net id="348"><net_src comp="340" pin="2"/><net_sink comp="345" pin=0"/></net>

<net id="349"><net_src comp="345" pin="1"/><net_sink comp="66" pin=2"/></net>

<net id="354"><net_src comp="332" pin="1"/><net_sink comp="350" pin=1"/></net>

<net id="359"><net_src comp="328" pin="1"/><net_sink comp="355" pin=1"/></net>

<net id="363"><net_src comp="355" pin="2"/><net_sink comp="360" pin=0"/></net>

<net id="364"><net_src comp="360" pin="1"/><net_sink comp="73" pin=2"/></net>

<net id="368"><net_src comp="365" pin="1"/><net_sink comp="92" pin=2"/></net>

<net id="372"><net_src comp="86" pin="3"/><net_sink comp="369" pin=0"/></net>

<net id="378"><net_src comp="80" pin="3"/><net_sink comp="373" pin=1"/></net>

<net id="379"><net_src comp="369" pin="1"/><net_sink comp="373" pin=2"/></net>

<net id="380"><net_src comp="373" pin="3"/><net_sink comp="99" pin=1"/></net>

<net id="387"><net_src comp="144" pin="2"/><net_sink comp="384" pin=0"/></net>

<net id="388"><net_src comp="384" pin="1"/><net_sink comp="109" pin=2"/></net>

<net id="392"><net_src comp="170" pin="2"/><net_sink comp="389" pin=0"/></net>

<net id="393"><net_src comp="389" pin="1"/><net_sink comp="244" pin=0"/></net>

<net id="397"><net_src comp="206" pin="1"/><net_sink comp="394" pin=0"/></net>

<net id="398"><net_src comp="394" pin="1"/><net_sink comp="279" pin=0"/></net>

<net id="402"><net_src comp="218" pin="2"/><net_sink comp="399" pin=0"/></net>

<net id="403"><net_src comp="399" pin="1"/><net_sink comp="355" pin=0"/></net>

<net id="410"><net_src comp="230" pin="2"/><net_sink comp="407" pin=0"/></net>

<net id="411"><net_src comp="407" pin="1"/><net_sink comp="120" pin=2"/></net>

<net id="415"><net_src comp="273" pin="2"/><net_sink comp="412" pin=0"/></net>

<net id="416"><net_src comp="412" pin="1"/><net_sink comp="340" pin=0"/></net>

<net id="420"><net_src comp="304" pin="2"/><net_sink comp="417" pin=0"/></net>

<net id="421"><net_src comp="417" pin="1"/><net_sink comp="350" pin=0"/></net>

<net id="425"><net_src comp="310" pin="2"/><net_sink comp="422" pin=0"/></net>

<net id="426"><net_src comp="422" pin="1"/><net_sink comp="373" pin=0"/></net>

<net id="433"><net_src comp="322" pin="2"/><net_sink comp="430" pin=0"/></net>

<net id="434"><net_src comp="430" pin="1"/><net_sink comp="131" pin=2"/></net>

<net id="438"><net_src comp="66" pin="3"/><net_sink comp="435" pin=0"/></net>

<net id="439"><net_src comp="435" pin="1"/><net_sink comp="86" pin=0"/></net>

<net id="443"><net_src comp="350" pin="2"/><net_sink comp="440" pin=0"/></net>

<net id="444"><net_src comp="440" pin="1"/><net_sink comp="365" pin=0"/></net>

<net id="448"><net_src comp="73" pin="3"/><net_sink comp="445" pin=0"/></net>

<net id="449"><net_src comp="445" pin="1"/><net_sink comp="80" pin=0"/></net>

</net_list>

</model> 
---------------- Datapath Model END ------------------

* FSMD analyzer results:
  - Output states:
	Port: cache_out_V | {5 }
 - Input state : 
	Port: cache_update : update_0_V | {4 5 }
	Port: cache_update : k_cache_V | {4 5 }
  - Chain level:
	State 1
	State 2
		icmp_ln235 : 1
		i : 1
		br_ln235 : 2
		zext_ln238 : 1
		tmp_64 : 1
		zext_ln238_11 : 2
		zext_ln238_12 : 2
		add_ln238 : 3
		tmp_65 : 1
		zext_ln203 : 2
		tmp_66 : 1
		zext_ln203_12 : 2
		sub_ln203 : 3
		sext_ln203 : 4
		tmp_67 : 1
		sub_ln238 : 3
	State 3
		icmp_ln236 : 1
		j : 1
		br_ln236 : 2
		zext_ln238_13 : 1
		zext_ln238_14 : 1
		add_ln238_4 : 2
		trunc_ln238 : 3
		p_shl7_cast : 4
		tmp_79 : 3
		zext_ln238_15 : 4
		sub_ln238_2 : 5
		add_ln203 : 2
		trunc_ln203 : 3
		p_shl5_cast : 4
		p_shl6_cast : 3
		sub_ln203_5 : 5
		icmp_ln238 : 1
	State 4
		icmp_ln237 : 1
		k : 1
		br_ln237 : 2
		zext_ln238_16 : 1
		zext_ln238_17 : 1
		zext_ln238_18 : 1
		add_ln238_5 : 2
		zext_ln238_19 : 3
		k_cache_V_addr : 4
		add_ln203_5 : 2
		add_ln238_6 : 2
		sext_ln238 : 3
		update_0_V_addr : 4
		update_0_V_load : 5
		k_cache_V_load : 5
	State 5
		cache_out_V_addr : 1
		sext_ln203_3 : 1
		select_ln238 : 2
		store_ln238 : 3


============================================================
+ Verbose Summary: Datapath Resource usage 
============================================================

* Functional unit list:
|----------|----------------------|---------|---------|
| Operation|    Functional Unit   |    FF   |   LUT   |
|----------|----------------------|---------|---------|
|          |       i_fu_144       |    0    |    10   |
|          |   add_ln238_fu_170   |    0    |    13   |
|          |       j_fu_230       |    0    |    12   |
|          |  add_ln238_4_fu_244  |    0    |    15   |
|    add   |   add_ln203_fu_279   |    0    |    15   |
|          |       k_fu_322       |    0    |    13   |
|          |  add_ln238_5_fu_340  |    0    |    15   |
|          |  add_ln203_5_fu_350  |    0    |    15   |
|          |  add_ln238_6_fu_355  |    0    |    15   |
|----------|----------------------|---------|---------|
|          |   sub_ln203_fu_200   |    0    |    15   |
|    sub   |   sub_ln238_fu_218   |    0    |    15   |
|          |  sub_ln238_2_fu_273  |    0    |    15   |
|          |  sub_ln203_5_fu_304  |    0    |    15   |
|----------|----------------------|---------|---------|
|  select  |  select_ln238_fu_373 |    0    |    40   |
|----------|----------------------|---------|---------|
|          |   icmp_ln235_fu_138  |    0    |    8    |
|   icmp   |   icmp_ln236_fu_224  |    0    |    9    |
|          |   icmp_ln238_fu_310  |    0    |    9    |
|          |   icmp_ln237_fu_316  |    0    |    9    |
|----------|----------------------|---------|---------|
|          |   zext_ln238_fu_150  |    0    |    0    |
|          | zext_ln238_11_fu_162 |    0    |    0    |
|          | zext_ln238_12_fu_166 |    0    |    0    |
|          |   zext_ln203_fu_184  |    0    |    0    |
|          | zext_ln203_12_fu_196 |    0    |    0    |
|          | zext_ln238_13_fu_236 |    0    |    0    |
|   zext   | zext_ln238_14_fu_240 |    0    |    0    |
|          | zext_ln238_15_fu_269 |    0    |    0    |
|          | zext_ln238_16_fu_328 |    0    |    0    |
|          | zext_ln238_17_fu_332 |    0    |    0    |
|          | zext_ln238_18_fu_336 |    0    |    0    |
|          | zext_ln238_19_fu_345 |    0    |    0    |
|          | zext_ln203_13_fu_365 |    0    |    0    |
|----------|----------------------|---------|---------|
|          |     tmp_64_fu_154    |    0    |    0    |
|          |     tmp_65_fu_176    |    0    |    0    |
|          |     tmp_66_fu_188    |    0    |    0    |
|bitconcatenate|     tmp_67_fu_210    |    0    |    0    |
|          |  p_shl7_cast_fu_253  |    0    |    0    |
|          |     tmp_79_fu_261    |    0    |    0    |
|          |  p_shl5_cast_fu_288  |    0    |    0    |
|          |  p_shl6_cast_fu_296  |    0    |    0    |
|----------|----------------------|---------|---------|
|          |   sext_ln203_fu_206  |    0    |    0    |
|   sext   |   sext_ln238_fu_360  |    0    |    0    |
|          |  sext_ln203_3_fu_369 |    0    |    0    |
|----------|----------------------|---------|---------|
|   trunc  |  trunc_ln238_fu_249  |    0    |    0    |
|          |  trunc_ln203_fu_284  |    0    |    0    |
|----------|----------------------|---------|---------|
|   Total  |                      |    0    |   258   |
|----------|----------------------|---------|---------|

Memories:
N/A

* Register list:
+-----------------------+--------+
|                       |   FF   |
+-----------------------+--------+
|  add_ln203_5_reg_440  |    9   |
|   add_ln238_reg_389   |    5   |
|      i_0_reg_105      |    2   |
|       i_reg_384       |    2   |
|   icmp_ln238_reg_422  |    1   |
|      j_0_reg_116      |    3   |
|       j_reg_407       |    3   |
|      k_0_reg_127      |    4   |
| k_cache_V_addr_reg_435|    7   |
|       k_reg_430       |    4   |
|   sext_ln203_reg_394  |    7   |
|  sub_ln203_5_reg_417  |    9   |
|  sub_ln238_2_reg_412  |    8   |
|   sub_ln238_reg_399   |    6   |
|update_0_V_addr_reg_445|    5   |
+-----------------------+--------+
|         Total         |   75   |
+-----------------------+--------+

* Multiplexer (MUX) list: 
|------------------|------|------|------|--------||---------||---------|
|       Comp       |  Pin | Size |  BW  | S x BW ||  Delay  ||   LUT   |
|------------------|------|------|------|--------||---------||---------|
| grp_access_fu_80 |  p0  |   2  |   5  |   10   ||    9    |
| grp_access_fu_86 |  p0  |   2  |   7  |   14   ||    9    |
|------------------|------|------|------|--------||---------||---------|
|       Total      |      |      |      |   24   ||  3.538  ||    18   |
|------------------|------|------|------|--------||---------||---------|



* Summary:
+-----------+--------+--------+--------+
|           |  Delay |   FF   |   LUT  |
+-----------+--------+--------+--------+
|  Function |    -   |    0   |   258  |
|   Memory  |    -   |    -   |    -   |
|Multiplexer|    3   |    -   |   18   |
|  Register |    -   |   75   |    -   |
+-----------+--------+--------+--------+
|   Total   |    3   |   75   |   276  |
+-----------+--------+--------+--------+
