

================================================================
== Vivado HLS Report for 'dut'
================================================================
* Date:           Fri Dec  6 23:49:02 2024

* Version:        2019.2 (Build 2704478 on Wed Nov 06 22:10:23 MST 2019)
* Project:        attention_64th.prj
* Solution:       solution1
* Product family: zynq
* Target device:  xc7z020-clg484-1


================================================================
== Performance Estimates
================================================================
+ Timing: 
    * Summary: 
    +--------+----------+----------+------------+
    |  Clock |  Target  | Estimated| Uncertainty|
    +--------+----------+----------+------------+
    |ap_clk  | 10.00 ns | 8.750 ns |   1.25 ns  |
    +--------+----------+----------+------------+

+ Latency: 
    * Summary: 
    +---------+---------+-----------+-----------+------+------+---------+
    |  Latency (cycles) |   Latency (absolute)  |   Interval  | Pipeline|
    |   min   |   max   |    min    |    max    |  min |  max |   Type  |
    +---------+---------+-----------+-----------+------+------+---------+
    |     6665|     6665| 66.650 us | 66.650 us |  6665|  6665|   none  |
    +---------+---------+-----------+-----------+------+------+---------+

    + Detail: 
        * Instance: 
        +----------------------+-----------+---------+---------+-----------+-----------+------+------+---------+
        |                      |           |  Latency (cycles) |   Latency (absolute)  |   Interval  | Pipeline|
        |       Instance       |   Module  |   min   |   max   |    min    |    max    |  min |  max |   Type  |
        +----------------------+-----------+---------+---------+-----------+-----------+------+------+---------+
        |grp_attention_fu_149  |attention  |     6590|     6590| 65.900 us | 65.900 us |  6590|  6590|   none  |
        +----------------------+-----------+---------+---------+-----------+-----------+------+------+---------+

        * Loop: 
        +----------+---------+---------+----------+-----------+-----------+------+----------+
        |          |  Latency (cycles) | Iteration|  Initiation Interval  | Trip |          |
        | Loop Name|   min   |   max   |  Latency |  achieved |   target  | Count| Pipelined|
        +----------+---------+---------+----------+-----------+-----------+------+----------+
        |- Loop 1  |       24|       24|         1|          -|          -|    24|    no    |
        |- Loop 2  |       48|       48|         2|          -|          -|    24|    no    |
        +----------+---------+---------+----------+-----------+-----------+------+----------+

============================================================
+ Verbose Summary: Synthesis Manager
============================================================
InlineROM: 1
ExposeGlobal: 0
============================================================
+ Verbose Summary: CDFG Model
============================================================
IsTopModel: 1
ResetActiveHigh: 1
IsCombinational: 0
IsDatapathOnly: 0
HasWiredReturn: 1
HasMFsm: 0
HasVarLatency: 1
IsPipeline: 0
IsRtlPipelined: 0
IsInstanceOverlapped: 0
IsDontTouch: 0
HasImplIP: 0
IsGatedGlobalClock: 0


============================================================
+ Verbose Summary: Schedule
============================================================
* Number of FSM states : 5
* Pipeline : 0
* Dataflow Pipeline: 0

* FSM state transitions: 
1 --> 2 
2 --> 3 2 
3 --> 4 
4 --> 5 
5 --> 4 

* FSM state operations: 

State 1 <SV = 0> <Delay = 2.32>
ST_1 : Operation 6 [1/1] (0.00ns)   --->   "%empty = call i32 (...)* @_ssdm_op_SpecInterface(i32* %strm_out_V_V, [8 x i8]* @ap_fifo_str, i32 0, i32 0, [1 x i8]* @p_str, i32 0, i32 0, [1 x i8]* @p_str, [1 x i8]* @p_str, [1 x i8]* @p_str, i32 2, i32 2, i32 16, i32 16, [1 x i8]* @p_str, [1 x i8]* @p_str)"   --->   Operation 6 'specinterface' 'empty' <Predicate = true> <Delay = 0.00>
ST_1 : Operation 7 [1/1] (0.00ns)   --->   "%empty_89 = call i32 (...)* @_ssdm_op_SpecInterface(i32* %strm_in_V_V, [8 x i8]* @ap_fifo_str, i32 0, i32 0, [1 x i8]* @p_str, i32 0, i32 0, [1 x i8]* @p_str, [1 x i8]* @p_str, [1 x i8]* @p_str, i32 2, i32 2, i32 16, i32 16, [1 x i8]* @p_str, [1 x i8]* @p_str)"   --->   Operation 7 'specinterface' 'empty_89' <Predicate = true> <Delay = 0.00>
ST_1 : Operation 8 [1/1] (0.00ns)   --->   "call void (...)* @_ssdm_op_SpecBitsMap(i32* %strm_in_V_V), !map !568"   --->   Operation 8 'specbitsmap' <Predicate = true> <Delay = 0.00>
ST_1 : Operation 9 [1/1] (0.00ns)   --->   "call void (...)* @_ssdm_op_SpecBitsMap(i32* %strm_out_V_V), !map !572"   --->   Operation 9 'specbitsmap' <Predicate = true> <Delay = 0.00>
ST_1 : Operation 10 [1/1] (0.00ns)   --->   "call void (...)* @_ssdm_op_SpecTopModule([4 x i8]* @dut_str) nounwind"   --->   Operation 10 'spectopmodule' <Predicate = true> <Delay = 0.00>
ST_1 : Operation 11 [1/1] (2.32ns)   --->   "%input_0_V = alloca [24 x i38], align 8" [attention.cpp:14]   --->   Operation 11 'alloca' 'input_0_V' <Predicate = true> <Delay = 2.32> <Core = "RAM">   --->   Core 37 'RAM' <Latency = 1> <II = 1> <Delay = 3.25> <Storage> <Opcode : 'load' 'store'> <Ports = 2> <Width = 8> <Depth = 144> <RAM>
ST_1 : Operation 12 [1/1] (2.32ns)   --->   "%output_0 = alloca [24 x i38], align 8"   --->   Operation 12 'alloca' 'output_0' <Predicate = true> <Delay = 2.32> <Core = "RAM">   --->   Core 37 'RAM' <Latency = 1> <II = 1> <Delay = 3.25> <Storage> <Opcode : 'load' 'store'> <Ports = 2> <Width = 8> <Depth = 144> <RAM>
ST_1 : Operation 13 [1/1] (1.76ns)   --->   "br label %.preheader53.0" [attention.cpp:19]   --->   Operation 13 'br' <Predicate = true> <Delay = 1.76>

State 2 <SV = 1> <Delay = 5.95>
ST_2 : Operation 14 [1/1] (0.00ns)   --->   "%j_0_0 = phi i5 [ %add_ln19, %_ZN8ap_fixedILi38ELi18EL9ap_q_mode5EL9ap_o_mode3ELi0EEC1ILi32ELi14ELb1ELS0_5ELS1_3ELi0EEERK13ap_fixed_baseIXT_EXT0_EXT1_EXT2_EXT3_EXT4_EE.exit.0 ], [ 0, %arrayctor.loop4.preheader ]" [attention.cpp:19]   --->   Operation 14 'phi' 'j_0_0' <Predicate = true> <Delay = 0.00>
ST_2 : Operation 15 [1/1] (1.36ns)   --->   "%icmp_ln19 = icmp eq i5 %j_0_0, -8" [attention.cpp:19]   --->   Operation 15 'icmp' 'icmp_ln19' <Predicate = true> <Delay = 1.36> <Core = "Cmp">   --->   Core 25 'Cmp' <Latency = 0> <II = 1> <Delay = 1.36> <FuncUnit> <Opcode : 'icmp'> <InPorts = 2> <OutPorts = 1>
ST_2 : Operation 16 [1/1] (0.00ns)   --->   "%empty_90 = call i32 (...)* @_ssdm_op_SpecLoopTripCount(i64 24, i64 24, i64 24)"   --->   Operation 16 'speclooptripcount' 'empty_90' <Predicate = true> <Delay = 0.00>
ST_2 : Operation 17 [1/1] (1.78ns)   --->   "%add_ln19 = add i5 %j_0_0, 1" [attention.cpp:19]   --->   Operation 17 'add' 'add_ln19' <Predicate = true> <Delay = 1.78> <Core = "AddSub">   --->   Core 14 'AddSub' <Latency = 0> <II = 1> <Delay = 1.78> <FuncUnit> <Opcode : 'add' 'sub'> <InPorts = 2> <OutPorts = 1>
ST_2 : Operation 18 [1/1] (0.00ns)   --->   "br i1 %icmp_ln19, label %.preheader54.1, label %_ZN8ap_fixedILi38ELi18EL9ap_q_mode5EL9ap_o_mode3ELi0EEC1ILi32ELi14ELb1ELS0_5ELS1_3ELi0EEERK13ap_fixed_baseIXT_EXT0_EXT1_EXT2_EXT3_EXT4_EE.exit.0" [attention.cpp:19]   --->   Operation 18 'br' <Predicate = true> <Delay = 0.00>
ST_2 : Operation 19 [1/1] (0.00ns)   --->   "%zext_ln20 = zext i5 %j_0_0 to i64" [attention.cpp:20]   --->   Operation 19 'zext' 'zext_ln20' <Predicate = (!icmp_ln19)> <Delay = 0.00>
ST_2 : Operation 20 [1/1] (3.63ns)   --->   "%tmp_V = call i32 @_ssdm_op_Read.ap_fifo.volatile.i32P(i32* %strm_in_V_V)" [attention.cpp:20]   --->   Operation 20 'read' 'tmp_V' <Predicate = (!icmp_ln19)> <Delay = 3.63> <Core = "FIFO">   --->   Core 32 'FIFO' <Latency = 0> <II = 1> <Delay = 3.63> <Storage> <Opcode : 'read' 'write' 'nbread' 'nbwrite'> <Ports = 0> <Width = 32> <Depth = 0> <FIFO>
ST_2 : Operation 21 [1/1] (0.00ns)   --->   "%shl_ln = call i34 @_ssdm_op_BitConcatenate.i34.i32.i2(i32 %tmp_V, i2 0)" [attention.cpp:20]   --->   Operation 21 'bitconcatenate' 'shl_ln' <Predicate = (!icmp_ln19)> <Delay = 0.00>
ST_2 : Operation 22 [1/1] (0.00ns)   --->   "%sext_ln728 = sext i34 %shl_ln to i38" [attention.cpp:20]   --->   Operation 22 'sext' 'sext_ln728' <Predicate = (!icmp_ln19)> <Delay = 0.00>
ST_2 : Operation 23 [1/1] (0.00ns)   --->   "%input_0_V_addr = getelementptr [24 x i38]* %input_0_V, i64 0, i64 %zext_ln20" [attention.cpp:20]   --->   Operation 23 'getelementptr' 'input_0_V_addr' <Predicate = (!icmp_ln19)> <Delay = 0.00>
ST_2 : Operation 24 [1/1] (2.32ns)   --->   "store i38 %sext_ln728, i38* %input_0_V_addr, align 8" [attention.cpp:20]   --->   Operation 24 'store' <Predicate = (!icmp_ln19)> <Delay = 2.32> <Core = "RAM">   --->   Core 37 'RAM' <Latency = 1> <II = 1> <Delay = 3.25> <Storage> <Opcode : 'load' 'store'> <Ports = 2> <Width = 8> <Depth = 144> <RAM>
ST_2 : Operation 25 [1/1] (0.00ns)   --->   "br label %.preheader53.0" [attention.cpp:19]   --->   Operation 25 'br' <Predicate = (!icmp_ln19)> <Delay = 0.00>
ST_2 : Operation 26 [2/2] (0.00ns)   --->   "call fastcc void @attention([24 x i38]* %input_0_V, [24 x i38]* %output_0)" [attention.cpp:24]   --->   Operation 26 'call' <Predicate = (icmp_ln19)> <Delay = 0.00> <CoreType = "Generic">   --->   Core 0 '' <Latency = 0> <II = 1> <Delay = 1.00> <Generic> <Opcode : >

State 3 <SV = 2> <Delay = 1.76>
ST_3 : Operation 27 [1/2] (0.00ns)   --->   "call fastcc void @attention([24 x i38]* %input_0_V, [24 x i38]* %output_0)" [attention.cpp:24]   --->   Operation 27 'call' <Predicate = true> <Delay = 0.00> <CoreType = "Generic">   --->   Core 0 '' <Latency = 0> <II = 1> <Delay = 1.00> <Generic> <Opcode : >
ST_3 : Operation 28 [1/1] (1.76ns)   --->   "br label %.preheader.0" [attention.cpp:51]   --->   Operation 28 'br' <Predicate = true> <Delay = 1.76>

State 4 <SV = 3> <Delay = 2.32>
ST_4 : Operation 29 [1/1] (0.00ns)   --->   "%j9_0_0 = phi i5 [ %add_ln51, %_ZN8ap_fixedILi32ELi14EL9ap_q_mode5EL9ap_o_mode3ELi0EEC1ILi38ELi18ELb1ELS0_5ELS1_3ELi0EEERK13ap_fixed_baseIXT_EXT0_EXT1_EXT2_EXT3_EXT4_EE.exit.0 ], [ 0, %.preheader54.1 ]" [attention.cpp:51]   --->   Operation 29 'phi' 'j9_0_0' <Predicate = true> <Delay = 0.00>
ST_4 : Operation 30 [1/1] (1.36ns)   --->   "%icmp_ln51 = icmp eq i5 %j9_0_0, -8" [attention.cpp:51]   --->   Operation 30 'icmp' 'icmp_ln51' <Predicate = true> <Delay = 1.36> <Core = "Cmp">   --->   Core 25 'Cmp' <Latency = 0> <II = 1> <Delay = 1.36> <FuncUnit> <Opcode : 'icmp'> <InPorts = 2> <OutPorts = 1>
ST_4 : Operation 31 [1/1] (0.00ns)   --->   "%empty_91 = call i32 (...)* @_ssdm_op_SpecLoopTripCount(i64 24, i64 24, i64 24)"   --->   Operation 31 'speclooptripcount' 'empty_91' <Predicate = true> <Delay = 0.00>
ST_4 : Operation 32 [1/1] (1.78ns)   --->   "%add_ln51 = add i5 %j9_0_0, 1" [attention.cpp:51]   --->   Operation 32 'add' 'add_ln51' <Predicate = true> <Delay = 1.78> <Core = "AddSub">   --->   Core 14 'AddSub' <Latency = 0> <II = 1> <Delay = 1.78> <FuncUnit> <Opcode : 'add' 'sub'> <InPorts = 2> <OutPorts = 1>
ST_4 : Operation 33 [1/1] (0.00ns)   --->   "br i1 %icmp_ln51, label %0, label %_ZN8ap_fixedILi32ELi14EL9ap_q_mode5EL9ap_o_mode3ELi0EEC1ILi38ELi18ELb1ELS0_5ELS1_3ELi0EEERK13ap_fixed_baseIXT_EXT0_EXT1_EXT2_EXT3_EXT4_EE.exit.0" [attention.cpp:51]   --->   Operation 33 'br' <Predicate = true> <Delay = 0.00>
ST_4 : Operation 34 [1/1] (0.00ns)   --->   "%zext_ln52 = zext i5 %j9_0_0 to i64" [attention.cpp:52]   --->   Operation 34 'zext' 'zext_ln52' <Predicate = (!icmp_ln51)> <Delay = 0.00>
ST_4 : Operation 35 [1/1] (0.00ns)   --->   "%output_0_addr = getelementptr [24 x i38]* %output_0, i64 0, i64 %zext_ln52" [attention.cpp:52]   --->   Operation 35 'getelementptr' 'output_0_addr' <Predicate = (!icmp_ln51)> <Delay = 0.00>
ST_4 : Operation 36 [2/2] (2.32ns)   --->   "%output_0_load = load i38* %output_0_addr, align 8" [attention.cpp:52]   --->   Operation 36 'load' 'output_0_load' <Predicate = (!icmp_ln51)> <Delay = 2.32> <Core = "RAM">   --->   Core 37 'RAM' <Latency = 1> <II = 1> <Delay = 3.25> <Storage> <Opcode : 'load' 'store'> <Ports = 2> <Width = 8> <Depth = 144> <RAM>
ST_4 : Operation 37 [1/1] (0.00ns)   --->   "ret void" [attention.cpp:53]   --->   Operation 37 'ret' <Predicate = (icmp_ln51)> <Delay = 0.00>

State 5 <SV = 4> <Delay = 5.95>
ST_5 : Operation 38 [1/2] (2.32ns)   --->   "%output_0_load = load i38* %output_0_addr, align 8" [attention.cpp:52]   --->   Operation 38 'load' 'output_0_load' <Predicate = true> <Delay = 2.32> <Core = "RAM">   --->   Core 37 'RAM' <Latency = 1> <II = 1> <Delay = 3.25> <Storage> <Opcode : 'load' 'store'> <Ports = 2> <Width = 8> <Depth = 144> <RAM>
ST_5 : Operation 39 [1/1] (0.00ns)   --->   "%tmp_V_4 = call i32 @_ssdm_op_PartSelect.i32.i38.i32.i32(i38 %output_0_load, i32 2, i32 33)" [attention.cpp:52]   --->   Operation 39 'partselect' 'tmp_V_4' <Predicate = true> <Delay = 0.00>
ST_5 : Operation 40 [1/1] (3.63ns)   --->   "call void @_ssdm_op_Write.ap_fifo.volatile.i32P(i32* %strm_out_V_V, i32 %tmp_V_4)" [attention.cpp:52]   --->   Operation 40 'write' <Predicate = true> <Delay = 3.63> <Core = "FIFO">   --->   Core 32 'FIFO' <Latency = 0> <II = 1> <Delay = 3.63> <Storage> <Opcode : 'read' 'write' 'nbread' 'nbwrite'> <Ports = 0> <Width = 32> <Depth = 0> <FIFO>
ST_5 : Operation 41 [1/1] (0.00ns)   --->   "br label %.preheader.0" [attention.cpp:51]   --->   Operation 41 'br' <Predicate = true> <Delay = 0.00>


============================================================
+ Verbose Summary: Binding
============================================================
STG Binding: 
---------------- STG Properties BEGIN ----------------
- Is combinational: 0
- Is one-state seq: 0
- Is datapath-only: 0
- Is pipelined: 0
- Is top level: 1
Port [ Return ] is wired: 1; IO mode=ap_ctrl_hs:ce=0
Port [ strm_in_V_V]:  wired=1; compound=1; hidden=0; nouse=0; global=0; static=0; extern=0; dir=0; type=3; pingpong=0; private_global=0; IO mode=ap_fifo:ce=0
Port [ strm_out_V_V]:  wired=1; compound=1; hidden=0; nouse=0; global=0; static=0; extern=0; dir=1; type=3; pingpong=0; private_global=0; IO mode=ap_fifo:ce=0
Port [ ln_weight_in_V]:  wired=0; compound=1; hidden=1; nouse=1; global=1; static=1; extern=0; dir=0; type=1; pingpong=0; private_global=0; linkage=7; visibility=0; MemPort=[13]; IO mode=ap_memory:ce=0
Port [ q_weights]:  wired=0; compound=1; hidden=1; nouse=1; global=1; static=1; extern=0; dir=0; type=1; pingpong=0; private_global=0; linkage=7; visibility=0; MemPort=[13]; IO mode=ap_memory:ce=0
Port [ k_weights]:  wired=0; compound=1; hidden=1; nouse=1; global=1; static=1; extern=0; dir=0; type=1; pingpong=0; private_global=0; linkage=7; visibility=0; MemPort=[13]; IO mode=ap_memory:ce=0
Port [ v_weights]:  wired=0; compound=1; hidden=1; nouse=1; global=1; static=1; extern=0; dir=0; type=1; pingpong=0; private_global=0; linkage=7; visibility=0; MemPort=[13]; IO mode=ap_memory:ce=0
Port [ cos_tab_V_5]:  wired=0; compound=1; hidden=1; nouse=1; global=1; static=1; extern=0; dir=0; type=1; pingpong=0; private_global=0; linkage=7; visibility=0; MemPort=[1]; IO mode=ap_memory:ce=0
Port [ sin_tab_V_5]:  wired=0; compound=1; hidden=1; nouse=1; global=1; static=1; extern=0; dir=0; type=1; pingpong=0; private_global=0; linkage=7; visibility=0; MemPort=[1]; IO mode=ap_memory:ce=0
Port [ k_cache_V]:  wired=0; compound=1; hidden=1; nouse=1; global=1; static=1; extern=0; dir=0; type=1; pingpong=0; private_global=0; linkage=7; visibility=0; MemPort=[1]; IO mode=ap_memory:ce=0
Port [ v_cache_V]:  wired=0; compound=1; hidden=1; nouse=1; global=1; static=1; extern=0; dir=0; type=1; pingpong=0; private_global=0; linkage=7; visibility=0; MemPort=[1]; IO mode=ap_memory:ce=0
Port [ f_x_msb_4_h_table_V]:  wired=0; compound=1; hidden=1; nouse=1; global=1; static=1; extern=0; dir=0; type=1; pingpong=0; private_global=0; linkage=7; visibility=0; MemPort=[1]; IO mode=ap_memory:ce=0
Port [ f_x_msb_4_l_table_V]:  wired=0; compound=1; hidden=1; nouse=1; global=1; static=1; extern=0; dir=0; type=1; pingpong=0; private_global=0; linkage=7; visibility=0; MemPort=[1]; IO mode=ap_memory:ce=0
Port [ f_x_lsb_table_V]:  wired=0; compound=1; hidden=1; nouse=1; global=1; static=1; extern=0; dir=0; type=1; pingpong=0; private_global=0; linkage=7; visibility=0; MemPort=[1]; IO mode=ap_memory:ce=0
Port [ f_x_msb_3_table_V]:  wired=0; compound=1; hidden=1; nouse=1; global=1; static=1; extern=0; dir=0; type=1; pingpong=0; private_global=0; linkage=7; visibility=0; MemPort=[1]; IO mode=ap_memory:ce=0
Port [ f_x_msb_2_table_V]:  wired=0; compound=1; hidden=1; nouse=1; global=1; static=1; extern=0; dir=0; type=1; pingpong=0; private_global=0; linkage=7; visibility=0; MemPort=[1]; IO mode=ap_memory:ce=0
Port [ exp_x_msb_1_table_V]:  wired=0; compound=1; hidden=1; nouse=1; global=1; static=1; extern=0; dir=0; type=1; pingpong=0; private_global=0; linkage=7; visibility=0; MemPort=[1]; IO mode=ap_memory:ce=0
Port [ ln_weight_V]:  wired=0; compound=1; hidden=1; nouse=1; global=1; static=1; extern=0; dir=0; type=1; pingpong=0; private_global=0; linkage=7; visibility=0; MemPort=[13]; IO mode=ap_memory:ce=0
Port [ o_weights]:  wired=0; compound=1; hidden=1; nouse=1; global=1; static=1; extern=0; dir=0; type=1; pingpong=0; private_global=0; linkage=7; visibility=0; MemPort=[13]; IO mode=ap_memory:ce=0
---------------- STG Properties END ------------------

---------------- Datapath Model BEGIN ----------------

<LifeTime>
<method=bitvector/>
empty             (specinterface    ) [ 000000]
empty_89          (specinterface    ) [ 000000]
specbitsmap_ln0   (specbitsmap      ) [ 000000]
specbitsmap_ln0   (specbitsmap      ) [ 000000]
spectopmodule_ln0 (spectopmodule    ) [ 000000]
input_0_V         (alloca           ) [ 001100]
output_0          (alloca           ) [ 001111]
br_ln19           (br               ) [ 011000]
j_0_0             (phi              ) [ 001000]
icmp_ln19         (icmp             ) [ 001000]
empty_90          (speclooptripcount) [ 000000]
add_ln19          (add              ) [ 011000]
br_ln19           (br               ) [ 000000]
zext_ln20         (zext             ) [ 000000]
tmp_V             (read             ) [ 000000]
shl_ln            (bitconcatenate   ) [ 000000]
sext_ln728        (sext             ) [ 000000]
input_0_V_addr    (getelementptr    ) [ 000000]
store_ln20        (store            ) [ 000000]
br_ln19           (br               ) [ 011000]
call_ln24         (call             ) [ 000000]
br_ln51           (br               ) [ 000111]
j9_0_0            (phi              ) [ 000010]
icmp_ln51         (icmp             ) [ 000011]
empty_91          (speclooptripcount) [ 000000]
add_ln51          (add              ) [ 000111]
br_ln51           (br               ) [ 000000]
zext_ln52         (zext             ) [ 000000]
output_0_addr     (getelementptr    ) [ 000001]
ret_ln53          (ret              ) [ 000000]
output_0_load     (load             ) [ 000000]
tmp_V_4           (partselect       ) [ 000000]
write_ln52        (write            ) [ 000000]
br_ln51           (br               ) [ 000111]
</LifeTime>

<model>

<comp_list>
<comp id="0" class="1000" name="strm_in_V_V">
<pin_list>
<pin id="1" dir="1" index="0" bw="1" slack="0"/>
</pin_list>
<bind>
<StgValue><ssdm name="strm_in_V_V"/></StgValue>
</bind>
</comp>

<comp id="2" class="1000" name="strm_out_V_V">
<pin_list>
<pin id="3" dir="1" index="0" bw="1" slack="0"/>
</pin_list>
<bind>
<StgValue><ssdm name="strm_out_V_V"/></StgValue>
</bind>
</comp>

<comp id="4" class="1000" name="ln_weight_in_V">
<pin_list>
<pin id="5" dir="1" index="0" bw="1" slack="0"/>
</pin_list>
<bind>
<StgValue><ssdm name="ln_weight_in_V"/><MemPortTyVec>1 3 </MemPortTyVec>
</StgValue>
</bind>
</comp>

<comp id="6" class="1000" name="q_weights">
<pin_list>
<pin id="7" dir="1" index="0" bw="1" slack="0"/>
</pin_list>
<bind>
<StgValue><ssdm name="q_weights"/><MemPortTyVec>1 3 </MemPortTyVec>
</StgValue>
</bind>
</comp>

<comp id="8" class="1000" name="k_weights">
<pin_list>
<pin id="9" dir="1" index="0" bw="1" slack="0"/>
</pin_list>
<bind>
<StgValue><ssdm name="k_weights"/><MemPortTyVec>1 3 </MemPortTyVec>
</StgValue>
</bind>
</comp>

<comp id="10" class="1000" name="v_weights">
<pin_list>
<pin id="11" dir="1" index="0" bw="1" slack="0"/>
</pin_list>
<bind>
<StgValue><ssdm name="v_weights"/><MemPortTyVec>1 3 </MemPortTyVec>
</StgValue>
</bind>
</comp>

<comp id="12" class="1000" name="cos_tab_V_5">
<pin_list>
<pin id="13" dir="1" index="0" bw="1" slack="0"/>
</pin_list>
<bind>
<StgValue><ssdm name="cos_tab_V_5"/><MemPortTyVec>1 </MemPortTyVec>
</StgValue>
</bind>
</comp>

<comp id="14" class="1000" name="sin_tab_V_5">
<pin_list>
<pin id="15" dir="1" index="0" bw="1" slack="0"/>
</pin_list>
<bind>
<StgValue><ssdm name="sin_tab_V_5"/><MemPortTyVec>1 </MemPortTyVec>
</StgValue>
</bind>
</comp>

<comp id="16" class="1000" name="k_cache_V">
<pin_list>
<pin id="17" dir="1" index="0" bw="1" slack="0"/>
</pin_list>
<bind>
<StgValue><ssdm name="k_cache_V"/><MemPortTyVec>1 </MemPortTyVec>
</StgValue>
</bind>
</comp>

<comp id="18" class="1000" name="v_cache_V">
<pin_list>
<pin id="19" dir="1" index="0" bw="1" slack="0"/>
</pin_list>
<bind>
<StgValue><ssdm name="v_cache_V"/><MemPortTyVec>1 </MemPortTyVec>
</StgValue>
</bind>
</comp>

<comp id="20" class="1000" name="f_x_msb_4_h_table_V">
<pin_list>
<pin id="21" dir="1" index="0" bw="1" slack="0"/>
</pin_list>
<bind>
<StgValue><ssdm name="f_x_msb_4_h_table_V"/><MemPortTyVec>1 </MemPortTyVec>
</StgValue>
</bind>
</comp>

<comp id="22" class="1000" name="f_x_msb_4_l_table_V">
<pin_list>
<pin id="23" dir="1" index="0" bw="1" slack="0"/>
</pin_list>
<bind>
<StgValue><ssdm name="f_x_msb_4_l_table_V"/><MemPortTyVec>1 </MemPortTyVec>
</StgValue>
</bind>
</comp>

<comp id="24" class="1000" name="f_x_lsb_table_V">
<pin_list>
<pin id="25" dir="1" index="0" bw="1" slack="0"/>
</pin_list>
<bind>
<StgValue><ssdm name="f_x_lsb_table_V"/><MemPortTyVec>1 </MemPortTyVec>
</StgValue>
</bind>
</comp>

<comp id="26" class="1000" name="f_x_msb_3_table_V">
<pin_list>
<pin id="27" dir="1" index="0" bw="1" slack="0"/>
</pin_list>
<bind>
<StgValue><ssdm name="f_x_msb_3_table_V"/><MemPortTyVec>1 </MemPortTyVec>
</StgValue>
</bind>
</comp>

<comp id="28" class="1000" name="f_x_msb_2_table_V">
<pin_list>
<pin id="29" dir="1" index="0" bw="1" slack="0"/>
</pin_list>
<bind>
<StgValue><ssdm name="f_x_msb_2_table_V"/><MemPortTyVec>1 </MemPortTyVec>
</StgValue>
</bind>
</comp>

<comp id="30" class="1000" name="exp_x_msb_1_table_V">
<pin_list>
<pin id="31" dir="1" index="0" bw="1" slack="0"/>
</pin_list>
<bind>
<StgValue><ssdm name="exp_x_msb_1_table_V"/><MemPortTyVec>1 </MemPortTyVec>
</StgValue>
</bind>
</comp>

<comp id="32" class="1000" name="ln_weight_V">
<pin_list>
<pin id="33" dir="1" index="0" bw="1" slack="0"/>
</pin_list>
<bind>
<StgValue><ssdm name="ln_weight_V"/><MemPortTyVec>1 3 </MemPortTyVec>
</StgValue>
</bind>
</comp>

<comp id="34" class="1000" name="o_weights">
<pin_list>
<pin id="35" dir="1" index="0" bw="1" slack="0"/>
</pin_list>
<bind>
<StgValue><ssdm name="o_weights"/><MemPortTyVec>1 3 </MemPortTyVec>
</StgValue>
</bind>
</comp>

<comp id="36" class="1001" name="const_36">
<pin_list>
<pin id="37" dir="1" index="0" bw="1" slack="2147483647"/>
</pin_list>
<bind>
<StgValue><ssdm name="_ssdm_op_SpecInterface"/></StgValue>
</bind>
</comp>

<comp id="38" class="1001" name="const_38">
<pin_list>
<pin id="39" dir="1" index="0" bw="1" slack="2147483647"/>
</pin_list>
<bind>
<StgValue><ssdm name="ap_fifo_str"/></StgValue>
</bind>
</comp>

<comp id="40" class="1001" name="const_40">
<pin_list>
<pin id="41" dir="1" index="0" bw="1" slack="2147483647"/>
</pin_list>
<bind>
<StgValue><ssdm name=""/></StgValue>
</bind>
</comp>

<comp id="42" class="1001" name="const_42">
<pin_list>
<pin id="43" dir="1" index="0" bw="1" slack="2147483647"/>
</pin_list>
<bind>
<StgValue><ssdm name="p_str"/></StgValue>
</bind>
</comp>

<comp id="44" class="1001" name="const_44">
<pin_list>
<pin id="45" dir="1" index="0" bw="1" slack="0"/>
</pin_list>
<bind>
<StgValue><ssdm name=""/></StgValue>
</bind>
</comp>

<comp id="46" class="1001" name="const_46">
<pin_list>
<pin id="47" dir="1" index="0" bw="1" slack="2147483647"/>
</pin_list>
<bind>
<StgValue><ssdm name=""/></StgValue>
</bind>
</comp>

<comp id="48" class="1001" name="const_48">
<pin_list>
<pin id="49" dir="1" index="0" bw="1" slack="2147483647"/>
</pin_list>
<bind>
<StgValue><ssdm name="_ssdm_op_SpecBitsMap"/></StgValue>
</bind>
</comp>

<comp id="50" class="1001" name="const_50">
<pin_list>
<pin id="51" dir="1" index="0" bw="1" slack="2147483647"/>
</pin_list>
<bind>
<StgValue><ssdm name="_ssdm_op_SpecTopModule"/></StgValue>
</bind>
</comp>

<comp id="52" class="1001" name="const_52">
<pin_list>
<pin id="53" dir="1" index="0" bw="1" slack="2147483647"/>
</pin_list>
<bind>
<StgValue><ssdm name="dut_str"/></StgValue>
</bind>
</comp>

<comp id="54" class="1001" name="const_54">
<pin_list>
<pin id="55" dir="1" index="0" bw="1" slack="0"/>
</pin_list>
<bind>
<StgValue><ssdm name=""/></StgValue>
</bind>
</comp>

<comp id="56" class="1001" name="const_56">
<pin_list>
<pin id="57" dir="1" index="0" bw="1" slack="1"/>
</pin_list>
<bind>
<StgValue><ssdm name=""/></StgValue>
</bind>
</comp>

<comp id="58" class="1001" name="const_58">
<pin_list>
<pin id="59" dir="1" index="0" bw="1" slack="0"/>
</pin_list>
<bind>
<StgValue><ssdm name=""/></StgValue>
</bind>
</comp>

<comp id="60" class="1001" name="const_60">
<pin_list>
<pin id="61" dir="1" index="0" bw="1" slack="2147483647"/>
</pin_list>
<bind>
<StgValue><ssdm name="_ssdm_op_SpecLoopTripCount"/></StgValue>
</bind>
</comp>

<comp id="62" class="1001" name="const_62">
<pin_list>
<pin id="63" dir="1" index="0" bw="1" slack="2147483647"/>
</pin_list>
<bind>
<StgValue><ssdm name=""/></StgValue>
</bind>
</comp>

<comp id="64" class="1001" name="const_64">
<pin_list>
<pin id="65" dir="1" index="0" bw="1" slack="0"/>
</pin_list>
<bind>
<StgValue><ssdm name=""/></StgValue>
</bind>
</comp>

<comp id="66" class="1001" name="const_66">
<pin_list>
<pin id="67" dir="1" index="0" bw="1" slack="0"/>
</pin_list>
<bind>
<StgValue><ssdm name="_ssdm_op_Read.ap_fifo.volatile.i32P"/></StgValue>
</bind>
</comp>

<comp id="68" class="1001" name="const_68">
<pin_list>
<pin id="69" dir="1" index="0" bw="1" slack="0"/>
</pin_list>
<bind>
<StgValue><ssdm name="_ssdm_op_BitConcatenate.i34.i32.i2"/></StgValue>
</bind>
</comp>

<comp id="70" class="1001" name="const_70">
<pin_list>
<pin id="71" dir="1" index="0" bw="1" slack="0"/>
</pin_list>
<bind>
<StgValue><ssdm name=""/></StgValue>
</bind>
</comp>

<comp id="72" class="1001" name="const_72">
<pin_list>
<pin id="73" dir="1" index="0" bw="1" slack="0"/>
</pin_list>
<bind>
<StgValue><ssdm name=""/></StgValue>
</bind>
</comp>

<comp id="74" class="1001" name="const_74">
<pin_list>
<pin id="75" dir="1" index="0" bw="1" slack="0"/>
</pin_list>
<bind>
<StgValue><ssdm name="attention"/></StgValue>
</bind>
</comp>

<comp id="76" class="1001" name="const_76">
<pin_list>
<pin id="77" dir="1" index="0" bw="1" slack="0"/>
</pin_list>
<bind>
<StgValue><ssdm name="_ssdm_op_PartSelect.i32.i38.i32.i32"/></StgValue>
</bind>
</comp>

<comp id="78" class="1001" name="const_78">
<pin_list>
<pin id="79" dir="1" index="0" bw="1" slack="0"/>
</pin_list>
<bind>
<StgValue><ssdm name=""/></StgValue>
</bind>
</comp>

<comp id="80" class="1001" name="const_80">
<pin_list>
<pin id="81" dir="1" index="0" bw="1" slack="0"/>
</pin_list>
<bind>
<StgValue><ssdm name="_ssdm_op_Write.ap_fifo.volatile.i32P"/></StgValue>
</bind>
</comp>

<comp id="82" class="1004" name="input_0_V_alloca_fu_82">
<pin_list>
<pin id="83" dir="0" index="0" bw="1" slack="0"/>
<pin id="84" dir="1" index="1" bw="38" slack="2147483647"/>
</pin_list>
<bind>
<opcode="alloca(26) " fcode="alloca"/>
<opset="input_0_V/1 "/>
</bind>
</comp>

<comp id="86" class="1004" name="output_0_alloca_fu_86">
<pin_list>
<pin id="87" dir="0" index="0" bw="1" slack="0"/>
<pin id="88" dir="1" index="1" bw="38" slack="2147483647"/>
</pin_list>
<bind>
<opcode="alloca(26) " fcode="alloca"/>
<opset="output_0/1 "/>
</bind>
</comp>

<comp id="90" class="1004" name="tmp_V_read_fu_90">
<pin_list>
<pin id="91" dir="0" index="0" bw="32" slack="0"/>
<pin id="92" dir="0" index="1" bw="32" slack="0"/>
<pin id="93" dir="1" index="2" bw="32" slack="0"/>
</pin_list>
<bind>
<opcode="read(1150) " fcode="read"/>
<opset="tmp_V/2 "/>
</bind>
</comp>

<comp id="96" class="1004" name="write_ln52_write_fu_96">
<pin_list>
<pin id="97" dir="0" index="0" bw="0" slack="0"/>
<pin id="98" dir="0" index="1" bw="32" slack="0"/>
<pin id="99" dir="0" index="2" bw="32" slack="0"/>
<pin id="100" dir="1" index="3" bw="0" slack="2147483647"/>
</pin_list>
<bind>
<opcode="write(1151) " fcode="write"/>
<opset="write_ln52/5 "/>
</bind>
</comp>

<comp id="103" class="1004" name="input_0_V_addr_gep_fu_103">
<pin_list>
<pin id="104" dir="0" index="0" bw="38" slack="2147483647"/>
<pin id="105" dir="0" index="1" bw="1" slack="0"/>
<pin id="106" dir="0" index="2" bw="5" slack="0"/>
<pin id="107" dir="1" index="3" bw="5" slack="0"/>
</pin_list>
<bind>
<opcode="getelementptr(29) " fcode="getelementptr"/>
<opset="input_0_V_addr/2 "/>
</bind>
</comp>

<comp id="109" class="1004" name="store_ln20_access_fu_109">
<pin_list>
<pin id="110" dir="0" index="0" bw="5" slack="0"/>
<pin id="111" dir="0" index="1" bw="38" slack="0"/>
<pin id="112" dir="0" index="2" bw="0" slack="2147483647"/>
<pin id="113" dir="1" index="3" bw="38" slack="2147483647"/>
</pin_list>
<bind>
<opcode="store(28) " fcode="store"/>
<opset="store_ln20/2 "/>
</bind>
</comp>

<comp id="115" class="1004" name="output_0_addr_gep_fu_115">
<pin_list>
<pin id="116" dir="0" index="0" bw="38" slack="2147483647"/>
<pin id="117" dir="0" index="1" bw="1" slack="0"/>
<pin id="118" dir="0" index="2" bw="5" slack="0"/>
<pin id="119" dir="1" index="3" bw="5" slack="0"/>
</pin_list>
<bind>
<opcode="getelementptr(29) " fcode="getelementptr"/>
<opset="output_0_addr/4 "/>
</bind>
</comp>

<comp id="121" class="1004" name="grp_access_fu_121">
<pin_list>
<pin id="122" dir="0" index="0" bw="5" slack="0"/>
<pin id="123" dir="0" index="1" bw="38" slack="2147483647"/>
<pin id="124" dir="0" index="2" bw="0" slack="2147483647"/>
<pin id="125" dir="1" index="3" bw="38" slack="0"/>
</pin_list>
<bind>
<opcode="load(27) " fcode="load"/>
<opset="output_0_load/4 "/>
</bind>
</comp>

<comp id="127" class="1005" name="j_0_0_reg_127">
<pin_list>
<pin id="128" dir="0" index="0" bw="5" slack="1"/>
<pin id="129" dir="1" index="1" bw="5" slack="1"/>
</pin_list>
<bind>
<opset="j_0_0 (phireg) "/>
</bind>
</comp>

<comp id="131" class="1004" name="j_0_0_phi_fu_131">
<pin_list>
<pin id="132" dir="0" index="0" bw="5" slack="0"/>
<pin id="133" dir="0" index="1" bw="0" slack="2147483647"/>
<pin id="134" dir="0" index="2" bw="1" slack="1"/>
<pin id="135" dir="0" index="3" bw="0" slack="2147483647"/>
<pin id="136" dir="1" index="4" bw="5" slack="0"/>
</pin_list>
<bind>
<opcode="phi(47) " fcode="phi"/>
<opset="j_0_0/2 "/>
</bind>
</comp>

<comp id="138" class="1005" name="j9_0_0_reg_138">
<pin_list>
<pin id="139" dir="0" index="0" bw="5" slack="1"/>
<pin id="140" dir="1" index="1" bw="5" slack="1"/>
</pin_list>
<bind>
<opset="j9_0_0 (phireg) "/>
</bind>
</comp>

<comp id="142" class="1004" name="j9_0_0_phi_fu_142">
<pin_list>
<pin id="143" dir="0" index="0" bw="5" slack="0"/>
<pin id="144" dir="0" index="1" bw="0" slack="2147483647"/>
<pin id="145" dir="0" index="2" bw="1" slack="1"/>
<pin id="146" dir="0" index="3" bw="0" slack="2147483647"/>
<pin id="147" dir="1" index="4" bw="5" slack="0"/>
</pin_list>
<bind>
<opcode="phi(47) " fcode="phi"/>
<opset="j9_0_0/4 "/>
</bind>
</comp>

<comp id="149" class="1004" name="grp_attention_fu_149">
<pin_list>
<pin id="150" dir="0" index="0" bw="0" slack="0"/>
<pin id="151" dir="0" index="1" bw="38" slack="2147483647"/>
<pin id="152" dir="0" index="2" bw="38" slack="2147483647"/>
<pin id="153" dir="0" index="3" bw="38" slack="0"/>
<pin id="154" dir="0" index="4" bw="8" slack="0"/>
<pin id="155" dir="0" index="5" bw="8" slack="0"/>
<pin id="156" dir="0" index="6" bw="8" slack="0"/>
<pin id="157" dir="0" index="7" bw="21" slack="0"/>
<pin id="158" dir="0" index="8" bw="21" slack="0"/>
<pin id="159" dir="0" index="9" bw="24" slack="0"/>
<pin id="160" dir="0" index="10" bw="27" slack="0"/>
<pin id="161" dir="0" index="11" bw="6" slack="0"/>
<pin id="162" dir="0" index="12" bw="7" slack="0"/>
<pin id="163" dir="0" index="13" bw="8" slack="0"/>
<pin id="164" dir="0" index="14" bw="32" slack="0"/>
<pin id="165" dir="0" index="15" bw="46" slack="0"/>
<pin id="166" dir="0" index="16" bw="50" slack="0"/>
<pin id="167" dir="0" index="17" bw="38" slack="0"/>
<pin id="168" dir="0" index="18" bw="8" slack="0"/>
<pin id="169" dir="1" index="19" bw="0" slack="2147483647"/>
</pin_list>
<bind>
<opcode="call(48) " fcode="call"/>
<opset="call_ln24/2 "/>
</bind>
</comp>

<comp id="187" class="1004" name="icmp_ln19_fu_187">
<pin_list>
<pin id="188" dir="0" index="0" bw="5" slack="0"/>
<pin id="189" dir="0" index="1" bw="4" slack="0"/>
<pin id="190" dir="1" index="2" bw="1" slack="2147483647"/>
</pin_list>
<bind>
<opcode="icmp(45) " fcode="icmp"/>
<opset="icmp_ln19/2 "/>
</bind>
</comp>

<comp id="193" class="1004" name="add_ln19_fu_193">
<pin_list>
<pin id="194" dir="0" index="0" bw="5" slack="0"/>
<pin id="195" dir="0" index="1" bw="1" slack="0"/>
<pin id="196" dir="1" index="2" bw="5" slack="0"/>
</pin_list>
<bind>
<opcode="add(8) " fcode="add"/>
<opset="add_ln19/2 "/>
</bind>
</comp>

<comp id="199" class="1004" name="zext_ln20_fu_199">
<pin_list>
<pin id="200" dir="0" index="0" bw="5" slack="0"/>
<pin id="201" dir="1" index="1" bw="64" slack="0"/>
</pin_list>
<bind>
<opcode="zext(34) " fcode="zext"/>
<opset="zext_ln20/2 "/>
</bind>
</comp>

<comp id="204" class="1004" name="shl_ln_fu_204">
<pin_list>
<pin id="205" dir="0" index="0" bw="34" slack="0"/>
<pin id="206" dir="0" index="1" bw="32" slack="0"/>
<pin id="207" dir="0" index="2" bw="1" slack="0"/>
<pin id="208" dir="1" index="3" bw="34" slack="0"/>
</pin_list>
<bind>
<opcode="bitconcatenate(1004) " fcode="bitconcatenate"/>
<opset="shl_ln/2 "/>
</bind>
</comp>

<comp id="212" class="1004" name="sext_ln728_fu_212">
<pin_list>
<pin id="213" dir="0" index="0" bw="34" slack="0"/>
<pin id="214" dir="1" index="1" bw="38" slack="0"/>
</pin_list>
<bind>
<opcode="sext(35) " fcode="sext"/>
<opset="sext_ln728/2 "/>
</bind>
</comp>

<comp id="217" class="1004" name="icmp_ln51_fu_217">
<pin_list>
<pin id="218" dir="0" index="0" bw="5" slack="0"/>
<pin id="219" dir="0" index="1" bw="4" slack="0"/>
<pin id="220" dir="1" index="2" bw="1" slack="2147483647"/>
</pin_list>
<bind>
<opcode="icmp(45) " fcode="icmp"/>
<opset="icmp_ln51/4 "/>
</bind>
</comp>

<comp id="223" class="1004" name="add_ln51_fu_223">
<pin_list>
<pin id="224" dir="0" index="0" bw="5" slack="0"/>
<pin id="225" dir="0" index="1" bw="1" slack="0"/>
<pin id="226" dir="1" index="2" bw="5" slack="0"/>
</pin_list>
<bind>
<opcode="add(8) " fcode="add"/>
<opset="add_ln51/4 "/>
</bind>
</comp>

<comp id="229" class="1004" name="zext_ln52_fu_229">
<pin_list>
<pin id="230" dir="0" index="0" bw="5" slack="0"/>
<pin id="231" dir="1" index="1" bw="64" slack="0"/>
</pin_list>
<bind>
<opcode="zext(34) " fcode="zext"/>
<opset="zext_ln52/4 "/>
</bind>
</comp>

<comp id="234" class="1004" name="tmp_V_4_fu_234">
<pin_list>
<pin id="235" dir="0" index="0" bw="32" slack="0"/>
<pin id="236" dir="0" index="1" bw="38" slack="0"/>
<pin id="237" dir="0" index="2" bw="3" slack="0"/>
<pin id="238" dir="0" index="3" bw="7" slack="0"/>
<pin id="239" dir="1" index="4" bw="32" slack="0"/>
</pin_list>
<bind>
<opcode="partselect(1002) " fcode="partselect"/>
<opset="tmp_V_4/5 "/>
</bind>
</comp>

<comp id="248" class="1005" name="add_ln19_reg_248">
<pin_list>
<pin id="249" dir="0" index="0" bw="5" slack="0"/>
<pin id="250" dir="1" index="1" bw="5" slack="0"/>
</pin_list>
<bind>
<opset="add_ln19 "/>
</bind>
</comp>

<comp id="256" class="1005" name="add_ln51_reg_256">
<pin_list>
<pin id="257" dir="0" index="0" bw="5" slack="0"/>
<pin id="258" dir="1" index="1" bw="5" slack="0"/>
</pin_list>
<bind>
<opset="add_ln51 "/>
</bind>
</comp>

<comp id="261" class="1005" name="output_0_addr_reg_261">
<pin_list>
<pin id="262" dir="0" index="0" bw="5" slack="1"/>
<pin id="263" dir="1" index="1" bw="5" slack="1"/>
</pin_list>
<bind>
<opset="output_0_addr "/>
</bind>
</comp>

</comp_list>

<net_list>
<net id="85"><net_src comp="54" pin="0"/><net_sink comp="82" pin=0"/></net>

<net id="89"><net_src comp="54" pin="0"/><net_sink comp="86" pin=0"/></net>

<net id="94"><net_src comp="66" pin="0"/><net_sink comp="90" pin=0"/></net>

<net id="95"><net_src comp="0" pin="0"/><net_sink comp="90" pin=1"/></net>

<net id="101"><net_src comp="80" pin="0"/><net_sink comp="96" pin=0"/></net>

<net id="102"><net_src comp="2" pin="0"/><net_sink comp="96" pin=1"/></net>

<net id="108"><net_src comp="72" pin="0"/><net_sink comp="103" pin=1"/></net>

<net id="114"><net_src comp="103" pin="3"/><net_sink comp="109" pin=0"/></net>

<net id="120"><net_src comp="72" pin="0"/><net_sink comp="115" pin=1"/></net>

<net id="126"><net_src comp="115" pin="3"/><net_sink comp="121" pin=0"/></net>

<net id="130"><net_src comp="56" pin="0"/><net_sink comp="127" pin=0"/></net>

<net id="137"><net_src comp="127" pin="1"/><net_sink comp="131" pin=2"/></net>

<net id="141"><net_src comp="56" pin="0"/><net_sink comp="138" pin=0"/></net>

<net id="148"><net_src comp="138" pin="1"/><net_sink comp="142" pin=2"/></net>

<net id="170"><net_src comp="74" pin="0"/><net_sink comp="149" pin=0"/></net>

<net id="171"><net_src comp="4" pin="0"/><net_sink comp="149" pin=3"/></net>

<net id="172"><net_src comp="6" pin="0"/><net_sink comp="149" pin=4"/></net>

<net id="173"><net_src comp="8" pin="0"/><net_sink comp="149" pin=5"/></net>

<net id="174"><net_src comp="10" pin="0"/><net_sink comp="149" pin=6"/></net>

<net id="175"><net_src comp="12" pin="0"/><net_sink comp="149" pin=7"/></net>

<net id="176"><net_src comp="14" pin="0"/><net_sink comp="149" pin=8"/></net>

<net id="177"><net_src comp="16" pin="0"/><net_sink comp="149" pin=9"/></net>

<net id="178"><net_src comp="18" pin="0"/><net_sink comp="149" pin=10"/></net>

<net id="179"><net_src comp="20" pin="0"/><net_sink comp="149" pin=11"/></net>

<net id="180"><net_src comp="22" pin="0"/><net_sink comp="149" pin=12"/></net>

<net id="181"><net_src comp="24" pin="0"/><net_sink comp="149" pin=13"/></net>

<net id="182"><net_src comp="26" pin="0"/><net_sink comp="149" pin=14"/></net>

<net id="183"><net_src comp="28" pin="0"/><net_sink comp="149" pin=15"/></net>

<net id="184"><net_src comp="30" pin="0"/><net_sink comp="149" pin=16"/></net>

<net id="185"><net_src comp="32" pin="0"/><net_sink comp="149" pin=17"/></net>

<net id="186"><net_src comp="34" pin="0"/><net_sink comp="149" pin=18"/></net>

<net id="191"><net_src comp="131" pin="4"/><net_sink comp="187" pin=0"/></net>

<net id="192"><net_src comp="58" pin="0"/><net_sink comp="187" pin=1"/></net>

<net id="197"><net_src comp="131" pin="4"/><net_sink comp="193" pin=0"/></net>

<net id="198"><net_src comp="64" pin="0"/><net_sink comp="193" pin=1"/></net>

<net id="202"><net_src comp="131" pin="4"/><net_sink comp="199" pin=0"/></net>

<net id="203"><net_src comp="199" pin="1"/><net_sink comp="103" pin=2"/></net>

<net id="209"><net_src comp="68" pin="0"/><net_sink comp="204" pin=0"/></net>

<net id="210"><net_src comp="90" pin="2"/><net_sink comp="204" pin=1"/></net>

<net id="211"><net_src comp="70" pin="0"/><net_sink comp="204" pin=2"/></net>

<net id="215"><net_src comp="204" pin="3"/><net_sink comp="212" pin=0"/></net>

<net id="216"><net_src comp="212" pin="1"/><net_sink comp="109" pin=1"/></net>

<net id="221"><net_src comp="142" pin="4"/><net_sink comp="217" pin=0"/></net>

<net id="222"><net_src comp="58" pin="0"/><net_sink comp="217" pin=1"/></net>

<net id="227"><net_src comp="142" pin="4"/><net_sink comp="223" pin=0"/></net>

<net id="228"><net_src comp="64" pin="0"/><net_sink comp="223" pin=1"/></net>

<net id="232"><net_src comp="142" pin="4"/><net_sink comp="229" pin=0"/></net>

<net id="233"><net_src comp="229" pin="1"/><net_sink comp="115" pin=2"/></net>

<net id="240"><net_src comp="76" pin="0"/><net_sink comp="234" pin=0"/></net>

<net id="241"><net_src comp="121" pin="3"/><net_sink comp="234" pin=1"/></net>

<net id="242"><net_src comp="44" pin="0"/><net_sink comp="234" pin=2"/></net>

<net id="243"><net_src comp="78" pin="0"/><net_sink comp="234" pin=3"/></net>

<net id="244"><net_src comp="234" pin="4"/><net_sink comp="96" pin=2"/></net>

<net id="251"><net_src comp="193" pin="2"/><net_sink comp="248" pin=0"/></net>

<net id="252"><net_src comp="248" pin="1"/><net_sink comp="131" pin=0"/></net>

<net id="259"><net_src comp="223" pin="2"/><net_sink comp="256" pin=0"/></net>

<net id="260"><net_src comp="256" pin="1"/><net_sink comp="142" pin=0"/></net>

<net id="264"><net_src comp="115" pin="3"/><net_sink comp="261" pin=0"/></net>

<net id="265"><net_src comp="261" pin="1"/><net_sink comp="121" pin=0"/></net>

</net_list>

</model> 
---------------- Datapath Model END ------------------

* FSMD analyzer results:
  - Output states:
	Port: strm_out_V_V | {5 }
 - Input state : 
	Port: dut : strm_in_V_V | {2 }
	Port: dut : ln_weight_in_V | {2 3 }
	Port: dut : q_weights | {2 3 }
	Port: dut : k_weights | {2 3 }
	Port: dut : v_weights | {2 3 }
	Port: dut : cos_tab_V_5 | {2 3 }
	Port: dut : sin_tab_V_5 | {2 3 }
	Port: dut : k_cache_V | {2 3 }
	Port: dut : v_cache_V | {2 3 }
	Port: dut : f_x_msb_4_h_table_V | {2 3 }
	Port: dut : f_x_msb_4_l_table_V | {2 3 }
	Port: dut : f_x_lsb_table_V | {2 3 }
	Port: dut : f_x_msb_3_table_V | {2 3 }
	Port: dut : f_x_msb_2_table_V | {2 3 }
	Port: dut : exp_x_msb_1_table_V | {2 3 }
	Port: dut : ln_weight_V | {2 3 }
	Port: dut : o_weights | {2 3 }
  - Chain level:
	State 1
	State 2
		icmp_ln19 : 1
		add_ln19 : 1
		br_ln19 : 2
		zext_ln20 : 1
		sext_ln728 : 1
		input_0_V_addr : 2
		store_ln20 : 2
	State 3
	State 4
		icmp_ln51 : 1
		add_ln51 : 1
		br_ln51 : 2
		zext_ln52 : 1
		output_0_addr : 2
		output_0_load : 3
	State 5
		tmp_V_4 : 1
		write_ln52 : 2


============================================================
+ Verbose Summary: Datapath Resource usage 
============================================================

* Functional unit list:
|----------|------------------------|---------|---------|---------|---------|---------|---------|
| Operation|     Functional Unit    |   BRAM  |  DSP48E |  Delay  |    FF   |   LUT   |   URAM  |
|----------|------------------------|---------|---------|---------|---------|---------|---------|
|   call   |  grp_attention_fu_149  |    21   |   107   | 112.507 |  20022  |  20996  |    0    |
|----------|------------------------|---------|---------|---------|---------|---------|---------|
|    add   |     add_ln19_fu_193    |    0    |    0    |    0    |    0    |    15   |    0    |
|          |     add_ln51_fu_223    |    0    |    0    |    0    |    0    |    15   |    0    |
|----------|------------------------|---------|---------|---------|---------|---------|---------|
|   icmp   |    icmp_ln19_fu_187    |    0    |    0    |    0    |    0    |    11   |    0    |
|          |    icmp_ln51_fu_217    |    0    |    0    |    0    |    0    |    11   |    0    |
|----------|------------------------|---------|---------|---------|---------|---------|---------|
|   read   |    tmp_V_read_fu_90    |    0    |    0    |    0    |    0    |    0    |    0    |
|----------|------------------------|---------|---------|---------|---------|---------|---------|
|   write  | write_ln52_write_fu_96 |    0    |    0    |    0    |    0    |    0    |    0    |
|----------|------------------------|---------|---------|---------|---------|---------|---------|
|   zext   |    zext_ln20_fu_199    |    0    |    0    |    0    |    0    |    0    |    0    |
|          |    zext_ln52_fu_229    |    0    |    0    |    0    |    0    |    0    |    0    |
|----------|------------------------|---------|---------|---------|---------|---------|---------|
|bitconcatenate|      shl_ln_fu_204     |    0    |    0    |    0    |    0    |    0    |    0    |
|----------|------------------------|---------|---------|---------|---------|---------|---------|
|   sext   |    sext_ln728_fu_212   |    0    |    0    |    0    |    0    |    0    |    0    |
|----------|------------------------|---------|---------|---------|---------|---------|---------|
|partselect|     tmp_V_4_fu_234     |    0    |    0    |    0    |    0    |    0    |    0    |
|----------|------------------------|---------|---------|---------|---------|---------|---------|
|   Total  |                        |    21   |   107   | 112.507 |  20022  |  21048  |    0    |
|----------|------------------------|---------|---------|---------|---------|---------|---------|

Memories:
+-------------------+--------+--------+--------+--------+
|                   |  BRAM  |   FF   |   LUT  |  URAM  |
+-------------------+--------+--------+--------+--------+
|    cos_tab_V_5    |    1   |    0   |    0   |    -   |
|exp_x_msb_1_table_V|    2   |    0   |    0   |    -   |
|  f_x_lsb_table_V  |    0   |    8   |    2   |    -   |
| f_x_msb_2_table_V |    2   |    0   |    0   |    -   |
| f_x_msb_3_table_V |    1   |    0   |    0   |    -   |
|f_x_msb_4_h_table_V|    0   |    6   |    1   |    -   |
|f_x_msb_4_l_table_V|    0   |    7   |    1   |    -   |
|     input_0_V     |    0   |   76   |   15   |    0   |
|     k_cache_V     |    1   |    0   |    0   |    -   |
|     k_weights     |    1   |    0   |    0   |    0   |
|    ln_weight_V    |    0   |   76   |   15   |    0   |
|   ln_weight_in_V  |    0   |   76   |   15   |    0   |
|     o_weights     |    1   |    0   |    0   |    0   |
|      output_0     |    3   |    0   |    0   |    0   |
|     q_weights     |    1   |    0   |    0   |    0   |
|    sin_tab_V_5    |    1   |    0   |    0   |    -   |
|     v_cache_V     |    2   |    0   |    0   |    -   |
|     v_weights     |    1   |    0   |    0   |    0   |
+-------------------+--------+--------+--------+--------+
|       Total       |   17   |   249  |   49   |    0   |
+-------------------+--------+--------+--------+--------+

* Register list:
+---------------------+--------+
|                     |   FF   |
+---------------------+--------+
|   add_ln19_reg_248  |    5   |
|   add_ln51_reg_256  |    5   |
|    j9_0_0_reg_138   |    5   |
|    j_0_0_reg_127    |    5   |
|output_0_addr_reg_261|    5   |
+---------------------+--------+
|        Total        |   25   |
+---------------------+--------+

* Multiplexer (MUX) list: 
|-------------------|------|------|------|--------||---------||---------|
|        Comp       |  Pin | Size |  BW  | S x BW ||  Delay  ||   LUT   |
|-------------------|------|------|------|--------||---------||---------|
| grp_access_fu_121 |  p0  |   2  |   5  |   10   ||    9    |
|-------------------|------|------|------|--------||---------||---------|
|       Total       |      |      |      |   10   ||  1.769  ||    9    |
|-------------------|------|------|------|--------||---------||---------|



* Summary:
+-----------+--------+--------+--------+--------+--------+--------+
|           |  BRAM  | DSP48E |  Delay |   FF   |   LUT  |  URAM  |
+-----------+--------+--------+--------+--------+--------+--------+
|  Function |   21   |   107  |   112  |  20022 |  21048 |    0   |
|   Memory  |   17   |    -   |    -   |   249  |   49   |    0   |
|Multiplexer|    -   |    -   |    1   |    -   |    9   |    -   |
|  Register |    -   |    -   |    -   |   25   |    -   |    -   |
+-----------+--------+--------+--------+--------+--------+--------+
|   Total   |   38   |   107  |   114  |  20296 |  21106 |    0   |
+-----------+--------+--------+--------+--------+--------+--------+
