

================================================================
== Vivado HLS Report for 'attention'
================================================================
* Date:           Wed Dec 11 23:43:01 2024

* Version:        2019.2 (Build 2704478 on Wed Nov 06 22:10:23 MST 2019)
* Project:        out.prj
* Solution:       solution1
* Product family: zynq
* Target device:  xc7z020-clg484-1


================================================================
== Performance Estimates
================================================================
+ Timing: 
    * Summary: 
    +--------+----------+----------+------------+
    |  Clock |  Target  | Estimated| Uncertainty|
    +--------+----------+----------+------------+
    |ap_clk  | 10.00 ns | 9.386 ns |   1.25 ns  |
    +--------+----------+----------+------------+

+ Latency: 
    * Summary: 
    +----------+-----------+-----------+-----------+----------+-----------+---------+
    |   Latency (cycles)   |   Latency (absolute)  |       Interval       | Pipeline|
    |    min   |    max    |    min    |    max    |    min   |    max    |   Type  |
    +----------+-----------+-----------+-----------+----------+-----------+---------+
    |  26559620|  139805828| 0.266 sec | 1.398 sec |  26559620|  139805828|   none  |
    +----------+-----------+-----------+-----------+----------+-----------+---------+

    + Detail: 
        * Instance: 
        +---------------------------------+----------------------+---------+----------+-----------+-----------+---------+----------+---------+
        |                                 |                      |  Latency (cycles)  |   Latency (absolute)  |      Interval      | Pipeline|
        |             Instance            |        Module        |   min   |    max   |    min    |    max    |   min   |    max   |   Type  |
        +---------------------------------+----------------------+---------+----------+-----------+-----------+---------+----------+---------+
        |grp_softmax_fu_764               |softmax               |     5954|      5954| 59.540 us | 59.540 us |     5954|      5954|   none  |
        |grp_rms_norm_fu_784              |rms_norm              |    33854|     33854|  0.339 ms |  0.339 ms |    33854|     33854|   none  |
        |grp_apply_rotary_pos_emb_fu_808  |apply_rotary_pos_emb  |    23173|     23173|  0.232 ms |  0.232 ms |    23173|     23173|   none  |
        |grp_quantize_activation_fu_822   |quantize_activation   |    32275|     32275|  0.323 ms |  0.323 ms |    32275|     32275|   none  |
        |grp_linear_forward_no_mu_fu_830  |linear_forward_no_mu  |  6518788|  34830340| 65.188 ms | 0.348 sec |  6518788|  34830340|   none  |
        |grp_GEMM_3D_float_fu_846         |GEMM_3D_float         |   120033|    120033|  1.200 ms |  1.200 ms |   120033|    120033|   none  |
        |grp_GEMM_3D_float2_fu_854        |GEMM_3D_float2        |   122913|    122913|  1.229 ms |  1.229 ms |   122913|    122913|   none  |
        |grp_cache_update_fu_861          |cache_update          |    18657|     18657|  0.187 ms |  0.187 ms |    18657|     18657|   none  |
        |grp_transpose_last_two_d_fu_871  |transpose_last_two_d  |    18657|     18657|  0.187 ms |  0.187 ms |    18657|     18657|   none  |
        |grp_reshape_2D_to_3D_fu_878      |reshape_2D_to_3D      |     3105|      3105| 31.050 us | 31.050 us |     3105|      3105|   none  |
        +---------------------------------+----------------------+---------+----------+-----------+-----------+---------+----------+---------+

        * Loop: 
        +-----------------+---------+---------+----------+-----------+-----------+------+----------+
        |                 |  Latency (cycles) | Iteration|  Initiation Interval  | Trip |          |
        |    Loop Name    |   min   |   max   |  Latency |  achieved |   target  | Count| Pipelined|
        +-----------------+---------+---------+----------+-----------+-----------+------+----------+
        |- Loop 1         |     1536|     1536|         1|          -|          -|  1536|    no    |
        |- Loop 2         |     1536|     1536|         1|          -|          -|  1536|    no    |
        |- Loop 3         |     1536|     1536|         1|          -|          -|  1536|    no    |
        |- Loop 4         |     1536|     1536|         1|          -|          -|  1536|    no    |
        |- Loop 5         |     1568|     1568|        98|          -|          -|    16|    no    |
        | + Loop 5.1      |       96|       96|         1|          -|          -|    96|    no    |
        |- Loop 6         |     1568|     1568|        98|          -|          -|    16|    no    |
        | + Loop 6.1      |       96|       96|         1|          -|          -|    96|    no    |
        |- Loop 7         |     9440|     9440|       590|          -|          -|    16|    no    |
        | + Loop 7.1      |      588|      588|        98|          -|          -|     6|    no    |
        |  ++ Loop 7.1.1  |       96|       96|         1|          -|          -|    96|    no    |
        |- Loop 8         |     9440|     9440|       590|          -|          -|    16|    no    |
        | + Loop 8.1      |      588|      588|        98|          -|          -|     6|    no    |
        |  ++ Loop 8.1.1  |       96|       96|         1|          -|          -|    96|    no    |
        |- Loop 9         |      128|      128|         8|          -|          -|    16|    no    |
        | + Loop 9.1      |        6|        6|         1|          -|          -|     6|    no    |
        |- l_S_i_0_i10    |     1856|     1856|       116|          -|          -|    16|    no    |
        | + l_S_k_0_k9    |      114|      114|        19|          -|          -|     6|    no    |
        |- l_S_h_3_h6     |      128|      128|         8|          -|          -|    16|    no    |
        |- Loop 12        |      128|      128|         8|          -|          -|    16|    no    |
        | + Loop 12.1     |        6|        6|         1|          -|          -|     6|    no    |
        |- Loop 13        |     1568|     1568|        98|          -|          -|    16|    no    |
        | + Loop 13.1     |       96|       96|         1|          -|          -|    96|    no    |
        |- Loop 14        |     1536|     1536|         1|          -|          -|  1536|    no    |
        |- l_S_h_6_h7     |     3104|     3104|       194|          -|          -|    16|    no    |
        | + l_S_d_6_d4    |      192|      192|         2|          -|          -|    96|    no    |
        |- Loop 16        |     1536|     1536|         1|          -|          -|  1536|    no    |
        |- Loop 17        |     1536|     1536|         1|          -|          -|  1536|    no    |
        +-----------------+---------+---------+----------+-----------+-----------+------+----------+



================================================================
== Utilization Estimates
================================================================
* Summary: 
+-----------------+---------+-------+--------+-------+-----+
|       Name      | BRAM_18K| DSP48E|   FF   |  LUT  | URAM|
+-----------------+---------+-------+--------+-------+-----+
|DSP              |        -|      -|       -|      -|    -|
|Expression       |        -|      -|       0|   1074|    -|
|FIFO             |        -|      -|       -|      -|    -|
|Instance         |       34|     79|   18396|  26599|    0|
|Memory           |      148|      -|       0|      0|    0|
|Multiplexer      |        -|      -|       -|   2119|    -|
|Register         |        -|      -|     583|      -|    -|
+-----------------+---------+-------+--------+-------+-----+
|Total            |      182|     79|   18979|  29792|    0|
+-----------------+---------+-------+--------+-------+-----+
|Available        |      280|    220|  106400|  53200|    0|
+-----------------+---------+-------+--------+-------+-----+
|Utilization (%)  |       65|     35|      17|     56|    0|
+-----------------+---------+-------+--------+-------+-----+

+ Detail: 
    * Instance: 
    +---------------------------------+----------------------+---------+-------+------+------+-----+
    |             Instance            |        Module        | BRAM_18K| DSP48E|  FF  |  LUT | URAM|
    +---------------------------------+----------------------+---------+-------+------+------+-----+
    |grp_GEMM_3D_float_fu_846         |GEMM_3D_float         |        0|      5|   609|   992|    0|
    |grp_GEMM_3D_float2_fu_854        |GEMM_3D_float2        |        0|      5|   613|   979|    0|
    |grp_apply_rotary_pos_emb_fu_808  |apply_rotary_pos_emb  |        8|     16|  1852|  3067|    0|
    |attention_fadd_32pcA_U88         |attention_fadd_32pcA  |        0|      2|   205|   390|    0|
    |attention_fdiv_32rcU_U89         |attention_fdiv_32rcU  |        0|      0|   761|   994|    0|
    |grp_cache_update_fu_861          |cache_update          |        0|      0|   133|   426|    0|
    |grp_linear_forward_no_mu_fu_830  |linear_forward_no_mu  |        0|      5|  1787|  2731|    0|
    |grp_quantize_activation_fu_822   |quantize_activation   |        0|      5|  1508|  3117|    0|
    |grp_reshape_2D_to_3D_fu_878      |reshape_2D_to_3D      |        0|      0|    54|   145|    0|
    |grp_rms_norm_fu_784              |rms_norm              |       13|     22|  5404|  6668|    0|
    |grp_softmax_fu_764               |softmax               |       13|     19|  5389|  6820|    0|
    |grp_transpose_last_two_d_fu_871  |transpose_last_two_d  |        0|      0|    81|   270|    0|
    +---------------------------------+----------------------+---------+-------+------+------+-----+
    |Total                            |                      |       34|     79| 18396| 26599|    0|
    +---------------------------------+----------------------+---------+-------+------+------+-----+

    * DSP48E: 
    N/A

    * Memory: 
    +------------------------+----------------------+---------+---+----+-----+------+-----+------+-------------+
    |         Memory         |        Module        | BRAM_18K| FF| LUT| URAM| Words| Bits| Banks| W*Bits*Banks|
    +------------------------+----------------------+---------+---+----+-----+------+-----+------+-------------+
    |attn_weights_0_U        |attention_attn_weDeQ  |        1|  0|   0|    0|    96|   32|     1|         3072|
    |softmax_attn_weights_U  |attention_attn_weDeQ  |        1|  0|   0|    0|    96|   32|     1|         3072|
    |k_proj_transposed_U     |attention_k_proj_yd2  |       32|  0|   0|    0|  9216|   32|     1|       294912|
    |q_proj_0_U              |attention_q_proj_0    |        4|  0|   0|    0|  1536|   32|     1|        49152|
    |k_proj_0_U              |attention_q_proj_0    |        4|  0|   0|    0|  1536|   32|     1|        49152|
    |quantized_hidden_sta_U  |attention_quantizxdS  |        1|  0|   0|    0|  1536|    8|     1|        12288|
    |quantized_final_outp_U  |attention_quantizxdS  |        1|  0|   0|    0|  1536|    8|     1|        12288|
    |rms_hidden_states_0_U   |attention_rms_hidAem  |        4|  0|   0|    0|  1536|   32|     1|        49152|
    |q_proj_re_U             |attention_rms_hidAem  |        4|  0|   0|    0|  1536|   32|     1|        49152|
    |k_proj_re_U             |attention_rms_hidAem  |        4|  0|   0|    0|  1536|   32|     1|        49152|
    |v_proj_re_U             |attention_rms_hidAem  |        4|  0|   0|    0|  1536|   32|     1|        49152|
    |q_embed_0_U             |attention_rms_hidAem  |        4|  0|   0|    0|  1536|   32|     1|        49152|
    |k_embed_0_U             |attention_rms_hidAem  |        4|  0|   0|    0|  1536|   32|     1|        49152|
    |attn_output_0_U         |attention_rms_hidAem  |        4|  0|   0|    0|  1536|   32|     1|        49152|
    |attn_output_2D_U        |attention_rms_hidAem  |        4|  0|   0|    0|  1536|   32|     1|        49152|
    |rms_attn_output_0_U     |attention_rms_hidAem  |        4|  0|   0|    0|  1536|   32|     1|        49152|
    |updated_k_cache_U       |attention_updatedBew  |       32|  0|   0|    0|  9216|   32|     1|       294912|
    |updated_v_cache_U       |attention_updatedBew  |       32|  0|   0|    0|  9216|   32|     1|       294912|
    |v_proj_0_U              |attention_v_proj_0    |        4|  0|   0|    0|  1536|   32|     1|        49152|
    +------------------------+----------------------+---------+---+----+-----+------+-----+------+-------------+
    |Total                   |                      |      148|  0|   0|    0| 49344|  560|    19|      1505280|
    +------------------------+----------------------+---------+---+----+-----+------+-----+------+-------------+

    * FIFO: 
    N/A

    * Expression: 
    +----------------------------------+----------+-------+---+----+------------+------------+
    |           Variable Name          | Operation| DSP48E| FF| LUT| Bitwidth P0| Bitwidth P1|
    +----------------------------------+----------+-------+---+----+------------+------------+
    |add_ln465_fu_914_p2               |     +    |      0|  0|  13|          11|           1|
    |add_ln484_fu_931_p2               |     +    |      0|  0|  13|          11|           1|
    |add_ln490_fu_948_p2               |     +    |      0|  0|  13|          11|           1|
    |add_ln496_fu_965_p2               |     +    |      0|  0|  13|          11|           1|
    |add_ln533_fu_1020_p2              |     +    |      0|  0|  15|           7|           1|
    |add_ln534_fu_1030_p2              |     +    |      0|  0|  12|          12|          12|
    |add_ln541_fu_1084_p2              |     +    |      0|  0|  15|           7|           1|
    |add_ln542_fu_1094_p2              |     +    |      0|  0|  12|          12|          12|
    |add_ln551_1_fu_1213_p2            |     +    |      0|  0|  21|          15|          15|
    |add_ln551_fu_1166_p2              |     +    |      0|  0|  14|          10|          10|
    |add_ln559_1_fu_1332_p2            |     +    |      0|  0|  21|          15|          15|
    |add_ln559_fu_1285_p2              |     +    |      0|  0|  14|          10|          10|
    |add_ln577_fu_1386_p2              |     +    |      0|  0|  12|           3|           1|
    |add_ln578_fu_1396_p2              |     +    |      0|  0|  15|           8|           8|
    |add_ln587_fu_1450_p2              |     +    |      0|  0|  12|           3|           1|
    |add_ln588_fu_1460_p2              |     +    |      0|  0|  15|           8|           8|
    |add_ln615_fu_1557_p2              |     +    |      0|  0|  12|           3|           1|
    |add_ln616_fu_1567_p2              |     +    |      0|  0|  15|           8|           8|
    |add_ln624_fu_1621_p2              |     +    |      0|  0|  15|           7|           1|
    |add_ln625_fu_1631_p2              |     +    |      0|  0|  12|          12|          12|
    |add_ln632_fu_1647_p2              |     +    |      0|  0|  13|          11|           1|
    |add_ln637_fu_1664_p2              |     +    |      0|  0|  15|           5|           1|
    |add_ln638_fu_1740_p2              |     +    |      0|  0|  15|           7|           1|
    |add_ln639_fu_1746_p2              |     +    |      0|  0|  12|          12|          12|
    |add_ln640_fu_1756_p2              |     +    |      0|  0|  12|          12|          12|
    |add_ln646_fu_1775_p2              |     +    |      0|  0|  13|          11|           1|
    |add_ln664_fu_1792_p2              |     +    |      0|  0|  13|          11|           1|
    |h6_fu_1476_p2                     |     +    |      0|  0|  15|           5|           1|
    |i10_fu_1412_p2                    |     +    |      0|  0|  15|           5|           1|
    |v307_fu_982_p2                    |     +    |      0|  0|  15|           5|           1|
    |v311_fu_1046_p2                   |     +    |      0|  0|  15|           5|           1|
    |v315_fu_1110_p2                   |     +    |      0|  0|  15|           5|           1|
    |v316_fu_1156_p2                   |     +    |      0|  0|  12|           3|           1|
    |v317_fu_1203_p2                   |     +    |      0|  0|  15|           7|           1|
    |v319_fu_1229_p2                   |     +    |      0|  0|  15|           5|           1|
    |v320_fu_1275_p2                   |     +    |      0|  0|  12|           3|           1|
    |v321_fu_1322_p2                   |     +    |      0|  0|  15|           7|           1|
    |v327_fu_1348_p2                   |     +    |      0|  0|  15|           5|           1|
    |v347_fu_1519_p2                   |     +    |      0|  0|  15|           5|           1|
    |v351_fu_1583_p2                   |     +    |      0|  0|  15|           5|           1|
    |sub_ln534_fu_1008_p2              |     -    |      0|  0|  12|          12|          12|
    |sub_ln542_fu_1072_p2              |     -    |      0|  0|  12|          12|          12|
    |sub_ln551_1_fu_1191_p2            |     -    |      0|  0|  21|          15|          15|
    |sub_ln551_fu_1140_p2              |     -    |      0|  0|  15|           9|           9|
    |sub_ln559_1_fu_1310_p2            |     -    |      0|  0|  21|          15|          15|
    |sub_ln559_fu_1259_p2              |     -    |      0|  0|  15|           9|           9|
    |sub_ln578_fu_1374_p2              |     -    |      0|  0|  15|           8|           8|
    |sub_ln588_fu_1438_p2              |     -    |      0|  0|  15|           8|           8|
    |sub_ln606_fu_1502_p2              |     -    |      0|  0|  15|           8|           8|
    |sub_ln616_fu_1545_p2              |     -    |      0|  0|  15|           8|           8|
    |sub_ln625_fu_1609_p2              |     -    |      0|  0|  12|          12|          12|
    |sub_ln639_fu_1690_p2              |     -    |      0|  0|  12|          12|          12|
    |sub_ln640_fu_1724_p2              |     -    |      0|  0|  12|          12|          12|
    |icmp_ln465_fu_908_p2              |   icmp   |      0|  0|  13|          11|          11|
    |icmp_ln484_fu_925_p2              |   icmp   |      0|  0|  13|          11|          11|
    |icmp_ln490_fu_942_p2              |   icmp   |      0|  0|  13|          11|          11|
    |icmp_ln496_fu_959_p2              |   icmp   |      0|  0|  13|          11|          11|
    |icmp_ln531_fu_976_p2              |   icmp   |      0|  0|  11|           5|           6|
    |icmp_ln533_fu_1014_p2             |   icmp   |      0|  0|  11|           7|           7|
    |icmp_ln539_fu_1040_p2             |   icmp   |      0|  0|  11|           5|           6|
    |icmp_ln541_fu_1078_p2             |   icmp   |      0|  0|  11|           7|           7|
    |icmp_ln548_fu_1104_p2             |   icmp   |      0|  0|  11|           5|           6|
    |icmp_ln549_fu_1150_p2             |   icmp   |      0|  0|   9|           3|           3|
    |icmp_ln550_fu_1197_p2             |   icmp   |      0|  0|  11|           7|           7|
    |icmp_ln556_fu_1223_p2             |   icmp   |      0|  0|  11|           5|           6|
    |icmp_ln557_fu_1269_p2             |   icmp   |      0|  0|   9|           3|           3|
    |icmp_ln558_fu_1316_p2             |   icmp   |      0|  0|  11|           7|           7|
    |icmp_ln575_fu_1342_p2             |   icmp   |      0|  0|  11|           5|           6|
    |icmp_ln577_fu_1380_p2             |   icmp   |      0|  0|   9|           3|           3|
    |icmp_ln585_fu_1406_p2             |   icmp   |      0|  0|  11|           5|           6|
    |icmp_ln587_fu_1444_p2             |   icmp   |      0|  0|   9|           3|           3|
    |icmp_ln602_fu_1470_p2             |   icmp   |      0|  0|  11|           5|           6|
    |icmp_ln613_fu_1513_p2             |   icmp   |      0|  0|  11|           5|           6|
    |icmp_ln615_fu_1551_p2             |   icmp   |      0|  0|   9|           3|           3|
    |icmp_ln622_fu_1577_p2             |   icmp   |      0|  0|  11|           5|           6|
    |icmp_ln624_fu_1615_p2             |   icmp   |      0|  0|  11|           7|           7|
    |icmp_ln632_fu_1641_p2             |   icmp   |      0|  0|  13|          11|          11|
    |icmp_ln637_fu_1658_p2             |   icmp   |      0|  0|  11|           5|           6|
    |icmp_ln638_fu_1734_p2             |   icmp   |      0|  0|  11|           7|           7|
    |icmp_ln646_fu_1769_p2             |   icmp   |      0|  0|  13|          11|          11|
    |icmp_ln664_fu_1786_p2             |   icmp   |      0|  0|  13|          11|          11|
    |ap_block_state11_on_subcall_done  |    or    |      0|  0|   2|           1|           1|
    |ap_block_state29_on_subcall_done  |    or    |      0|  0|   2|           1|           1|
    +----------------------------------+----------+-------+---+----+------------+------------+
    |Total                             |          |      0|  0|1074|         644|         498|
    +----------------------------------+----------+-------+---+----+------------+------------+

    * Multiplexer: 
    +------------------------------------------+-----+-----------+-----+-----------+
    |                   Name                   | LUT | Input Size| Bits| Total Bits|
    +------------------------------------------+-----+-----------+-----+-----------+
    |ap_NS_fsm                                 |  341|         77|    1|         77|
    |attn_output_0_address0                    |   21|          4|   11|         44|
    |attn_output_0_ce0                         |   15|          3|    1|          3|
    |attn_output_0_d0                          |   15|          3|   32|         96|
    |attn_output_0_we0                         |   15|          3|    1|          3|
    |attn_output_2D_address0                   |   21|          4|   11|         44|
    |attn_output_2D_ce0                        |   15|          3|    1|          3|
    |attn_output_2D_d0                         |   15|          3|   32|         96|
    |attn_weights_0_address0                   |   41|          8|    7|         56|
    |attn_weights_0_ce0                        |   21|          4|    1|          4|
    |attn_weights_0_d0                         |   27|          5|   32|        160|
    |attn_weights_0_we0                        |   15|          3|    1|          3|
    |d4_0_0_reg_731                            |    9|          2|    7|         14|
    |grp_cache_update_fu_861_v187_q0           |   15|          3|   32|         96|
    |grp_cache_update_fu_861_v188_0_q0         |   15|          3|   32|         96|
    |grp_linear_forward_no_mu_fu_830_v77_0_q0  |   15|          3|    8|         24|
    |grp_linear_forward_no_mu_fu_830_v79_q0    |   27|          5|    8|         40|
    |grp_linear_forward_no_mu_fu_830_v80       |   27|          5|   32|        160|
    |grp_linear_forward_no_mu_fu_830_v81_q0    |   27|          5|   32|        160|
    |grp_quantize_activation_fu_822_v22_0_q0   |   15|          3|   32|         96|
    |grp_reshape_2D_to_3D_fu_878_v141_q0       |   21|          4|   32|        128|
    |grp_rms_norm_fu_784_v0_q0                 |   15|          3|   32|         96|
    |grp_rms_norm_fu_784_v1_q0                 |   15|          3|   32|         96|
    |h6_0_reg_654                              |    9|          2|    5|         10|
    |h7_0_0_reg_720                            |    9|          2|    5|         10|
    |i10_0_reg_632                             |    9|          2|    5|         10|
    |k9_0_0_reg_643                            |    9|          2|    3|          6|
    |k_embed_0_address0                        |   21|          4|   11|         44|
    |k_embed_0_ce0                             |   21|          4|    1|          4|
    |k_embed_0_d0                              |   15|          3|   32|         96|
    |k_embed_0_we0                             |   15|          3|    1|          3|
    |k_proj_0_address0                         |   15|          3|   11|         33|
    |k_proj_0_ce0                              |   15|          3|    1|          3|
    |k_proj_0_ce1                              |    9|          2|    1|          2|
    |k_proj_0_we0                              |    9|          2|    1|          2|
    |k_proj_re_address0                        |   21|          4|   11|         44|
    |k_proj_re_ce0                             |   21|          4|    1|          4|
    |k_proj_re_d0                              |   15|          3|   32|         96|
    |k_proj_re_we0                             |   15|          3|    1|          3|
    |k_proj_transposed_address0                |   15|          3|   14|         42|
    |k_proj_transposed_ce0                     |   15|          3|    1|          3|
    |k_proj_transposed_we0                     |    9|          2|    1|          2|
    |q_embed_0_address0                        |   21|          4|   11|         44|
    |q_embed_0_ce0                             |   21|          4|    1|          4|
    |q_embed_0_d0                              |   15|          3|   32|         96|
    |q_embed_0_we0                             |   15|          3|    1|          3|
    |q_proj_0_address0                         |   15|          3|   11|         33|
    |q_proj_0_ce0                              |   15|          3|    1|          3|
    |q_proj_0_ce1                              |    9|          2|    1|          2|
    |q_proj_0_we0                              |    9|          2|    1|          2|
    |q_proj_re_address0                        |   21|          4|   11|         44|
    |q_proj_re_ce0                             |   21|          4|    1|          4|
    |q_proj_re_d0                              |   15|          3|   32|         96|
    |q_proj_re_we0                             |   15|          3|    1|          3|
    |quantized_final_outp_address0             |   15|          3|   11|         33|
    |quantized_final_outp_ce0                  |   15|          3|    1|          3|
    |quantized_final_outp_we0                  |    9|          2|    1|          2|
    |quantized_hidden_sta_address0             |   15|          3|   11|         33|
    |quantized_hidden_sta_ce0                  |   15|          3|    1|          3|
    |quantized_hidden_sta_we0                  |    9|          2|    1|          2|
    |rms_attn_output_0_address0                |   21|          4|   11|         44|
    |rms_attn_output_0_ce0                     |   21|          4|    1|          4|
    |rms_attn_output_0_d0                      |   15|          3|   32|         96|
    |rms_attn_output_0_we0                     |   15|          3|    1|          3|
    |rms_hidden_states_0_address0              |   21|          4|   11|         44|
    |rms_hidden_states_0_ce0                   |   21|          4|    1|          4|
    |rms_hidden_states_0_d0                    |   15|          3|   32|         96|
    |rms_hidden_states_0_we0                   |   15|          3|    1|          3|
    |softmax_attn_weights_address0             |   21|          4|    7|         28|
    |softmax_attn_weights_ce0                  |   21|          4|    1|          4|
    |softmax_attn_weights_d0                   |   15|          3|   32|         96|
    |softmax_attn_weights_we0                  |   15|          3|    1|          3|
    |updated_k_cache_address0                  |   21|          4|   14|         56|
    |updated_k_cache_ce0                       |   21|          4|    1|          4|
    |updated_k_cache_d0                        |   15|          3|   32|         96|
    |updated_k_cache_we0                       |   15|          3|    1|          3|
    |updated_v_cache_address0                  |   21|          4|   14|         56|
    |updated_v_cache_ce0                       |   21|          4|    1|          4|
    |updated_v_cache_d0                        |   15|          3|   32|         96|
    |updated_v_cache_we0                       |   15|          3|    1|          3|
    |v258_ce0                                  |    9|          2|    1|          2|
    |v259_ce0                                  |    9|          2|    1|          2|
    |v261_ce0                                  |    9|          2|    1|          2|
    |v263_ce0                                  |    9|          2|    1|          2|
    |v265_ce0                                  |    9|          2|    1|          2|
    |v269_ce0                                  |    9|          2|    1|          2|
    |v270_ce0                                  |    9|          2|    1|          2|
    |v271_ce0                                  |    9|          2|    1|          2|
    |v272_ce0                                  |    9|          2|    1|          2|
    |v274_address0                             |   15|          3|   11|         33|
    |v274_ce0                                  |   15|          3|    1|          3|
    |v274_d0                                   |   15|          3|   32|         96|
    |v274_we0                                  |   15|          3|    1|          3|
    |v278_0_0_reg_456                          |    9|          2|   11|         22|
    |v287_0_0_reg_467                          |    9|          2|   11|         22|
    |v290_0_0_reg_478                          |    9|          2|   11|         22|
    |v293_0_0_reg_489                          |    9|          2|   11|         22|
    |v307_0_reg_500                            |    9|          2|    5|         10|
    |v309_0_0_reg_511                          |    9|          2|    7|         14|
    |v311_0_reg_522                            |    9|          2|    5|         10|
    |v313_0_0_reg_533                          |    9|          2|    7|         14|
    |v315_0_reg_544                            |    9|          2|    5|         10|
    |v316_0_reg_555                            |    9|          2|    3|          6|
    |v317_0_reg_566                            |    9|          2|    7|         14|
    |v319_0_reg_577                            |    9|          2|    5|         10|
    |v320_0_reg_588                            |    9|          2|    3|          6|
    |v321_0_reg_599                            |    9|          2|    7|         14|
    |v327_0_reg_610                            |    9|          2|    5|         10|
    |v329_0_0_reg_621                          |    9|          2|    3|          6|
    |v347_0_reg_665                            |    9|          2|    5|         10|
    |v349_0_0_reg_676                          |    9|          2|    3|          6|
    |v351_0_reg_687                            |    9|          2|    5|         10|
    |v353_0_0_reg_698                          |    9|          2|    7|         14|
    |v356_0_0_reg_709                          |    9|          2|   11|         22|
    |v363_0_0_reg_742                          |    9|          2|   11|         22|
    |v371_0_0_reg_753                          |    9|          2|   11|         22|
    |v_proj_0_address0                         |   15|          3|   11|         33|
    |v_proj_0_ce0                              |   15|          3|    1|          3|
    |v_proj_0_we0                              |    9|          2|    1|          2|
    |v_proj_re_address0                        |   21|          4|   11|         44|
    |v_proj_re_ce0                             |   21|          4|    1|          4|
    |v_proj_re_d0                              |   15|          3|   32|         96|
    |v_proj_re_we0                             |   15|          3|    1|          3|
    +------------------------------------------+-----+-----------+-----+-----------+
    |Total                                     | 2119|        435| 1176|       3821|
    +------------------------------------------+-----+-----------+-----+-----------+

    * Register: 
    +----------------------------------------------+----+----+-----+-----------+
    |                     Name                     | FF | LUT| Bits| Const Bits|
    +----------------------------------------------+----+----+-----+-----------+
    |add_ln587_reg_2002                            |   3|   0|    3|          0|
    |add_ln637_reg_2088                            |   5|   0|    5|          0|
    |add_ln638_reg_2106                            |   7|   0|    7|          0|
    |add_ln640_reg_2116                            |  12|   0|   12|          0|
    |ap_CS_fsm                                     |  76|   0|   76|          0|
    |attn_weights_0_addr_1_reg_2025                |   6|   0|    7|          1|
    |attn_weights_0_addr_2_reg_2007                |   7|   0|    7|          0|
    |d4_0_0_reg_731                                |   7|   0|    7|          0|
    |grp_GEMM_3D_float2_fu_854_ap_start_reg        |   1|   0|    1|          0|
    |grp_GEMM_3D_float_fu_846_ap_start_reg         |   1|   0|    1|          0|
    |grp_apply_rotary_pos_emb_fu_808_ap_start_reg  |   1|   0|    1|          0|
    |grp_cache_update_fu_861_ap_start_reg          |   1|   0|    1|          0|
    |grp_linear_forward_no_mu_fu_830_ap_start_reg  |   1|   0|    1|          0|
    |grp_quantize_activation_fu_822_ap_start_reg   |   1|   0|    1|          0|
    |grp_reshape_2D_to_3D_fu_878_ap_start_reg      |   1|   0|    1|          0|
    |grp_rms_norm_fu_784_ap_start_reg              |   1|   0|    1|          0|
    |grp_softmax_fu_764_ap_start_reg               |   1|   0|    1|          0|
    |grp_transpose_last_two_d_fu_871_ap_start_reg  |   1|   0|    1|          0|
    |h6_0_reg_654                                  |   5|   0|    5|          0|
    |h6_reg_2020                                   |   5|   0|    5|          0|
    |h7_0_0_reg_720                                |   5|   0|    5|          0|
    |i10_0_reg_632                                 |   5|   0|    5|          0|
    |i10_reg_1989                                  |   5|   0|    5|          0|
    |k9_0_0_reg_643                                |   3|   0|    3|          0|
    |reg_897                                       |  32|   0|   32|          0|
    |reg_902                                       |  32|   0|   32|          0|
    |sext_ln551_reg_1905                           |   9|   0|   10|          1|
    |sext_ln559_reg_1939                           |   9|   0|   10|          1|
    |sub_ln534_reg_1863                            |   7|   0|   12|          5|
    |sub_ln542_reg_1884                            |   7|   0|   12|          5|
    |sub_ln551_1_reg_1918                          |  10|   0|   15|          5|
    |sub_ln559_1_reg_1952                          |  10|   0|   15|          5|
    |sub_ln578_reg_1973                            |   7|   0|    8|          1|
    |sub_ln588_reg_1994                            |   7|   0|    8|          1|
    |sub_ln616_reg_2043                            |   7|   0|    8|          1|
    |sub_ln625_reg_2064                            |   7|   0|   12|          5|
    |sub_ln639_reg_2093                            |   7|   0|   12|          5|
    |sub_ln640_reg_2098                            |   7|   0|   12|          5|
    |v278_0_0_reg_456                              |  11|   0|   11|          0|
    |v287_0_0_reg_467                              |  11|   0|   11|          0|
    |v290_0_0_reg_478                              |  11|   0|   11|          0|
    |v293_0_0_reg_489                              |  11|   0|   11|          0|
    |v307_0_reg_500                                |   5|   0|    5|          0|
    |v307_reg_1858                                 |   5|   0|    5|          0|
    |v309_0_0_reg_511                              |   7|   0|    7|          0|
    |v311_0_reg_522                                |   5|   0|    5|          0|
    |v311_reg_1879                                 |   5|   0|    5|          0|
    |v313_0_0_reg_533                              |   7|   0|    7|          0|
    |v315_0_reg_544                                |   5|   0|    5|          0|
    |v315_reg_1900                                 |   5|   0|    5|          0|
    |v316_0_reg_555                                |   3|   0|    3|          0|
    |v316_reg_1913                                 |   3|   0|    3|          0|
    |v317_0_reg_566                                |   7|   0|    7|          0|
    |v319_0_reg_577                                |   5|   0|    5|          0|
    |v319_reg_1934                                 |   5|   0|    5|          0|
    |v320_0_reg_588                                |   3|   0|    3|          0|
    |v320_reg_1947                                 |   3|   0|    3|          0|
    |v321_0_reg_599                                |   7|   0|    7|          0|
    |v327_0_reg_610                                |   5|   0|    5|          0|
    |v327_reg_1968                                 |   5|   0|    5|          0|
    |v329_0_0_reg_621                              |   3|   0|    3|          0|
    |v347_0_reg_665                                |   5|   0|    5|          0|
    |v347_reg_2038                                 |   5|   0|    5|          0|
    |v349_0_0_reg_676                              |   3|   0|    3|          0|
    |v351_0_reg_687                                |   5|   0|    5|          0|
    |v351_reg_2059                                 |   5|   0|    5|          0|
    |v353_0_0_reg_698                              |   7|   0|    7|          0|
    |v356_0_0_reg_709                              |  11|   0|   11|          0|
    |v363_0_0_reg_742                              |  11|   0|   11|          0|
    |v371_0_0_reg_753                              |  11|   0|   11|          0|
    |v7_reg_2030                                   |  32|   0|   32|          0|
    |v_reg_2012                                    |  32|   0|   32|          0|
    +----------------------------------------------+----+----+-----+-----------+
    |Total                                         | 583|   0|  624|         41|
    +----------------------------------------------+----+----+-----+-----------+



================================================================
== Interface
================================================================
* Summary: 
+---------------+-----+-----+------------+--------------+--------------+
|   RTL Ports   | Dir | Bits|  Protocol  | Source Object|    C Type    |
+---------------+-----+-----+------------+--------------+--------------+
|ap_clk         |  in |    1| ap_ctrl_hs |   attention  | return value |
|ap_rst         |  in |    1| ap_ctrl_hs |   attention  | return value |
|ap_start       |  in |    1| ap_ctrl_hs |   attention  | return value |
|ap_done        | out |    1| ap_ctrl_hs |   attention  | return value |
|ap_idle        | out |    1| ap_ctrl_hs |   attention  | return value |
|ap_ready       | out |    1| ap_ctrl_hs |   attention  | return value |
|v258_address0  | out |   11|  ap_memory |     v258     |     array    |
|v258_ce0       | out |    1|  ap_memory |     v258     |     array    |
|v258_q0        |  in |   32|  ap_memory |     v258     |     array    |
|v259_address0  | out |   20|  ap_memory |     v259     |     array    |
|v259_ce0       | out |    1|  ap_memory |     v259     |     array    |
|v259_q0        |  in |    8|  ap_memory |     v259     |     array    |
|v260           |  in |   32|   ap_none  |     v260     |    scalar    |
|v261_address0  | out |   20|  ap_memory |     v261     |     array    |
|v261_ce0       | out |    1|  ap_memory |     v261     |     array    |
|v261_q0        |  in |    8|  ap_memory |     v261     |     array    |
|v262           |  in |   32|   ap_none  |     v262     |    scalar    |
|v263_address0  | out |   20|  ap_memory |     v263     |     array    |
|v263_ce0       | out |    1|  ap_memory |     v263     |     array    |
|v263_q0        |  in |    8|  ap_memory |     v263     |     array    |
|v264           |  in |   32|   ap_none  |     v264     |    scalar    |
|v265_address0  | out |   20|  ap_memory |     v265     |     array    |
|v265_ce0       | out |    1|  ap_memory |     v265     |     array    |
|v265_q0        |  in |    8|  ap_memory |     v265     |     array    |
|v266           |  in |   32|   ap_none  |     v266     |    scalar    |
|v267_address0  | out |   10|  ap_memory |     v267     |     array    |
|v267_ce0       | out |    1|  ap_memory |     v267     |     array    |
|v267_q0        |  in |   32|  ap_memory |     v267     |     array    |
|v268_address0  | out |   10|  ap_memory |     v268     |     array    |
|v268_ce0       | out |    1|  ap_memory |     v268     |     array    |
|v268_q0        |  in |   32|  ap_memory |     v268     |     array    |
|v269_address0  | out |   11|  ap_memory |     v269     |     array    |
|v269_ce0       | out |    1|  ap_memory |     v269     |     array    |
|v269_q0        |  in |   32|  ap_memory |     v269     |     array    |
|v270_address0  | out |   11|  ap_memory |     v270     |     array    |
|v270_ce0       | out |    1|  ap_memory |     v270     |     array    |
|v270_q0        |  in |   32|  ap_memory |     v270     |     array    |
|v271_address0  | out |   13|  ap_memory |     v271     |     array    |
|v271_ce0       | out |    1|  ap_memory |     v271     |     array    |
|v271_q0        |  in |   32|  ap_memory |     v271     |     array    |
|v272_address0  | out |   13|  ap_memory |     v272     |     array    |
|v272_ce0       | out |    1|  ap_memory |     v272     |     array    |
|v272_q0        |  in |   32|  ap_memory |     v272     |     array    |
|v273           |  in |   32|   ap_none  |     v273     |    scalar    |
|v274_address0  | out |   11|  ap_memory |     v274     |     array    |
|v274_ce0       | out |    1|  ap_memory |     v274     |     array    |
|v274_we0       | out |    1|  ap_memory |     v274     |     array    |
|v274_d0        | out |   32|  ap_memory |     v274     |     array    |
|v274_q0        |  in |   32|  ap_memory |     v274     |     array    |
+---------------+-----+-----+------------+--------------+--------------+

