

================================================================
== Vivado HLS Report for 'linear_forward_no_mu'
================================================================
* Date:           Wed Dec 11 23:42:57 2024

* Version:        2019.2 (Build 2704478 on Wed Nov 06 22:10:23 MST 2019)
* Project:        out.prj
* Solution:       solution1
* Product family: zynq
* Target device:  xc7z020-clg484-1


================================================================
== Performance Estimates
================================================================
+ Timing: 
    * Summary: 
    +--------+----------+----------+------------+
    |  Clock |  Target  | Estimated| Uncertainty|
    +--------+----------+----------+------------+
    |ap_clk  | 10.00 ns | 7.303 ns |   1.25 ns  |
    +--------+----------+----------+------------+

+ Latency: 
    * Summary: 
    +---------+----------+-----------+-----------+---------+----------+---------+
    |  Latency (cycles)  |   Latency (absolute)  |      Interval      | Pipeline|
    |   min   |    max   |    min    |    max    |   min   |    max   |   Type  |
    +---------+----------+-----------+-----------+---------+----------+---------+
    |  6518788|  34830340| 65.188 ms | 0.348 sec |  6518788|  34830340|   none  |
    +---------+----------+-----------+-----------+---------+----------+---------+

    + Detail: 
        * Instance: 
        N/A

        * Loop: 
        +----------------+---------+----------+--------------+-----------+-----------+------+----------+
        |                |  Latency (cycles)  |   Iteration  |  Initiation Interval  | Trip |          |
        |    Loop Name   |   min   |    max   |    Latency   |  achieved |   target  | Count| Pipelined|
        +----------------+---------+----------+--------------+-----------+-----------+------+----------+
        |- l_S_j_0_j2    |  6518784|  34830336| 4244 ~ 22676 |          -|          -|  1536|    no    |
        | + l_S_k_0_k    |     4224|     22656|    11 ~ 59   |          -|          -|   384|    no    |
        |  ++ l_S_l_0_l  |        8|        56|    2 ~ 14    |          -|          -|     4|    no    |
        +----------------+---------+----------+--------------+-----------+-----------+------+----------+



================================================================
== Utilization Estimates
================================================================
* Summary: 
+-----------------+---------+-------+--------+-------+-----+
|       Name      | BRAM_18K| DSP48E|   FF   |  LUT  | URAM|
+-----------------+---------+-------+--------+-------+-----+
|DSP              |        -|      -|       -|      -|    -|
|Expression       |        -|      -|       0|    154|    -|
|FIFO             |        -|      -|       -|      -|    -|
|Instance         |        -|      5|    1449|   2259|    -|
|Memory           |        -|      -|       -|      -|    -|
|Multiplexer      |        -|      -|       -|    318|    -|
|Register         |        -|      -|     338|      -|    -|
+-----------------+---------+-------+--------+-------+-----+
|Total            |        0|      5|    1787|   2731|    0|
+-----------------+---------+-------+--------+-------+-----+
|Available        |      280|    220|  106400|  53200|    0|
+-----------------+---------+-------+--------+-------+-----+
|Utilization (%)  |        0|      2|       1|      5|    0|
+-----------------+---------+-------+--------+-------+-----+

+ Detail: 
    * Instance: 
    +--------------------------+----------------------+---------+-------+-----+-----+-----+
    |         Instance         |        Module        | BRAM_18K| DSP48E|  FF | LUT | URAM|
    +--------------------------+----------------------+---------+-------+-----+-----+-----+
    |attention_faddfsutde_U40  |attention_faddfsutde  |        0|      2|  205|  390|    0|
    |attention_fdiv_32rcU_U42  |attention_fdiv_32rcU  |        0|      0|  761|  994|    0|
    |attention_fmul_32qcK_U41  |attention_fmul_32qcK  |        0|      3|  143|  321|    0|
    |attention_sitofp_udo_U43  |attention_sitofp_udo  |        0|      0|  340|  554|    0|
    +--------------------------+----------------------+---------+-------+-----+-----+-----+
    |Total                     |                      |        0|      5| 1449| 2259|    0|
    +--------------------------+----------------------+---------+-------+-----+-----+-----+

    * DSP48E: 
    N/A

    * Memory: 
    N/A

    * FIFO: 
    N/A

    * Expression: 
    +----------------------+----------+-------+---+----+------------+------------+
    |     Variable Name    | Operation| DSP48E| FF| LUT| Bitwidth P0| Bitwidth P1|
    +----------------------+----------+-------+---+----+------------+------------+
    |add_ln132_fu_196_p2   |     +    |      0|  0|  13|          11|           1|
    |add_ln133_fu_217_p2   |     +    |      0|  0|  15|           9|           1|
    |add_ln134_fu_253_p2   |     +    |      0|  0|  15|          21|          21|
    |add_ln137_fu_281_p2   |     +    |      0|  0|  12|           3|           1|
    |add_ln143_fu_287_p2   |     +    |      0|  0|  13|          11|          11|
    |sub_ln134_fu_247_p2   |     -    |      0|  0|  15|          21|          21|
    |ashr_ln157_fu_302_p2  |   ashr   |      0|  0|  19|           8|           8|
    |icmp_ln132_fu_190_p2  |   icmp   |      0|  0|  13|          11|          11|
    |icmp_ln133_fu_211_p2  |   icmp   |      0|  0|  13|           9|           9|
    |icmp_ln137_fu_275_p2  |   icmp   |      0|  0|   9|           3|           4|
    |icmp_ln173_fu_311_p2  |   icmp   |      0|  0|   8|           2|           1|
    |icmp_ln179_fu_317_p2  |   icmp   |      0|  0|   9|           2|           3|
    +----------------------+----------+-------+---+----+------------+------------+
    |Total                 |          |      0|  0| 154|         111|          92|
    +----------------------+----------+-------+---+----+------------+------------+

    * Multiplexer: 
    +----------------------+-----+-----------+-----+-----------+
    |         Name         | LUT | Input Size| Bits| Total Bits|
    +----------------------+-----+-----------+-----+-----------+
    |ap_NS_fsm             |  225|         52|    1|         52|
    |grp_fu_158_opcode     |   15|          3|    2|          6|
    |grp_fu_172_p0         |   15|          3|   32|         96|
    |j2_0_0_reg_124        |    9|          2|   11|         22|
    |k_0_0_reg_135         |    9|          2|    9|         18|
    |v77_0_address0        |   15|          3|   11|         33|
    |v81_d0                |   21|          4|   32|        128|
    |val_assign_0_reg_147  |    9|          2|    3|          6|
    +----------------------+-----+-----------+-----+-----------+
    |Total                 |  318|         71|  101|        361|
    +----------------------+-----+-----------+-----+-----------+

    * Register: 
    +----------------------+----+----+-----+-----------+
    |         Name         | FF | LUT| Bits| Const Bits|
    +----------------------+----+----+-----+-----------+
    |add_ln132_reg_361     |  11|   0|   11|          0|
    |add_ln133_reg_379     |   9|   0|    9|          0|
    |add_ln137_reg_402     |   3|   0|    3|          0|
    |ap_CS_fsm             |  51|   0|   51|          0|
    |icmp_ln173_reg_407    |   1|   0|    1|          0|
    |icmp_ln179_reg_411    |   1|   0|    1|          0|
    |j2_0_0_reg_124        |  11|   0|   11|          0|
    |k_0_0_reg_135         |   9|   0|    9|          0|
    |reg_175               |   8|   0|    8|          0|
    |reg_179               |  32|   0|   32|          0|
    |reg_185               |  32|   0|   32|          0|
    |shl_ln_reg_394        |   9|   0|   11|          2|
    |v2_reg_445            |  32|   0|   32|          0|
    |v4_reg_440            |  32|   0|   32|          0|
    |v6_reg_430            |  32|   0|   32|          0|
    |v79_load_reg_389      |   8|   0|    8|          0|
    |v81_addr_reg_371      |  11|   0|   11|          0|
    |v_reg_353             |  32|   0|   32|          0|
    |val_assign_0_reg_147  |   3|   0|    3|          0|
    |zext_ln192_reg_366    |  11|   0|   21|         10|
    +----------------------+----+----+-----+-----------+
    |Total                 | 338|   0|  350|         12|
    +----------------------+----+----+-----+-----------+



================================================================
== Interface
================================================================
* Summary: 
+----------------+-----+-----+------------+----------------------+--------------+
|    RTL Ports   | Dir | Bits|  Protocol  |     Source Object    |    C Type    |
+----------------+-----+-----+------------+----------------------+--------------+
|ap_clk          |  in |    1| ap_ctrl_hs | linear_forward_no_mu | return value |
|ap_rst          |  in |    1| ap_ctrl_hs | linear_forward_no_mu | return value |
|ap_start        |  in |    1| ap_ctrl_hs | linear_forward_no_mu | return value |
|ap_done         | out |    1| ap_ctrl_hs | linear_forward_no_mu | return value |
|ap_idle         | out |    1| ap_ctrl_hs | linear_forward_no_mu | return value |
|ap_ready        | out |    1| ap_ctrl_hs | linear_forward_no_mu | return value |
|v77_0_address0  | out |   11|  ap_memory |         v77_0        |     array    |
|v77_0_ce0       | out |    1|  ap_memory |         v77_0        |     array    |
|v77_0_q0        |  in |    8|  ap_memory |         v77_0        |     array    |
|p_read          |  in |   32|   ap_none  |        p_read        |    scalar    |
|v79_address0    | out |   20|  ap_memory |          v79         |     array    |
|v79_ce0         | out |    1|  ap_memory |          v79         |     array    |
|v79_q0          |  in |    8|  ap_memory |          v79         |     array    |
|v80             |  in |   32|   ap_none  |          v80         |    scalar    |
|v81_address0    | out |   11|  ap_memory |          v81         |     array    |
|v81_ce0         | out |    1|  ap_memory |          v81         |     array    |
|v81_we0         | out |    1|  ap_memory |          v81         |     array    |
|v81_d0          | out |   32|  ap_memory |          v81         |     array    |
|v81_q0          |  in |   32|  ap_memory |          v81         |     array    |
+----------------+-----+-----+------------+----------------------+--------------+

