

================================================================
== Vivado HLS Report for 'apply_rotary_pos_emb'
================================================================
* Date:           Sun Dec  1 10:39:35 2024

* Version:        2019.2 (Build 2704478 on Wed Nov 06 22:10:23 MST 2019)
* Project:        attention_4th.prj
* Solution:       solution1
* Product family: zynq
* Target device:  xc7z020-clg484-1


================================================================
== Performance Estimates
================================================================
+ Timing: 
    * Summary: 
    +--------+----------+----------+------------+
    |  Clock |  Target  | Estimated| Uncertainty|
    +--------+----------+----------+------------+
    |ap_clk  | 10.00 ns | 8.510 ns |   1.25 ns  |
    +--------+----------+----------+------------+

+ Latency: 
    * Summary: 
    +---------+---------+-----------+-----------+------+------+---------+
    |  Latency (cycles) |   Latency (absolute)  |   Interval  | Pipeline|
    |   min   |   max   |    min    |    max    |  min |  max |   Type  |
    +---------+---------+-----------+-----------+------+------+---------+
    |     2146|     2146| 21.460 us | 21.460 us |  2146|  2146|   none  |
    +---------+---------+-----------+-----------+------+------+---------+

    + Detail: 
        * Instance: 
        N/A

        * Loop: 
        +--------------------------------+---------+---------+----------+-----------+-----------+------+----------+
        |                                |  Latency (cycles) | Iteration|  Initiation Interval  | Trip |          |
        |            Loop Name           |   min   |   max   |  Latency |  achieved |   target  | Count| Pipelined|
        +--------------------------------+---------+---------+----------+-----------+-----------+------+----------+
        |- APPLY_ROTARY_POS_EMB_LOOP_1   |      592|      592|        74|          -|          -|     8|    no    |
        | + APPLY_ROTARY_POS_EMB_LOOP_3  |       72|       72|         3|          -|          -|    24|    no    |
        |- APPLY_ROTARY_POS_EMB_LOOP_4   |     1552|     1552|       194|          -|          -|     8|    no    |
        | + APPLY_ROTARY_POS_EMB_LOOP_6  |      192|      192|         4|          -|          -|    48|    no    |
        +--------------------------------+---------+---------+----------+-----------+-----------+------+----------+

============================================================
+ Verbose Summary: Synthesis Manager
============================================================
InlineROM: 1
ExposeGlobal: 0
============================================================
+ Verbose Summary: CDFG Model
============================================================
IsTopModel: 0
ResetActiveHigh: 1
IsCombinational: 0
IsDatapathOnly: 0
HasWiredReturn: 1
HasMFsm: 0
HasVarLatency: 1
IsPipeline: 0
IsRtlPipelined: 0
IsInstanceOverlapped: 0
IsDontTouch: 0
HasImplIP: 0
IsGatedGlobalClock: 0


============================================================
+ Verbose Summary: Schedule
============================================================
* Number of FSM states : 10
* Pipeline : 0
* Dataflow Pipeline: 0

* FSM state transitions: 
1 --> 2 
2 --> 3 6 
3 --> 4 2 
4 --> 5 
5 --> 3 
6 --> 7 
7 --> 8 6 
8 --> 9 
9 --> 10 
10 --> 7 

* FSM state operations: 

State 1 <SV = 0> <Delay = 1.76>
ST_1 : Operation 11 [1/1] (0.00ns)   --->   "%rotated_q_0_V = alloca [384 x i40], align 8" [./layer.h:180]   --->   Operation 11 'alloca' 'rotated_q_0_V' <Predicate = true> <Delay = 0.00> <Core = "RAM">   --->   Core 37 'RAM' <Latency = 1> <II = 1> <Delay = 3.25> <Storage> <Opcode : 'load' 'store'> <Ports = 2> <Width = 40> <Depth = 384> <RAM>
ST_1 : Operation 12 [1/1] (0.00ns)   --->   "%rotated_k_0_V = alloca [384 x i40], align 8" [./layer.h:181]   --->   Operation 12 'alloca' 'rotated_k_0_V' <Predicate = true> <Delay = 0.00> <Core = "RAM">   --->   Core 37 'RAM' <Latency = 1> <II = 1> <Delay = 3.25> <Storage> <Opcode : 'load' 'store'> <Ports = 2> <Width = 40> <Depth = 384> <RAM>
ST_1 : Operation 13 [1/1] (1.76ns)   --->   "br label %.preheader501" [./layer.h:182]   --->   Operation 13 'br' <Predicate = true> <Delay = 1.76>

State 2 <SV = 1> <Delay = 1.76>
ST_2 : Operation 14 [1/1] (0.00ns)   --->   "%i_0 = phi i4 [ %i, %APPLY_ROTARY_POS_EMB_LOOP_2_end ], [ 0, %arrayctor.loop7.preheader ]"   --->   Operation 14 'phi' 'i_0' <Predicate = true> <Delay = 0.00>
ST_2 : Operation 15 [1/1] (1.30ns)   --->   "%icmp_ln182 = icmp eq i4 %i_0, -8" [./layer.h:182]   --->   Operation 15 'icmp' 'icmp_ln182' <Predicate = true> <Delay = 1.30> <Core = "Cmp">   --->   Core 25 'Cmp' <Latency = 0> <II = 1> <Delay = 1.42> <FuncUnit> <Opcode : 'icmp'> <InPorts = 2> <OutPorts = 1>
ST_2 : Operation 16 [1/1] (0.00ns)   --->   "%empty = call i32 (...)* @_ssdm_op_SpecLoopTripCount(i64 8, i64 8, i64 8)"   --->   Operation 16 'speclooptripcount' 'empty' <Predicate = true> <Delay = 0.00>
ST_2 : Operation 17 [1/1] (1.73ns)   --->   "%i = add i4 %i_0, 1" [./layer.h:182]   --->   Operation 17 'add' 'i' <Predicate = true> <Delay = 1.73> <Core = "AddSub">   --->   Core 14 'AddSub' <Latency = 0> <II = 1> <Delay = 3.31> <FuncUnit> <Opcode : 'add' 'sub'> <InPorts = 2> <OutPorts = 1>
ST_2 : Operation 18 [1/1] (0.00ns)   --->   "br i1 %icmp_ln182, label %.preheader.preheader, label %APPLY_ROTARY_POS_EMB_LOOP_2_begin" [./layer.h:182]   --->   Operation 18 'br' <Predicate = true> <Delay = 0.00>
ST_2 : Operation 19 [1/1] (0.00ns)   --->   "call void (...)* @_ssdm_op_SpecLoopName([28 x i8]* @p_str1830) nounwind" [./layer.h:182]   --->   Operation 19 'specloopname' <Predicate = (!icmp_ln182)> <Delay = 0.00>
ST_2 : Operation 20 [1/1] (0.00ns)   --->   "%tmp_72 = call i10 @_ssdm_op_BitConcatenate.i10.i4.i6(i4 %i_0, i6 0)" [./layer.h:185]   --->   Operation 20 'bitconcatenate' 'tmp_72' <Predicate = (!icmp_ln182)> <Delay = 0.00>
ST_2 : Operation 21 [1/1] (0.00ns)   --->   "%tmp_73 = call i8 @_ssdm_op_BitConcatenate.i8.i4.i4(i4 %i_0, i4 0)" [./layer.h:185]   --->   Operation 21 'bitconcatenate' 'tmp_73' <Predicate = (!icmp_ln182)> <Delay = 0.00>
ST_2 : Operation 22 [1/1] (0.00ns)   --->   "%zext_ln1265 = zext i8 %tmp_73 to i10" [./layer.h:185]   --->   Operation 22 'zext' 'zext_ln1265' <Predicate = (!icmp_ln182)> <Delay = 0.00>
ST_2 : Operation 23 [1/1] (1.73ns)   --->   "%sub_ln1265 = sub i10 %tmp_72, %zext_ln1265" [./layer.h:185]   --->   Operation 23 'sub' 'sub_ln1265' <Predicate = (!icmp_ln182)> <Delay = 1.73> <Core = "AddSub">   --->   Core 14 'AddSub' <Latency = 0> <II = 1> <Delay = 3.31> <FuncUnit> <Opcode : 'add' 'sub'> <InPorts = 2> <OutPorts = 1>
ST_2 : Operation 24 [1/1] (0.00ns)   --->   "%tmp = call i32 (...)* @_ssdm_op_SpecRegionBegin([28 x i8]* @p_str1831)" [./layer.h:183]   --->   Operation 24 'specregionbegin' 'tmp' <Predicate = (!icmp_ln182)> <Delay = 0.00>
ST_2 : Operation 25 [1/1] (1.76ns)   --->   "br label %0" [./layer.h:184]   --->   Operation 25 'br' <Predicate = (!icmp_ln182)> <Delay = 1.76>
ST_2 : Operation 26 [1/1] (1.76ns)   --->   "br label %.preheader" [./layer.h:194]   --->   Operation 26 'br' <Predicate = (icmp_ln182)> <Delay = 1.76>

State 3 <SV = 2> <Delay = 6.81>
ST_3 : Operation 27 [1/1] (0.00ns)   --->   "%k_0_0 = phi i5 [ 0, %APPLY_ROTARY_POS_EMB_LOOP_2_begin ], [ %add_ln184, %_ZNK13ap_fixed_baseILi40ELi24ELb1EL9ap_q_mode5EL9ap_o_mode3ELi0EEngEv.exit100.0 ]" [./layer.h:184]   --->   Operation 27 'phi' 'k_0_0' <Predicate = true> <Delay = 0.00>
ST_3 : Operation 28 [1/1] (0.00ns)   --->   "%zext_ln184 = zext i5 %k_0_0 to i6" [./layer.h:184]   --->   Operation 28 'zext' 'zext_ln184' <Predicate = true> <Delay = 0.00>
ST_3 : Operation 29 [1/1] (1.36ns)   --->   "%icmp_ln184 = icmp eq i5 %k_0_0, -8" [./layer.h:184]   --->   Operation 29 'icmp' 'icmp_ln184' <Predicate = true> <Delay = 1.36> <Core = "Cmp">   --->   Core 25 'Cmp' <Latency = 0> <II = 1> <Delay = 1.42> <FuncUnit> <Opcode : 'icmp'> <InPorts = 2> <OutPorts = 1>
ST_3 : Operation 30 [1/1] (0.00ns)   --->   "%empty_118 = call i32 (...)* @_ssdm_op_SpecLoopTripCount(i64 24, i64 24, i64 24)"   --->   Operation 30 'speclooptripcount' 'empty_118' <Predicate = true> <Delay = 0.00>
ST_3 : Operation 31 [1/1] (1.78ns)   --->   "%add_ln184 = add i5 %k_0_0, 1" [./layer.h:184]   --->   Operation 31 'add' 'add_ln184' <Predicate = true> <Delay = 1.78> <Core = "AddSub">   --->   Core 14 'AddSub' <Latency = 0> <II = 1> <Delay = 3.31> <FuncUnit> <Opcode : 'add' 'sub'> <InPorts = 2> <OutPorts = 1>
ST_3 : Operation 32 [1/1] (0.00ns)   --->   "br i1 %icmp_ln184, label %APPLY_ROTARY_POS_EMB_LOOP_2_end, label %_ZNK13ap_fixed_baseILi40ELi24ELb1EL9ap_q_mode5EL9ap_o_mode3ELi0EEngEv.exit100.0" [./layer.h:184]   --->   Operation 32 'br' <Predicate = true> <Delay = 0.00>
ST_3 : Operation 33 [1/1] (0.00ns)   --->   "%zext_ln203 = zext i5 %k_0_0 to i10" [./layer.h:187]   --->   Operation 33 'zext' 'zext_ln203' <Predicate = (!icmp_ln184)> <Delay = 0.00>
ST_3 : Operation 34 [1/1] (1.73ns)   --->   "%add_ln203 = add i10 %sub_ln1265, %zext_ln203" [./layer.h:187]   --->   Operation 34 'add' 'add_ln203' <Predicate = (!icmp_ln184)> <Delay = 1.73> <Core = "AddSub">   --->   Core 14 'AddSub' <Latency = 0> <II = 1> <Delay = 3.31> <FuncUnit> <Opcode : 'add' 'sub'> <InPorts = 2> <OutPorts = 1>
ST_3 : Operation 35 [1/1] (0.00ns)   --->   "%sext_ln203 = sext i10 %add_ln203 to i64" [./layer.h:187]   --->   Operation 35 'sext' 'sext_ln203' <Predicate = (!icmp_ln184)> <Delay = 0.00>
ST_3 : Operation 36 [1/1] (0.00ns)   --->   "%input_q_0_V_addr_1 = getelementptr [384 x i40]* %input_q_0_V, i64 0, i64 %sext_ln203" [./layer.h:187]   --->   Operation 36 'getelementptr' 'input_q_0_V_addr_1' <Predicate = (!icmp_ln184)> <Delay = 0.00>
ST_3 : Operation 37 [1/1] (0.00ns)   --->   "%input_k_0_V_addr_1 = getelementptr [384 x i40]* %input_k_0_V, i64 0, i64 %sext_ln203" [./layer.h:188]   --->   Operation 37 'getelementptr' 'input_k_0_V_addr_1' <Predicate = (!icmp_ln184)> <Delay = 0.00>
ST_3 : Operation 38 [1/1] (1.82ns)   --->   "%add_ln185 = add i6 %zext_ln184, 24" [./layer.h:185]   --->   Operation 38 'add' 'add_ln185' <Predicate = (!icmp_ln184)> <Delay = 1.82> <Core = "AddSub">   --->   Core 14 'AddSub' <Latency = 0> <II = 1> <Delay = 3.31> <FuncUnit> <Opcode : 'add' 'sub'> <InPorts = 2> <OutPorts = 1>
ST_3 : Operation 39 [1/1] (0.00ns)   --->   "%zext_ln1265_3 = zext i6 %add_ln185 to i10" [./layer.h:185]   --->   Operation 39 'zext' 'zext_ln1265_3' <Predicate = (!icmp_ln184)> <Delay = 0.00>
ST_3 : Operation 40 [1/1] (1.73ns)   --->   "%add_ln1265 = add i10 %sub_ln1265, %zext_ln1265_3" [./layer.h:185]   --->   Operation 40 'add' 'add_ln1265' <Predicate = (!icmp_ln184)> <Delay = 1.73> <Core = "AddSub">   --->   Core 14 'AddSub' <Latency = 0> <II = 1> <Delay = 3.31> <FuncUnit> <Opcode : 'add' 'sub'> <InPorts = 2> <OutPorts = 1>
ST_3 : Operation 41 [1/1] (0.00ns)   --->   "%sext_ln1265 = sext i10 %add_ln1265 to i64" [./layer.h:185]   --->   Operation 41 'sext' 'sext_ln1265' <Predicate = (!icmp_ln184)> <Delay = 0.00>
ST_3 : Operation 42 [1/1] (0.00ns)   --->   "%input_q_0_V_addr = getelementptr [384 x i40]* %input_q_0_V, i64 0, i64 %sext_ln1265" [./layer.h:185]   --->   Operation 42 'getelementptr' 'input_q_0_V_addr' <Predicate = (!icmp_ln184)> <Delay = 0.00>
ST_3 : Operation 43 [1/1] (0.00ns)   --->   "%input_k_0_V_addr = getelementptr [384 x i40]* %input_k_0_V, i64 0, i64 %sext_ln1265" [./layer.h:186]   --->   Operation 43 'getelementptr' 'input_k_0_V_addr' <Predicate = (!icmp_ln184)> <Delay = 0.00>
ST_3 : Operation 44 [2/2] (3.25ns)   --->   "%input_q_0_V_load = load i40* %input_q_0_V_addr, align 8" [./layer.h:185]   --->   Operation 44 'load' 'input_q_0_V_load' <Predicate = (!icmp_ln184)> <Delay = 3.25> <Core = "RAM">   --->   Core 37 'RAM' <Latency = 1> <II = 1> <Delay = 3.25> <Storage> <Opcode : 'load' 'store'> <Ports = 2> <Width = 40> <Depth = 384> <RAM>
ST_3 : Operation 45 [2/2] (3.25ns)   --->   "%input_k_0_V_load = load i40* %input_k_0_V_addr, align 8" [./layer.h:186]   --->   Operation 45 'load' 'input_k_0_V_load' <Predicate = (!icmp_ln184)> <Delay = 3.25> <Core = "RAM">   --->   Core 37 'RAM' <Latency = 1> <II = 1> <Delay = 3.25> <Storage> <Opcode : 'load' 'store'> <Ports = 2> <Width = 40> <Depth = 384> <RAM>
ST_3 : Operation 46 [2/2] (3.25ns)   --->   "%input_q_0_V_load_1 = load i40* %input_q_0_V_addr_1, align 8" [./layer.h:187]   --->   Operation 46 'load' 'input_q_0_V_load_1' <Predicate = (!icmp_ln184)> <Delay = 3.25> <Core = "RAM">   --->   Core 37 'RAM' <Latency = 1> <II = 1> <Delay = 3.25> <Storage> <Opcode : 'load' 'store'> <Ports = 2> <Width = 40> <Depth = 384> <RAM>
ST_3 : Operation 47 [2/2] (3.25ns)   --->   "%input_k_0_V_load_1 = load i40* %input_k_0_V_addr_1, align 8" [./layer.h:188]   --->   Operation 47 'load' 'input_k_0_V_load_1' <Predicate = (!icmp_ln184)> <Delay = 3.25> <Core = "RAM">   --->   Core 37 'RAM' <Latency = 1> <II = 1> <Delay = 3.25> <Storage> <Opcode : 'load' 'store'> <Ports = 2> <Width = 40> <Depth = 384> <RAM>
ST_3 : Operation 48 [1/1] (0.00ns)   --->   "%empty_117 = call i32 (...)* @_ssdm_op_SpecRegionEnd([28 x i8]* @p_str1831, i32 %tmp)" [./layer.h:190]   --->   Operation 48 'specregionend' 'empty_117' <Predicate = (icmp_ln184)> <Delay = 0.00>
ST_3 : Operation 49 [1/1] (0.00ns)   --->   "br label %.preheader501" [./layer.h:182]   --->   Operation 49 'br' <Predicate = (icmp_ln184)> <Delay = 0.00>

State 4 <SV = 3> <Delay = 6.50>
ST_4 : Operation 50 [1/1] (0.00ns)   --->   "%rotated_q_0_V_addr_1 = getelementptr [384 x i40]* %rotated_q_0_V, i64 0, i64 %sext_ln1265" [./layer.h:187]   --->   Operation 50 'getelementptr' 'rotated_q_0_V_addr_1' <Predicate = true> <Delay = 0.00>
ST_4 : Operation 51 [1/1] (0.00ns)   --->   "%rotated_k_0_V_addr_1 = getelementptr [384 x i40]* %rotated_k_0_V, i64 0, i64 %sext_ln1265" [./layer.h:188]   --->   Operation 51 'getelementptr' 'rotated_k_0_V_addr_1' <Predicate = true> <Delay = 0.00>
ST_4 : Operation 52 [1/2] (3.25ns)   --->   "%input_q_0_V_load = load i40* %input_q_0_V_addr, align 8" [./layer.h:185]   --->   Operation 52 'load' 'input_q_0_V_load' <Predicate = true> <Delay = 3.25> <Core = "RAM">   --->   Core 37 'RAM' <Latency = 1> <II = 1> <Delay = 3.25> <Storage> <Opcode : 'load' 'store'> <Ports = 2> <Width = 40> <Depth = 384> <RAM>
ST_4 : Operation 53 [1/2] (3.25ns)   --->   "%input_k_0_V_load = load i40* %input_k_0_V_addr, align 8" [./layer.h:186]   --->   Operation 53 'load' 'input_k_0_V_load' <Predicate = true> <Delay = 3.25> <Core = "RAM">   --->   Core 37 'RAM' <Latency = 1> <II = 1> <Delay = 3.25> <Storage> <Opcode : 'load' 'store'> <Ports = 2> <Width = 40> <Depth = 384> <RAM>
ST_4 : Operation 54 [1/2] (3.25ns)   --->   "%input_q_0_V_load_1 = load i40* %input_q_0_V_addr_1, align 8" [./layer.h:187]   --->   Operation 54 'load' 'input_q_0_V_load_1' <Predicate = true> <Delay = 3.25> <Core = "RAM">   --->   Core 37 'RAM' <Latency = 1> <II = 1> <Delay = 3.25> <Storage> <Opcode : 'load' 'store'> <Ports = 2> <Width = 40> <Depth = 384> <RAM>
ST_4 : Operation 55 [1/1] (3.25ns)   --->   "store i40 %input_q_0_V_load_1, i40* %rotated_q_0_V_addr_1, align 8" [./layer.h:187]   --->   Operation 55 'store' <Predicate = true> <Delay = 3.25> <Core = "RAM">   --->   Core 37 'RAM' <Latency = 1> <II = 1> <Delay = 3.25> <Storage> <Opcode : 'load' 'store'> <Ports = 2> <Width = 40> <Depth = 384> <RAM>
ST_4 : Operation 56 [1/2] (3.25ns)   --->   "%input_k_0_V_load_1 = load i40* %input_k_0_V_addr_1, align 8" [./layer.h:188]   --->   Operation 56 'load' 'input_k_0_V_load_1' <Predicate = true> <Delay = 3.25> <Core = "RAM">   --->   Core 37 'RAM' <Latency = 1> <II = 1> <Delay = 3.25> <Storage> <Opcode : 'load' 'store'> <Ports = 2> <Width = 40> <Depth = 384> <RAM>
ST_4 : Operation 57 [1/1] (3.25ns)   --->   "store i40 %input_k_0_V_load_1, i40* %rotated_k_0_V_addr_1, align 8" [./layer.h:188]   --->   Operation 57 'store' <Predicate = true> <Delay = 3.25> <Core = "RAM">   --->   Core 37 'RAM' <Latency = 1> <II = 1> <Delay = 3.25> <Storage> <Opcode : 'load' 'store'> <Ports = 2> <Width = 40> <Depth = 384> <RAM>

State 5 <SV = 4> <Delay = 6.13>
ST_5 : Operation 58 [1/1] (0.00ns)   --->   "call void (...)* @_ssdm_op_SpecLoopName([28 x i8]* @p_str1832) nounwind" [./layer.h:184]   --->   Operation 58 'specloopname' <Predicate = true> <Delay = 0.00>
ST_5 : Operation 59 [1/1] (0.00ns)   --->   "%rotated_q_0_V_addr = getelementptr [384 x i40]* %rotated_q_0_V, i64 0, i64 %sext_ln203" [./layer.h:185]   --->   Operation 59 'getelementptr' 'rotated_q_0_V_addr' <Predicate = true> <Delay = 0.00>
ST_5 : Operation 60 [1/1] (0.00ns)   --->   "%rotated_k_0_V_addr = getelementptr [384 x i40]* %rotated_k_0_V, i64 0, i64 %sext_ln203" [./layer.h:186]   --->   Operation 60 'getelementptr' 'rotated_k_0_V_addr' <Predicate = true> <Delay = 0.00>
ST_5 : Operation 61 [1/1] (2.87ns)   --->   "%sub_ln703 = sub i40 0, %input_q_0_V_load" [./layer.h:185]   --->   Operation 61 'sub' 'sub_ln703' <Predicate = true> <Delay = 2.87> <Core = "AddSub">   --->   Core 14 'AddSub' <Latency = 0> <II = 1> <Delay = 3.31> <FuncUnit> <Opcode : 'add' 'sub'> <InPorts = 2> <OutPorts = 1>
ST_5 : Operation 62 [1/1] (3.25ns)   --->   "store i40 %sub_ln703, i40* %rotated_q_0_V_addr, align 8" [./layer.h:185]   --->   Operation 62 'store' <Predicate = true> <Delay = 3.25> <Core = "RAM">   --->   Core 37 'RAM' <Latency = 1> <II = 1> <Delay = 3.25> <Storage> <Opcode : 'load' 'store'> <Ports = 2> <Width = 40> <Depth = 384> <RAM>
ST_5 : Operation 63 [1/1] (2.87ns)   --->   "%sub_ln703_35 = sub i40 0, %input_k_0_V_load" [./layer.h:186]   --->   Operation 63 'sub' 'sub_ln703_35' <Predicate = true> <Delay = 2.87> <Core = "AddSub">   --->   Core 14 'AddSub' <Latency = 0> <II = 1> <Delay = 3.31> <FuncUnit> <Opcode : 'add' 'sub'> <InPorts = 2> <OutPorts = 1>
ST_5 : Operation 64 [1/1] (3.25ns)   --->   "store i40 %sub_ln703_35, i40* %rotated_k_0_V_addr, align 8" [./layer.h:186]   --->   Operation 64 'store' <Predicate = true> <Delay = 3.25> <Core = "RAM">   --->   Core 37 'RAM' <Latency = 1> <II = 1> <Delay = 3.25> <Storage> <Opcode : 'load' 'store'> <Ports = 2> <Width = 40> <Depth = 384> <RAM>
ST_5 : Operation 65 [1/1] (0.00ns)   --->   "br label %0" [./layer.h:184]   --->   Operation 65 'br' <Predicate = true> <Delay = 0.00>

State 6 <SV = 2> <Delay = 1.76>
ST_6 : Operation 66 [1/1] (0.00ns)   --->   "%i14_0 = phi i4 [ %i_3, %APPLY_ROTARY_POS_EMB_LOOP_5_end ], [ 0, %.preheader.preheader ]"   --->   Operation 66 'phi' 'i14_0' <Predicate = true> <Delay = 0.00>
ST_6 : Operation 67 [1/1] (1.30ns)   --->   "%icmp_ln194 = icmp eq i4 %i14_0, -8" [./layer.h:194]   --->   Operation 67 'icmp' 'icmp_ln194' <Predicate = true> <Delay = 1.30> <Core = "Cmp">   --->   Core 25 'Cmp' <Latency = 0> <II = 1> <Delay = 1.42> <FuncUnit> <Opcode : 'icmp'> <InPorts = 2> <OutPorts = 1>
ST_6 : Operation 68 [1/1] (0.00ns)   --->   "%empty_119 = call i32 (...)* @_ssdm_op_SpecLoopTripCount(i64 8, i64 8, i64 8)"   --->   Operation 68 'speclooptripcount' 'empty_119' <Predicate = true> <Delay = 0.00>
ST_6 : Operation 69 [1/1] (1.73ns)   --->   "%i_3 = add i4 %i14_0, 1" [./layer.h:194]   --->   Operation 69 'add' 'i_3' <Predicate = true> <Delay = 1.73> <Core = "AddSub">   --->   Core 14 'AddSub' <Latency = 0> <II = 1> <Delay = 3.31> <FuncUnit> <Opcode : 'add' 'sub'> <InPorts = 2> <OutPorts = 1>
ST_6 : Operation 70 [1/1] (0.00ns)   --->   "br i1 %icmp_ln194, label %2, label %APPLY_ROTARY_POS_EMB_LOOP_5_begin" [./layer.h:194]   --->   Operation 70 'br' <Predicate = true> <Delay = 0.00>
ST_6 : Operation 71 [1/1] (0.00ns)   --->   "call void (...)* @_ssdm_op_SpecLoopName([28 x i8]* @p_str1833) nounwind" [./layer.h:194]   --->   Operation 71 'specloopname' <Predicate = (!icmp_ln194)> <Delay = 0.00>
ST_6 : Operation 72 [1/1] (0.00ns)   --->   "%tmp_74 = call i10 @_ssdm_op_BitConcatenate.i10.i4.i6(i4 %i14_0, i6 0)" [./layer.h:198]   --->   Operation 72 'bitconcatenate' 'tmp_74' <Predicate = (!icmp_ln194)> <Delay = 0.00>
ST_6 : Operation 73 [1/1] (0.00ns)   --->   "%tmp_75 = call i8 @_ssdm_op_BitConcatenate.i8.i4.i4(i4 %i14_0, i4 0)" [./layer.h:198]   --->   Operation 73 'bitconcatenate' 'tmp_75' <Predicate = (!icmp_ln194)> <Delay = 0.00>
ST_6 : Operation 74 [1/1] (0.00ns)   --->   "%zext_ln1116 = zext i8 %tmp_75 to i10" [./layer.h:198]   --->   Operation 74 'zext' 'zext_ln1116' <Predicate = (!icmp_ln194)> <Delay = 0.00>
ST_6 : Operation 75 [1/1] (1.73ns)   --->   "%sub_ln1116 = sub i10 %tmp_74, %zext_ln1116" [./layer.h:198]   --->   Operation 75 'sub' 'sub_ln1116' <Predicate = (!icmp_ln194)> <Delay = 1.73> <Core = "AddSub">   --->   Core 14 'AddSub' <Latency = 0> <II = 1> <Delay = 3.31> <FuncUnit> <Opcode : 'add' 'sub'> <InPorts = 2> <OutPorts = 1>
ST_6 : Operation 76 [1/1] (0.00ns)   --->   "%tmp_s = call i32 (...)* @_ssdm_op_SpecRegionBegin([28 x i8]* @p_str1834)" [./layer.h:195]   --->   Operation 76 'specregionbegin' 'tmp_s' <Predicate = (!icmp_ln194)> <Delay = 0.00>
ST_6 : Operation 77 [1/1] (1.76ns)   --->   "br label %1" [./layer.h:196]   --->   Operation 77 'br' <Predicate = (!icmp_ln194)> <Delay = 1.76>
ST_6 : Operation 78 [1/1] (0.00ns)   --->   "ret void" [./layer.h:204]   --->   Operation 78 'ret' <Predicate = (icmp_ln194)> <Delay = 0.00>

State 7 <SV = 3> <Delay = 4.98>
ST_7 : Operation 79 [1/1] (0.00ns)   --->   "%k16_0_0 = phi i6 [ 0, %APPLY_ROTARY_POS_EMB_LOOP_5_begin ], [ %add_ln196, %_ZNK13ap_fixed_baseILi40ELi24ELb1EL9ap_q_mode5EL9ap_o_mode3ELi0EEcvlEv.exit66.0 ]" [./layer.h:196]   --->   Operation 79 'phi' 'k16_0_0' <Predicate = true> <Delay = 0.00>
ST_7 : Operation 80 [1/1] (1.42ns)   --->   "%icmp_ln196 = icmp eq i6 %k16_0_0, -16" [./layer.h:196]   --->   Operation 80 'icmp' 'icmp_ln196' <Predicate = true> <Delay = 1.42> <Core = "Cmp">   --->   Core 25 'Cmp' <Latency = 0> <II = 1> <Delay = 1.42> <FuncUnit> <Opcode : 'icmp'> <InPorts = 2> <OutPorts = 1>
ST_7 : Operation 81 [1/1] (0.00ns)   --->   "%empty_121 = call i32 (...)* @_ssdm_op_SpecLoopTripCount(i64 48, i64 48, i64 48)"   --->   Operation 81 'speclooptripcount' 'empty_121' <Predicate = true> <Delay = 0.00>
ST_7 : Operation 82 [1/1] (1.82ns)   --->   "%add_ln196 = add i6 %k16_0_0, 1" [./layer.h:196]   --->   Operation 82 'add' 'add_ln196' <Predicate = true> <Delay = 1.82> <Core = "AddSub">   --->   Core 14 'AddSub' <Latency = 0> <II = 1> <Delay = 3.31> <FuncUnit> <Opcode : 'add' 'sub'> <InPorts = 2> <OutPorts = 1>
ST_7 : Operation 83 [1/1] (0.00ns)   --->   "br i1 %icmp_ln196, label %APPLY_ROTARY_POS_EMB_LOOP_5_end, label %_ZNK13ap_fixed_baseILi40ELi24ELb1EL9ap_q_mode5EL9ap_o_mode3ELi0EEcvlEv.exit66.0" [./layer.h:196]   --->   Operation 83 'br' <Predicate = true> <Delay = 0.00>
ST_7 : Operation 84 [1/1] (0.00ns)   --->   "%zext_ln197 = zext i6 %k16_0_0 to i64" [./layer.h:197]   --->   Operation 84 'zext' 'zext_ln197' <Predicate = (!icmp_ln196)> <Delay = 0.00>
ST_7 : Operation 85 [1/1] (0.00ns)   --->   "%zext_ln1116_2 = zext i6 %k16_0_0 to i10" [./layer.h:198]   --->   Operation 85 'zext' 'zext_ln1116_2' <Predicate = (!icmp_ln196)> <Delay = 0.00>
ST_7 : Operation 86 [1/1] (1.73ns)   --->   "%add_ln1116 = add i10 %sub_ln1116, %zext_ln1116_2" [./layer.h:198]   --->   Operation 86 'add' 'add_ln1116' <Predicate = (!icmp_ln196)> <Delay = 1.73> <Core = "AddSub">   --->   Core 14 'AddSub' <Latency = 0> <II = 1> <Delay = 3.31> <FuncUnit> <Opcode : 'add' 'sub'> <InPorts = 2> <OutPorts = 1>
ST_7 : Operation 87 [1/1] (0.00ns)   --->   "%sext_ln1116 = sext i10 %add_ln1116 to i64" [./layer.h:198]   --->   Operation 87 'sext' 'sext_ln1116' <Predicate = (!icmp_ln196)> <Delay = 0.00>
ST_7 : Operation 88 [1/1] (0.00ns)   --->   "%input_q_0_V_addr_2 = getelementptr [384 x i40]* %input_q_0_V, i64 0, i64 %sext_ln1116" [./layer.h:198]   --->   Operation 88 'getelementptr' 'input_q_0_V_addr_2' <Predicate = (!icmp_ln196)> <Delay = 0.00>
ST_7 : Operation 89 [1/1] (0.00ns)   --->   "%input_k_0_V_addr_2 = getelementptr [384 x i40]* %input_k_0_V, i64 0, i64 %sext_ln1116" [./layer.h:200]   --->   Operation 89 'getelementptr' 'input_k_0_V_addr_2' <Predicate = (!icmp_ln196)> <Delay = 0.00>
ST_7 : Operation 90 [1/1] (0.00ns)   --->   "%rotated_q_0_V_addr_2 = getelementptr [384 x i40]* %rotated_q_0_V, i64 0, i64 %sext_ln1116" [./layer.h:198]   --->   Operation 90 'getelementptr' 'rotated_q_0_V_addr_2' <Predicate = (!icmp_ln196)> <Delay = 0.00>
ST_7 : Operation 91 [1/1] (0.00ns)   --->   "%rotated_k_0_V_addr_2 = getelementptr [384 x i40]* %rotated_k_0_V, i64 0, i64 %sext_ln1116" [./layer.h:200]   --->   Operation 91 'getelementptr' 'rotated_k_0_V_addr_2' <Predicate = (!icmp_ln196)> <Delay = 0.00>
ST_7 : Operation 92 [1/1] (0.00ns)   --->   "%cos_tab_V_5_addr = getelementptr [96 x i17]* @cos_tab_V_5, i64 0, i64 %zext_ln197" [./layer.h:198]   --->   Operation 92 'getelementptr' 'cos_tab_V_5_addr' <Predicate = (!icmp_ln196)> <Delay = 0.00>
ST_7 : Operation 93 [2/2] (3.25ns)   --->   "%cos_tab_V_5_load = load i17* %cos_tab_V_5_addr, align 4" [./layer.h:198]   --->   Operation 93 'load' 'cos_tab_V_5_load' <Predicate = (!icmp_ln196)> <Delay = 3.25> <Core = "ROM_nP">   --->   Core 52 'ROM_nP' <Latency = 1> <II = 1> <Delay = 3.25> <Storage> <Opcode : 'load'> <Ports = 0> <Width = 17> <Depth = 96> <ROM>
ST_7 : Operation 94 [2/2] (3.25ns)   --->   "%input_q_0_V_load_2 = load i40* %input_q_0_V_addr_2, align 8" [./layer.h:198]   --->   Operation 94 'load' 'input_q_0_V_load_2' <Predicate = (!icmp_ln196)> <Delay = 3.25> <Core = "RAM">   --->   Core 37 'RAM' <Latency = 1> <II = 1> <Delay = 3.25> <Storage> <Opcode : 'load' 'store'> <Ports = 2> <Width = 40> <Depth = 384> <RAM>
ST_7 : Operation 95 [1/1] (0.00ns)   --->   "%sin_tab_V_5_addr = getelementptr [96 x i17]* @sin_tab_V_5, i64 0, i64 %zext_ln197" [./layer.h:198]   --->   Operation 95 'getelementptr' 'sin_tab_V_5_addr' <Predicate = (!icmp_ln196)> <Delay = 0.00>
ST_7 : Operation 96 [2/2] (3.25ns)   --->   "%sin_tab_V_5_load = load i17* %sin_tab_V_5_addr, align 4" [./layer.h:198]   --->   Operation 96 'load' 'sin_tab_V_5_load' <Predicate = (!icmp_ln196)> <Delay = 3.25> <Core = "ROM_nP">   --->   Core 52 'ROM_nP' <Latency = 1> <II = 1> <Delay = 3.25> <Storage> <Opcode : 'load'> <Ports = 0> <Width = 17> <Depth = 96> <ROM>
ST_7 : Operation 97 [2/2] (3.25ns)   --->   "%rotated_q_0_V_load = load i40* %rotated_q_0_V_addr_2, align 8" [./layer.h:198]   --->   Operation 97 'load' 'rotated_q_0_V_load' <Predicate = (!icmp_ln196)> <Delay = 3.25> <Core = "RAM">   --->   Core 37 'RAM' <Latency = 1> <II = 1> <Delay = 3.25> <Storage> <Opcode : 'load' 'store'> <Ports = 2> <Width = 40> <Depth = 384> <RAM>
ST_7 : Operation 98 [2/2] (3.25ns)   --->   "%input_k_0_V_load_2 = load i40* %input_k_0_V_addr_2, align 8" [./layer.h:200]   --->   Operation 98 'load' 'input_k_0_V_load_2' <Predicate = (!icmp_ln196)> <Delay = 3.25> <Core = "RAM">   --->   Core 37 'RAM' <Latency = 1> <II = 1> <Delay = 3.25> <Storage> <Opcode : 'load' 'store'> <Ports = 2> <Width = 40> <Depth = 384> <RAM>
ST_7 : Operation 99 [2/2] (3.25ns)   --->   "%rotated_k_0_V_load = load i40* %rotated_k_0_V_addr_2, align 8" [./layer.h:200]   --->   Operation 99 'load' 'rotated_k_0_V_load' <Predicate = (!icmp_ln196)> <Delay = 3.25> <Core = "RAM">   --->   Core 37 'RAM' <Latency = 1> <II = 1> <Delay = 3.25> <Storage> <Opcode : 'load' 'store'> <Ports = 2> <Width = 40> <Depth = 384> <RAM>
ST_7 : Operation 100 [1/1] (0.00ns)   --->   "%empty_120 = call i32 (...)* @_ssdm_op_SpecRegionEnd([28 x i8]* @p_str1834, i32 %tmp_s)" [./layer.h:202]   --->   Operation 100 'specregionend' 'empty_120' <Predicate = (icmp_ln196)> <Delay = 0.00>
ST_7 : Operation 101 [1/1] (0.00ns)   --->   "br label %.preheader" [./layer.h:194]   --->   Operation 101 'br' <Predicate = (icmp_ln196)> <Delay = 0.00>

State 8 <SV = 4> <Delay = 3.25>
ST_8 : Operation 102 [1/2] (3.25ns)   --->   "%cos_tab_V_5_load = load i17* %cos_tab_V_5_addr, align 4" [./layer.h:198]   --->   Operation 102 'load' 'cos_tab_V_5_load' <Predicate = true> <Delay = 3.25> <Core = "ROM_nP">   --->   Core 52 'ROM_nP' <Latency = 1> <II = 1> <Delay = 3.25> <Storage> <Opcode : 'load'> <Ports = 0> <Width = 17> <Depth = 96> <ROM>
ST_8 : Operation 103 [1/2] (3.25ns)   --->   "%input_q_0_V_load_2 = load i40* %input_q_0_V_addr_2, align 8" [./layer.h:198]   --->   Operation 103 'load' 'input_q_0_V_load_2' <Predicate = true> <Delay = 3.25> <Core = "RAM">   --->   Core 37 'RAM' <Latency = 1> <II = 1> <Delay = 3.25> <Storage> <Opcode : 'load' 'store'> <Ports = 2> <Width = 40> <Depth = 384> <RAM>
ST_8 : Operation 104 [1/2] (3.25ns)   --->   "%sin_tab_V_5_load = load i17* %sin_tab_V_5_addr, align 4" [./layer.h:198]   --->   Operation 104 'load' 'sin_tab_V_5_load' <Predicate = true> <Delay = 3.25> <Core = "ROM_nP">   --->   Core 52 'ROM_nP' <Latency = 1> <II = 1> <Delay = 3.25> <Storage> <Opcode : 'load'> <Ports = 0> <Width = 17> <Depth = 96> <ROM>
ST_8 : Operation 105 [1/2] (3.25ns)   --->   "%rotated_q_0_V_load = load i40* %rotated_q_0_V_addr_2, align 8" [./layer.h:198]   --->   Operation 105 'load' 'rotated_q_0_V_load' <Predicate = true> <Delay = 3.25> <Core = "RAM">   --->   Core 37 'RAM' <Latency = 1> <II = 1> <Delay = 3.25> <Storage> <Opcode : 'load' 'store'> <Ports = 2> <Width = 40> <Depth = 384> <RAM>
ST_8 : Operation 106 [1/2] (3.25ns)   --->   "%input_k_0_V_load_2 = load i40* %input_k_0_V_addr_2, align 8" [./layer.h:200]   --->   Operation 106 'load' 'input_k_0_V_load_2' <Predicate = true> <Delay = 3.25> <Core = "RAM">   --->   Core 37 'RAM' <Latency = 1> <II = 1> <Delay = 3.25> <Storage> <Opcode : 'load' 'store'> <Ports = 2> <Width = 40> <Depth = 384> <RAM>
ST_8 : Operation 107 [1/2] (3.25ns)   --->   "%rotated_k_0_V_load = load i40* %rotated_k_0_V_addr_2, align 8" [./layer.h:200]   --->   Operation 107 'load' 'rotated_k_0_V_load' <Predicate = true> <Delay = 3.25> <Core = "RAM">   --->   Core 37 'RAM' <Latency = 1> <II = 1> <Delay = 3.25> <Storage> <Opcode : 'load' 'store'> <Ports = 2> <Width = 40> <Depth = 384> <RAM>

State 9 <SV = 5> <Delay = 8.51>
ST_9 : Operation 108 [1/1] (0.00ns)   --->   "%sext_ln1118 = sext i40 %input_q_0_V_load_2 to i56" [./layer.h:198]   --->   Operation 108 'sext' 'sext_ln1118' <Predicate = true> <Delay = 0.00>
ST_9 : Operation 109 [1/1] (0.00ns)   --->   "%sext_ln1118_5 = sext i17 %cos_tab_V_5_load to i56" [./layer.h:198]   --->   Operation 109 'sext' 'sext_ln1118_5' <Predicate = true> <Delay = 0.00>
ST_9 : Operation 110 [1/1] (8.51ns)   --->   "%mul_ln1118 = mul i56 %sext_ln1118_5, %sext_ln1118" [./layer.h:198]   --->   Operation 110 'mul' 'mul_ln1118' <Predicate = true> <Delay = 8.51> <Core = "Mul">   --->   Core 16 'Mul' <Latency = 0> <II = 1> <Delay = 8.51> <FuncUnit> <Opcode : 'mul'> <InPorts = 2> <OutPorts = 1>
ST_9 : Operation 111 [1/1] (0.00ns)   --->   "%sext_ln1118_6 = sext i40 %rotated_q_0_V_load to i56" [./layer.h:198]   --->   Operation 111 'sext' 'sext_ln1118_6' <Predicate = true> <Delay = 0.00>
ST_9 : Operation 112 [1/1] (0.00ns)   --->   "%sext_ln1118_7 = sext i17 %sin_tab_V_5_load to i56" [./layer.h:198]   --->   Operation 112 'sext' 'sext_ln1118_7' <Predicate = true> <Delay = 0.00>
ST_9 : Operation 113 [1/1] (8.51ns)   --->   "%mul_ln1118_4 = mul i56 %sext_ln1118_7, %sext_ln1118_6" [./layer.h:198]   --->   Operation 113 'mul' 'mul_ln1118_4' <Predicate = true> <Delay = 8.51> <Core = "Mul">   --->   Core 16 'Mul' <Latency = 0> <II = 1> <Delay = 8.51> <FuncUnit> <Opcode : 'mul'> <InPorts = 2> <OutPorts = 1>
ST_9 : Operation 114 [1/1] (0.00ns)   --->   "%sext_ln1118_8 = sext i40 %input_k_0_V_load_2 to i56" [./layer.h:200]   --->   Operation 114 'sext' 'sext_ln1118_8' <Predicate = true> <Delay = 0.00>
ST_9 : Operation 115 [1/1] (8.51ns)   --->   "%mul_ln1118_5 = mul i56 %sext_ln1118_5, %sext_ln1118_8" [./layer.h:200]   --->   Operation 115 'mul' 'mul_ln1118_5' <Predicate = true> <Delay = 8.51> <Core = "Mul">   --->   Core 16 'Mul' <Latency = 0> <II = 1> <Delay = 8.51> <FuncUnit> <Opcode : 'mul'> <InPorts = 2> <OutPorts = 1>
ST_9 : Operation 116 [1/1] (0.00ns)   --->   "%sext_ln1118_9 = sext i40 %rotated_k_0_V_load to i56" [./layer.h:200]   --->   Operation 116 'sext' 'sext_ln1118_9' <Predicate = true> <Delay = 0.00>
ST_9 : Operation 117 [1/1] (8.51ns)   --->   "%mul_ln1118_6 = mul i56 %sext_ln1118_7, %sext_ln1118_9" [./layer.h:200]   --->   Operation 117 'mul' 'mul_ln1118_6' <Predicate = true> <Delay = 8.51> <Core = "Mul">   --->   Core 16 'Mul' <Latency = 0> <II = 1> <Delay = 8.51> <FuncUnit> <Opcode : 'mul'> <InPorts = 2> <OutPorts = 1>

State 10 <SV = 6> <Delay = 6.56>
ST_10 : Operation 118 [1/1] (0.00ns)   --->   "call void (...)* @_ssdm_op_SpecLoopName([28 x i8]* @p_str1835) nounwind" [./layer.h:196]   --->   Operation 118 'specloopname' <Predicate = true> <Delay = 0.00>
ST_10 : Operation 119 [1/1] (0.00ns)   --->   "%output_q_0_V_addr = getelementptr [384 x i40]* %output_q_0_V, i64 0, i64 %sext_ln1116" [./layer.h:198]   --->   Operation 119 'getelementptr' 'output_q_0_V_addr' <Predicate = true> <Delay = 0.00>
ST_10 : Operation 120 [1/1] (0.00ns)   --->   "%output_k_0_V_addr = getelementptr [384 x i40]* %output_k_0_V, i64 0, i64 %sext_ln1116" [./layer.h:200]   --->   Operation 120 'getelementptr' 'output_k_0_V_addr' <Predicate = true> <Delay = 0.00>
ST_10 : Operation 121 [1/1] (3.31ns)   --->   "%add_ln1192 = add i56 %mul_ln1118, %mul_ln1118_4" [./layer.h:198]   --->   Operation 121 'add' 'add_ln1192' <Predicate = true> <Delay = 3.31> <Core = "AddSub">   --->   Core 14 'AddSub' <Latency = 0> <II = 1> <Delay = 3.31> <FuncUnit> <Opcode : 'add' 'sub'> <InPorts = 2> <OutPorts = 1>
ST_10 : Operation 122 [1/1] (0.00ns)   --->   "%trunc_ln = call i40 @_ssdm_op_PartSelect.i40.i56.i32.i32(i56 %add_ln1192, i32 16, i32 55)" [./layer.h:198]   --->   Operation 122 'partselect' 'trunc_ln' <Predicate = true> <Delay = 0.00>
ST_10 : Operation 123 [1/1] (3.25ns)   --->   "store i40 %trunc_ln, i40* %output_q_0_V_addr, align 8" [./layer.h:198]   --->   Operation 123 'store' <Predicate = true> <Delay = 3.25> <Core = "RAM">   --->   Core 37 'RAM' <Latency = 1> <II = 1> <Delay = 3.25> <Storage> <Opcode : 'load' 'store'> <Ports = 2> <Width = 40> <Depth = 384> <RAM>
ST_10 : Operation 124 [1/1] (3.31ns)   --->   "%add_ln1192_1 = add i56 %mul_ln1118_5, %mul_ln1118_6" [./layer.h:200]   --->   Operation 124 'add' 'add_ln1192_1' <Predicate = true> <Delay = 3.31> <Core = "AddSub">   --->   Core 14 'AddSub' <Latency = 0> <II = 1> <Delay = 3.31> <FuncUnit> <Opcode : 'add' 'sub'> <InPorts = 2> <OutPorts = 1>
ST_10 : Operation 125 [1/1] (0.00ns)   --->   "%trunc_ln708_s = call i40 @_ssdm_op_PartSelect.i40.i56.i32.i32(i56 %add_ln1192_1, i32 16, i32 55)" [./layer.h:200]   --->   Operation 125 'partselect' 'trunc_ln708_s' <Predicate = true> <Delay = 0.00>
ST_10 : Operation 126 [1/1] (3.25ns)   --->   "store i40 %trunc_ln708_s, i40* %output_k_0_V_addr, align 8" [./layer.h:200]   --->   Operation 126 'store' <Predicate = true> <Delay = 3.25> <Core = "RAM">   --->   Core 37 'RAM' <Latency = 1> <II = 1> <Delay = 3.25> <Storage> <Opcode : 'load' 'store'> <Ports = 2> <Width = 40> <Depth = 384> <RAM>
ST_10 : Operation 127 [1/1] (0.00ns)   --->   "br label %1" [./layer.h:196]   --->   Operation 127 'br' <Predicate = true> <Delay = 0.00>


============================================================
+ Verbose Summary: Timing violations
============================================================
Target clock period: 10ns, clock uncertainty: 1.25ns.

 <State 1>: 1.77ns
The critical path consists of the following:
	multiplexor before 'phi' operation ('i') with incoming values : ('i', ./layer.h:182) [13]  (1.77 ns)

 <State 2>: 1.77ns
The critical path consists of the following:
	multiplexor before 'phi' operation ('k_0_0', ./layer.h:184) with incoming values : ('add_ln184', ./layer.h:184) [27]  (1.77 ns)

 <State 3>: 6.81ns
The critical path consists of the following:
	'phi' operation ('k_0_0', ./layer.h:184) with incoming values : ('add_ln184', ./layer.h:184) [27]  (0 ns)
	'add' operation ('add_ln185', ./layer.h:185) [42]  (1.83 ns)
	'add' operation ('add_ln1265', ./layer.h:185) [44]  (1.73 ns)
	'getelementptr' operation ('input_q_0_V_addr', ./layer.h:185) [46]  (0 ns)
	'load' operation ('input_q_0_V_load', ./layer.h:185) on array 'input_q_0_V' [50]  (3.25 ns)

 <State 4>: 6.51ns
The critical path consists of the following:
	'load' operation ('input_q_0_V_load_1', ./layer.h:187) on array 'input_q_0_V' [56]  (3.25 ns)
	'store' operation ('store_ln187', ./layer.h:187) of variable 'input_q_0_V_load_1', ./layer.h:187 on array 'rotated_q[0].V', ./layer.h:180 [57]  (3.25 ns)

 <State 5>: 6.13ns
The critical path consists of the following:
	'sub' operation ('sub_ln703', ./layer.h:185) [51]  (2.88 ns)
	'store' operation ('store_ln185', ./layer.h:185) of variable 'sub_ln703', ./layer.h:185 on array 'rotated_q[0].V', ./layer.h:180 [52]  (3.25 ns)

 <State 6>: 1.77ns
The critical path consists of the following:
	multiplexor before 'phi' operation ('k16_0_0', ./layer.h:196) with incoming values : ('add_ln196', ./layer.h:196) [81]  (1.77 ns)

 <State 7>: 4.98ns
The critical path consists of the following:
	'phi' operation ('k16_0_0', ./layer.h:196) with incoming values : ('add_ln196', ./layer.h:196) [81]  (0 ns)
	'add' operation ('add_ln1116', ./layer.h:198) [90]  (1.73 ns)
	'getelementptr' operation ('input_q_0_V_addr_2', ./layer.h:198) [92]  (0 ns)
	'load' operation ('input_q_0_V_load_2', ./layer.h:198) on array 'input_q_0_V' [100]  (3.25 ns)

 <State 8>: 3.25ns
The critical path consists of the following:
	'load' operation ('cos_tab_V_5_load', ./layer.h:198) on array 'cos_tab_V_5' [99]  (3.25 ns)

 <State 9>: 8.51ns
The critical path consists of the following:
	'mul' operation ('mul_ln1118', ./layer.h:198) [103]  (8.51 ns)

 <State 10>: 6.57ns
The critical path consists of the following:
	'add' operation ('add_ln1192', ./layer.h:198) [110]  (3.31 ns)
	'store' operation ('store_ln198', ./layer.h:198) of variable 'trunc_ln', ./layer.h:198 on array 'output_q_0_V' [112]  (3.25 ns)


============================================================
+ Verbose Summary: Binding
============================================================
N/A
* FSMD analyzer results:
  - Output states:
 - Input state : 
  - Chain level:
	State 1
	State 2
	State 3
	State 4
	State 5
	State 6
	State 7
	State 8
	State 9
	State 10


============================================================
+ Verbose Summary: Datapath Resource usage 
============================================================
N/A
