

================================================================
== Vivado HLS Report for 'GEMM_3D_float'
================================================================
* Date:           Sun Dec  1 10:40:00 2024

* Version:        2019.2 (Build 2704478 on Wed Nov 06 22:10:23 MST 2019)
* Project:        attention_4th.prj
* Solution:       solution1
* Product family: zynq
* Target device:  xc7z020-clg484-1


================================================================
== Performance Estimates
================================================================
+ Timing: 
    * Summary: 
    +--------+----------+----------+------------+
    |  Clock |  Target  | Estimated| Uncertainty|
    +--------+----------+----------+------------+
    |ap_clk  | 10.00 ns | 8.510 ns |   1.25 ns  |
    +--------+----------+----------+------------+

+ Latency: 
    * Summary: 
    +---------+---------+----------+----------+-------+-------+---------+
    |  Latency (cycles) |  Latency (absolute) |    Interval   | Pipeline|
    |   min   |   max   |    min   |    max   |  min  |  max  |   Type  |
    +---------+---------+----------+----------+-------+-------+---------+
    |    12305|    12305| 0.123 ms | 0.123 ms |  12305|  12305|   none  |
    +---------+---------+----------+----------+-------+-------+---------+

    + Detail: 
        * Instance: 
        N/A

        * Loop: 
        +---------------------------+---------+---------+----------+-----------+-----------+------+----------+
        |                           |  Latency (cycles) | Iteration|  Initiation Interval  | Trip |          |
        |         Loop Name         |   min   |   max   |  Latency |  achieved |   target  | Count| Pipelined|
        +---------------------------+---------+---------+----------+-----------+-----------+------+----------+
        |- GEMM_3D_FLOAT_LOOP_1     |    12304|    12304|      1538|          -|          -|     8|    no    |
        | + GEMM_3D_FLOAT_LOOP_3    |     1536|     1536|        32|          -|          -|    48|    no    |
        |  ++ GEMM_3D_FLOAT_LOOP_4  |       30|       30|         5|          -|          -|     6|    no    |
        +---------------------------+---------+---------+----------+-----------+-----------+------+----------+



================================================================
== Utilization Estimates
================================================================
* Summary: 
+-----------------+---------+-------+--------+-------+-----+
|       Name      | BRAM_18K| DSP48E|   FF   |  LUT  | URAM|
+-----------------+---------+-------+--------+-------+-----+
|DSP              |        -|      -|       -|      -|    -|
|Expression       |        -|      5|       0|    247|    -|
|FIFO             |        -|      -|       -|      -|    -|
|Instance         |        -|      -|       -|      -|    -|
|Memory           |        -|      -|       -|      -|    -|
|Multiplexer      |        -|      -|       -|     71|    -|
|Register         |        -|      -|     261|      -|    -|
+-----------------+---------+-------+--------+-------+-----+
|Total            |        0|      5|     261|    318|    0|
+-----------------+---------+-------+--------+-------+-----+
|Available        |      280|    220|  106400|  53200|    0|
+-----------------+---------+-------+--------+-------+-----+
|Utilization (%)  |        0|      2|   ~0   |   ~0  |    0|
+-----------------+---------+-------+--------+-------+-----+

+ Detail: 
    * Instance: 
    N/A

    * DSP48E: 
    N/A

    * Memory: 
    N/A

    * FIFO: 
    N/A

    * Expression: 
    +----------------------+----------+-------+---+----+------------+------------+
    |     Variable Name    | Operation| DSP48E| FF| LUT| Bitwidth P0| Bitwidth P1|
    +----------------------+----------+-------+---+----+------------+------------+
    |mul_ln1192_fu_311_p2  |     *    |      5|  0|  29|          40|          40|
    |add_ln1116_fu_261_p2  |     +    |      0|  0|  15|           9|           9|
    |add_ln1117_fu_292_p2  |     +    |      0|  0|  13|          13|          13|
    |add_ln1192_fu_324_p2  |     +    |      0|  0|  63|          56|          56|
    |add_ln1265_fu_235_p2  |     +    |      0|  0|  14|          10|          10|
    |add_ln252_fu_221_p2   |     +    |      0|  0|  15|           6|           1|
    |add_ln253_fu_251_p2   |     +    |      0|  0|  12|           3|           1|
    |i_fu_149_p2           |     +    |      0|  0|  13|           4|           1|
    |sub_ln1116_fu_179_p2  |     -    |      0|  0|  15|           8|           8|
    |sub_ln1117_fu_286_p2  |     -    |      0|  0|  13|          13|          13|
    |sub_ln1265_fu_209_p2  |     -    |      0|  0|  14|          10|          10|
    |icmp_ln250_fu_143_p2  |   icmp   |      0|  0|  11|           4|           5|
    |icmp_ln252_fu_215_p2  |   icmp   |      0|  0|  11|           6|           6|
    |icmp_ln253_fu_245_p2  |   icmp   |      0|  0|   9|           3|           3|
    +----------------------+----------+-------+---+----+------------+------------+
    |Total                 |          |      5|  0| 247|         185|         176|
    +----------------------+----------+-------+---+----+------------+------------+

    * Multiplexer: 
    +---------------+----+-----------+-----+-----------+
    |      Name     | LUT| Input Size| Bits| Total Bits|
    +---------------+----+-----------+-----+-----------+
    |ap_NS_fsm      |  44|          9|    1|          9|
    |i_0_reg_110    |   9|          2|    4|          8|
    |k_0_0_reg_121  |   9|          2|    6|         12|
    |l_0_0_reg_132  |   9|          2|    3|          6|
    +---------------+----+-----------+-----+-----------+
    |Total          |  71|         15|   14|         35|
    +---------------+----+-----------+-----+-----------+

    * Register: 
    +--------------------------+----+----+-----+-----------+
    |           Name           | FF | LUT| Bits| Const Bits|
    +--------------------------+----+----+-----+-----------+
    |add_ln1116_reg_384        |   9|   0|    9|          0|
    |add_ln1117_reg_389        |  13|   0|   13|          0|
    |add_ln252_reg_361         |   6|   0|    6|          0|
    |add_ln253_reg_379         |   3|   0|    3|          0|
    |ap_CS_fsm                 |   8|   0|    8|          0|
    |i_0_reg_110               |   4|   0|    4|          0|
    |i_reg_343                 |   4|   0|    4|          0|
    |input_1_0_V_load_reg_404  |  40|   0|   40|          0|
    |input_2_V_load_reg_409    |  40|   0|   40|          0|
    |k_0_0_reg_121             |   6|   0|    6|          0|
    |l_0_0_reg_132             |   3|   0|    3|          0|
    |mul_ln1192_reg_414        |  56|   0|   56|          0|
    |output_0_V_addr_reg_371   |   9|   0|    9|          0|
    |output_0_V_load_reg_419   |  40|   0|   40|          0|
    |sext_ln1116_reg_348       |   8|   0|    9|          1|
    |sub_ln1265_reg_353        |   6|   0|   10|          4|
    |zext_ln1265_6_reg_366     |   6|   0|   13|          7|
    +--------------------------+----+----+-----+-----------+
    |Total                     | 261|   0|  273|         12|
    +--------------------------+----+----+-----+-----------+



================================================================
== Interface
================================================================
* Summary: 
+----------------------+-----+-----+------------+---------------+--------------+
|       RTL Ports      | Dir | Bits|  Protocol  | Source Object |    C Type    |
+----------------------+-----+-----+------------+---------------+--------------+
|ap_clk                |  in |    1| ap_ctrl_hs | GEMM_3D_float | return value |
|ap_rst                |  in |    1| ap_ctrl_hs | GEMM_3D_float | return value |
|ap_start              |  in |    1| ap_ctrl_hs | GEMM_3D_float | return value |
|ap_done               | out |    1| ap_ctrl_hs | GEMM_3D_float | return value |
|ap_idle               | out |    1| ap_ctrl_hs | GEMM_3D_float | return value |
|ap_ready              | out |    1| ap_ctrl_hs | GEMM_3D_float | return value |
|input_1_0_V_address0  | out |    6|  ap_memory |  input_1_0_V  |     array    |
|input_1_0_V_ce0       | out |    1|  ap_memory |  input_1_0_V  |     array    |
|input_1_0_V_q0        |  in |   40|  ap_memory |  input_1_0_V  |     array    |
|input_2_V_address0    | out |   12|  ap_memory |   input_2_V   |     array    |
|input_2_V_ce0         | out |    1|  ap_memory |   input_2_V   |     array    |
|input_2_V_q0          |  in |   40|  ap_memory |   input_2_V   |     array    |
|output_0_V_address0   | out |    9|  ap_memory |   output_0_V  |     array    |
|output_0_V_ce0        | out |    1|  ap_memory |   output_0_V  |     array    |
|output_0_V_we0        | out |    1|  ap_memory |   output_0_V  |     array    |
|output_0_V_d0         | out |   40|  ap_memory |   output_0_V  |     array    |
|output_0_V_q0         |  in |   40|  ap_memory |   output_0_V  |     array    |
+----------------------+-----+-----+------------+---------------+--------------+

============================================================
+ Verbose Summary: Synthesis Manager
============================================================
InlineROM: 1
ExposeGlobal: 0
============================================================
+ Verbose Summary: CDFG Model
============================================================
IsTopModel: 0
ResetActiveHigh: 1
IsCombinational: 2
IsDatapathOnly: 2
HasWiredReturn: 1
HasMFsm: 0
HasVarLatency: 1
IsPipeline: 0
IsRtlPipelined: 0
IsInstanceOverlapped: 0
IsDontTouch: 0
HasImplIP: 0
IsGatedGlobalClock: 0


============================================================
+ Verbose Summary: Schedule
============================================================
* Number of FSM states : 8
* Pipeline : 0
* Dataflow Pipeline: 0

* FSM state transitions: 
1 --> 2 
2 --> 3 
3 --> 4 2 
4 --> 5 3 
5 --> 6 
6 --> 7 
7 --> 8 
8 --> 4 

* FSM state operations: 

State 1 <SV = 0> <Delay = 1.76>
ST_1 : Operation 9 [1/1] (1.76ns)   --->   "br label %1" [./layer.h:250]   --->   Operation 9 'br' <Predicate = true> <Delay = 1.76>

State 2 <SV = 1> <Delay = 1.87>
ST_2 : Operation 10 [1/1] (0.00ns)   --->   "%i_0 = phi i4 [ 0, %0 ], [ %i, %GEMM_3D_FLOAT_LOOP_2_end ]"   --->   Operation 10 'phi' 'i_0' <Predicate = true> <Delay = 0.00>
ST_2 : Operation 11 [1/1] (1.30ns)   --->   "%icmp_ln250 = icmp eq i4 %i_0, -8" [./layer.h:250]   --->   Operation 11 'icmp' 'icmp_ln250' <Predicate = true> <Delay = 1.30> <Core = "Cmp">   --->   Core 25 'Cmp' <Latency = 0> <II = 1> <Delay = 1.13> <FuncUnit> <Opcode : 'icmp'> <InPorts = 2> <OutPorts = 1>
ST_2 : Operation 12 [1/1] (0.00ns)   --->   "%empty = call i32 (...)* @_ssdm_op_SpecLoopTripCount(i64 8, i64 8, i64 8)"   --->   Operation 12 'speclooptripcount' 'empty' <Predicate = true> <Delay = 0.00>
ST_2 : Operation 13 [1/1] (1.73ns)   --->   "%i = add i4 %i_0, 1" [./layer.h:250]   --->   Operation 13 'add' 'i' <Predicate = true> <Delay = 1.73> <Core = "AddSub">   --->   Core 14 'AddSub' <Latency = 0> <II = 1> <Delay = 1.73> <FuncUnit> <Opcode : 'add' 'sub'> <InPorts = 2> <OutPorts = 1>
ST_2 : Operation 14 [1/1] (0.00ns)   --->   "br i1 %icmp_ln250, label %4, label %GEMM_3D_FLOAT_LOOP_2_begin" [./layer.h:250]   --->   Operation 14 'br' <Predicate = true> <Delay = 0.00>
ST_2 : Operation 15 [1/1] (0.00ns)   --->   "call void (...)* @_ssdm_op_SpecLoopName([21 x i8]* @p_str28) nounwind" [./layer.h:250]   --->   Operation 15 'specloopname' <Predicate = (!icmp_ln250)> <Delay = 0.00>
ST_2 : Operation 16 [1/1] (0.00ns)   --->   "%tmp_80 = call i7 @_ssdm_op_BitConcatenate.i7.i4.i3(i4 %i_0, i3 0)" [./layer.h:254]   --->   Operation 16 'bitconcatenate' 'tmp_80' <Predicate = (!icmp_ln250)> <Delay = 0.00>
ST_2 : Operation 17 [1/1] (0.00ns)   --->   "%zext_ln1116 = zext i7 %tmp_80 to i8" [./layer.h:254]   --->   Operation 17 'zext' 'zext_ln1116' <Predicate = (!icmp_ln250)> <Delay = 0.00>
ST_2 : Operation 18 [1/1] (0.00ns)   --->   "%tmp_81 = call i5 @_ssdm_op_BitConcatenate.i5.i4.i1(i4 %i_0, i1 false)" [./layer.h:254]   --->   Operation 18 'bitconcatenate' 'tmp_81' <Predicate = (!icmp_ln250)> <Delay = 0.00>
ST_2 : Operation 19 [1/1] (0.00ns)   --->   "%zext_ln1116_5 = zext i5 %tmp_81 to i8" [./layer.h:254]   --->   Operation 19 'zext' 'zext_ln1116_5' <Predicate = (!icmp_ln250)> <Delay = 0.00>
ST_2 : Operation 20 [1/1] (1.87ns)   --->   "%sub_ln1116 = sub i8 %zext_ln1116, %zext_ln1116_5" [./layer.h:254]   --->   Operation 20 'sub' 'sub_ln1116' <Predicate = (!icmp_ln250)> <Delay = 1.87> <Core = "AddSub">   --->   Core 14 'AddSub' <Latency = 0> <II = 1> <Delay = 1.73> <FuncUnit> <Opcode : 'add' 'sub'> <InPorts = 2> <OutPorts = 1>
ST_2 : Operation 21 [1/1] (0.00ns)   --->   "%sext_ln1116 = sext i8 %sub_ln1116 to i9" [./layer.h:254]   --->   Operation 21 'sext' 'sext_ln1116' <Predicate = (!icmp_ln250)> <Delay = 0.00>
ST_2 : Operation 22 [1/1] (0.00ns)   --->   "%tmp_82 = call i10 @_ssdm_op_BitConcatenate.i10.i4.i6(i4 %i_0, i6 0)" [./layer.h:254]   --->   Operation 22 'bitconcatenate' 'tmp_82' <Predicate = (!icmp_ln250)> <Delay = 0.00>
ST_2 : Operation 23 [1/1] (0.00ns)   --->   "%tmp_83 = call i8 @_ssdm_op_BitConcatenate.i8.i4.i4(i4 %i_0, i4 0)" [./layer.h:254]   --->   Operation 23 'bitconcatenate' 'tmp_83' <Predicate = (!icmp_ln250)> <Delay = 0.00>
ST_2 : Operation 24 [1/1] (0.00ns)   --->   "%zext_ln1265 = zext i8 %tmp_83 to i10" [./layer.h:254]   --->   Operation 24 'zext' 'zext_ln1265' <Predicate = (!icmp_ln250)> <Delay = 0.00>
ST_2 : Operation 25 [1/1] (1.73ns)   --->   "%sub_ln1265 = sub i10 %tmp_82, %zext_ln1265" [./layer.h:254]   --->   Operation 25 'sub' 'sub_ln1265' <Predicate = (!icmp_ln250)> <Delay = 1.73> <Core = "AddSub">   --->   Core 14 'AddSub' <Latency = 0> <II = 1> <Delay = 1.73> <FuncUnit> <Opcode : 'add' 'sub'> <InPorts = 2> <OutPorts = 1>
ST_2 : Operation 26 [1/1] (0.00ns)   --->   "%tmp = call i32 (...)* @_ssdm_op_SpecRegionBegin([21 x i8]* @p_str29)" [./layer.h:251]   --->   Operation 26 'specregionbegin' 'tmp' <Predicate = (!icmp_ln250)> <Delay = 0.00>
ST_2 : Operation 27 [1/1] (1.76ns)   --->   "br label %2" [./layer.h:252]   --->   Operation 27 'br' <Predicate = (!icmp_ln250)> <Delay = 1.76>
ST_2 : Operation 28 [1/1] (0.00ns)   --->   "ret void" [./layer.h:258]   --->   Operation 28 'ret' <Predicate = (icmp_ln250)> <Delay = 0.00>

State 3 <SV = 2> <Delay = 1.82>
ST_3 : Operation 29 [1/1] (0.00ns)   --->   "%k_0_0 = phi i6 [ 0, %GEMM_3D_FLOAT_LOOP_2_begin ], [ %add_ln252, %GEMM_3D_FLOAT_LOOP_3_end ]" [./layer.h:252]   --->   Operation 29 'phi' 'k_0_0' <Predicate = true> <Delay = 0.00>
ST_3 : Operation 30 [1/1] (1.42ns)   --->   "%icmp_ln252 = icmp eq i6 %k_0_0, -16" [./layer.h:252]   --->   Operation 30 'icmp' 'icmp_ln252' <Predicate = true> <Delay = 1.42> <Core = "Cmp">   --->   Core 25 'Cmp' <Latency = 0> <II = 1> <Delay = 1.13> <FuncUnit> <Opcode : 'icmp'> <InPorts = 2> <OutPorts = 1>
ST_3 : Operation 31 [1/1] (0.00ns)   --->   "%empty_483 = call i32 (...)* @_ssdm_op_SpecLoopTripCount(i64 48, i64 48, i64 48)"   --->   Operation 31 'speclooptripcount' 'empty_483' <Predicate = true> <Delay = 0.00>
ST_3 : Operation 32 [1/1] (1.82ns)   --->   "%add_ln252 = add i6 %k_0_0, 1" [./layer.h:252]   --->   Operation 32 'add' 'add_ln252' <Predicate = true> <Delay = 1.82> <Core = "AddSub">   --->   Core 14 'AddSub' <Latency = 0> <II = 1> <Delay = 1.73> <FuncUnit> <Opcode : 'add' 'sub'> <InPorts = 2> <OutPorts = 1>
ST_3 : Operation 33 [1/1] (0.00ns)   --->   "br i1 %icmp_ln252, label %GEMM_3D_FLOAT_LOOP_2_end, label %GEMM_3D_FLOAT_LOOP_3_begin" [./layer.h:252]   --->   Operation 33 'br' <Predicate = true> <Delay = 0.00>
ST_3 : Operation 34 [1/1] (0.00ns)   --->   "call void (...)* @_ssdm_op_SpecLoopName([21 x i8]* @p_str30) nounwind" [./layer.h:252]   --->   Operation 34 'specloopname' <Predicate = (!icmp_ln252)> <Delay = 0.00>
ST_3 : Operation 35 [1/1] (0.00ns)   --->   "%tmp_s = call i32 (...)* @_ssdm_op_SpecRegionBegin([21 x i8]* @p_str30)" [./layer.h:252]   --->   Operation 35 'specregionbegin' 'tmp_s' <Predicate = (!icmp_ln252)> <Delay = 0.00>
ST_3 : Operation 36 [1/1] (0.00ns)   --->   "%zext_ln1265_6 = zext i6 %k_0_0 to i13" [./layer.h:254]   --->   Operation 36 'zext' 'zext_ln1265_6' <Predicate = (!icmp_ln252)> <Delay = 0.00>
ST_3 : Operation 37 [1/1] (0.00ns)   --->   "%zext_ln1265_7 = zext i6 %k_0_0 to i10" [./layer.h:254]   --->   Operation 37 'zext' 'zext_ln1265_7' <Predicate = (!icmp_ln252)> <Delay = 0.00>
ST_3 : Operation 38 [1/1] (1.73ns)   --->   "%add_ln1265 = add i10 %sub_ln1265, %zext_ln1265_7" [./layer.h:254]   --->   Operation 38 'add' 'add_ln1265' <Predicate = (!icmp_ln252)> <Delay = 1.73> <Core = "AddSub">   --->   Core 14 'AddSub' <Latency = 0> <II = 1> <Delay = 1.73> <FuncUnit> <Opcode : 'add' 'sub'> <InPorts = 2> <OutPorts = 1>
ST_3 : Operation 39 [1/1] (0.00ns)   --->   "%sext_ln1265 = sext i10 %add_ln1265 to i64" [./layer.h:254]   --->   Operation 39 'sext' 'sext_ln1265' <Predicate = (!icmp_ln252)> <Delay = 0.00>
ST_3 : Operation 40 [1/1] (0.00ns)   --->   "%output_0_V_addr = getelementptr [384 x i40]* %output_0_V, i64 0, i64 %sext_ln1265" [./layer.h:254]   --->   Operation 40 'getelementptr' 'output_0_V_addr' <Predicate = (!icmp_ln252)> <Delay = 0.00>
ST_3 : Operation 41 [1/1] (1.76ns)   --->   "br label %3" [./layer.h:253]   --->   Operation 41 'br' <Predicate = (!icmp_ln252)> <Delay = 1.76>
ST_3 : Operation 42 [1/1] (0.00ns)   --->   "%empty_482 = call i32 (...)* @_ssdm_op_SpecRegionEnd([21 x i8]* @p_str29, i32 %tmp)" [./layer.h:256]   --->   Operation 42 'specregionend' 'empty_482' <Predicate = (icmp_ln252)> <Delay = 0.00>
ST_3 : Operation 43 [1/1] (0.00ns)   --->   "br label %1" [./layer.h:250]   --->   Operation 43 'br' <Predicate = (icmp_ln252)> <Delay = 0.00>

State 4 <SV = 3> <Delay = 5.73>
ST_4 : Operation 44 [1/1] (0.00ns)   --->   "%l_0_0 = phi i3 [ 0, %GEMM_3D_FLOAT_LOOP_3_begin ], [ %add_ln253, %_ZN13ap_fixed_baseILi81ELi49ELb1EL9ap_q_mode5EL9ap_o_mode3ELi0EEC1ILi40ELi24ELb1ELS0_5ELS1_3ELi0EEERKS_IXT_EXT0_EXT1_EXT2_EXT3_EXT4_EE.exit.i.i.0 ]" [./layer.h:253]   --->   Operation 44 'phi' 'l_0_0' <Predicate = true> <Delay = 0.00>
ST_4 : Operation 45 [1/1] (1.13ns)   --->   "%icmp_ln253 = icmp eq i3 %l_0_0, -2" [./layer.h:253]   --->   Operation 45 'icmp' 'icmp_ln253' <Predicate = true> <Delay = 1.13> <Core = "Cmp">   --->   Core 25 'Cmp' <Latency = 0> <II = 1> <Delay = 1.13> <FuncUnit> <Opcode : 'icmp'> <InPorts = 2> <OutPorts = 1>
ST_4 : Operation 46 [1/1] (0.00ns)   --->   "%empty_485 = call i32 (...)* @_ssdm_op_SpecLoopTripCount(i64 6, i64 6, i64 6)"   --->   Operation 46 'speclooptripcount' 'empty_485' <Predicate = true> <Delay = 0.00>
ST_4 : Operation 47 [1/1] (1.65ns)   --->   "%add_ln253 = add i3 %l_0_0, 1" [./layer.h:253]   --->   Operation 47 'add' 'add_ln253' <Predicate = true> <Delay = 1.65> <Core = "AddSub">   --->   Core 14 'AddSub' <Latency = 0> <II = 1> <Delay = 1.73> <FuncUnit> <Opcode : 'add' 'sub'> <InPorts = 2> <OutPorts = 1>
ST_4 : Operation 48 [1/1] (0.00ns)   --->   "br i1 %icmp_ln253, label %GEMM_3D_FLOAT_LOOP_3_end, label %_ZN13ap_fixed_baseILi81ELi49ELb1EL9ap_q_mode5EL9ap_o_mode3ELi0EEC1ILi40ELi24ELb1ELS0_5ELS1_3ELi0EEERKS_IXT_EXT0_EXT1_EXT2_EXT3_EXT4_EE.exit.i.i.0" [./layer.h:253]   --->   Operation 48 'br' <Predicate = true> <Delay = 0.00>
ST_4 : Operation 49 [1/1] (0.00ns)   --->   "%zext_ln1116_6 = zext i3 %l_0_0 to i9" [./layer.h:254]   --->   Operation 49 'zext' 'zext_ln1116_6' <Predicate = (!icmp_ln253)> <Delay = 0.00>
ST_4 : Operation 50 [1/1] (1.91ns)   --->   "%add_ln1116 = add i9 %sext_ln1116, %zext_ln1116_6" [./layer.h:254]   --->   Operation 50 'add' 'add_ln1116' <Predicate = (!icmp_ln253)> <Delay = 1.91> <Core = "AddSub">   --->   Core 14 'AddSub' <Latency = 0> <II = 1> <Delay = 1.73> <FuncUnit> <Opcode : 'add' 'sub'> <InPorts = 2> <OutPorts = 1>
ST_4 : Operation 51 [1/1] (0.00ns)   --->   "%trunc_ln1117 = trunc i9 %add_ln1116 to i7" [./layer.h:254]   --->   Operation 51 'trunc' 'trunc_ln1117' <Predicate = (!icmp_ln253)> <Delay = 0.00>
ST_4 : Operation 52 [1/1] (0.00ns)   --->   "%p_shl4_cast = call i13 @_ssdm_op_BitConcatenate.i13.i7.i6(i7 %trunc_ln1117, i6 0)" [./layer.h:254]   --->   Operation 52 'bitconcatenate' 'p_shl4_cast' <Predicate = (!icmp_ln253)> <Delay = 0.00>
ST_4 : Operation 53 [1/1] (0.00ns)   --->   "%p_shl5_cast = call i13 @_ssdm_op_BitConcatenate.i13.i9.i4(i9 %add_ln1116, i4 0)" [./layer.h:254]   --->   Operation 53 'bitconcatenate' 'p_shl5_cast' <Predicate = (!icmp_ln253)> <Delay = 0.00>
ST_4 : Operation 54 [1/1] (0.00ns) (grouped into TernaryAdder)   --->   "%sub_ln1117 = sub i13 %p_shl4_cast, %p_shl5_cast" [./layer.h:254]   --->   Operation 54 'sub' 'sub_ln1117' <Predicate = (!icmp_ln253)> <Delay = 0.00> <Core = "TAddSub">   --->   Core 83 'TAddSub' <Latency = 0> <II = 1> <Delay = 1.90> <IPBlock> <Opcode : 'add' 'sub'> <InPorts = 3> <OutPorts = 1> <Sync> <CReg>
ST_4 : Operation 55 [1/1] (3.81ns) (root node of TernaryAdder)   --->   "%add_ln1117 = add i13 %sub_ln1117, %zext_ln1265_6" [./layer.h:254]   --->   Operation 55 'add' 'add_ln1117' <Predicate = (!icmp_ln253)> <Delay = 3.81> <Core = "TAddSub">   --->   Core 83 'TAddSub' <Latency = 0> <II = 1> <Delay = 1.90> <IPBlock> <Opcode : 'add' 'sub'> <InPorts = 3> <OutPorts = 1> <Sync> <CReg>
ST_4 : Operation 56 [1/1] (0.00ns)   --->   "%empty_484 = call i32 (...)* @_ssdm_op_SpecRegionEnd([21 x i8]* @p_str30, i32 %tmp_s)" [./layer.h:255]   --->   Operation 56 'specregionend' 'empty_484' <Predicate = (icmp_ln253)> <Delay = 0.00>
ST_4 : Operation 57 [1/1] (0.00ns)   --->   "br label %2" [./layer.h:252]   --->   Operation 57 'br' <Predicate = (icmp_ln253)> <Delay = 0.00>

State 5 <SV = 4> <Delay = 3.25>
ST_5 : Operation 58 [1/1] (0.00ns)   --->   "%sext_ln1116_2 = sext i9 %add_ln1116 to i64" [./layer.h:254]   --->   Operation 58 'sext' 'sext_ln1116_2' <Predicate = true> <Delay = 0.00>
ST_5 : Operation 59 [1/1] (0.00ns)   --->   "%input_1_0_V_addr = getelementptr [48 x i40]* %input_1_0_V, i64 0, i64 %sext_ln1116_2" [./layer.h:254]   --->   Operation 59 'getelementptr' 'input_1_0_V_addr' <Predicate = true> <Delay = 0.00>
ST_5 : Operation 60 [1/1] (0.00ns)   --->   "%zext_ln1117 = zext i13 %add_ln1117 to i64" [./layer.h:254]   --->   Operation 60 'zext' 'zext_ln1117' <Predicate = true> <Delay = 0.00>
ST_5 : Operation 61 [1/1] (0.00ns)   --->   "%input_2_V_addr = getelementptr [2304 x i40]* %input_2_V, i64 0, i64 %zext_ln1117" [./layer.h:254]   --->   Operation 61 'getelementptr' 'input_2_V_addr' <Predicate = true> <Delay = 0.00>
ST_5 : Operation 62 [2/2] (3.25ns)   --->   "%input_1_0_V_load = load i40* %input_1_0_V_addr, align 8" [./layer.h:254]   --->   Operation 62 'load' 'input_1_0_V_load' <Predicate = true> <Delay = 3.25> <Core = "RAM">   --->   Core 37 'RAM' <Latency = 1> <II = 1> <Delay = 3.25> <Storage> <Opcode : 'load' 'store'> <Ports = 2> <Width = 40> <Depth = 384> <RAM>
ST_5 : Operation 63 [2/2] (3.25ns)   --->   "%input_2_V_load = load i40* %input_2_V_addr, align 8" [./layer.h:254]   --->   Operation 63 'load' 'input_2_V_load' <Predicate = true> <Delay = 3.25> <Core = "RAM">   --->   Core 37 'RAM' <Latency = 1> <II = 1> <Delay = 3.25> <Storage> <Opcode : 'load' 'store'> <Ports = 2> <Width = 40> <Depth = 384> <RAM>

State 6 <SV = 5> <Delay = 3.25>
ST_6 : Operation 64 [1/2] (3.25ns)   --->   "%input_1_0_V_load = load i40* %input_1_0_V_addr, align 8" [./layer.h:254]   --->   Operation 64 'load' 'input_1_0_V_load' <Predicate = true> <Delay = 3.25> <Core = "RAM">   --->   Core 37 'RAM' <Latency = 1> <II = 1> <Delay = 3.25> <Storage> <Opcode : 'load' 'store'> <Ports = 2> <Width = 40> <Depth = 384> <RAM>
ST_6 : Operation 65 [1/2] (3.25ns)   --->   "%input_2_V_load = load i40* %input_2_V_addr, align 8" [./layer.h:254]   --->   Operation 65 'load' 'input_2_V_load' <Predicate = true> <Delay = 3.25> <Core = "RAM">   --->   Core 37 'RAM' <Latency = 1> <II = 1> <Delay = 3.25> <Storage> <Opcode : 'load' 'store'> <Ports = 2> <Width = 40> <Depth = 384> <RAM>
ST_6 : Operation 66 [2/2] (3.25ns)   --->   "%output_0_V_load = load i40* %output_0_V_addr, align 8" [./layer.h:254]   --->   Operation 66 'load' 'output_0_V_load' <Predicate = true> <Delay = 3.25> <Core = "RAM">   --->   Core 37 'RAM' <Latency = 1> <II = 1> <Delay = 3.25> <Storage> <Opcode : 'load' 'store'> <Ports = 2> <Width = 40> <Depth = 384> <RAM>

State 7 <SV = 6> <Delay = 8.51>
ST_7 : Operation 67 [1/1] (0.00ns)   --->   "%sext_ln1192 = sext i40 %input_1_0_V_load to i56" [./layer.h:254]   --->   Operation 67 'sext' 'sext_ln1192' <Predicate = true> <Delay = 0.00>
ST_7 : Operation 68 [1/1] (0.00ns)   --->   "%sext_ln1192_1 = sext i40 %input_2_V_load to i56" [./layer.h:254]   --->   Operation 68 'sext' 'sext_ln1192_1' <Predicate = true> <Delay = 0.00>
ST_7 : Operation 69 [1/1] (8.51ns)   --->   "%mul_ln1192 = mul i56 %sext_ln1192_1, %sext_ln1192" [./layer.h:254]   --->   Operation 69 'mul' 'mul_ln1192' <Predicate = true> <Delay = 8.51> <Core = "Mul">   --->   Core 16 'Mul' <Latency = 0> <II = 1> <Delay = 8.51> <FuncUnit> <Opcode : 'mul'> <InPorts = 2> <OutPorts = 1>
ST_7 : Operation 70 [1/2] (3.25ns)   --->   "%output_0_V_load = load i40* %output_0_V_addr, align 8" [./layer.h:254]   --->   Operation 70 'load' 'output_0_V_load' <Predicate = true> <Delay = 3.25> <Core = "RAM">   --->   Core 37 'RAM' <Latency = 1> <II = 1> <Delay = 3.25> <Storage> <Opcode : 'load' 'store'> <Ports = 2> <Width = 40> <Depth = 384> <RAM>

State 8 <SV = 7> <Delay = 6.56>
ST_8 : Operation 71 [1/1] (0.00ns)   --->   "call void (...)* @_ssdm_op_SpecLoopName([21 x i8]* @p_str31) nounwind" [./layer.h:254]   --->   Operation 71 'specloopname' <Predicate = true> <Delay = 0.00>
ST_8 : Operation 72 [1/1] (0.00ns)   --->   "%shl_ln = call i56 @_ssdm_op_BitConcatenate.i56.i40.i16(i40 %output_0_V_load, i16 0)" [./layer.h:254]   --->   Operation 72 'bitconcatenate' 'shl_ln' <Predicate = true> <Delay = 0.00>
ST_8 : Operation 73 [1/1] (3.31ns)   --->   "%add_ln1192 = add i56 %mul_ln1192, %shl_ln" [./layer.h:254]   --->   Operation 73 'add' 'add_ln1192' <Predicate = true> <Delay = 3.31> <Core = "AddSub">   --->   Core 14 'AddSub' <Latency = 0> <II = 1> <Delay = 1.73> <FuncUnit> <Opcode : 'add' 'sub'> <InPorts = 2> <OutPorts = 1>
ST_8 : Operation 74 [1/1] (0.00ns)   --->   "%trunc_ln = call i40 @_ssdm_op_PartSelect.i40.i56.i32.i32(i56 %add_ln1192, i32 16, i32 55)" [./layer.h:254]   --->   Operation 74 'partselect' 'trunc_ln' <Predicate = true> <Delay = 0.00>
ST_8 : Operation 75 [1/1] (3.25ns)   --->   "store i40 %trunc_ln, i40* %output_0_V_addr, align 8" [./layer.h:254]   --->   Operation 75 'store' <Predicate = true> <Delay = 3.25> <Core = "RAM">   --->   Core 37 'RAM' <Latency = 1> <II = 1> <Delay = 3.25> <Storage> <Opcode : 'load' 'store'> <Ports = 2> <Width = 40> <Depth = 384> <RAM>
ST_8 : Operation 76 [1/1] (0.00ns)   --->   "br label %3" [./layer.h:253]   --->   Operation 76 'br' <Predicate = true> <Delay = 0.00>


============================================================
+ Verbose Summary: Binding
============================================================
STG Binding: 
---------------- STG Properties BEGIN ----------------
- Is combinational: 0
- Is one-state seq: 0
- Is datapath-only: 0
- Is pipelined: 0
- Is top level: 0
Port [ Return ] is wired: 1; IO mode=ap_ctrl_hs:ce=0
Port [ input_1_0_V]:  wired=1; compound=1; hidden=0; nouse=0; global=0; static=0; extern=0; dir=0; type=1; pingpong=0; private_global=0; MemPort=[13]; IO mode=ap_memory:ce=0
Port [ input_2_V]:  wired=1; compound=1; hidden=0; nouse=0; global=0; static=0; extern=0; dir=0; type=1; pingpong=0; private_global=0; MemPort=[13]; IO mode=ap_memory:ce=0
Port [ output_0_V]:  wired=1; compound=1; hidden=0; nouse=0; global=0; static=0; extern=0; dir=2; type=1; pingpong=0; private_global=0; MemPort=[23]; IO mode=ap_memory:ce=0
---------------- STG Properties END ------------------

---------------- Datapath Model BEGIN ----------------

<LifeTime>
<method=bitvector/>
br_ln250           (br               ) [ 011111111]
i_0                (phi              ) [ 001000000]
icmp_ln250         (icmp             ) [ 001111111]
empty              (speclooptripcount) [ 000000000]
i                  (add              ) [ 011111111]
br_ln250           (br               ) [ 000000000]
specloopname_ln250 (specloopname     ) [ 000000000]
tmp_80             (bitconcatenate   ) [ 000000000]
zext_ln1116        (zext             ) [ 000000000]
tmp_81             (bitconcatenate   ) [ 000000000]
zext_ln1116_5      (zext             ) [ 000000000]
sub_ln1116         (sub              ) [ 000000000]
sext_ln1116        (sext             ) [ 000111111]
tmp_82             (bitconcatenate   ) [ 000000000]
tmp_83             (bitconcatenate   ) [ 000000000]
zext_ln1265        (zext             ) [ 000000000]
sub_ln1265         (sub              ) [ 000111111]
tmp                (specregionbegin  ) [ 000111111]
br_ln252           (br               ) [ 001111111]
ret_ln258          (ret              ) [ 000000000]
k_0_0              (phi              ) [ 000100000]
icmp_ln252         (icmp             ) [ 001111111]
empty_483          (speclooptripcount) [ 000000000]
add_ln252          (add              ) [ 001111111]
br_ln252           (br               ) [ 000000000]
specloopname_ln252 (specloopname     ) [ 000000000]
tmp_s              (specregionbegin  ) [ 000011111]
zext_ln1265_6      (zext             ) [ 000011111]
zext_ln1265_7      (zext             ) [ 000000000]
add_ln1265         (add              ) [ 000000000]
sext_ln1265        (sext             ) [ 000000000]
output_0_V_addr    (getelementptr    ) [ 000011111]
br_ln253           (br               ) [ 001111111]
empty_482          (specregionend    ) [ 000000000]
br_ln250           (br               ) [ 011111111]
l_0_0              (phi              ) [ 000010000]
icmp_ln253         (icmp             ) [ 001111111]
empty_485          (speclooptripcount) [ 000000000]
add_ln253          (add              ) [ 001111111]
br_ln253           (br               ) [ 000000000]
zext_ln1116_6      (zext             ) [ 000000000]
add_ln1116         (add              ) [ 000001000]
trunc_ln1117       (trunc            ) [ 000000000]
p_shl4_cast        (bitconcatenate   ) [ 000000000]
p_shl5_cast        (bitconcatenate   ) [ 000000000]
sub_ln1117         (sub              ) [ 000000000]
add_ln1117         (add              ) [ 000001000]
empty_484          (specregionend    ) [ 000000000]
br_ln252           (br               ) [ 001111111]
sext_ln1116_2      (sext             ) [ 000000000]
input_1_0_V_addr   (getelementptr    ) [ 000000100]
zext_ln1117        (zext             ) [ 000000000]
input_2_V_addr     (getelementptr    ) [ 000000100]
input_1_0_V_load   (load             ) [ 000000010]
input_2_V_load     (load             ) [ 000000010]
sext_ln1192        (sext             ) [ 000000000]
sext_ln1192_1      (sext             ) [ 000000000]
mul_ln1192         (mul              ) [ 000000001]
output_0_V_load    (load             ) [ 000000001]
specloopname_ln254 (specloopname     ) [ 000000000]
shl_ln             (bitconcatenate   ) [ 000000000]
add_ln1192         (add              ) [ 000000000]
trunc_ln           (partselect       ) [ 000000000]
store_ln254        (store            ) [ 000000000]
br_ln253           (br               ) [ 001111111]
</LifeTime>

<model>

<comp_list>
<comp id="0" class="1000" name="input_1_0_V">
<pin_list>
<pin id="1" dir="1" index="0" bw="1" slack="0"/>
</pin_list>
<bind>
<StgValue><ssdm name="input_1_0_V"/><MemPortTyVec>1 3 </MemPortTyVec>
</StgValue>
</bind>
</comp>

<comp id="2" class="1000" name="input_2_V">
<pin_list>
<pin id="3" dir="1" index="0" bw="1" slack="0"/>
</pin_list>
<bind>
<StgValue><ssdm name="input_2_V"/><MemPortTyVec>1 3 </MemPortTyVec>
</StgValue>
</bind>
</comp>

<comp id="4" class="1000" name="output_0_V">
<pin_list>
<pin id="5" dir="1" index="0" bw="1" slack="0"/>
</pin_list>
<bind>
<StgValue><ssdm name="output_0_V"/><MemPortTyVec>2 3 </MemPortTyVec>
</StgValue>
</bind>
</comp>

<comp id="6" class="1001" name="const_6">
<pin_list>
<pin id="7" dir="1" index="0" bw="1" slack="0"/>
</pin_list>
<bind>
<StgValue><ssdm name=""/></StgValue>
</bind>
</comp>

<comp id="8" class="1001" name="const_8">
<pin_list>
<pin id="9" dir="1" index="0" bw="1" slack="0"/>
</pin_list>
<bind>
<StgValue><ssdm name=""/></StgValue>
</bind>
</comp>

<comp id="10" class="1001" name="const_10">
<pin_list>
<pin id="11" dir="1" index="0" bw="1" slack="2147483647"/>
</pin_list>
<bind>
<StgValue><ssdm name="_ssdm_op_SpecLoopTripCount"/></StgValue>
</bind>
</comp>

<comp id="12" class="1001" name="const_12">
<pin_list>
<pin id="13" dir="1" index="0" bw="1" slack="2147483647"/>
</pin_list>
<bind>
<StgValue><ssdm name=""/></StgValue>
</bind>
</comp>

<comp id="14" class="1001" name="const_14">
<pin_list>
<pin id="15" dir="1" index="0" bw="1" slack="0"/>
</pin_list>
<bind>
<StgValue><ssdm name=""/></StgValue>
</bind>
</comp>

<comp id="16" class="1001" name="const_16">
<pin_list>
<pin id="17" dir="1" index="0" bw="1" slack="2147483647"/>
</pin_list>
<bind>
<StgValue><ssdm name="_ssdm_op_SpecLoopName"/></StgValue>
</bind>
</comp>

<comp id="18" class="1001" name="const_18">
<pin_list>
<pin id="19" dir="1" index="0" bw="1" slack="2147483647"/>
</pin_list>
<bind>
<StgValue><ssdm name="p_str28"/></StgValue>
</bind>
</comp>

<comp id="20" class="1001" name="const_20">
<pin_list>
<pin id="21" dir="1" index="0" bw="1" slack="0"/>
</pin_list>
<bind>
<StgValue><ssdm name="_ssdm_op_BitConcatenate.i7.i4.i3"/></StgValue>
</bind>
</comp>

<comp id="22" class="1001" name="const_22">
<pin_list>
<pin id="23" dir="1" index="0" bw="1" slack="0"/>
</pin_list>
<bind>
<StgValue><ssdm name=""/></StgValue>
</bind>
</comp>

<comp id="24" class="1001" name="const_24">
<pin_list>
<pin id="25" dir="1" index="0" bw="1" slack="0"/>
</pin_list>
<bind>
<StgValue><ssdm name="_ssdm_op_BitConcatenate.i5.i4.i1"/></StgValue>
</bind>
</comp>

<comp id="26" class="1001" name="const_26">
<pin_list>
<pin id="27" dir="1" index="0" bw="1" slack="0"/>
</pin_list>
<bind>
<StgValue><ssdm name=""/></StgValue>
</bind>
</comp>

<comp id="28" class="1001" name="const_28">
<pin_list>
<pin id="29" dir="1" index="0" bw="1" slack="0"/>
</pin_list>
<bind>
<StgValue><ssdm name="_ssdm_op_BitConcatenate.i10.i4.i6"/></StgValue>
</bind>
</comp>

<comp id="30" class="1001" name="const_30">
<pin_list>
<pin id="31" dir="1" index="0" bw="1" slack="0"/>
</pin_list>
<bind>
<StgValue><ssdm name=""/></StgValue>
</bind>
</comp>

<comp id="32" class="1001" name="const_32">
<pin_list>
<pin id="33" dir="1" index="0" bw="1" slack="0"/>
</pin_list>
<bind>
<StgValue><ssdm name="_ssdm_op_BitConcatenate.i8.i4.i4"/></StgValue>
</bind>
</comp>

<comp id="34" class="1001" name="const_34">
<pin_list>
<pin id="35" dir="1" index="0" bw="1" slack="2147483647"/>
</pin_list>
<bind>
<StgValue><ssdm name="_ssdm_op_SpecRegionBegin"/></StgValue>
</bind>
</comp>

<comp id="36" class="1001" name="const_36">
<pin_list>
<pin id="37" dir="1" index="0" bw="1" slack="2147483647"/>
</pin_list>
<bind>
<StgValue><ssdm name="p_str29"/></StgValue>
</bind>
</comp>

<comp id="38" class="1001" name="const_38">
<pin_list>
<pin id="39" dir="1" index="0" bw="1" slack="0"/>
</pin_list>
<bind>
<StgValue><ssdm name=""/></StgValue>
</bind>
</comp>

<comp id="40" class="1001" name="const_40">
<pin_list>
<pin id="41" dir="1" index="0" bw="1" slack="2147483647"/>
</pin_list>
<bind>
<StgValue><ssdm name=""/></StgValue>
</bind>
</comp>

<comp id="42" class="1001" name="const_42">
<pin_list>
<pin id="43" dir="1" index="0" bw="1" slack="0"/>
</pin_list>
<bind>
<StgValue><ssdm name=""/></StgValue>
</bind>
</comp>

<comp id="44" class="1001" name="const_44">
<pin_list>
<pin id="45" dir="1" index="0" bw="1" slack="2147483647"/>
</pin_list>
<bind>
<StgValue><ssdm name="p_str30"/></StgValue>
</bind>
</comp>

<comp id="46" class="1001" name="const_46">
<pin_list>
<pin id="47" dir="1" index="0" bw="1" slack="0"/>
</pin_list>
<bind>
<StgValue><ssdm name=""/></StgValue>
</bind>
</comp>

<comp id="48" class="1001" name="const_48">
<pin_list>
<pin id="49" dir="1" index="0" bw="1" slack="2147483647"/>
</pin_list>
<bind>
<StgValue><ssdm name="_ssdm_op_SpecRegionEnd"/></StgValue>
</bind>
</comp>

<comp id="50" class="1001" name="const_50">
<pin_list>
<pin id="51" dir="1" index="0" bw="1" slack="0"/>
</pin_list>
<bind>
<StgValue><ssdm name=""/></StgValue>
</bind>
</comp>

<comp id="52" class="1001" name="const_52">
<pin_list>
<pin id="53" dir="1" index="0" bw="1" slack="2147483647"/>
</pin_list>
<bind>
<StgValue><ssdm name=""/></StgValue>
</bind>
</comp>

<comp id="54" class="1001" name="const_54">
<pin_list>
<pin id="55" dir="1" index="0" bw="1" slack="0"/>
</pin_list>
<bind>
<StgValue><ssdm name=""/></StgValue>
</bind>
</comp>

<comp id="56" class="1001" name="const_56">
<pin_list>
<pin id="57" dir="1" index="0" bw="1" slack="0"/>
</pin_list>
<bind>
<StgValue><ssdm name="_ssdm_op_BitConcatenate.i13.i7.i6"/></StgValue>
</bind>
</comp>

<comp id="58" class="1001" name="const_58">
<pin_list>
<pin id="59" dir="1" index="0" bw="1" slack="0"/>
</pin_list>
<bind>
<StgValue><ssdm name="_ssdm_op_BitConcatenate.i13.i9.i4"/></StgValue>
</bind>
</comp>

<comp id="60" class="1001" name="const_60">
<pin_list>
<pin id="61" dir="1" index="0" bw="1" slack="2147483647"/>
</pin_list>
<bind>
<StgValue><ssdm name="p_str31"/></StgValue>
</bind>
</comp>

<comp id="62" class="1001" name="const_62">
<pin_list>
<pin id="63" dir="1" index="0" bw="1" slack="0"/>
</pin_list>
<bind>
<StgValue><ssdm name="_ssdm_op_BitConcatenate.i56.i40.i16"/></StgValue>
</bind>
</comp>

<comp id="64" class="1001" name="const_64">
<pin_list>
<pin id="65" dir="1" index="0" bw="1" slack="0"/>
</pin_list>
<bind>
<StgValue><ssdm name=""/></StgValue>
</bind>
</comp>

<comp id="66" class="1001" name="const_66">
<pin_list>
<pin id="67" dir="1" index="0" bw="1" slack="0"/>
</pin_list>
<bind>
<StgValue><ssdm name="_ssdm_op_PartSelect.i40.i56.i32.i32"/></StgValue>
</bind>
</comp>

<comp id="68" class="1001" name="const_68">
<pin_list>
<pin id="69" dir="1" index="0" bw="1" slack="0"/>
</pin_list>
<bind>
<StgValue><ssdm name=""/></StgValue>
</bind>
</comp>

<comp id="70" class="1001" name="const_70">
<pin_list>
<pin id="71" dir="1" index="0" bw="1" slack="0"/>
</pin_list>
<bind>
<StgValue><ssdm name=""/></StgValue>
</bind>
</comp>

<comp id="72" class="1004" name="output_0_V_addr_gep_fu_72">
<pin_list>
<pin id="73" dir="0" index="0" bw="40" slack="0"/>
<pin id="74" dir="0" index="1" bw="1" slack="0"/>
<pin id="75" dir="0" index="2" bw="10" slack="0"/>
<pin id="76" dir="1" index="3" bw="9" slack="3"/>
</pin_list>
<bind>
<opcode="getelementptr(29) " fcode="getelementptr"/>
<opset="output_0_V_addr/3 "/>
</bind>
</comp>

<comp id="79" class="1004" name="input_1_0_V_addr_gep_fu_79">
<pin_list>
<pin id="80" dir="0" index="0" bw="40" slack="0"/>
<pin id="81" dir="0" index="1" bw="1" slack="0"/>
<pin id="82" dir="0" index="2" bw="9" slack="0"/>
<pin id="83" dir="1" index="3" bw="6" slack="0"/>
</pin_list>
<bind>
<opcode="getelementptr(29) " fcode="getelementptr"/>
<opset="input_1_0_V_addr/5 "/>
</bind>
</comp>

<comp id="86" class="1004" name="input_2_V_addr_gep_fu_86">
<pin_list>
<pin id="87" dir="0" index="0" bw="40" slack="0"/>
<pin id="88" dir="0" index="1" bw="1" slack="0"/>
<pin id="89" dir="0" index="2" bw="13" slack="0"/>
<pin id="90" dir="1" index="3" bw="12" slack="0"/>
</pin_list>
<bind>
<opcode="getelementptr(29) " fcode="getelementptr"/>
<opset="input_2_V_addr/5 "/>
</bind>
</comp>

<comp id="93" class="1004" name="grp_access_fu_93">
<pin_list>
<pin id="94" dir="0" index="0" bw="6" slack="0"/>
<pin id="95" dir="0" index="1" bw="40" slack="2147483647"/>
<pin id="96" dir="0" index="2" bw="0" slack="2147483647"/>
<pin id="97" dir="1" index="3" bw="40" slack="1"/>
</pin_list>
<bind>
<opcode="load(27) " fcode="load"/>
<opset="input_1_0_V_load/5 "/>
</bind>
</comp>

<comp id="99" class="1004" name="grp_access_fu_99">
<pin_list>
<pin id="100" dir="0" index="0" bw="12" slack="0"/>
<pin id="101" dir="0" index="1" bw="40" slack="2147483647"/>
<pin id="102" dir="0" index="2" bw="0" slack="2147483647"/>
<pin id="103" dir="1" index="3" bw="40" slack="1"/>
</pin_list>
<bind>
<opcode="load(27) " fcode="load"/>
<opset="input_2_V_load/5 "/>
</bind>
</comp>

<comp id="105" class="1004" name="grp_access_fu_105">
<pin_list>
<pin id="106" dir="0" index="0" bw="9" slack="3"/>
<pin id="107" dir="0" index="1" bw="40" slack="0"/>
<pin id="108" dir="0" index="2" bw="0" slack="2147483647"/>
<pin id="109" dir="1" index="3" bw="40" slack="1"/>
</pin_list>
<bind>
<opcode="load(27) store(28) " fcode="store"/>
<opset="output_0_V_load/6 store_ln254/8 "/>
</bind>
</comp>

<comp id="110" class="1005" name="i_0_reg_110">
<pin_list>
<pin id="111" dir="0" index="0" bw="4" slack="1"/>
<pin id="112" dir="1" index="1" bw="4" slack="1"/>
</pin_list>
<bind>
<opset="i_0 (phireg) "/>
</bind>
</comp>

<comp id="114" class="1004" name="i_0_phi_fu_114">
<pin_list>
<pin id="115" dir="0" index="0" bw="1" slack="1"/>
<pin id="116" dir="0" index="1" bw="0" slack="2147483647"/>
<pin id="117" dir="0" index="2" bw="4" slack="0"/>
<pin id="118" dir="0" index="3" bw="0" slack="2147483647"/>
<pin id="119" dir="1" index="4" bw="4" slack="0"/>
</pin_list>
<bind>
<opcode="phi(47) " fcode="phi"/>
<opset="i_0/2 "/>
</bind>
</comp>

<comp id="121" class="1005" name="k_0_0_reg_121">
<pin_list>
<pin id="122" dir="0" index="0" bw="6" slack="1"/>
<pin id="123" dir="1" index="1" bw="6" slack="1"/>
</pin_list>
<bind>
<opset="k_0_0 (phireg) "/>
</bind>
</comp>

<comp id="125" class="1004" name="k_0_0_phi_fu_125">
<pin_list>
<pin id="126" dir="0" index="0" bw="1" slack="1"/>
<pin id="127" dir="0" index="1" bw="0" slack="2147483647"/>
<pin id="128" dir="0" index="2" bw="6" slack="0"/>
<pin id="129" dir="0" index="3" bw="0" slack="2147483647"/>
<pin id="130" dir="1" index="4" bw="6" slack="0"/>
</pin_list>
<bind>
<opcode="phi(47) " fcode="phi"/>
<opset="k_0_0/3 "/>
</bind>
</comp>

<comp id="132" class="1005" name="l_0_0_reg_132">
<pin_list>
<pin id="133" dir="0" index="0" bw="3" slack="1"/>
<pin id="134" dir="1" index="1" bw="3" slack="1"/>
</pin_list>
<bind>
<opset="l_0_0 (phireg) "/>
</bind>
</comp>

<comp id="136" class="1004" name="l_0_0_phi_fu_136">
<pin_list>
<pin id="137" dir="0" index="0" bw="1" slack="1"/>
<pin id="138" dir="0" index="1" bw="0" slack="2147483647"/>
<pin id="139" dir="0" index="2" bw="3" slack="0"/>
<pin id="140" dir="0" index="3" bw="0" slack="2147483647"/>
<pin id="141" dir="1" index="4" bw="3" slack="0"/>
</pin_list>
<bind>
<opcode="phi(47) " fcode="phi"/>
<opset="l_0_0/4 "/>
</bind>
</comp>

<comp id="143" class="1004" name="icmp_ln250_fu_143">
<pin_list>
<pin id="144" dir="0" index="0" bw="4" slack="0"/>
<pin id="145" dir="0" index="1" bw="4" slack="0"/>
<pin id="146" dir="1" index="2" bw="1" slack="2147483647"/>
</pin_list>
<bind>
<opcode="icmp(45) " fcode="icmp"/>
<opset="icmp_ln250/2 "/>
</bind>
</comp>

<comp id="149" class="1004" name="i_fu_149">
<pin_list>
<pin id="150" dir="0" index="0" bw="4" slack="0"/>
<pin id="151" dir="0" index="1" bw="1" slack="0"/>
<pin id="152" dir="1" index="2" bw="4" slack="0"/>
</pin_list>
<bind>
<opcode="add(8) " fcode="add"/>
<opset="i/2 "/>
</bind>
</comp>

<comp id="155" class="1004" name="tmp_80_fu_155">
<pin_list>
<pin id="156" dir="0" index="0" bw="7" slack="0"/>
<pin id="157" dir="0" index="1" bw="4" slack="0"/>
<pin id="158" dir="0" index="2" bw="1" slack="0"/>
<pin id="159" dir="1" index="3" bw="7" slack="0"/>
</pin_list>
<bind>
<opcode="bitconcatenate(1004) " fcode="bitconcatenate"/>
<opset="tmp_80/2 "/>
</bind>
</comp>

<comp id="163" class="1004" name="zext_ln1116_fu_163">
<pin_list>
<pin id="164" dir="0" index="0" bw="7" slack="0"/>
<pin id="165" dir="1" index="1" bw="8" slack="0"/>
</pin_list>
<bind>
<opcode="zext(34) " fcode="zext"/>
<opset="zext_ln1116/2 "/>
</bind>
</comp>

<comp id="167" class="1004" name="tmp_81_fu_167">
<pin_list>
<pin id="168" dir="0" index="0" bw="5" slack="0"/>
<pin id="169" dir="0" index="1" bw="4" slack="0"/>
<pin id="170" dir="0" index="2" bw="1" slack="0"/>
<pin id="171" dir="1" index="3" bw="5" slack="0"/>
</pin_list>
<bind>
<opcode="bitconcatenate(1004) " fcode="bitconcatenate"/>
<opset="tmp_81/2 "/>
</bind>
</comp>

<comp id="175" class="1004" name="zext_ln1116_5_fu_175">
<pin_list>
<pin id="176" dir="0" index="0" bw="5" slack="0"/>
<pin id="177" dir="1" index="1" bw="8" slack="0"/>
</pin_list>
<bind>
<opcode="zext(34) " fcode="zext"/>
<opset="zext_ln1116_5/2 "/>
</bind>
</comp>

<comp id="179" class="1004" name="sub_ln1116_fu_179">
<pin_list>
<pin id="180" dir="0" index="0" bw="7" slack="0"/>
<pin id="181" dir="0" index="1" bw="5" slack="0"/>
<pin id="182" dir="1" index="2" bw="8" slack="0"/>
</pin_list>
<bind>
<opcode="sub(10) " fcode="sub"/>
<opset="sub_ln1116/2 "/>
</bind>
</comp>

<comp id="185" class="1004" name="sext_ln1116_fu_185">
<pin_list>
<pin id="186" dir="0" index="0" bw="8" slack="0"/>
<pin id="187" dir="1" index="1" bw="9" slack="2"/>
</pin_list>
<bind>
<opcode="sext(35) " fcode="sext"/>
<opset="sext_ln1116/2 "/>
</bind>
</comp>

<comp id="189" class="1004" name="tmp_82_fu_189">
<pin_list>
<pin id="190" dir="0" index="0" bw="10" slack="0"/>
<pin id="191" dir="0" index="1" bw="4" slack="0"/>
<pin id="192" dir="0" index="2" bw="1" slack="0"/>
<pin id="193" dir="1" index="3" bw="10" slack="0"/>
</pin_list>
<bind>
<opcode="bitconcatenate(1004) " fcode="bitconcatenate"/>
<opset="tmp_82/2 "/>
</bind>
</comp>

<comp id="197" class="1004" name="tmp_83_fu_197">
<pin_list>
<pin id="198" dir="0" index="0" bw="8" slack="0"/>
<pin id="199" dir="0" index="1" bw="4" slack="0"/>
<pin id="200" dir="0" index="2" bw="1" slack="0"/>
<pin id="201" dir="1" index="3" bw="8" slack="0"/>
</pin_list>
<bind>
<opcode="bitconcatenate(1004) " fcode="bitconcatenate"/>
<opset="tmp_83/2 "/>
</bind>
</comp>

<comp id="205" class="1004" name="zext_ln1265_fu_205">
<pin_list>
<pin id="206" dir="0" index="0" bw="8" slack="0"/>
<pin id="207" dir="1" index="1" bw="10" slack="0"/>
</pin_list>
<bind>
<opcode="zext(34) " fcode="zext"/>
<opset="zext_ln1265/2 "/>
</bind>
</comp>

<comp id="209" class="1004" name="sub_ln1265_fu_209">
<pin_list>
<pin id="210" dir="0" index="0" bw="10" slack="0"/>
<pin id="211" dir="0" index="1" bw="8" slack="0"/>
<pin id="212" dir="1" index="2" bw="10" slack="1"/>
</pin_list>
<bind>
<opcode="sub(10) " fcode="sub"/>
<opset="sub_ln1265/2 "/>
</bind>
</comp>

<comp id="215" class="1004" name="icmp_ln252_fu_215">
<pin_list>
<pin id="216" dir="0" index="0" bw="6" slack="0"/>
<pin id="217" dir="0" index="1" bw="6" slack="0"/>
<pin id="218" dir="1" index="2" bw="1" slack="2147483647"/>
</pin_list>
<bind>
<opcode="icmp(45) " fcode="icmp"/>
<opset="icmp_ln252/3 "/>
</bind>
</comp>

<comp id="221" class="1004" name="add_ln252_fu_221">
<pin_list>
<pin id="222" dir="0" index="0" bw="6" slack="0"/>
<pin id="223" dir="0" index="1" bw="1" slack="0"/>
<pin id="224" dir="1" index="2" bw="6" slack="0"/>
</pin_list>
<bind>
<opcode="add(8) " fcode="add"/>
<opset="add_ln252/3 "/>
</bind>
</comp>

<comp id="227" class="1004" name="zext_ln1265_6_fu_227">
<pin_list>
<pin id="228" dir="0" index="0" bw="6" slack="0"/>
<pin id="229" dir="1" index="1" bw="13" slack="1"/>
</pin_list>
<bind>
<opcode="zext(34) " fcode="zext"/>
<opset="zext_ln1265_6/3 "/>
</bind>
</comp>

<comp id="231" class="1004" name="zext_ln1265_7_fu_231">
<pin_list>
<pin id="232" dir="0" index="0" bw="6" slack="0"/>
<pin id="233" dir="1" index="1" bw="10" slack="0"/>
</pin_list>
<bind>
<opcode="zext(34) " fcode="zext"/>
<opset="zext_ln1265_7/3 "/>
</bind>
</comp>

<comp id="235" class="1004" name="add_ln1265_fu_235">
<pin_list>
<pin id="236" dir="0" index="0" bw="10" slack="1"/>
<pin id="237" dir="0" index="1" bw="6" slack="0"/>
<pin id="238" dir="1" index="2" bw="10" slack="0"/>
</pin_list>
<bind>
<opcode="add(8) " fcode="add"/>
<opset="add_ln1265/3 "/>
</bind>
</comp>

<comp id="240" class="1004" name="sext_ln1265_fu_240">
<pin_list>
<pin id="241" dir="0" index="0" bw="10" slack="0"/>
<pin id="242" dir="1" index="1" bw="64" slack="0"/>
</pin_list>
<bind>
<opcode="sext(35) " fcode="sext"/>
<opset="sext_ln1265/3 "/>
</bind>
</comp>

<comp id="245" class="1004" name="icmp_ln253_fu_245">
<pin_list>
<pin id="246" dir="0" index="0" bw="3" slack="0"/>
<pin id="247" dir="0" index="1" bw="3" slack="0"/>
<pin id="248" dir="1" index="2" bw="1" slack="2147483647"/>
</pin_list>
<bind>
<opcode="icmp(45) " fcode="icmp"/>
<opset="icmp_ln253/4 "/>
</bind>
</comp>

<comp id="251" class="1004" name="add_ln253_fu_251">
<pin_list>
<pin id="252" dir="0" index="0" bw="3" slack="0"/>
<pin id="253" dir="0" index="1" bw="1" slack="0"/>
<pin id="254" dir="1" index="2" bw="3" slack="0"/>
</pin_list>
<bind>
<opcode="add(8) " fcode="add"/>
<opset="add_ln253/4 "/>
</bind>
</comp>

<comp id="257" class="1004" name="zext_ln1116_6_fu_257">
<pin_list>
<pin id="258" dir="0" index="0" bw="3" slack="0"/>
<pin id="259" dir="1" index="1" bw="9" slack="0"/>
</pin_list>
<bind>
<opcode="zext(34) " fcode="zext"/>
<opset="zext_ln1116_6/4 "/>
</bind>
</comp>

<comp id="261" class="1004" name="add_ln1116_fu_261">
<pin_list>
<pin id="262" dir="0" index="0" bw="8" slack="2"/>
<pin id="263" dir="0" index="1" bw="3" slack="0"/>
<pin id="264" dir="1" index="2" bw="9" slack="0"/>
</pin_list>
<bind>
<opcode="add(8) " fcode="add"/>
<opset="add_ln1116/4 "/>
</bind>
</comp>

<comp id="266" class="1004" name="trunc_ln1117_fu_266">
<pin_list>
<pin id="267" dir="0" index="0" bw="9" slack="0"/>
<pin id="268" dir="1" index="1" bw="7" slack="0"/>
</pin_list>
<bind>
<opcode="trunc(33) " fcode="trunc"/>
<opset="trunc_ln1117/4 "/>
</bind>
</comp>

<comp id="270" class="1004" name="p_shl4_cast_fu_270">
<pin_list>
<pin id="271" dir="0" index="0" bw="13" slack="0"/>
<pin id="272" dir="0" index="1" bw="7" slack="0"/>
<pin id="273" dir="0" index="2" bw="1" slack="0"/>
<pin id="274" dir="1" index="3" bw="13" slack="0"/>
</pin_list>
<bind>
<opcode="bitconcatenate(1004) " fcode="bitconcatenate"/>
<opset="p_shl4_cast/4 "/>
</bind>
</comp>

<comp id="278" class="1004" name="p_shl5_cast_fu_278">
<pin_list>
<pin id="279" dir="0" index="0" bw="13" slack="0"/>
<pin id="280" dir="0" index="1" bw="9" slack="0"/>
<pin id="281" dir="0" index="2" bw="1" slack="0"/>
<pin id="282" dir="1" index="3" bw="13" slack="0"/>
</pin_list>
<bind>
<opcode="bitconcatenate(1004) " fcode="bitconcatenate"/>
<opset="p_shl5_cast/4 "/>
</bind>
</comp>

<comp id="286" class="1004" name="sub_ln1117_fu_286">
<pin_list>
<pin id="287" dir="0" index="0" bw="13" slack="0"/>
<pin id="288" dir="0" index="1" bw="13" slack="0"/>
<pin id="289" dir="1" index="2" bw="13" slack="0"/>
</pin_list>
<bind>
<opcode="sub(10) " fcode="sub"/>
<opset="sub_ln1117/4 "/>
</bind>
</comp>

<comp id="292" class="1004" name="add_ln1117_fu_292">
<pin_list>
<pin id="293" dir="0" index="0" bw="13" slack="0"/>
<pin id="294" dir="0" index="1" bw="6" slack="1"/>
<pin id="295" dir="1" index="2" bw="13" slack="1"/>
</pin_list>
<bind>
<opcode="add(8) " fcode="add"/>
<opset="add_ln1117/4 "/>
</bind>
</comp>

<comp id="297" class="1004" name="sext_ln1116_2_fu_297">
<pin_list>
<pin id="298" dir="0" index="0" bw="9" slack="1"/>
<pin id="299" dir="1" index="1" bw="64" slack="0"/>
</pin_list>
<bind>
<opcode="sext(35) " fcode="sext"/>
<opset="sext_ln1116_2/5 "/>
</bind>
</comp>

<comp id="301" class="1004" name="zext_ln1117_fu_301">
<pin_list>
<pin id="302" dir="0" index="0" bw="13" slack="1"/>
<pin id="303" dir="1" index="1" bw="64" slack="0"/>
</pin_list>
<bind>
<opcode="zext(34) " fcode="zext"/>
<opset="zext_ln1117/5 "/>
</bind>
</comp>

<comp id="305" class="1004" name="sext_ln1192_fu_305">
<pin_list>
<pin id="306" dir="0" index="0" bw="40" slack="1"/>
<pin id="307" dir="1" index="1" bw="56" slack="0"/>
</pin_list>
<bind>
<opcode="sext(35) " fcode="sext"/>
<opset="sext_ln1192/7 "/>
</bind>
</comp>

<comp id="308" class="1004" name="sext_ln1192_1_fu_308">
<pin_list>
<pin id="309" dir="0" index="0" bw="40" slack="1"/>
<pin id="310" dir="1" index="1" bw="56" slack="0"/>
</pin_list>
<bind>
<opcode="sext(35) " fcode="sext"/>
<opset="sext_ln1192_1/7 "/>
</bind>
</comp>

<comp id="311" class="1004" name="mul_ln1192_fu_311">
<pin_list>
<pin id="312" dir="0" index="0" bw="40" slack="0"/>
<pin id="313" dir="0" index="1" bw="40" slack="0"/>
<pin id="314" dir="1" index="2" bw="56" slack="1"/>
</pin_list>
<bind>
<opcode="mul(12) " fcode="mul"/>
<opset="mul_ln1192/7 "/>
</bind>
</comp>

<comp id="317" class="1004" name="shl_ln_fu_317">
<pin_list>
<pin id="318" dir="0" index="0" bw="56" slack="0"/>
<pin id="319" dir="0" index="1" bw="40" slack="1"/>
<pin id="320" dir="0" index="2" bw="1" slack="0"/>
<pin id="321" dir="1" index="3" bw="56" slack="0"/>
</pin_list>
<bind>
<opcode="bitconcatenate(1004) " fcode="bitconcatenate"/>
<opset="shl_ln/8 "/>
</bind>
</comp>

<comp id="324" class="1004" name="add_ln1192_fu_324">
<pin_list>
<pin id="325" dir="0" index="0" bw="56" slack="1"/>
<pin id="326" dir="0" index="1" bw="56" slack="0"/>
<pin id="327" dir="1" index="2" bw="56" slack="0"/>
</pin_list>
<bind>
<opcode="add(8) " fcode="add"/>
<opset="add_ln1192/8 "/>
</bind>
</comp>

<comp id="329" class="1004" name="trunc_ln_fu_329">
<pin_list>
<pin id="330" dir="0" index="0" bw="40" slack="0"/>
<pin id="331" dir="0" index="1" bw="56" slack="0"/>
<pin id="332" dir="0" index="2" bw="6" slack="0"/>
<pin id="333" dir="0" index="3" bw="7" slack="0"/>
<pin id="334" dir="1" index="4" bw="40" slack="0"/>
</pin_list>
<bind>
<opcode="partselect(1002) " fcode="partselect"/>
<opset="trunc_ln/8 "/>
</bind>
</comp>

<comp id="343" class="1005" name="i_reg_343">
<pin_list>
<pin id="344" dir="0" index="0" bw="4" slack="0"/>
<pin id="345" dir="1" index="1" bw="4" slack="0"/>
</pin_list>
<bind>
<opset="i "/>
</bind>
</comp>

<comp id="348" class="1005" name="sext_ln1116_reg_348">
<pin_list>
<pin id="349" dir="0" index="0" bw="9" slack="2"/>
<pin id="350" dir="1" index="1" bw="9" slack="2"/>
</pin_list>
<bind>
<opset="sext_ln1116 "/>
</bind>
</comp>

<comp id="353" class="1005" name="sub_ln1265_reg_353">
<pin_list>
<pin id="354" dir="0" index="0" bw="10" slack="1"/>
<pin id="355" dir="1" index="1" bw="10" slack="1"/>
</pin_list>
<bind>
<opset="sub_ln1265 "/>
</bind>
</comp>

<comp id="361" class="1005" name="add_ln252_reg_361">
<pin_list>
<pin id="362" dir="0" index="0" bw="6" slack="0"/>
<pin id="363" dir="1" index="1" bw="6" slack="0"/>
</pin_list>
<bind>
<opset="add_ln252 "/>
</bind>
</comp>

<comp id="366" class="1005" name="zext_ln1265_6_reg_366">
<pin_list>
<pin id="367" dir="0" index="0" bw="13" slack="1"/>
<pin id="368" dir="1" index="1" bw="13" slack="1"/>
</pin_list>
<bind>
<opset="zext_ln1265_6 "/>
</bind>
</comp>

<comp id="371" class="1005" name="output_0_V_addr_reg_371">
<pin_list>
<pin id="372" dir="0" index="0" bw="9" slack="3"/>
<pin id="373" dir="1" index="1" bw="9" slack="3"/>
</pin_list>
<bind>
<opset="output_0_V_addr "/>
</bind>
</comp>

<comp id="379" class="1005" name="add_ln253_reg_379">
<pin_list>
<pin id="380" dir="0" index="0" bw="3" slack="0"/>
<pin id="381" dir="1" index="1" bw="3" slack="0"/>
</pin_list>
<bind>
<opset="add_ln253 "/>
</bind>
</comp>

<comp id="384" class="1005" name="add_ln1116_reg_384">
<pin_list>
<pin id="385" dir="0" index="0" bw="9" slack="1"/>
<pin id="386" dir="1" index="1" bw="9" slack="1"/>
</pin_list>
<bind>
<opset="add_ln1116 "/>
</bind>
</comp>

<comp id="389" class="1005" name="add_ln1117_reg_389">
<pin_list>
<pin id="390" dir="0" index="0" bw="13" slack="1"/>
<pin id="391" dir="1" index="1" bw="13" slack="1"/>
</pin_list>
<bind>
<opset="add_ln1117 "/>
</bind>
</comp>

<comp id="394" class="1005" name="input_1_0_V_addr_reg_394">
<pin_list>
<pin id="395" dir="0" index="0" bw="6" slack="1"/>
<pin id="396" dir="1" index="1" bw="6" slack="1"/>
</pin_list>
<bind>
<opset="input_1_0_V_addr "/>
</bind>
</comp>

<comp id="399" class="1005" name="input_2_V_addr_reg_399">
<pin_list>
<pin id="400" dir="0" index="0" bw="12" slack="1"/>
<pin id="401" dir="1" index="1" bw="12" slack="1"/>
</pin_list>
<bind>
<opset="input_2_V_addr "/>
</bind>
</comp>

<comp id="404" class="1005" name="input_1_0_V_load_reg_404">
<pin_list>
<pin id="405" dir="0" index="0" bw="40" slack="1"/>
<pin id="406" dir="1" index="1" bw="40" slack="1"/>
</pin_list>
<bind>
<opset="input_1_0_V_load "/>
</bind>
</comp>

<comp id="409" class="1005" name="input_2_V_load_reg_409">
<pin_list>
<pin id="410" dir="0" index="0" bw="40" slack="1"/>
<pin id="411" dir="1" index="1" bw="40" slack="1"/>
</pin_list>
<bind>
<opset="input_2_V_load "/>
</bind>
</comp>

<comp id="414" class="1005" name="mul_ln1192_reg_414">
<pin_list>
<pin id="415" dir="0" index="0" bw="56" slack="1"/>
<pin id="416" dir="1" index="1" bw="56" slack="1"/>
</pin_list>
<bind>
<opset="mul_ln1192 "/>
</bind>
</comp>

<comp id="419" class="1005" name="output_0_V_load_reg_419">
<pin_list>
<pin id="420" dir="0" index="0" bw="40" slack="1"/>
<pin id="421" dir="1" index="1" bw="40" slack="1"/>
</pin_list>
<bind>
<opset="output_0_V_load "/>
</bind>
</comp>

</comp_list>

<net_list>
<net id="77"><net_src comp="4" pin="0"/><net_sink comp="72" pin=0"/></net>

<net id="78"><net_src comp="46" pin="0"/><net_sink comp="72" pin=1"/></net>

<net id="84"><net_src comp="0" pin="0"/><net_sink comp="79" pin=0"/></net>

<net id="85"><net_src comp="46" pin="0"/><net_sink comp="79" pin=1"/></net>

<net id="91"><net_src comp="2" pin="0"/><net_sink comp="86" pin=0"/></net>

<net id="92"><net_src comp="46" pin="0"/><net_sink comp="86" pin=1"/></net>

<net id="98"><net_src comp="79" pin="3"/><net_sink comp="93" pin=0"/></net>

<net id="104"><net_src comp="86" pin="3"/><net_sink comp="99" pin=0"/></net>

<net id="113"><net_src comp="6" pin="0"/><net_sink comp="110" pin=0"/></net>

<net id="120"><net_src comp="110" pin="1"/><net_sink comp="114" pin=0"/></net>

<net id="124"><net_src comp="30" pin="0"/><net_sink comp="121" pin=0"/></net>

<net id="131"><net_src comp="121" pin="1"/><net_sink comp="125" pin=0"/></net>

<net id="135"><net_src comp="22" pin="0"/><net_sink comp="132" pin=0"/></net>

<net id="142"><net_src comp="132" pin="1"/><net_sink comp="136" pin=0"/></net>

<net id="147"><net_src comp="114" pin="4"/><net_sink comp="143" pin=0"/></net>

<net id="148"><net_src comp="8" pin="0"/><net_sink comp="143" pin=1"/></net>

<net id="153"><net_src comp="114" pin="4"/><net_sink comp="149" pin=0"/></net>

<net id="154"><net_src comp="14" pin="0"/><net_sink comp="149" pin=1"/></net>

<net id="160"><net_src comp="20" pin="0"/><net_sink comp="155" pin=0"/></net>

<net id="161"><net_src comp="114" pin="4"/><net_sink comp="155" pin=1"/></net>

<net id="162"><net_src comp="22" pin="0"/><net_sink comp="155" pin=2"/></net>

<net id="166"><net_src comp="155" pin="3"/><net_sink comp="163" pin=0"/></net>

<net id="172"><net_src comp="24" pin="0"/><net_sink comp="167" pin=0"/></net>

<net id="173"><net_src comp="114" pin="4"/><net_sink comp="167" pin=1"/></net>

<net id="174"><net_src comp="26" pin="0"/><net_sink comp="167" pin=2"/></net>

<net id="178"><net_src comp="167" pin="3"/><net_sink comp="175" pin=0"/></net>

<net id="183"><net_src comp="163" pin="1"/><net_sink comp="179" pin=0"/></net>

<net id="184"><net_src comp="175" pin="1"/><net_sink comp="179" pin=1"/></net>

<net id="188"><net_src comp="179" pin="2"/><net_sink comp="185" pin=0"/></net>

<net id="194"><net_src comp="28" pin="0"/><net_sink comp="189" pin=0"/></net>

<net id="195"><net_src comp="114" pin="4"/><net_sink comp="189" pin=1"/></net>

<net id="196"><net_src comp="30" pin="0"/><net_sink comp="189" pin=2"/></net>

<net id="202"><net_src comp="32" pin="0"/><net_sink comp="197" pin=0"/></net>

<net id="203"><net_src comp="114" pin="4"/><net_sink comp="197" pin=1"/></net>

<net id="204"><net_src comp="6" pin="0"/><net_sink comp="197" pin=2"/></net>

<net id="208"><net_src comp="197" pin="3"/><net_sink comp="205" pin=0"/></net>

<net id="213"><net_src comp="189" pin="3"/><net_sink comp="209" pin=0"/></net>

<net id="214"><net_src comp="205" pin="1"/><net_sink comp="209" pin=1"/></net>

<net id="219"><net_src comp="125" pin="4"/><net_sink comp="215" pin=0"/></net>

<net id="220"><net_src comp="38" pin="0"/><net_sink comp="215" pin=1"/></net>

<net id="225"><net_src comp="125" pin="4"/><net_sink comp="221" pin=0"/></net>

<net id="226"><net_src comp="42" pin="0"/><net_sink comp="221" pin=1"/></net>

<net id="230"><net_src comp="125" pin="4"/><net_sink comp="227" pin=0"/></net>

<net id="234"><net_src comp="125" pin="4"/><net_sink comp="231" pin=0"/></net>

<net id="239"><net_src comp="231" pin="1"/><net_sink comp="235" pin=1"/></net>

<net id="243"><net_src comp="235" pin="2"/><net_sink comp="240" pin=0"/></net>

<net id="244"><net_src comp="240" pin="1"/><net_sink comp="72" pin=2"/></net>

<net id="249"><net_src comp="136" pin="4"/><net_sink comp="245" pin=0"/></net>

<net id="250"><net_src comp="50" pin="0"/><net_sink comp="245" pin=1"/></net>

<net id="255"><net_src comp="136" pin="4"/><net_sink comp="251" pin=0"/></net>

<net id="256"><net_src comp="54" pin="0"/><net_sink comp="251" pin=1"/></net>

<net id="260"><net_src comp="136" pin="4"/><net_sink comp="257" pin=0"/></net>

<net id="265"><net_src comp="257" pin="1"/><net_sink comp="261" pin=1"/></net>

<net id="269"><net_src comp="261" pin="2"/><net_sink comp="266" pin=0"/></net>

<net id="275"><net_src comp="56" pin="0"/><net_sink comp="270" pin=0"/></net>

<net id="276"><net_src comp="266" pin="1"/><net_sink comp="270" pin=1"/></net>

<net id="277"><net_src comp="30" pin="0"/><net_sink comp="270" pin=2"/></net>

<net id="283"><net_src comp="58" pin="0"/><net_sink comp="278" pin=0"/></net>

<net id="284"><net_src comp="261" pin="2"/><net_sink comp="278" pin=1"/></net>

<net id="285"><net_src comp="6" pin="0"/><net_sink comp="278" pin=2"/></net>

<net id="290"><net_src comp="270" pin="3"/><net_sink comp="286" pin=0"/></net>

<net id="291"><net_src comp="278" pin="3"/><net_sink comp="286" pin=1"/></net>

<net id="296"><net_src comp="286" pin="2"/><net_sink comp="292" pin=0"/></net>

<net id="300"><net_src comp="297" pin="1"/><net_sink comp="79" pin=2"/></net>

<net id="304"><net_src comp="301" pin="1"/><net_sink comp="86" pin=2"/></net>

<net id="315"><net_src comp="308" pin="1"/><net_sink comp="311" pin=0"/></net>

<net id="316"><net_src comp="305" pin="1"/><net_sink comp="311" pin=1"/></net>

<net id="322"><net_src comp="62" pin="0"/><net_sink comp="317" pin=0"/></net>

<net id="323"><net_src comp="64" pin="0"/><net_sink comp="317" pin=2"/></net>

<net id="328"><net_src comp="317" pin="3"/><net_sink comp="324" pin=1"/></net>

<net id="335"><net_src comp="66" pin="0"/><net_sink comp="329" pin=0"/></net>

<net id="336"><net_src comp="324" pin="2"/><net_sink comp="329" pin=1"/></net>

<net id="337"><net_src comp="68" pin="0"/><net_sink comp="329" pin=2"/></net>

<net id="338"><net_src comp="70" pin="0"/><net_sink comp="329" pin=3"/></net>

<net id="339"><net_src comp="329" pin="4"/><net_sink comp="105" pin=1"/></net>

<net id="346"><net_src comp="149" pin="2"/><net_sink comp="343" pin=0"/></net>

<net id="347"><net_src comp="343" pin="1"/><net_sink comp="114" pin=2"/></net>

<net id="351"><net_src comp="185" pin="1"/><net_sink comp="348" pin=0"/></net>

<net id="352"><net_src comp="348" pin="1"/><net_sink comp="261" pin=0"/></net>

<net id="356"><net_src comp="209" pin="2"/><net_sink comp="353" pin=0"/></net>

<net id="357"><net_src comp="353" pin="1"/><net_sink comp="235" pin=0"/></net>

<net id="364"><net_src comp="221" pin="2"/><net_sink comp="361" pin=0"/></net>

<net id="365"><net_src comp="361" pin="1"/><net_sink comp="125" pin=2"/></net>

<net id="369"><net_src comp="227" pin="1"/><net_sink comp="366" pin=0"/></net>

<net id="370"><net_src comp="366" pin="1"/><net_sink comp="292" pin=1"/></net>

<net id="374"><net_src comp="72" pin="3"/><net_sink comp="371" pin=0"/></net>

<net id="375"><net_src comp="371" pin="1"/><net_sink comp="105" pin=0"/></net>

<net id="382"><net_src comp="251" pin="2"/><net_sink comp="379" pin=0"/></net>

<net id="383"><net_src comp="379" pin="1"/><net_sink comp="136" pin=2"/></net>

<net id="387"><net_src comp="261" pin="2"/><net_sink comp="384" pin=0"/></net>

<net id="388"><net_src comp="384" pin="1"/><net_sink comp="297" pin=0"/></net>

<net id="392"><net_src comp="292" pin="2"/><net_sink comp="389" pin=0"/></net>

<net id="393"><net_src comp="389" pin="1"/><net_sink comp="301" pin=0"/></net>

<net id="397"><net_src comp="79" pin="3"/><net_sink comp="394" pin=0"/></net>

<net id="398"><net_src comp="394" pin="1"/><net_sink comp="93" pin=0"/></net>

<net id="402"><net_src comp="86" pin="3"/><net_sink comp="399" pin=0"/></net>

<net id="403"><net_src comp="399" pin="1"/><net_sink comp="99" pin=0"/></net>

<net id="407"><net_src comp="93" pin="3"/><net_sink comp="404" pin=0"/></net>

<net id="408"><net_src comp="404" pin="1"/><net_sink comp="305" pin=0"/></net>

<net id="412"><net_src comp="99" pin="3"/><net_sink comp="409" pin=0"/></net>

<net id="413"><net_src comp="409" pin="1"/><net_sink comp="308" pin=0"/></net>

<net id="417"><net_src comp="311" pin="2"/><net_sink comp="414" pin=0"/></net>

<net id="418"><net_src comp="414" pin="1"/><net_sink comp="324" pin=0"/></net>

<net id="422"><net_src comp="105" pin="3"/><net_sink comp="419" pin=0"/></net>

<net id="423"><net_src comp="419" pin="1"/><net_sink comp="317" pin=1"/></net>

</net_list>

</model> 
---------------- Datapath Model END ------------------

* FSMD analyzer results:
  - Output states:
	Port: output_0_V | {8 }
 - Input state : 
	Port: GEMM_3D_float : input_1_0_V | {5 6 }
	Port: GEMM_3D_float : input_2_V | {5 6 }
	Port: GEMM_3D_float : output_0_V | {6 7 }
  - Chain level:
	State 1
	State 2
		icmp_ln250 : 1
		i : 1
		br_ln250 : 2
		tmp_80 : 1
		zext_ln1116 : 2
		tmp_81 : 1
		zext_ln1116_5 : 2
		sub_ln1116 : 3
		sext_ln1116 : 4
		tmp_82 : 1
		tmp_83 : 1
		zext_ln1265 : 2
		sub_ln1265 : 3
	State 3
		icmp_ln252 : 1
		add_ln252 : 1
		br_ln252 : 2
		zext_ln1265_6 : 1
		zext_ln1265_7 : 1
		add_ln1265 : 2
		sext_ln1265 : 3
		output_0_V_addr : 4
	State 4
		icmp_ln253 : 1
		add_ln253 : 1
		br_ln253 : 2
		zext_ln1116_6 : 1
		add_ln1116 : 2
		trunc_ln1117 : 3
		p_shl4_cast : 4
		p_shl5_cast : 3
		sub_ln1117 : 5
		add_ln1117 : 6
	State 5
		input_1_0_V_addr : 1
		input_2_V_addr : 1
		input_1_0_V_load : 2
		input_2_V_load : 2
	State 6
	State 7
		mul_ln1192 : 1
	State 8
		add_ln1192 : 1
		trunc_ln : 2
		store_ln254 : 3


============================================================
+ Verbose Summary: Datapath Resource usage 
============================================================

* Functional unit list:
|----------|----------------------|---------|---------|---------|
| Operation|    Functional Unit   |  DSP48E |    FF   |   LUT   |
|----------|----------------------|---------|---------|---------|
|          |       i_fu_149       |    0    |    0    |    13   |
|          |   add_ln252_fu_221   |    0    |    0    |    15   |
|          |   add_ln1265_fu_235  |    0    |    0    |    14   |
|    add   |   add_ln253_fu_251   |    0    |    0    |    12   |
|          |   add_ln1116_fu_261  |    0    |    0    |    15   |
|          |   add_ln1117_fu_292  |    0    |    0    |    13   |
|          |   add_ln1192_fu_324  |    0    |    0    |    63   |
|----------|----------------------|---------|---------|---------|
|          |   sub_ln1116_fu_179  |    0    |    0    |    15   |
|    sub   |   sub_ln1265_fu_209  |    0    |    0    |    14   |
|          |   sub_ln1117_fu_286  |    0    |    0    |    13   |
|----------|----------------------|---------|---------|---------|
|    mul   |   mul_ln1192_fu_311  |    5    |    0    |    29   |
|----------|----------------------|---------|---------|---------|
|          |   icmp_ln250_fu_143  |    0    |    0    |    9    |
|   icmp   |   icmp_ln252_fu_215  |    0    |    0    |    11   |
|          |   icmp_ln253_fu_245  |    0    |    0    |    9    |
|----------|----------------------|---------|---------|---------|
|          |     tmp_80_fu_155    |    0    |    0    |    0    |
|          |     tmp_81_fu_167    |    0    |    0    |    0    |
|          |     tmp_82_fu_189    |    0    |    0    |    0    |
|bitconcatenate|     tmp_83_fu_197    |    0    |    0    |    0    |
|          |  p_shl4_cast_fu_270  |    0    |    0    |    0    |
|          |  p_shl5_cast_fu_278  |    0    |    0    |    0    |
|          |     shl_ln_fu_317    |    0    |    0    |    0    |
|----------|----------------------|---------|---------|---------|
|          |  zext_ln1116_fu_163  |    0    |    0    |    0    |
|          | zext_ln1116_5_fu_175 |    0    |    0    |    0    |
|          |  zext_ln1265_fu_205  |    0    |    0    |    0    |
|   zext   | zext_ln1265_6_fu_227 |    0    |    0    |    0    |
|          | zext_ln1265_7_fu_231 |    0    |    0    |    0    |
|          | zext_ln1116_6_fu_257 |    0    |    0    |    0    |
|          |  zext_ln1117_fu_301  |    0    |    0    |    0    |
|----------|----------------------|---------|---------|---------|
|          |  sext_ln1116_fu_185  |    0    |    0    |    0    |
|          |  sext_ln1265_fu_240  |    0    |    0    |    0    |
|   sext   | sext_ln1116_2_fu_297 |    0    |    0    |    0    |
|          |  sext_ln1192_fu_305  |    0    |    0    |    0    |
|          | sext_ln1192_1_fu_308 |    0    |    0    |    0    |
|----------|----------------------|---------|---------|---------|
|   trunc  |  trunc_ln1117_fu_266 |    0    |    0    |    0    |
|----------|----------------------|---------|---------|---------|
|partselect|    trunc_ln_fu_329   |    0    |    0    |    0    |
|----------|----------------------|---------|---------|---------|
|   Total  |                      |    5    |    0    |   245   |
|----------|----------------------|---------|---------|---------|

Memories:
N/A

* Register list:
+------------------------+--------+
|                        |   FF   |
+------------------------+--------+
|   add_ln1116_reg_384   |    9   |
|   add_ln1117_reg_389   |   13   |
|    add_ln252_reg_361   |    6   |
|    add_ln253_reg_379   |    3   |
|       i_0_reg_110      |    4   |
|        i_reg_343       |    4   |
|input_1_0_V_addr_reg_394|    6   |
|input_1_0_V_load_reg_404|   40   |
| input_2_V_addr_reg_399 |   12   |
| input_2_V_load_reg_409 |   40   |
|      k_0_0_reg_121     |    6   |
|      l_0_0_reg_132     |    3   |
|   mul_ln1192_reg_414   |   56   |
| output_0_V_addr_reg_371|    9   |
| output_0_V_load_reg_419|   40   |
|   sext_ln1116_reg_348  |    9   |
|   sub_ln1265_reg_353   |   10   |
|  zext_ln1265_6_reg_366 |   13   |
+------------------------+--------+
|          Total         |   283  |
+------------------------+--------+

* Multiplexer (MUX) list: 
|------------------|------|------|------|--------||---------||---------|
|       Comp       |  Pin | Size |  BW  | S x BW ||  Delay  ||   LUT   |
|------------------|------|------|------|--------||---------||---------|
| grp_access_fu_93 |  p0  |   2  |   6  |   12   ||    9    |
| grp_access_fu_99 |  p0  |   2  |  12  |   24   ||    9    |
|------------------|------|------|------|--------||---------||---------|
|       Total      |      |      |      |   36   ||  3.538  ||    18   |
|------------------|------|------|------|--------||---------||---------|



* Summary:
+-----------+--------+--------+--------+--------+
|           | DSP48E |  Delay |   FF   |   LUT  |
+-----------+--------+--------+--------+--------+
|  Function |    5   |    -   |    0   |   245  |
|   Memory  |    -   |    -   |    -   |    -   |
|Multiplexer|    -   |    3   |    -   |   18   |
|  Register |    -   |    -   |   283  |    -   |
+-----------+--------+--------+--------+--------+
|   Total   |    5   |    3   |   283  |   263  |
+-----------+--------+--------+--------+--------+
