

================================================================
== Vivado HLS Report for 'quantize_activation'
================================================================
* Date:           Sat Nov 30 21:04:40 2024

* Version:        2019.2 (Build 2704478 on Wed Nov 06 22:10:23 MST 2019)
* Project:        attention_4th.prj
* Solution:       solution1
* Product family: zynq
* Target device:  xc7z020-clg484-1


================================================================
== Performance Estimates
================================================================
+ Timing: 
    * Summary: 
    +--------+----------+----------+------------+
    |  Clock |  Target  | Estimated| Uncertainty|
    +--------+----------+----------+------------+
    |ap_clk  | 10.00 ns | 8.533 ns |   1.25 ns  |
    +--------+----------+----------+------------+

+ Latency: 
    * Summary: 
    +---------+---------+-----------+-----------+------+------+---------+
    |  Latency (cycles) |   Latency (absolute)  |   Interval  | Pipeline|
    |   min   |   max   |    min    |    max    |  min |  max |   Type  |
    +---------+---------+-----------+-----------+------+------+---------+
    |     3320|     3320| 33.200 us | 33.200 us |  3320|  3320|   none  |
    +---------+---------+-----------+-----------+------+------+---------+

    + Detail: 
        * Instance: 
        N/A

        * Loop: 
        +---------------------------------+---------+---------+----------+-----------+-----------+------+----------+
        |                                 |  Latency (cycles) | Iteration|  Initiation Interval  | Trip |          |
        |            Loop Name            |   min   |   max   |  Latency |  achieved |   target  | Count| Pipelined|
        +---------------------------------+---------+---------+----------+-----------+-----------+------+----------+
        |- QUANTIZE_ACTIVATION_LOOP_2     |     1149|     1149|         3|          -|          -|   383|    no    |
        |- QUANTIZE_ACTIVATION_LOOP_3     |     2124|     2124|       354|          -|          -|     6|    no    |
        | + QUANTIZE_ACTIVATION_LOOP_4    |      352|      352|        22|          -|          -|    16|    no    |
        |  ++ QUANTIZE_ACTIVATION_LOOP_5  |       20|       20|         5|          -|          -|     4|    no    |
        +---------------------------------+---------+---------+----------+-----------+-----------+------+----------+

============================================================
+ Verbose Summary: Synthesis Manager
============================================================
InlineROM: 1
ExposeGlobal: 0
============================================================
+ Verbose Summary: CDFG Model
============================================================
IsTopModel: 0
ResetActiveHigh: 1
IsCombinational: 0
IsDatapathOnly: 0
HasWiredReturn: 1
HasMFsm: 0
HasVarLatency: 1
IsPipeline: 0
IsRtlPipelined: 0
IsInstanceOverlapped: 0
IsDontTouch: 0
HasImplIP: 0
IsGatedGlobalClock: 0


============================================================
+ Verbose Summary: Schedule
============================================================
* Number of FSM states : 56
* Pipeline : 0
* Dataflow Pipeline: 0

* FSM state transitions: 
1 --> 2 
2 --> 3 
3 --> 4 
4 --> 5 7 
5 --> 6 
6 --> 4 
7 --> 8 
8 --> 9 
9 --> 10 
10 --> 11 
11 --> 12 
12 --> 13 
13 --> 14 
14 --> 15 
15 --> 16 
16 --> 17 
17 --> 18 
18 --> 19 
19 --> 20 
20 --> 21 
21 --> 22 
22 --> 23 
23 --> 24 
24 --> 25 
25 --> 26 
26 --> 27 
27 --> 28 
28 --> 29 
29 --> 30 
30 --> 31 
31 --> 32 
32 --> 33 
33 --> 34 
34 --> 35 
35 --> 36 
36 --> 37 
37 --> 38 
38 --> 39 
39 --> 40 
40 --> 41 
41 --> 42 
42 --> 43 
43 --> 44 
44 --> 45 
45 --> 46 
46 --> 47 
47 --> 48 
48 --> 49 
49 --> 50 
50 --> 51 
51 --> 52 50 
52 --> 53 51 
53 --> 54 
54 --> 55 
55 --> 56 
56 --> 52 

* FSM state operations: 

State 1 <SV = 0> <Delay = 3.25>
ST_1 : Operation 57 [1/1] (0.00ns)   --->   "%input_0_V_addr = getelementptr [384 x i40]* %input_0_V, i64 0, i64 0" [./layer.h:127]   --->   Operation 57 'getelementptr' 'input_0_V_addr' <Predicate = true> <Delay = 0.00>
ST_1 : Operation 58 [2/2] (3.25ns)   --->   "%p_Val2_s = load i40* %input_0_V_addr, align 8" [./layer.h:127]   --->   Operation 58 'load' 'p_Val2_s' <Predicate = true> <Delay = 3.25> <Core = "RAM">   --->   Core 37 'RAM' <Latency = 1> <II = 1> <Delay = 2.30> <Storage> <Opcode : 'load' 'store'> <Ports = 2> <Width = 8> <Depth = 96> <RAM>

State 2 <SV = 1> <Delay = 7.69>
ST_2 : Operation 59 [1/2] (3.25ns)   --->   "%p_Val2_s = load i40* %input_0_V_addr, align 8" [./layer.h:127]   --->   Operation 59 'load' 'p_Val2_s' <Predicate = true> <Delay = 3.25> <Core = "RAM">   --->   Core 37 'RAM' <Latency = 1> <II = 1> <Delay = 2.30> <Storage> <Opcode : 'load' 'store'> <Ports = 2> <Width = 8> <Depth = 96> <RAM>
ST_2 : Operation 60 [1/1] (0.00ns)   --->   "%tmp_73 = call i1 @_ssdm_op_BitSelect.i1.i40.i32(i40 %p_Val2_s, i32 39)" [./layer.h:59->./layer.h:127]   --->   Operation 60 'bitselect' 'tmp_73' <Predicate = true> <Delay = 0.00>
ST_2 : Operation 61 [1/1] (2.87ns)   --->   "%sub_ln703 = sub i40 0, %p_Val2_s" [./layer.h:59->./layer.h:127]   --->   Operation 61 'sub' 'sub_ln703' <Predicate = true> <Delay = 2.87> <Core = "AddSub">   --->   Core 14 'AddSub' <Latency = 0> <II = 1> <Delay = 2.31> <FuncUnit> <Opcode : 'add' 'sub'> <InPorts = 2> <OutPorts = 1>
ST_2 : Operation 62 [1/1] (1.56ns)   --->   "%p_Val2_10 = select i1 %tmp_73, i40 %sub_ln703, i40 %p_Val2_s" [./layer.h:59->./layer.h:127]   --->   Operation 62 'select' 'p_Val2_10' <Predicate = true> <Delay = 1.56> <Core = "Sel">   --->   Core 26 'Sel' <Latency = 0> <II = 1> <Delay = 1.24> <FuncUnit> <Opcode : 'select'> <InPorts = 3> <OutPorts = 1>

State 3 <SV = 2> <Delay = 1.76>
ST_3 : Operation 63 [1/1] (0.00ns)   --->   "%tmp = call i32 (...)* @_ssdm_op_SpecRegionBegin([27 x i8]* @p_str1842)" [./layer.h:124]   --->   Operation 63 'specregionbegin' 'tmp' <Predicate = true> <Delay = 0.00>
ST_3 : Operation 64 [1/1] (1.76ns)   --->   "br label %1" [./layer.h:128]   --->   Operation 64 'br' <Predicate = true> <Delay = 1.76>

State 4 <SV = 3> <Delay = 4.37>
ST_4 : Operation 65 [1/1] (0.00ns)   --->   "%max_val_V_0_0 = phi i40 [ %p_Val2_10, %QUANTIZE_ACTIVATION_LOOP_1_begin ], [ %p_Val2_13, %._crit_edge.0 ]"   --->   Operation 65 'phi' 'max_val_V_0_0' <Predicate = true> <Delay = 0.00>
ST_4 : Operation 66 [1/1] (0.00ns)   --->   "%j_0_0 = phi i9 [ 1, %QUANTIZE_ACTIVATION_LOOP_1_begin ], [ %add_ln128, %._crit_edge.0 ]" [./layer.h:128]   --->   Operation 66 'phi' 'j_0_0' <Predicate = true> <Delay = 0.00>
ST_4 : Operation 67 [1/1] (1.66ns)   --->   "%icmp_ln128 = icmp eq i9 %j_0_0, -128" [./layer.h:128]   --->   Operation 67 'icmp' 'icmp_ln128' <Predicate = true> <Delay = 1.66> <Core = "Cmp">   --->   Core 25 'Cmp' <Latency = 0> <II = 1> <Delay = 2.43> <FuncUnit> <Opcode : 'icmp'> <InPorts = 2> <OutPorts = 1>
ST_4 : Operation 68 [1/1] (0.00ns)   --->   "%empty_89 = call i32 (...)* @_ssdm_op_SpecLoopTripCount(i64 383, i64 383, i64 383)"   --->   Operation 68 'speclooptripcount' 'empty_89' <Predicate = true> <Delay = 0.00>
ST_4 : Operation 69 [1/1] (0.00ns)   --->   "br i1 %icmp_ln128, label %_ZN8ap_fixedILi40ELi24EL9ap_q_mode5EL9ap_o_mode3ELi0EEC1ILi32ELb1EEERK11ap_int_baseIXT_EXT0_EE.exit.0, label %._crit_edge.0" [./layer.h:128]   --->   Operation 69 'br' <Predicate = true> <Delay = 0.00>
ST_4 : Operation 70 [1/1] (0.00ns)   --->   "%zext_ln129 = zext i9 %j_0_0 to i64" [./layer.h:129]   --->   Operation 70 'zext' 'zext_ln129' <Predicate = (!icmp_ln128)> <Delay = 0.00>
ST_4 : Operation 71 [1/1] (0.00ns)   --->   "%input_0_V_addr_5 = getelementptr [384 x i40]* %input_0_V, i64 0, i64 %zext_ln129" [./layer.h:129]   --->   Operation 71 'getelementptr' 'input_0_V_addr_5' <Predicate = (!icmp_ln128)> <Delay = 0.00>
ST_4 : Operation 72 [2/2] (3.25ns)   --->   "%p_Val2_11 = load i40* %input_0_V_addr_5, align 8" [./layer.h:129]   --->   Operation 72 'load' 'p_Val2_11' <Predicate = (!icmp_ln128)> <Delay = 3.25> <Core = "RAM">   --->   Core 37 'RAM' <Latency = 1> <II = 1> <Delay = 2.30> <Storage> <Opcode : 'load' 'store'> <Ports = 2> <Width = 8> <Depth = 96> <RAM>
ST_4 : Operation 73 [1/1] (1.82ns)   --->   "%add_ln128 = add i9 %j_0_0, 1" [./layer.h:128]   --->   Operation 73 'add' 'add_ln128' <Predicate = (!icmp_ln128)> <Delay = 1.82> <Core = "AddSub">   --->   Core 14 'AddSub' <Latency = 0> <II = 1> <Delay = 2.31> <FuncUnit> <Opcode : 'add' 'sub'> <InPorts = 2> <OutPorts = 1>
ST_4 : Operation 74 [44/44] (4.37ns)   --->   "%udiv_ln1148 = udiv i40 545460846592, %max_val_V_0_0" [./layer.h:131]   --->   Operation 74 'udiv' 'udiv_ln1148' <Predicate = (icmp_ln128)> <Delay = 4.37> <Core = "DivnS_SEQ">   --->   Core 24 'DivnS_SEQ' <Latency = 43> <II = 40> <Delay = 4.37> <FuncUnit> <Opcode : 'sdiv' 'srem' 'udiv' 'urem'> <InPorts = 2> <OutPorts = 1>

State 5 <SV = 4> <Delay = 7.69>
ST_5 : Operation 75 [1/2] (3.25ns)   --->   "%p_Val2_11 = load i40* %input_0_V_addr_5, align 8" [./layer.h:129]   --->   Operation 75 'load' 'p_Val2_11' <Predicate = true> <Delay = 3.25> <Core = "RAM">   --->   Core 37 'RAM' <Latency = 1> <II = 1> <Delay = 2.30> <Storage> <Opcode : 'load' 'store'> <Ports = 2> <Width = 8> <Depth = 96> <RAM>
ST_5 : Operation 76 [1/1] (0.00ns)   --->   "%tmp_74 = call i1 @_ssdm_op_BitSelect.i1.i40.i32(i40 %p_Val2_11, i32 39)" [./layer.h:59->./layer.h:129]   --->   Operation 76 'bitselect' 'tmp_74' <Predicate = true> <Delay = 0.00>
ST_5 : Operation 77 [1/1] (2.87ns)   --->   "%sub_ln703_34 = sub i40 0, %p_Val2_11" [./layer.h:59->./layer.h:129]   --->   Operation 77 'sub' 'sub_ln703_34' <Predicate = true> <Delay = 2.87> <Core = "AddSub">   --->   Core 14 'AddSub' <Latency = 0> <II = 1> <Delay = 2.31> <FuncUnit> <Opcode : 'add' 'sub'> <InPorts = 2> <OutPorts = 1>
ST_5 : Operation 78 [1/1] (1.56ns)   --->   "%p_Val2_12 = select i1 %tmp_74, i40 %sub_ln703_34, i40 %p_Val2_11" [./layer.h:59->./layer.h:129]   --->   Operation 78 'select' 'p_Val2_12' <Predicate = true> <Delay = 1.56> <Core = "Sel">   --->   Core 26 'Sel' <Latency = 0> <II = 1> <Delay = 1.24> <FuncUnit> <Opcode : 'select'> <InPorts = 3> <OutPorts = 1>

State 6 <SV = 5> <Delay = 4.09>
ST_6 : Operation 79 [1/1] (0.00ns)   --->   "call void (...)* @_ssdm_op_SpecLoopName([27 x i8]* @p_str1843) nounwind" [./layer.h:129]   --->   Operation 79 'specloopname' <Predicate = true> <Delay = 0.00>
ST_6 : Operation 80 [1/1] (2.53ns)   --->   "%icmp_ln1494 = icmp sgt i40 %p_Val2_12, %max_val_V_0_0" [./layer.h:129]   --->   Operation 80 'icmp' 'icmp_ln1494' <Predicate = true> <Delay = 2.53> <Core = "Cmp">   --->   Core 25 'Cmp' <Latency = 0> <II = 1> <Delay = 2.43> <FuncUnit> <Opcode : 'icmp'> <InPorts = 2> <OutPorts = 1>
ST_6 : Operation 81 [1/1] (1.56ns)   --->   "%p_Val2_13 = select i1 %icmp_ln1494, i40 %p_Val2_12, i40 %max_val_V_0_0" [./layer.h:129]   --->   Operation 81 'select' 'p_Val2_13' <Predicate = true> <Delay = 1.56> <Core = "Sel">   --->   Core 26 'Sel' <Latency = 0> <II = 1> <Delay = 1.24> <FuncUnit> <Opcode : 'select'> <InPorts = 3> <OutPorts = 1>
ST_6 : Operation 82 [1/1] (0.00ns)   --->   "br label %1" [./layer.h:128]   --->   Operation 82 'br' <Predicate = true> <Delay = 0.00>

State 7 <SV = 4> <Delay = 4.37>
ST_7 : Operation 83 [43/44] (4.37ns)   --->   "%udiv_ln1148 = udiv i40 545460846592, %max_val_V_0_0" [./layer.h:131]   --->   Operation 83 'udiv' 'udiv_ln1148' <Predicate = true> <Delay = 4.37> <Core = "DivnS_SEQ">   --->   Core 24 'DivnS_SEQ' <Latency = 43> <II = 40> <Delay = 4.37> <FuncUnit> <Opcode : 'sdiv' 'srem' 'udiv' 'urem'> <InPorts = 2> <OutPorts = 1>

State 8 <SV = 5> <Delay = 4.37>
ST_8 : Operation 84 [42/44] (4.37ns)   --->   "%udiv_ln1148 = udiv i40 545460846592, %max_val_V_0_0" [./layer.h:131]   --->   Operation 84 'udiv' 'udiv_ln1148' <Predicate = true> <Delay = 4.37> <Core = "DivnS_SEQ">   --->   Core 24 'DivnS_SEQ' <Latency = 43> <II = 40> <Delay = 4.37> <FuncUnit> <Opcode : 'sdiv' 'srem' 'udiv' 'urem'> <InPorts = 2> <OutPorts = 1>

State 9 <SV = 6> <Delay = 4.37>
ST_9 : Operation 85 [41/44] (4.37ns)   --->   "%udiv_ln1148 = udiv i40 545460846592, %max_val_V_0_0" [./layer.h:131]   --->   Operation 85 'udiv' 'udiv_ln1148' <Predicate = true> <Delay = 4.37> <Core = "DivnS_SEQ">   --->   Core 24 'DivnS_SEQ' <Latency = 43> <II = 40> <Delay = 4.37> <FuncUnit> <Opcode : 'sdiv' 'srem' 'udiv' 'urem'> <InPorts = 2> <OutPorts = 1>

State 10 <SV = 7> <Delay = 4.37>
ST_10 : Operation 86 [40/44] (4.37ns)   --->   "%udiv_ln1148 = udiv i40 545460846592, %max_val_V_0_0" [./layer.h:131]   --->   Operation 86 'udiv' 'udiv_ln1148' <Predicate = true> <Delay = 4.37> <Core = "DivnS_SEQ">   --->   Core 24 'DivnS_SEQ' <Latency = 43> <II = 40> <Delay = 4.37> <FuncUnit> <Opcode : 'sdiv' 'srem' 'udiv' 'urem'> <InPorts = 2> <OutPorts = 1>

State 11 <SV = 8> <Delay = 4.37>
ST_11 : Operation 87 [39/44] (4.37ns)   --->   "%udiv_ln1148 = udiv i40 545460846592, %max_val_V_0_0" [./layer.h:131]   --->   Operation 87 'udiv' 'udiv_ln1148' <Predicate = true> <Delay = 4.37> <Core = "DivnS_SEQ">   --->   Core 24 'DivnS_SEQ' <Latency = 43> <II = 40> <Delay = 4.37> <FuncUnit> <Opcode : 'sdiv' 'srem' 'udiv' 'urem'> <InPorts = 2> <OutPorts = 1>

State 12 <SV = 9> <Delay = 4.37>
ST_12 : Operation 88 [38/44] (4.37ns)   --->   "%udiv_ln1148 = udiv i40 545460846592, %max_val_V_0_0" [./layer.h:131]   --->   Operation 88 'udiv' 'udiv_ln1148' <Predicate = true> <Delay = 4.37> <Core = "DivnS_SEQ">   --->   Core 24 'DivnS_SEQ' <Latency = 43> <II = 40> <Delay = 4.37> <FuncUnit> <Opcode : 'sdiv' 'srem' 'udiv' 'urem'> <InPorts = 2> <OutPorts = 1>

State 13 <SV = 10> <Delay = 4.37>
ST_13 : Operation 89 [37/44] (4.37ns)   --->   "%udiv_ln1148 = udiv i40 545460846592, %max_val_V_0_0" [./layer.h:131]   --->   Operation 89 'udiv' 'udiv_ln1148' <Predicate = true> <Delay = 4.37> <Core = "DivnS_SEQ">   --->   Core 24 'DivnS_SEQ' <Latency = 43> <II = 40> <Delay = 4.37> <FuncUnit> <Opcode : 'sdiv' 'srem' 'udiv' 'urem'> <InPorts = 2> <OutPorts = 1>

State 14 <SV = 11> <Delay = 4.37>
ST_14 : Operation 90 [36/44] (4.37ns)   --->   "%udiv_ln1148 = udiv i40 545460846592, %max_val_V_0_0" [./layer.h:131]   --->   Operation 90 'udiv' 'udiv_ln1148' <Predicate = true> <Delay = 4.37> <Core = "DivnS_SEQ">   --->   Core 24 'DivnS_SEQ' <Latency = 43> <II = 40> <Delay = 4.37> <FuncUnit> <Opcode : 'sdiv' 'srem' 'udiv' 'urem'> <InPorts = 2> <OutPorts = 1>

State 15 <SV = 12> <Delay = 4.37>
ST_15 : Operation 91 [35/44] (4.37ns)   --->   "%udiv_ln1148 = udiv i40 545460846592, %max_val_V_0_0" [./layer.h:131]   --->   Operation 91 'udiv' 'udiv_ln1148' <Predicate = true> <Delay = 4.37> <Core = "DivnS_SEQ">   --->   Core 24 'DivnS_SEQ' <Latency = 43> <II = 40> <Delay = 4.37> <FuncUnit> <Opcode : 'sdiv' 'srem' 'udiv' 'urem'> <InPorts = 2> <OutPorts = 1>

State 16 <SV = 13> <Delay = 4.37>
ST_16 : Operation 92 [34/44] (4.37ns)   --->   "%udiv_ln1148 = udiv i40 545460846592, %max_val_V_0_0" [./layer.h:131]   --->   Operation 92 'udiv' 'udiv_ln1148' <Predicate = true> <Delay = 4.37> <Core = "DivnS_SEQ">   --->   Core 24 'DivnS_SEQ' <Latency = 43> <II = 40> <Delay = 4.37> <FuncUnit> <Opcode : 'sdiv' 'srem' 'udiv' 'urem'> <InPorts = 2> <OutPorts = 1>

State 17 <SV = 14> <Delay = 4.37>
ST_17 : Operation 93 [33/44] (4.37ns)   --->   "%udiv_ln1148 = udiv i40 545460846592, %max_val_V_0_0" [./layer.h:131]   --->   Operation 93 'udiv' 'udiv_ln1148' <Predicate = true> <Delay = 4.37> <Core = "DivnS_SEQ">   --->   Core 24 'DivnS_SEQ' <Latency = 43> <II = 40> <Delay = 4.37> <FuncUnit> <Opcode : 'sdiv' 'srem' 'udiv' 'urem'> <InPorts = 2> <OutPorts = 1>

State 18 <SV = 15> <Delay = 4.37>
ST_18 : Operation 94 [32/44] (4.37ns)   --->   "%udiv_ln1148 = udiv i40 545460846592, %max_val_V_0_0" [./layer.h:131]   --->   Operation 94 'udiv' 'udiv_ln1148' <Predicate = true> <Delay = 4.37> <Core = "DivnS_SEQ">   --->   Core 24 'DivnS_SEQ' <Latency = 43> <II = 40> <Delay = 4.37> <FuncUnit> <Opcode : 'sdiv' 'srem' 'udiv' 'urem'> <InPorts = 2> <OutPorts = 1>

State 19 <SV = 16> <Delay = 4.37>
ST_19 : Operation 95 [31/44] (4.37ns)   --->   "%udiv_ln1148 = udiv i40 545460846592, %max_val_V_0_0" [./layer.h:131]   --->   Operation 95 'udiv' 'udiv_ln1148' <Predicate = true> <Delay = 4.37> <Core = "DivnS_SEQ">   --->   Core 24 'DivnS_SEQ' <Latency = 43> <II = 40> <Delay = 4.37> <FuncUnit> <Opcode : 'sdiv' 'srem' 'udiv' 'urem'> <InPorts = 2> <OutPorts = 1>

State 20 <SV = 17> <Delay = 4.37>
ST_20 : Operation 96 [30/44] (4.37ns)   --->   "%udiv_ln1148 = udiv i40 545460846592, %max_val_V_0_0" [./layer.h:131]   --->   Operation 96 'udiv' 'udiv_ln1148' <Predicate = true> <Delay = 4.37> <Core = "DivnS_SEQ">   --->   Core 24 'DivnS_SEQ' <Latency = 43> <II = 40> <Delay = 4.37> <FuncUnit> <Opcode : 'sdiv' 'srem' 'udiv' 'urem'> <InPorts = 2> <OutPorts = 1>

State 21 <SV = 18> <Delay = 4.37>
ST_21 : Operation 97 [29/44] (4.37ns)   --->   "%udiv_ln1148 = udiv i40 545460846592, %max_val_V_0_0" [./layer.h:131]   --->   Operation 97 'udiv' 'udiv_ln1148' <Predicate = true> <Delay = 4.37> <Core = "DivnS_SEQ">   --->   Core 24 'DivnS_SEQ' <Latency = 43> <II = 40> <Delay = 4.37> <FuncUnit> <Opcode : 'sdiv' 'srem' 'udiv' 'urem'> <InPorts = 2> <OutPorts = 1>

State 22 <SV = 19> <Delay = 4.37>
ST_22 : Operation 98 [28/44] (4.37ns)   --->   "%udiv_ln1148 = udiv i40 545460846592, %max_val_V_0_0" [./layer.h:131]   --->   Operation 98 'udiv' 'udiv_ln1148' <Predicate = true> <Delay = 4.37> <Core = "DivnS_SEQ">   --->   Core 24 'DivnS_SEQ' <Latency = 43> <II = 40> <Delay = 4.37> <FuncUnit> <Opcode : 'sdiv' 'srem' 'udiv' 'urem'> <InPorts = 2> <OutPorts = 1>

State 23 <SV = 20> <Delay = 4.37>
ST_23 : Operation 99 [27/44] (4.37ns)   --->   "%udiv_ln1148 = udiv i40 545460846592, %max_val_V_0_0" [./layer.h:131]   --->   Operation 99 'udiv' 'udiv_ln1148' <Predicate = true> <Delay = 4.37> <Core = "DivnS_SEQ">   --->   Core 24 'DivnS_SEQ' <Latency = 43> <II = 40> <Delay = 4.37> <FuncUnit> <Opcode : 'sdiv' 'srem' 'udiv' 'urem'> <InPorts = 2> <OutPorts = 1>

State 24 <SV = 21> <Delay = 4.37>
ST_24 : Operation 100 [26/44] (4.37ns)   --->   "%udiv_ln1148 = udiv i40 545460846592, %max_val_V_0_0" [./layer.h:131]   --->   Operation 100 'udiv' 'udiv_ln1148' <Predicate = true> <Delay = 4.37> <Core = "DivnS_SEQ">   --->   Core 24 'DivnS_SEQ' <Latency = 43> <II = 40> <Delay = 4.37> <FuncUnit> <Opcode : 'sdiv' 'srem' 'udiv' 'urem'> <InPorts = 2> <OutPorts = 1>

State 25 <SV = 22> <Delay = 4.37>
ST_25 : Operation 101 [25/44] (4.37ns)   --->   "%udiv_ln1148 = udiv i40 545460846592, %max_val_V_0_0" [./layer.h:131]   --->   Operation 101 'udiv' 'udiv_ln1148' <Predicate = true> <Delay = 4.37> <Core = "DivnS_SEQ">   --->   Core 24 'DivnS_SEQ' <Latency = 43> <II = 40> <Delay = 4.37> <FuncUnit> <Opcode : 'sdiv' 'srem' 'udiv' 'urem'> <InPorts = 2> <OutPorts = 1>

State 26 <SV = 23> <Delay = 4.37>
ST_26 : Operation 102 [24/44] (4.37ns)   --->   "%udiv_ln1148 = udiv i40 545460846592, %max_val_V_0_0" [./layer.h:131]   --->   Operation 102 'udiv' 'udiv_ln1148' <Predicate = true> <Delay = 4.37> <Core = "DivnS_SEQ">   --->   Core 24 'DivnS_SEQ' <Latency = 43> <II = 40> <Delay = 4.37> <FuncUnit> <Opcode : 'sdiv' 'srem' 'udiv' 'urem'> <InPorts = 2> <OutPorts = 1>

State 27 <SV = 24> <Delay = 4.37>
ST_27 : Operation 103 [23/44] (4.37ns)   --->   "%udiv_ln1148 = udiv i40 545460846592, %max_val_V_0_0" [./layer.h:131]   --->   Operation 103 'udiv' 'udiv_ln1148' <Predicate = true> <Delay = 4.37> <Core = "DivnS_SEQ">   --->   Core 24 'DivnS_SEQ' <Latency = 43> <II = 40> <Delay = 4.37> <FuncUnit> <Opcode : 'sdiv' 'srem' 'udiv' 'urem'> <InPorts = 2> <OutPorts = 1>

State 28 <SV = 25> <Delay = 4.37>
ST_28 : Operation 104 [22/44] (4.37ns)   --->   "%udiv_ln1148 = udiv i40 545460846592, %max_val_V_0_0" [./layer.h:131]   --->   Operation 104 'udiv' 'udiv_ln1148' <Predicate = true> <Delay = 4.37> <Core = "DivnS_SEQ">   --->   Core 24 'DivnS_SEQ' <Latency = 43> <II = 40> <Delay = 4.37> <FuncUnit> <Opcode : 'sdiv' 'srem' 'udiv' 'urem'> <InPorts = 2> <OutPorts = 1>

State 29 <SV = 26> <Delay = 4.37>
ST_29 : Operation 105 [21/44] (4.37ns)   --->   "%udiv_ln1148 = udiv i40 545460846592, %max_val_V_0_0" [./layer.h:131]   --->   Operation 105 'udiv' 'udiv_ln1148' <Predicate = true> <Delay = 4.37> <Core = "DivnS_SEQ">   --->   Core 24 'DivnS_SEQ' <Latency = 43> <II = 40> <Delay = 4.37> <FuncUnit> <Opcode : 'sdiv' 'srem' 'udiv' 'urem'> <InPorts = 2> <OutPorts = 1>

State 30 <SV = 27> <Delay = 4.37>
ST_30 : Operation 106 [20/44] (4.37ns)   --->   "%udiv_ln1148 = udiv i40 545460846592, %max_val_V_0_0" [./layer.h:131]   --->   Operation 106 'udiv' 'udiv_ln1148' <Predicate = true> <Delay = 4.37> <Core = "DivnS_SEQ">   --->   Core 24 'DivnS_SEQ' <Latency = 43> <II = 40> <Delay = 4.37> <FuncUnit> <Opcode : 'sdiv' 'srem' 'udiv' 'urem'> <InPorts = 2> <OutPorts = 1>

State 31 <SV = 28> <Delay = 4.37>
ST_31 : Operation 107 [19/44] (4.37ns)   --->   "%udiv_ln1148 = udiv i40 545460846592, %max_val_V_0_0" [./layer.h:131]   --->   Operation 107 'udiv' 'udiv_ln1148' <Predicate = true> <Delay = 4.37> <Core = "DivnS_SEQ">   --->   Core 24 'DivnS_SEQ' <Latency = 43> <II = 40> <Delay = 4.37> <FuncUnit> <Opcode : 'sdiv' 'srem' 'udiv' 'urem'> <InPorts = 2> <OutPorts = 1>

State 32 <SV = 29> <Delay = 4.37>
ST_32 : Operation 108 [18/44] (4.37ns)   --->   "%udiv_ln1148 = udiv i40 545460846592, %max_val_V_0_0" [./layer.h:131]   --->   Operation 108 'udiv' 'udiv_ln1148' <Predicate = true> <Delay = 4.37> <Core = "DivnS_SEQ">   --->   Core 24 'DivnS_SEQ' <Latency = 43> <II = 40> <Delay = 4.37> <FuncUnit> <Opcode : 'sdiv' 'srem' 'udiv' 'urem'> <InPorts = 2> <OutPorts = 1>

State 33 <SV = 30> <Delay = 4.37>
ST_33 : Operation 109 [17/44] (4.37ns)   --->   "%udiv_ln1148 = udiv i40 545460846592, %max_val_V_0_0" [./layer.h:131]   --->   Operation 109 'udiv' 'udiv_ln1148' <Predicate = true> <Delay = 4.37> <Core = "DivnS_SEQ">   --->   Core 24 'DivnS_SEQ' <Latency = 43> <II = 40> <Delay = 4.37> <FuncUnit> <Opcode : 'sdiv' 'srem' 'udiv' 'urem'> <InPorts = 2> <OutPorts = 1>

State 34 <SV = 31> <Delay = 4.37>
ST_34 : Operation 110 [16/44] (4.37ns)   --->   "%udiv_ln1148 = udiv i40 545460846592, %max_val_V_0_0" [./layer.h:131]   --->   Operation 110 'udiv' 'udiv_ln1148' <Predicate = true> <Delay = 4.37> <Core = "DivnS_SEQ">   --->   Core 24 'DivnS_SEQ' <Latency = 43> <II = 40> <Delay = 4.37> <FuncUnit> <Opcode : 'sdiv' 'srem' 'udiv' 'urem'> <InPorts = 2> <OutPorts = 1>

State 35 <SV = 32> <Delay = 4.37>
ST_35 : Operation 111 [15/44] (4.37ns)   --->   "%udiv_ln1148 = udiv i40 545460846592, %max_val_V_0_0" [./layer.h:131]   --->   Operation 111 'udiv' 'udiv_ln1148' <Predicate = true> <Delay = 4.37> <Core = "DivnS_SEQ">   --->   Core 24 'DivnS_SEQ' <Latency = 43> <II = 40> <Delay = 4.37> <FuncUnit> <Opcode : 'sdiv' 'srem' 'udiv' 'urem'> <InPorts = 2> <OutPorts = 1>

State 36 <SV = 33> <Delay = 4.37>
ST_36 : Operation 112 [14/44] (4.37ns)   --->   "%udiv_ln1148 = udiv i40 545460846592, %max_val_V_0_0" [./layer.h:131]   --->   Operation 112 'udiv' 'udiv_ln1148' <Predicate = true> <Delay = 4.37> <Core = "DivnS_SEQ">   --->   Core 24 'DivnS_SEQ' <Latency = 43> <II = 40> <Delay = 4.37> <FuncUnit> <Opcode : 'sdiv' 'srem' 'udiv' 'urem'> <InPorts = 2> <OutPorts = 1>

State 37 <SV = 34> <Delay = 4.37>
ST_37 : Operation 113 [13/44] (4.37ns)   --->   "%udiv_ln1148 = udiv i40 545460846592, %max_val_V_0_0" [./layer.h:131]   --->   Operation 113 'udiv' 'udiv_ln1148' <Predicate = true> <Delay = 4.37> <Core = "DivnS_SEQ">   --->   Core 24 'DivnS_SEQ' <Latency = 43> <II = 40> <Delay = 4.37> <FuncUnit> <Opcode : 'sdiv' 'srem' 'udiv' 'urem'> <InPorts = 2> <OutPorts = 1>

State 38 <SV = 35> <Delay = 4.37>
ST_38 : Operation 114 [12/44] (4.37ns)   --->   "%udiv_ln1148 = udiv i40 545460846592, %max_val_V_0_0" [./layer.h:131]   --->   Operation 114 'udiv' 'udiv_ln1148' <Predicate = true> <Delay = 4.37> <Core = "DivnS_SEQ">   --->   Core 24 'DivnS_SEQ' <Latency = 43> <II = 40> <Delay = 4.37> <FuncUnit> <Opcode : 'sdiv' 'srem' 'udiv' 'urem'> <InPorts = 2> <OutPorts = 1>

State 39 <SV = 36> <Delay = 4.37>
ST_39 : Operation 115 [11/44] (4.37ns)   --->   "%udiv_ln1148 = udiv i40 545460846592, %max_val_V_0_0" [./layer.h:131]   --->   Operation 115 'udiv' 'udiv_ln1148' <Predicate = true> <Delay = 4.37> <Core = "DivnS_SEQ">   --->   Core 24 'DivnS_SEQ' <Latency = 43> <II = 40> <Delay = 4.37> <FuncUnit> <Opcode : 'sdiv' 'srem' 'udiv' 'urem'> <InPorts = 2> <OutPorts = 1>

State 40 <SV = 37> <Delay = 4.37>
ST_40 : Operation 116 [10/44] (4.37ns)   --->   "%udiv_ln1148 = udiv i40 545460846592, %max_val_V_0_0" [./layer.h:131]   --->   Operation 116 'udiv' 'udiv_ln1148' <Predicate = true> <Delay = 4.37> <Core = "DivnS_SEQ">   --->   Core 24 'DivnS_SEQ' <Latency = 43> <II = 40> <Delay = 4.37> <FuncUnit> <Opcode : 'sdiv' 'srem' 'udiv' 'urem'> <InPorts = 2> <OutPorts = 1>

State 41 <SV = 38> <Delay = 4.37>
ST_41 : Operation 117 [9/44] (4.37ns)   --->   "%udiv_ln1148 = udiv i40 545460846592, %max_val_V_0_0" [./layer.h:131]   --->   Operation 117 'udiv' 'udiv_ln1148' <Predicate = true> <Delay = 4.37> <Core = "DivnS_SEQ">   --->   Core 24 'DivnS_SEQ' <Latency = 43> <II = 40> <Delay = 4.37> <FuncUnit> <Opcode : 'sdiv' 'srem' 'udiv' 'urem'> <InPorts = 2> <OutPorts = 1>

State 42 <SV = 39> <Delay = 4.37>
ST_42 : Operation 118 [8/44] (4.37ns)   --->   "%udiv_ln1148 = udiv i40 545460846592, %max_val_V_0_0" [./layer.h:131]   --->   Operation 118 'udiv' 'udiv_ln1148' <Predicate = true> <Delay = 4.37> <Core = "DivnS_SEQ">   --->   Core 24 'DivnS_SEQ' <Latency = 43> <II = 40> <Delay = 4.37> <FuncUnit> <Opcode : 'sdiv' 'srem' 'udiv' 'urem'> <InPorts = 2> <OutPorts = 1>

State 43 <SV = 40> <Delay = 4.37>
ST_43 : Operation 119 [7/44] (4.37ns)   --->   "%udiv_ln1148 = udiv i40 545460846592, %max_val_V_0_0" [./layer.h:131]   --->   Operation 119 'udiv' 'udiv_ln1148' <Predicate = true> <Delay = 4.37> <Core = "DivnS_SEQ">   --->   Core 24 'DivnS_SEQ' <Latency = 43> <II = 40> <Delay = 4.37> <FuncUnit> <Opcode : 'sdiv' 'srem' 'udiv' 'urem'> <InPorts = 2> <OutPorts = 1>

State 44 <SV = 41> <Delay = 4.37>
ST_44 : Operation 120 [6/44] (4.37ns)   --->   "%udiv_ln1148 = udiv i40 545460846592, %max_val_V_0_0" [./layer.h:131]   --->   Operation 120 'udiv' 'udiv_ln1148' <Predicate = true> <Delay = 4.37> <Core = "DivnS_SEQ">   --->   Core 24 'DivnS_SEQ' <Latency = 43> <II = 40> <Delay = 4.37> <FuncUnit> <Opcode : 'sdiv' 'srem' 'udiv' 'urem'> <InPorts = 2> <OutPorts = 1>

State 45 <SV = 42> <Delay = 4.37>
ST_45 : Operation 121 [5/44] (4.37ns)   --->   "%udiv_ln1148 = udiv i40 545460846592, %max_val_V_0_0" [./layer.h:131]   --->   Operation 121 'udiv' 'udiv_ln1148' <Predicate = true> <Delay = 4.37> <Core = "DivnS_SEQ">   --->   Core 24 'DivnS_SEQ' <Latency = 43> <II = 40> <Delay = 4.37> <FuncUnit> <Opcode : 'sdiv' 'srem' 'udiv' 'urem'> <InPorts = 2> <OutPorts = 1>

State 46 <SV = 43> <Delay = 4.37>
ST_46 : Operation 122 [4/44] (4.37ns)   --->   "%udiv_ln1148 = udiv i40 545460846592, %max_val_V_0_0" [./layer.h:131]   --->   Operation 122 'udiv' 'udiv_ln1148' <Predicate = true> <Delay = 4.37> <Core = "DivnS_SEQ">   --->   Core 24 'DivnS_SEQ' <Latency = 43> <II = 40> <Delay = 4.37> <FuncUnit> <Opcode : 'sdiv' 'srem' 'udiv' 'urem'> <InPorts = 2> <OutPorts = 1>

State 47 <SV = 44> <Delay = 4.37>
ST_47 : Operation 123 [3/44] (4.37ns)   --->   "%udiv_ln1148 = udiv i40 545460846592, %max_val_V_0_0" [./layer.h:131]   --->   Operation 123 'udiv' 'udiv_ln1148' <Predicate = true> <Delay = 4.37> <Core = "DivnS_SEQ">   --->   Core 24 'DivnS_SEQ' <Latency = 43> <II = 40> <Delay = 4.37> <FuncUnit> <Opcode : 'sdiv' 'srem' 'udiv' 'urem'> <InPorts = 2> <OutPorts = 1>

State 48 <SV = 45> <Delay = 4.37>
ST_48 : Operation 124 [2/44] (4.37ns)   --->   "%udiv_ln1148 = udiv i40 545460846592, %max_val_V_0_0" [./layer.h:131]   --->   Operation 124 'udiv' 'udiv_ln1148' <Predicate = true> <Delay = 4.37> <Core = "DivnS_SEQ">   --->   Core 24 'DivnS_SEQ' <Latency = 43> <II = 40> <Delay = 4.37> <FuncUnit> <Opcode : 'sdiv' 'srem' 'udiv' 'urem'> <InPorts = 2> <OutPorts = 1>

State 49 <SV = 46> <Delay = 4.37>
ST_49 : Operation 125 [1/44] (4.37ns)   --->   "%udiv_ln1148 = udiv i40 545460846592, %max_val_V_0_0" [./layer.h:131]   --->   Operation 125 'udiv' 'udiv_ln1148' <Predicate = true> <Delay = 4.37> <Core = "DivnS_SEQ">   --->   Core 24 'DivnS_SEQ' <Latency = 43> <II = 40> <Delay = 4.37> <FuncUnit> <Opcode : 'sdiv' 'srem' 'udiv' 'urem'> <InPorts = 2> <OutPorts = 1>
ST_49 : Operation 126 [1/1] (0.00ns)   --->   "%zext_ln135 = zext i40 %udiv_ln1148 to i56" [./layer.h:135]   --->   Operation 126 'zext' 'zext_ln135' <Predicate = true> <Delay = 0.00>
ST_49 : Operation 127 [1/1] (1.76ns)   --->   "br label %0" [./layer.h:135]   --->   Operation 127 'br' <Predicate = true> <Delay = 1.76>

State 50 <SV = 47> <Delay = 1.76>
ST_50 : Operation 128 [1/1] (0.00ns)   --->   "%jo_0_0 = phi i3 [ 0, %_ZN8ap_fixedILi40ELi24EL9ap_q_mode5EL9ap_o_mode3ELi0EEC1ILi32ELb1EEERK11ap_int_baseIXT_EXT0_EE.exit.0 ], [ %add_ln135, %QUANTIZE_ACTIVATION_LOOP_3_end ]" [./layer.h:135]   --->   Operation 128 'phi' 'jo_0_0' <Predicate = true> <Delay = 0.00>
ST_50 : Operation 129 [1/1] (1.13ns)   --->   "%icmp_ln135 = icmp eq i3 %jo_0_0, -2" [./layer.h:135]   --->   Operation 129 'icmp' 'icmp_ln135' <Predicate = true> <Delay = 1.13> <Core = "Cmp">   --->   Core 25 'Cmp' <Latency = 0> <II = 1> <Delay = 2.43> <FuncUnit> <Opcode : 'icmp'> <InPorts = 2> <OutPorts = 1>
ST_50 : Operation 130 [1/1] (0.00ns)   --->   "%empty_88 = call i32 (...)* @_ssdm_op_SpecLoopTripCount(i64 6, i64 6, i64 6)"   --->   Operation 130 'speclooptripcount' 'empty_88' <Predicate = true> <Delay = 0.00>
ST_50 : Operation 131 [1/1] (1.65ns)   --->   "%add_ln135 = add i3 %jo_0_0, 1" [./layer.h:135]   --->   Operation 131 'add' 'add_ln135' <Predicate = true> <Delay = 1.65> <Core = "AddSub">   --->   Core 14 'AddSub' <Latency = 0> <II = 1> <Delay = 2.31> <FuncUnit> <Opcode : 'add' 'sub'> <InPorts = 2> <OutPorts = 1>
ST_50 : Operation 132 [1/1] (0.00ns)   --->   "br i1 %icmp_ln135, label %QUANTIZE_ACTIVATION_LOOP_1_end, label %QUANTIZE_ACTIVATION_LOOP_3_begin" [./layer.h:135]   --->   Operation 132 'br' <Predicate = true> <Delay = 0.00>
ST_50 : Operation 133 [1/1] (0.00ns)   --->   "call void (...)* @_ssdm_op_SpecLoopName([27 x i8]* @p_str1844) nounwind" [./layer.h:135]   --->   Operation 133 'specloopname' <Predicate = (!icmp_ln135)> <Delay = 0.00>
ST_50 : Operation 134 [1/1] (0.00ns)   --->   "%tmp_s = call i32 (...)* @_ssdm_op_SpecRegionBegin([27 x i8]* @p_str1844)" [./layer.h:135]   --->   Operation 134 'specregionbegin' 'tmp_s' <Predicate = (!icmp_ln135)> <Delay = 0.00>
ST_50 : Operation 135 [1/1] (0.00ns)   --->   "%shl_ln = call i7 @_ssdm_op_BitConcatenate.i7.i3.i4(i3 %jo_0_0, i4 0)" [./layer.h:137]   --->   Operation 135 'bitconcatenate' 'shl_ln' <Predicate = (!icmp_ln135)> <Delay = 0.00>
ST_50 : Operation 136 [1/1] (1.76ns)   --->   "br label %2" [./layer.h:136]   --->   Operation 136 'br' <Predicate = (!icmp_ln135)> <Delay = 1.76>
ST_50 : Operation 137 [1/1] (0.00ns)   --->   "%empty = call i32 (...)* @_ssdm_op_SpecRegionEnd([27 x i8]* @p_str1842, i32 %tmp)" [./layer.h:145]   --->   Operation 137 'specregionend' 'empty' <Predicate = (icmp_ln135)> <Delay = 0.00>
ST_50 : Operation 138 [1/1] (0.00ns)   --->   "ret i40 %udiv_ln1148" [./layer.h:146]   --->   Operation 138 'ret' <Predicate = (icmp_ln135)> <Delay = 0.00>

State 51 <SV = 48> <Delay = 1.87>
ST_51 : Operation 139 [1/1] (0.00ns)   --->   "%ji_0_0 = phi i5 [ 0, %QUANTIZE_ACTIVATION_LOOP_3_begin ], [ %add_ln136, %QUANTIZE_ACTIVATION_LOOP_4_end ]" [./layer.h:136]   --->   Operation 139 'phi' 'ji_0_0' <Predicate = true> <Delay = 0.00>
ST_51 : Operation 140 [1/1] (0.00ns)   --->   "%zext_ln136 = zext i5 %ji_0_0 to i7" [./layer.h:136]   --->   Operation 140 'zext' 'zext_ln136' <Predicate = true> <Delay = 0.00>
ST_51 : Operation 141 [1/1] (1.36ns)   --->   "%icmp_ln136 = icmp eq i5 %ji_0_0, -16" [./layer.h:136]   --->   Operation 141 'icmp' 'icmp_ln136' <Predicate = true> <Delay = 1.36> <Core = "Cmp">   --->   Core 25 'Cmp' <Latency = 0> <II = 1> <Delay = 2.43> <FuncUnit> <Opcode : 'icmp'> <InPorts = 2> <OutPorts = 1>
ST_51 : Operation 142 [1/1] (0.00ns)   --->   "%empty_91 = call i32 (...)* @_ssdm_op_SpecLoopTripCount(i64 16, i64 16, i64 16)"   --->   Operation 142 'speclooptripcount' 'empty_91' <Predicate = true> <Delay = 0.00>
ST_51 : Operation 143 [1/1] (1.78ns)   --->   "%add_ln136 = add i5 %ji_0_0, 1" [./layer.h:136]   --->   Operation 143 'add' 'add_ln136' <Predicate = true> <Delay = 1.78> <Core = "AddSub">   --->   Core 14 'AddSub' <Latency = 0> <II = 1> <Delay = 2.31> <FuncUnit> <Opcode : 'add' 'sub'> <InPorts = 2> <OutPorts = 1>
ST_51 : Operation 144 [1/1] (0.00ns)   --->   "br i1 %icmp_ln136, label %QUANTIZE_ACTIVATION_LOOP_3_end, label %QUANTIZE_ACTIVATION_LOOP_4_begin" [./layer.h:136]   --->   Operation 144 'br' <Predicate = true> <Delay = 0.00>
ST_51 : Operation 145 [1/1] (0.00ns)   --->   "call void (...)* @_ssdm_op_SpecLoopName([27 x i8]* @p_str1845) nounwind" [./layer.h:136]   --->   Operation 145 'specloopname' <Predicate = (!icmp_ln136)> <Delay = 0.00>
ST_51 : Operation 146 [1/1] (0.00ns)   --->   "%tmp_19 = call i32 (...)* @_ssdm_op_SpecRegionBegin([27 x i8]* @p_str1845)" [./layer.h:136]   --->   Operation 146 'specregionbegin' 'tmp_19' <Predicate = (!icmp_ln136)> <Delay = 0.00>
ST_51 : Operation 147 [1/1] (1.87ns)   --->   "%add_ln137 = add i7 %zext_ln136, %shl_ln" [./layer.h:137]   --->   Operation 147 'add' 'add_ln137' <Predicate = (!icmp_ln136)> <Delay = 1.87> <Core = "AddSub">   --->   Core 14 'AddSub' <Latency = 0> <II = 1> <Delay = 2.31> <FuncUnit> <Opcode : 'add' 'sub'> <InPorts = 2> <OutPorts = 1>
ST_51 : Operation 148 [1/1] (0.00ns)   --->   "%shl_ln1 = call i9 @_ssdm_op_BitConcatenate.i9.i7.i2(i7 %add_ln137, i2 0)" [./layer.h:139]   --->   Operation 148 'bitconcatenate' 'shl_ln1' <Predicate = (!icmp_ln136)> <Delay = 0.00>
ST_51 : Operation 149 [1/1] (0.00ns)   --->   "%zext_ln141 = zext i7 %add_ln137 to i64" [./layer.h:141]   --->   Operation 149 'zext' 'zext_ln141' <Predicate = (!icmp_ln136)> <Delay = 0.00>
ST_51 : Operation 150 [1/1] (0.00ns)   --->   "%output_states_0_0_s = getelementptr [96 x i8]* %output_states_0_0_V, i64 0, i64 %zext_ln141" [./layer.h:141]   --->   Operation 150 'getelementptr' 'output_states_0_0_s' <Predicate = (!icmp_ln136)> <Delay = 0.00>
ST_51 : Operation 151 [1/1] (0.00ns)   --->   "%output_states_1_0_s = getelementptr [96 x i8]* %output_states_1_0_V, i64 0, i64 %zext_ln141" [./layer.h:141]   --->   Operation 151 'getelementptr' 'output_states_1_0_s' <Predicate = (!icmp_ln136)> <Delay = 0.00>
ST_51 : Operation 152 [1/1] (0.00ns)   --->   "%output_states_2_0_s = getelementptr [96 x i8]* %output_states_2_0_V, i64 0, i64 %zext_ln141" [./layer.h:141]   --->   Operation 152 'getelementptr' 'output_states_2_0_s' <Predicate = (!icmp_ln136)> <Delay = 0.00>
ST_51 : Operation 153 [1/1] (0.00ns)   --->   "%output_states_3_0_s = getelementptr [96 x i8]* %output_states_3_0_V, i64 0, i64 %zext_ln141" [./layer.h:141]   --->   Operation 153 'getelementptr' 'output_states_3_0_s' <Predicate = (!icmp_ln136)> <Delay = 0.00>
ST_51 : Operation 154 [1/1] (1.76ns)   --->   "br label %3" [./layer.h:138]   --->   Operation 154 'br' <Predicate = (!icmp_ln136)> <Delay = 1.76>
ST_51 : Operation 155 [1/1] (0.00ns)   --->   "%empty_90 = call i32 (...)* @_ssdm_op_SpecRegionEnd([27 x i8]* @p_str1844, i32 %tmp_s)" [./layer.h:144]   --->   Operation 155 'specregionend' 'empty_90' <Predicate = (icmp_ln136)> <Delay = 0.00>
ST_51 : Operation 156 [1/1] (0.00ns)   --->   "br label %0" [./layer.h:135]   --->   Operation 156 'br' <Predicate = (icmp_ln136)> <Delay = 0.00>

State 52 <SV = 49> <Delay = 5.07>
ST_52 : Operation 157 [1/1] (0.00ns)   --->   "%k_0_0 = phi i3 [ 0, %QUANTIZE_ACTIVATION_LOOP_4_begin ], [ %add_ln138, %_ZN6ap_intILi32EEC1ILi40ELi24EL9ap_q_mode5EL9ap_o_mode3ELi0EEERK8ap_fixedIXT_EXT0_EXT1_EXT2_EXT3_EE.exit._crit_edge.07 ]" [./layer.h:138]   --->   Operation 157 'phi' 'k_0_0' <Predicate = true> <Delay = 0.00>
ST_52 : Operation 158 [1/1] (0.00ns)   --->   "%zext_ln138 = zext i3 %k_0_0 to i9" [./layer.h:138]   --->   Operation 158 'zext' 'zext_ln138' <Predicate = true> <Delay = 0.00>
ST_52 : Operation 159 [1/1] (1.13ns)   --->   "%icmp_ln138 = icmp eq i3 %k_0_0, -4" [./layer.h:138]   --->   Operation 159 'icmp' 'icmp_ln138' <Predicate = true> <Delay = 1.13> <Core = "Cmp">   --->   Core 25 'Cmp' <Latency = 0> <II = 1> <Delay = 2.43> <FuncUnit> <Opcode : 'icmp'> <InPorts = 2> <OutPorts = 1>
ST_52 : Operation 160 [1/1] (0.00ns)   --->   "%empty_93 = call i32 (...)* @_ssdm_op_SpecLoopTripCount(i64 4, i64 4, i64 4)"   --->   Operation 160 'speclooptripcount' 'empty_93' <Predicate = true> <Delay = 0.00>
ST_52 : Operation 161 [1/1] (1.65ns)   --->   "%add_ln138 = add i3 %k_0_0, 1" [./layer.h:138]   --->   Operation 161 'add' 'add_ln138' <Predicate = true> <Delay = 1.65> <Core = "AddSub">   --->   Core 14 'AddSub' <Latency = 0> <II = 1> <Delay = 2.31> <FuncUnit> <Opcode : 'add' 'sub'> <InPorts = 2> <OutPorts = 1>
ST_52 : Operation 162 [1/1] (0.00ns)   --->   "br i1 %icmp_ln138, label %QUANTIZE_ACTIVATION_LOOP_4_end, label %_ZN8ap_fixedILi40ELi24EL9ap_q_mode5EL9ap_o_mode3ELi0EEC1ILi80ELi48ELb1ELS0_5ELS1_3ELi0EEERK13ap_fixed_baseIXT_EXT0_EXT1_EXT2_EXT3_EXT4_EE.exit.0_ifconv" [./layer.h:138]   --->   Operation 162 'br' <Predicate = true> <Delay = 0.00>
ST_52 : Operation 163 [1/1] (1.82ns)   --->   "%add_ln139 = add i9 %shl_ln1, %zext_ln138" [./layer.h:139]   --->   Operation 163 'add' 'add_ln139' <Predicate = (!icmp_ln138)> <Delay = 1.82> <Core = "AddSub">   --->   Core 14 'AddSub' <Latency = 0> <II = 1> <Delay = 2.31> <FuncUnit> <Opcode : 'add' 'sub'> <InPorts = 2> <OutPorts = 1>
ST_52 : Operation 164 [1/1] (0.00ns)   --->   "%zext_ln139 = zext i9 %add_ln139 to i64" [./layer.h:139]   --->   Operation 164 'zext' 'zext_ln139' <Predicate = (!icmp_ln138)> <Delay = 0.00>
ST_52 : Operation 165 [1/1] (0.00ns)   --->   "%input_0_V_addr_6 = getelementptr [384 x i40]* %input_0_V, i64 0, i64 %zext_ln139" [./layer.h:139]   --->   Operation 165 'getelementptr' 'input_0_V_addr_6' <Predicate = (!icmp_ln138)> <Delay = 0.00>
ST_52 : Operation 166 [2/2] (3.25ns)   --->   "%input_0_V_load = load i40* %input_0_V_addr_6, align 8" [./layer.h:139]   --->   Operation 166 'load' 'input_0_V_load' <Predicate = (!icmp_ln138)> <Delay = 3.25> <Core = "RAM">   --->   Core 37 'RAM' <Latency = 1> <II = 1> <Delay = 2.30> <Storage> <Opcode : 'load' 'store'> <Ports = 2> <Width = 8> <Depth = 96> <RAM>
ST_52 : Operation 167 [1/1] (0.00ns)   --->   "%trunc_ln180 = trunc i3 %k_0_0 to i2" [./layer.h:141]   --->   Operation 167 'trunc' 'trunc_ln180' <Predicate = (!icmp_ln138)> <Delay = 0.00>
ST_52 : Operation 168 [1/1] (0.00ns)   --->   "%empty_92 = call i32 (...)* @_ssdm_op_SpecRegionEnd([27 x i8]* @p_str1845, i32 %tmp_19)" [./layer.h:143]   --->   Operation 168 'specregionend' 'empty_92' <Predicate = (icmp_ln138)> <Delay = 0.00>
ST_52 : Operation 169 [1/1] (0.00ns)   --->   "br label %2" [./layer.h:136]   --->   Operation 169 'br' <Predicate = (icmp_ln138)> <Delay = 0.00>

State 53 <SV = 50> <Delay = 3.25>
ST_53 : Operation 170 [1/2] (3.25ns)   --->   "%input_0_V_load = load i40* %input_0_V_addr_6, align 8" [./layer.h:139]   --->   Operation 170 'load' 'input_0_V_load' <Predicate = true> <Delay = 3.25> <Core = "RAM">   --->   Core 37 'RAM' <Latency = 1> <II = 1> <Delay = 2.30> <Storage> <Opcode : 'load' 'store'> <Ports = 2> <Width = 8> <Depth = 96> <RAM>

State 54 <SV = 51> <Delay = 8.51>
ST_54 : Operation 171 [1/1] (0.00ns)   --->   "%sext_ln1118 = sext i40 %input_0_V_load to i56" [./layer.h:139]   --->   Operation 171 'sext' 'sext_ln1118' <Predicate = true> <Delay = 0.00>
ST_54 : Operation 172 [1/1] (8.51ns)   --->   "%mul_ln1118 = mul i56 %zext_ln135, %sext_ln1118" [./layer.h:139]   --->   Operation 172 'mul' 'mul_ln1118' <Predicate = true> <Delay = 8.51> <Core = "Mul">   --->   Core 16 'Mul' <Latency = 0> <II = 1> <Delay = 8.51> <FuncUnit> <Opcode : 'mul'> <InPorts = 2> <OutPorts = 1>
ST_54 : Operation 173 [1/1] (0.00ns)   --->   "%p_Val2_9 = call i40 @_ssdm_op_PartSelect.i40.i56.i32.i32(i56 %mul_ln1118, i32 16, i32 55)" [./layer.h:139]   --->   Operation 173 'partselect' 'p_Val2_9' <Predicate = true> <Delay = 0.00>

State 55 <SV = 52> <Delay = 8.53>
ST_55 : Operation 174 [1/1] (2.53ns)   --->   "%icmp_ln1494_26 = icmp sgt i40 %p_Val2_9, 0" [./layer.h:108->./layer.h:139]   --->   Operation 174 'icmp' 'icmp_ln1494_26' <Predicate = true> <Delay = 2.53> <Core = "Cmp">   --->   Core 25 'Cmp' <Latency = 0> <II = 1> <Delay = 2.43> <FuncUnit> <Opcode : 'icmp'> <InPorts = 2> <OutPorts = 1>
ST_55 : Operation 175 [1/1] (0.00ns) (grouped into LUT with out node add_ln108)   --->   "%select_ln108 = select i1 %icmp_ln1494_26, i40 32768, i40 -32768" [./layer.h:108->./layer.h:139]   --->   Operation 175 'select' 'select_ln108' <Predicate = true> <Delay = 0.00> <Core = "Sel">   --->   Core 26 'Sel' <Latency = 0> <II = 1> <Delay = 1.24> <FuncUnit> <Opcode : 'select'> <InPorts = 3> <OutPorts = 1>
ST_55 : Operation 176 [1/1] (2.87ns) (out node of the LUT)   --->   "%add_ln108 = add i40 %p_Val2_9, %select_ln108" [./layer.h:108->./layer.h:139]   --->   Operation 176 'add' 'add_ln108' <Predicate = true> <Delay = 2.87> <Core = "AddSub">   --->   Core 14 'AddSub' <Latency = 0> <II = 1> <Delay = 2.31> <FuncUnit> <Opcode : 'add' 'sub'> <InPorts = 2> <OutPorts = 1>
ST_55 : Operation 177 [1/1] (0.00ns)   --->   "%p_Result_s = call i24 @_ssdm_op_PartSelect.i24.i40.i32.i32(i40 %add_ln108, i32 16, i32 39)" [./layer.h:139]   --->   Operation 177 'partselect' 'p_Result_s' <Predicate = true> <Delay = 0.00>
ST_55 : Operation 178 [1/1] (0.00ns) (grouped into LUT with out node select_ln850)   --->   "%tmp_75 = call i1 @_ssdm_op_BitSelect.i1.i40.i32(i40 %add_ln108, i32 39)" [./layer.h:139]   --->   Operation 178 'bitselect' 'tmp_75' <Predicate = true> <Delay = 0.00>
ST_55 : Operation 179 [1/1] (0.00ns)   --->   "%trunc_ln851 = trunc i40 %add_ln108 to i16" [./layer.h:139]   --->   Operation 179 'trunc' 'trunc_ln851' <Predicate = true> <Delay = 0.00>
ST_55 : Operation 180 [1/1] (2.42ns)   --->   "%icmp_ln851 = icmp eq i16 %trunc_ln851, 0" [./layer.h:139]   --->   Operation 180 'icmp' 'icmp_ln851' <Predicate = true> <Delay = 2.42> <Core = "Cmp">   --->   Core 25 'Cmp' <Latency = 0> <II = 1> <Delay = 2.43> <FuncUnit> <Opcode : 'icmp'> <InPorts = 2> <OutPorts = 1>
ST_55 : Operation 181 [1/1] (2.31ns)   --->   "%add_ln700 = add i24 1, %p_Result_s" [./layer.h:139]   --->   Operation 181 'add' 'add_ln700' <Predicate = true> <Delay = 2.31> <Core = "AddSub">   --->   Core 14 'AddSub' <Latency = 0> <II = 1> <Delay = 2.31> <FuncUnit> <Opcode : 'add' 'sub'> <InPorts = 2> <OutPorts = 1>
ST_55 : Operation 182 [1/1] (0.00ns) (grouped into LUT with out node select_ln850)   --->   "%select_ln851 = select i1 %icmp_ln851, i24 %p_Result_s, i24 %add_ln700" [./layer.h:139]   --->   Operation 182 'select' 'select_ln851' <Predicate = true> <Delay = 0.00> <Core = "Sel">   --->   Core 26 'Sel' <Latency = 0> <II = 1> <Delay = 1.24> <FuncUnit> <Opcode : 'select'> <InPorts = 3> <OutPorts = 1>
ST_55 : Operation 183 [1/1] (0.69ns) (out node of the LUT)   --->   "%select_ln850 = select i1 %tmp_75, i24 %select_ln851, i24 %p_Result_s" [./layer.h:139]   --->   Operation 183 'select' 'select_ln850' <Predicate = true> <Delay = 0.69> <Core = "Sel">   --->   Core 26 'Sel' <Latency = 0> <II = 1> <Delay = 1.24> <FuncUnit> <Opcode : 'select'> <InPorts = 3> <OutPorts = 1>
ST_55 : Operation 184 [1/1] (0.00ns)   --->   "%tmp_76 = call i17 @_ssdm_op_PartSelect.i17.i24.i32.i32(i24 %select_ln850, i32 7, i32 23)" [./layer.h:140]   --->   Operation 184 'partselect' 'tmp_76' <Predicate = true> <Delay = 0.00>

State 56 <SV = 53> <Delay = 6.00>
ST_56 : Operation 185 [1/1] (0.00ns)   --->   "call void (...)* @_ssdm_op_SpecLoopName([27 x i8]* @p_str1846) nounwind" [./layer.h:138]   --->   Operation 185 'specloopname' <Predicate = true> <Delay = 0.00>
ST_56 : Operation 186 [1/1] (2.45ns)   --->   "%icmp_ln887 = icmp slt i24 %select_ln850, -128" [./layer.h:140]   --->   Operation 186 'icmp' 'icmp_ln887' <Predicate = true> <Delay = 2.45> <Core = "Cmp">   --->   Core 25 'Cmp' <Latency = 0> <II = 1> <Delay = 2.43> <FuncUnit> <Opcode : 'icmp'> <InPorts = 2> <OutPorts = 1>
ST_56 : Operation 187 [1/1] (2.43ns)   --->   "%icmp_ln895 = icmp sgt i17 %tmp_76, 0" [./layer.h:140]   --->   Operation 187 'icmp' 'icmp_ln895' <Predicate = true> <Delay = 2.43> <Core = "Cmp">   --->   Core 25 'Cmp' <Latency = 0> <II = 1> <Delay = 2.43> <FuncUnit> <Opcode : 'icmp'> <InPorts = 2> <OutPorts = 1>
ST_56 : Operation 188 [1/1] (0.00ns) (grouped into LUT with out node select_ln887_1)   --->   "%trunc_ln140 = trunc i24 %select_ln850 to i8" [./layer.h:140]   --->   Operation 188 'trunc' 'trunc_ln140' <Predicate = true> <Delay = 0.00>
ST_56 : Operation 189 [1/1] (0.00ns) (grouped into LUT with out node select_ln887_1)   --->   "%select_ln887 = select i1 %icmp_ln887, i8 -128, i8 127" [./layer.h:140]   --->   Operation 189 'select' 'select_ln887' <Predicate = true> <Delay = 0.00> <Core = "Sel">   --->   Core 26 'Sel' <Latency = 0> <II = 1> <Delay = 1.24> <FuncUnit> <Opcode : 'select'> <InPorts = 3> <OutPorts = 1>
ST_56 : Operation 190 [1/1] (0.00ns) (grouped into LUT with out node select_ln887_1)   --->   "%or_ln887 = or i1 %icmp_ln887, %icmp_ln895" [./layer.h:140]   --->   Operation 190 'or' 'or_ln887' <Predicate = true> <Delay = 0.00> <Core = "LogicGate">   --->   Core 27 'LogicGate' <Latency = 0> <II = 1> <Delay = 0.97> <FuncUnit> <Opcode : 'and' 'or' 'xor'> <InPorts = 2> <OutPorts = 1>
ST_56 : Operation 191 [1/1] (1.24ns) (out node of the LUT)   --->   "%select_ln887_1 = select i1 %or_ln887, i8 %select_ln887, i8 %trunc_ln140" [./layer.h:140]   --->   Operation 191 'select' 'select_ln887_1' <Predicate = true> <Delay = 1.24> <Core = "Sel">   --->   Core 26 'Sel' <Latency = 0> <II = 1> <Delay = 1.24> <FuncUnit> <Opcode : 'select'> <InPorts = 3> <OutPorts = 1>
ST_56 : Operation 192 [1/1] (1.30ns)   --->   "switch i2 %trunc_ln180, label %branch3 [
    i2 0, label %branch0
    i2 1, label %branch1
    i2 -2, label %branch2
  ]" [./layer.h:141]   --->   Operation 192 'switch' <Predicate = true> <Delay = 1.30>
ST_56 : Operation 193 [1/1] (2.30ns)   --->   "store i8 %select_ln887_1, i8* %output_states_2_0_s, align 1" [./layer.h:141]   --->   Operation 193 'store' <Predicate = (trunc_ln180 == 2)> <Delay = 2.30> <Core = "RAM">   --->   Core 37 'RAM' <Latency = 1> <II = 1> <Delay = 2.30> <Storage> <Opcode : 'load' 'store'> <Ports = 2> <Width = 8> <Depth = 96> <RAM>
ST_56 : Operation 194 [1/1] (0.00ns)   --->   "br label %_ZN6ap_intILi32EEC1ILi40ELi24EL9ap_q_mode5EL9ap_o_mode3ELi0EEERK8ap_fixedIXT_EXT0_EXT1_EXT2_EXT3_EE.exit._crit_edge.07" [./layer.h:141]   --->   Operation 194 'br' <Predicate = (trunc_ln180 == 2)> <Delay = 0.00>
ST_56 : Operation 195 [1/1] (2.30ns)   --->   "store i8 %select_ln887_1, i8* %output_states_1_0_s, align 1" [./layer.h:141]   --->   Operation 195 'store' <Predicate = (trunc_ln180 == 1)> <Delay = 2.30> <Core = "RAM">   --->   Core 37 'RAM' <Latency = 1> <II = 1> <Delay = 2.30> <Storage> <Opcode : 'load' 'store'> <Ports = 2> <Width = 8> <Depth = 96> <RAM>
ST_56 : Operation 196 [1/1] (0.00ns)   --->   "br label %_ZN6ap_intILi32EEC1ILi40ELi24EL9ap_q_mode5EL9ap_o_mode3ELi0EEERK8ap_fixedIXT_EXT0_EXT1_EXT2_EXT3_EE.exit._crit_edge.07" [./layer.h:141]   --->   Operation 196 'br' <Predicate = (trunc_ln180 == 1)> <Delay = 0.00>
ST_56 : Operation 197 [1/1] (2.30ns)   --->   "store i8 %select_ln887_1, i8* %output_states_0_0_s, align 1" [./layer.h:141]   --->   Operation 197 'store' <Predicate = (trunc_ln180 == 0)> <Delay = 2.30> <Core = "RAM">   --->   Core 37 'RAM' <Latency = 1> <II = 1> <Delay = 2.30> <Storage> <Opcode : 'load' 'store'> <Ports = 2> <Width = 8> <Depth = 96> <RAM>
ST_56 : Operation 198 [1/1] (0.00ns)   --->   "br label %_ZN6ap_intILi32EEC1ILi40ELi24EL9ap_q_mode5EL9ap_o_mode3ELi0EEERK8ap_fixedIXT_EXT0_EXT1_EXT2_EXT3_EE.exit._crit_edge.07" [./layer.h:141]   --->   Operation 198 'br' <Predicate = (trunc_ln180 == 0)> <Delay = 0.00>
ST_56 : Operation 199 [1/1] (2.30ns)   --->   "store i8 %select_ln887_1, i8* %output_states_3_0_s, align 1" [./layer.h:141]   --->   Operation 199 'store' <Predicate = (trunc_ln180 == 3)> <Delay = 2.30> <Core = "RAM">   --->   Core 37 'RAM' <Latency = 1> <II = 1> <Delay = 2.30> <Storage> <Opcode : 'load' 'store'> <Ports = 2> <Width = 8> <Depth = 96> <RAM>
ST_56 : Operation 200 [1/1] (0.00ns)   --->   "br label %_ZN6ap_intILi32EEC1ILi40ELi24EL9ap_q_mode5EL9ap_o_mode3ELi0EEERK8ap_fixedIXT_EXT0_EXT1_EXT2_EXT3_EE.exit._crit_edge.07" [./layer.h:141]   --->   Operation 200 'br' <Predicate = (trunc_ln180 == 3)> <Delay = 0.00>
ST_56 : Operation 201 [1/1] (0.00ns)   --->   "br label %3" [./layer.h:138]   --->   Operation 201 'br' <Predicate = true> <Delay = 0.00>


============================================================
+ Verbose Summary: Timing violations
============================================================
Target clock period: 10ns, clock uncertainty: 1.25ns.

 <State 1>: 3.25ns
The critical path consists of the following:
	'getelementptr' operation ('input_0_V_addr', ./layer.h:127) [7]  (0 ns)
	'load' operation ('__Val2__', ./layer.h:127) on array 'input_0_V' [8]  (3.25 ns)

 <State 2>: 7.69ns
The critical path consists of the following:
	'load' operation ('__Val2__', ./layer.h:127) on array 'input_0_V' [8]  (3.25 ns)
	'sub' operation ('sub_ln703', ./layer.h:59->./layer.h:127) [10]  (2.88 ns)
	'select' operation ('__Val2__', ./layer.h:59->./layer.h:127) [11]  (1.56 ns)

 <State 3>: 1.77ns
The critical path consists of the following:
	multiplexor before 'phi' operation ('__Val2__') with incoming values : ('__Val2__', ./layer.h:59->./layer.h:127) ('__Val2__', ./layer.h:129) [14]  (1.77 ns)

 <State 4>: 4.37ns
The critical path consists of the following:
	'phi' operation ('__Val2__') with incoming values : ('__Val2__', ./layer.h:59->./layer.h:127) ('__Val2__', ./layer.h:129) [14]  (0 ns)
	'udiv' operation ('output_scales[0].V', ./layer.h:131) [32]  (4.37 ns)

 <State 5>: 7.69ns
The critical path consists of the following:
	'load' operation ('__Val2__', ./layer.h:129) on array 'input_0_V' [23]  (3.25 ns)
	'sub' operation ('sub_ln703_34', ./layer.h:59->./layer.h:129) [25]  (2.88 ns)
	'select' operation ('__Val2__', ./layer.h:59->./layer.h:129) [26]  (1.56 ns)

 <State 6>: 4.09ns
The critical path consists of the following:
	'icmp' operation ('icmp_ln1494', ./layer.h:129) [27]  (2.53 ns)
	'select' operation ('__Val2__', ./layer.h:129) [28]  (1.56 ns)

 <State 7>: 4.37ns
The critical path consists of the following:
	'udiv' operation ('output_scales[0].V', ./layer.h:131) [32]  (4.37 ns)

 <State 8>: 4.37ns
The critical path consists of the following:
	'udiv' operation ('output_scales[0].V', ./layer.h:131) [32]  (4.37 ns)

 <State 9>: 4.37ns
The critical path consists of the following:
	'udiv' operation ('output_scales[0].V', ./layer.h:131) [32]  (4.37 ns)

 <State 10>: 4.37ns
The critical path consists of the following:
	'udiv' operation ('output_scales[0].V', ./layer.h:131) [32]  (4.37 ns)

 <State 11>: 4.37ns
The critical path consists of the following:
	'udiv' operation ('output_scales[0].V', ./layer.h:131) [32]  (4.37 ns)

 <State 12>: 4.37ns
The critical path consists of the following:
	'udiv' operation ('output_scales[0].V', ./layer.h:131) [32]  (4.37 ns)

 <State 13>: 4.37ns
The critical path consists of the following:
	'udiv' operation ('output_scales[0].V', ./layer.h:131) [32]  (4.37 ns)

 <State 14>: 4.37ns
The critical path consists of the following:
	'udiv' operation ('output_scales[0].V', ./layer.h:131) [32]  (4.37 ns)

 <State 15>: 4.37ns
The critical path consists of the following:
	'udiv' operation ('output_scales[0].V', ./layer.h:131) [32]  (4.37 ns)

 <State 16>: 4.37ns
The critical path consists of the following:
	'udiv' operation ('output_scales[0].V', ./layer.h:131) [32]  (4.37 ns)

 <State 17>: 4.37ns
The critical path consists of the following:
	'udiv' operation ('output_scales[0].V', ./layer.h:131) [32]  (4.37 ns)

 <State 18>: 4.37ns
The critical path consists of the following:
	'udiv' operation ('output_scales[0].V', ./layer.h:131) [32]  (4.37 ns)

 <State 19>: 4.37ns
The critical path consists of the following:
	'udiv' operation ('output_scales[0].V', ./layer.h:131) [32]  (4.37 ns)

 <State 20>: 4.37ns
The critical path consists of the following:
	'udiv' operation ('output_scales[0].V', ./layer.h:131) [32]  (4.37 ns)

 <State 21>: 4.37ns
The critical path consists of the following:
	'udiv' operation ('output_scales[0].V', ./layer.h:131) [32]  (4.37 ns)

 <State 22>: 4.37ns
The critical path consists of the following:
	'udiv' operation ('output_scales[0].V', ./layer.h:131) [32]  (4.37 ns)

 <State 23>: 4.37ns
The critical path consists of the following:
	'udiv' operation ('output_scales[0].V', ./layer.h:131) [32]  (4.37 ns)

 <State 24>: 4.37ns
The critical path consists of the following:
	'udiv' operation ('output_scales[0].V', ./layer.h:131) [32]  (4.37 ns)

 <State 25>: 4.37ns
The critical path consists of the following:
	'udiv' operation ('output_scales[0].V', ./layer.h:131) [32]  (4.37 ns)

 <State 26>: 4.37ns
The critical path consists of the following:
	'udiv' operation ('output_scales[0].V', ./layer.h:131) [32]  (4.37 ns)

 <State 27>: 4.37ns
The critical path consists of the following:
	'udiv' operation ('output_scales[0].V', ./layer.h:131) [32]  (4.37 ns)

 <State 28>: 4.37ns
The critical path consists of the following:
	'udiv' operation ('output_scales[0].V', ./layer.h:131) [32]  (4.37 ns)

 <State 29>: 4.37ns
The critical path consists of the following:
	'udiv' operation ('output_scales[0].V', ./layer.h:131) [32]  (4.37 ns)

 <State 30>: 4.37ns
The critical path consists of the following:
	'udiv' operation ('output_scales[0].V', ./layer.h:131) [32]  (4.37 ns)

 <State 31>: 4.37ns
The critical path consists of the following:
	'udiv' operation ('output_scales[0].V', ./layer.h:131) [32]  (4.37 ns)

 <State 32>: 4.37ns
The critical path consists of the following:
	'udiv' operation ('output_scales[0].V', ./layer.h:131) [32]  (4.37 ns)

 <State 33>: 4.37ns
The critical path consists of the following:
	'udiv' operation ('output_scales[0].V', ./layer.h:131) [32]  (4.37 ns)

 <State 34>: 4.37ns
The critical path consists of the following:
	'udiv' operation ('output_scales[0].V', ./layer.h:131) [32]  (4.37 ns)

 <State 35>: 4.37ns
The critical path consists of the following:
	'udiv' operation ('output_scales[0].V', ./layer.h:131) [32]  (4.37 ns)

 <State 36>: 4.37ns
The critical path consists of the following:
	'udiv' operation ('output_scales[0].V', ./layer.h:131) [32]  (4.37 ns)

 <State 37>: 4.37ns
The critical path consists of the following:
	'udiv' operation ('output_scales[0].V', ./layer.h:131) [32]  (4.37 ns)

 <State 38>: 4.37ns
The critical path consists of the following:
	'udiv' operation ('output_scales[0].V', ./layer.h:131) [32]  (4.37 ns)

 <State 39>: 4.37ns
The critical path consists of the following:
	'udiv' operation ('output_scales[0].V', ./layer.h:131) [32]  (4.37 ns)

 <State 40>: 4.37ns
The critical path consists of the following:
	'udiv' operation ('output_scales[0].V', ./layer.h:131) [32]  (4.37 ns)

 <State 41>: 4.37ns
The critical path consists of the following:
	'udiv' operation ('output_scales[0].V', ./layer.h:131) [32]  (4.37 ns)

 <State 42>: 4.37ns
The critical path consists of the following:
	'udiv' operation ('output_scales[0].V', ./layer.h:131) [32]  (4.37 ns)

 <State 43>: 4.37ns
The critical path consists of the following:
	'udiv' operation ('output_scales[0].V', ./layer.h:131) [32]  (4.37 ns)

 <State 44>: 4.37ns
The critical path consists of the following:
	'udiv' operation ('output_scales[0].V', ./layer.h:131) [32]  (4.37 ns)

 <State 45>: 4.37ns
The critical path consists of the following:
	'udiv' operation ('output_scales[0].V', ./layer.h:131) [32]  (4.37 ns)

 <State 46>: 4.37ns
The critical path consists of the following:
	'udiv' operation ('output_scales[0].V', ./layer.h:131) [32]  (4.37 ns)

 <State 47>: 4.37ns
The critical path consists of the following:
	'udiv' operation ('output_scales[0].V', ./layer.h:131) [32]  (4.37 ns)

 <State 48>: 4.37ns
The critical path consists of the following:
	'udiv' operation ('output_scales[0].V', ./layer.h:131) [32]  (4.37 ns)

 <State 49>: 4.37ns
The critical path consists of the following:
	'udiv' operation ('output_scales[0].V', ./layer.h:131) [32]  (4.37 ns)

 <State 50>: 1.77ns
The critical path consists of the following:
	multiplexor before 'phi' operation ('ji_0_0', ./layer.h:136) with incoming values : ('add_ln136', ./layer.h:136) [47]  (1.77 ns)

 <State 51>: 1.87ns
The critical path consists of the following:
	'phi' operation ('ji_0_0', ./layer.h:136) with incoming values : ('add_ln136', ./layer.h:136) [47]  (0 ns)
	'add' operation ('add_ln137', ./layer.h:137) [56]  (1.87 ns)

 <State 52>: 5.08ns
The critical path consists of the following:
	'phi' operation ('k_0_0', ./layer.h:138) with incoming values : ('add_ln138', ./layer.h:138) [65]  (0 ns)
	'add' operation ('add_ln139', ./layer.h:139) [73]  (1.82 ns)
	'getelementptr' operation ('input_0_V_addr_6', ./layer.h:139) [75]  (0 ns)
	'load' operation ('input_0_V_load', ./layer.h:139) on array 'input_0_V' [76]  (3.25 ns)

 <State 53>: 3.25ns
The critical path consists of the following:
	'load' operation ('input_0_V_load', ./layer.h:139) on array 'input_0_V' [76]  (3.25 ns)

 <State 54>: 8.51ns
The critical path consists of the following:
	'mul' operation ('mul_ln1118', ./layer.h:139) [78]  (8.51 ns)

 <State 55>: 8.53ns
The critical path consists of the following:
	'icmp' operation ('icmp_ln1494_26', ./layer.h:108->./layer.h:139) [80]  (2.53 ns)
	'select' operation ('select_ln108', ./layer.h:108->./layer.h:139) [81]  (0 ns)
	'add' operation ('add_ln108', ./layer.h:108->./layer.h:139) [82]  (2.88 ns)
	'icmp' operation ('icmp_ln851', ./layer.h:139) [86]  (2.43 ns)
	'select' operation ('select_ln851', ./layer.h:139) [88]  (0 ns)
	'select' operation ('select_ln850', ./layer.h:139) [89]  (0.694 ns)

 <State 56>: 6ns
The critical path consists of the following:
	'icmp' operation ('icmp_ln887', ./layer.h:140) [90]  (2.45 ns)
	'select' operation ('select_ln887', ./layer.h:140) [94]  (0 ns)
	'select' operation ('select_ln887_1', ./layer.h:140) [96]  (1.25 ns)
	'store' operation ('store_ln141', ./layer.h:141) of variable 'select_ln887_1', ./layer.h:140 on array 'output_states_2_0_V' [100]  (2.3 ns)


============================================================
+ Verbose Summary: Binding
============================================================
N/A
* FSMD analyzer results:
  - Output states:
 - Input state : 
  - Chain level:
	State 1
	State 2
	State 3
	State 4
	State 5
	State 6
	State 7
	State 8
	State 9
	State 10
	State 11
	State 12
	State 13
	State 14
	State 15
	State 16
	State 17
	State 18
	State 19
	State 20
	State 21
	State 22
	State 23
	State 24
	State 25
	State 26
	State 27
	State 28
	State 29
	State 30
	State 31
	State 32
	State 33
	State 34
	State 35
	State 36
	State 37
	State 38
	State 39
	State 40
	State 41
	State 42
	State 43
	State 44
	State 45
	State 46
	State 47
	State 48
	State 49
	State 50
	State 51
	State 52
	State 53
	State 54
	State 55
	State 56


============================================================
+ Verbose Summary: Datapath Resource usage 
============================================================
N/A
