

================================================================
== Vivado HLS Report for 'GEMM_3D_float'
================================================================
* Date:           Sat Dec  7 00:22:14 2024

* Version:        2019.2 (Build 2704478 on Wed Nov 06 22:10:23 MST 2019)
* Project:        attention_full.prj
* Solution:       solution1
* Product family: zynq
* Target device:  xc7z020-clg484-1


================================================================
== Performance Estimates
================================================================
+ Timing: 
    * Summary: 
    +--------+----------+----------+------------+
    |  Clock |  Target  | Estimated| Uncertainty|
    +--------+----------+----------+------------+
    |ap_clk  | 10.00 ns | 8.690 ns |   1.25 ns  |
    +--------+----------+----------+------------+

+ Latency: 
    * Summary: 
    +---------+---------+-----------+-----------+------+------+---------+
    |  Latency (cycles) |   Latency (absolute)  |   Interval  | Pipeline|
    |   min   |   max   |    min    |    max    |  min |  max |   Type  |
    +---------+---------+-----------+-----------+------+------+---------+
    |     5793|     5793| 57.930 us | 57.930 us |  5793|  5793|   none  |
    +---------+---------+-----------+-----------+------+------+---------+

    + Detail: 
        * Instance: 
        N/A

        * Loop: 
        +---------------------------+---------+---------+----------+-----------+-----------+------+----------+
        |                           |  Latency (cycles) | Iteration|  Initiation Interval  | Trip |          |
        |         Loop Name         |   min   |   max   |  Latency |  achieved |   target  | Count| Pipelined|
        +---------------------------+---------+---------+----------+-----------+-----------+------+----------+
        |- GEMM_3D_FLOAT_LOOP_1     |     5792|     5792|       362|          -|          -|    16|    no    |
        | + GEMM_3D_FLOAT_LOOP_3    |      360|      360|        60|          -|          -|     6|    no    |
        |  ++ GEMM_3D_FLOAT_LOOP_4  |       58|       58|        39|          -|          -|     1|    no    |
        +---------------------------+---------+---------+----------+-----------+-----------+------+----------+



================================================================
== Utilization Estimates
================================================================
* Summary: 
+-----------------+---------+-------+--------+-------+-----+
|       Name      | BRAM_18K| DSP48E|   FF   |  LUT  | URAM|
+-----------------+---------+-------+--------+-------+-----+
|DSP              |        -|      -|       -|      -|    -|
|Expression       |        -|    320|       0|   6105|    -|
|FIFO             |        -|      -|       -|      -|    -|
|Instance         |        -|      -|       -|      -|    -|
|Memory           |        -|      -|       -|      -|    -|
|Multiplexer      |        -|      -|       -|    252|    -|
|Register         |        -|      -|   10341|      -|    -|
+-----------------+---------+-------+--------+-------+-----+
|Total            |        0|    320|   10341|   6357|    0|
+-----------------+---------+-------+--------+-------+-----+
|Available        |      280|    220|  106400|  53200|    0|
+-----------------+---------+-------+--------+-------+-----+
|Utilization (%)  |        0|    145|       9|     11|    0|
+-----------------+---------+-------+--------+-------+-----+

+ Detail: 
    * Instance: 
    N/A

    * DSP48E: 
    N/A

    * Memory: 
    N/A

    * FIFO: 
    N/A

    * Expression: 
    +--------------------------+----------+-------+---+----+------------+------------+
    |       Variable Name      | Operation| DSP48E| FF| LUT| Bitwidth P0| Bitwidth P1|
    +--------------------------+----------+-------+---+----+------------+------------+
    |mul_ln1192_10_fu_2523_p2  |     *    |      5|  0|  27|          38|          38|
    |mul_ln1192_11_fu_2545_p2  |     *    |      5|  0|  27|          38|          38|
    |mul_ln1192_12_fu_2592_p2  |     *    |      5|  0|  27|          38|          38|
    |mul_ln1192_13_fu_2614_p2  |     *    |      5|  0|  27|          38|          38|
    |mul_ln1192_14_fu_2661_p2  |     *    |      5|  0|  27|          38|          38|
    |mul_ln1192_15_fu_2683_p2  |     *    |      5|  0|  27|          38|          38|
    |mul_ln1192_16_fu_2730_p2  |     *    |      5|  0|  27|          38|          38|
    |mul_ln1192_17_fu_2752_p2  |     *    |      5|  0|  27|          38|          38|
    |mul_ln1192_18_fu_2799_p2  |     *    |      5|  0|  27|          38|          38|
    |mul_ln1192_19_fu_2821_p2  |     *    |      5|  0|  27|          38|          38|
    |mul_ln1192_1_fu_2200_p2   |     *    |      5|  0|  27|          38|          38|
    |mul_ln1192_20_fu_2868_p2  |     *    |      5|  0|  27|          38|          38|
    |mul_ln1192_21_fu_2890_p2  |     *    |      5|  0|  27|          38|          38|
    |mul_ln1192_22_fu_2937_p2  |     *    |      5|  0|  27|          38|          38|
    |mul_ln1192_23_fu_2959_p2  |     *    |      5|  0|  27|          38|          38|
    |mul_ln1192_24_fu_3006_p2  |     *    |      5|  0|  27|          38|          38|
    |mul_ln1192_25_fu_3028_p2  |     *    |      5|  0|  27|          38|          38|
    |mul_ln1192_26_fu_3075_p2  |     *    |      5|  0|  27|          38|          38|
    |mul_ln1192_27_fu_3097_p2  |     *    |      5|  0|  27|          38|          38|
    |mul_ln1192_28_fu_3144_p2  |     *    |      5|  0|  27|          38|          38|
    |mul_ln1192_29_fu_3166_p2  |     *    |      5|  0|  27|          38|          38|
    |mul_ln1192_2_fu_2247_p2   |     *    |      5|  0|  27|          38|          38|
    |mul_ln1192_30_fu_3178_p2  |     *    |      5|  0|  27|          38|          38|
    |mul_ln1192_31_fu_3190_p2  |     *    |      5|  0|  27|          38|          38|
    |mul_ln1192_32_fu_3310_p2  |     *    |      5|  0|  27|          38|          38|
    |mul_ln1192_33_fu_3322_p2  |     *    |      5|  0|  27|          38|          38|
    |mul_ln1192_34_fu_3369_p2  |     *    |      5|  0|  27|          38|          38|
    |mul_ln1192_35_fu_3391_p2  |     *    |      5|  0|  27|          38|          38|
    |mul_ln1192_36_fu_3438_p2  |     *    |      5|  0|  27|          38|          38|
    |mul_ln1192_37_fu_3460_p2  |     *    |      5|  0|  27|          38|          38|
    |mul_ln1192_38_fu_3507_p2  |     *    |      5|  0|  27|          38|          38|
    |mul_ln1192_39_fu_3529_p2  |     *    |      5|  0|  27|          38|          38|
    |mul_ln1192_3_fu_2269_p2   |     *    |      5|  0|  27|          38|          38|
    |mul_ln1192_40_fu_3576_p2  |     *    |      5|  0|  27|          38|          38|
    |mul_ln1192_41_fu_3598_p2  |     *    |      5|  0|  27|          38|          38|
    |mul_ln1192_42_fu_3645_p2  |     *    |      5|  0|  27|          38|          38|
    |mul_ln1192_43_fu_3667_p2  |     *    |      5|  0|  27|          38|          38|
    |mul_ln1192_44_fu_3714_p2  |     *    |      5|  0|  27|          38|          38|
    |mul_ln1192_45_fu_3736_p2  |     *    |      5|  0|  27|          38|          38|
    |mul_ln1192_46_fu_3783_p2  |     *    |      5|  0|  27|          38|          38|
    |mul_ln1192_47_fu_3805_p2  |     *    |      5|  0|  27|          38|          38|
    |mul_ln1192_48_fu_3852_p2  |     *    |      5|  0|  27|          38|          38|
    |mul_ln1192_49_fu_3874_p2  |     *    |      5|  0|  27|          38|          38|
    |mul_ln1192_4_fu_2316_p2   |     *    |      5|  0|  27|          38|          38|
    |mul_ln1192_50_fu_3921_p2  |     *    |      5|  0|  27|          38|          38|
    |mul_ln1192_51_fu_3943_p2  |     *    |      5|  0|  27|          38|          38|
    |mul_ln1192_52_fu_3990_p2  |     *    |      5|  0|  27|          38|          38|
    |mul_ln1192_53_fu_4012_p2  |     *    |      5|  0|  27|          38|          38|
    |mul_ln1192_54_fu_4059_p2  |     *    |      5|  0|  27|          38|          38|
    |mul_ln1192_55_fu_4081_p2  |     *    |      5|  0|  27|          38|          38|
    |mul_ln1192_56_fu_4128_p2  |     *    |      5|  0|  27|          38|          38|
    |mul_ln1192_57_fu_4150_p2  |     *    |      5|  0|  27|          38|          38|
    |mul_ln1192_58_fu_4197_p2  |     *    |      5|  0|  27|          38|          38|
    |mul_ln1192_59_fu_4219_p2  |     *    |      5|  0|  27|          38|          38|
    |mul_ln1192_5_fu_2338_p2   |     *    |      5|  0|  27|          38|          38|
    |mul_ln1192_60_fu_4266_p2  |     *    |      5|  0|  27|          38|          38|
    |mul_ln1192_61_fu_4288_p2  |     *    |      5|  0|  27|          38|          38|
    |mul_ln1192_62_fu_4335_p2  |     *    |      5|  0|  27|          38|          38|
    |mul_ln1192_63_fu_4357_p2  |     *    |      5|  0|  27|          38|          38|
    |mul_ln1192_6_fu_2385_p2   |     *    |      5|  0|  27|          38|          38|
    |mul_ln1192_7_fu_2407_p2   |     *    |      5|  0|  27|          38|          38|
    |mul_ln1192_8_fu_2454_p2   |     *    |      5|  0|  27|          38|          38|
    |mul_ln1192_9_fu_2476_p2   |     *    |      5|  0|  27|          38|          38|
    |mul_ln1192_fu_2188_p2     |     *    |      5|  0|  27|          38|          38|
    |add_ln1117_7_fu_2171_p2   |     +    |      0|  0|  57|           9|           9|
    |add_ln1117_fu_2073_p2     |     +    |      0|  0|  15|           8|           8|
    |add_ln1192_10_fu_2512_p2  |     +    |      0|  0|  65|          58|          58|
    |add_ln1192_11_fu_2558_p2  |     +    |      0|  0|  65|          58|          58|
    |add_ln1192_12_fu_2581_p2  |     +    |      0|  0|  65|          58|          58|
    |add_ln1192_13_fu_2627_p2  |     +    |      0|  0|  65|          58|          58|
    |add_ln1192_14_fu_2650_p2  |     +    |      0|  0|  65|          58|          58|
    |add_ln1192_15_fu_2696_p2  |     +    |      0|  0|  65|          58|          58|
    |add_ln1192_16_fu_2719_p2  |     +    |      0|  0|  65|          58|          58|
    |add_ln1192_17_fu_2765_p2  |     +    |      0|  0|  65|          58|          58|
    |add_ln1192_18_fu_2788_p2  |     +    |      0|  0|  65|          58|          58|
    |add_ln1192_19_fu_2834_p2  |     +    |      0|  0|  65|          58|          58|
    |add_ln1192_20_fu_2857_p2  |     +    |      0|  0|  65|          58|          58|
    |add_ln1192_21_fu_2903_p2  |     +    |      0|  0|  65|          58|          58|
    |add_ln1192_22_fu_2926_p2  |     +    |      0|  0|  65|          58|          58|
    |add_ln1192_23_fu_2972_p2  |     +    |      0|  0|  65|          58|          58|
    |add_ln1192_24_fu_2995_p2  |     +    |      0|  0|  65|          58|          58|
    |add_ln1192_25_fu_3041_p2  |     +    |      0|  0|  65|          58|          58|
    |add_ln1192_26_fu_3064_p2  |     +    |      0|  0|  65|          58|          58|
    |add_ln1192_27_fu_3110_p2  |     +    |      0|  0|  65|          58|          58|
    |add_ln1192_28_fu_3133_p2  |     +    |      0|  0|  65|          58|          58|
    |add_ln1192_29_fu_3203_p2  |     +    |      0|  0|  65|          58|          58|
    |add_ln1192_2_fu_2236_p2   |     +    |      0|  0|  65|          58|          58|
    |add_ln1192_30_fu_3226_p2  |     +    |      0|  0|  65|          58|          58|
    |add_ln1192_31_fu_3248_p2  |     +    |      0|  0|  65|          58|          58|
    |add_ln1192_32_fu_3271_p2  |     +    |      0|  0|  65|          58|          58|
    |add_ln1192_33_fu_3335_p2  |     +    |      0|  0|  65|          58|          58|
    |add_ln1192_34_fu_3358_p2  |     +    |      0|  0|  65|          58|          58|
    |add_ln1192_35_fu_3404_p2  |     +    |      0|  0|  65|          58|          58|
    |add_ln1192_36_fu_3427_p2  |     +    |      0|  0|  65|          58|          58|
    |add_ln1192_37_fu_3473_p2  |     +    |      0|  0|  65|          58|          58|
    |add_ln1192_38_fu_3496_p2  |     +    |      0|  0|  65|          58|          58|
    |add_ln1192_39_fu_3542_p2  |     +    |      0|  0|  65|          58|          58|
    |add_ln1192_3_fu_2282_p2   |     +    |      0|  0|  65|          58|          58|
    |add_ln1192_40_fu_3565_p2  |     +    |      0|  0|  65|          58|          58|
    |add_ln1192_41_fu_3611_p2  |     +    |      0|  0|  65|          58|          58|
    |add_ln1192_42_fu_3634_p2  |     +    |      0|  0|  65|          58|          58|
    |add_ln1192_43_fu_3680_p2  |     +    |      0|  0|  65|          58|          58|
    |add_ln1192_44_fu_3703_p2  |     +    |      0|  0|  65|          58|          58|
    |add_ln1192_45_fu_3749_p2  |     +    |      0|  0|  65|          58|          58|
    |add_ln1192_46_fu_3772_p2  |     +    |      0|  0|  65|          58|          58|
    |add_ln1192_47_fu_3818_p2  |     +    |      0|  0|  65|          58|          58|
    |add_ln1192_48_fu_3841_p2  |     +    |      0|  0|  65|          58|          58|
    |add_ln1192_49_fu_3887_p2  |     +    |      0|  0|  65|          58|          58|
    |add_ln1192_4_fu_2305_p2   |     +    |      0|  0|  65|          58|          58|
    |add_ln1192_50_fu_3910_p2  |     +    |      0|  0|  65|          58|          58|
    |add_ln1192_51_fu_3956_p2  |     +    |      0|  0|  65|          58|          58|
    |add_ln1192_52_fu_3979_p2  |     +    |      0|  0|  65|          58|          58|
    |add_ln1192_53_fu_4025_p2  |     +    |      0|  0|  65|          58|          58|
    |add_ln1192_54_fu_4048_p2  |     +    |      0|  0|  65|          58|          58|
    |add_ln1192_55_fu_4094_p2  |     +    |      0|  0|  65|          58|          58|
    |add_ln1192_56_fu_4117_p2  |     +    |      0|  0|  65|          58|          58|
    |add_ln1192_57_fu_4163_p2  |     +    |      0|  0|  65|          58|          58|
    |add_ln1192_58_fu_4186_p2  |     +    |      0|  0|  65|          58|          58|
    |add_ln1192_59_fu_4232_p2  |     +    |      0|  0|  65|          58|          58|
    |add_ln1192_5_fu_2351_p2   |     +    |      0|  0|  65|          58|          58|
    |add_ln1192_60_fu_4255_p2  |     +    |      0|  0|  65|          58|          58|
    |add_ln1192_61_fu_4301_p2  |     +    |      0|  0|  65|          58|          58|
    |add_ln1192_62_fu_4324_p2  |     +    |      0|  0|  65|          58|          58|
    |add_ln1192_63_fu_4370_p2  |     +    |      0|  0|  65|          58|          58|
    |add_ln1192_64_fu_4393_p2  |     +    |      0|  0|  65|          58|          58|
    |add_ln1192_6_fu_2374_p2   |     +    |      0|  0|  65|          58|          58|
    |add_ln1192_7_fu_2420_p2   |     +    |      0|  0|  65|          58|          58|
    |add_ln1192_8_fu_2443_p2   |     +    |      0|  0|  65|          58|          58|
    |add_ln1192_9_fu_2489_p2   |     +    |      0|  0|  65|          58|          58|
    |add_ln1192_fu_2213_p2     |     +    |      0|  0|  65|          58|          58|
    |add_ln238_fu_2059_p2      |     +    |      0|  0|  12|           3|           1|
    |i_fu_1985_p2              |     +    |      0|  0|  15|           5|           1|
    |sub_ln1117_5_fu_2165_p2   |     -    |      0|  0|  57|           9|           9|
    |sub_ln1117_fu_2047_p2     |     -    |      0|  0|  15|           8|           8|
    |icmp_ln236_fu_1979_p2     |   icmp   |      0|  0|  11|           5|           6|
    |icmp_ln238_fu_2053_p2     |   icmp   |      0|  0|   9|           3|           3|
    |icmp_ln240_fu_3292_p2     |   icmp   |      0|  0|  11|           7|           7|
    |or_ln240_fu_3286_p2       |    or    |      0|  0|   7|           7|           6|
    |xor_ln240_fu_3298_p2      |    xor   |      0|  0|   8|           7|           8|
    +--------------------------+----------+-------+---+----+------------+------------+
    |Total                     |          |    320|  0|6105|        6215|        6210|
    +--------------------------+----------+-------+---+----+------------+------------+

    * Multiplexer: 
    +---------------------+-----+-----------+-----+-----------+
    |         Name        | LUT | Input Size| Bits| Total Bits|
    +---------------------+-----+-----------+-----+-----------+
    |ap_NS_fsm            |  189|         43|    1|         43|
    |i_0_reg_1944         |    9|          2|    5|         10|
    |k_0_0_reg_1956       |    9|          2|    3|          6|
    |l_0_0_0_reg_1967     |    9|          2|    7|         14|
    |output_0_V_address0  |   15|          3|    7|         21|
    |output_0_V_d0        |   21|          4|   38|        152|
    +---------------------+-----+-----------+-----+-----------+
    |Total                |  252|         56|   61|        246|
    +---------------------+-----+-----------+-----+-----------+

    * Register: 
    +-----------------------------+-----+----+-----+-----------+
    |             Name            |  FF | LUT| Bits| Const Bits|
    +-----------------------------+-----+----+-----+-----------+
    |add_ln238_reg_4584           |    3|   0|    3|          0|
    |ap_CS_fsm                    |   42|   0|   42|          0|
    |i_0_reg_1944                 |    5|   0|    5|          0|
    |i_reg_4411                   |    5|   0|    5|          0|
    |input_1_0_0_V_load_reg_4867  |   38|   0|   38|          0|
    |input_1_10_0_V_loa_reg_5142  |   38|   0|   38|          0|
    |input_1_11_0_V_loa_reg_5152  |   38|   0|   38|          0|
    |input_1_12_0_V_loa_reg_5197  |   38|   0|   38|          0|
    |input_1_13_0_V_loa_reg_5207  |   38|   0|   38|          0|
    |input_1_14_0_V_loa_reg_5252  |   38|   0|   38|          0|
    |input_1_15_0_V_loa_reg_5262  |   38|   0|   38|          0|
    |input_1_16_0_V_loa_reg_5307  |   38|   0|   38|          0|
    |input_1_17_0_V_loa_reg_5317  |   38|   0|   38|          0|
    |input_1_18_0_V_loa_reg_5362  |   38|   0|   38|          0|
    |input_1_19_0_V_loa_reg_5372  |   38|   0|   38|          0|
    |input_1_1_0_V_load_reg_4877  |   38|   0|   38|          0|
    |input_1_20_0_V_loa_reg_5417  |   38|   0|   38|          0|
    |input_1_21_0_V_loa_reg_5427  |   38|   0|   38|          0|
    |input_1_22_0_V_loa_reg_5472  |   38|   0|   38|          0|
    |input_1_23_0_V_loa_reg_5482  |   38|   0|   38|          0|
    |input_1_24_0_V_loa_reg_5527  |   38|   0|   38|          0|
    |input_1_25_0_V_loa_reg_5537  |   38|   0|   38|          0|
    |input_1_26_0_V_loa_reg_5602  |   38|   0|   38|          0|
    |input_1_27_0_V_loa_reg_5612  |   38|   0|   38|          0|
    |input_1_28_0_V_loa_reg_5637  |   38|   0|   38|          0|
    |input_1_29_0_V_loa_reg_5647  |   38|   0|   38|          0|
    |input_1_2_0_V_load_reg_4922  |   38|   0|   38|          0|
    |input_1_30_0_V_loa_reg_5657  |   38|   0|   38|          0|
    |input_1_31_0_V_loa_reg_5667  |   38|   0|   38|          0|
    |input_1_32_0_0_V_1_reg_5721  |   38|   0|   38|          0|
    |input_1_32_0_0_V_s_reg_4421  |    4|   0|    4|          0|
    |input_1_33_0_0_V_1_reg_5731  |   38|   0|   38|          0|
    |input_1_33_0_0_V_s_reg_4426  |    4|   0|    4|          0|
    |input_1_34_0_0_V_1_reg_5751  |   38|   0|   38|          0|
    |input_1_34_0_0_V_s_reg_4431  |    4|   0|    4|          0|
    |input_1_35_0_0_V_1_reg_5761  |   38|   0|   38|          0|
    |input_1_35_0_0_V_s_reg_4436  |    4|   0|    4|          0|
    |input_1_36_0_0_V_1_reg_5786  |   38|   0|   38|          0|
    |input_1_36_0_0_V_s_reg_4441  |    4|   0|    4|          0|
    |input_1_37_0_0_V_1_reg_5796  |   38|   0|   38|          0|
    |input_1_37_0_0_V_s_reg_4446  |    4|   0|    4|          0|
    |input_1_38_0_0_V_1_reg_5821  |   38|   0|   38|          0|
    |input_1_38_0_0_V_s_reg_4451  |    4|   0|    4|          0|
    |input_1_39_0_0_V_1_reg_5831  |   38|   0|   38|          0|
    |input_1_39_0_0_V_s_reg_4456  |    4|   0|    4|          0|
    |input_1_3_0_V_load_reg_4932  |   38|   0|   38|          0|
    |input_1_40_0_0_V_1_reg_5856  |   38|   0|   38|          0|
    |input_1_40_0_0_V_s_reg_4461  |    4|   0|    4|          0|
    |input_1_41_0_0_V_1_reg_5866  |   38|   0|   38|          0|
    |input_1_41_0_0_V_s_reg_4466  |    4|   0|    4|          0|
    |input_1_42_0_0_V_1_reg_5891  |   38|   0|   38|          0|
    |input_1_42_0_0_V_s_reg_4471  |    4|   0|    4|          0|
    |input_1_43_0_0_V_1_reg_5901  |   38|   0|   38|          0|
    |input_1_43_0_0_V_s_reg_4476  |    4|   0|    4|          0|
    |input_1_44_0_0_V_1_reg_5926  |   38|   0|   38|          0|
    |input_1_44_0_0_V_s_reg_4481  |    4|   0|    4|          0|
    |input_1_45_0_0_V_1_reg_5936  |   38|   0|   38|          0|
    |input_1_45_0_0_V_s_reg_4486  |    4|   0|    4|          0|
    |input_1_46_0_0_V_1_reg_5961  |   38|   0|   38|          0|
    |input_1_46_0_0_V_s_reg_4491  |    4|   0|    4|          0|
    |input_1_47_0_0_V_1_reg_5971  |   38|   0|   38|          0|
    |input_1_47_0_0_V_s_reg_4496  |    4|   0|    4|          0|
    |input_1_48_0_0_V_1_reg_5996  |   38|   0|   38|          0|
    |input_1_48_0_0_V_s_reg_4501  |    4|   0|    4|          0|
    |input_1_49_0_0_V_1_reg_6006  |   38|   0|   38|          0|
    |input_1_49_0_0_V_s_reg_4506  |    4|   0|    4|          0|
    |input_1_4_0_V_load_reg_4977  |   38|   0|   38|          0|
    |input_1_50_0_0_V_1_reg_6031  |   38|   0|   38|          0|
    |input_1_50_0_0_V_s_reg_4511  |    4|   0|    4|          0|
    |input_1_51_0_0_V_1_reg_6041  |   38|   0|   38|          0|
    |input_1_51_0_0_V_s_reg_4516  |    4|   0|    4|          0|
    |input_1_52_0_0_V_1_reg_6066  |   38|   0|   38|          0|
    |input_1_52_0_0_V_s_reg_4521  |    4|   0|    4|          0|
    |input_1_53_0_0_V_1_reg_6076  |   38|   0|   38|          0|
    |input_1_53_0_0_V_s_reg_4526  |    4|   0|    4|          0|
    |input_1_54_0_0_V_1_reg_6101  |   38|   0|   38|          0|
    |input_1_54_0_0_V_s_reg_4531  |    4|   0|    4|          0|
    |input_1_55_0_0_V_1_reg_6111  |   38|   0|   38|          0|
    |input_1_55_0_0_V_s_reg_4536  |    4|   0|    4|          0|
    |input_1_56_0_0_V_1_reg_6136  |   38|   0|   38|          0|
    |input_1_56_0_0_V_s_reg_4541  |    4|   0|    4|          0|
    |input_1_57_0_0_V_1_reg_6146  |   38|   0|   38|          0|
    |input_1_57_0_0_V_s_reg_4546  |    4|   0|    4|          0|
    |input_1_58_0_0_V_1_reg_6171  |   38|   0|   38|          0|
    |input_1_58_0_0_V_s_reg_4551  |    4|   0|    4|          0|
    |input_1_59_0_0_V_1_reg_6181  |   38|   0|   38|          0|
    |input_1_59_0_0_V_s_reg_4556  |    4|   0|    4|          0|
    |input_1_5_0_V_load_reg_4987  |   38|   0|   38|          0|
    |input_1_60_0_0_V_1_reg_6206  |   38|   0|   38|          0|
    |input_1_60_0_0_V_s_reg_4561  |    4|   0|    4|          0|
    |input_1_61_0_0_V_1_reg_6216  |   38|   0|   38|          0|
    |input_1_61_0_0_V_s_reg_4566  |    4|   0|    4|          0|
    |input_1_62_0_0_V_1_reg_6241  |   38|   0|   38|          0|
    |input_1_62_0_0_V_s_reg_4571  |    4|   0|    4|          0|
    |input_1_63_0_0_V_1_reg_6251  |   38|   0|   38|          0|
    |input_1_63_0_0_V_s_reg_4576  |    4|   0|    4|          0|
    |input_1_6_0_V_load_reg_5032  |   38|   0|   38|          0|
    |input_1_7_0_V_load_reg_5042  |   38|   0|   38|          0|
    |input_1_8_0_V_load_reg_5087  |   38|   0|   38|          0|
    |input_1_9_0_V_load_reg_5097  |   38|   0|   38|          0|
    |input_2_0_V_load_reg_4872    |   38|   0|   38|          0|
    |input_2_10_V_load_reg_5147   |   38|   0|   38|          0|
    |input_2_11_V_load_reg_5157   |   38|   0|   38|          0|
    |input_2_12_V_load_reg_5202   |   38|   0|   38|          0|
    |input_2_13_V_load_reg_5212   |   38|   0|   38|          0|
    |input_2_14_V_load_reg_5257   |   38|   0|   38|          0|
    |input_2_15_V_load_reg_5267   |   38|   0|   38|          0|
    |input_2_16_V_load_reg_5312   |   38|   0|   38|          0|
    |input_2_17_V_load_reg_5322   |   38|   0|   38|          0|
    |input_2_18_V_load_reg_5367   |   38|   0|   38|          0|
    |input_2_19_V_load_reg_5377   |   38|   0|   38|          0|
    |input_2_1_V_load_reg_4882    |   38|   0|   38|          0|
    |input_2_20_V_load_reg_5422   |   38|   0|   38|          0|
    |input_2_21_V_load_reg_5432   |   38|   0|   38|          0|
    |input_2_22_V_load_reg_5477   |   38|   0|   38|          0|
    |input_2_23_V_load_reg_5487   |   38|   0|   38|          0|
    |input_2_24_V_load_reg_5532   |   38|   0|   38|          0|
    |input_2_25_V_load_reg_5542   |   38|   0|   38|          0|
    |input_2_26_V_load_reg_5607   |   38|   0|   38|          0|
    |input_2_27_V_load_reg_5617   |   38|   0|   38|          0|
    |input_2_28_V_load_reg_5642   |   38|   0|   38|          0|
    |input_2_29_V_load_reg_5652   |   38|   0|   38|          0|
    |input_2_2_V_load_reg_4927    |   38|   0|   38|          0|
    |input_2_30_V_load_reg_5662   |   38|   0|   38|          0|
    |input_2_31_V_load_reg_5672   |   38|   0|   38|          0|
    |input_2_32_0_V_add_reg_4594  |    7|   0|    7|          0|
    |input_2_32_0_V_loa_reg_5726  |   38|   0|   38|          0|
    |input_2_33_0_V_add_reg_4599  |    7|   0|    7|          0|
    |input_2_33_0_V_loa_reg_5736  |   38|   0|   38|          0|
    |input_2_34_0_V_add_reg_4604  |    7|   0|    7|          0|
    |input_2_34_0_V_loa_reg_5756  |   38|   0|   38|          0|
    |input_2_35_0_V_add_reg_4609  |    7|   0|    7|          0|
    |input_2_35_0_V_loa_reg_5766  |   38|   0|   38|          0|
    |input_2_36_0_V_add_reg_4614  |    7|   0|    7|          0|
    |input_2_36_0_V_loa_reg_5791  |   38|   0|   38|          0|
    |input_2_37_0_V_add_reg_4619  |    7|   0|    7|          0|
    |input_2_37_0_V_loa_reg_5801  |   38|   0|   38|          0|
    |input_2_38_0_V_add_reg_4624  |    7|   0|    7|          0|
    |input_2_38_0_V_loa_reg_5826  |   38|   0|   38|          0|
    |input_2_39_0_V_add_reg_4629  |    7|   0|    7|          0|
    |input_2_39_0_V_loa_reg_5836  |   38|   0|   38|          0|
    |input_2_3_V_load_reg_4937    |   38|   0|   38|          0|
    |input_2_40_0_V_add_reg_4634  |    7|   0|    7|          0|
    |input_2_40_0_V_loa_reg_5861  |   38|   0|   38|          0|
    |input_2_41_0_V_add_reg_4639  |    7|   0|    7|          0|
    |input_2_41_0_V_loa_reg_5871  |   38|   0|   38|          0|
    |input_2_42_0_V_add_reg_4644  |    7|   0|    7|          0|
    |input_2_42_0_V_loa_reg_5896  |   38|   0|   38|          0|
    |input_2_43_0_V_add_reg_4649  |    7|   0|    7|          0|
    |input_2_43_0_V_loa_reg_5906  |   38|   0|   38|          0|
    |input_2_44_0_V_add_reg_4654  |    7|   0|    7|          0|
    |input_2_44_0_V_loa_reg_5931  |   38|   0|   38|          0|
    |input_2_45_0_V_add_reg_4659  |    7|   0|    7|          0|
    |input_2_45_0_V_loa_reg_5941  |   38|   0|   38|          0|
    |input_2_46_0_V_add_reg_4664  |    7|   0|    7|          0|
    |input_2_46_0_V_loa_reg_5966  |   38|   0|   38|          0|
    |input_2_47_0_V_add_reg_4669  |    7|   0|    7|          0|
    |input_2_47_0_V_loa_reg_5976  |   38|   0|   38|          0|
    |input_2_48_0_V_add_reg_4674  |    7|   0|    7|          0|
    |input_2_48_0_V_loa_reg_6001  |   38|   0|   38|          0|
    |input_2_49_0_V_add_reg_4679  |    7|   0|    7|          0|
    |input_2_49_0_V_loa_reg_6011  |   38|   0|   38|          0|
    |input_2_4_V_load_reg_4982    |   38|   0|   38|          0|
    |input_2_50_0_V_add_reg_4684  |    7|   0|    7|          0|
    |input_2_50_0_V_loa_reg_6036  |   38|   0|   38|          0|
    |input_2_51_0_V_add_reg_4689  |    7|   0|    7|          0|
    |input_2_51_0_V_loa_reg_6046  |   38|   0|   38|          0|
    |input_2_52_0_V_add_reg_4694  |    7|   0|    7|          0|
    |input_2_52_0_V_loa_reg_6071  |   38|   0|   38|          0|
    |input_2_53_0_V_add_reg_4699  |    7|   0|    7|          0|
    |input_2_53_0_V_loa_reg_6081  |   38|   0|   38|          0|
    |input_2_54_0_V_add_reg_4704  |    7|   0|    7|          0|
    |input_2_54_0_V_loa_reg_6106  |   38|   0|   38|          0|
    |input_2_55_0_V_add_reg_4709  |    7|   0|    7|          0|
    |input_2_55_0_V_loa_reg_6116  |   38|   0|   38|          0|
    |input_2_56_0_V_add_reg_4714  |    7|   0|    7|          0|
    |input_2_56_0_V_loa_reg_6141  |   38|   0|   38|          0|
    |input_2_57_0_V_add_reg_4719  |    7|   0|    7|          0|
    |input_2_57_0_V_loa_reg_6151  |   38|   0|   38|          0|
    |input_2_58_0_V_add_reg_4724  |    7|   0|    7|          0|
    |input_2_58_0_V_loa_reg_6176  |   38|   0|   38|          0|
    |input_2_59_0_V_add_reg_4729  |    7|   0|    7|          0|
    |input_2_59_0_V_loa_reg_6186  |   38|   0|   38|          0|
    |input_2_5_V_load_reg_4992    |   38|   0|   38|          0|
    |input_2_60_0_V_add_reg_4734  |    7|   0|    7|          0|
    |input_2_60_0_V_loa_reg_6211  |   38|   0|   38|          0|
    |input_2_61_0_V_add_reg_4739  |    7|   0|    7|          0|
    |input_2_61_0_V_loa_reg_6221  |   38|   0|   38|          0|
    |input_2_62_0_V_add_reg_4744  |    7|   0|    7|          0|
    |input_2_62_0_V_loa_reg_6246  |   38|   0|   38|          0|
    |input_2_63_0_V_add_reg_4749  |    7|   0|    7|          0|
    |input_2_63_0_V_loa_reg_6256  |   38|   0|   38|          0|
    |input_2_6_V_load_reg_5037    |   38|   0|   38|          0|
    |input_2_7_V_load_reg_5047    |   38|   0|   38|          0|
    |input_2_8_V_load_reg_5092    |   38|   0|   38|          0|
    |input_2_9_V_load_reg_5102    |   38|   0|   38|          0|
    |k_0_0_reg_1956               |    3|   0|    3|          0|
    |l_0_0_0_reg_1967             |    7|   0|    7|          0|
    |mul_ln1192_10_reg_5182       |   58|   0|   58|          0|
    |mul_ln1192_11_reg_5192       |   58|   0|   58|          0|
    |mul_ln1192_12_reg_5237       |   58|   0|   58|          0|
    |mul_ln1192_13_reg_5247       |   58|   0|   58|          0|
    |mul_ln1192_14_reg_5292       |   58|   0|   58|          0|
    |mul_ln1192_15_reg_5302       |   58|   0|   58|          0|
    |mul_ln1192_16_reg_5347       |   58|   0|   58|          0|
    |mul_ln1192_17_reg_5357       |   58|   0|   58|          0|
    |mul_ln1192_18_reg_5402       |   58|   0|   58|          0|
    |mul_ln1192_19_reg_5412       |   58|   0|   58|          0|
    |mul_ln1192_1_reg_4917        |   58|   0|   58|          0|
    |mul_ln1192_20_reg_5457       |   58|   0|   58|          0|
    |mul_ln1192_21_reg_5467       |   58|   0|   58|          0|
    |mul_ln1192_22_reg_5512       |   58|   0|   58|          0|
    |mul_ln1192_23_reg_5522       |   58|   0|   58|          0|
    |mul_ln1192_24_reg_5587       |   58|   0|   58|          0|
    |mul_ln1192_25_reg_5597       |   58|   0|   58|          0|
    |mul_ln1192_26_reg_5622       |   58|   0|   58|          0|
    |mul_ln1192_27_reg_5632       |   58|   0|   58|          0|
    |mul_ln1192_28_reg_5677       |   58|   0|   58|          0|
    |mul_ln1192_29_reg_5687       |   58|   0|   58|          0|
    |mul_ln1192_2_reg_4962        |   58|   0|   58|          0|
    |mul_ln1192_30_reg_5692       |   58|   0|   58|          0|
    |mul_ln1192_31_reg_5697       |   58|   0|   58|          0|
    |mul_ln1192_32_reg_5741       |   58|   0|   58|          0|
    |mul_ln1192_33_reg_5746       |   58|   0|   58|          0|
    |mul_ln1192_34_reg_5771       |   58|   0|   58|          0|
    |mul_ln1192_35_reg_5781       |   58|   0|   58|          0|
    |mul_ln1192_36_reg_5806       |   58|   0|   58|          0|
    |mul_ln1192_37_reg_5816       |   58|   0|   58|          0|
    |mul_ln1192_38_reg_5841       |   58|   0|   58|          0|
    |mul_ln1192_39_reg_5851       |   58|   0|   58|          0|
    |mul_ln1192_3_reg_4972        |   58|   0|   58|          0|
    |mul_ln1192_40_reg_5876       |   58|   0|   58|          0|
    |mul_ln1192_41_reg_5886       |   58|   0|   58|          0|
    |mul_ln1192_42_reg_5911       |   58|   0|   58|          0|
    |mul_ln1192_43_reg_5921       |   58|   0|   58|          0|
    |mul_ln1192_44_reg_5946       |   58|   0|   58|          0|
    |mul_ln1192_45_reg_5956       |   58|   0|   58|          0|
    |mul_ln1192_46_reg_5981       |   58|   0|   58|          0|
    |mul_ln1192_47_reg_5991       |   58|   0|   58|          0|
    |mul_ln1192_48_reg_6016       |   58|   0|   58|          0|
    |mul_ln1192_49_reg_6026       |   58|   0|   58|          0|
    |mul_ln1192_4_reg_5017        |   58|   0|   58|          0|
    |mul_ln1192_50_reg_6051       |   58|   0|   58|          0|
    |mul_ln1192_51_reg_6061       |   58|   0|   58|          0|
    |mul_ln1192_52_reg_6086       |   58|   0|   58|          0|
    |mul_ln1192_53_reg_6096       |   58|   0|   58|          0|
    |mul_ln1192_54_reg_6121       |   58|   0|   58|          0|
    |mul_ln1192_55_reg_6131       |   58|   0|   58|          0|
    |mul_ln1192_56_reg_6156       |   58|   0|   58|          0|
    |mul_ln1192_57_reg_6166       |   58|   0|   58|          0|
    |mul_ln1192_58_reg_6191       |   58|   0|   58|          0|
    |mul_ln1192_59_reg_6201       |   58|   0|   58|          0|
    |mul_ln1192_5_reg_5027        |   58|   0|   58|          0|
    |mul_ln1192_60_reg_6226       |   58|   0|   58|          0|
    |mul_ln1192_61_reg_6236       |   58|   0|   58|          0|
    |mul_ln1192_62_reg_6261       |   58|   0|   58|          0|
    |mul_ln1192_63_reg_6271       |   58|   0|   58|          0|
    |mul_ln1192_6_reg_5072        |   58|   0|   58|          0|
    |mul_ln1192_7_reg_5082        |   58|   0|   58|          0|
    |mul_ln1192_8_reg_5127        |   58|   0|   58|          0|
    |mul_ln1192_9_reg_5137        |   58|   0|   58|          0|
    |mul_ln1192_reg_4907          |   58|   0|   58|          0|
    |output_0_V_addr_reg_4754     |    7|   0|    7|          0|
    |output_0_V_load_reg_4912     |   38|   0|   38|          0|
    |sext_ln1117_1_reg_4803       |   64|   0|   64|          0|
    |sub_ln1117_reg_4416          |    7|   0|    8|          1|
    |tmp_101_reg_5462             |   38|   0|   38|          0|
    |tmp_103_reg_5517             |   38|   0|   38|          0|
    |tmp_105_reg_5592             |   38|   0|   38|          0|
    |tmp_107_reg_5627             |   38|   0|   38|          0|
    |tmp_109_reg_5682             |   38|   0|   38|          0|
    |tmp_111_reg_5702             |   38|   0|   38|          0|
    |tmp_114_reg_5776             |   38|   0|   38|          0|
    |tmp_116_reg_5811             |   38|   0|   38|          0|
    |tmp_118_reg_5846             |   38|   0|   38|          0|
    |tmp_120_reg_5881             |   38|   0|   38|          0|
    |tmp_122_reg_5916             |   38|   0|   38|          0|
    |tmp_124_reg_5951             |   38|   0|   38|          0|
    |tmp_126_reg_5986             |   38|   0|   38|          0|
    |tmp_128_reg_6021             |   38|   0|   38|          0|
    |tmp_130_reg_6056             |   38|   0|   38|          0|
    |tmp_132_reg_6091             |   38|   0|   38|          0|
    |tmp_134_reg_6126             |   38|   0|   38|          0|
    |tmp_136_reg_6161             |   38|   0|   38|          0|
    |tmp_138_reg_6196             |   38|   0|   38|          0|
    |tmp_140_reg_6231             |   38|   0|   38|          0|
    |tmp_142_reg_6266             |   38|   0|   38|          0|
    |tmp_82_reg_4967              |   38|   0|   38|          0|
    |tmp_84_reg_5022              |   38|   0|   38|          0|
    |tmp_86_reg_5077              |   38|   0|   38|          0|
    |tmp_88_reg_5132              |   38|   0|   38|          0|
    |tmp_91_reg_5187              |   38|   0|   38|          0|
    |tmp_93_reg_5242              |   38|   0|   38|          0|
    |tmp_95_reg_5297              |   38|   0|   38|          0|
    |tmp_97_reg_5352              |   38|   0|   38|          0|
    |tmp_99_reg_5407              |   38|   0|   38|          0|
    |trunc_ln708_30_reg_6276      |   38|   0|   38|          0|
    |trunc_ln708_s_reg_5707       |   38|   0|   38|          0|
    |xor_ln240_reg_5716           |    7|   0|    7|          0|
    |zext_ln1116_reg_4759         |    6|   0|   64|         58|
    |zext_ln1117_10_reg_4589      |    3|   0|    9|          6|
    +-----------------------------+-----+----+-----+-----------+
    |Total                        |10341|   0|10406|         65|
    +-----------------------------+-----+----+-----+-----------+



================================================================
== Interface
================================================================
* Summary: 
+---------------------------+-----+-----+------------+------------------+--------------+
|         RTL Ports         | Dir | Bits|  Protocol  |   Source Object  |    C Type    |
+---------------------------+-----+-----+------------+------------------+--------------+
|ap_clk                     |  in |    1| ap_ctrl_hs |   GEMM_3D_float  | return value |
|ap_rst                     |  in |    1| ap_ctrl_hs |   GEMM_3D_float  | return value |
|ap_start                   |  in |    1| ap_ctrl_hs |   GEMM_3D_float  | return value |
|ap_done                    | out |    1| ap_ctrl_hs |   GEMM_3D_float  | return value |
|ap_idle                    | out |    1| ap_ctrl_hs |   GEMM_3D_float  | return value |
|ap_ready                   | out |    1| ap_ctrl_hs |   GEMM_3D_float  | return value |
|input_1_0_0_V_address0     | out |    5|  ap_memory |   input_1_0_0_V  |     array    |
|input_1_0_0_V_ce0          | out |    1|  ap_memory |   input_1_0_0_V  |     array    |
|input_1_0_0_V_q0           |  in |   38|  ap_memory |   input_1_0_0_V  |     array    |
|input_1_1_0_V_address0     | out |    5|  ap_memory |   input_1_1_0_V  |     array    |
|input_1_1_0_V_ce0          | out |    1|  ap_memory |   input_1_1_0_V  |     array    |
|input_1_1_0_V_q0           |  in |   38|  ap_memory |   input_1_1_0_V  |     array    |
|input_1_2_0_V_address0     | out |    5|  ap_memory |   input_1_2_0_V  |     array    |
|input_1_2_0_V_ce0          | out |    1|  ap_memory |   input_1_2_0_V  |     array    |
|input_1_2_0_V_q0           |  in |   38|  ap_memory |   input_1_2_0_V  |     array    |
|input_1_3_0_V_address0     | out |    5|  ap_memory |   input_1_3_0_V  |     array    |
|input_1_3_0_V_ce0          | out |    1|  ap_memory |   input_1_3_0_V  |     array    |
|input_1_3_0_V_q0           |  in |   38|  ap_memory |   input_1_3_0_V  |     array    |
|input_1_4_0_V_address0     | out |    5|  ap_memory |   input_1_4_0_V  |     array    |
|input_1_4_0_V_ce0          | out |    1|  ap_memory |   input_1_4_0_V  |     array    |
|input_1_4_0_V_q0           |  in |   38|  ap_memory |   input_1_4_0_V  |     array    |
|input_1_5_0_V_address0     | out |    5|  ap_memory |   input_1_5_0_V  |     array    |
|input_1_5_0_V_ce0          | out |    1|  ap_memory |   input_1_5_0_V  |     array    |
|input_1_5_0_V_q0           |  in |   38|  ap_memory |   input_1_5_0_V  |     array    |
|input_1_6_0_V_address0     | out |    5|  ap_memory |   input_1_6_0_V  |     array    |
|input_1_6_0_V_ce0          | out |    1|  ap_memory |   input_1_6_0_V  |     array    |
|input_1_6_0_V_q0           |  in |   38|  ap_memory |   input_1_6_0_V  |     array    |
|input_1_7_0_V_address0     | out |    5|  ap_memory |   input_1_7_0_V  |     array    |
|input_1_7_0_V_ce0          | out |    1|  ap_memory |   input_1_7_0_V  |     array    |
|input_1_7_0_V_q0           |  in |   38|  ap_memory |   input_1_7_0_V  |     array    |
|input_1_8_0_V_address0     | out |    5|  ap_memory |   input_1_8_0_V  |     array    |
|input_1_8_0_V_ce0          | out |    1|  ap_memory |   input_1_8_0_V  |     array    |
|input_1_8_0_V_q0           |  in |   38|  ap_memory |   input_1_8_0_V  |     array    |
|input_1_9_0_V_address0     | out |    5|  ap_memory |   input_1_9_0_V  |     array    |
|input_1_9_0_V_ce0          | out |    1|  ap_memory |   input_1_9_0_V  |     array    |
|input_1_9_0_V_q0           |  in |   38|  ap_memory |   input_1_9_0_V  |     array    |
|input_1_10_0_V_address0    | out |    5|  ap_memory |  input_1_10_0_V  |     array    |
|input_1_10_0_V_ce0         | out |    1|  ap_memory |  input_1_10_0_V  |     array    |
|input_1_10_0_V_q0          |  in |   38|  ap_memory |  input_1_10_0_V  |     array    |
|input_1_11_0_V_address0    | out |    5|  ap_memory |  input_1_11_0_V  |     array    |
|input_1_11_0_V_ce0         | out |    1|  ap_memory |  input_1_11_0_V  |     array    |
|input_1_11_0_V_q0          |  in |   38|  ap_memory |  input_1_11_0_V  |     array    |
|input_1_12_0_V_address0    | out |    5|  ap_memory |  input_1_12_0_V  |     array    |
|input_1_12_0_V_ce0         | out |    1|  ap_memory |  input_1_12_0_V  |     array    |
|input_1_12_0_V_q0          |  in |   38|  ap_memory |  input_1_12_0_V  |     array    |
|input_1_13_0_V_address0    | out |    5|  ap_memory |  input_1_13_0_V  |     array    |
|input_1_13_0_V_ce0         | out |    1|  ap_memory |  input_1_13_0_V  |     array    |
|input_1_13_0_V_q0          |  in |   38|  ap_memory |  input_1_13_0_V  |     array    |
|input_1_14_0_V_address0    | out |    5|  ap_memory |  input_1_14_0_V  |     array    |
|input_1_14_0_V_ce0         | out |    1|  ap_memory |  input_1_14_0_V  |     array    |
|input_1_14_0_V_q0          |  in |   38|  ap_memory |  input_1_14_0_V  |     array    |
|input_1_15_0_V_address0    | out |    5|  ap_memory |  input_1_15_0_V  |     array    |
|input_1_15_0_V_ce0         | out |    1|  ap_memory |  input_1_15_0_V  |     array    |
|input_1_15_0_V_q0          |  in |   38|  ap_memory |  input_1_15_0_V  |     array    |
|input_1_16_0_V_address0    | out |    5|  ap_memory |  input_1_16_0_V  |     array    |
|input_1_16_0_V_ce0         | out |    1|  ap_memory |  input_1_16_0_V  |     array    |
|input_1_16_0_V_q0          |  in |   38|  ap_memory |  input_1_16_0_V  |     array    |
|input_1_17_0_V_address0    | out |    5|  ap_memory |  input_1_17_0_V  |     array    |
|input_1_17_0_V_ce0         | out |    1|  ap_memory |  input_1_17_0_V  |     array    |
|input_1_17_0_V_q0          |  in |   38|  ap_memory |  input_1_17_0_V  |     array    |
|input_1_18_0_V_address0    | out |    5|  ap_memory |  input_1_18_0_V  |     array    |
|input_1_18_0_V_ce0         | out |    1|  ap_memory |  input_1_18_0_V  |     array    |
|input_1_18_0_V_q0          |  in |   38|  ap_memory |  input_1_18_0_V  |     array    |
|input_1_19_0_V_address0    | out |    5|  ap_memory |  input_1_19_0_V  |     array    |
|input_1_19_0_V_ce0         | out |    1|  ap_memory |  input_1_19_0_V  |     array    |
|input_1_19_0_V_q0          |  in |   38|  ap_memory |  input_1_19_0_V  |     array    |
|input_1_20_0_V_address0    | out |    5|  ap_memory |  input_1_20_0_V  |     array    |
|input_1_20_0_V_ce0         | out |    1|  ap_memory |  input_1_20_0_V  |     array    |
|input_1_20_0_V_q0          |  in |   38|  ap_memory |  input_1_20_0_V  |     array    |
|input_1_21_0_V_address0    | out |    5|  ap_memory |  input_1_21_0_V  |     array    |
|input_1_21_0_V_ce0         | out |    1|  ap_memory |  input_1_21_0_V  |     array    |
|input_1_21_0_V_q0          |  in |   38|  ap_memory |  input_1_21_0_V  |     array    |
|input_1_22_0_V_address0    | out |    5|  ap_memory |  input_1_22_0_V  |     array    |
|input_1_22_0_V_ce0         | out |    1|  ap_memory |  input_1_22_0_V  |     array    |
|input_1_22_0_V_q0          |  in |   38|  ap_memory |  input_1_22_0_V  |     array    |
|input_1_23_0_V_address0    | out |    5|  ap_memory |  input_1_23_0_V  |     array    |
|input_1_23_0_V_ce0         | out |    1|  ap_memory |  input_1_23_0_V  |     array    |
|input_1_23_0_V_q0          |  in |   38|  ap_memory |  input_1_23_0_V  |     array    |
|input_1_24_0_V_address0    | out |    5|  ap_memory |  input_1_24_0_V  |     array    |
|input_1_24_0_V_ce0         | out |    1|  ap_memory |  input_1_24_0_V  |     array    |
|input_1_24_0_V_q0          |  in |   38|  ap_memory |  input_1_24_0_V  |     array    |
|input_1_25_0_V_address0    | out |    5|  ap_memory |  input_1_25_0_V  |     array    |
|input_1_25_0_V_ce0         | out |    1|  ap_memory |  input_1_25_0_V  |     array    |
|input_1_25_0_V_q0          |  in |   38|  ap_memory |  input_1_25_0_V  |     array    |
|input_1_26_0_V_address0    | out |    5|  ap_memory |  input_1_26_0_V  |     array    |
|input_1_26_0_V_ce0         | out |    1|  ap_memory |  input_1_26_0_V  |     array    |
|input_1_26_0_V_q0          |  in |   38|  ap_memory |  input_1_26_0_V  |     array    |
|input_1_27_0_V_address0    | out |    5|  ap_memory |  input_1_27_0_V  |     array    |
|input_1_27_0_V_ce0         | out |    1|  ap_memory |  input_1_27_0_V  |     array    |
|input_1_27_0_V_q0          |  in |   38|  ap_memory |  input_1_27_0_V  |     array    |
|input_1_28_0_V_address0    | out |    5|  ap_memory |  input_1_28_0_V  |     array    |
|input_1_28_0_V_ce0         | out |    1|  ap_memory |  input_1_28_0_V  |     array    |
|input_1_28_0_V_q0          |  in |   38|  ap_memory |  input_1_28_0_V  |     array    |
|input_1_29_0_V_address0    | out |    5|  ap_memory |  input_1_29_0_V  |     array    |
|input_1_29_0_V_ce0         | out |    1|  ap_memory |  input_1_29_0_V  |     array    |
|input_1_29_0_V_q0          |  in |   38|  ap_memory |  input_1_29_0_V  |     array    |
|input_1_30_0_V_address0    | out |    5|  ap_memory |  input_1_30_0_V  |     array    |
|input_1_30_0_V_ce0         | out |    1|  ap_memory |  input_1_30_0_V  |     array    |
|input_1_30_0_V_q0          |  in |   38|  ap_memory |  input_1_30_0_V  |     array    |
|input_1_31_0_V_address0    | out |    5|  ap_memory |  input_1_31_0_V  |     array    |
|input_1_31_0_V_ce0         | out |    1|  ap_memory |  input_1_31_0_V  |     array    |
|input_1_31_0_V_q0          |  in |   38|  ap_memory |  input_1_31_0_V  |     array    |
|input_1_32_0_0_V_address0  | out |    4|  ap_memory | input_1_32_0_0_V |     array    |
|input_1_32_0_0_V_ce0       | out |    1|  ap_memory | input_1_32_0_0_V |     array    |
|input_1_32_0_0_V_q0        |  in |   38|  ap_memory | input_1_32_0_0_V |     array    |
|input_1_33_0_0_V_address0  | out |    4|  ap_memory | input_1_33_0_0_V |     array    |
|input_1_33_0_0_V_ce0       | out |    1|  ap_memory | input_1_33_0_0_V |     array    |
|input_1_33_0_0_V_q0        |  in |   38|  ap_memory | input_1_33_0_0_V |     array    |
|input_1_34_0_0_V_address0  | out |    4|  ap_memory | input_1_34_0_0_V |     array    |
|input_1_34_0_0_V_ce0       | out |    1|  ap_memory | input_1_34_0_0_V |     array    |
|input_1_34_0_0_V_q0        |  in |   38|  ap_memory | input_1_34_0_0_V |     array    |
|input_1_35_0_0_V_address0  | out |    4|  ap_memory | input_1_35_0_0_V |     array    |
|input_1_35_0_0_V_ce0       | out |    1|  ap_memory | input_1_35_0_0_V |     array    |
|input_1_35_0_0_V_q0        |  in |   38|  ap_memory | input_1_35_0_0_V |     array    |
|input_1_36_0_0_V_address0  | out |    4|  ap_memory | input_1_36_0_0_V |     array    |
|input_1_36_0_0_V_ce0       | out |    1|  ap_memory | input_1_36_0_0_V |     array    |
|input_1_36_0_0_V_q0        |  in |   38|  ap_memory | input_1_36_0_0_V |     array    |
|input_1_37_0_0_V_address0  | out |    4|  ap_memory | input_1_37_0_0_V |     array    |
|input_1_37_0_0_V_ce0       | out |    1|  ap_memory | input_1_37_0_0_V |     array    |
|input_1_37_0_0_V_q0        |  in |   38|  ap_memory | input_1_37_0_0_V |     array    |
|input_1_38_0_0_V_address0  | out |    4|  ap_memory | input_1_38_0_0_V |     array    |
|input_1_38_0_0_V_ce0       | out |    1|  ap_memory | input_1_38_0_0_V |     array    |
|input_1_38_0_0_V_q0        |  in |   38|  ap_memory | input_1_38_0_0_V |     array    |
|input_1_39_0_0_V_address0  | out |    4|  ap_memory | input_1_39_0_0_V |     array    |
|input_1_39_0_0_V_ce0       | out |    1|  ap_memory | input_1_39_0_0_V |     array    |
|input_1_39_0_0_V_q0        |  in |   38|  ap_memory | input_1_39_0_0_V |     array    |
|input_1_40_0_0_V_address0  | out |    4|  ap_memory | input_1_40_0_0_V |     array    |
|input_1_40_0_0_V_ce0       | out |    1|  ap_memory | input_1_40_0_0_V |     array    |
|input_1_40_0_0_V_q0        |  in |   38|  ap_memory | input_1_40_0_0_V |     array    |
|input_1_41_0_0_V_address0  | out |    4|  ap_memory | input_1_41_0_0_V |     array    |
|input_1_41_0_0_V_ce0       | out |    1|  ap_memory | input_1_41_0_0_V |     array    |
|input_1_41_0_0_V_q0        |  in |   38|  ap_memory | input_1_41_0_0_V |     array    |
|input_1_42_0_0_V_address0  | out |    4|  ap_memory | input_1_42_0_0_V |     array    |
|input_1_42_0_0_V_ce0       | out |    1|  ap_memory | input_1_42_0_0_V |     array    |
|input_1_42_0_0_V_q0        |  in |   38|  ap_memory | input_1_42_0_0_V |     array    |
|input_1_43_0_0_V_address0  | out |    4|  ap_memory | input_1_43_0_0_V |     array    |
|input_1_43_0_0_V_ce0       | out |    1|  ap_memory | input_1_43_0_0_V |     array    |
|input_1_43_0_0_V_q0        |  in |   38|  ap_memory | input_1_43_0_0_V |     array    |
|input_1_44_0_0_V_address0  | out |    4|  ap_memory | input_1_44_0_0_V |     array    |
|input_1_44_0_0_V_ce0       | out |    1|  ap_memory | input_1_44_0_0_V |     array    |
|input_1_44_0_0_V_q0        |  in |   38|  ap_memory | input_1_44_0_0_V |     array    |
|input_1_45_0_0_V_address0  | out |    4|  ap_memory | input_1_45_0_0_V |     array    |
|input_1_45_0_0_V_ce0       | out |    1|  ap_memory | input_1_45_0_0_V |     array    |
|input_1_45_0_0_V_q0        |  in |   38|  ap_memory | input_1_45_0_0_V |     array    |
|input_1_46_0_0_V_address0  | out |    4|  ap_memory | input_1_46_0_0_V |     array    |
|input_1_46_0_0_V_ce0       | out |    1|  ap_memory | input_1_46_0_0_V |     array    |
|input_1_46_0_0_V_q0        |  in |   38|  ap_memory | input_1_46_0_0_V |     array    |
|input_1_47_0_0_V_address0  | out |    4|  ap_memory | input_1_47_0_0_V |     array    |
|input_1_47_0_0_V_ce0       | out |    1|  ap_memory | input_1_47_0_0_V |     array    |
|input_1_47_0_0_V_q0        |  in |   38|  ap_memory | input_1_47_0_0_V |     array    |
|input_1_48_0_0_V_address0  | out |    4|  ap_memory | input_1_48_0_0_V |     array    |
|input_1_48_0_0_V_ce0       | out |    1|  ap_memory | input_1_48_0_0_V |     array    |
|input_1_48_0_0_V_q0        |  in |   38|  ap_memory | input_1_48_0_0_V |     array    |
|input_1_49_0_0_V_address0  | out |    4|  ap_memory | input_1_49_0_0_V |     array    |
|input_1_49_0_0_V_ce0       | out |    1|  ap_memory | input_1_49_0_0_V |     array    |
|input_1_49_0_0_V_q0        |  in |   38|  ap_memory | input_1_49_0_0_V |     array    |
|input_1_50_0_0_V_address0  | out |    4|  ap_memory | input_1_50_0_0_V |     array    |
|input_1_50_0_0_V_ce0       | out |    1|  ap_memory | input_1_50_0_0_V |     array    |
|input_1_50_0_0_V_q0        |  in |   38|  ap_memory | input_1_50_0_0_V |     array    |
|input_1_51_0_0_V_address0  | out |    4|  ap_memory | input_1_51_0_0_V |     array    |
|input_1_51_0_0_V_ce0       | out |    1|  ap_memory | input_1_51_0_0_V |     array    |
|input_1_51_0_0_V_q0        |  in |   38|  ap_memory | input_1_51_0_0_V |     array    |
|input_1_52_0_0_V_address0  | out |    4|  ap_memory | input_1_52_0_0_V |     array    |
|input_1_52_0_0_V_ce0       | out |    1|  ap_memory | input_1_52_0_0_V |     array    |
|input_1_52_0_0_V_q0        |  in |   38|  ap_memory | input_1_52_0_0_V |     array    |
|input_1_53_0_0_V_address0  | out |    4|  ap_memory | input_1_53_0_0_V |     array    |
|input_1_53_0_0_V_ce0       | out |    1|  ap_memory | input_1_53_0_0_V |     array    |
|input_1_53_0_0_V_q0        |  in |   38|  ap_memory | input_1_53_0_0_V |     array    |
|input_1_54_0_0_V_address0  | out |    4|  ap_memory | input_1_54_0_0_V |     array    |
|input_1_54_0_0_V_ce0       | out |    1|  ap_memory | input_1_54_0_0_V |     array    |
|input_1_54_0_0_V_q0        |  in |   38|  ap_memory | input_1_54_0_0_V |     array    |
|input_1_55_0_0_V_address0  | out |    4|  ap_memory | input_1_55_0_0_V |     array    |
|input_1_55_0_0_V_ce0       | out |    1|  ap_memory | input_1_55_0_0_V |     array    |
|input_1_55_0_0_V_q0        |  in |   38|  ap_memory | input_1_55_0_0_V |     array    |
|input_1_56_0_0_V_address0  | out |    4|  ap_memory | input_1_56_0_0_V |     array    |
|input_1_56_0_0_V_ce0       | out |    1|  ap_memory | input_1_56_0_0_V |     array    |
|input_1_56_0_0_V_q0        |  in |   38|  ap_memory | input_1_56_0_0_V |     array    |
|input_1_57_0_0_V_address0  | out |    4|  ap_memory | input_1_57_0_0_V |     array    |
|input_1_57_0_0_V_ce0       | out |    1|  ap_memory | input_1_57_0_0_V |     array    |
|input_1_57_0_0_V_q0        |  in |   38|  ap_memory | input_1_57_0_0_V |     array    |
|input_1_58_0_0_V_address0  | out |    4|  ap_memory | input_1_58_0_0_V |     array    |
|input_1_58_0_0_V_ce0       | out |    1|  ap_memory | input_1_58_0_0_V |     array    |
|input_1_58_0_0_V_q0        |  in |   38|  ap_memory | input_1_58_0_0_V |     array    |
|input_1_59_0_0_V_address0  | out |    4|  ap_memory | input_1_59_0_0_V |     array    |
|input_1_59_0_0_V_ce0       | out |    1|  ap_memory | input_1_59_0_0_V |     array    |
|input_1_59_0_0_V_q0        |  in |   38|  ap_memory | input_1_59_0_0_V |     array    |
|input_1_60_0_0_V_address0  | out |    4|  ap_memory | input_1_60_0_0_V |     array    |
|input_1_60_0_0_V_ce0       | out |    1|  ap_memory | input_1_60_0_0_V |     array    |
|input_1_60_0_0_V_q0        |  in |   38|  ap_memory | input_1_60_0_0_V |     array    |
|input_1_61_0_0_V_address0  | out |    4|  ap_memory | input_1_61_0_0_V |     array    |
|input_1_61_0_0_V_ce0       | out |    1|  ap_memory | input_1_61_0_0_V |     array    |
|input_1_61_0_0_V_q0        |  in |   38|  ap_memory | input_1_61_0_0_V |     array    |
|input_1_62_0_0_V_address0  | out |    4|  ap_memory | input_1_62_0_0_V |     array    |
|input_1_62_0_0_V_ce0       | out |    1|  ap_memory | input_1_62_0_0_V |     array    |
|input_1_62_0_0_V_q0        |  in |   38|  ap_memory | input_1_62_0_0_V |     array    |
|input_1_63_0_0_V_address0  | out |    4|  ap_memory | input_1_63_0_0_V |     array    |
|input_1_63_0_0_V_ce0       | out |    1|  ap_memory | input_1_63_0_0_V |     array    |
|input_1_63_0_0_V_q0        |  in |   38|  ap_memory | input_1_63_0_0_V |     array    |
|input_2_0_V_address0       | out |    8|  ap_memory |    input_2_0_V   |     array    |
|input_2_0_V_ce0            | out |    1|  ap_memory |    input_2_0_V   |     array    |
|input_2_0_V_q0             |  in |   38|  ap_memory |    input_2_0_V   |     array    |
|input_2_1_V_address0       | out |    8|  ap_memory |    input_2_1_V   |     array    |
|input_2_1_V_ce0            | out |    1|  ap_memory |    input_2_1_V   |     array    |
|input_2_1_V_q0             |  in |   38|  ap_memory |    input_2_1_V   |     array    |
|input_2_2_V_address0       | out |    8|  ap_memory |    input_2_2_V   |     array    |
|input_2_2_V_ce0            | out |    1|  ap_memory |    input_2_2_V   |     array    |
|input_2_2_V_q0             |  in |   38|  ap_memory |    input_2_2_V   |     array    |
|input_2_3_V_address0       | out |    8|  ap_memory |    input_2_3_V   |     array    |
|input_2_3_V_ce0            | out |    1|  ap_memory |    input_2_3_V   |     array    |
|input_2_3_V_q0             |  in |   38|  ap_memory |    input_2_3_V   |     array    |
|input_2_4_V_address0       | out |    8|  ap_memory |    input_2_4_V   |     array    |
|input_2_4_V_ce0            | out |    1|  ap_memory |    input_2_4_V   |     array    |
|input_2_4_V_q0             |  in |   38|  ap_memory |    input_2_4_V   |     array    |
|input_2_5_V_address0       | out |    8|  ap_memory |    input_2_5_V   |     array    |
|input_2_5_V_ce0            | out |    1|  ap_memory |    input_2_5_V   |     array    |
|input_2_5_V_q0             |  in |   38|  ap_memory |    input_2_5_V   |     array    |
|input_2_6_V_address0       | out |    8|  ap_memory |    input_2_6_V   |     array    |
|input_2_6_V_ce0            | out |    1|  ap_memory |    input_2_6_V   |     array    |
|input_2_6_V_q0             |  in |   38|  ap_memory |    input_2_6_V   |     array    |
|input_2_7_V_address0       | out |    8|  ap_memory |    input_2_7_V   |     array    |
|input_2_7_V_ce0            | out |    1|  ap_memory |    input_2_7_V   |     array    |
|input_2_7_V_q0             |  in |   38|  ap_memory |    input_2_7_V   |     array    |
|input_2_8_V_address0       | out |    8|  ap_memory |    input_2_8_V   |     array    |
|input_2_8_V_ce0            | out |    1|  ap_memory |    input_2_8_V   |     array    |
|input_2_8_V_q0             |  in |   38|  ap_memory |    input_2_8_V   |     array    |
|input_2_9_V_address0       | out |    8|  ap_memory |    input_2_9_V   |     array    |
|input_2_9_V_ce0            | out |    1|  ap_memory |    input_2_9_V   |     array    |
|input_2_9_V_q0             |  in |   38|  ap_memory |    input_2_9_V   |     array    |
|input_2_10_V_address0      | out |    8|  ap_memory |   input_2_10_V   |     array    |
|input_2_10_V_ce0           | out |    1|  ap_memory |   input_2_10_V   |     array    |
|input_2_10_V_q0            |  in |   38|  ap_memory |   input_2_10_V   |     array    |
|input_2_11_V_address0      | out |    8|  ap_memory |   input_2_11_V   |     array    |
|input_2_11_V_ce0           | out |    1|  ap_memory |   input_2_11_V   |     array    |
|input_2_11_V_q0            |  in |   38|  ap_memory |   input_2_11_V   |     array    |
|input_2_12_V_address0      | out |    8|  ap_memory |   input_2_12_V   |     array    |
|input_2_12_V_ce0           | out |    1|  ap_memory |   input_2_12_V   |     array    |
|input_2_12_V_q0            |  in |   38|  ap_memory |   input_2_12_V   |     array    |
|input_2_13_V_address0      | out |    8|  ap_memory |   input_2_13_V   |     array    |
|input_2_13_V_ce0           | out |    1|  ap_memory |   input_2_13_V   |     array    |
|input_2_13_V_q0            |  in |   38|  ap_memory |   input_2_13_V   |     array    |
|input_2_14_V_address0      | out |    8|  ap_memory |   input_2_14_V   |     array    |
|input_2_14_V_ce0           | out |    1|  ap_memory |   input_2_14_V   |     array    |
|input_2_14_V_q0            |  in |   38|  ap_memory |   input_2_14_V   |     array    |
|input_2_15_V_address0      | out |    8|  ap_memory |   input_2_15_V   |     array    |
|input_2_15_V_ce0           | out |    1|  ap_memory |   input_2_15_V   |     array    |
|input_2_15_V_q0            |  in |   38|  ap_memory |   input_2_15_V   |     array    |
|input_2_16_V_address0      | out |    8|  ap_memory |   input_2_16_V   |     array    |
|input_2_16_V_ce0           | out |    1|  ap_memory |   input_2_16_V   |     array    |
|input_2_16_V_q0            |  in |   38|  ap_memory |   input_2_16_V   |     array    |
|input_2_17_V_address0      | out |    8|  ap_memory |   input_2_17_V   |     array    |
|input_2_17_V_ce0           | out |    1|  ap_memory |   input_2_17_V   |     array    |
|input_2_17_V_q0            |  in |   38|  ap_memory |   input_2_17_V   |     array    |
|input_2_18_V_address0      | out |    8|  ap_memory |   input_2_18_V   |     array    |
|input_2_18_V_ce0           | out |    1|  ap_memory |   input_2_18_V   |     array    |
|input_2_18_V_q0            |  in |   38|  ap_memory |   input_2_18_V   |     array    |
|input_2_19_V_address0      | out |    8|  ap_memory |   input_2_19_V   |     array    |
|input_2_19_V_ce0           | out |    1|  ap_memory |   input_2_19_V   |     array    |
|input_2_19_V_q0            |  in |   38|  ap_memory |   input_2_19_V   |     array    |
|input_2_20_V_address0      | out |    8|  ap_memory |   input_2_20_V   |     array    |
|input_2_20_V_ce0           | out |    1|  ap_memory |   input_2_20_V   |     array    |
|input_2_20_V_q0            |  in |   38|  ap_memory |   input_2_20_V   |     array    |
|input_2_21_V_address0      | out |    8|  ap_memory |   input_2_21_V   |     array    |
|input_2_21_V_ce0           | out |    1|  ap_memory |   input_2_21_V   |     array    |
|input_2_21_V_q0            |  in |   38|  ap_memory |   input_2_21_V   |     array    |
|input_2_22_V_address0      | out |    8|  ap_memory |   input_2_22_V   |     array    |
|input_2_22_V_ce0           | out |    1|  ap_memory |   input_2_22_V   |     array    |
|input_2_22_V_q0            |  in |   38|  ap_memory |   input_2_22_V   |     array    |
|input_2_23_V_address0      | out |    8|  ap_memory |   input_2_23_V   |     array    |
|input_2_23_V_ce0           | out |    1|  ap_memory |   input_2_23_V   |     array    |
|input_2_23_V_q0            |  in |   38|  ap_memory |   input_2_23_V   |     array    |
|input_2_24_V_address0      | out |    8|  ap_memory |   input_2_24_V   |     array    |
|input_2_24_V_ce0           | out |    1|  ap_memory |   input_2_24_V   |     array    |
|input_2_24_V_q0            |  in |   38|  ap_memory |   input_2_24_V   |     array    |
|input_2_25_V_address0      | out |    8|  ap_memory |   input_2_25_V   |     array    |
|input_2_25_V_ce0           | out |    1|  ap_memory |   input_2_25_V   |     array    |
|input_2_25_V_q0            |  in |   38|  ap_memory |   input_2_25_V   |     array    |
|input_2_26_V_address0      | out |    8|  ap_memory |   input_2_26_V   |     array    |
|input_2_26_V_ce0           | out |    1|  ap_memory |   input_2_26_V   |     array    |
|input_2_26_V_q0            |  in |   38|  ap_memory |   input_2_26_V   |     array    |
|input_2_27_V_address0      | out |    8|  ap_memory |   input_2_27_V   |     array    |
|input_2_27_V_ce0           | out |    1|  ap_memory |   input_2_27_V   |     array    |
|input_2_27_V_q0            |  in |   38|  ap_memory |   input_2_27_V   |     array    |
|input_2_28_V_address0      | out |    8|  ap_memory |   input_2_28_V   |     array    |
|input_2_28_V_ce0           | out |    1|  ap_memory |   input_2_28_V   |     array    |
|input_2_28_V_q0            |  in |   38|  ap_memory |   input_2_28_V   |     array    |
|input_2_29_V_address0      | out |    8|  ap_memory |   input_2_29_V   |     array    |
|input_2_29_V_ce0           | out |    1|  ap_memory |   input_2_29_V   |     array    |
|input_2_29_V_q0            |  in |   38|  ap_memory |   input_2_29_V   |     array    |
|input_2_30_V_address0      | out |    8|  ap_memory |   input_2_30_V   |     array    |
|input_2_30_V_ce0           | out |    1|  ap_memory |   input_2_30_V   |     array    |
|input_2_30_V_q0            |  in |   38|  ap_memory |   input_2_30_V   |     array    |
|input_2_31_V_address0      | out |    8|  ap_memory |   input_2_31_V   |     array    |
|input_2_31_V_ce0           | out |    1|  ap_memory |   input_2_31_V   |     array    |
|input_2_31_V_q0            |  in |   38|  ap_memory |   input_2_31_V   |     array    |
|input_2_32_0_V_address0    | out |    7|  ap_memory |  input_2_32_0_V  |     array    |
|input_2_32_0_V_ce0         | out |    1|  ap_memory |  input_2_32_0_V  |     array    |
|input_2_32_0_V_q0          |  in |   38|  ap_memory |  input_2_32_0_V  |     array    |
|input_2_33_0_V_address0    | out |    7|  ap_memory |  input_2_33_0_V  |     array    |
|input_2_33_0_V_ce0         | out |    1|  ap_memory |  input_2_33_0_V  |     array    |
|input_2_33_0_V_q0          |  in |   38|  ap_memory |  input_2_33_0_V  |     array    |
|input_2_34_0_V_address0    | out |    7|  ap_memory |  input_2_34_0_V  |     array    |
|input_2_34_0_V_ce0         | out |    1|  ap_memory |  input_2_34_0_V  |     array    |
|input_2_34_0_V_q0          |  in |   38|  ap_memory |  input_2_34_0_V  |     array    |
|input_2_35_0_V_address0    | out |    7|  ap_memory |  input_2_35_0_V  |     array    |
|input_2_35_0_V_ce0         | out |    1|  ap_memory |  input_2_35_0_V  |     array    |
|input_2_35_0_V_q0          |  in |   38|  ap_memory |  input_2_35_0_V  |     array    |
|input_2_36_0_V_address0    | out |    7|  ap_memory |  input_2_36_0_V  |     array    |
|input_2_36_0_V_ce0         | out |    1|  ap_memory |  input_2_36_0_V  |     array    |
|input_2_36_0_V_q0          |  in |   38|  ap_memory |  input_2_36_0_V  |     array    |
|input_2_37_0_V_address0    | out |    7|  ap_memory |  input_2_37_0_V  |     array    |
|input_2_37_0_V_ce0         | out |    1|  ap_memory |  input_2_37_0_V  |     array    |
|input_2_37_0_V_q0          |  in |   38|  ap_memory |  input_2_37_0_V  |     array    |
|input_2_38_0_V_address0    | out |    7|  ap_memory |  input_2_38_0_V  |     array    |
|input_2_38_0_V_ce0         | out |    1|  ap_memory |  input_2_38_0_V  |     array    |
|input_2_38_0_V_q0          |  in |   38|  ap_memory |  input_2_38_0_V  |     array    |
|input_2_39_0_V_address0    | out |    7|  ap_memory |  input_2_39_0_V  |     array    |
|input_2_39_0_V_ce0         | out |    1|  ap_memory |  input_2_39_0_V  |     array    |
|input_2_39_0_V_q0          |  in |   38|  ap_memory |  input_2_39_0_V  |     array    |
|input_2_40_0_V_address0    | out |    7|  ap_memory |  input_2_40_0_V  |     array    |
|input_2_40_0_V_ce0         | out |    1|  ap_memory |  input_2_40_0_V  |     array    |
|input_2_40_0_V_q0          |  in |   38|  ap_memory |  input_2_40_0_V  |     array    |
|input_2_41_0_V_address0    | out |    7|  ap_memory |  input_2_41_0_V  |     array    |
|input_2_41_0_V_ce0         | out |    1|  ap_memory |  input_2_41_0_V  |     array    |
|input_2_41_0_V_q0          |  in |   38|  ap_memory |  input_2_41_0_V  |     array    |
|input_2_42_0_V_address0    | out |    7|  ap_memory |  input_2_42_0_V  |     array    |
|input_2_42_0_V_ce0         | out |    1|  ap_memory |  input_2_42_0_V  |     array    |
|input_2_42_0_V_q0          |  in |   38|  ap_memory |  input_2_42_0_V  |     array    |
|input_2_43_0_V_address0    | out |    7|  ap_memory |  input_2_43_0_V  |     array    |
|input_2_43_0_V_ce0         | out |    1|  ap_memory |  input_2_43_0_V  |     array    |
|input_2_43_0_V_q0          |  in |   38|  ap_memory |  input_2_43_0_V  |     array    |
|input_2_44_0_V_address0    | out |    7|  ap_memory |  input_2_44_0_V  |     array    |
|input_2_44_0_V_ce0         | out |    1|  ap_memory |  input_2_44_0_V  |     array    |
|input_2_44_0_V_q0          |  in |   38|  ap_memory |  input_2_44_0_V  |     array    |
|input_2_45_0_V_address0    | out |    7|  ap_memory |  input_2_45_0_V  |     array    |
|input_2_45_0_V_ce0         | out |    1|  ap_memory |  input_2_45_0_V  |     array    |
|input_2_45_0_V_q0          |  in |   38|  ap_memory |  input_2_45_0_V  |     array    |
|input_2_46_0_V_address0    | out |    7|  ap_memory |  input_2_46_0_V  |     array    |
|input_2_46_0_V_ce0         | out |    1|  ap_memory |  input_2_46_0_V  |     array    |
|input_2_46_0_V_q0          |  in |   38|  ap_memory |  input_2_46_0_V  |     array    |
|input_2_47_0_V_address0    | out |    7|  ap_memory |  input_2_47_0_V  |     array    |
|input_2_47_0_V_ce0         | out |    1|  ap_memory |  input_2_47_0_V  |     array    |
|input_2_47_0_V_q0          |  in |   38|  ap_memory |  input_2_47_0_V  |     array    |
|input_2_48_0_V_address0    | out |    7|  ap_memory |  input_2_48_0_V  |     array    |
|input_2_48_0_V_ce0         | out |    1|  ap_memory |  input_2_48_0_V  |     array    |
|input_2_48_0_V_q0          |  in |   38|  ap_memory |  input_2_48_0_V  |     array    |
|input_2_49_0_V_address0    | out |    7|  ap_memory |  input_2_49_0_V  |     array    |
|input_2_49_0_V_ce0         | out |    1|  ap_memory |  input_2_49_0_V  |     array    |
|input_2_49_0_V_q0          |  in |   38|  ap_memory |  input_2_49_0_V  |     array    |
|input_2_50_0_V_address0    | out |    7|  ap_memory |  input_2_50_0_V  |     array    |
|input_2_50_0_V_ce0         | out |    1|  ap_memory |  input_2_50_0_V  |     array    |
|input_2_50_0_V_q0          |  in |   38|  ap_memory |  input_2_50_0_V  |     array    |
|input_2_51_0_V_address0    | out |    7|  ap_memory |  input_2_51_0_V  |     array    |
|input_2_51_0_V_ce0         | out |    1|  ap_memory |  input_2_51_0_V  |     array    |
|input_2_51_0_V_q0          |  in |   38|  ap_memory |  input_2_51_0_V  |     array    |
|input_2_52_0_V_address0    | out |    7|  ap_memory |  input_2_52_0_V  |     array    |
|input_2_52_0_V_ce0         | out |    1|  ap_memory |  input_2_52_0_V  |     array    |
|input_2_52_0_V_q0          |  in |   38|  ap_memory |  input_2_52_0_V  |     array    |
|input_2_53_0_V_address0    | out |    7|  ap_memory |  input_2_53_0_V  |     array    |
|input_2_53_0_V_ce0         | out |    1|  ap_memory |  input_2_53_0_V  |     array    |
|input_2_53_0_V_q0          |  in |   38|  ap_memory |  input_2_53_0_V  |     array    |
|input_2_54_0_V_address0    | out |    7|  ap_memory |  input_2_54_0_V  |     array    |
|input_2_54_0_V_ce0         | out |    1|  ap_memory |  input_2_54_0_V  |     array    |
|input_2_54_0_V_q0          |  in |   38|  ap_memory |  input_2_54_0_V  |     array    |
|input_2_55_0_V_address0    | out |    7|  ap_memory |  input_2_55_0_V  |     array    |
|input_2_55_0_V_ce0         | out |    1|  ap_memory |  input_2_55_0_V  |     array    |
|input_2_55_0_V_q0          |  in |   38|  ap_memory |  input_2_55_0_V  |     array    |
|input_2_56_0_V_address0    | out |    7|  ap_memory |  input_2_56_0_V  |     array    |
|input_2_56_0_V_ce0         | out |    1|  ap_memory |  input_2_56_0_V  |     array    |
|input_2_56_0_V_q0          |  in |   38|  ap_memory |  input_2_56_0_V  |     array    |
|input_2_57_0_V_address0    | out |    7|  ap_memory |  input_2_57_0_V  |     array    |
|input_2_57_0_V_ce0         | out |    1|  ap_memory |  input_2_57_0_V  |     array    |
|input_2_57_0_V_q0          |  in |   38|  ap_memory |  input_2_57_0_V  |     array    |
|input_2_58_0_V_address0    | out |    7|  ap_memory |  input_2_58_0_V  |     array    |
|input_2_58_0_V_ce0         | out |    1|  ap_memory |  input_2_58_0_V  |     array    |
|input_2_58_0_V_q0          |  in |   38|  ap_memory |  input_2_58_0_V  |     array    |
|input_2_59_0_V_address0    | out |    7|  ap_memory |  input_2_59_0_V  |     array    |
|input_2_59_0_V_ce0         | out |    1|  ap_memory |  input_2_59_0_V  |     array    |
|input_2_59_0_V_q0          |  in |   38|  ap_memory |  input_2_59_0_V  |     array    |
|input_2_60_0_V_address0    | out |    7|  ap_memory |  input_2_60_0_V  |     array    |
|input_2_60_0_V_ce0         | out |    1|  ap_memory |  input_2_60_0_V  |     array    |
|input_2_60_0_V_q0          |  in |   38|  ap_memory |  input_2_60_0_V  |     array    |
|input_2_61_0_V_address0    | out |    7|  ap_memory |  input_2_61_0_V  |     array    |
|input_2_61_0_V_ce0         | out |    1|  ap_memory |  input_2_61_0_V  |     array    |
|input_2_61_0_V_q0          |  in |   38|  ap_memory |  input_2_61_0_V  |     array    |
|input_2_62_0_V_address0    | out |    7|  ap_memory |  input_2_62_0_V  |     array    |
|input_2_62_0_V_ce0         | out |    1|  ap_memory |  input_2_62_0_V  |     array    |
|input_2_62_0_V_q0          |  in |   38|  ap_memory |  input_2_62_0_V  |     array    |
|input_2_63_0_V_address0    | out |    7|  ap_memory |  input_2_63_0_V  |     array    |
|input_2_63_0_V_ce0         | out |    1|  ap_memory |  input_2_63_0_V  |     array    |
|input_2_63_0_V_q0          |  in |   38|  ap_memory |  input_2_63_0_V  |     array    |
|output_0_V_address0        | out |    7|  ap_memory |    output_0_V    |     array    |
|output_0_V_ce0             | out |    1|  ap_memory |    output_0_V    |     array    |
|output_0_V_we0             | out |    1|  ap_memory |    output_0_V    |     array    |
|output_0_V_d0              | out |   38|  ap_memory |    output_0_V    |     array    |
|output_0_V_q0              |  in |   38|  ap_memory |    output_0_V    |     array    |
+---------------------------+-----+-----+------------+------------------+--------------+

