==============================================================
Vivado(TM) HLS - High-Level Synthesis from C, C++ and SystemC v2019.2 (64-bit)
Copyright 1986-2019 Xilinx, Inc. All Rights Reserved.
==============================================================
INFO: [HLS 200-10] Setting target device to 'xc7z020-clg484-1'
INFO: [SYN 201-201] Setting up clock 'default' with a period of 10ns.
INFO: [SCHED 204-61] Option 'relax_ii_for_timing' is enabled, will increase II to preserve clock frequency constraints.
INFO: [HLS 200-10] Analyzing design file 'attention.cpp' ... 
INFO: [HLS 200-111] Finished Linking Time (s): cpu = 00:01:01 ; elapsed = 00:01:05 . Memory (MB): peak = 1168.152 ; gain = 530.125 ; free physical = 293841 ; free virtual = 373618
INFO: [HLS 200-111] Finished Checking Pragmas Time (s): cpu = 00:01:01 ; elapsed = 00:01:05 . Memory (MB): peak = 1168.152 ; gain = 530.125 ; free physical = 293841 ; free virtual = 373618
INFO: [HLS 200-10] Starting code transformations ...
INFO: [HLS 200-111] Finished Standard Transforms Time (s): cpu = 00:01:05 ; elapsed = 00:01:10 . Memory (MB): peak = 1241.027 ; gain = 603.000 ; free physical = 293612 ; free virtual = 373423
INFO: [HLS 200-10] Checking synthesizability ...
INFO: [XFORM 203-602] Inlining function 'hls::sqrt<42, 26>' into 'rms_norm<24>' (./layer.h:91) automatically.
INFO: [XFORM 203-602] Inlining function 'attention_abs' into 'quantize_activation<1, 24>135' (./layer.h:127) automatically.
INFO: [XFORM 203-602] Inlining function 'attention_max<ap_fixed<40, 24, (ap_q_mode)5, (ap_o_mode)3, 0> >' into 'quantize_activation<1, 24>135' (./layer.h:130) automatically.
INFO: [XFORM 203-602] Inlining function 'attention_round' into 'quantize_activation<1, 24>135' (./layer.h:136) automatically.
INFO: [XFORM 203-602] Inlining function 'hls::exp<40, 24>' into 'softmax<1, 2, 6>' (./layer.h:310) automatically.
INFO: [XFORM 203-602] Inlining function 'init_1d_mem<1, ap_fixed<40, 24, (ap_q_mode)5, (ap_o_mode)3, 0> >' into 'attention<5, 1, 24, 24, 2, 12>' (attention.cpp:97) automatically.
INFO: [XFORM 203-602] Inlining function 'create_causal_mask<1>' into 'attention<5, 1, 24, 24, 2, 12>' (attention.cpp:184) automatically.
WARNING: [SYNCHK 200-23] /opt/xilinx/Vivado/2019.2/common/technology/autopilot/hls_sqrt_apfixed.h:272: variable-indexed range selection may cause suboptimal QoR.
WARNING: [SYNCHK 200-120] ./layer.h:88: multiplication is assumed not to overflow by default, otherwise, please add option '-fwrapv'.
INFO: [SYNCHK 200-10] 0 error(s), 2 warning(s).
INFO: [HLS 200-111] Finished Checking Synthesizability Time (s): cpu = 00:01:06 ; elapsed = 00:01:11 . Memory (MB): peak = 1366.918 ; gain = 728.891 ; free physical = 293525 ; free virtual = 373350
INFO: [XFORM 203-502] Unrolling all loops for pipelining in function 'sqrt_fixed<42, 26>' (/opt/xilinx/Vivado/2019.2/common/technology/autopilot/hls_sqrt_apfixed.h:44:36).
INFO: [XFORM 203-502] Unrolling all loops for pipelining in function 'exp_reduce::exp<40, 24>' (/opt/xilinx/Vivado/2019.2/common/technology/autopilot/hls_exp_apfixed.h:41:26).
INFO: [XFORM 203-502] Unrolling small iteration loop 'Loop-1' (attention.cpp:18) in function 'dut' automatically.
INFO: [XFORM 203-502] Unrolling small iteration loop 'Loop-2' (attention.cpp:50) in function 'dut' automatically.
INFO: [XFORM 203-502] Unrolling small iteration loop 'RMS_NORM_LOOP_1' (attention.cpp:84) in function 'attention<5, 1, 24, 24, 2, 12>' automatically.
INFO: [XFORM 203-502] Unrolling small iteration loop 'SF_LOOP_2' (attention.cpp:180) in function 'attention<5, 1, 24, 24, 2, 12>' automatically.
INFO: [XFORM 203-502] Unrolling small iteration loop 'CM_LOOP_2' (attention.cpp:187) in function 'attention<5, 1, 24, 24, 2, 12>' automatically.
INFO: [XFORM 203-502] Unrolling small iteration loop 'CM_LOOP_3' (attention.cpp:188) in function 'attention<5, 1, 24, 24, 2, 12>' automatically.
INFO: [XFORM 203-502] Unrolling small iteration loop 'ATTN_2D_LOOP_1' (attention.cpp:211) in function 'attention<5, 1, 24, 24, 2, 12>' automatically.
INFO: [XFORM 203-502] Unrolling small iteration loop 'RMS_NORM_LOOP_2' (attention.cpp:217) in function 'attention<5, 1, 24, 24, 2, 12>' automatically.
INFO: [XFORM 203-502] Unrolling small iteration loop 'GEMM_3D_FLOAT_LOOP_2' (./layer.h:271) in function 'GEMM_3D_float<2, 1, 6, 2, 6, 12>' automatically.
INFO: [XFORM 203-502] Unrolling small iteration loop 'SOFTMAX_LOOP_2' (./layer.h:302) in function 'softmax<1, 2, 6>' automatically.
INFO: [XFORM 203-502] Unrolling small iteration loop 'CREATE_CAUSAL_MASK_LOOP_1' (./layer.h:289) in function 'create_causal_mask<1>' automatically.
INFO: [XFORM 203-502] Unrolling small iteration loop 'CREATE_CAUSAL_MASK_LOOP_2' (./layer.h:290) in function 'create_causal_mask<1>' automatically.
INFO: [XFORM 203-502] Unrolling small iteration loop 'GEMM_3D_FLOAT_LOOP_2' (./layer.h:271) in function 'GEMM_3D_float<2, 1, 12, 2, 12, 6>' automatically.
INFO: [XFORM 203-502] Unrolling small iteration loop 'APPLY_ROTARY_POS_EMB_LOOP_2' (./layer.h:203) in function 'apply_rotary_pos_emb<1, 2, 12>' automatically.
INFO: [XFORM 203-502] Unrolling small iteration loop 'APPLY_ROTARY_POS_EMB_LOOP_5' (./layer.h:215) in function 'apply_rotary_pos_emb<1, 2, 12>' automatically.
INFO: [XFORM 203-502] Unrolling small iteration loop 'RESHAPE_2D_TO_3D_LOOP_1' (./layer.h:182) in function 'reshape_2D_to_3D<1, 2, 12>' automatically.
INFO: [XFORM 203-502] Unrolling small iteration loop 'LINEAR_FORWARD_NO_MUL_LOOP_1' (./layer.h:155) in function 'linear_forward_no_mul<1, 24, 24>' automatically.
INFO: [XFORM 203-502] Unrolling small iteration loop 'INIT_2D_MEM_LOOP_1' (./layer.h:37) in function 'init_2d_mem<1, 24, ap_fixed<40, 24, (ap_q_mode)5, (ap_o_mode)3, 0> >' automatically.
INFO: [XFORM 203-502] Unrolling small iteration loop 'QUANTIZE_ACTIVATION_LOOP_1' (./layer.h:124) in function 'quantize_activation<1, 24>' automatically.
INFO: [XFORM 203-502] Unrolling small iteration loop 'INIT_1D_MEM_LOOP_1' (./layer.h:25) in function 'init_1d_mem<1, ap_fixed<40, 24, (ap_q_mode)5, (ap_o_mode)3, 0> >' automatically.
INFO: [XFORM 203-502] Unrolling small iteration loop 'INIT_2D_MEM_LOOP_1' (./layer.h:37) in function 'init_2d_mem<1, 24, ap_int<8> >' automatically.
INFO: [HLS 200-489] Unrolling loop 'Loop-1' (/opt/xilinx/Vivado/2019.2/common/technology/autopilot/hls_sqrt_apfixed.h:267) in function 'sqrt_fixed<42, 26>' completely with a factor of 13.
INFO: [HLS 200-489] Unrolling loop 'Loop-2' (/opt/xilinx/Vivado/2019.2/common/technology/autopilot/hls_sqrt_apfixed.h:295) in function 'sqrt_fixed<42, 26>' completely with a factor of 17.
INFO: [HLS 200-489] Unrolling loop 'Loop-1' (/opt/xilinx/Vivado/2019.2/common/technology/autopilot/hls_exp_apfixed.h:277) in function 'exp_reduce::exp<40, 24>' completely with a factor of 19.
INFO: [HLS 200-489] Unrolling loop 'Loop-2' (/opt/xilinx/Vivado/2019.2/common/technology/autopilot/hls_exp_apfixed.h:284) in function 'exp_reduce::exp<40, 24>' completely with a factor of 46.
INFO: [HLS 200-489] Unrolling loop 'Loop-1' (attention.cpp:18) in function 'dut' completely with a factor of 1.
INFO: [HLS 200-489] Unrolling loop 'Loop-2' (attention.cpp:50) in function 'dut' completely with a factor of 1.
INFO: [HLS 200-489] Unrolling loop 'RMS_NORM_LOOP_1' (attention.cpp:84) in function 'attention<5, 1, 24, 24, 2, 12>' completely with a factor of 1.
INFO: [HLS 200-489] Unrolling loop 'SF_LOOP_2' (attention.cpp:180) in function 'attention<5, 1, 24, 24, 2, 12>' completely with a factor of 1.
INFO: [HLS 200-489] Unrolling loop 'CM_LOOP_2' (attention.cpp:187) in function 'attention<5, 1, 24, 24, 2, 12>' completely with a factor of 1.
INFO: [HLS 200-489] Unrolling loop 'CM_LOOP_3' (attention.cpp:188) in function 'attention<5, 1, 24, 24, 2, 12>' completely with a factor of 1.
INFO: [HLS 200-489] Unrolling loop 'ATTN_2D_LOOP_1' (attention.cpp:211) in function 'attention<5, 1, 24, 24, 2, 12>' completely with a factor of 1.
INFO: [HLS 200-489] Unrolling loop 'RMS_NORM_LOOP_2' (attention.cpp:217) in function 'attention<5, 1, 24, 24, 2, 12>' completely with a factor of 1.
INFO: [HLS 200-489] Unrolling loop 'GEMM_3D_FLOAT_LOOP_2' (./layer.h:271) in function 'GEMM_3D_float<2, 1, 6, 2, 6, 12>' completely with a factor of 1.
INFO: [HLS 200-489] Unrolling loop 'SOFTMAX_LOOP_2' (./layer.h:302) in function 'softmax<1, 2, 6>' completely with a factor of 1.
INFO: [HLS 200-489] Unrolling loop 'CREATE_CAUSAL_MASK_LOOP_1' (./layer.h:289) in function 'create_causal_mask<1>' completely with a factor of 1.
INFO: [HLS 200-489] Unrolling loop 'CREATE_CAUSAL_MASK_LOOP_2' (./layer.h:290) in function 'create_causal_mask<1>' completely with a factor of 1.
INFO: [HLS 200-489] Unrolling loop 'GEMM_3D_FLOAT_LOOP_2' (./layer.h:271) in function 'GEMM_3D_float<2, 1, 12, 2, 12, 6>' completely with a factor of 1.
INFO: [HLS 200-489] Unrolling loop 'APPLY_ROTARY_POS_EMB_LOOP_2' (./layer.h:203) in function 'apply_rotary_pos_emb<1, 2, 12>' completely with a factor of 1.
INFO: [HLS 200-489] Unrolling loop 'APPLY_ROTARY_POS_EMB_LOOP_5' (./layer.h:215) in function 'apply_rotary_pos_emb<1, 2, 12>' completely with a factor of 1.
INFO: [HLS 200-489] Unrolling loop 'RESHAPE_2D_TO_3D_LOOP_1' (./layer.h:182) in function 'reshape_2D_to_3D<1, 2, 12>' completely with a factor of 1.
INFO: [HLS 200-489] Unrolling loop 'LINEAR_FORWARD_NO_MUL_LOOP_1' (./layer.h:155) in function 'linear_forward_no_mul<1, 24, 24>' completely with a factor of 1.
INFO: [HLS 200-489] Unrolling loop 'INIT_2D_MEM_LOOP_1' (./layer.h:37) in function 'init_2d_mem<1, 24, ap_fixed<40, 24, (ap_q_mode)5, (ap_o_mode)3, 0> >' completely with a factor of 1.
INFO: [HLS 200-489] Unrolling loop 'QUANTIZE_ACTIVATION_LOOP_1' (./layer.h:124) in function 'quantize_activation<1, 24>' completely with a factor of 1.
INFO: [HLS 200-489] Unrolling loop 'INIT_1D_MEM_LOOP_1' (./layer.h:25) in function 'init_1d_mem<1, ap_fixed<40, 24, (ap_q_mode)5, (ap_o_mode)3, 0> >' completely with a factor of 1.
INFO: [HLS 200-489] Unrolling loop 'INIT_2D_MEM_LOOP_1' (./layer.h:37) in function 'init_2d_mem<1, 24, ap_int<8> >' completely with a factor of 1.
INFO: [XFORM 203-102] Partitioning array 'rotated_q.V' (./layer.h:200) in dimension 2 automatically.
INFO: [XFORM 203-102] Partitioning array 'rotated_k.V' (./layer.h:201) in dimension 2 automatically.
INFO: [XFORM 203-102] Partitioning array 'mask.V.0' automatically.
INFO: [XFORM 203-102] Partitioning array 'quantized_hidden_states.V' (attention.cpp:93) in dimension 1 automatically.
INFO: [XFORM 203-102] Partitioning array 'scales.V' (attention.cpp:94) automatically.
INFO: [XFORM 203-102] Partitioning array 'q_proj.V' (attention.cpp:137) in dimension 2 automatically.
INFO: [XFORM 203-102] Partitioning array 'k_proj.V' (attention.cpp:138) in dimension 2 automatically.
INFO: [XFORM 203-102] Partitioning array 'v_proj.V' (attention.cpp:139) in dimension 2 automatically.
INFO: [XFORM 203-102] Partitioning array 'q_embed.V' (attention.cpp:146) in dimension 2 automatically.
INFO: [XFORM 203-102] Partitioning array 'k_embed.V' (attention.cpp:147) in dimension 2 automatically.
INFO: [XFORM 203-102] Partitioning array 'attn_weights.V' (attention.cpp:164) in dimension 2 automatically.
INFO: [XFORM 203-102] Partitioning array 'causal_mask.V' (attention.cpp:183) in dimension 1 automatically.
INFO: [XFORM 203-102] Partitioning array 'attn_output' in dimension 2 automatically.
INFO: [XFORM 203-102] Partitioning array 'quantized_final_output.V' (attention.cpp:225) in dimension 1 automatically.
INFO: [XFORM 203-102] Partitioning array 'final_scales.V' (attention.cpp:226) automatically.
INFO: [XFORM 203-102] Partitioning array 'causal_mask.V.0' (attention.cpp:183) automatically.
INFO: [XFORM 203-102] Partitioning array 'q_proj_re.V' (attention.cpp:107) in dimension 1 automatically.
INFO: [XFORM 203-102] Partitioning array 'k_proj_re.V' (attention.cpp:108) in dimension 1 automatically.
INFO: [XFORM 203-102] Partitioning array 'v_proj_re.V' (attention.cpp:109) in dimension 1 automatically.
INFO: [XFORM 203-102] Partitioning array 'attn_output_2D.V' (attention.cpp:208) in dimension 1 automatically.
INFO: [XFORM 203-102] Partitioning array 'input.V' (attention.cpp:14) in dimension 1 automatically.
INFO: [XFORM 203-102] Partitioning array 'output' in dimension 1 automatically.
INFO: [XFORM 203-102] Partitioning array 'sin_tab.V' in dimension 1 automatically.
INFO: [XFORM 203-102] Partitioning array 'cos_tab.V' in dimension 1 automatically.
INFO: [XFORM 203-602] Inlining function 'hls::sqrt<42, 26>' into 'rms_norm<24>' (./layer.h:91) automatically.
INFO: [XFORM 203-602] Inlining function 'attention_abs' into 'quantize_activation<1, 24>' (./layer.h:127) automatically.
INFO: [XFORM 203-602] Inlining function 'attention_max<ap_fixed<40, 24, (ap_q_mode)5, (ap_o_mode)3, 0> >' into 'quantize_activation<1, 24>' (./layer.h:130) automatically.
INFO: [XFORM 203-602] Inlining function 'attention_round' into 'quantize_activation<1, 24>' (./layer.h:136) automatically.
INFO: [XFORM 203-602] Inlining function 'hls::exp<40, 24>' into 'softmax<1, 2, 6>' (./layer.h:310) automatically.
INFO: [XFORM 203-602] Inlining function 'init_2d_mem<1, 24, ap_int<8> >' into 'attention<5, 1, 24, 24, 2, 12>' (attention.cpp:96) automatically.
INFO: [XFORM 203-602] Inlining function 'init_1d_mem<1, ap_fixed<40, 24, (ap_q_mode)5, (ap_o_mode)3, 0> >' into 'attention<5, 1, 24, 24, 2, 12>' (attention.cpp:97) automatically.
INFO: [XFORM 203-602] Inlining function 'create_causal_mask<1>' into 'attention<5, 1, 24, 24, 2, 12>' (attention.cpp:184) automatically.
INFO: [XFORM 203-401] Performing if-conversion on hyperblock to (/opt/xilinx/Vivado/2019.2/common/technology/autopilot/hls_sqrt_apfixed.h:372:1) in function 'sqrt_fixed<42, 26>'... converting 142 basic blocks.
INFO: [XFORM 203-401] Performing if-conversion on hyperblock from (./layer.h:135:64) to (./layer.h:135:58) in function 'quantize_activation<1, 24>'... converting 5 basic blocks.
INFO: [XFORM 203-401] Performing if-conversion on hyperblock from (./layer.h:160:86) to (./layer.h:160:80) in function 'linear_forward_no_mul<1, 24, 24>'... converting 5 basic blocks.
INFO: [XFORM 203-401] Performing if-conversion on hyperblock from (/opt/xilinx/Vivado/2019.2/common/technology/autopilot/hls_exp_apfixed.h:41:1) to (/opt/xilinx/Vivado/2019.2/common/technology/autopilot/hls_exp_apfixed.h:867:1) in function 'exp_reduce::exp<40, 24>'... converting 5 basic blocks.
INFO: [XFORM 203-401] Performing if-conversion on hyperblock from (./layer.h:238:9) to (./layer.h:237:51) in function 'cache_update<2, 5, 12>.1'... converting 4 basic blocks.
INFO: [XFORM 203-401] Performing if-conversion on hyperblock from (./layer.h:238:9) to (./layer.h:237:51) in function 'cache_update<2, 5, 12>'... converting 4 basic blocks.
INFO: [XFORM 203-11] Balancing expressions in function 'exp_reduce::exp<40, 24>' (/opt/xilinx/Vivado/2019.2/common/technology/autopilot/hls_exp_apfixed.h:41:1)...19 expression(s) balanced.
INFO: [HLS 200-111] Finished Pre-synthesis Time (s): cpu = 00:01:09 ; elapsed = 00:01:15 . Memory (MB): peak = 1495.047 ; gain = 857.020 ; free physical = 293381 ; free virtual = 373226
WARNING: [XFORM 203-631] Renaming function 'transpose_last_two_dims<6, 2, 12>' to 'transpose_last_two_d' (./layer.h:249:62)
WARNING: [XFORM 203-631] Renaming function 'reshape_2D_to_3D<1, 2, 12>' to 'reshape_2D_to_3D' (./layer.h:182:55)
WARNING: [XFORM 203-631] Renaming function 'quantize_activation<1, 24>' to 'quantize_activation' (./layer.h:59:58)
WARNING: [XFORM 203-631] Renaming function 'linear_forward_no_mul<1, 24, 24>' to 'linear_forward_no_mu' (./layer.h:155:80)
WARNING: [XFORM 203-631] Renaming function 'init_2d_mem<1, 24, ap_fixed<40, 24, (ap_q_mode)5, (ap_o_mode)3, 0> >' to 'init_2d_mem' (./layer.h:37:48)
WARNING: [XFORM 203-631] Renaming function 'exp_reduce::exp<40, 24>' to 'exp<40, 24>' (/opt/xilinx/Vivado/2019.2/common/technology/autopilot/hls_exp_apfixed.h:41:1)
WARNING: [XFORM 203-631] Renaming function 'cache_update<2, 5, 12>.1' to 'cache_update' (./layer.h:235:51)
WARNING: [XFORM 203-631] Renaming function 'cache_update<2, 5, 12>' to 'cache_update.1' (./layer.h:235:51)
WARNING: [XFORM 203-631] Renaming function 'attention<5, 1, 24, 24, 2, 12>' to 'attention' (attention.cpp:37:53)
WARNING: [XFORM 203-631] Renaming function 'apply_rotary_pos_emb<1, 2, 12>' to 'apply_rotary_pos_emb' (./layer.h:200:59)
WARNING: [XFORM 203-631] Renaming function 'GEMM_3D_float<2, 1, 6, 2, 6, 12>' to 'GEMM_3D_float' (./layer.h:270:55)
WARNING: [XFORM 203-631] Renaming function 'GEMM_3D_float<2, 1, 12, 2, 12, 6>' to 'GEMM_3D_float.1' (./layer.h:270:55)
INFO: [HLS 200-472] Inferring partial write operation for 'output.V' (./layer.h:252:9)
INFO: [HLS 200-472] Inferring partial write operation for 'input[0].V' (./layer.h:310:26)
INFO: [HLS 200-472] Inferring partial write operation for 'input[0].V' (./layer.h:314:9)
INFO: [HLS 200-472] Inferring partial write operation for 'input[0].V' (./layer.h:93:17)
INFO: [HLS 200-472] Inferring partial write operation for 'output[0].V' (./layer.h:184:9)
INFO: [HLS 200-472] Inferring partial write operation for 'output_states[0].V' (./layer.h:138:11)
INFO: [HLS 200-472] Inferring partial write operation for 'output[0].V' (./layer.h:168:24)
INFO: [HLS 200-472] Inferring partial write operation for 'output[0].V' (./layer.h:165:11)
INFO: [HLS 200-472] Inferring partial write operation for 'mem[0].V' (./layer.h:38:7)
INFO: [HLS 200-472] Inferring partial write operation for 'input[0].V' (attention.cpp:20:35)
INFO: [HLS 200-472] Inferring partial write operation for 'cache_out.V' (./layer.h:238:9)
INFO: [HLS 200-472] Inferring partial write operation for 'quantized_hidden_sta' (./layer.h:38:7)
INFO: [HLS 200-472] Inferring partial write operation for 'attn_weights[0].V' (attention.cpp:181:9)
INFO: [HLS 200-472] Inferring partial write operation for 'quantized_final_outp' (./layer.h:38:7)
INFO: [HLS 200-472] Inferring partial write operation for 'attn_output_2D[0].V' (attention.cpp:213:9)
INFO: [HLS 200-472] Inferring partial write operation for 'rotated_q[0].V' (./layer.h:205:30)
INFO: [HLS 200-472] Inferring partial write operation for 'rotated_k[0].V' (./layer.h:206:30)
INFO: [HLS 200-472] Inferring partial write operation for 'rotated_q[0].V' (./layer.h:207:9)
INFO: [HLS 200-472] Inferring partial write operation for 'rotated_k[0].V' (./layer.h:208:9)
INFO: [HLS 200-472] Inferring partial write operation for 'output_q[0].V' (./layer.h:218:106)
INFO: [HLS 200-472] Inferring partial write operation for 'output_k[0].V' (./layer.h:220:106)
INFO: [HLS 200-472] Inferring partial write operation for 'output[0].V' (./layer.h:275:30)
INFO: [HLS 200-472] Inferring partial write operation for 'output[0].V' (./layer.h:275:30)
INFO: [HLS 200-111] Finished Architecture Synthesis Time (s): cpu = 00:01:11 ; elapsed = 00:01:17 . Memory (MB): peak = 1616.152 ; gain = 978.125 ; free physical = 293221 ; free virtual = 373073
INFO: [HLS 200-10] Starting hardware synthesis ...
INFO: [HLS 200-10] Synthesizing 'dut' ...
WARNING: [SYN 201-103] Legalizing function name 'sqrt_fixed<42, 26>' to 'sqrt_fixed_42_26_s'.
WARNING: [SYN 201-103] Legalizing function name 'rms_norm<24>' to 'rms_norm_24_s'.
WARNING: [SYN 201-103] Legalizing function name 'cache_update.1' to 'cache_update_1'.
WARNING: [SYN 201-103] Legalizing function name 'GEMM_3D_float.1' to 'GEMM_3D_float_1'.
WARNING: [SYN 201-103] Legalizing function name 'exp<40, 24>' to 'exp_40_24_s'.
WARNING: [SYN 201-103] Legalizing function name 'softmax<1, 2, 6>' to 'softmax_1_2_6_s'.
INFO: [HLS 200-10] ----------------------------------------------------------------
INFO: [HLS 200-42] -- Implementing module 'sqrt_fixed_42_26_s' 
INFO: [HLS 200-10] ----------------------------------------------------------------
INFO: [SCHED 204-11] Starting scheduling ...
INFO: [SCHED 204-61] Pipelining function 'sqrt_fixed<42, 26>'.
INFO: [SCHED 204-61] Pipelining result : Target II = 1, Final II = 1, Depth = 18.
INFO: [SCHED 204-11] Finished scheduling.
INFO: [HLS 200-111]  Elapsed time: 77.4 seconds; current allocated memory: 664.879 MB.
INFO: [BIND 205-100] Starting micro-architecture generation ...
INFO: [BIND 205-101] Performing variable lifetime analysis.
INFO: [BIND 205-101] Exploring resource sharing.
INFO: [BIND 205-101] Binding ...
INFO: [BIND 205-100] Finished micro-architecture generation.
INFO: [HLS 200-111]  Elapsed time: 0.78 seconds; current allocated memory: 667.521 MB.
INFO: [HLS 200-10] ----------------------------------------------------------------
INFO: [HLS 200-42] -- Implementing module 'rms_norm_24_s' 
INFO: [HLS 200-10] ----------------------------------------------------------------
INFO: [SCHED 204-11] Starting scheduling ...
INFO: [SCHED 204-11] Finished scheduling.
INFO: [HLS 200-111]  Elapsed time: 1.08 seconds; current allocated memory: 668.467 MB.
INFO: [BIND 205-100] Starting micro-architecture generation ...
INFO: [BIND 205-101] Performing variable lifetime analysis.
INFO: [BIND 205-101] Exploring resource sharing.
INFO: [BIND 205-101] Binding ...
INFO: [BIND 205-100] Finished micro-architecture generation.
INFO: [HLS 200-111]  Elapsed time: 0.3 seconds; current allocated memory: 668.942 MB.
INFO: [HLS 200-10] ----------------------------------------------------------------
INFO: [HLS 200-42] -- Implementing module 'quantize_activation' 
INFO: [HLS 200-10] ----------------------------------------------------------------
INFO: [SCHED 204-11] Starting scheduling ...
INFO: [SCHED 204-11] Finished scheduling.
INFO: [HLS 200-111]  Elapsed time: 0.58 seconds; current allocated memory: 669.629 MB.
INFO: [BIND 205-100] Starting micro-architecture generation ...
INFO: [BIND 205-101] Performing variable lifetime analysis.
INFO: [BIND 205-101] Exploring resource sharing.
INFO: [BIND 205-101] Binding ...
INFO: [BIND 205-100] Finished micro-architecture generation.
INFO: [HLS 200-111]  Elapsed time: 0.16 seconds; current allocated memory: 669.994 MB.
INFO: [HLS 200-10] ----------------------------------------------------------------
INFO: [HLS 200-42] -- Implementing module 'init_2d_mem' 
INFO: [HLS 200-10] ----------------------------------------------------------------
INFO: [SCHED 204-11] Starting scheduling ...
INFO: [SCHED 204-11] Finished scheduling.
INFO: [HLS 200-111]  Elapsed time: 0.18 seconds; current allocated memory: 670.108 MB.
INFO: [BIND 205-100] Starting micro-architecture generation ...
INFO: [BIND 205-101] Performing variable lifetime analysis.
INFO: [BIND 205-101] Exploring resource sharing.
INFO: [BIND 205-101] Binding ...
INFO: [BIND 205-100] Finished micro-architecture generation.
INFO: [HLS 200-111]  Elapsed time: 0.07 seconds; current allocated memory: 670.174 MB.
INFO: [HLS 200-10] ----------------------------------------------------------------
INFO: [HLS 200-42] -- Implementing module 'linear_forward_no_mu' 
INFO: [HLS 200-10] ----------------------------------------------------------------
INFO: [SCHED 204-11] Starting scheduling ...
INFO: [SCHED 204-11] Finished scheduling.
INFO: [HLS 200-111]  Elapsed time: 0.09 seconds; current allocated memory: 670.524 MB.
INFO: [BIND 205-100] Starting micro-architecture generation ...
INFO: [BIND 205-101] Performing variable lifetime analysis.
INFO: [BIND 205-101] Exploring resource sharing.
INFO: [BIND 205-101] Binding ...
INFO: [BIND 205-100] Finished micro-architecture generation.
INFO: [HLS 200-111]  Elapsed time: 0.22 seconds; current allocated memory: 670.957 MB.
INFO: [HLS 200-10] ----------------------------------------------------------------
INFO: [HLS 200-42] -- Implementing module 'reshape_2D_to_3D' 
INFO: [HLS 200-10] ----------------------------------------------------------------
INFO: [SCHED 204-11] Starting scheduling ...
INFO: [SCHED 204-11] Finished scheduling.
INFO: [HLS 200-111]  Elapsed time: 0.25 seconds; current allocated memory: 671.149 MB.
INFO: [BIND 205-100] Starting micro-architecture generation ...
INFO: [BIND 205-101] Performing variable lifetime analysis.
INFO: [BIND 205-101] Exploring resource sharing.
INFO: [BIND 205-101] Binding ...
INFO: [BIND 205-100] Finished micro-architecture generation.
INFO: [HLS 200-111]  Elapsed time: 0.09 seconds; current allocated memory: 671.299 MB.
INFO: [HLS 200-10] ----------------------------------------------------------------
INFO: [HLS 200-42] -- Implementing module 'apply_rotary_pos_emb' 
INFO: [HLS 200-10] ----------------------------------------------------------------
INFO: [SCHED 204-11] Starting scheduling ...
INFO: [SCHED 204-11] Finished scheduling.
INFO: [HLS 200-111]  Elapsed time: 0.14 seconds; current allocated memory: 671.641 MB.
INFO: [BIND 205-100] Starting micro-architecture generation ...
INFO: [BIND 205-101] Performing variable lifetime analysis.
INFO: [BIND 205-101] Exploring resource sharing.
INFO: [BIND 205-101] Binding ...
INFO: [BIND 205-100] Finished micro-architecture generation.
INFO: [HLS 200-111]  Elapsed time: 0.19 seconds; current allocated memory: 672.034 MB.
INFO: [HLS 200-10] ----------------------------------------------------------------
INFO: [HLS 200-42] -- Implementing module 'cache_update' 
INFO: [HLS 200-10] ----------------------------------------------------------------
INFO: [SCHED 204-11] Starting scheduling ...
INFO: [SCHED 204-11] Finished scheduling.
INFO: [HLS 200-111]  Elapsed time: 0.22 seconds; current allocated memory: 672.232 MB.
INFO: [BIND 205-100] Starting micro-architecture generation ...
INFO: [BIND 205-101] Performing variable lifetime analysis.
INFO: [BIND 205-101] Exploring resource sharing.
INFO: [BIND 205-101] Binding ...
INFO: [BIND 205-100] Finished micro-architecture generation.
INFO: [HLS 200-111]  Elapsed time: 0.13 seconds; current allocated memory: 672.494 MB.
INFO: [HLS 200-10] ----------------------------------------------------------------
INFO: [HLS 200-42] -- Implementing module 'cache_update_1' 
INFO: [HLS 200-10] ----------------------------------------------------------------
INFO: [SCHED 204-11] Starting scheduling ...
INFO: [SCHED 204-11] Finished scheduling.
INFO: [HLS 200-111]  Elapsed time: 0.16 seconds; current allocated memory: 672.726 MB.
INFO: [BIND 205-100] Starting micro-architecture generation ...
INFO: [BIND 205-101] Performing variable lifetime analysis.
INFO: [BIND 205-101] Exploring resource sharing.
INFO: [BIND 205-101] Binding ...
INFO: [BIND 205-100] Finished micro-architecture generation.
INFO: [HLS 200-111]  Elapsed time: 0.13 seconds; current allocated memory: 672.984 MB.
INFO: [HLS 200-10] ----------------------------------------------------------------
INFO: [HLS 200-42] -- Implementing module 'transpose_last_two_d' 
INFO: [HLS 200-10] ----------------------------------------------------------------
INFO: [SCHED 204-11] Starting scheduling ...
INFO: [SCHED 204-11] Finished scheduling.
INFO: [HLS 200-111]  Elapsed time: 0.16 seconds; current allocated memory: 673.147 MB.
INFO: [BIND 205-100] Starting micro-architecture generation ...
INFO: [BIND 205-101] Performing variable lifetime analysis.
INFO: [BIND 205-101] Exploring resource sharing.
INFO: [BIND 205-101] Binding ...
INFO: [BIND 205-100] Finished micro-architecture generation.
INFO: [HLS 200-111]  Elapsed time: 0.12 seconds; current allocated memory: 673.366 MB.
INFO: [HLS 200-10] ----------------------------------------------------------------
INFO: [HLS 200-42] -- Implementing module 'GEMM_3D_float_1' 
INFO: [HLS 200-10] ----------------------------------------------------------------
INFO: [SCHED 204-11] Starting scheduling ...
INFO: [SCHED 204-11] Finished scheduling.
INFO: [HLS 200-111]  Elapsed time: 0.16 seconds; current allocated memory: 673.592 MB.
INFO: [BIND 205-100] Starting micro-architecture generation ...
INFO: [BIND 205-101] Performing variable lifetime analysis.
INFO: [BIND 205-101] Exploring resource sharing.
INFO: [BIND 205-101] Binding ...
INFO: [BIND 205-100] Finished micro-architecture generation.
INFO: [HLS 200-111]  Elapsed time: 0.12 seconds; current allocated memory: 673.842 MB.
INFO: [HLS 200-10] ----------------------------------------------------------------
INFO: [HLS 200-42] -- Implementing module 'exp_40_24_s' 
INFO: [HLS 200-10] ----------------------------------------------------------------
INFO: [SCHED 204-11] Starting scheduling ...
INFO: [SCHED 204-61] Pipelining function 'exp<40, 24>'.
INFO: [SCHED 204-61] Pipelining result : Target II = 1, Final II = 1, Depth = 8.
INFO: [SCHED 204-11] Finished scheduling.
INFO: [HLS 200-111]  Elapsed time: 0.21 seconds; current allocated memory: 674.226 MB.
INFO: [BIND 205-100] Starting micro-architecture generation ...
INFO: [BIND 205-101] Performing variable lifetime analysis.
INFO: [BIND 205-101] Exploring resource sharing.
INFO: [BIND 205-101] Binding ...
INFO: [BIND 205-100] Finished micro-architecture generation.
INFO: [HLS 200-111]  Elapsed time: 0.19 seconds; current allocated memory: 674.677 MB.
INFO: [HLS 200-10] ----------------------------------------------------------------
INFO: [HLS 200-42] -- Implementing module 'softmax_1_2_6_s' 
INFO: [HLS 200-10] ----------------------------------------------------------------
INFO: [SCHED 204-11] Starting scheduling ...
INFO: [SCHED 204-11] Finished scheduling.
INFO: [HLS 200-111]  Elapsed time: 0.23 seconds; current allocated memory: 675.054 MB.
INFO: [BIND 205-100] Starting micro-architecture generation ...
INFO: [BIND 205-101] Performing variable lifetime analysis.
INFO: [BIND 205-101] Exploring resource sharing.
INFO: [BIND 205-101] Binding ...
INFO: [BIND 205-100] Finished micro-architecture generation.
INFO: [HLS 200-111]  Elapsed time: 0.23 seconds; current allocated memory: 675.511 MB.
INFO: [HLS 200-10] ----------------------------------------------------------------
INFO: [HLS 200-42] -- Implementing module 'GEMM_3D_float' 
INFO: [HLS 200-10] ----------------------------------------------------------------
INFO: [SCHED 204-11] Starting scheduling ...
INFO: [SCHED 204-11] Finished scheduling.
INFO: [HLS 200-111]  Elapsed time: 0.28 seconds; current allocated memory: 675.827 MB.
INFO: [BIND 205-100] Starting micro-architecture generation ...
INFO: [BIND 205-101] Performing variable lifetime analysis.
INFO: [BIND 205-101] Exploring resource sharing.
INFO: [BIND 205-101] Binding ...
INFO: [BIND 205-100] Finished micro-architecture generation.
INFO: [HLS 200-111]  Elapsed time: 0.13 seconds; current allocated memory: 676.075 MB.
INFO: [HLS 200-10] ----------------------------------------------------------------
INFO: [HLS 200-42] -- Implementing module 'attention' 
INFO: [HLS 200-10] ----------------------------------------------------------------
INFO: [SCHED 204-11] Starting scheduling ...
INFO: [SCHED 204-11] Finished scheduling.
INFO: [HLS 200-111]  Elapsed time: 0.22 seconds; current allocated memory: 676.496 MB.
INFO: [BIND 205-100] Starting micro-architecture generation ...
INFO: [BIND 205-101] Performing variable lifetime analysis.
INFO: [BIND 205-101] Exploring resource sharing.
INFO: [BIND 205-101] Binding ...
INFO: [BIND 205-100] Finished micro-architecture generation.
INFO: [HLS 200-111]  Elapsed time: 1.85 seconds; current allocated memory: 678.706 MB.
INFO: [HLS 200-10] ----------------------------------------------------------------
INFO: [HLS 200-42] -- Implementing module 'dut' 
INFO: [HLS 200-10] ----------------------------------------------------------------
INFO: [SCHED 204-11] Starting scheduling ...
INFO: [SCHED 204-11] Finished scheduling.
INFO: [HLS 200-111]  Elapsed time: 0.86 seconds; current allocated memory: 679.538 MB.
INFO: [BIND 205-100] Starting micro-architecture generation ...
INFO: [BIND 205-101] Performing variable lifetime analysis.
INFO: [BIND 205-101] Exploring resource sharing.
INFO: [BIND 205-101] Binding ...
INFO: [BIND 205-100] Finished micro-architecture generation.
INFO: [HLS 200-111]  Elapsed time: 0.34 seconds; current allocated memory: 679.911 MB.
INFO: [HLS 200-10] ----------------------------------------------------------------
INFO: [HLS 200-10] -- Generating RTL for module 'sqrt_fixed_42_26_s' 
INFO: [HLS 200-10] ----------------------------------------------------------------
INFO: [RTGEN 206-100] Finished creating RTL model for 'sqrt_fixed_42_26_s'.
INFO: [HLS 200-111]  Elapsed time: 0.85 seconds; current allocated memory: 684.880 MB.
INFO: [HLS 200-10] ----------------------------------------------------------------
INFO: [HLS 200-10] -- Generating RTL for module 'rms_norm_24_s' 
INFO: [HLS 200-10] ----------------------------------------------------------------
INFO: [SYN 201-210] Renamed object name 'dut_mul_40s_42ns_81_2_1' to 'dut_mul_40s_42ns_bkb' due to the length limit 20
INFO: [SYN 201-210] Renamed object name 'dut_udiv_33s_29ns_33_37_seq_1' to 'dut_udiv_33s_29nscud' due to the length limit 20
INFO: [SYN 201-210] Renamed object name 'dut_mul_72s_40s_72_5_1' to 'dut_mul_72s_40s_7dEe' due to the length limit 20
INFO: [RTGEN 206-100] Generating core module 'dut_mul_40s_42ns_bkb': 1 instance(s).
INFO: [RTGEN 206-100] Generating core module 'dut_mul_72s_40s_7dEe': 1 instance(s).
INFO: [RTGEN 206-100] Generating core module 'dut_udiv_33s_29nscud': 1 instance(s).
INFO: [RTGEN 206-100] Finished creating RTL model for 'rms_norm_24_s'.
INFO: [HLS 200-111]  Elapsed time: 2.04 seconds; current allocated memory: 695.895 MB.
INFO: [HLS 200-10] ----------------------------------------------------------------
INFO: [HLS 200-10] -- Generating RTL for module 'quantize_activation' 
INFO: [HLS 200-10] ----------------------------------------------------------------
INFO: [SYN 201-210] Renamed object name 'dut_udiv_40ns_40ns_40_44_seq_1' to 'dut_udiv_40ns_40neOg' due to the length limit 20
INFO: [RTGEN 206-100] Generating core module 'dut_udiv_40ns_40neOg': 1 instance(s).
INFO: [RTGEN 206-100] Finished creating RTL model for 'quantize_activation'.
INFO: [HLS 200-111]  Elapsed time: 0.79 seconds; current allocated memory: 698.068 MB.
INFO: [HLS 200-10] ----------------------------------------------------------------
INFO: [HLS 200-10] -- Generating RTL for module 'init_2d_mem' 
INFO: [HLS 200-10] ----------------------------------------------------------------
INFO: [RTGEN 206-100] Finished creating RTL model for 'init_2d_mem'.
INFO: [HLS 200-111]  Elapsed time: 0.44 seconds; current allocated memory: 699.353 MB.
INFO: [HLS 200-10] ----------------------------------------------------------------
INFO: [HLS 200-10] -- Generating RTL for module 'linear_forward_no_mu' 
INFO: [HLS 200-10] ----------------------------------------------------------------
INFO: [SYN 201-210] Renamed object name 'dut_sdiv_72ns_61s_40_76_seq_1' to 'dut_sdiv_72ns_61sfYi' due to the length limit 20
INFO: [RTGEN 206-100] Generating core module 'dut_sdiv_72ns_61sfYi': 1 instance(s).
INFO: [RTGEN 206-100] Finished creating RTL model for 'linear_forward_no_mu'.
INFO: [HLS 200-111]  Elapsed time: 0.37 seconds; current allocated memory: 700.600 MB.
INFO: [HLS 200-10] ----------------------------------------------------------------
INFO: [HLS 200-10] -- Generating RTL for module 'reshape_2D_to_3D' 
INFO: [HLS 200-10] ----------------------------------------------------------------
INFO: [RTGEN 206-100] Finished creating RTL model for 'reshape_2D_to_3D'.
INFO: [HLS 200-111]  Elapsed time: 0.52 seconds; current allocated memory: 702.229 MB.
INFO: [HLS 200-10] ----------------------------------------------------------------
INFO: [HLS 200-10] -- Generating RTL for module 'apply_rotary_pos_emb' 
INFO: [HLS 200-10] ----------------------------------------------------------------
INFO: [SYN 201-210] Renamed object name 'apply_rotary_pos_emb_cos_tab_V_5' to 'apply_rotary_pos_g8j' due to the length limit 20
INFO: [SYN 201-210] Renamed object name 'apply_rotary_pos_emb_sin_tab_V_5' to 'apply_rotary_pos_hbi' due to the length limit 20
INFO: [SYN 201-210] Renamed object name 'apply_rotary_pos_emb_rotated_q_0_V' to 'apply_rotary_pos_ibs' due to the length limit 20
INFO: [SYN 201-210] Renamed object name 'apply_rotary_pos_emb_rotated_k_0_V' to 'apply_rotary_pos_jbC' due to the length limit 20
INFO: [RTGEN 206-100] Finished creating RTL model for 'apply_rotary_pos_emb'.
INFO: [HLS 200-111]  Elapsed time: 0.41 seconds; current allocated memory: 703.436 MB.
INFO: [HLS 200-10] ----------------------------------------------------------------
INFO: [HLS 200-10] -- Generating RTL for module 'cache_update' 
INFO: [HLS 200-10] ----------------------------------------------------------------
INFO: [SYN 201-210] Renamed object name 'cache_update_k_cache_V' to 'cache_update_k_cakbM' due to the length limit 20
INFO: [RTGEN 206-100] Finished creating RTL model for 'cache_update'.
INFO: [HLS 200-111]  Elapsed time: 0.59 seconds; current allocated memory: 705.443 MB.
INFO: [HLS 200-10] ----------------------------------------------------------------
INFO: [HLS 200-10] -- Generating RTL for module 'cache_update_1' 
INFO: [HLS 200-10] ----------------------------------------------------------------
INFO: [SYN 201-210] Renamed object name 'cache_update_1_v_cache_V' to 'cache_update_1_v_lbW' due to the length limit 20
INFO: [RTGEN 206-100] Finished creating RTL model for 'cache_update_1'.
INFO: [HLS 200-111]  Elapsed time: 0.48 seconds; current allocated memory: 706.967 MB.
INFO: [HLS 200-10] ----------------------------------------------------------------
INFO: [HLS 200-10] -- Generating RTL for module 'transpose_last_two_d' 
INFO: [HLS 200-10] ----------------------------------------------------------------
INFO: [RTGEN 206-100] Finished creating RTL model for 'transpose_last_two_d'.
INFO: [HLS 200-111]  Elapsed time: 0.46 seconds; current allocated memory: 708.371 MB.
INFO: [HLS 200-10] ----------------------------------------------------------------
INFO: [HLS 200-10] -- Generating RTL for module 'GEMM_3D_float_1' 
INFO: [HLS 200-10] ----------------------------------------------------------------
INFO: [RTGEN 206-100] Finished creating RTL model for 'GEMM_3D_float_1'.
INFO: [HLS 200-111]  Elapsed time: 0.42 seconds; current allocated memory: 709.612 MB.
INFO: [HLS 200-10] ----------------------------------------------------------------
INFO: [HLS 200-10] -- Generating RTL for module 'exp_40_24_s' 
INFO: [HLS 200-10] ----------------------------------------------------------------
INFO: [SYN 201-210] Renamed object name 'exp_40_24_s_f_x_msb_3_table_V' to 'exp_40_24_s_f_x_mmb6' due to the length limit 20
INFO: [SYN 201-210] Renamed object name 'exp_40_24_s_f_x_msb_2_table_V' to 'exp_40_24_s_f_x_mncg' due to the length limit 20
INFO: [SYN 201-210] Renamed object name 'exp_40_24_s_exp_x_msb_1_table_V' to 'exp_40_24_s_exp_xocq' due to the length limit 20
INFO: [SYN 201-210] Renamed object name 'dut_mul_50ns_47ns_97_2_1' to 'dut_mul_50ns_47nspcA' due to the length limit 20
INFO: [SYN 201-210] Renamed object name 'dut_mul_50ns_50ns_100_2_1' to 'dut_mul_50ns_50nsqcK' due to the length limit 20
INFO: [RTGEN 206-100] Generating core module 'dut_mul_50ns_47nspcA': 1 instance(s).
INFO: [RTGEN 206-100] Generating core module 'dut_mul_50ns_50nsqcK': 1 instance(s).
INFO: [RTGEN 206-100] Finished creating RTL model for 'exp_40_24_s'.
INFO: [HLS 200-111]  Elapsed time: 0.6 seconds; current allocated memory: 711.554 MB.
INFO: [HLS 200-10] ----------------------------------------------------------------
INFO: [HLS 200-10] -- Generating RTL for module 'softmax_1_2_6_s' 
INFO: [HLS 200-10] ----------------------------------------------------------------
INFO: [SYN 201-210] Renamed object name 'dut_sdiv_56ns_40s_40_60_seq_1' to 'dut_sdiv_56ns_40srcU' due to the length limit 20
INFO: [RTGEN 206-100] Generating core module 'dut_sdiv_56ns_40srcU': 1 instance(s).
INFO: [RTGEN 206-100] Finished creating RTL model for 'softmax_1_2_6_s'.
INFO: [HLS 200-111]  Elapsed time: 0.7 seconds; current allocated memory: 714.376 MB.
INFO: [HLS 200-10] ----------------------------------------------------------------
INFO: [HLS 200-10] -- Generating RTL for module 'GEMM_3D_float' 
INFO: [HLS 200-10] ----------------------------------------------------------------
INFO: [RTGEN 206-100] Finished creating RTL model for 'GEMM_3D_float'.
INFO: [HLS 200-111]  Elapsed time: 0.66 seconds; current allocated memory: 716.100 MB.
INFO: [HLS 200-10] ----------------------------------------------------------------
INFO: [HLS 200-10] -- Generating RTL for module 'attention' 
INFO: [HLS 200-10] ----------------------------------------------------------------
INFO: [SYN 201-210] Renamed object name 'attention_ln_weight_in_V' to 'attention_ln_weigsc4' due to the length limit 20
INFO: [SYN 201-210] Renamed object name 'attention_ln_weight_V' to 'attention_ln_weigtde' due to the length limit 20
INFO: [SYN 201-210] Renamed object name 'attention_quantized_hidden_sta' to 'attention_quantizudo' due to the length limit 20
INFO: [SYN 201-210] Renamed object name 'attention_q_proj_re_0_V' to 'attention_q_proj_vdy' due to the length limit 20
INFO: [SYN 201-210] Renamed object name 'attention_k_proj_re_0_V' to 'attention_k_proj_wdI' due to the length limit 20
INFO: [SYN 201-210] Renamed object name 'attention_v_proj_re_0_V' to 'attention_v_proj_xdS' due to the length limit 20
INFO: [SYN 201-210] Renamed object name 'attention_q_proj_0_V' to 'attention_q_proj_yd2' due to the length limit 20
